Loaded model from models/724f7c53fb6549f094e118422788442c.pt
MODEL:	 cc
ABSTRACT_PEN:	 1.0
BATCH_SIZE:	 80
TAU_NOISE:	 0.01
Starting run:
9464e4dff18b42749d489997a1187430
params: {'n': 5000, 'traj_updates': 10000000.0, 'num_saves': 4, 'num_tests': 20, 'num_test': 200, 'lr': 0.0008, 'batch_size': 80, 'b': 10, 'model_load_path': 'models/724f7c53fb6549f094e118422788442c.pt', 'cc_pen': 1.0, 'abstract_pen': 1.0, 'model': 'cc', 'seed': 1, 'tau_noise': 0.01, 'neptune': False, 'no_log': False, 'eval': False, 'abstract_dim': 32, 'ellis': True, 'freeze': 0.0, 'device': 'NVIDIA GeForce RTX 3090', 'epochs': 2000, 'test_every': 100, 'save_every': 500, 'id': '9464e4dff18b42749d489997a1187430'}
train
Net has 206996 parameters
freezing microcontroller
Solved 113/200 episodes, CC loss avg = 0.02560465207320408
Epoch 0	 test acc 0.565
freezing microcontroller
freezing microcontroller
freezing microcontroller
freezing microcontroller
freezing microcontroller
freezing microcontroller
freezing microcontroller
freezing microcontroller
freezing microcontroller
freezing microcontroller
freezing microcontroller
freezing microcontroller
freezing microcontroller
freezing microcontroller
freezing microcontroller
freezing microcontroller
freezing microcontroller
freezing microcontroller
freezing microcontroller
freezing microcontroller
freezing microcontroller
freezing microcontroller
freezing microcontroller
freezing microcontroller
freezing microcontroller
freezing microcontroller
freezing microcontroller
freezing microcontroller
freezing microcontroller
freezing microcontroller
freezing microcontroller
freezing microcontroller
freezing microcontroller
freezing microcontroller
freezing microcontroller
freezing microcontroller
freezing microcontroller
freezing microcontroller
freezing microcontroller
freezing microcontroller
freezing microcontroller
freezing microcontroller
freezing microcontroller
freezing microcontroller
freezing microcontroller
freezing microcontroller
freezing microcontroller
freezing microcontroller
freezing microcontroller
freezing microcontroller
freezing microcontroller
freezing microcontroller
freezing microcontroller
freezing microcontroller
freezing microcontroller
freezing microcontroller
freezing microcontroller
freezing microcontroller
freezing microcontroller
freezing microcontroller
freezing microcontroller
freezing microcontroller
freezing microcontroller
freezing microcontroller
freezing microcontroller
freezing microcontroller
freezing microcontroller
freezing microcontroller
freezing microcontroller
freezing microcontroller
freezing microcontroller
freezing microcontroller
freezing microcontroller
freezing microcontroller
freezing microcontroller
freezing microcontroller
freezing microcontroller
freezing microcontroller
freezing microcontroller
freezing microcontroller
freezing microcontroller
freezing microcontroller
freezing microcontroller
freezing microcontroller
freezing microcontroller
freezing microcontroller
freezing microcontroller
freezing microcontroller
freezing microcontroller
freezing microcontroller
freezing microcontroller
freezing microcontroller
freezing microcontroller
freezing microcontroller
freezing microcontroller
freezing microcontroller
freezing microcontroller
freezing microcontroller
freezing microcontroller
freezing microcontroller
reloading data
Solved 127/200 episodes, CC loss avg = 0.025078431886556507
Epoch 100	 test acc 0.635
freezing microcontroller
freezing microcontroller
freezing microcontroller
freezing microcontroller
freezing microcontroller
freezing microcontroller
freezing microcontroller
freezing microcontroller
freezing microcontroller
freezing microcontroller
freezing microcontroller
freezing microcontroller
freezing microcontroller
freezing microcontroller
freezing microcontroller
freezing microcontroller
freezing microcontroller
freezing microcontroller
freezing microcontroller
freezing microcontroller
freezing microcontroller
freezing microcontroller
freezing microcontroller
freezing microcontroller
freezing microcontroller
freezing microcontroller
freezing microcontroller
freezing microcontroller
freezing microcontroller
freezing microcontroller
freezing microcontroller
freezing microcontroller
freezing microcontroller
freezing microcontroller
freezing microcontroller
freezing microcontroller
freezing microcontroller
freezing microcontroller
freezing microcontroller
freezing microcontroller
freezing microcontroller
freezing microcontroller
freezing microcontroller
freezing microcontroller
freezing microcontroller
freezing microcontroller
freezing microcontroller
freezing microcontroller
freezing microcontroller
freezing microcontroller
freezing microcontroller
freezing microcontroller
freezing microcontroller
freezing microcontroller
freezing microcontroller
freezing microcontroller
freezing microcontroller
freezing microcontroller
freezing microcontroller
freezing microcontroller
freezing microcontroller
freezing microcontroller
freezing microcontroller
freezing microcontroller
freezing microcontroller
freezing microcontroller
freezing microcontroller
freezing microcontroller
freezing microcontroller
freezing microcontroller
freezing microcontroller
freezing microcontroller
freezing microcontroller
freezing microcontroller
freezing microcontroller
freezing microcontroller
freezing microcontroller
freezing microcontroller
freezing microcontroller
freezing microcontroller
freezing microcontroller
freezing microcontroller
freezing microcontroller
freezing microcontroller
freezing microcontroller
freezing microcontroller
freezing microcontroller
freezing microcontroller
freezing microcontroller
freezing microcontroller
freezing microcontroller
freezing microcontroller
freezing microcontroller
freezing microcontroller
freezing microcontroller
freezing microcontroller
freezing microcontroller
freezing microcontroller
freezing microcontroller
freezing microcontroller
reloading data
Solved 141/200 episodes, CC loss avg = 0.026356660033206723
Epoch 200	 test acc 0.705
freezing microcontroller
freezing microcontroller
freezing microcontroller
freezing microcontroller
freezing microcontroller
freezing microcontroller
freezing microcontroller
freezing microcontroller
freezing microcontroller
freezing microcontroller
freezing microcontroller
freezing microcontroller
freezing microcontroller
freezing microcontroller
freezing microcontroller
freezing microcontroller
freezing microcontroller
freezing microcontroller
freezing microcontroller
freezing microcontroller
freezing microcontroller
freezing microcontroller
freezing microcontroller
freezing microcontroller
freezing microcontroller
freezing microcontroller
freezing microcontroller
freezing microcontroller
freezing microcontroller
freezing microcontroller
freezing microcontroller
freezing microcontroller
freezing microcontroller
freezing microcontroller
freezing microcontroller
freezing microcontroller
freezing microcontroller
freezing microcontroller
freezing microcontroller
freezing microcontroller
freezing microcontroller
freezing microcontroller
freezing microcontroller
freezing microcontroller
freezing microcontroller
freezing microcontroller
freezing microcontroller
freezing microcontroller
freezing microcontroller
freezing microcontroller
freezing microcontroller
freezing microcontroller
freezing microcontroller
freezing microcontroller
freezing microcontroller
freezing microcontroller
freezing microcontroller
freezing microcontroller
freezing microcontroller
freezing microcontroller
freezing microcontroller
freezing microcontroller
freezing microcontroller
freezing microcontroller
freezing microcontroller
freezing microcontroller
freezing microcontroller
freezing microcontroller
freezing microcontroller
freezing microcontroller
freezing microcontroller
freezing microcontroller
freezing microcontroller
freezing microcontroller
freezing microcontroller
freezing microcontroller
freezing microcontroller
freezing microcontroller
freezing microcontroller
freezing microcontroller
freezing microcontroller
freezing microcontroller
freezing microcontroller
freezing microcontroller
freezing microcontroller
freezing microcontroller
freezing microcontroller
freezing microcontroller
freezing microcontroller
freezing microcontroller
freezing microcontroller
freezing microcontroller
freezing microcontroller
freezing microcontroller
freezing microcontroller
freezing microcontroller
freezing microcontroller
freezing microcontroller
freezing microcontroller
freezing microcontroller
reloading data
Solved 114/200 episodes, CC loss avg = 0.027064988962790828
Epoch 300	 test acc 0.57
freezing microcontroller
freezing microcontroller
freezing microcontroller
freezing microcontroller
freezing microcontroller
freezing microcontroller
freezing microcontroller
freezing microcontroller
freezing microcontroller
freezing microcontroller
freezing microcontroller
freezing microcontroller
freezing microcontroller
freezing microcontroller
freezing microcontroller
freezing microcontroller
freezing microcontroller
freezing microcontroller
freezing microcontroller
freezing microcontroller
freezing microcontroller
freezing microcontroller
freezing microcontroller
freezing microcontroller
freezing microcontroller
freezing microcontroller
freezing microcontroller
freezing microcontroller
freezing microcontroller
freezing microcontroller
freezing microcontroller
freezing microcontroller
freezing microcontroller
freezing microcontroller
freezing microcontroller
freezing microcontroller
freezing microcontroller
freezing microcontroller
freezing microcontroller
freezing microcontroller
freezing microcontroller
freezing microcontroller
freezing microcontroller
freezing microcontroller
freezing microcontroller
freezing microcontroller
freezing microcontroller
freezing microcontroller
freezing microcontroller
freezing microcontroller
freezing microcontroller
freezing microcontroller
freezing microcontroller
freezing microcontroller
freezing microcontroller
freezing microcontroller
freezing microcontroller
freezing microcontroller
freezing microcontroller
freezing microcontroller
freezing microcontroller
freezing microcontroller
freezing microcontroller
freezing microcontroller
freezing microcontroller
freezing microcontroller
freezing microcontroller
freezing microcontroller
freezing microcontroller
freezing microcontroller
freezing microcontroller
freezing microcontroller
freezing microcontroller
freezing microcontroller
freezing microcontroller
freezing microcontroller
freezing microcontroller
freezing microcontroller
freezing microcontroller
freezing microcontroller
freezing microcontroller
freezing microcontroller
freezing microcontroller
freezing microcontroller
freezing microcontroller
freezing microcontroller
freezing microcontroller
freezing microcontroller
freezing microcontroller
freezing microcontroller
freezing microcontroller
freezing microcontroller
freezing microcontroller
freezing microcontroller
freezing microcontroller
freezing microcontroller
freezing microcontroller
freezing microcontroller
freezing microcontroller
freezing microcontroller
reloading data
Solved 120/200 episodes, CC loss avg = 0.03041453502359071
Epoch 400	 test acc 0.6
freezing microcontroller
freezing microcontroller
freezing microcontroller
freezing microcontroller
freezing microcontroller
freezing microcontroller
freezing microcontroller
freezing microcontroller
freezing microcontroller
freezing microcontroller
freezing microcontroller
freezing microcontroller
freezing microcontroller
freezing microcontroller
freezing microcontroller
freezing microcontroller
freezing microcontroller
freezing microcontroller
freezing microcontroller
freezing microcontroller
freezing microcontroller
freezing microcontroller
freezing microcontroller
freezing microcontroller
freezing microcontroller
freezing microcontroller
freezing microcontroller
freezing microcontroller
freezing microcontroller
freezing microcontroller
freezing microcontroller
freezing microcontroller
freezing microcontroller
freezing microcontroller
freezing microcontroller
freezing microcontroller
freezing microcontroller
freezing microcontroller
freezing microcontroller
freezing microcontroller
freezing microcontroller
freezing microcontroller
freezing microcontroller
freezing microcontroller
freezing microcontroller
freezing microcontroller
freezing microcontroller
freezing microcontroller
freezing microcontroller
freezing microcontroller
freezing microcontroller
freezing microcontroller
freezing microcontroller
freezing microcontroller
freezing microcontroller
freezing microcontroller
freezing microcontroller
freezing microcontroller
freezing microcontroller
freezing microcontroller
freezing microcontroller
freezing microcontroller
freezing microcontroller
freezing microcontroller
freezing microcontroller
freezing microcontroller
freezing microcontroller
freezing microcontroller
freezing microcontroller
freezing microcontroller
freezing microcontroller
freezing microcontroller
freezing microcontroller
freezing microcontroller
freezing microcontroller
freezing microcontroller
freezing microcontroller
freezing microcontroller
freezing microcontroller
freezing microcontroller
freezing microcontroller
freezing microcontroller
freezing microcontroller
freezing microcontroller
freezing microcontroller
freezing microcontroller
freezing microcontroller
freezing microcontroller
freezing microcontroller
freezing microcontroller
freezing microcontroller
freezing microcontroller
freezing microcontroller
freezing microcontroller
freezing microcontroller
freezing microcontroller
freezing microcontroller
freezing microcontroller
freezing microcontroller
freezing microcontroller
reloading data
Solved 112/200 episodes, CC loss avg = 0.030481351754518556
Epoch 500	 test acc 0.56
Saved model at models/9464e4dff18b42749d489997a1187430-epoch-500.pt
freezing microcontroller
freezing microcontroller
freezing microcontroller
freezing microcontroller
freezing microcontroller
freezing microcontroller
freezing microcontroller
freezing microcontroller
freezing microcontroller
freezing microcontroller
freezing microcontroller
freezing microcontroller
freezing microcontroller
freezing microcontroller
freezing microcontroller
freezing microcontroller
freezing microcontroller
freezing microcontroller
freezing microcontroller
freezing microcontroller
freezing microcontroller
freezing microcontroller
freezing microcontroller
freezing microcontroller
freezing microcontroller
freezing microcontroller
freezing microcontroller
freezing microcontroller
freezing microcontroller
freezing microcontroller
freezing microcontroller
freezing microcontroller
freezing microcontroller
freezing microcontroller
freezing microcontroller
freezing microcontroller
freezing microcontroller
freezing microcontroller
freezing microcontroller
freezing microcontroller
freezing microcontroller
freezing microcontroller
freezing microcontroller
freezing microcontroller
freezing microcontroller
freezing microcontroller
freezing microcontroller
freezing microcontroller
freezing microcontroller
freezing microcontroller
freezing microcontroller
freezing microcontroller
freezing microcontroller
freezing microcontroller
freezing microcontroller
freezing microcontroller
freezing microcontroller
freezing microcontroller
freezing microcontroller
freezing microcontroller
freezing microcontroller
freezing microcontroller
freezing microcontroller
freezing microcontroller
freezing microcontroller
freezing microcontroller
freezing microcontroller
freezing microcontroller
freezing microcontroller
freezing microcontroller
freezing microcontroller
freezing microcontroller
freezing microcontroller
freezing microcontroller
freezing microcontroller
freezing microcontroller
i=tensor([28], device='cuda:0')
fw: tensor([-395.4561], device='cuda:0', grad_fn=<IndexBackward0>), bw: tensor([-395.4560], device='cuda:0', grad_fn=<IndexBackward0>), hmm_fw: tensor([-395.4561], device='cuda:0', grad_fn=<IndexBackward0>)
a: tensor([3.0518e-05], device='cuda:0', grad_fn=<SubBackward0>), b: tensor([3.0518e-05], device='cuda:0', grad_fn=<SubBackward0>), hmm_fw: tensor([-395.4561], device='cuda:0', grad_fn=<IndexBackward0>)
freezing microcontroller
freezing microcontroller
freezing microcontroller
freezing microcontroller
freezing microcontroller
freezing microcontroller
freezing microcontroller
freezing microcontroller
freezing microcontroller
freezing microcontroller
freezing microcontroller
freezing microcontroller
freezing microcontroller
freezing microcontroller
freezing microcontroller
freezing microcontroller
freezing microcontroller
freezing microcontroller
freezing microcontroller
freezing microcontroller
freezing microcontroller
freezing microcontroller
freezing microcontroller
freezing microcontroller
reloading data
Solved 115/200 episodes, CC loss avg = 0.030508236277715435
Epoch 600	 test acc 0.575
freezing microcontroller
freezing microcontroller
freezing microcontroller
freezing microcontroller
freezing microcontroller
freezing microcontroller
freezing microcontroller
freezing microcontroller
freezing microcontroller
freezing microcontroller
freezing microcontroller
freezing microcontroller
freezing microcontroller
freezing microcontroller
freezing microcontroller
freezing microcontroller
freezing microcontroller
freezing microcontroller
freezing microcontroller
freezing microcontroller
freezing microcontroller
freezing microcontroller
freezing microcontroller
freezing microcontroller
freezing microcontroller
freezing microcontroller
freezing microcontroller
freezing microcontroller
freezing microcontroller
freezing microcontroller
freezing microcontroller
freezing microcontroller
freezing microcontroller
freezing microcontroller
freezing microcontroller
freezing microcontroller
freezing microcontroller
freezing microcontroller
freezing microcontroller
freezing microcontroller
freezing microcontroller
freezing microcontroller
freezing microcontroller
freezing microcontroller
freezing microcontroller
freezing microcontroller
freezing microcontroller
freezing microcontroller
freezing microcontroller
freezing microcontroller
freezing microcontroller
freezing microcontroller
freezing microcontroller
freezing microcontroller
freezing microcontroller
freezing microcontroller
freezing microcontroller
freezing microcontroller
freezing microcontroller
freezing microcontroller
freezing microcontroller
freezing microcontroller
freezing microcontroller
freezing microcontroller
freezing microcontroller
freezing microcontroller
freezing microcontroller
freezing microcontroller
freezing microcontroller
freezing microcontroller
freezing microcontroller
freezing microcontroller
freezing microcontroller
freezing microcontroller
freezing microcontroller
freezing microcontroller
freezing microcontroller
freezing microcontroller
freezing microcontroller
freezing microcontroller
freezing microcontroller
freezing microcontroller
freezing microcontroller
freezing microcontroller
freezing microcontroller
freezing microcontroller
freezing microcontroller
freezing microcontroller
freezing microcontroller
freezing microcontroller
freezing microcontroller
freezing microcontroller
freezing microcontroller
freezing microcontroller
freezing microcontroller
freezing microcontroller
freezing microcontroller
freezing microcontroller
freezing microcontroller
freezing microcontroller
reloading data
Solved 137/200 episodes, CC loss avg = 0.027771945860725233
Epoch 700	 test acc 0.685
freezing microcontroller
freezing microcontroller
freezing microcontroller
freezing microcontroller
freezing microcontroller
freezing microcontroller
freezing microcontroller
freezing microcontroller
freezing microcontroller
freezing microcontroller
freezing microcontroller
freezing microcontroller
freezing microcontroller
freezing microcontroller
freezing microcontroller
freezing microcontroller
freezing microcontroller
freezing microcontroller
freezing microcontroller
freezing microcontroller
freezing microcontroller
freezing microcontroller
freezing microcontroller
freezing microcontroller
freezing microcontroller
freezing microcontroller
freezing microcontroller
freezing microcontroller
freezing microcontroller
freezing microcontroller
freezing microcontroller
freezing microcontroller
freezing microcontroller
freezing microcontroller
freezing microcontroller
freezing microcontroller
freezing microcontroller
freezing microcontroller
freezing microcontroller
freezing microcontroller
freezing microcontroller
freezing microcontroller
freezing microcontroller
freezing microcontroller
freezing microcontroller
freezing microcontroller
freezing microcontroller
freezing microcontroller
freezing microcontroller
freezing microcontroller
freezing microcontroller
freezing microcontroller
freezing microcontroller
freezing microcontroller
freezing microcontroller
freezing microcontroller
freezing microcontroller
freezing microcontroller
freezing microcontroller
freezing microcontroller
freezing microcontroller
freezing microcontroller
freezing microcontroller
freezing microcontroller
freezing microcontroller
freezing microcontroller
freezing microcontroller
freezing microcontroller
freezing microcontroller
freezing microcontroller
freezing microcontroller
freezing microcontroller
freezing microcontroller
freezing microcontroller
freezing microcontroller
freezing microcontroller
freezing microcontroller
freezing microcontroller
freezing microcontroller
freezing microcontroller
freezing microcontroller
freezing microcontroller
freezing microcontroller
freezing microcontroller
freezing microcontroller
freezing microcontroller
freezing microcontroller
freezing microcontroller
freezing microcontroller
freezing microcontroller
freezing microcontroller
freezing microcontroller
freezing microcontroller
freezing microcontroller
freezing microcontroller
freezing microcontroller
freezing microcontroller
freezing microcontroller
freezing microcontroller
freezing microcontroller
reloading data
Solved 118/200 episodes, CC loss avg = 0.02825373463426894
Epoch 800	 test acc 0.59
freezing microcontroller
freezing microcontroller
freezing microcontroller
freezing microcontroller
freezing microcontroller
freezing microcontroller
freezing microcontroller
freezing microcontroller
freezing microcontroller
freezing microcontroller
freezing microcontroller
freezing microcontroller
freezing microcontroller
freezing microcontroller
freezing microcontroller
freezing microcontroller
freezing microcontroller
freezing microcontroller
freezing microcontroller
freezing microcontroller
freezing microcontroller
freezing microcontroller
freezing microcontroller
freezing microcontroller
freezing microcontroller
freezing microcontroller
freezing microcontroller
freezing microcontroller
freezing microcontroller
freezing microcontroller
freezing microcontroller
freezing microcontroller
freezing microcontroller
freezing microcontroller
freezing microcontroller
freezing microcontroller
freezing microcontroller
freezing microcontroller
freezing microcontroller
freezing microcontroller
freezing microcontroller
freezing microcontroller
freezing microcontroller
freezing microcontroller
freezing microcontroller
freezing microcontroller
freezing microcontroller
freezing microcontroller
freezing microcontroller
freezing microcontroller
freezing microcontroller
freezing microcontroller
freezing microcontroller
freezing microcontroller
freezing microcontroller
freezing microcontroller
freezing microcontroller
freezing microcontroller
freezing microcontroller
freezing microcontroller
freezing microcontroller
freezing microcontroller
freezing microcontroller
freezing microcontroller
freezing microcontroller
freezing microcontroller
freezing microcontroller
freezing microcontroller
freezing microcontroller
freezing microcontroller
freezing microcontroller
freezing microcontroller
freezing microcontroller
freezing microcontroller
freezing microcontroller
i=tensor([46], device='cuda:0')
fw: tensor([-308.5846], device='cuda:0', grad_fn=<IndexBackward0>), bw: tensor([-308.5847], device='cuda:0', grad_fn=<IndexBackward0>), hmm_fw: tensor([-308.5847], device='cuda:0', grad_fn=<IndexBackward0>)
a: tensor([-6.1035e-05], device='cuda:0', grad_fn=<SubBackward0>), b: tensor([-6.1035e-05], device='cuda:0', grad_fn=<SubBackward0>), hmm_fw: tensor([-308.5847], device='cuda:0', grad_fn=<IndexBackward0>)
freezing microcontroller
freezing microcontroller
freezing microcontroller
freezing microcontroller
freezing microcontroller
freezing microcontroller
freezing microcontroller
freezing microcontroller
freezing microcontroller
freezing microcontroller
freezing microcontroller
freezing microcontroller
freezing microcontroller
freezing microcontroller
freezing microcontroller
freezing microcontroller
freezing microcontroller
freezing microcontroller
freezing microcontroller
freezing microcontroller
freezing microcontroller
freezing microcontroller
freezing microcontroller
freezing microcontroller
freezing microcontroller
reloading data
Solved 119/200 episodes, CC loss avg = 0.029717119319925992
Epoch 900	 test acc 0.595
freezing microcontroller
freezing microcontroller
freezing microcontroller
freezing microcontroller
freezing microcontroller
freezing microcontroller
freezing microcontroller
freezing microcontroller
freezing microcontroller
freezing microcontroller
freezing microcontroller
freezing microcontroller
freezing microcontroller
freezing microcontroller
freezing microcontroller
freezing microcontroller
freezing microcontroller
freezing microcontroller
freezing microcontroller
freezing microcontroller
freezing microcontroller
freezing microcontroller
freezing microcontroller
freezing microcontroller
freezing microcontroller
freezing microcontroller
freezing microcontroller
freezing microcontroller
freezing microcontroller
freezing microcontroller
freezing microcontroller
freezing microcontroller
freezing microcontroller
freezing microcontroller
freezing microcontroller
freezing microcontroller
freezing microcontroller
freezing microcontroller
freezing microcontroller
freezing microcontroller
freezing microcontroller
freezing microcontroller
freezing microcontroller
freezing microcontroller
freezing microcontroller
freezing microcontroller
freezing microcontroller
freezing microcontroller
freezing microcontroller
freezing microcontroller
freezing microcontroller
freezing microcontroller
freezing microcontroller
freezing microcontroller
freezing microcontroller
freezing microcontroller
freezing microcontroller
freezing microcontroller
freezing microcontroller
freezing microcontroller
freezing microcontroller
freezing microcontroller
freezing microcontroller
freezing microcontroller
freezing microcontroller
freezing microcontroller
freezing microcontroller
freezing microcontroller
freezing microcontroller
freezing microcontroller
freezing microcontroller
freezing microcontroller
freezing microcontroller
freezing microcontroller
freezing microcontroller
freezing microcontroller
freezing microcontroller
freezing microcontroller
freezing microcontroller
freezing microcontroller
freezing microcontroller
freezing microcontroller
freezing microcontroller
freezing microcontroller
freezing microcontroller
freezing microcontroller
freezing microcontroller
freezing microcontroller
freezing microcontroller
freezing microcontroller
freezing microcontroller
freezing microcontroller
freezing microcontroller
freezing microcontroller
freezing microcontroller
freezing microcontroller
freezing microcontroller
freezing microcontroller
freezing microcontroller
freezing microcontroller
reloading data
Solved 133/200 episodes, CC loss avg = 0.02707104955280692
Epoch 1000	 test acc 0.665
Saved model at models/9464e4dff18b42749d489997a1187430-epoch-1000.pt
freezing microcontroller
freezing microcontroller
freezing microcontroller
freezing microcontroller
freezing microcontroller
freezing microcontroller
freezing microcontroller
freezing microcontroller
freezing microcontroller
freezing microcontroller
freezing microcontroller
freezing microcontroller
freezing microcontroller
freezing microcontroller
freezing microcontroller
freezing microcontroller
freezing microcontroller
freezing microcontroller
freezing microcontroller
freezing microcontroller
freezing microcontroller
freezing microcontroller
freezing microcontroller
freezing microcontroller
freezing microcontroller
freezing microcontroller
freezing microcontroller
freezing microcontroller
freezing microcontroller
freezing microcontroller
freezing microcontroller
freezing microcontroller
freezing microcontroller
freezing microcontroller
freezing microcontroller
freezing microcontroller
freezing microcontroller
freezing microcontroller
freezing microcontroller
freezing microcontroller
freezing microcontroller
freezing microcontroller
freezing microcontroller
freezing microcontroller
freezing microcontroller
freezing microcontroller
freezing microcontroller
freezing microcontroller
freezing microcontroller
freezing microcontroller
freezing microcontroller
freezing microcontroller
freezing microcontroller
freezing microcontroller
freezing microcontroller
freezing microcontroller
freezing microcontroller
freezing microcontroller
freezing microcontroller
freezing microcontroller
freezing microcontroller
freezing microcontroller
freezing microcontroller
freezing microcontroller
freezing microcontroller
freezing microcontroller
freezing microcontroller
freezing microcontroller
freezing microcontroller
freezing microcontroller
freezing microcontroller
freezing microcontroller
freezing microcontroller
freezing microcontroller
freezing microcontroller
freezing microcontroller
freezing microcontroller
freezing microcontroller
freezing microcontroller
freezing microcontroller
freezing microcontroller
freezing microcontroller
freezing microcontroller
freezing microcontroller
freezing microcontroller
freezing microcontroller
freezing microcontroller
freezing microcontroller
freezing microcontroller
freezing microcontroller
freezing microcontroller
freezing microcontroller
freezing microcontroller
freezing microcontroller
freezing microcontroller
freezing microcontroller
freezing microcontroller
freezing microcontroller
freezing microcontroller
freezing microcontroller
reloading data
Solved 117/200 episodes, CC loss avg = 0.02832287023063701
Epoch 1100	 test acc 0.585
freezing microcontroller
freezing microcontroller
freezing microcontroller
freezing microcontroller
freezing microcontroller
freezing microcontroller
freezing microcontroller
freezing microcontroller
freezing microcontroller
freezing microcontroller
freezing microcontroller
freezing microcontroller
freezing microcontroller
freezing microcontroller
freezing microcontroller
freezing microcontroller
freezing microcontroller
freezing microcontroller
freezing microcontroller
freezing microcontroller
freezing microcontroller
freezing microcontroller
freezing microcontroller
freezing microcontroller
freezing microcontroller
freezing microcontroller
freezing microcontroller
freezing microcontroller
freezing microcontroller
freezing microcontroller
freezing microcontroller
freezing microcontroller
freezing microcontroller
freezing microcontroller
freezing microcontroller
freezing microcontroller
freezing microcontroller
freezing microcontroller
freezing microcontroller
freezing microcontroller
freezing microcontroller
freezing microcontroller
freezing microcontroller
freezing microcontroller
freezing microcontroller
freezing microcontroller
freezing microcontroller
freezing microcontroller
freezing microcontroller
freezing microcontroller
freezing microcontroller
freezing microcontroller
freezing microcontroller
freezing microcontroller
freezing microcontroller
freezing microcontroller
freezing microcontroller
freezing microcontroller
freezing microcontroller
freezing microcontroller
freezing microcontroller
freezing microcontroller
freezing microcontroller
freezing microcontroller
freezing microcontroller
freezing microcontroller
freezing microcontroller
freezing microcontroller
freezing microcontroller
freezing microcontroller
freezing microcontroller
freezing microcontroller
freezing microcontroller
freezing microcontroller
freezing microcontroller
freezing microcontroller
freezing microcontroller
freezing microcontroller
freezing microcontroller
freezing microcontroller
freezing microcontroller
freezing microcontroller
freezing microcontroller
freezing microcontroller
freezing microcontroller
freezing microcontroller
freezing microcontroller
freezing microcontroller
freezing microcontroller
freezing microcontroller
freezing microcontroller
freezing microcontroller
freezing microcontroller
freezing microcontroller
freezing microcontroller
freezing microcontroller
freezing microcontroller
freezing microcontroller
freezing microcontroller
freezing microcontroller
reloading data
Solved 123/200 episodes, CC loss avg = 0.02765151399363733
Epoch 1200	 test acc 0.615
freezing microcontroller
freezing microcontroller
freezing microcontroller
freezing microcontroller
freezing microcontroller
freezing microcontroller
freezing microcontroller
freezing microcontroller
freezing microcontroller
freezing microcontroller
freezing microcontroller
freezing microcontroller
freezing microcontroller
freezing microcontroller
freezing microcontroller
freezing microcontroller
freezing microcontroller
freezing microcontroller
freezing microcontroller
freezing microcontroller
freezing microcontroller
freezing microcontroller
freezing microcontroller
freezing microcontroller
freezing microcontroller
freezing microcontroller
freezing microcontroller
freezing microcontroller
freezing microcontroller
freezing microcontroller
freezing microcontroller
freezing microcontroller
freezing microcontroller
freezing microcontroller
freezing microcontroller
freezing microcontroller
freezing microcontroller
freezing microcontroller
freezing microcontroller
freezing microcontroller
freezing microcontroller
freezing microcontroller
freezing microcontroller
freezing microcontroller
freezing microcontroller
freezing microcontroller
freezing microcontroller
freezing microcontroller
freezing microcontroller
freezing microcontroller
freezing microcontroller
freezing microcontroller
freezing microcontroller
freezing microcontroller
freezing microcontroller
freezing microcontroller
freezing microcontroller
freezing microcontroller
freezing microcontroller
freezing microcontroller
freezing microcontroller
freezing microcontroller
freezing microcontroller
freezing microcontroller
freezing microcontroller
freezing microcontroller
freezing microcontroller
freezing microcontroller
freezing microcontroller
freezing microcontroller
freezing microcontroller
freezing microcontroller
freezing microcontroller
freezing microcontroller
freezing microcontroller
freezing microcontroller
freezing microcontroller
freezing microcontroller
freezing microcontroller
freezing microcontroller
freezing microcontroller
freezing microcontroller
freezing microcontroller
freezing microcontroller
freezing microcontroller
freezing microcontroller
freezing microcontroller
freezing microcontroller
freezing microcontroller
freezing microcontroller
freezing microcontroller
freezing microcontroller
freezing microcontroller
freezing microcontroller
freezing microcontroller
freezing microcontroller
freezing microcontroller
freezing microcontroller
freezing microcontroller
freezing microcontroller
reloading data
Solved 130/200 episodes, CC loss avg = 0.029070087179802837
Epoch 1300	 test acc 0.65
freezing microcontroller
freezing microcontroller
freezing microcontroller
freezing microcontroller
freezing microcontroller
freezing microcontroller
freezing microcontroller
freezing microcontroller
freezing microcontroller
freezing microcontroller
freezing microcontroller
freezing microcontroller
freezing microcontroller
freezing microcontroller
freezing microcontroller
freezing microcontroller
freezing microcontroller
freezing microcontroller
freezing microcontroller
freezing microcontroller
freezing microcontroller
freezing microcontroller
freezing microcontroller
freezing microcontroller
freezing microcontroller
freezing microcontroller
freezing microcontroller
freezing microcontroller
freezing microcontroller
freezing microcontroller
freezing microcontroller
freezing microcontroller
freezing microcontroller
freezing microcontroller
freezing microcontroller
freezing microcontroller
freezing microcontroller
freezing microcontroller
freezing microcontroller
freezing microcontroller
freezing microcontroller
freezing microcontroller
freezing microcontroller
freezing microcontroller
freezing microcontroller
freezing microcontroller
freezing microcontroller
freezing microcontroller
freezing microcontroller
freezing microcontroller
freezing microcontroller
freezing microcontroller
freezing microcontroller
freezing microcontroller
freezing microcontroller
freezing microcontroller
freezing microcontroller
freezing microcontroller
freezing microcontroller
freezing microcontroller
freezing microcontroller
freezing microcontroller
freezing microcontroller
freezing microcontroller
freezing microcontroller
freezing microcontroller
freezing microcontroller
freezing microcontroller
freezing microcontroller
freezing microcontroller
freezing microcontroller
freezing microcontroller
freezing microcontroller
freezing microcontroller
freezing microcontroller
freezing microcontroller
freezing microcontroller
freezing microcontroller
freezing microcontroller
freezing microcontroller
freezing microcontroller
freezing microcontroller
freezing microcontroller
freezing microcontroller
freezing microcontroller
freezing microcontroller
freezing microcontroller
freezing microcontroller
freezing microcontroller
freezing microcontroller
freezing microcontroller
freezing microcontroller
freezing microcontroller
freezing microcontroller
freezing microcontroller
freezing microcontroller
freezing microcontroller
freezing microcontroller
freezing microcontroller
freezing microcontroller
reloading data
Solved 126/200 episodes, CC loss avg = 0.029539877577295478
Epoch 1400	 test acc 0.63
freezing microcontroller
freezing microcontroller
freezing microcontroller
freezing microcontroller
freezing microcontroller
freezing microcontroller
freezing microcontroller
freezing microcontroller
freezing microcontroller
freezing microcontroller
freezing microcontroller
freezing microcontroller
freezing microcontroller
freezing microcontroller
freezing microcontroller
freezing microcontroller
freezing microcontroller
freezing microcontroller
freezing microcontroller
freezing microcontroller
freezing microcontroller
freezing microcontroller
freezing microcontroller
freezing microcontroller
freezing microcontroller
freezing microcontroller
freezing microcontroller
freezing microcontroller
freezing microcontroller
freezing microcontroller
freezing microcontroller
freezing microcontroller
freezing microcontroller
freezing microcontroller
freezing microcontroller
freezing microcontroller
freezing microcontroller
freezing microcontroller
freezing microcontroller
freezing microcontroller
freezing microcontroller
freezing microcontroller
freezing microcontroller
freezing microcontroller
freezing microcontroller
freezing microcontroller
freezing microcontroller
freezing microcontroller
freezing microcontroller
freezing microcontroller
freezing microcontroller
freezing microcontroller
freezing microcontroller
freezing microcontroller
freezing microcontroller
freezing microcontroller
freezing microcontroller
freezing microcontroller
freezing microcontroller
freezing microcontroller
freezing microcontroller
freezing microcontroller
freezing microcontroller
freezing microcontroller
freezing microcontroller
freezing microcontroller
freezing microcontroller
freezing microcontroller
freezing microcontroller
freezing microcontroller
freezing microcontroller
freezing microcontroller
freezing microcontroller
freezing microcontroller
freezing microcontroller
freezing microcontroller
freezing microcontroller
freezing microcontroller
freezing microcontroller
freezing microcontroller
freezing microcontroller
freezing microcontroller
freezing microcontroller
freezing microcontroller
freezing microcontroller
freezing microcontroller
freezing microcontroller
freezing microcontroller
freezing microcontroller
freezing microcontroller
freezing microcontroller
freezing microcontroller
freezing microcontroller
freezing microcontroller
freezing microcontroller
freezing microcontroller
freezing microcontroller
freezing microcontroller
freezing microcontroller
freezing microcontroller
reloading data
Solved 128/200 episodes, CC loss avg = 0.025024470461422366
Epoch 1500	 test acc 0.64
Saved model at models/9464e4dff18b42749d489997a1187430-epoch-1500.pt
freezing microcontroller
freezing microcontroller
freezing microcontroller
freezing microcontroller
freezing microcontroller
freezing microcontroller
freezing microcontroller
freezing microcontroller
freezing microcontroller
freezing microcontroller
freezing microcontroller
freezing microcontroller
freezing microcontroller
freezing microcontroller
freezing microcontroller
freezing microcontroller
freezing microcontroller
freezing microcontroller
freezing microcontroller
freezing microcontroller
freezing microcontroller
freezing microcontroller
freezing microcontroller
freezing microcontroller
freezing microcontroller
freezing microcontroller
freezing microcontroller
freezing microcontroller
freezing microcontroller
freezing microcontroller
freezing microcontroller
freezing microcontroller
freezing microcontroller
freezing microcontroller
freezing microcontroller
freezing microcontroller
freezing microcontroller
freezing microcontroller
freezing microcontroller
freezing microcontroller
freezing microcontroller
freezing microcontroller
freezing microcontroller
freezing microcontroller
freezing microcontroller
freezing microcontroller
freezing microcontroller
freezing microcontroller
freezing microcontroller
freezing microcontroller
freezing microcontroller
freezing microcontroller
freezing microcontroller
freezing microcontroller
freezing microcontroller
freezing microcontroller
freezing microcontroller
freezing microcontroller
freezing microcontroller
freezing microcontroller
freezing microcontroller
freezing microcontroller
freezing microcontroller
freezing microcontroller
freezing microcontroller
freezing microcontroller
freezing microcontroller
freezing microcontroller
freezing microcontroller
freezing microcontroller
freezing microcontroller
freezing microcontroller
freezing microcontroller
freezing microcontroller
freezing microcontroller
freezing microcontroller
freezing microcontroller
freezing microcontroller
freezing microcontroller
freezing microcontroller
freezing microcontroller
freezing microcontroller
freezing microcontroller
freezing microcontroller
freezing microcontroller
freezing microcontroller
freezing microcontroller
freezing microcontroller
freezing microcontroller
freezing microcontroller
freezing microcontroller
freezing microcontroller
freezing microcontroller
freezing microcontroller
freezing microcontroller
freezing microcontroller
freezing microcontroller
freezing microcontroller
freezing microcontroller
freezing microcontroller
reloading data
Solved 134/200 episodes, CC loss avg = 0.02471008577067734
Epoch 1600	 test acc 0.67
freezing microcontroller
freezing microcontroller
i=tensor([29], device='cuda:0')
fw: tensor([-277.3705], device='cuda:0', grad_fn=<IndexBackward0>), bw: tensor([-277.3704], device='cuda:0', grad_fn=<IndexBackward0>), hmm_fw: tensor([-277.3704], device='cuda:0', grad_fn=<IndexBackward0>)
a: tensor([9.1553e-05], device='cuda:0', grad_fn=<SubBackward0>), b: tensor([9.1553e-05], device='cuda:0', grad_fn=<SubBackward0>), hmm_fw: tensor([-277.3704], device='cuda:0', grad_fn=<IndexBackward0>)
freezing microcontroller
freezing microcontroller
freezing microcontroller
freezing microcontroller
freezing microcontroller
freezing microcontroller
freezing microcontroller
freezing microcontroller
freezing microcontroller
freezing microcontroller
freezing microcontroller
freezing microcontroller
freezing microcontroller
freezing microcontroller
freezing microcontroller
freezing microcontroller
freezing microcontroller
freezing microcontroller
freezing microcontroller
freezing microcontroller
freezing microcontroller
freezing microcontroller
freezing microcontroller
freezing microcontroller
freezing microcontroller
freezing microcontroller
freezing microcontroller
freezing microcontroller
freezing microcontroller
freezing microcontroller
freezing microcontroller
freezing microcontroller
freezing microcontroller
freezing microcontroller
freezing microcontroller
freezing microcontroller
freezing microcontroller
freezing microcontroller
freezing microcontroller
freezing microcontroller
freezing microcontroller
freezing microcontroller
freezing microcontroller
freezing microcontroller
freezing microcontroller
freezing microcontroller
freezing microcontroller
freezing microcontroller
freezing microcontroller
freezing microcontroller
freezing microcontroller
freezing microcontroller
freezing microcontroller
freezing microcontroller
freezing microcontroller
freezing microcontroller
freezing microcontroller
freezing microcontroller
freezing microcontroller
freezing microcontroller
freezing microcontroller
freezing microcontroller
freezing microcontroller
freezing microcontroller
freezing microcontroller
freezing microcontroller
freezing microcontroller
freezing microcontroller
freezing microcontroller
freezing microcontroller
freezing microcontroller
freezing microcontroller
freezing microcontroller
freezing microcontroller
freezing microcontroller
freezing microcontroller
freezing microcontroller
freezing microcontroller
freezing microcontroller
freezing microcontroller
freezing microcontroller
freezing microcontroller
freezing microcontroller
freezing microcontroller
freezing microcontroller
freezing microcontroller
freezing microcontroller
freezing microcontroller
freezing microcontroller
freezing microcontroller
freezing microcontroller
freezing microcontroller
freezing microcontroller
freezing microcontroller
freezing microcontroller
freezing microcontroller
freezing microcontroller
freezing microcontroller
reloading data
Solved 139/200 episodes, CC loss avg = 0.025638401314488805
Epoch 1700	 test acc 0.695
freezing microcontroller
freezing microcontroller
freezing microcontroller
freezing microcontroller
freezing microcontroller
freezing microcontroller
freezing microcontroller
freezing microcontroller
freezing microcontroller
freezing microcontroller
freezing microcontroller
freezing microcontroller
freezing microcontroller
freezing microcontroller
freezing microcontroller
freezing microcontroller
freezing microcontroller
freezing microcontroller
freezing microcontroller
freezing microcontroller
freezing microcontroller
freezing microcontroller
freezing microcontroller
freezing microcontroller
freezing microcontroller
freezing microcontroller
freezing microcontroller
freezing microcontroller
freezing microcontroller
freezing microcontroller
freezing microcontroller
freezing microcontroller
freezing microcontroller
freezing microcontroller
freezing microcontroller
freezing microcontroller
freezing microcontroller
freezing microcontroller
freezing microcontroller
freezing microcontroller
freezing microcontroller
freezing microcontroller
freezing microcontroller
freezing microcontroller
freezing microcontroller
freezing microcontroller
freezing microcontroller
freezing microcontroller
freezing microcontroller
freezing microcontroller
freezing microcontroller
freezing microcontroller
freezing microcontroller
freezing microcontroller
freezing microcontroller
freezing microcontroller
freezing microcontroller
freezing microcontroller
freezing microcontroller
freezing microcontroller
freezing microcontroller
freezing microcontroller
freezing microcontroller
freezing microcontroller
freezing microcontroller
freezing microcontroller
freezing microcontroller
freezing microcontroller
freezing microcontroller
freezing microcontroller
freezing microcontroller
freezing microcontroller
freezing microcontroller
freezing microcontroller
freezing microcontroller
freezing microcontroller
freezing microcontroller
freezing microcontroller
freezing microcontroller
freezing microcontroller
freezing microcontroller
freezing microcontroller
freezing microcontroller
freezing microcontroller
freezing microcontroller
freezing microcontroller
freezing microcontroller
freezing microcontroller
freezing microcontroller
freezing microcontroller
freezing microcontroller
freezing microcontroller
freezing microcontroller
freezing microcontroller
freezing microcontroller
freezing microcontroller
freezing microcontroller
freezing microcontroller
freezing microcontroller
freezing microcontroller
reloading data
Solved 132/200 episodes, CC loss avg = 0.024595531634088594
Epoch 1800	 test acc 0.66
freezing microcontroller
freezing microcontroller
freezing microcontroller
freezing microcontroller
freezing microcontroller
freezing microcontroller
freezing microcontroller
freezing microcontroller
freezing microcontroller
freezing microcontroller
freezing microcontroller
freezing microcontroller
freezing microcontroller
freezing microcontroller
freezing microcontroller
freezing microcontroller
freezing microcontroller
freezing microcontroller
freezing microcontroller
freezing microcontroller
freezing microcontroller
freezing microcontroller
freezing microcontroller
freezing microcontroller
freezing microcontroller
freezing microcontroller
freezing microcontroller
freezing microcontroller
freezing microcontroller
freezing microcontroller
freezing microcontroller
freezing microcontroller
freezing microcontroller
freezing microcontroller
freezing microcontroller
freezing microcontroller
freezing microcontroller
freezing microcontroller
freezing microcontroller
freezing microcontroller
freezing microcontroller
freezing microcontroller
freezing microcontroller
freezing microcontroller
freezing microcontroller
freezing microcontroller
freezing microcontroller
freezing microcontroller
freezing microcontroller
freezing microcontroller
freezing microcontroller
freezing microcontroller
freezing microcontroller
freezing microcontroller
freezing microcontroller
freezing microcontroller
freezing microcontroller
freezing microcontroller
freezing microcontroller
freezing microcontroller
freezing microcontroller
freezing microcontroller
freezing microcontroller
freezing microcontroller
freezing microcontroller
freezing microcontroller
freezing microcontroller
freezing microcontroller
freezing microcontroller
freezing microcontroller
freezing microcontroller
freezing microcontroller
freezing microcontroller
freezing microcontroller
freezing microcontroller
freezing microcontroller
freezing microcontroller
freezing microcontroller
freezing microcontroller
freezing microcontroller
freezing microcontroller
freezing microcontroller
freezing microcontroller
freezing microcontroller
freezing microcontroller
freezing microcontroller
freezing microcontroller
freezing microcontroller
freezing microcontroller
freezing microcontroller
freezing microcontroller
freezing microcontroller
freezing microcontroller
freezing microcontroller
freezing microcontroller
freezing microcontroller
freezing microcontroller
freezing microcontroller
freezing microcontroller
freezing microcontroller
reloading data
Solved 113/200 episodes, CC loss avg = 0.023018537885967017
Epoch 1900	 test acc 0.565
freezing microcontroller
freezing microcontroller
freezing microcontroller
freezing microcontroller
freezing microcontroller
freezing microcontroller
freezing microcontroller
freezing microcontroller
freezing microcontroller
freezing microcontroller
freezing microcontroller
freezing microcontroller
freezing microcontroller
freezing microcontroller
freezing microcontroller
freezing microcontroller
freezing microcontroller
freezing microcontroller
freezing microcontroller
freezing microcontroller
freezing microcontroller
freezing microcontroller
freezing microcontroller
freezing microcontroller
freezing microcontroller
freezing microcontroller
freezing microcontroller
freezing microcontroller
freezing microcontroller
freezing microcontroller
freezing microcontroller
freezing microcontroller
freezing microcontroller
freezing microcontroller
freezing microcontroller
freezing microcontroller
freezing microcontroller
freezing microcontroller
freezing microcontroller
freezing microcontroller
freezing microcontroller
freezing microcontroller
freezing microcontroller
freezing microcontroller
freezing microcontroller
freezing microcontroller
freezing microcontroller
freezing microcontroller
freezing microcontroller
freezing microcontroller
freezing microcontroller
freezing microcontroller
freezing microcontroller
freezing microcontroller
freezing microcontroller
freezing microcontroller
freezing microcontroller
freezing microcontroller
freezing microcontroller
freezing microcontroller
freezing microcontroller
freezing microcontroller
freezing microcontroller
freezing microcontroller
freezing microcontroller
freezing microcontroller
freezing microcontroller
freezing microcontroller
freezing microcontroller
freezing microcontroller
freezing microcontroller
freezing microcontroller
freezing microcontroller
freezing microcontroller
freezing microcontroller
freezing microcontroller
freezing microcontroller
freezing microcontroller
freezing microcontroller
freezing microcontroller
freezing microcontroller
freezing microcontroller
freezing microcontroller
freezing microcontroller
freezing microcontroller
freezing microcontroller
freezing microcontroller
freezing microcontroller
freezing microcontroller
freezing microcontroller
freezing microcontroller
freezing microcontroller
freezing microcontroller
freezing microcontroller
freezing microcontroller
freezing microcontroller
freezing microcontroller
freezing microcontroller
freezing microcontroller
Saved model at models/9464e4dff18b42749d489997a1187430.pt
Completed training in 27679.5 seconds
MODEL: 	cc
ABSTRACT_PEN: 	1.0
BATCH_SIZE: 	80
TAU_NOISE: 	0.01
