Loaded model from models/e14b78d01cc548239ffd57286e59e819.pt
MODEL:	 cc
ABSTRACT_PEN:	 1.0
TAU_NOISE:	 0.0
Starting run:
f60eb3ea3fd940aa8bb9cfabdcb9302a
params: {'n': 200, 'traj_updates': 5000000.0, 'num_saves': 4, 'num_tests': 20, 'num_test': 200, 'lr': 0.0008, 'batch_size': 32, 'b': 10, 'model_load_path': 'models/e14b78d01cc548239ffd57286e59e819.pt', 'cc_pen': 1.0, 'abstract_pen': 1.0, 'model': 'cc', 'seed': 1, 'tau_noise': 0.0, 'neptune': False, 'no_log': False, 'eval': False, 'abstract_dim': 32, 'ellis': False, 'freeze': False, 'fine_tune': True, 'device': 'NVIDIA GeForce RTX 3090', 'epochs': 25000, 'test_every': 1250, 'save_every': 6250, 'id': 'f60eb3ea3fd940aa8bb9cfabdcb9302a'}
WARNING: tau norm dim disabled
train_loss: 46.86341190338135
WARNING: fixed test env seed
Epoch 0	 test accs 0.2261904761904762
train_loss: 24.671050310134888
train_loss: 23.572307586669922
train_loss: 22.81691074371338
train_loss: 23.660058856010437
train_loss: 22.626678586006165
train_loss: 22.049930214881897
train_loss: 21.66351020336151
train_loss: 22.831457018852234
train_loss: 21.45155692100525
train_loss: 20.989158809185028
train_loss: 20.862001657485962
train_loss: 20.60855281352997
Epoch 1250	 test accs 0.23170731707317074
train_loss: 20.460194766521454
train_loss: 20.68575155735016
train_loss: 20.212141752243042
train_loss: 20.029759466648102
train_loss: 19.98201948404312
train_loss: 19.834300100803375
train_loss: 19.622928977012634
train_loss: 20.195144474506378
train_loss: 19.47104161977768
train_loss: 19.296316623687744
train_loss: 19.125275015830994
train_loss: 18.968539655208588
train_loss: 18.79053235054016
Epoch 2500	 test accs 0.23809523809523808
train_loss: 18.74313598871231
train_loss: 18.629011869430542
train_loss: 18.370148718357086
train_loss: 18.22568130493164
train_loss: 19.45128846168518
train_loss: 18.32867807149887
train_loss: 18.090757131576538
train_loss: 18.09276443719864
train_loss: 17.868912994861603
train_loss: 17.893678069114685
train_loss: 18.381719708442688
train_loss: 18.049086034297943
Epoch 3750	 test accs 0.2261904761904762
train_loss: 18.223593413829803
train_loss: 17.834046602249146
train_loss: 17.643635094165802
train_loss: 17.623742878437042
train_loss: 18.10738080739975
train_loss: 17.779831051826477
train_loss: 17.80730038881302
train_loss: 17.57939350605011
train_loss: 17.26567155122757
train_loss: 17.868458926677704
train_loss: 17.254317343235016
train_loss: 18.082998752593994
train_loss: 17.872159123420715
Epoch 5000	 test accs 0.21428571428571427
train_loss: 17.390512466430664
train_loss: 17.180952787399292
train_loss: 16.992510974407196
train_loss: 16.87932723760605
train_loss: 16.75229835510254
train_loss: 16.97012835741043
train_loss: 16.744264245033264
train_loss: 16.64133393764496
train_loss: 17.277579247951508
train_loss: 17.092483401298523
train_loss: 16.691662847995758
train_loss: 17.072459995746613
Epoch 6250	 test accs 0.19753086419753085
Saved model at models/f60eb3ea3fd940aa8bb9cfabdcb9302a-epoch-6250_control.pt
train_loss: 18.900594830513
train_loss: 16.543978989124298
train_loss: 16.39092183113098
train_loss: 16.312862157821655
train_loss: 16.4974707365036
train_loss: 17.086253941059113
train_loss: 16.502355873584747
train_loss: 16.196824967861176
train_loss: 18.10484904050827
train_loss: 16.15187704563141
train_loss: 16.137345671653748
train_loss: 15.925543487071991
train_loss: 15.891848921775818
Epoch 7500	 test accs 0.2289156626506024
train_loss: 16.02817553281784
train_loss: 16.006553649902344
train_loss: 15.914672374725342
train_loss: 15.892842531204224
train_loss: 15.800362825393677
train_loss: 15.94839084148407
train_loss: 17.24567723274231
train_loss: 17.691301107406616
train_loss: 16.414424896240234
train_loss: 16.908239603042603
train_loss: 15.635711789131165
train_loss: 17.03941059112549
Epoch 8750	 test accs 0.27058823529411763
train_loss: 16.29935574531555
train_loss: 16.010619640350342
train_loss: 15.751114010810852
train_loss: 15.870759427547455
train_loss: 15.44066458940506
train_loss: 16.66487282514572
train_loss: 16.1009481549263
train_loss: 15.521889567375183
train_loss: 15.29448527097702
train_loss: 15.363320291042328
train_loss: 15.3356192111969
train_loss: 15.221328675746918
train_loss: 15.612146019935608
Epoch 10000	 test accs 0.25609756097560976
train_loss: 15.164165139198303
train_loss: 15.276092171669006
train_loss: 15.113494038581848
train_loss: 15.96422290802002
train_loss: 18.434803247451782
train_loss: 16.54384982585907
train_loss: 16.267640352249146
train_loss: 16.53255784511566
train_loss: 15.981303036212921
train_loss: 16.014232993125916
train_loss: 15.409175217151642
train_loss: 18.179862916469574
Epoch 11250	 test accs 0.24390243902439024
train_loss: 15.78451418876648
train_loss: 15.743135929107666
train_loss: 15.088239312171936
train_loss: 15.969310760498047
train_loss: 15.087973654270172
train_loss: 17.842034101486206
train_loss: 16.475066661834717
train_loss: 15.836423993110657
train_loss: 15.927520334720612
train_loss: 18.302902340888977
train_loss: 15.918076515197754
train_loss: 15.313591122627258
train_loss: 15.052822291851044
Epoch 12500	 test accs 0.2682926829268293
Saved model at models/f60eb3ea3fd940aa8bb9cfabdcb9302a-epoch-12500_control.pt
train_loss: 14.981791019439697
train_loss: 15.023018300533295
train_loss: 16.109697222709656
train_loss: 14.872946381568909
train_loss: 14.914791941642761
train_loss: 15.497223138809204
train_loss: 15.065169215202332
train_loss: 14.62404054403305
train_loss: 14.559115588665009
train_loss: 15.906973004341125
train_loss: 15.179291248321533
train_loss: 14.769446969032288
Epoch 13750	 test accs 0.26506024096385544
train_loss: 14.773962676525116
train_loss: 15.432470798492432
train_loss: 14.637999534606934
train_loss: 14.56225323677063
train_loss: 14.451476812362671
train_loss: 14.96005630493164
train_loss: 14.5673828125
train_loss: 15.713140904903412
train_loss: 14.817594230175018
train_loss: 14.430377900600433
train_loss: 14.390049695968628
train_loss: 14.622805118560791
train_loss: 14.420368313789368
Epoch 15000	 test accs 0.2891566265060241
train_loss: 14.31829708814621
train_loss: 14.24120843410492
train_loss: 15.003042697906494
train_loss: 14.36388647556305
train_loss: 15.89333325624466
train_loss: 14.845832407474518
train_loss: 23.904224514961243
train_loss: 18.106973826885223
train_loss: 17.240525007247925
train_loss: 16.565406918525696
train_loss: 16.24626350402832
train_loss: 15.769612669944763
Epoch 16250	 test accs 0.2926829268292683
train_loss: 15.29994535446167
train_loss: 15.119837164878845
train_loss: 14.832266986370087
train_loss: 14.857110857963562
train_loss: 14.680959343910217
train_loss: 14.70072591304779
train_loss: 15.98845237493515
train_loss: 16.26978772878647
train_loss: 14.625674486160278
train_loss: 14.484066665172577
train_loss: 14.322190582752228
train_loss: 14.187882781028748
train_loss: 14.192624032497406
Epoch 17500	 test accs 0.2839506172839506
train_loss: 14.154803812503815
train_loss: 14.253826975822449
train_loss: 13.95001620054245
train_loss: 13.982879877090454
train_loss: 14.774429023265839
train_loss: 14.048757195472717
train_loss: 14.139672458171844
train_loss: 17.45816481113434
train_loss: 14.859564900398254
train_loss: 14.186849415302277
train_loss: 14.2852583527565
train_loss: 14.08718091249466
Epoch 18750	 test accs 0.2926829268292683
Saved model at models/f60eb3ea3fd940aa8bb9cfabdcb9302a-epoch-18750_control.pt
train_loss: 14.403732657432556
train_loss: 19.142917573451996
train_loss: 16.40303921699524
train_loss: 15.814165890216827
train_loss: 15.449312210083008
train_loss: 15.06004524230957
train_loss: 14.797851622104645
train_loss: 14.636659741401672
train_loss: 14.197762310504913
train_loss: 15.984992742538452
train_loss: 14.369365572929382
train_loss: 14.58877694606781
train_loss: 16.07715654373169
Epoch 20000	 test accs 0.32098765432098764
train_loss: 14.317586779594421
train_loss: 14.046871542930603
train_loss: 14.152984142303467
train_loss: 13.921279430389404
train_loss: 14.2583669424057
train_loss: 16.15588814020157
train_loss: 14.799008250236511
train_loss: 14.324627757072449
train_loss: 14.061886429786682
train_loss: 14.054777264595032
train_loss: 18.454450726509094
train_loss: 16.13880604505539
Epoch 21250	 test accs 0.26506024096385544
train_loss: 15.386962175369263
train_loss: 14.899147987365723
train_loss: 14.90492969751358
train_loss: 14.325966536998749
train_loss: 14.455219209194183
train_loss: 15.936921834945679
train_loss: 14.726580262184143
train_loss: 14.42920470237732
train_loss: 14.238975524902344
train_loss: 14.064917147159576
train_loss: 13.928990006446838
train_loss: 13.890405774116516
train_loss: 14.037780702114105
Epoch 22500	 test accs 0.30120481927710846
train_loss: 15.905175507068634
train_loss: 15.420144021511078
train_loss: 15.772563099861145
train_loss: 14.594618797302246
train_loss: 14.637476980686188
train_loss: 17.14725351333618
train_loss: 15.104506015777588
train_loss: 14.662958323955536
train_loss: 14.307330965995789
train_loss: 14.179590821266174
train_loss: 13.997329652309418
train_loss: 13.870770931243896
Epoch 23750	 test accs 0.2839506172839506
train_loss: 13.734792709350586
train_loss: 13.649979531764984
train_loss: 13.557171702384949
train_loss: 14.71234530210495
train_loss: 14.272647678852081
train_loss: 14.567736566066742
train_loss: 13.573794543743134
train_loss: 13.462903022766113
train_loss: 13.447433590888977
train_loss: 13.573992848396301
train_loss: 13.301198482513428
train_loss: 13.246016323566437
train_loss: 13.221277415752411
Epoch 25000	 test accs 0.2976190476190476
Saved model at models/f60eb3ea3fd940aa8bb9cfabdcb9302a-epoch-25000_control.pt
train_loss: 13.069464027881622
train_loss: 14.852643609046936
train_loss: 14.15097576379776
train_loss: 13.509931325912476
train_loss: 13.273536443710327
train_loss: 13.342696905136108
train_loss: 13.20706844329834
train_loss: 13.310510158538818
train_loss: 13.663635611534119
train_loss: 13.388091385364532
train_loss: 13.021817088127136
train_loss: 12.905682563781738
Epoch 26250	 test accs 0.27710843373493976
train_loss: 13.302826702594757
train_loss: 13.192097663879395
train_loss: 12.855960249900818
train_loss: 14.793741345405579
train_loss: 12.927032947540283
train_loss: 16.061472058296204
train_loss: 13.17275583744049
train_loss: 13.813147962093353
train_loss: 12.816171765327454
train_loss: 13.261300563812256
train_loss: 13.297505795955658
train_loss: 12.873568058013916
train_loss: 12.663251042366028
Epoch 27500	 test accs 0.27710843373493976
train_loss: 12.65908533334732
train_loss: 12.586567997932434
train_loss: 12.981070101261139
train_loss: 12.660482823848724
train_loss: 15.003539443016052
train_loss: 12.676220834255219
train_loss: 12.995644390583038
train_loss: 12.545688331127167
train_loss: 12.860335230827332
train_loss: 16.08449649810791
train_loss: 14.285750210285187
train_loss: 14.563552498817444
Epoch 28750	 test accs 0.27058823529411763
train_loss: 13.884497940540314
train_loss: 13.477546453475952
train_loss: 13.465869069099426
train_loss: 13.675685226917267
train_loss: 15.528476238250732
train_loss: 13.24519282579422
train_loss: 12.961898803710938
train_loss: 12.902856707572937
train_loss: 12.746288657188416
train_loss: 12.720073640346527
train_loss: 12.730560958385468
train_loss: 12.655209422111511
train_loss: 12.918684363365173
Epoch 30000	 test accs 0.27058823529411763
train_loss: 12.569230139255524
train_loss: 13.863768935203552
train_loss: 12.528335273265839
train_loss: 12.620807468891144
train_loss: 12.35685920715332
train_loss: 15.667060673236847
train_loss: 13.412109315395355
train_loss: 13.830204725265503
train_loss: 12.560977697372437
train_loss: 13.064545810222626
train_loss: 12.613306522369385
train_loss: 12.870575249195099
Epoch 31250	 test accs 0.2891566265060241
Saved model at models/f60eb3ea3fd940aa8bb9cfabdcb9302a-epoch-31250_control.pt
train_loss: 12.490307629108429
train_loss: 12.796375215053558
train_loss: 12.632771372795105
train_loss: 12.454504907131195
train_loss: 12.548082888126373
train_loss: 12.431182503700256
train_loss: 12.73839783668518
train_loss: 13.819712519645691
train_loss: 12.840439021587372
train_loss: 15.710949778556824
train_loss: 12.595283091068268
train_loss: 12.378170549869537
train_loss: 12.35925018787384
Epoch 32500	 test accs 0.2804878048780488
train_loss: 15.315469622612
train_loss: 13.421261668205261
train_loss: 13.015070736408234
train_loss: 12.954535245895386
train_loss: 12.87238895893097
train_loss: 12.562103569507599
train_loss: 13.321881532669067
train_loss: 12.567044973373413
train_loss: 12.455889880657196
train_loss: 12.418010592460632
train_loss: 21.673696756362915
train_loss: 15.623179018497467
Epoch 33750	 test accs 0.25
train_loss: 14.037692189216614
train_loss: 13.436707615852356
train_loss: 13.126836717128754
train_loss: 12.951194524765015
train_loss: 12.901298344135284
train_loss: 13.187081038951874
train_loss: 12.925978899002075
train_loss: 12.520364940166473
train_loss: 12.509224355220795
train_loss: 12.748643636703491
train_loss: 12.336179614067078
train_loss: 12.521528422832489
train_loss: 13.673149168491364
Epoch 35000	 test accs 0.2619047619047619
train_loss: 12.385555148124695
train_loss: 12.12655484676361
train_loss: 12.13116306066513
train_loss: 12.307225346565247
train_loss: 16.857991933822632
train_loss: 14.592018842697144
train_loss: 13.424121856689453
train_loss: 12.799856781959534
train_loss: 13.66980892419815
train_loss: 12.620271623134613
train_loss: 12.407798647880554
train_loss: 12.30533093214035
Epoch 36250	 test accs 0.27380952380952384
train_loss: 13.537073075771332
train_loss: 12.930369973182678
train_loss: 12.566747725009918
train_loss: 12.401550889015198
train_loss: 12.298838257789612
train_loss: 12.90192174911499
train_loss: 12.316717624664307
train_loss: 12.319046020507812
train_loss: 15.878859043121338
train_loss: 12.109644770622253
train_loss: 13.02633011341095
train_loss: 13.185168147087097
train_loss: 11.970048129558563
Epoch 37500	 test accs 0.2857142857142857
Saved model at models/f60eb3ea3fd940aa8bb9cfabdcb9302a-epoch-37500_control.pt
train_loss: 12.084499597549438
train_loss: 12.42346078157425
train_loss: 12.174319863319397
train_loss: 12.167775392532349
train_loss: 15.573295176029205
train_loss: 13.294311940670013
train_loss: 11.86865895986557
train_loss: 12.658676505088806
train_loss: 13.835970163345337
train_loss: 16.472838163375854
train_loss: 15.754783391952515
train_loss: 15.216963350772858
Epoch 38750	 test accs 0.27710843373493976
train_loss: 13.631420969963074
train_loss: 13.607110559940338
train_loss: 13.068130850791931
train_loss: 12.788064956665039
train_loss: 12.626469254493713
train_loss: 13.214339852333069
train_loss: 12.52525770664215
train_loss: 12.728759407997131
train_loss: 12.338749587535858
train_loss: 12.312038362026215
train_loss: 13.402926087379456
train_loss: 12.95442420244217
train_loss: 12.732855796813965
Epoch 40000	 test accs 0.2976190476190476
train_loss: 12.021074950695038
train_loss: 11.988141059875488
train_loss: 11.976925373077393
train_loss: 11.944569110870361
train_loss: 12.132044553756714
train_loss: 12.54049301147461
train_loss: 12.015665471553802
train_loss: 12.317803025245667
train_loss: 12.509318172931671
train_loss: 12.219650626182556
train_loss: 12.73990386724472
train_loss: 14.467737674713135
Epoch 41250	 test accs 0.27710843373493976
train_loss: 12.399661660194397
train_loss: 12.166019678115845
train_loss: 12.036312580108643
train_loss: 12.508865296840668
train_loss: 14.741451680660248
train_loss: 12.280100584030151
train_loss: 12.401514112949371
train_loss: 12.158846974372864
train_loss: 11.872394919395447
train_loss: 12.602076292037964
train_loss: 12.419274091720581
train_loss: 11.919652342796326
train_loss: 11.731277823448181
Epoch 42500	 test accs 0.3048780487804878
train_loss: 11.748809278011322
train_loss: 13.509497165679932
train_loss: 13.893051624298096
train_loss: 13.13875538110733
train_loss: 12.553872346878052
train_loss: 13.026394009590149
train_loss: 11.94827550649643
train_loss: 11.844397723674774
train_loss: 11.751538276672363
train_loss: 12.41946393251419
train_loss: 13.569124221801758
train_loss: 14.426445007324219
Epoch 43750	 test accs 0.3253012048192771
Saved model at models/f60eb3ea3fd940aa8bb9cfabdcb9302a-epoch-43750_control.pt
train_loss: 12.059524178504944
train_loss: 11.841268658638
train_loss: 11.928317129611969
train_loss: 11.958369314670563
train_loss: 11.587251842021942
train_loss: 11.77140200138092
train_loss: 11.756527185440063
train_loss: 13.548415958881378
train_loss: 11.598790287971497
train_loss: 11.606928169727325
train_loss: 11.679567217826843
train_loss: 13.24392545223236
train_loss: 11.636946976184845
Epoch 45000	 test accs 0.3048780487804878
train_loss: 13.413904070854187
train_loss: 12.470078945159912
train_loss: 12.636112928390503
train_loss: 12.328365504741669
train_loss: 11.9806187748909
train_loss: 12.08485460281372
train_loss: 11.841164886951447
train_loss: 12.006773710250854
train_loss: 15.26773464679718
train_loss: 11.677321076393127
train_loss: 11.61565613746643
train_loss: 11.674878716468811
Epoch 46250	 test accs 0.32098765432098764
train_loss: 11.50233793258667
train_loss: 14.967169404029846
train_loss: 12.32451593875885
train_loss: 11.854137659072876
train_loss: 11.676956057548523
train_loss: 11.543690204620361
train_loss: 11.614859759807587
train_loss: 12.12635326385498
train_loss: 11.54321676492691
train_loss: 14.222749829292297
train_loss: 12.691377758979797
train_loss: 11.654907464981079
train_loss: 11.704876124858856
Epoch 47500	 test accs 0.32926829268292684
train_loss: 11.895142614841461
train_loss: 11.509084463119507
train_loss: 11.800603449344635
train_loss: 17.299119353294373
train_loss: 12.664775907993317
train_loss: 12.081415593624115
train_loss: 12.832504749298096
train_loss: 12.167426764965057
train_loss: 11.931915521621704
train_loss: 12.562773644924164
train_loss: 11.672759652137756
train_loss: 11.521674156188965
Epoch 48750	 test accs 0.3373493975903614
train_loss: 11.431365609169006
train_loss: 11.375117659568787
train_loss: 11.345106780529022
train_loss: 11.338425755500793
train_loss: 12.777900338172913
train_loss: 13.756898403167725
train_loss: 12.398598313331604
train_loss: 11.679505228996277
train_loss: 11.475735545158386
train_loss: 12.40007108449936
train_loss: 11.925825774669647
train_loss: 11.757447957992554
Completed fine tuning in 2070.5 seconds
