MODEL:	 cc
ABSTRACT_PEN:	 1.0
TAU_NOISE:	 0.0
Starting run:
edabff0b0361481a8e6736db804634f8
params: {'n': 5000, 'traj_updates': 10000000.0, 'num_saves': 4, 'num_tests': 20, 'num_test': 200, 'lr': 0.0008, 'batch_size': 64, 'b': 10, 'cc_pen': 1.0, 'abstract_pen': 1.0, 'model': 'cc', 'seed': 1, 'tau_noise': 0.0, 'neptune': False, 'no_log': False, 'eval': False, 'abstract_dim': 32, 'ellis': True, 'freeze': False, 'hidden_dim': 32, 'num_hidden': 2, 'device': 'NVIDIA A100-PCIE-40GB', 'epochs': 2000, 'test_every': 100, 'save_every': 500, 'id': 'edabff0b0361481a8e6736db804634f8'}
train
Net has 206800 parameters
Solved 0/200 episodes, CC loss avg = 0.039268171928218895
Epoch 0	 test acc 0.0
reloading data
Solved 12/200 episodes, CC loss avg = 0.031144601103874573
Epoch 100	 test acc 0.06
reloading data
Solved 43/200 episodes, CC loss avg = 0.01935679397826415
Epoch 200	 test acc 0.215
reloading data
Solved 27/200 episodes, CC loss avg = 0.012068483481447114
Epoch 300	 test acc 0.135
reloading data
Solved 29/200 episodes, CC loss avg = 0.012762387535553593
Epoch 400	 test acc 0.145
reloading data
Solved 33/200 episodes, CC loss avg = 0.013440394221840254
Epoch 500	 test acc 0.165
Saved model at models/edabff0b0361481a8e6736db804634f8-epoch-500.pt
reloading data
Solved 42/200 episodes, CC loss avg = 0.013865859717355176
Epoch 600	 test acc 0.21
reloading data
Solved 61/200 episodes, CC loss avg = 0.011072100507509378
Epoch 700	 test acc 0.305
reloading data
Solved 62/200 episodes, CC loss avg = 0.013200959989695721
Epoch 800	 test acc 0.31
reloading data
Solved 61/200 episodes, CC loss avg = 0.013039768738147942
Epoch 900	 test acc 0.305
reloading data
Solved 69/200 episodes, CC loss avg = 0.013071636671428542
Epoch 1000	 test acc 0.345
Saved model at models/edabff0b0361481a8e6736db804634f8-epoch-1000.pt
reloading data
Solved 71/200 episodes, CC loss avg = 0.01339543395083815
Epoch 1100	 test acc 0.355
reloading data
Solved 75/200 episodes, CC loss avg = 0.013644913891650718
Epoch 1200	 test acc 0.375
reloading data
Solved 81/200 episodes, CC loss avg = 0.012588653571352863
Epoch 1300	 test acc 0.405
reloading data
Solved 79/200 episodes, CC loss avg = 0.012632543300794935
Epoch 1400	 test acc 0.395
reloading data
Solved 89/200 episodes, CC loss avg = 0.014282860118082856
Epoch 1500	 test acc 0.445
Saved model at models/edabff0b0361481a8e6736db804634f8-epoch-1500.pt
reloading data
Solved 84/200 episodes, CC loss avg = 0.013196800775273076
Epoch 1600	 test acc 0.42
reloading data
Solved 87/200 episodes, CC loss avg = 0.012996794382145755
Epoch 1700	 test acc 0.435
reloading data
Solved 105/200 episodes, CC loss avg = 0.012951952438015724
Epoch 1800	 test acc 0.525
reloading data
Solved 80/200 episodes, CC loss avg = 0.013701536706494481
Epoch 1900	 test acc 0.4
Saved model at models/edabff0b0361481a8e6736db804634f8.pt
Completed training in 27649.5 seconds
MODEL: 	cc
ABSTRACT_PEN: 	1.0
TAU_NOISE: 	0.0
