MODEL:	 hmm
N:	 20000
ABSTRACT_PEN:	 1.0
Starting run:
ee0e41efbceb4856bbe6afb37cf276ab
params: {'n': 20000, 'traj_updates': 10000000.0, 'num_saves': 20, 'num_tests': 100, 'num_test': 200, 'lr': 0.0008, 'batch_size': 16, 'model_load_path': 'models/4f33c4fd2210434ab368a39eb335d2d8-epoch-625.pt', 'b': 10, 'abstract_pen': 1.0, 'model': 'hmm', 'seed': 1, 'abstract_dim': 32, 'tau_noise_std': 0.0, 'freeze': False, 'eval': False, 'load': False, 'ellis': False, 'neptune': False, 'no_log': False, 'fine_tune': False, 'variable_abstract_pen': False, 'tau_precompute': False, 'replace_trans_net': False, 'batch_norm': False, 'no_tau_norm': False, 'relational_micro': False, 'toy_test': False, 'separate_option_nets': False, 'gumbel': True, 'g_start_temp': 5.0, 'g_stop_temp': 0.7, 'num_categories': 8, 'gumbel_sched': <function boxworld_main.<locals>.schedule_temp at 0x7efacc3a6af0>, 'device': 'NVIDIA GeForce RTX 2080 Ti', 'epochs': 500, 'test_every': 5, 'save_every': 25, 'id': 'ee0e41efbceb4856bbe6afb37cf276ab'}
Net has 228596 parameters
WARNING: tau norm dim disabled
abstract.GUMBEL_TEMP: 5.0
train_loss: 631773.169090271
Solved 0/200 episodes, CC loss avg = 0.00446680973016823
Epoch 0	 test acc 0.0
abstract.GUMBEL_TEMP: 4.985110240337575
train_loss: 408767.22524261475
abstract.GUMBEL_TEMP: 4.970246260319663
train_loss: 379803.75595092773
abstract.GUMBEL_TEMP: 4.955408015312226
train_loss: 360488.1926422119
abstract.GUMBEL_TEMP: 4.940595460758509
train_loss: 345796.0640182495
abstract.GUMBEL_TEMP: 4.925808552178894
train_loss: 332208.7720413208
Solved 3/200 episodes, CC loss avg = 18.47413017816143
Epoch 5	 test acc 0.015
abstract.GUMBEL_TEMP: 4.91104724517078
train_loss: 317775.72941589355
abstract.GUMBEL_TEMP: 4.896311495408438
train_loss: 386368.453666687
abstract.GUMBEL_TEMP: 4.881601258642889
train_loss: 373148.052482605
abstract.GUMBEL_TEMP: 4.86691649070176
train_loss: 356921.0726928711
abstract.GUMBEL_TEMP: 4.852257147489159
train_loss: 339721.26959228516
Solved 18/200 episodes, CC loss avg = 0.004217292787507177
Epoch 10	 test acc 0.09
abstract.GUMBEL_TEMP: 4.8376231849855404
train_loss: 326579.13565826416
abstract.GUMBEL_TEMP: 4.823014559247571
train_loss: 318546.85346984863
abstract.GUMBEL_TEMP: 4.808431226408002
train_loss: 312227.1703491211
abstract.GUMBEL_TEMP: 4.793873142675532
train_loss: 307966.235748291
abstract.GUMBEL_TEMP: 4.779340264334681
train_loss: 303874.6627883911
Solved 14/200 episodes, CC loss avg = 0.0042208950909031415
Epoch 15	 test acc 0.07
abstract.GUMBEL_TEMP: 4.764832547745655
train_loss: 300412.5950393677
abstract.GUMBEL_TEMP: 4.750349949344218
train_loss: 297759.8822631836
abstract.GUMBEL_TEMP: 4.735892425641559
train_loss: 294765.8119277954
abstract.GUMBEL_TEMP: 4.7214599332241605
train_loss: 291647.35625457764
abstract.GUMBEL_TEMP: 4.707052428753673
train_loss: 289553.92278289795
Solved 15/200 episodes, CC loss avg = 0.0042243488674420255
Epoch 20	 test acc 0.075
abstract.GUMBEL_TEMP: 4.692669868966776
train_loss: 287190.61653137207
abstract.GUMBEL_TEMP: 4.678312210675061
train_loss: 285143.0156478882
abstract.GUMBEL_TEMP: 4.663979410764892
train_loss: 282780.2275390625
abstract.GUMBEL_TEMP: 4.649671426197273
train_loss: 280868.3331832886
abstract.GUMBEL_TEMP: 4.635388214007734
train_loss: 279352.99782562256
Solved 16/200 episodes, CC loss avg = 0.004241456898261679
Epoch 25	 test acc 0.08
Saved model at models/ee0e41efbceb4856bbe6afb37cf276ab-epoch-25.pt
abstract.GUMBEL_TEMP: 4.621129731306182
train_loss: 276833.83501434326
abstract.GUMBEL_TEMP: 4.606895935276792
train_loss: 276096.73931121826
abstract.GUMBEL_TEMP: 4.592686783177861
train_loss: 275168.7255935669
abstract.GUMBEL_TEMP: 4.578502232341695
train_loss: 273393.63611602783
abstract.GUMBEL_TEMP: 4.564342240174465
train_loss: 272974.0864639282
Solved 14/200 episodes, CC loss avg = 0.004252790095943511
Epoch 30	 test acc 0.07
abstract.GUMBEL_TEMP: 4.550206764156096
train_loss: 271930.8370895386
abstract.GUMBEL_TEMP: 4.536095761840125
train_loss: 270529.19303894043
abstract.GUMBEL_TEMP: 4.522009190853582
train_loss: 269616.46770477295
abstract.GUMBEL_TEMP: 4.50794700889686
train_loss: 268782.1418991089
abstract.GUMBEL_TEMP: 4.493909173743586
train_loss: 267993.29679107666
Solved 18/200 episodes, CC loss avg = 0.004262854157445523
Epoch 35	 test acc 0.09
abstract.GUMBEL_TEMP: 4.479895643240501
train_loss: 267639.58265686035
abstract.GUMBEL_TEMP: 4.465906375307324
train_loss: 266075.095741272
abstract.GUMBEL_TEMP: 4.451941327936633
train_loss: 265720.59588623047
abstract.GUMBEL_TEMP: 4.438000459193735
train_loss: 264968.1755065918
abstract.GUMBEL_TEMP: 4.424083727216543
train_loss: 264660.4569244385
Solved 18/200 episodes, CC loss avg = 0.0042703633008753525
Epoch 40	 test acc 0.09
abstract.GUMBEL_TEMP: 4.410191090215448
train_loss: 263923.80493927
abstract.GUMBEL_TEMP: 4.396322506473192
train_loss: 263297.912651062
abstract.GUMBEL_TEMP: 4.382477934344747
train_loss: 262027.23538208008
abstract.GUMBEL_TEMP: 4.3686573322571896
train_loss: 261670.81591796875
abstract.GUMBEL_TEMP: 4.35486065870957
train_loss: 260859.08611297607
Solved 18/200 episodes, CC loss avg = 0.004286486577581275
Epoch 45	 test acc 0.09
abstract.GUMBEL_TEMP: 4.341087872272796
train_loss: 260338.16632080078
abstract.GUMBEL_TEMP: 4.327338931589501
train_loss: 259747.61855316162
abstract.GUMBEL_TEMP: 4.313613795373925
train_loss: 258834.5927658081
abstract.GUMBEL_TEMP: 4.299912422411791
train_loss: 258871.4059753418
abstract.GUMBEL_TEMP: 4.2862347715601725
train_loss: 257735.02632904053
Solved 16/200 episodes, CC loss avg = 0.004310479940300391
Epoch 50	 test acc 0.08
Saved model at models/ee0e41efbceb4856bbe6afb37cf276ab-epoch-50.pt
abstract.GUMBEL_TEMP: 4.272580801747384
train_loss: 257286.2604827881
abstract.GUMBEL_TEMP: 4.258950471972845
train_loss: 256914.5258026123
abstract.GUMBEL_TEMP: 4.245343741306964
train_loss: 256445.41875457764
abstract.GUMBEL_TEMP: 4.231760568891014
train_loss: 255850.398979187
abstract.GUMBEL_TEMP: 4.218200913937009
train_loss: 255712.79936218262
Solved 17/200 episodes, CC loss avg = 0.004315553081074828
Epoch 55	 test acc 0.085
abstract.GUMBEL_TEMP: 4.204664735727583
train_loss: 255094.9674758911
abstract.GUMBEL_TEMP: 4.191151993615864
train_loss: 254625.1018295288
abstract.GUMBEL_TEMP: 4.1776626470253575
train_loss: 254282.21154785156
abstract.GUMBEL_TEMP: 4.16419665544982
train_loss: 253470.62196350098
abstract.GUMBEL_TEMP: 4.150753978453141
train_loss: 253432.331199646
Solved 24/200 episodes, CC loss avg = 0.004341624948961252
Epoch 60	 test acc 0.12
abstract.GUMBEL_TEMP: 4.1373345756692155
train_loss: 252994.8296432495
abstract.GUMBEL_TEMP: 4.123938406801834
train_loss: 252544.75750732422
abstract.GUMBEL_TEMP: 4.11056543162455
train_loss: 252336.5832977295
abstract.GUMBEL_TEMP: 4.097215609980563
train_loss: 251836.90995788574
abstract.GUMBEL_TEMP: 4.0838889017826006
train_loss: 251633.86863708496
Solved 16/200 episodes, CC loss avg = 0.004347266018891535
Epoch 65	 test acc 0.08
abstract.GUMBEL_TEMP: 4.070585267012797
train_loss: 250784.72305297852
abstract.GUMBEL_TEMP: 4.05730466572257
train_loss: 250381.74564361572
abstract.GUMBEL_TEMP: 4.044047058032503
train_loss: 250191.96311187744
abstract.GUMBEL_TEMP: 4.030812404132229
train_loss: 250022.68155670166
abstract.GUMBEL_TEMP: 4.017600664280301
train_loss: 249295.8338546753
Solved 17/200 episodes, CC loss avg = 0.004368783292127228
Epoch 70	 test acc 0.085
abstract.GUMBEL_TEMP: 4.004411798804085
train_loss: 249291.67502593994
abstract.GUMBEL_TEMP: 3.991245768099631
train_loss: 249137.4312210083
abstract.GUMBEL_TEMP: 3.9781025326315618
train_loss: 248454.50858306885
abstract.GUMBEL_TEMP: 3.964982052932947
train_loss: 248156.50311279297
abstract.GUMBEL_TEMP: 3.9518842896051876
train_loss: 248261.85094451904
Solved 9/200 episodes, CC loss avg = 0.004390251867330531
Epoch 75	 test acc 0.045
Saved model at models/ee0e41efbceb4856bbe6afb37cf276ab-epoch-75.pt
abstract.GUMBEL_TEMP: 3.938809203317901
train_loss: 248170.8777770996
abstract.GUMBEL_TEMP: 3.9257567548087993
train_loss: 247064.08016967773
abstract.GUMBEL_TEMP: 3.912726904883571
train_loss: 247374.31842041016
abstract.GUMBEL_TEMP: 3.899719614415763
train_loss: 246756.23537445068
abstract.GUMBEL_TEMP: 3.886734844346667
train_loss: 246508.39642333984
Solved 30/200 episodes, CC loss avg = 0.004394489321347377
Epoch 80	 test acc 0.15
abstract.GUMBEL_TEMP: 3.8737725556852
train_loss: 246510.87563323975
abstract.GUMBEL_TEMP: 3.8608327095077843
train_loss: 246244.75804138184
abstract.GUMBEL_TEMP: 3.8479152669582346
train_loss: 246157.27291107178
abstract.GUMBEL_TEMP: 3.8350201892476408
train_loss: 245850.11361694336
abstract.GUMBEL_TEMP: 3.822147437654249
train_loss: 245529.2296447754
Solved 20/200 episodes, CC loss avg = 0.004421337021168913
Epoch 85	 test acc 0.1
abstract.GUMBEL_TEMP: 3.809296973523348
train_loss: 245266.50284576416
abstract.GUMBEL_TEMP: 3.7964687582671504
train_loss: 244949.95413208008
abstract.GUMBEL_TEMP: 3.783662753364683
train_loss: 244567.6037979126
abstract.GUMBEL_TEMP: 3.7708789203616595
train_loss: 244275.22134399414
abstract.GUMBEL_TEMP: 3.7581172208703792
train_loss: 244084.50904083252
Solved 30/200 episodes, CC loss avg = 0.004436645898609781
Epoch 90	 test acc 0.15
abstract.GUMBEL_TEMP: 3.7453776165695993
train_loss: 244189.37782287598
abstract.GUMBEL_TEMP: 3.732660069204427
train_loss: 244318.86312103271
abstract.GUMBEL_TEMP: 3.719964540586205
train_loss: 243542.61542510986
abstract.GUMBEL_TEMP: 3.707290992592392
train_loss: 243514.5048904419
abstract.GUMBEL_TEMP: 3.6946393871664505
train_loss: 243155.39492797852
Solved 30/200 episodes, CC loss avg = 0.004445045356355284
Epoch 95	 test acc 0.15
abstract.GUMBEL_TEMP: 3.682009686317733
train_loss: 243086.82093048096
abstract.GUMBEL_TEMP: 3.6694018521213705
train_loss: 242723.63595581055
abstract.GUMBEL_TEMP: 3.6568158467181533
train_loss: 242819.264213562
abstract.GUMBEL_TEMP: 3.64425163231442
train_loss: 242769.66594696045
abstract.GUMBEL_TEMP: 3.631709171181945
train_loss: 242244.41766357422
Solved 35/200 episodes, CC loss avg = 0.004475510799912391
Epoch 100	 test acc 0.175
Saved model at models/ee0e41efbceb4856bbe6afb37cf276ab-epoch-100.pt
abstract.GUMBEL_TEMP: 3.619188425657823
train_loss: 242157.31116485596
abstract.GUMBEL_TEMP: 3.606689358144358
train_loss: 242194.85816192627
abstract.GUMBEL_TEMP: 3.5942119311089487
train_loss: 241557.38539123535
abstract.GUMBEL_TEMP: 3.581756107083976
train_loss: 241967.72827911377
abstract.GUMBEL_TEMP: 3.5693218486666947
train_loss: 241172.71850585938
Solved 28/200 episodes, CC loss avg = 0.00452115245614991
Epoch 105	 test acc 0.14
abstract.GUMBEL_TEMP: 3.55690911851911
train_loss: 240926.28897094727
abstract.GUMBEL_TEMP: 3.5445178793678824
train_loss: 241353.0925140381
abstract.GUMBEL_TEMP: 3.5321480940041985
train_loss: 240593.164352417
abstract.GUMBEL_TEMP: 3.5197997252836704
train_loss: 240734.24942016602
abstract.GUMBEL_TEMP: 3.5074727361262212
train_loss: 240776.77980804443
Solved 31/200 episodes, CC loss avg = 0.004519760678026905
Epoch 110	 test acc 0.155
abstract.GUMBEL_TEMP: 3.49516708951597
train_loss: 240346.73876953125
abstract.GUMBEL_TEMP: 3.4828827485011287
train_loss: 240573.77089691162
abstract.GUMBEL_TEMP: 3.4706196761938823
train_loss: 240278.41659545898
abstract.GUMBEL_TEMP: 3.4583778357702863
train_loss: 239740.06784057617
abstract.GUMBEL_TEMP: 3.446157190470146
train_loss: 240024.9511566162
Solved 33/200 episodes, CC loss avg = 0.004547416591984138
Epoch 115	 test acc 0.165
abstract.GUMBEL_TEMP: 3.433957703596917
train_loss: 239832.067527771
abstract.GUMBEL_TEMP: 3.42177933851759
train_loss: 239744.90567016602
abstract.GUMBEL_TEMP: 3.4096220586625776
train_loss: 239446.9019241333
abstract.GUMBEL_TEMP: 3.3974858275256112
train_loss: 239023.32266235352
abstract.GUMBEL_TEMP: 3.385370608663626
train_loss: 239233.09939575195
Solved 36/200 episodes, CC loss avg = 0.004585275830536643
Epoch 120	 test acc 0.18
abstract.GUMBEL_TEMP: 3.3732763656966522
train_loss: 239194.12631225586
abstract.GUMBEL_TEMP: 3.3612030623077125
train_loss: 239227.57341003418
abstract.GUMBEL_TEMP: 3.3491506622427023
train_loss: 239010.74983215332
abstract.GUMBEL_TEMP: 3.3371191293102864
train_loss: 238909.4937286377
abstract.GUMBEL_TEMP: 3.3251084273817932
train_loss: 238412.02095031738
Solved 31/200 episodes, CC loss avg = 0.0046168483261551175
Epoch 125	 test acc 0.155
Saved model at models/ee0e41efbceb4856bbe6afb37cf276ab-epoch-125.pt
abstract.GUMBEL_TEMP: 3.313118520391103
train_loss: 238617.16442871094
abstract.GUMBEL_TEMP: 3.3011493723345353
train_loss: 238611.78170776367
abstract.GUMBEL_TEMP: 3.28920094727075
train_loss: 238242.04792785645
abstract.GUMBEL_TEMP: 3.277273209320632
train_loss: 238303.05144500732
abstract.GUMBEL_TEMP: 3.2653661226671895
train_loss: 238229.20440673828
Solved 33/200 episodes, CC loss avg = 0.004639085319890516
Epoch 130	 test acc 0.165
abstract.GUMBEL_TEMP: 3.2534796515554376
train_loss: 238281.506149292
abstract.GUMBEL_TEMP: 3.2416137602923003
train_loss: 237728.8581237793
abstract.GUMBEL_TEMP: 3.229768413246499
train_loss: 237958.80080413818
abstract.GUMBEL_TEMP: 3.217943574848446
train_loss: 237610.09330749512
abstract.GUMBEL_TEMP: 3.2061392095901367
train_loss: 237072.401222229
Solved 34/200 episodes, CC loss avg = 0.0046831587112623535
Epoch 135	 test acc 0.17
abstract.GUMBEL_TEMP: 3.194355282025043
train_loss: 237627.82144927979
abstract.GUMBEL_TEMP: 3.1825917567680113
train_loss: 237536.08059692383
abstract.GUMBEL_TEMP: 3.170848598495149
train_loss: 237292.69184875488
abstract.GUMBEL_TEMP: 3.1591257719437245
train_loss: 237207.75115203857
abstract.GUMBEL_TEMP: 3.1474232419120565
train_loss: 236829.66849517822
Solved 22/200 episodes, CC loss avg = 0.0046937720105052
Epoch 140	 test acc 0.11
abstract.GUMBEL_TEMP: 3.1357409732594146
train_loss: 237063.03727722168
abstract.GUMBEL_TEMP: 3.124078930905905
train_loss: 237012.0467529297
abstract.GUMBEL_TEMP: 3.1124370798323753
train_loss: 237127.08681488037
abstract.GUMBEL_TEMP: 3.100815385080299
train_loss: 236727.69049072266
abstract.GUMBEL_TEMP: 3.08921381175168
train_loss: 236341.36515045166
Solved 37/200 episodes, CC loss avg = 0.004721434888978527
Epoch 145	 test acc 0.185
abstract.GUMBEL_TEMP: 3.077632325008942
train_loss: 236813.49570465088
abstract.GUMBEL_TEMP: 3.0660708900748235
train_loss: 236537.0807800293
abstract.GUMBEL_TEMP: 3.054529472232277
train_loss: 236094.869140625
abstract.GUMBEL_TEMP: 3.0430080368243635
train_loss: 236487.04648590088
abstract.GUMBEL_TEMP: 3.0315065492541464
train_loss: 236339.22109222412
Solved 30/200 episodes, CC loss avg = 0.004821764260458832
Epoch 150	 test acc 0.15
Saved model at models/ee0e41efbceb4856bbe6afb37cf276ab-epoch-150.pt
abstract.GUMBEL_TEMP: 3.0200249749845893
train_loss: 236075.7198486328
abstract.GUMBEL_TEMP: 3.0085632795384534
train_loss: 236182.46495056152
abstract.GUMBEL_TEMP: 2.9971214284981915
train_loss: 236138.54898834229
abstract.GUMBEL_TEMP: 2.9856993875058464
train_loss: 236103.72315979004
abstract.GUMBEL_TEMP: 2.9742971222629473
train_loss: 235801.1820602417
Solved 34/200 episodes, CC loss avg = 0.004795717659391581
Epoch 155	 test acc 0.17
abstract.GUMBEL_TEMP: 2.9629145985304044
train_loss: 235206.45583343506
abstract.GUMBEL_TEMP: 2.951551782128412
train_loss: 235924.56761169434
abstract.GUMBEL_TEMP: 2.9402086389363395
train_loss: 235477.24864196777
abstract.GUMBEL_TEMP: 2.9288851348926332
train_loss: 235147.25925445557
abstract.GUMBEL_TEMP: 2.917581235994712
train_loss: 235585.61208343506
Solved 33/200 episodes, CC loss avg = 0.004831999486001829
Epoch 160	 test acc 0.165
abstract.GUMBEL_TEMP: 2.906296908298864
train_loss: 235284.59020996094
abstract.GUMBEL_TEMP: 2.8950321179201497
train_loss: 235247.83242034912
abstract.GUMBEL_TEMP: 2.8837868310322943
train_loss: 235063.37384033203
abstract.GUMBEL_TEMP: 2.872561013867589
train_loss: 235395.41060638428
abstract.GUMBEL_TEMP: 2.8613546327167914
train_loss: 234771.0577392578
Solved 41/200 episodes, CC loss avg = 0.004861142842427772
Epoch 165	 test acc 0.205
abstract.GUMBEL_TEMP: 2.8501676539290175
train_loss: 235157.8350906372
abstract.GUMBEL_TEMP: 2.8390000439116525
train_loss: 234728.82859802246
abstract.GUMBEL_TEMP: 2.827851769130236
train_loss: 234823.64051055908
abstract.GUMBEL_TEMP: 2.8167227961083707
train_loss: 234747.73902893066
abstract.GUMBEL_TEMP: 2.8056130914276203
train_loss: 234526.58476257324
Solved 30/200 episodes, CC loss avg = 0.004961783786849031
Epoch 170	 test acc 0.15
abstract.GUMBEL_TEMP: 2.794522621727406
train_loss: 234629.80727386475
abstract.GUMBEL_TEMP: 2.783451353704911
train_loss: 234566.81420135498
abstract.GUMBEL_TEMP: 2.7723992541149762
train_loss: 234688.73825836182
abstract.GUMBEL_TEMP: 2.7613662897700015
train_loss: 234534.16668701172
abstract.GUMBEL_TEMP: 2.7503524275398474
train_loss: 233996.98249816895
Solved 21/200 episodes, CC loss avg = 0.004975503472530324
Epoch 175	 test acc 0.105
Saved model at models/ee0e41efbceb4856bbe6afb37cf276ab-epoch-175.pt
abstract.GUMBEL_TEMP: 2.7393576343517356
train_loss: 234268.95915222168
abstract.GUMBEL_TEMP: 2.7283818771901487
train_loss: 234230.85778808594
abstract.GUMBEL_TEMP: 2.7174251230967297
train_loss: 234016.40548706055
abstract.GUMBEL_TEMP: 2.7064873391701862
train_loss: 234079.39316558838
abstract.GUMBEL_TEMP: 2.6955684925661894
train_loss: 233871.77368164062
Solved 32/200 episodes, CC loss avg = 0.005024648957407555
Epoch 180	 test acc 0.16
abstract.GUMBEL_TEMP: 2.6846685504972774
train_loss: 234317.78048706055
abstract.GUMBEL_TEMP: 2.6737874802327544
train_loss: 233764.67935180664
abstract.GUMBEL_TEMP: 2.662925249098592
train_loss: 233844.0541229248
abstract.GUMBEL_TEMP: 2.6520818244773356
train_loss: 233847.46197509766
abstract.GUMBEL_TEMP: 2.6412571738080004
train_loss: 233944.91934204102
Solved 32/200 episodes, CC loss avg = 0.005056043464869057
Epoch 185	 test acc 0.16
abstract.GUMBEL_TEMP: 2.6304512645859797
train_loss: 233486.0150756836
abstract.GUMBEL_TEMP: 2.61966406436294
train_loss: 233726.93995666504
abstract.GUMBEL_TEMP: 2.6088955407467336
train_loss: 233145.42720031738
abstract.GUMBEL_TEMP: 2.5981456614012894
train_loss: 233369.5361251831
abstract.GUMBEL_TEMP: 2.587414394046526
train_loss: 233372.20458221436
Solved 32/200 episodes, CC loss avg = 0.0050854939456216825
Epoch 190	 test acc 0.16
abstract.GUMBEL_TEMP: 2.57670170645825
train_loss: 233524.9987335205
abstract.GUMBEL_TEMP: 2.566007566468058
train_loss: 233275.87772369385
abstract.GUMBEL_TEMP: 2.555331941963244
train_loss: 233092.90745544434
abstract.GUMBEL_TEMP: 2.5446748008866997
train_loss: 233268.7927093506
abstract.GUMBEL_TEMP: 2.5340361112368215
train_loss: 233312.23079681396
Solved 34/200 episodes, CC loss avg = 0.0051964189322596345
Epoch 195	 test acc 0.17
abstract.GUMBEL_TEMP: 2.523415841067409
train_loss: 233185.63005065918
abstract.GUMBEL_TEMP: 2.5128139584875746
train_loss: 233147.5295562744
abstract.GUMBEL_TEMP: 2.502230431661644
train_loss: 232959.5477218628
abstract.GUMBEL_TEMP: 2.4916652288090666
train_loss: 233082.47115325928
abstract.GUMBEL_TEMP: 2.481118318204309
train_loss: 232760.67337036133
Solved 26/200 episodes, CC loss avg = 0.005254556525153506
Epoch 200	 test acc 0.13
Saved model at models/ee0e41efbceb4856bbe6afb37cf276ab-epoch-200.pt
abstract.GUMBEL_TEMP: 2.4705896681767707
train_loss: 232873.60584259033
abstract.GUMBEL_TEMP: 2.4600792471106834
train_loss: 232963.7088317871
abstract.GUMBEL_TEMP: 2.4495870234450177
train_loss: 232687.6527557373
abstract.GUMBEL_TEMP: 2.439112965673388
train_loss: 232953.1149368286
abstract.GUMBEL_TEMP: 2.4286570423439566
train_loss: 232710.28981781006
Solved 31/200 episodes, CC loss avg = 0.005300151978676416
Epoch 205	 test acc 0.155
abstract.GUMBEL_TEMP: 2.418219222059343
train_loss: 232827.8067779541
abstract.GUMBEL_TEMP: 2.4077994734765227
train_loss: 232533.98235321045
abstract.GUMBEL_TEMP: 2.397397765306744
train_loss: 232590.87730407715
abstract.GUMBEL_TEMP: 2.3870140663154205
train_loss: 232161.86405944824
abstract.GUMBEL_TEMP: 2.37664834532205
train_loss: 232386.04512023926
Solved 31/200 episodes, CC loss avg = 0.0053853078500768325
Epoch 210	 test acc 0.155
abstract.GUMBEL_TEMP: 2.3663005712001106
train_loss: 232478.48051452637
abstract.GUMBEL_TEMP: 2.3559707128769767
train_loss: 232360.945602417
abstract.GUMBEL_TEMP: 2.345658739333816
train_loss: 232211.49755096436
abstract.GUMBEL_TEMP: 2.335364619605506
train_loss: 232556.9750442505
abstract.GUMBEL_TEMP: 2.3250883227805303
train_loss: 231838.4840927124
Solved 30/200 episodes, CC loss avg = 0.005447738659407558
Epoch 215	 test acc 0.15
abstract.GUMBEL_TEMP: 2.3148298180008986
train_loss: 231946.23322296143
abstract.GUMBEL_TEMP: 2.3045890744620405
train_loss: 231950.24467468262
abstract.GUMBEL_TEMP: 2.294366061412725
train_loss: 231748.58520507812
abstract.GUMBEL_TEMP: 2.2841607481549584
train_loss: 232136.80796051025
abstract.GUMBEL_TEMP: 2.2739731040439013
train_loss: 232040.02136993408
Solved 27/200 episodes, CC loss avg = 0.005535187026363437
Epoch 220	 test acc 0.135
abstract.GUMBEL_TEMP: 2.2638030984877657
train_loss: 232000.72550964355
abstract.GUMBEL_TEMP: 2.253650700947735
train_loss: 231979.16236114502
abstract.GUMBEL_TEMP: 2.2435158809378644
train_loss: 231641.07529449463
abstract.GUMBEL_TEMP: 2.2333986080249897
train_loss: 231915.77020263672
abstract.GUMBEL_TEMP: 2.2232988518286394
train_loss: 232145.0317993164
Solved 39/200 episodes, CC loss avg = 0.005646717612706851
Epoch 225	 test acc 0.195
Saved model at models/ee0e41efbceb4856bbe6afb37cf276ab-epoch-225.pt
abstract.GUMBEL_TEMP: 2.2132165820209417
train_loss: 232009.8483428955
abstract.GUMBEL_TEMP: 2.2031517683265323
train_loss: 231530.836479187
abstract.GUMBEL_TEMP: 2.1931043805224677
train_loss: 231663.3689956665
abstract.GUMBEL_TEMP: 2.1830743884381283
train_loss: 231631.44606781006
abstract.GUMBEL_TEMP: 2.1730617619551333
train_loss: 231684.69917297363
Solved 23/200 episodes, CC loss avg = 0.005689024165575494
Epoch 230	 test acc 0.115
abstract.GUMBEL_TEMP: 2.163066471007244
train_loss: 231498.0716934204
abstract.GUMBEL_TEMP: 2.1530884855802817
train_loss: 231317.52555847168
abstract.GUMBEL_TEMP: 2.143127775712032
train_loss: 231547.84269714355
abstract.GUMBEL_TEMP: 2.1331843114921547
train_loss: 231054.1321105957
abstract.GUMBEL_TEMP: 2.1232580630620963
train_loss: 231261.197265625
Solved 33/200 episodes, CC loss avg = 0.005825895623867075
Epoch 235	 test acc 0.165
abstract.GUMBEL_TEMP: 2.113349000615
train_loss: 231297.30612945557
abstract.GUMBEL_TEMP: 2.1034570943956155
train_loss: 231136.31860351562
abstract.GUMBEL_TEMP: 2.0935823147002077
train_loss: 231185.2384033203
abstract.GUMBEL_TEMP: 2.0837246318764735
train_loss: 231192.64252471924
abstract.GUMBEL_TEMP: 2.073884016323446
train_loss: 230520.87868499756
Solved 31/200 episodes, CC loss avg = 0.005911323214335554
Epoch 240	 test acc 0.155
abstract.GUMBEL_TEMP: 2.064060438491407
train_loss: 230806.2281036377
abstract.GUMBEL_TEMP: 2.054253868881805
train_loss: 231193.15490722656
abstract.GUMBEL_TEMP: 2.0444642780471556
train_loss: 231015.05585479736
abstract.GUMBEL_TEMP: 2.034691636590962
train_loss: 231060.9427947998
abstract.GUMBEL_TEMP: 2.0249359151676236
train_loss: 231550.56853485107
Solved 30/200 episodes, CC loss avg = 0.0059963261693834315
Epoch 245	 test acc 0.15
abstract.GUMBEL_TEMP: 2.015197084482346
train_loss: 230830.05541992188
abstract.GUMBEL_TEMP: 2.0054751152910564
train_loss: 230318.10054779053
abstract.GUMBEL_TEMP: 1.9957699784003144
train_loss: 230665.89414978027
abstract.GUMBEL_TEMP: 1.986081644667223
train_loss: 230563.94915771484
abstract.GUMBEL_TEMP: 1.9764100849993413
train_loss: 230571.52056884766
Solved 34/200 episodes, CC loss avg = 0.006157310832052203
Epoch 250	 test acc 0.17
Saved model at models/ee0e41efbceb4856bbe6afb37cf276ab-epoch-250.pt
abstract.GUMBEL_TEMP: 1.9667552703546018
train_loss: 230510.30673217773
abstract.GUMBEL_TEMP: 1.9571171717412168
train_loss: 230756.23611450195
abstract.GUMBEL_TEMP: 1.947495760217594
train_loss: 230456.43662261963
abstract.GUMBEL_TEMP: 1.9378910068922501
train_loss: 230848.03618621826
abstract.GUMBEL_TEMP: 1.9283028829237236
train_loss: 230382.4349822998
Solved 39/200 episodes, CC loss avg = 0.006214582583305076
Epoch 255	 test acc 0.195
abstract.GUMBEL_TEMP: 1.9187313595204882
train_loss: 230600.89435577393
abstract.GUMBEL_TEMP: 1.9091764079408662
train_loss: 230437.13677978516
abstract.GUMBEL_TEMP: 1.899637999492943
train_loss: 230310.09162902832
abstract.GUMBEL_TEMP: 1.8901161055344802
train_loss: 230244.27892303467
abstract.GUMBEL_TEMP: 1.8806106974728274
train_loss: 230526.41163635254
Solved 30/200 episodes, CC loss avg = 0.006275067649502718
Epoch 260	 test acc 0.15
abstract.GUMBEL_TEMP: 1.8711217467648413
train_loss: 230311.90368652344
abstract.GUMBEL_TEMP: 1.861649224916795
train_loss: 230008.09461975098
abstract.GUMBEL_TEMP: 1.8521931034842978
train_loss: 230075.9462890625
abstract.GUMBEL_TEMP: 1.8427533540722036
train_loss: 230376.2900543213
abstract.GUMBEL_TEMP: 1.8333299483345313
train_loss: 229798.67601013184
Solved 19/200 episodes, CC loss avg = 0.006320416997626143
Epoch 265	 test acc 0.095
abstract.GUMBEL_TEMP: 1.8239228579743736
train_loss: 229967.37576293945
abstract.GUMBEL_TEMP: 1.8145320547438184
train_loss: 230548.20072174072
abstract.GUMBEL_TEMP: 1.805157510443862
train_loss: 230329.05026245117
abstract.GUMBEL_TEMP: 1.7957991969243203
train_loss: 230542.7953414917
abstract.GUMBEL_TEMP: 1.7864570860837499
train_loss: 229829.8349761963
Solved 34/200 episodes, CC loss avg = 0.006564564480951506
Epoch 270	 test acc 0.17
abstract.GUMBEL_TEMP: 1.7771311498693603
train_loss: 229658.35136413574
abstract.GUMBEL_TEMP: 1.767821360276931
train_loss: 230007.3816833496
abstract.GUMBEL_TEMP: 1.7585276893507276
train_loss: 229921.79779052734
abstract.GUMBEL_TEMP: 1.749250109183416
train_loss: 229640.78874206543
abstract.GUMBEL_TEMP: 1.7399885919159812
train_loss: 229703.0756149292
Solved 38/200 episodes, CC loss avg = 0.0067010912300258345
Epoch 275	 test acc 0.19
Saved model at models/ee0e41efbceb4856bbe6afb37cf276ab-epoch-275.pt
abstract.GUMBEL_TEMP: 1.7307431097376427
train_loss: 229954.30487060547
abstract.GUMBEL_TEMP: 1.7215136348857683
train_loss: 230117.99131774902
abstract.GUMBEL_TEMP: 1.712300139645795
train_loss: 229904.93124389648
abstract.GUMBEL_TEMP: 1.703102596351145
train_loss: 229974.9116744995
abstract.GUMBEL_TEMP: 1.69392097738314
train_loss: 229933.22772216797
Solved 31/200 episodes, CC loss avg = 0.006887982233560511
Epoch 280	 test acc 0.155
abstract.GUMBEL_TEMP: 1.6847552551709188
train_loss: 229432.88063812256
abstract.GUMBEL_TEMP: 1.675605402191358
train_loss: 229577.07112884521
abstract.GUMBEL_TEMP: 1.6664713909689837
train_loss: 230211.6510848999
abstract.GUMBEL_TEMP: 1.657353194075895
train_loss: 229486.30602264404
abstract.GUMBEL_TEMP: 1.6482507841316782
train_loss: 229286.21199798584
Solved 42/200 episodes, CC loss avg = 0.007029590478244548
Epoch 285	 test acc 0.21
abstract.GUMBEL_TEMP: 1.6391641338033232
train_loss: 229453.25647735596
abstract.GUMBEL_TEMP: 1.6300932158051449
train_loss: 229570.3928375244
abstract.GUMBEL_TEMP: 1.621038002898702
train_loss: 229594.2540283203
abstract.GUMBEL_TEMP: 1.6119984678927082
train_loss: 229230.64121246338
abstract.GUMBEL_TEMP: 1.602974583642958
train_loss: 229490.98845672607
Solved 25/200 episodes, CC loss avg = 0.007311444508186618
Epoch 290	 test acc 0.125
abstract.GUMBEL_TEMP: 1.5939663230522438
train_loss: 229528.1441040039
abstract.GUMBEL_TEMP: 1.5849736590702708
train_loss: 229323.72132873535
abstract.GUMBEL_TEMP: 1.5759965646935772
train_loss: 229238.81658935547
abstract.GUMBEL_TEMP: 1.567035012965459
train_loss: 229437.87995910645
abstract.GUMBEL_TEMP: 1.5580889769758786
train_loss: 229418.68855285645
Solved 30/200 episodes, CC loss avg = 0.007367367378107164
Epoch 295	 test acc 0.15
abstract.GUMBEL_TEMP: 1.5491584298613938
train_loss: 229257.0340423584
abstract.GUMBEL_TEMP: 1.54024334480507
train_loss: 229306.6257019043
abstract.GUMBEL_TEMP: 1.5313436950364043
train_loss: 229295.82261657715
abstract.GUMBEL_TEMP: 1.5224594538312428
train_loss: 229264.49669647217
abstract.GUMBEL_TEMP: 1.5135905945117003
train_loss: 229033.78830718994
Solved 43/200 episodes, CC loss avg = 0.007531900635228477
Epoch 300	 test acc 0.215
Saved model at models/ee0e41efbceb4856bbe6afb37cf276ab-epoch-300.pt
abstract.GUMBEL_TEMP: 1.504737090446083
train_loss: 229180.40672302246
abstract.GUMBEL_TEMP: 1.4958989150488033
train_loss: 229236.56257629395
abstract.GUMBEL_TEMP: 1.487076041780305
train_loss: 229026.2766418457
abstract.GUMBEL_TEMP: 1.4782684441469813
train_loss: 229150.55210876465
abstract.GUMBEL_TEMP: 1.4694760957010944
train_loss: 228960.49068450928
Solved 29/200 episodes, CC loss avg = 0.007727659412569577
Epoch 305	 test acc 0.145
abstract.GUMBEL_TEMP: 1.4606989700406996
train_loss: 229223.78665924072
abstract.GUMBEL_TEMP: 1.4519370408095627
train_loss: 228984.53633117676
abstract.GUMBEL_TEMP: 1.443190281697079
train_loss: 228904.8874206543
abstract.GUMBEL_TEMP: 1.4344586664382022
train_loss: 228980.56930541992
abstract.GUMBEL_TEMP: 1.4257421688133558
train_loss: 228766.09213256836
Solved 25/200 episodes, CC loss avg = 0.007958671664137665
Epoch 310	 test acc 0.125
abstract.GUMBEL_TEMP: 1.4170407626483623
train_loss: 228747.88513183594
abstract.GUMBEL_TEMP: 1.40835442181436
train_loss: 228784.04347991943
abstract.GUMBEL_TEMP: 1.3996831202277256
train_loss: 228959.60543060303
abstract.GUMBEL_TEMP: 1.3910268318499974
train_loss: 228777.27841949463
abstract.GUMBEL_TEMP: 1.3823855306877921
train_loss: 228604.75955200195
Solved 25/200 episodes, CC loss avg = 0.008178808867894844
Epoch 315	 test acc 0.125
abstract.GUMBEL_TEMP: 1.3737591907927367
train_loss: 228821.62908935547
abstract.GUMBEL_TEMP: 1.3651477862613781
train_loss: 228825.8288040161
abstract.GUMBEL_TEMP: 1.356551291235117
train_loss: 228498.96704101562
abstract.GUMBEL_TEMP: 1.3479696799001206
train_loss: 228542.83489227295
abstract.GUMBEL_TEMP: 1.339402926487251
train_loss: 228583.84162902832
Solved 36/200 episodes, CC loss avg = 0.008406887104409554
Epoch 320	 test acc 0.18
abstract.GUMBEL_TEMP: 1.3308510052719866
train_loss: 229085.77214813232
abstract.GUMBEL_TEMP: 1.322313890574344
train_loss: 228738.01052856445
abstract.GUMBEL_TEMP: 1.3137915567588019
train_loss: 228667.18045806885
abstract.GUMBEL_TEMP: 1.3052839782342225
train_loss: 228406.64685058594
abstract.GUMBEL_TEMP: 1.2967911294537746
train_loss: 228221.52354431152
Solved 27/200 episodes, CC loss avg = 0.008735103480319476
Epoch 325	 test acc 0.135
Saved model at models/ee0e41efbceb4856bbe6afb37cf276ab-epoch-325.pt
abstract.GUMBEL_TEMP: 1.2883129849148602
train_loss: 228347.3342819214
abstract.GUMBEL_TEMP: 1.2798495191590362
train_loss: 228282.3945159912
abstract.GUMBEL_TEMP: 1.2714007067719346
train_loss: 228631.51148223877
abstract.GUMBEL_TEMP: 1.2629665223831896
train_loss: 228230.69912719727
abstract.GUMBEL_TEMP: 1.2545469406663647
train_loss: 227999.42502593994
Solved 32/200 episodes, CC loss avg = 0.008942959129648364
Epoch 330	 test acc 0.16
abstract.GUMBEL_TEMP: 1.246141936338867
train_loss: 228581.52767181396
abstract.GUMBEL_TEMP: 1.2377514841618804
train_loss: 228425.75480651855
abstract.GUMBEL_TEMP: 1.2293755589402868
train_loss: 228036.67636108398
abstract.GUMBEL_TEMP: 1.221014135522588
train_loss: 228550.79734802246
abstract.GUMBEL_TEMP: 1.2126671888008342
train_loss: 228310.24656677246
Solved 33/200 episodes, CC loss avg = 0.009388368953174601
Epoch 335	 test acc 0.165
abstract.GUMBEL_TEMP: 1.2043346937105461
train_loss: 228516.3966293335
abstract.GUMBEL_TEMP: 1.1960166252306395
train_loss: 227855.0810470581
abstract.GUMBEL_TEMP: 1.1877129583833517
train_loss: 228074.1237487793
abstract.GUMBEL_TEMP: 1.1794236682341648
train_loss: 228169.42778778076
abstract.GUMBEL_TEMP: 1.1711487298917338
train_loss: 227882.2827835083
Solved 32/200 episodes, CC loss avg = 0.009733024040575732
Epoch 340	 test acc 0.16
abstract.GUMBEL_TEMP: 1.1628881185078073
train_loss: 227986.208442688
abstract.GUMBEL_TEMP: 1.1546418092771562
train_loss: 228457.63877868652
abstract.GUMBEL_TEMP: 1.146409777437499
train_loss: 227993.6131439209
abstract.GUMBEL_TEMP: 1.1381919982694266
train_loss: 228150.19270324707
abstract.GUMBEL_TEMP: 1.1299884470963275
train_loss: 228369.96054077148
Solved 28/200 episodes, CC loss avg = 0.010164447044107046
Epoch 345	 test acc 0.14
abstract.GUMBEL_TEMP: 1.121799099284314
train_loss: 227992.50369262695
abstract.GUMBEL_TEMP: 1.113623930242152
train_loss: 227866.44679260254
abstract.GUMBEL_TEMP: 1.1054629154211804
train_loss: 227774.04119873047
abstract.GUMBEL_TEMP: 1.0973160303152416
train_loss: 228103.05799865723
abstract.GUMBEL_TEMP: 1.089183250460609
train_loss: 227797.77494049072
Solved 29/200 episodes, CC loss avg = 0.010179906551327025
Epoch 350	 test acc 0.145
Saved model at models/ee0e41efbceb4856bbe6afb37cf276ab-epoch-350.pt
abstract.GUMBEL_TEMP: 1.0810645514359074
train_loss: 228075.63037109375
abstract.GUMBEL_TEMP: 1.0729599088620503
train_loss: 227459.3810119629
abstract.GUMBEL_TEMP: 1.0648692984021555
train_loss: 228122.54850769043
abstract.GUMBEL_TEMP: 1.0567926957614766
train_loss: 227679.26496124268
abstract.GUMBEL_TEMP: 1.048730076687335
train_loss: 227653.72035980225
Solved 34/200 episodes, CC loss avg = 0.010578277664888891
Epoch 355	 test acc 0.17
abstract.GUMBEL_TEMP: 1.040681416969037
train_loss: 228100.41986846924
abstract.GUMBEL_TEMP: 1.0326466924378113
train_loss: 227872.63497161865
abstract.GUMBEL_TEMP: 1.024625878966726
train_loss: 227423.09272766113
abstract.GUMBEL_TEMP: 1.0166189524706282
train_loss: 227485.65308380127
abstract.GUMBEL_TEMP: 1.0086258889060613
train_loss: 228050.3723297119
Solved 24/200 episodes, CC loss avg = 0.011116591977205739
Epoch 360	 test acc 0.12
abstract.GUMBEL_TEMP: 1.0006466642711962
train_loss: 227684.54336547852
abstract.GUMBEL_TEMP: 0.9926812546057626
train_loss: 227418.14770507812
abstract.GUMBEL_TEMP: 0.9847296359909712
train_loss: 227477.48374176025
abstract.GUMBEL_TEMP: 0.976791784549448
train_loss: 227706.16625213623
abstract.GUMBEL_TEMP: 0.9688676764451574
train_loss: 227611.05605316162
Solved 39/200 episodes, CC loss avg = 0.011349750237296457
Epoch 365	 test acc 0.195
abstract.GUMBEL_TEMP: 0.960957287883333
train_loss: 227337.26622009277
abstract.GUMBEL_TEMP: 0.9530605951104072
train_loss: 227348.8684310913
abstract.GUMBEL_TEMP: 0.945177574413936
train_loss: 227799.06841278076
abstract.GUMBEL_TEMP: 0.9373082021225329
train_loss: 227421.6004333496
abstract.GUMBEL_TEMP: 0.9294524546057947
train_loss: 227441.0598297119
Solved 28/200 episodes, CC loss avg = 0.011859429770094507
Epoch 370	 test acc 0.14
abstract.GUMBEL_TEMP: 0.9216103082742296
train_loss: 227314.2932662964
abstract.GUMBEL_TEMP: 0.9137817395791896
train_loss: 227441.17231750488
abstract.GUMBEL_TEMP: 0.9059667250127973
train_loss: 227753.5258255005
abstract.GUMBEL_TEMP: 0.8981652411078762
train_loss: 227396.13428497314
abstract.GUMBEL_TEMP: 0.89037726443788
train_loss: 227052.59801483154
Solved 37/200 episodes, CC loss avg = 0.012277056059655659
Epoch 375	 test acc 0.185
Saved model at models/ee0e41efbceb4856bbe6afb37cf276ab-epoch-375.pt
abstract.GUMBEL_TEMP: 0.882602771616822
train_loss: 227149.46981048584
abstract.GUMBEL_TEMP: 0.8748417392992072
train_loss: 227472.6983642578
abstract.GUMBEL_TEMP: 0.8670941441799569
train_loss: 227439.82572937012
abstract.GUMBEL_TEMP: 0.8593599629943448
train_loss: 227194.487739563
abstract.GUMBEL_TEMP: 0.8516391725179235
train_loss: 227845.2366256714
Solved 29/200 episodes, CC loss avg = 0.012772494106849825
Epoch 380	 test acc 0.145
abstract.GUMBEL_TEMP: 0.8439317495664558
train_loss: 226760.99953460693
abstract.GUMBEL_TEMP: 0.8362376709958437
train_loss: 227413.59632110596
abstract.GUMBEL_TEMP: 0.8285569137020619
train_loss: 227144.57064056396
abstract.GUMBEL_TEMP: 0.8208894546210861
train_loss: 227348.3539352417
abstract.GUMBEL_TEMP: 0.8132352707288234
train_loss: 227305.9580001831
Solved 33/200 episodes, CC loss avg = 0.013345462072083331
Epoch 385	 test acc 0.165
abstract.GUMBEL_TEMP: 0.8055943390410464
train_loss: 227049.12073516846
abstract.GUMBEL_TEMP: 0.7979666366133192
train_loss: 226900.49562835693
abstract.GUMBEL_TEMP: 0.7903521405409314
train_loss: 226922.48348236084
abstract.GUMBEL_TEMP: 0.7827508279588306
train_loss: 227352.1997680664
abstract.GUMBEL_TEMP: 0.775162676041552
train_loss: 226913.44473266602
Solved 31/200 episodes, CC loss avg = 0.01384742282838984
Epoch 390	 test acc 0.155
abstract.GUMBEL_TEMP: 0.7675876620031488
train_loss: 227150.71823120117
abstract.GUMBEL_TEMP: 0.760025763097126
train_loss: 227062.55332183838
abstract.GUMBEL_TEMP: 0.7524769566163702
train_loss: 227123.69235992432
abstract.GUMBEL_TEMP: 0.7449412198930841
train_loss: 227006.82900238037
abstract.GUMBEL_TEMP: 0.7374185302987156
train_loss: 226962.0540084839
Solved 34/200 episodes, CC loss avg = 0.014262799093108854
Epoch 395	 test acc 0.17
abstract.GUMBEL_TEMP: 0.7299088652438912
train_loss: 226578.53524780273
abstract.GUMBEL_TEMP: 0.7224122021783466
train_loss: 227185.84803771973
abstract.GUMBEL_TEMP: 0.7149285185908621
train_loss: 226812.98862457275
abstract.GUMBEL_TEMP: 0.7074577920091923
train_loss: 226934.48574066162
abstract.GUMBEL_TEMP: 0.7
train_loss: 227085.64390563965
Solved 21/200 episodes, CC loss avg = 0.014798105189126302
Epoch 400	 test acc 0.105
Saved model at models/ee0e41efbceb4856bbe6afb37cf276ab-epoch-400.pt
abstract.GUMBEL_TEMP: 0.7
train_loss: 227087.8830947876
abstract.GUMBEL_TEMP: 0.7
train_loss: 226629.32748413086
abstract.GUMBEL_TEMP: 0.7
train_loss: 227151.02045440674
abstract.GUMBEL_TEMP: 0.7
train_loss: 226875.86921691895
abstract.GUMBEL_TEMP: 0.7
train_loss: 226774.1774673462
Solved 34/200 episodes, CC loss avg = 0.014905106988218095
Epoch 405	 test acc 0.17
abstract.GUMBEL_TEMP: 0.7
train_loss: 226527.93780517578
abstract.GUMBEL_TEMP: 0.7
train_loss: 226698.84490203857
abstract.GUMBEL_TEMP: 0.7
train_loss: 226997.66829681396
abstract.GUMBEL_TEMP: 0.7
train_loss: 226523.7917022705
abstract.GUMBEL_TEMP: 0.7
train_loss: 226601.89905548096
Solved 32/200 episodes, CC loss avg = 0.01502175461500883
Epoch 410	 test acc 0.16
abstract.GUMBEL_TEMP: 0.7
train_loss: 226523.44493865967
abstract.GUMBEL_TEMP: 0.7
train_loss: 226845.03848266602
abstract.GUMBEL_TEMP: 0.7
train_loss: 226621.4323272705
abstract.GUMBEL_TEMP: 0.7
train_loss: 226812.98063659668
abstract.GUMBEL_TEMP: 0.7
train_loss: 226330.44422912598
Solved 21/200 episodes, CC loss avg = 0.014881141023024132
Epoch 415	 test acc 0.105
abstract.GUMBEL_TEMP: 0.7
train_loss: 226884.8595199585
abstract.GUMBEL_TEMP: 0.7
train_loss: 226908.77923583984
abstract.GUMBEL_TEMP: 0.7
train_loss: 226454.083442688
abstract.GUMBEL_TEMP: 0.7
train_loss: 226359.65565490723
abstract.GUMBEL_TEMP: 0.7
train_loss: 226521.23990631104
Solved 35/200 episodes, CC loss avg = 0.015023260824382306
Epoch 420	 test acc 0.175
abstract.GUMBEL_TEMP: 0.7
train_loss: 226559.07498931885
abstract.GUMBEL_TEMP: 0.7
train_loss: 226284.0329208374
abstract.GUMBEL_TEMP: 0.7
train_loss: 226582.0231781006
abstract.GUMBEL_TEMP: 0.7
train_loss: 226265.43421936035
abstract.GUMBEL_TEMP: 0.7
train_loss: 226771.94737243652
Solved 33/200 episodes, CC loss avg = 0.01499238257825959
Epoch 425	 test acc 0.165
Saved model at models/ee0e41efbceb4856bbe6afb37cf276ab-epoch-425.pt
abstract.GUMBEL_TEMP: 0.7
train_loss: 226516.06130218506
abstract.GUMBEL_TEMP: 0.7
train_loss: 226660.1475906372
abstract.GUMBEL_TEMP: 0.7
train_loss: 226857.27588653564
abstract.GUMBEL_TEMP: 0.7
train_loss: 226621.65279388428
abstract.GUMBEL_TEMP: 0.7
train_loss: 226362.7975769043
Solved 26/200 episodes, CC loss avg = 0.014719528044489297
Epoch 430	 test acc 0.13
abstract.GUMBEL_TEMP: 0.7
train_loss: 226206.3677520752
abstract.GUMBEL_TEMP: 0.7
train_loss: 226673.87474822998
abstract.GUMBEL_TEMP: 0.7
train_loss: 226497.48278045654
abstract.GUMBEL_TEMP: 0.7
train_loss: 225802.1996459961
abstract.GUMBEL_TEMP: 0.7
train_loss: 226306.65669250488
Solved 31/200 episodes, CC loss avg = 0.014795971618821988
Epoch 435	 test acc 0.155
abstract.GUMBEL_TEMP: 0.7
train_loss: 226557.83080291748
abstract.GUMBEL_TEMP: 0.7
train_loss: 226223.95756530762
abstract.GUMBEL_TEMP: 0.7
train_loss: 225657.4391860962
abstract.GUMBEL_TEMP: 0.7
train_loss: 227098.65843200684
abstract.GUMBEL_TEMP: 0.7
train_loss: 226044.4751815796
Solved 23/200 episodes, CC loss avg = 0.014661029740064233
Epoch 440	 test acc 0.115
abstract.GUMBEL_TEMP: 0.7
train_loss: 226377.32998657227
abstract.GUMBEL_TEMP: 0.7
train_loss: 226222.27481079102
abstract.GUMBEL_TEMP: 0.7
train_loss: 226374.16636657715
abstract.GUMBEL_TEMP: 0.7
train_loss: 226311.74488830566
abstract.GUMBEL_TEMP: 0.7
train_loss: 226066.72402954102
Solved 22/200 episodes, CC loss avg = 0.015090932302615222
Epoch 445	 test acc 0.11
abstract.GUMBEL_TEMP: 0.7
train_loss: 226081.8291091919
abstract.GUMBEL_TEMP: 0.7
train_loss: 225974.5560684204
abstract.GUMBEL_TEMP: 0.7
train_loss: 225847.77215576172
abstract.GUMBEL_TEMP: 0.7
train_loss: 226250.96325683594
abstract.GUMBEL_TEMP: 0.7
train_loss: 226319.87364959717
Solved 41/200 episodes, CC loss avg = 0.015216018903899836
Epoch 450	 test acc 0.205
Saved model at models/ee0e41efbceb4856bbe6afb37cf276ab-epoch-450.pt
abstract.GUMBEL_TEMP: 0.7
train_loss: 226171.10511779785
abstract.GUMBEL_TEMP: 0.7
train_loss: 225882.72553253174
abstract.GUMBEL_TEMP: 0.7
train_loss: 225964.31672668457
abstract.GUMBEL_TEMP: 0.7
train_loss: 225828.6473388672
abstract.GUMBEL_TEMP: 0.7
train_loss: 226162.6276397705
Solved 36/200 episodes, CC loss avg = 0.014912021984282422
Epoch 455	 test acc 0.18
abstract.GUMBEL_TEMP: 0.7
train_loss: 226049.69944763184
abstract.GUMBEL_TEMP: 0.7
train_loss: 225956.23427581787
abstract.GUMBEL_TEMP: 0.7
train_loss: 226367.93518066406
abstract.GUMBEL_TEMP: 0.7
train_loss: 225924.15477752686
abstract.GUMBEL_TEMP: 0.7
train_loss: 225932.0118408203
Solved 29/200 episodes, CC loss avg = 0.014817653133744193
Epoch 460	 test acc 0.145
abstract.GUMBEL_TEMP: 0.7
train_loss: 225693.87817382812
abstract.GUMBEL_TEMP: 0.7
train_loss: 225853.8568496704
abstract.GUMBEL_TEMP: 0.7
train_loss: 225788.99214172363
abstract.GUMBEL_TEMP: 0.7
train_loss: 225814.7686767578
abstract.GUMBEL_TEMP: 0.7
train_loss: 225846.11544036865
Solved 40/200 episodes, CC loss avg = 0.014962112369309914
Epoch 465	 test acc 0.2
abstract.GUMBEL_TEMP: 0.7
train_loss: 225631.1381225586
abstract.GUMBEL_TEMP: 0.7
train_loss: 225661.01071929932
abstract.GUMBEL_TEMP: 0.7
train_loss: 226120.21193695068
abstract.GUMBEL_TEMP: 0.7
train_loss: 225486.73011016846
abstract.GUMBEL_TEMP: 0.7
train_loss: 225531.39878845215
Solved 44/200 episodes, CC loss avg = 0.014900690032623884
Epoch 470	 test acc 0.22
abstract.GUMBEL_TEMP: 0.7
train_loss: 225793.38666534424
abstract.GUMBEL_TEMP: 0.7
train_loss: 225687.2056503296
abstract.GUMBEL_TEMP: 0.7
train_loss: 225323.52062225342
abstract.GUMBEL_TEMP: 0.7
train_loss: 225740.36264801025
abstract.GUMBEL_TEMP: 0.7
train_loss: 225698.06495666504
Solved 32/200 episodes, CC loss avg = 0.014820083461958787
Epoch 475	 test acc 0.16
Saved model at models/ee0e41efbceb4856bbe6afb37cf276ab-epoch-475.pt
abstract.GUMBEL_TEMP: 0.7
train_loss: 225627.41548919678
abstract.GUMBEL_TEMP: 0.7
train_loss: 225793.61673736572
abstract.GUMBEL_TEMP: 0.7
train_loss: 225746.6598587036
abstract.GUMBEL_TEMP: 0.7
train_loss: 225922.34967803955
abstract.GUMBEL_TEMP: 0.7
train_loss: 225745.34000396729
Solved 39/200 episodes, CC loss avg = 0.015004028783827696
Epoch 480	 test acc 0.195
abstract.GUMBEL_TEMP: 0.7
train_loss: 225350.5043106079
abstract.GUMBEL_TEMP: 0.7
train_loss: 225802.2619934082
abstract.GUMBEL_TEMP: 0.7
train_loss: 225637.71113586426
abstract.GUMBEL_TEMP: 0.7
train_loss: 225454.18953704834
abstract.GUMBEL_TEMP: 0.7
train_loss: 225601.49198913574
Solved 29/200 episodes, CC loss avg = 0.015041597219268706
Epoch 485	 test acc 0.145
abstract.GUMBEL_TEMP: 0.7
train_loss: 225671.46236419678
abstract.GUMBEL_TEMP: 0.7
train_loss: 225488.79683685303
abstract.GUMBEL_TEMP: 0.7
train_loss: 225555.56554412842
abstract.GUMBEL_TEMP: 0.7
train_loss: 225620.12329101562
abstract.GUMBEL_TEMP: 0.7
train_loss: 225569.26258850098
Solved 34/200 episodes, CC loss avg = 0.014835625009031081
Epoch 490	 test acc 0.17
abstract.GUMBEL_TEMP: 0.7
train_loss: 225374.76040649414
abstract.GUMBEL_TEMP: 0.7
train_loss: 225723.56065368652
abstract.GUMBEL_TEMP: 0.7
train_loss: 225629.46042633057
abstract.GUMBEL_TEMP: 0.7
train_loss: 225281.79555511475
abstract.GUMBEL_TEMP: 0.7
train_loss: 225364.75927734375
Solved 25/200 episodes, CC loss avg = 0.015378251054283717
Epoch 495	 test acc 0.125
abstract.GUMBEL_TEMP: 0.7
train_loss: 225294.6469116211
abstract.GUMBEL_TEMP: 0.7
train_loss: 225913.67916870117
abstract.GUMBEL_TEMP: 0.7
train_loss: 225434.37630462646
abstract.GUMBEL_TEMP: 0.7
train_loss: 225065.12126922607
Saved model at models/ee0e41efbceb4856bbe6afb37cf276ab.pt
Completed training in 44380.2 seconds
MODEL: 	hmm
N: 	20000
ABSTRACT_PEN: 	1.0
