MODEL:	 hmm
N:	 20000
ABSTRACT_PEN:	 1.0
Starting run:
fecf00a86e39451a8983345612402356
params: {'n': 20000, 'traj_updates': 10000000.0, 'num_saves': 20, 'num_tests': 100, 'num_test': 200, 'lr': 0.0008, 'batch_size': 16, 'model_load_path': 'models/4f33c4fd2210434ab368a39eb335d2d8-epoch-625.pt', 'b': 10, 'abstract_pen': 1.0, 'model': 'hmm', 'seed': 1, 'abstract_dim': 32, 'tau_noise_std': 0.0, 'freeze': False, 'eval': False, 'load': False, 'ellis': False, 'neptune': False, 'no_log': False, 'fine_tune': False, 'variable_abstract_pen': False, 'tau_precompute': False, 'replace_trans_net': False, 'batch_norm': False, 'no_tau_norm': False, 'relational_micro': False, 'toy_test': False, 'separate_option_nets': False, 'gumbel': True, 'g_start_temp': 5.0, 'g_stop_temp': 0.7, 'num_categories': 8, 'gumbel_sched': <function boxworld_main.<locals>.schedule_temp at 0x7f7e6c7adaf0>, 'device': 'NVIDIA GeForce RTX 2080 Ti', 'epochs': 500, 'test_every': 5, 'save_every': 25, 'id': 'fecf00a86e39451a8983345612402356'}
Net has 228596 parameters
WARNING: tau norm dim disabled
abstract.GUMBEL_TEMP: 5.0
train_loss: 637062.7562179565
Solved 0/200 episodes, CC loss avg = 0.00419431937546706
Epoch 0	 test acc 0.0
abstract.GUMBEL_TEMP: 4.985110240337575
train_loss: 410949.07611083984
abstract.GUMBEL_TEMP: 4.970246260319663
train_loss: 384906.4167022705
abstract.GUMBEL_TEMP: 4.955408015312226
train_loss: 365768.08474731445
abstract.GUMBEL_TEMP: 4.940595460758509
train_loss: 348527.3039855957
abstract.GUMBEL_TEMP: 4.925808552178894
train_loss: 335916.2698287964
Solved 4/200 episodes, CC loss avg = 12.800990626472048
Epoch 5	 test acc 0.02
abstract.GUMBEL_TEMP: 4.91104724517078
train_loss: 321515.90953063965
abstract.GUMBEL_TEMP: 4.896311495408438
train_loss: 307569.7388534546
abstract.GUMBEL_TEMP: 4.881601258642889
train_loss: 292609.5235824585
abstract.GUMBEL_TEMP: 4.86691649070176
train_loss: 269085.22537612915
abstract.GUMBEL_TEMP: 4.852257147489159
train_loss: 253423.48230361938
Solved 20/200 episodes, CC loss avg = 25.598000867953523
Epoch 10	 test acc 0.1
abstract.GUMBEL_TEMP: 4.8376231849855404
train_loss: 244360.51792526245
abstract.GUMBEL_TEMP: 4.823014559247571
train_loss: 237142.46685409546
abstract.GUMBEL_TEMP: 4.808431226408002
train_loss: 231368.1983985901
abstract.GUMBEL_TEMP: 4.793873142675532
train_loss: 225679.40147399902
abstract.GUMBEL_TEMP: 4.779340264334681
train_loss: 221225.71089553833
Solved 14/200 episodes, CC loss avg = 15.44699840414627
Epoch 15	 test acc 0.07
abstract.GUMBEL_TEMP: 4.764832547745655
train_loss: 216916.354057312
abstract.GUMBEL_TEMP: 4.750349949344218
train_loss: 213432.2015914917
abstract.GUMBEL_TEMP: 4.735892425641559
train_loss: 209740.735912323
abstract.GUMBEL_TEMP: 4.7214599332241605
train_loss: 206338.48622894287
abstract.GUMBEL_TEMP: 4.707052428753673
train_loss: 203287.54683685303
Solved 16/200 episodes, CC loss avg = 20.076737562504906
Epoch 20	 test acc 0.08
abstract.GUMBEL_TEMP: 4.692669868966776
train_loss: 201097.29581069946
abstract.GUMBEL_TEMP: 4.678312210675061
train_loss: 198831.4473438263
abstract.GUMBEL_TEMP: 4.663979410764892
train_loss: 196705.58950805664
abstract.GUMBEL_TEMP: 4.649671426197273
train_loss: 194756.49522209167
abstract.GUMBEL_TEMP: 4.635388214007734
train_loss: 192910.5715751648
Solved 11/200 episodes, CC loss avg = 10.67043112873128
Epoch 25	 test acc 0.055
Saved model at models/fecf00a86e39451a8983345612402356-epoch-25.pt
abstract.GUMBEL_TEMP: 4.621129731306182
train_loss: 191597.03247451782
abstract.GUMBEL_TEMP: 4.606895935276792
train_loss: 189133.1272506714
abstract.GUMBEL_TEMP: 4.592686783177861
train_loss: 188092.51918029785
abstract.GUMBEL_TEMP: 4.578502232341695
train_loss: 186428.5661468506
abstract.GUMBEL_TEMP: 4.564342240174465
train_loss: 185172.79014015198
Solved 13/200 episodes, CC loss avg = 19.349452683420548
Epoch 30	 test acc 0.065
abstract.GUMBEL_TEMP: 4.550206764156096
train_loss: 184096.25296020508
abstract.GUMBEL_TEMP: 4.536095761840125
train_loss: 182840.13883209229
abstract.GUMBEL_TEMP: 4.522009190853582
train_loss: 181680.69096183777
abstract.GUMBEL_TEMP: 4.50794700889686
train_loss: 180238.16582489014
abstract.GUMBEL_TEMP: 4.493909173743586
train_loss: 179661.75275802612
Solved 23/200 episodes, CC loss avg = 28.861520359876987
Epoch 35	 test acc 0.115
abstract.GUMBEL_TEMP: 4.479895643240501
train_loss: 178698.50519371033
abstract.GUMBEL_TEMP: 4.465906375307324
train_loss: 177796.6682548523
abstract.GUMBEL_TEMP: 4.451941327936633
train_loss: 176661.49432373047
abstract.GUMBEL_TEMP: 4.438000459193735
train_loss: 175927.27740097046
abstract.GUMBEL_TEMP: 4.424083727216543
train_loss: 175276.21347999573
Solved 26/200 episodes, CC loss avg = 26.412076759299943
Epoch 40	 test acc 0.13
abstract.GUMBEL_TEMP: 4.410191090215448
train_loss: 175054.151096344
abstract.GUMBEL_TEMP: 4.396322506473192
train_loss: 173771.77154541016
abstract.GUMBEL_TEMP: 4.382477934344747
train_loss: 172905.38587379456
abstract.GUMBEL_TEMP: 4.3686573322571896
train_loss: 172721.63912582397
abstract.GUMBEL_TEMP: 4.35486065870957
train_loss: 171886.49298286438
Solved 24/200 episodes, CC loss avg = 18.734037809267004
Epoch 45	 test acc 0.12
abstract.GUMBEL_TEMP: 4.341087872272796
train_loss: 171222.32730865479
abstract.GUMBEL_TEMP: 4.327338931589501
train_loss: 170628.24486923218
abstract.GUMBEL_TEMP: 4.313613795373925
train_loss: 170074.7321472168
abstract.GUMBEL_TEMP: 4.299912422411791
train_loss: 169319.94261741638
abstract.GUMBEL_TEMP: 4.2862347715601725
train_loss: 168761.42070770264
Solved 28/200 episodes, CC loss avg = 31.435523371522624
Epoch 50	 test acc 0.14
Saved model at models/fecf00a86e39451a8983345612402356-epoch-50.pt
abstract.GUMBEL_TEMP: 4.272580801747384
train_loss: 168239.14089775085
abstract.GUMBEL_TEMP: 4.258950471972845
train_loss: 167702.87759017944
abstract.GUMBEL_TEMP: 4.245343741306964
train_loss: 167283.04594039917
abstract.GUMBEL_TEMP: 4.231760568891014
train_loss: 166633.45517921448
abstract.GUMBEL_TEMP: 4.218200913937009
train_loss: 166564.41431045532
Solved 32/200 episodes, CC loss avg = 33.574542473223
Epoch 55	 test acc 0.16
abstract.GUMBEL_TEMP: 4.204664735727583
train_loss: 165360.4924736023
abstract.GUMBEL_TEMP: 4.191151993615864
train_loss: 164820.62343597412
abstract.GUMBEL_TEMP: 4.1776626470253575
train_loss: 164838.38560676575
abstract.GUMBEL_TEMP: 4.16419665544982
train_loss: 164308.5290260315
abstract.GUMBEL_TEMP: 4.150753978453141
train_loss: 163792.22166252136
Solved 32/200 episodes, CC loss avg = 35.93448291616841
Epoch 60	 test acc 0.16
abstract.GUMBEL_TEMP: 4.1373345756692155
train_loss: 163473.32167434692
abstract.GUMBEL_TEMP: 4.123938406801834
train_loss: 162520.72670555115
abstract.GUMBEL_TEMP: 4.11056543162455
train_loss: 162088.66882896423
abstract.GUMBEL_TEMP: 4.097215609980563
train_loss: 162003.3955001831
abstract.GUMBEL_TEMP: 4.0838889017826006
train_loss: 161267.9284172058
Solved 31/200 episodes, CC loss avg = 38.90453201573452
Epoch 65	 test acc 0.155
abstract.GUMBEL_TEMP: 4.070585267012797
train_loss: 161282.34853363037
abstract.GUMBEL_TEMP: 4.05730466572257
train_loss: 160307.35523986816
abstract.GUMBEL_TEMP: 4.044047058032503
train_loss: 160390.2291316986
abstract.GUMBEL_TEMP: 4.030812404132229
train_loss: 159936.73442840576
abstract.GUMBEL_TEMP: 4.017600664280301
train_loss: 159430.17313957214
Solved 37/200 episodes, CC loss avg = 33.3552489547177
Epoch 70	 test acc 0.185
abstract.GUMBEL_TEMP: 4.004411798804085
train_loss: 159199.51372909546
abstract.GUMBEL_TEMP: 3.991245768099631
train_loss: 158744.4324207306
abstract.GUMBEL_TEMP: 3.9781025326315618
train_loss: 158482.21185112
abstract.GUMBEL_TEMP: 3.964982052932947
train_loss: 157741.9010028839
abstract.GUMBEL_TEMP: 3.9518842896051876
train_loss: 157782.38032913208
Solved 21/200 episodes, CC loss avg = 32.78072989114174
Epoch 75	 test acc 0.105
Saved model at models/fecf00a86e39451a8983345612402356-epoch-75.pt
abstract.GUMBEL_TEMP: 3.938809203317901
train_loss: 157723.53642082214
abstract.GUMBEL_TEMP: 3.9257567548087993
train_loss: 156986.79628562927
abstract.GUMBEL_TEMP: 3.912726904883571
train_loss: 156842.10532569885
abstract.GUMBEL_TEMP: 3.899719614415763
train_loss: 156633.07901000977
abstract.GUMBEL_TEMP: 3.886734844346667
train_loss: 156212.809091568
Solved 27/200 episodes, CC loss avg = 29.798104772384374
Epoch 80	 test acc 0.135
abstract.GUMBEL_TEMP: 3.8737725556852
train_loss: 155785.55908203125
abstract.GUMBEL_TEMP: 3.8608327095077843
train_loss: 155806.8726825714
abstract.GUMBEL_TEMP: 3.8479152669582346
train_loss: 155418.76002693176
abstract.GUMBEL_TEMP: 3.8350201892476408
train_loss: 154890.02027320862
abstract.GUMBEL_TEMP: 3.822147437654249
train_loss: 154952.72876930237
Solved 41/200 episodes, CC loss avg = 30.514769291142436
Epoch 85	 test acc 0.205
abstract.GUMBEL_TEMP: 3.809296973523348
train_loss: 154482.07025909424
abstract.GUMBEL_TEMP: 3.7964687582671504
train_loss: 154285.9172706604
abstract.GUMBEL_TEMP: 3.783662753364683
train_loss: 154087.6665802002
abstract.GUMBEL_TEMP: 3.7708789203616595
train_loss: 153821.59599113464
abstract.GUMBEL_TEMP: 3.7581172208703792
train_loss: 153376.44374084473
Solved 32/200 episodes, CC loss avg = 30.572473373694987
Epoch 90	 test acc 0.16
abstract.GUMBEL_TEMP: 3.7453776165695993
train_loss: 153126.8277797699
abstract.GUMBEL_TEMP: 3.732660069204427
train_loss: 152839.51935958862
abstract.GUMBEL_TEMP: 3.719964540586205
train_loss: 152922.03512573242
abstract.GUMBEL_TEMP: 3.707290992592392
train_loss: 152589.28837013245
abstract.GUMBEL_TEMP: 3.6946393871664505
train_loss: 151939.3110847473
Solved 26/200 episodes, CC loss avg = 30.260895156902684
Epoch 95	 test acc 0.13
abstract.GUMBEL_TEMP: 3.682009686317733
train_loss: 152118.57224464417
abstract.GUMBEL_TEMP: 3.6694018521213705
train_loss: 151342.10313606262
abstract.GUMBEL_TEMP: 3.6568158467181533
train_loss: 151151.61706924438
abstract.GUMBEL_TEMP: 3.64425163231442
train_loss: 150659.69461631775
abstract.GUMBEL_TEMP: 3.631709171181945
train_loss: 150547.08689689636
Solved 38/200 episodes, CC loss avg = 34.25514362436313
Epoch 100	 test acc 0.19
Saved model at models/fecf00a86e39451a8983345612402356-epoch-100.pt
abstract.GUMBEL_TEMP: 3.619188425657823
train_loss: 149976.1244506836
abstract.GUMBEL_TEMP: 3.606689358144358
train_loss: 150170.25070381165
abstract.GUMBEL_TEMP: 3.5942119311089487
train_loss: 149658.18660354614
abstract.GUMBEL_TEMP: 3.581756107083976
train_loss: 149727.03539466858
abstract.GUMBEL_TEMP: 3.5693218486666947
train_loss: 149321.03735733032
Solved 24/200 episodes, CC loss avg = 22.266463847122278
Epoch 105	 test acc 0.12
abstract.GUMBEL_TEMP: 3.55690911851911
train_loss: 149013.94793701172
abstract.GUMBEL_TEMP: 3.5445178793678824
train_loss: 149032.26307868958
abstract.GUMBEL_TEMP: 3.5321480940041985
train_loss: 148199.4410762787
abstract.GUMBEL_TEMP: 3.5197997252836704
train_loss: 148042.35207748413
abstract.GUMBEL_TEMP: 3.5074727361262212
train_loss: 148158.29779815674
Solved 30/200 episodes, CC loss avg = 42.66917966225495
Epoch 110	 test acc 0.15
abstract.GUMBEL_TEMP: 3.49516708951597
train_loss: 147956.52827644348
abstract.GUMBEL_TEMP: 3.4828827485011287
train_loss: 147515.9946346283
abstract.GUMBEL_TEMP: 3.4706196761938823
train_loss: 146996.30625724792
abstract.GUMBEL_TEMP: 3.4583778357702863
train_loss: 147488.6356601715
abstract.GUMBEL_TEMP: 3.446157190470146
train_loss: 147136.12529563904
Solved 35/200 episodes, CC loss avg = 34.46289028402131
Epoch 115	 test acc 0.175
abstract.GUMBEL_TEMP: 3.433957703596917
train_loss: 146813.03874969482
abstract.GUMBEL_TEMP: 3.42177933851759
train_loss: 146838.17146873474
abstract.GUMBEL_TEMP: 3.4096220586625776
train_loss: 146480.50934028625
abstract.GUMBEL_TEMP: 3.3974858275256112
train_loss: 146465.27006340027
abstract.GUMBEL_TEMP: 3.385370608663626
train_loss: 146366.56294250488
Solved 39/200 episodes, CC loss avg = 39.00323255787953
Epoch 120	 test acc 0.195
abstract.GUMBEL_TEMP: 3.3732763656966522
train_loss: 145967.15983390808
abstract.GUMBEL_TEMP: 3.3612030623077125
train_loss: 146041.37775611877
abstract.GUMBEL_TEMP: 3.3491506622427023
train_loss: 145533.71564483643
abstract.GUMBEL_TEMP: 3.3371191293102864
train_loss: 145360.78504562378
abstract.GUMBEL_TEMP: 3.3251084273817932
train_loss: 145089.9160003662
Solved 24/200 episodes, CC loss avg = 28.447870335610652
Epoch 125	 test acc 0.12
Saved model at models/fecf00a86e39451a8983345612402356-epoch-125.pt
abstract.GUMBEL_TEMP: 3.313118520391103
train_loss: 145295.98641967773
abstract.GUMBEL_TEMP: 3.3011493723345353
train_loss: 145266.7652873993
abstract.GUMBEL_TEMP: 3.28920094727075
train_loss: 144867.93870925903
abstract.GUMBEL_TEMP: 3.277273209320632
train_loss: 144666.6533088684
abstract.GUMBEL_TEMP: 3.2653661226671895
train_loss: 144566.3421459198
Solved 35/200 episodes, CC loss avg = 35.00394721838529
Epoch 130	 test acc 0.175
abstract.GUMBEL_TEMP: 3.2534796515554376
train_loss: 144504.17829322815
abstract.GUMBEL_TEMP: 3.2416137602923003
train_loss: 144586.85183143616
abstract.GUMBEL_TEMP: 3.229768413246499
train_loss: 144300.6868648529
abstract.GUMBEL_TEMP: 3.217943574848446
train_loss: 143675.39816856384
abstract.GUMBEL_TEMP: 3.2061392095901367
train_loss: 144197.33338546753
Solved 37/200 episodes, CC loss avg = 31.159662502866826
Epoch 135	 test acc 0.185
abstract.GUMBEL_TEMP: 3.194355282025043
train_loss: 143724.79604911804
abstract.GUMBEL_TEMP: 3.1825917567680113
train_loss: 143956.288854599
abstract.GUMBEL_TEMP: 3.170848598495149
train_loss: 143776.7324848175
abstract.GUMBEL_TEMP: 3.1591257719437245
train_loss: 143793.80861473083
abstract.GUMBEL_TEMP: 3.1474232419120565
train_loss: 143135.66759109497
Solved 20/200 episodes, CC loss avg = 22.072670848478147
Epoch 140	 test acc 0.1
abstract.GUMBEL_TEMP: 3.1357409732594146
train_loss: 143595.11540985107
abstract.GUMBEL_TEMP: 3.124078930905905
train_loss: 142875.9767856598
abstract.GUMBEL_TEMP: 3.1124370798323753
train_loss: 143241.43743896484
abstract.GUMBEL_TEMP: 3.100815385080299
train_loss: 142859.11676597595
abstract.GUMBEL_TEMP: 3.08921381175168
train_loss: 143037.63479614258
Solved 36/200 episodes, CC loss avg = 32.914705865344565
Epoch 145	 test acc 0.18
abstract.GUMBEL_TEMP: 3.077632325008942
train_loss: 142390.59856414795
abstract.GUMBEL_TEMP: 3.0660708900748235
train_loss: 142510.9092311859
abstract.GUMBEL_TEMP: 3.054529472232277
train_loss: 142581.5644569397
abstract.GUMBEL_TEMP: 3.0430080368243635
train_loss: 142596.49364471436
abstract.GUMBEL_TEMP: 3.0315065492541464
train_loss: 142412.24214363098
Solved 29/200 episodes, CC loss avg = 29.940656170271517
Epoch 150	 test acc 0.145
Saved model at models/fecf00a86e39451a8983345612402356-epoch-150.pt
abstract.GUMBEL_TEMP: 3.0200249749845893
train_loss: 142184.45713424683
abstract.GUMBEL_TEMP: 3.0085632795384534
train_loss: 142118.61176872253
abstract.GUMBEL_TEMP: 2.9971214284981915
train_loss: 142468.27682113647
abstract.GUMBEL_TEMP: 2.9856993875058464
train_loss: 141983.1041431427
abstract.GUMBEL_TEMP: 2.9742971222629473
train_loss: 141685.5962753296
Solved 35/200 episodes, CC loss avg = 32.00695410907002
Epoch 155	 test acc 0.175
abstract.GUMBEL_TEMP: 2.9629145985304044
train_loss: 141916.1439857483
abstract.GUMBEL_TEMP: 2.951551782128412
train_loss: 141911.6017112732
abstract.GUMBEL_TEMP: 2.9402086389363395
train_loss: 141167.2472858429
abstract.GUMBEL_TEMP: 2.9288851348926332
train_loss: 141571.75665855408
abstract.GUMBEL_TEMP: 2.917581235994712
train_loss: 141976.08631896973
Solved 39/200 episodes, CC loss avg = 33.28265048130105
Epoch 160	 test acc 0.195
abstract.GUMBEL_TEMP: 2.906296908298864
train_loss: 141532.8011455536
abstract.GUMBEL_TEMP: 2.8950321179201497
train_loss: 140950.22969055176
abstract.GUMBEL_TEMP: 2.8837868310322943
train_loss: 141470.17073822021
abstract.GUMBEL_TEMP: 2.872561013867589
train_loss: 141300.59844589233
abstract.GUMBEL_TEMP: 2.8613546327167914
train_loss: 141221.23347091675
Solved 40/200 episodes, CC loss avg = 44.915379717570254
Epoch 165	 test acc 0.2
abstract.GUMBEL_TEMP: 2.8501676539290175
train_loss: 141157.7819633484
abstract.GUMBEL_TEMP: 2.8390000439116525
train_loss: 140757.51320457458
abstract.GUMBEL_TEMP: 2.827851769130236
train_loss: 140921.83972549438
abstract.GUMBEL_TEMP: 2.8167227961083707
train_loss: 140678.63702201843
abstract.GUMBEL_TEMP: 2.8056130914276203
train_loss: 140994.1402645111
Solved 30/200 episodes, CC loss avg = 35.56346845337086
Epoch 170	 test acc 0.15
abstract.GUMBEL_TEMP: 2.794522621727406
train_loss: 140685.70872306824
abstract.GUMBEL_TEMP: 2.783451353704911
train_loss: 140802.81859397888
abstract.GUMBEL_TEMP: 2.7723992541149762
train_loss: 140679.9760055542
abstract.GUMBEL_TEMP: 2.7613662897700015
train_loss: 140390.98929595947
abstract.GUMBEL_TEMP: 2.7503524275398474
train_loss: 140074.19603157043
Solved 17/200 episodes, CC loss avg = 19.09270761598294
Epoch 175	 test acc 0.085
Saved model at models/fecf00a86e39451a8983345612402356-epoch-175.pt
abstract.GUMBEL_TEMP: 2.7393576343517356
train_loss: 140271.33022499084
abstract.GUMBEL_TEMP: 2.7283818771901487
train_loss: 140188.25929641724
abstract.GUMBEL_TEMP: 2.7174251230967297
train_loss: 139954.30713653564
abstract.GUMBEL_TEMP: 2.7064873391701862
train_loss: 139813.39402198792
abstract.GUMBEL_TEMP: 2.6955684925661894
train_loss: 140141.75328063965
Solved 17/200 episodes, CC loss avg = 23.151434197992167
Epoch 180	 test acc 0.085
abstract.GUMBEL_TEMP: 2.6846685504972774
train_loss: 139740.2259941101
abstract.GUMBEL_TEMP: 2.6737874802327544
train_loss: 139536.94092559814
abstract.GUMBEL_TEMP: 2.662925249098592
train_loss: 139639.67212295532
abstract.GUMBEL_TEMP: 2.6520818244773356
train_loss: 139589.60725593567
abstract.GUMBEL_TEMP: 2.6412571738080004
train_loss: 139723.98022270203
Solved 27/200 episodes, CC loss avg = 29.301688234029747
Epoch 185	 test acc 0.135
abstract.GUMBEL_TEMP: 2.6304512645859797
train_loss: 139363.35492134094
abstract.GUMBEL_TEMP: 2.61966406436294
train_loss: 139389.4341468811
abstract.GUMBEL_TEMP: 2.6088955407467336
train_loss: 139257.09970474243
abstract.GUMBEL_TEMP: 2.5981456614012894
train_loss: 139070.23845100403
abstract.GUMBEL_TEMP: 2.587414394046526
train_loss: 139447.00374031067
Solved 42/200 episodes, CC loss avg = 40.12923528080973
Epoch 190	 test acc 0.21
abstract.GUMBEL_TEMP: 2.57670170645825
train_loss: 139435.0112800598
abstract.GUMBEL_TEMP: 2.566007566468058
train_loss: 138993.42197608948
abstract.GUMBEL_TEMP: 2.555331941963244
train_loss: 139172.80931663513
abstract.GUMBEL_TEMP: 2.5446748008866997
train_loss: 138815.09644126892
abstract.GUMBEL_TEMP: 2.5340361112368215
train_loss: 138491.90133094788
Solved 41/200 episodes, CC loss avg = 42.32875080870825
Epoch 195	 test acc 0.205
abstract.GUMBEL_TEMP: 2.523415841067409
train_loss: 139050.92086029053
abstract.GUMBEL_TEMP: 2.5128139584875746
train_loss: 139073.48396110535
abstract.GUMBEL_TEMP: 2.502230431661644
train_loss: 138599.3491077423
abstract.GUMBEL_TEMP: 2.4916652288090666
train_loss: 138622.94796562195
abstract.GUMBEL_TEMP: 2.481118318204309
train_loss: 138766.68332099915
Solved 35/200 episodes, CC loss avg = 33.94247882280527
Epoch 200	 test acc 0.175
Saved model at models/fecf00a86e39451a8983345612402356-epoch-200.pt
abstract.GUMBEL_TEMP: 2.4705896681767707
train_loss: 138730.25880241394
abstract.GUMBEL_TEMP: 2.4600792471106834
train_loss: 138699.83578681946
abstract.GUMBEL_TEMP: 2.4495870234450177
train_loss: 138561.15037727356
abstract.GUMBEL_TEMP: 2.439112965673388
train_loss: 138401.84344291687
abstract.GUMBEL_TEMP: 2.4286570423439566
train_loss: 138363.3459968567
Solved 33/200 episodes, CC loss avg = 33.53402263073192
Epoch 205	 test acc 0.165
abstract.GUMBEL_TEMP: 2.418219222059343
train_loss: 138377.6795425415
abstract.GUMBEL_TEMP: 2.4077994734765227
train_loss: 138240.17822647095
abstract.GUMBEL_TEMP: 2.397397765306744
train_loss: 138271.80961799622
abstract.GUMBEL_TEMP: 2.3870140663154205
train_loss: 138274.70655822754
abstract.GUMBEL_TEMP: 2.37664834532205
train_loss: 137793.0387916565
Solved 31/200 episodes, CC loss avg = 33.6326752258149
Epoch 210	 test acc 0.155
abstract.GUMBEL_TEMP: 2.3663005712001106
train_loss: 138241.8070755005
abstract.GUMBEL_TEMP: 2.3559707128769767
train_loss: 138164.9291496277
abstract.GUMBEL_TEMP: 2.345658739333816
train_loss: 138479.32779312134
abstract.GUMBEL_TEMP: 2.335364619605506
train_loss: 137984.97060203552
abstract.GUMBEL_TEMP: 2.3250883227805303
train_loss: 137615.48884010315
Solved 36/200 episodes, CC loss avg = 30.731429808326066
Epoch 215	 test acc 0.18
abstract.GUMBEL_TEMP: 2.3148298180008986
train_loss: 137891.16108703613
abstract.GUMBEL_TEMP: 2.3045890744620405
train_loss: 137835.51261520386
abstract.GUMBEL_TEMP: 2.294366061412725
train_loss: 137503.07348060608
abstract.GUMBEL_TEMP: 2.2841607481549584
train_loss: 138105.58150863647
abstract.GUMBEL_TEMP: 2.2739731040439013
train_loss: 137596.80394554138
Solved 22/200 episodes, CC loss avg = 26.568469749008006
Epoch 220	 test acc 0.11
abstract.GUMBEL_TEMP: 2.2638030984877657
train_loss: 137738.62288284302
abstract.GUMBEL_TEMP: 2.253650700947735
train_loss: 137721.33388519287
abstract.GUMBEL_TEMP: 2.2435158809378644
train_loss: 137672.76001167297
abstract.GUMBEL_TEMP: 2.2333986080249897
train_loss: 137237.46001052856
abstract.GUMBEL_TEMP: 2.2232988518286394
train_loss: 137550.2384967804
Solved 28/200 episodes, CC loss avg = 29.38782518647886
Epoch 225	 test acc 0.14
Saved model at models/fecf00a86e39451a8983345612402356-epoch-225.pt
abstract.GUMBEL_TEMP: 2.2132165820209417
train_loss: 137413.2727279663
abstract.GUMBEL_TEMP: 2.2031517683265323
train_loss: 137017.18956375122
abstract.GUMBEL_TEMP: 2.1931043805224677
train_loss: 137070.70662498474
abstract.GUMBEL_TEMP: 2.1830743884381283
train_loss: 137388.28070259094
abstract.GUMBEL_TEMP: 2.1730617619551333
train_loss: 137348.95461845398
Solved 22/200 episodes, CC loss avg = 23.469729537020125
Epoch 230	 test acc 0.11
abstract.GUMBEL_TEMP: 2.163066471007244
train_loss: 137137.11062431335
abstract.GUMBEL_TEMP: 2.1530884855802817
train_loss: 137346.71579551697
abstract.GUMBEL_TEMP: 2.143127775712032
train_loss: 136781.45431900024
abstract.GUMBEL_TEMP: 2.1331843114921547
train_loss: 137085.76510810852
abstract.GUMBEL_TEMP: 2.1232580630620963
train_loss: 136975.7435245514
Solved 24/200 episodes, CC loss avg = 36.578078199854296
Epoch 235	 test acc 0.12
abstract.GUMBEL_TEMP: 2.113349000615
train_loss: 136992.97358322144
abstract.GUMBEL_TEMP: 2.1034570943956155
train_loss: 136611.02089500427
abstract.GUMBEL_TEMP: 2.0935823147002077
train_loss: 136760.41629219055
abstract.GUMBEL_TEMP: 2.0837246318764735
train_loss: 136501.05321502686
abstract.GUMBEL_TEMP: 2.073884016323446
train_loss: 136822.37316131592
Solved 32/200 episodes, CC loss avg = 14.849409821163189
Epoch 240	 test acc 0.16
abstract.GUMBEL_TEMP: 2.064060438491407
train_loss: 136882.53075027466
abstract.GUMBEL_TEMP: 2.054253868881805
train_loss: 136551.0449771881
abstract.GUMBEL_TEMP: 2.0444642780471556
train_loss: 136659.35040664673
abstract.GUMBEL_TEMP: 2.034691636590962
train_loss: 136275.2352695465
abstract.GUMBEL_TEMP: 2.0249359151676236
train_loss: 136843.42677116394
Solved 33/200 episodes, CC loss avg = 31.528684391230065
Epoch 245	 test acc 0.165
abstract.GUMBEL_TEMP: 2.015197084482346
train_loss: 136378.64823532104
abstract.GUMBEL_TEMP: 2.0054751152910564
train_loss: 136475.02287864685
abstract.GUMBEL_TEMP: 1.9957699784003144
train_loss: 136836.4320449829
abstract.GUMBEL_TEMP: 1.986081644667223
train_loss: 136409.42032814026
abstract.GUMBEL_TEMP: 1.9764100849993413
train_loss: 136342.98914718628
Solved 32/200 episodes, CC loss avg = 40.16741672678686
Epoch 250	 test acc 0.16
Saved model at models/fecf00a86e39451a8983345612402356-epoch-250.pt
abstract.GUMBEL_TEMP: 1.9667552703546018
train_loss: 136242.03010177612
abstract.GUMBEL_TEMP: 1.9571171717412168
train_loss: 136704.1568698883
abstract.GUMBEL_TEMP: 1.947495760217594
train_loss: 136514.55786705017
abstract.GUMBEL_TEMP: 1.9378910068922501
train_loss: 136000.8514175415
abstract.GUMBEL_TEMP: 1.9283028829237236
train_loss: 136181.20238113403
Solved 33/200 episodes, CC loss avg = 34.62730702996773
Epoch 255	 test acc 0.165
abstract.GUMBEL_TEMP: 1.9187313595204882
train_loss: 136138.02285575867
abstract.GUMBEL_TEMP: 1.9091764079408662
train_loss: 136247.85921669006
abstract.GUMBEL_TEMP: 1.899637999492943
train_loss: 135914.1211605072
abstract.GUMBEL_TEMP: 1.8901161055344802
train_loss: 135897.33064460754
abstract.GUMBEL_TEMP: 1.8806106974728274
train_loss: 136106.41415977478
Solved 25/200 episodes, CC loss avg = 25.40327256844039
Epoch 260	 test acc 0.125
abstract.GUMBEL_TEMP: 1.8711217467648413
train_loss: 136007.8009262085
abstract.GUMBEL_TEMP: 1.861649224916795
train_loss: 135587.68032836914
abstract.GUMBEL_TEMP: 1.8521931034842978
train_loss: 135969.9755706787
abstract.GUMBEL_TEMP: 1.8427533540722036
train_loss: 135729.94172286987
abstract.GUMBEL_TEMP: 1.8333299483345313
train_loss: 135518.89164352417
Solved 30/200 episodes, CC loss avg = 39.201990107929674
Epoch 265	 test acc 0.15
abstract.GUMBEL_TEMP: 1.8239228579743736
train_loss: 136202.8221797943
abstract.GUMBEL_TEMP: 1.8145320547438184
train_loss: 135690.93711853027
abstract.GUMBEL_TEMP: 1.805157510443862
train_loss: 135653.47809791565
abstract.GUMBEL_TEMP: 1.7957991969243203
train_loss: 135972.70002365112
abstract.GUMBEL_TEMP: 1.7864570860837499
train_loss: 135566.84459114075
Solved 30/200 episodes, CC loss avg = 30.007798134654877
Epoch 270	 test acc 0.15
abstract.GUMBEL_TEMP: 1.7771311498693603
train_loss: 135444.29911994934
abstract.GUMBEL_TEMP: 1.767821360276931
train_loss: 135690.66268920898
abstract.GUMBEL_TEMP: 1.7585276893507276
train_loss: 135479.39581298828
abstract.GUMBEL_TEMP: 1.749250109183416
train_loss: 135507.89541244507
abstract.GUMBEL_TEMP: 1.7399885919159812
train_loss: 135510.5216140747
Solved 35/200 episodes, CC loss avg = 46.679219269785484
Epoch 275	 test acc 0.175
Saved model at models/fecf00a86e39451a8983345612402356-epoch-275.pt
abstract.GUMBEL_TEMP: 1.7307431097376427
train_loss: 135564.78060150146
abstract.GUMBEL_TEMP: 1.7215136348857683
train_loss: 135662.86612319946
abstract.GUMBEL_TEMP: 1.712300139645795
train_loss: 135400.63987350464
abstract.GUMBEL_TEMP: 1.703102596351145
train_loss: 135392.49538230896
abstract.GUMBEL_TEMP: 1.69392097738314
train_loss: 135239.707529068
Solved 24/200 episodes, CC loss avg = 28.451456705668804
Epoch 280	 test acc 0.12
abstract.GUMBEL_TEMP: 1.6847552551709188
train_loss: 135226.57859420776
abstract.GUMBEL_TEMP: 1.675605402191358
train_loss: 135453.6600227356
abstract.GUMBEL_TEMP: 1.6664713909689837
train_loss: 134924.74795913696
abstract.GUMBEL_TEMP: 1.657353194075895
train_loss: 135211.9882850647
abstract.GUMBEL_TEMP: 1.6482507841316782
train_loss: 135180.24689865112
Solved 39/200 episodes, CC loss avg = 37.823769758173235
Epoch 285	 test acc 0.195
abstract.GUMBEL_TEMP: 1.6391641338033232
train_loss: 135095.75088882446
abstract.GUMBEL_TEMP: 1.6300932158051449
train_loss: 135603.36213874817
abstract.GUMBEL_TEMP: 1.621038002898702
train_loss: 135435.83311080933
abstract.GUMBEL_TEMP: 1.6119984678927082
train_loss: 134911.6985206604
abstract.GUMBEL_TEMP: 1.602974583642958
train_loss: 135369.28545761108
Solved 29/200 episodes, CC loss avg = 30.44009866589894
Epoch 290	 test acc 0.145
abstract.GUMBEL_TEMP: 1.5939663230522438
train_loss: 134544.96220970154
abstract.GUMBEL_TEMP: 1.5849736590702708
train_loss: 135261.26494979858
abstract.GUMBEL_TEMP: 1.5759965646935772
train_loss: 134782.45055389404
abstract.GUMBEL_TEMP: 1.567035012965459
train_loss: 134636.10281181335
abstract.GUMBEL_TEMP: 1.5580889769758786
train_loss: 135071.77251052856
Solved 31/200 episodes, CC loss avg = 30.068535778989
Epoch 295	 test acc 0.155
abstract.GUMBEL_TEMP: 1.5491584298613938
train_loss: 134472.16073989868
abstract.GUMBEL_TEMP: 1.54024334480507
train_loss: 135123.3754005432
abstract.GUMBEL_TEMP: 1.5313436950364043
train_loss: 134841.50440597534
abstract.GUMBEL_TEMP: 1.5224594538312428
train_loss: 134850.44631385803
abstract.GUMBEL_TEMP: 1.5135905945117003
train_loss: 134350.64581871033
Solved 38/200 episodes, CC loss avg = 35.783909981173245
Epoch 300	 test acc 0.19
Saved model at models/fecf00a86e39451a8983345612402356-epoch-300.pt
abstract.GUMBEL_TEMP: 1.504737090446083
train_loss: 134820.00626945496
abstract.GUMBEL_TEMP: 1.4958989150488033
train_loss: 134886.50935935974
abstract.GUMBEL_TEMP: 1.487076041780305
train_loss: 135095.59724235535
abstract.GUMBEL_TEMP: 1.4782684441469813
train_loss: 134583.91918563843
abstract.GUMBEL_TEMP: 1.4694760957010944
train_loss: 134635.34831237793
Solved 31/200 episodes, CC loss avg = 27.94985621711108
Epoch 305	 test acc 0.155
abstract.GUMBEL_TEMP: 1.4606989700406996
train_loss: 134931.31542778015
abstract.GUMBEL_TEMP: 1.4519370408095627
train_loss: 134481.03206634521
abstract.GUMBEL_TEMP: 1.443190281697079
train_loss: 135043.19620513916
abstract.GUMBEL_TEMP: 1.4344586664382022
train_loss: 134362.95003318787
abstract.GUMBEL_TEMP: 1.4257421688133558
train_loss: 133765.06419181824
Solved 28/200 episodes, CC loss avg = 16.151153857060415
Epoch 310	 test acc 0.14
abstract.GUMBEL_TEMP: 1.4170407626483623
train_loss: 134515.16562843323
abstract.GUMBEL_TEMP: 1.40835442181436
train_loss: 134320.43471717834
abstract.GUMBEL_TEMP: 1.3996831202277256
train_loss: 134598.20673561096
abstract.GUMBEL_TEMP: 1.3910268318499974
train_loss: 134414.45887184143
abstract.GUMBEL_TEMP: 1.3823855306877921
train_loss: 134570.1231098175
Solved 27/200 episodes, CC loss avg = 38.38851250394558
Epoch 315	 test acc 0.135
abstract.GUMBEL_TEMP: 1.3737591907927367
train_loss: 133908.09779167175
abstract.GUMBEL_TEMP: 1.3651477862613781
train_loss: 134166.60339164734
abstract.GUMBEL_TEMP: 1.356551291235117
train_loss: 134240.0309085846
abstract.GUMBEL_TEMP: 1.3479696799001206
train_loss: 133902.72067642212
abstract.GUMBEL_TEMP: 1.339402926487251
train_loss: 134166.50127601624
Solved 37/200 episodes, CC loss avg = 32.896290552802384
Epoch 320	 test acc 0.185
abstract.GUMBEL_TEMP: 1.3308510052719866
train_loss: 133782.53932380676
abstract.GUMBEL_TEMP: 1.322313890574344
train_loss: 134036.08377075195
abstract.GUMBEL_TEMP: 1.3137915567588019
train_loss: 134393.87384033203
abstract.GUMBEL_TEMP: 1.3052839782342225
train_loss: 133796.96274375916
abstract.GUMBEL_TEMP: 1.2967911294537746
train_loss: 133985.1234073639
Solved 25/200 episodes, CC loss avg = 38.099411113952684
Epoch 325	 test acc 0.125
Saved model at models/fecf00a86e39451a8983345612402356-epoch-325.pt
abstract.GUMBEL_TEMP: 1.2883129849148602
train_loss: 134126.88360214233
abstract.GUMBEL_TEMP: 1.2798495191590362
train_loss: 133778.50374412537
abstract.GUMBEL_TEMP: 1.2714007067719346
train_loss: 134014.4302959442
abstract.GUMBEL_TEMP: 1.2629665223831896
train_loss: 133922.79096221924
abstract.GUMBEL_TEMP: 1.2545469406663647
train_loss: 133726.54212379456
Solved 32/200 episodes, CC loss avg = 28.46148448589439
Epoch 330	 test acc 0.16
abstract.GUMBEL_TEMP: 1.246141936338867
train_loss: 133915.15613555908
abstract.GUMBEL_TEMP: 1.2377514841618804
train_loss: 133452.42740631104
abstract.GUMBEL_TEMP: 1.2293755589402868
train_loss: 133870.04944229126
abstract.GUMBEL_TEMP: 1.221014135522588
train_loss: 133706.1530418396
abstract.GUMBEL_TEMP: 1.2126671888008342
train_loss: 134088.55150794983
Solved 33/200 episodes, CC loss avg = 32.998788935292396
Epoch 335	 test acc 0.165
abstract.GUMBEL_TEMP: 1.2043346937105461
train_loss: 133936.89061164856
abstract.GUMBEL_TEMP: 1.1960166252306395
train_loss: 133604.4666557312
abstract.GUMBEL_TEMP: 1.1877129583833517
train_loss: 133745.34480667114
abstract.GUMBEL_TEMP: 1.1794236682341648
train_loss: 133613.17284584045
abstract.GUMBEL_TEMP: 1.1711487298917338
train_loss: 133529.76426315308
Solved 28/200 episodes, CC loss avg = 26.76120206199364
Epoch 340	 test acc 0.14
abstract.GUMBEL_TEMP: 1.1628881185078073
train_loss: 133761.1476650238
abstract.GUMBEL_TEMP: 1.1546418092771562
train_loss: 133647.13145828247
abstract.GUMBEL_TEMP: 1.146409777437499
train_loss: 133527.34353256226
abstract.GUMBEL_TEMP: 1.1381919982694266
train_loss: 133370.54238510132
abstract.GUMBEL_TEMP: 1.1299884470963275
train_loss: 133432.51479148865
Solved 29/200 episodes, CC loss avg = 41.24343774800913
Epoch 345	 test acc 0.145
abstract.GUMBEL_TEMP: 1.121799099284314
train_loss: 133840.30500030518
abstract.GUMBEL_TEMP: 1.113623930242152
train_loss: 133734.65523338318
abstract.GUMBEL_TEMP: 1.1054629154211804
train_loss: 133142.06002235413
abstract.GUMBEL_TEMP: 1.0973160303152416
train_loss: 133079.14790534973
abstract.GUMBEL_TEMP: 1.089183250460609
train_loss: 133726.41229057312
Solved 29/200 episodes, CC loss avg = 29.003855710456264
Epoch 350	 test acc 0.145
Saved model at models/fecf00a86e39451a8983345612402356-epoch-350.pt
abstract.GUMBEL_TEMP: 1.0810645514359074
train_loss: 133102.3769340515
abstract.GUMBEL_TEMP: 1.0729599088620503
train_loss: 133032.99655723572
abstract.GUMBEL_TEMP: 1.0648692984021555
train_loss: 133337.23970985413
abstract.GUMBEL_TEMP: 1.0567926957614766
train_loss: 133287.0012550354
abstract.GUMBEL_TEMP: 1.048730076687335
train_loss: 133149.78834342957
Solved 26/200 episodes, CC loss avg = 33.28484798900783
Epoch 355	 test acc 0.13
abstract.GUMBEL_TEMP: 1.040681416969037
train_loss: 133431.7469921112
abstract.GUMBEL_TEMP: 1.0326466924378113
train_loss: 132953.62042045593
abstract.GUMBEL_TEMP: 1.024625878966726
train_loss: 132758.99344444275
abstract.GUMBEL_TEMP: 1.0166189524706282
train_loss: 133310.01472091675
abstract.GUMBEL_TEMP: 1.0086258889060613
train_loss: 133284.14969825745
Solved 29/200 episodes, CC loss avg = 30.449934799254674
Epoch 360	 test acc 0.145
abstract.GUMBEL_TEMP: 1.0006466642711962
train_loss: 132917.87101745605
abstract.GUMBEL_TEMP: 0.9926812546057626
train_loss: 132822.7142791748
abstract.GUMBEL_TEMP: 0.9847296359909712
train_loss: 133486.4473285675
abstract.GUMBEL_TEMP: 0.976791784549448
train_loss: 132991.41132164001
abstract.GUMBEL_TEMP: 0.9688676764451574
train_loss: 132665.36167526245
Solved 34/200 episodes, CC loss avg = 30.66313112054912
Epoch 365	 test acc 0.17
abstract.GUMBEL_TEMP: 0.960957287883333
train_loss: 132979.16173171997
abstract.GUMBEL_TEMP: 0.9530605951104072
train_loss: 132697.54254341125
abstract.GUMBEL_TEMP: 0.945177574413936
train_loss: 133234.9193763733
abstract.GUMBEL_TEMP: 0.9373082021225329
train_loss: 132842.6968460083
abstract.GUMBEL_TEMP: 0.9294524546057947
train_loss: 133212.18009376526
Solved 33/200 episodes, CC loss avg = 32.51124918962327
Epoch 370	 test acc 0.165
abstract.GUMBEL_TEMP: 0.9216103082742296
train_loss: 132416.59719848633
abstract.GUMBEL_TEMP: 0.9137817395791896
train_loss: 133273.58011436462
abstract.GUMBEL_TEMP: 0.9059667250127973
train_loss: 133175.3847770691
abstract.GUMBEL_TEMP: 0.8981652411078762
train_loss: 132453.1074409485
abstract.GUMBEL_TEMP: 0.89037726443788
train_loss: 132761.72796058655
Solved 44/200 episodes, CC loss avg = 38.07093518063728
Epoch 375	 test acc 0.22
Saved model at models/fecf00a86e39451a8983345612402356-epoch-375.pt
abstract.GUMBEL_TEMP: 0.882602771616822
train_loss: 132629.83517456055
abstract.GUMBEL_TEMP: 0.8748417392992072
train_loss: 132742.4423160553
abstract.GUMBEL_TEMP: 0.8670941441799569
train_loss: 132630.0676689148
abstract.GUMBEL_TEMP: 0.8593599629943448
train_loss: 132885.19047164917
abstract.GUMBEL_TEMP: 0.8516391725179235
train_loss: 132706.98139762878
Solved 31/200 episodes, CC loss avg = 26.8209882610402
Epoch 380	 test acc 0.155
abstract.GUMBEL_TEMP: 0.8439317495664558
train_loss: 133069.37323570251
abstract.GUMBEL_TEMP: 0.8362376709958437
train_loss: 132640.14357185364
abstract.GUMBEL_TEMP: 0.8285569137020619
train_loss: 132318.98496055603
abstract.GUMBEL_TEMP: 0.8208894546210861
train_loss: 132427.7553806305
abstract.GUMBEL_TEMP: 0.8132352707288234
train_loss: 132539.65839767456
Solved 32/200 episodes, CC loss avg = 29.26124690912132
Epoch 385	 test acc 0.16
abstract.GUMBEL_TEMP: 0.8055943390410464
train_loss: 132733.52536392212
abstract.GUMBEL_TEMP: 0.7979666366133192
train_loss: 132708.11926651
abstract.GUMBEL_TEMP: 0.7903521405409314
train_loss: 132298.01348495483
abstract.GUMBEL_TEMP: 0.7827508279588306
train_loss: 132650.51450538635
abstract.GUMBEL_TEMP: 0.775162676041552
train_loss: 132455.97977256775
Solved 28/200 episodes, CC loss avg = 31.456001865203703
Epoch 390	 test acc 0.14
abstract.GUMBEL_TEMP: 0.7675876620031488
train_loss: 132194.99630355835
abstract.GUMBEL_TEMP: 0.760025763097126
train_loss: 132241.81096076965
abstract.GUMBEL_TEMP: 0.7524769566163702
train_loss: 132106.23924827576
abstract.GUMBEL_TEMP: 0.7449412198930841
train_loss: 132143.77567100525
abstract.GUMBEL_TEMP: 0.7374185302987156
train_loss: 132687.30587005615
Solved 30/200 episodes, CC loss avg = 27.84741166671333
Epoch 395	 test acc 0.15
abstract.GUMBEL_TEMP: 0.7299088652438912
train_loss: 132420.11802864075
abstract.GUMBEL_TEMP: 0.7224122021783466
train_loss: 132505.6949825287
abstract.GUMBEL_TEMP: 0.7149285185908621
train_loss: 132058.81818008423
abstract.GUMBEL_TEMP: 0.7074577920091923
train_loss: 132332.32249641418
abstract.GUMBEL_TEMP: 0.7
train_loss: 132204.9989013672
Solved 19/200 episodes, CC loss avg = 27.68174102502367
Epoch 400	 test acc 0.095
Saved model at models/fecf00a86e39451a8983345612402356-epoch-400.pt
abstract.GUMBEL_TEMP: 0.7
train_loss: 132715.45273399353
abstract.GUMBEL_TEMP: 0.7
train_loss: 132313.2771434784
abstract.GUMBEL_TEMP: 0.7
train_loss: 132154.30289268494
abstract.GUMBEL_TEMP: 0.7
train_loss: 131966.10731887817
abstract.GUMBEL_TEMP: 0.7
train_loss: 132412.05909729004
Solved 32/200 episodes, CC loss avg = 34.14274515826255
Epoch 405	 test acc 0.16
abstract.GUMBEL_TEMP: 0.7
train_loss: 132079.02277755737
abstract.GUMBEL_TEMP: 0.7
train_loss: 131928.08498382568
abstract.GUMBEL_TEMP: 0.7
train_loss: 132275.96857261658
abstract.GUMBEL_TEMP: 0.7
train_loss: 132434.78003883362
abstract.GUMBEL_TEMP: 0.7
train_loss: 132520.58518600464
Solved 31/200 episodes, CC loss avg = 30.08003432008748
Epoch 410	 test acc 0.155
abstract.GUMBEL_TEMP: 0.7
train_loss: 131738.9060344696
abstract.GUMBEL_TEMP: 0.7
train_loss: 131873.81800842285
abstract.GUMBEL_TEMP: 0.7
train_loss: 132596.46798324585
abstract.GUMBEL_TEMP: 0.7
train_loss: 131963.07807159424
abstract.GUMBEL_TEMP: 0.7
train_loss: 131595.52841377258
Solved 22/200 episodes, CC loss avg = 29.347545233438723
Epoch 415	 test acc 0.11
abstract.GUMBEL_TEMP: 0.7
train_loss: 132116.90440940857
abstract.GUMBEL_TEMP: 0.7
train_loss: 131784.12550926208
abstract.GUMBEL_TEMP: 0.7
train_loss: 132027.61069107056
abstract.GUMBEL_TEMP: 0.7
train_loss: 131910.759847641
abstract.GUMBEL_TEMP: 0.7
train_loss: 132208.09750175476
Solved 32/200 episodes, CC loss avg = 31.526999667788353
Epoch 420	 test acc 0.16
abstract.GUMBEL_TEMP: 0.7
train_loss: 132488.44598579407
abstract.GUMBEL_TEMP: 0.7
train_loss: 131926.22770118713
abstract.GUMBEL_TEMP: 0.7
train_loss: 131715.99604606628
abstract.GUMBEL_TEMP: 0.7
train_loss: 131968.09685516357
abstract.GUMBEL_TEMP: 0.7
train_loss: 131652.49934387207
Solved 36/200 episodes, CC loss avg = 37.176126302385164
Epoch 425	 test acc 0.18
Saved model at models/fecf00a86e39451a8983345612402356-epoch-425.pt
abstract.GUMBEL_TEMP: 0.7
train_loss: 131817.37597846985
abstract.GUMBEL_TEMP: 0.7
train_loss: 132050.24744987488
abstract.GUMBEL_TEMP: 0.7
train_loss: 131768.67581558228
abstract.GUMBEL_TEMP: 0.7
train_loss: 132010.75968933105
abstract.GUMBEL_TEMP: 0.7
train_loss: 132136.54332733154
Solved 20/200 episodes, CC loss avg = 19.701879139273213
Epoch 430	 test acc 0.1
abstract.GUMBEL_TEMP: 0.7
train_loss: 131577.8964805603
abstract.GUMBEL_TEMP: 0.7
train_loss: 131808.374584198
abstract.GUMBEL_TEMP: 0.7
train_loss: 131809.40157318115
abstract.GUMBEL_TEMP: 0.7
train_loss: 131444.90377998352
abstract.GUMBEL_TEMP: 0.7
train_loss: 131709.73072433472
Solved 29/200 episodes, CC loss avg = 35.720403363175976
Epoch 435	 test acc 0.145
abstract.GUMBEL_TEMP: 0.7
train_loss: 131732.36381721497
abstract.GUMBEL_TEMP: 0.7
train_loss: 131408.10495376587
abstract.GUMBEL_TEMP: 0.7
train_loss: 131799.42784118652
abstract.GUMBEL_TEMP: 0.7
train_loss: 131505.21488571167
abstract.GUMBEL_TEMP: 0.7
train_loss: 131614.13383293152
Solved 22/200 episodes, CC loss avg = 22.36608199418951
Epoch 440	 test acc 0.11
abstract.GUMBEL_TEMP: 0.7
train_loss: 132021.09923553467
abstract.GUMBEL_TEMP: 0.7
train_loss: 131465.69047164917
abstract.GUMBEL_TEMP: 0.7
train_loss: 131278.1523551941
abstract.GUMBEL_TEMP: 0.7
train_loss: 132036.06051635742
abstract.GUMBEL_TEMP: 0.7
train_loss: 131909.48221588135
Solved 33/200 episodes, CC loss avg = 29.771240185395303
Epoch 445	 test acc 0.165
abstract.GUMBEL_TEMP: 0.7
train_loss: 131573.96491241455
abstract.GUMBEL_TEMP: 0.7
train_loss: 131659.46216583252
abstract.GUMBEL_TEMP: 0.7
train_loss: 131427.37153434753
abstract.GUMBEL_TEMP: 0.7
train_loss: 131912.57757759094
abstract.GUMBEL_TEMP: 0.7
train_loss: 131395.7621231079
Solved 31/200 episodes, CC loss avg = 28.360668561740646
Epoch 450	 test acc 0.155
Saved model at models/fecf00a86e39451a8983345612402356-epoch-450.pt
abstract.GUMBEL_TEMP: 0.7
train_loss: 131404.47606658936
abstract.GUMBEL_TEMP: 0.7
train_loss: 131754.14205741882
abstract.GUMBEL_TEMP: 0.7
train_loss: 131652.52991104126
abstract.GUMBEL_TEMP: 0.7
train_loss: 131308.45173072815
abstract.GUMBEL_TEMP: 0.7
train_loss: 131303.5647983551
Solved 27/200 episodes, CC loss avg = 15.311055801784109
Epoch 455	 test acc 0.135
abstract.GUMBEL_TEMP: 0.7
train_loss: 131170.54048347473
abstract.GUMBEL_TEMP: 0.7
train_loss: 131304.2281589508
abstract.GUMBEL_TEMP: 0.7
train_loss: 131788.29158210754
abstract.GUMBEL_TEMP: 0.7
train_loss: 131589.4631690979
abstract.GUMBEL_TEMP: 0.7
train_loss: 131567.60934066772
Solved 35/200 episodes, CC loss avg = 41.48422358326476
Epoch 460	 test acc 0.175
abstract.GUMBEL_TEMP: 0.7
train_loss: 130941.46356010437
abstract.GUMBEL_TEMP: 0.7
train_loss: 131348.26012802124
abstract.GUMBEL_TEMP: 0.7
train_loss: 131327.4771003723
abstract.GUMBEL_TEMP: 0.7
train_loss: 131467.11053848267
abstract.GUMBEL_TEMP: 0.7
train_loss: 131559.39323997498
Solved 34/200 episodes, CC loss avg = 27.22173658508109
Epoch 465	 test acc 0.17
abstract.GUMBEL_TEMP: 0.7
train_loss: 131623.12391090393
abstract.GUMBEL_TEMP: 0.7
train_loss: 130958.543466568
abstract.GUMBEL_TEMP: 0.7
train_loss: 131072.04073143005
abstract.GUMBEL_TEMP: 0.7
train_loss: 131264.9499950409
abstract.GUMBEL_TEMP: 0.7
train_loss: 131240.97093391418
Solved 46/200 episodes, CC loss avg = 38.24339626434368
Epoch 470	 test acc 0.23
abstract.GUMBEL_TEMP: 0.7
train_loss: 131277.51933670044
abstract.GUMBEL_TEMP: 0.7
train_loss: 131223.01516342163
abstract.GUMBEL_TEMP: 0.7
train_loss: 130786.80742454529
abstract.GUMBEL_TEMP: 0.7
train_loss: 131415.2489566803
abstract.GUMBEL_TEMP: 0.7
train_loss: 130925.18753051758
Solved 35/200 episodes, CC loss avg = 32.01496770037338
Epoch 475	 test acc 0.175
Saved model at models/fecf00a86e39451a8983345612402356-epoch-475.pt
abstract.GUMBEL_TEMP: 0.7
train_loss: 131247.3852596283
abstract.GUMBEL_TEMP: 0.7
train_loss: 131389.36881637573
abstract.GUMBEL_TEMP: 0.7
train_loss: 130905.30760192871
abstract.GUMBEL_TEMP: 0.7
train_loss: 130920.9621219635
abstract.GUMBEL_TEMP: 0.7
train_loss: 131349.41655921936
Solved 41/200 episodes, CC loss avg = 32.02015338481472
Epoch 480	 test acc 0.205
abstract.GUMBEL_TEMP: 0.7
train_loss: 131377.09506988525
abstract.GUMBEL_TEMP: 0.7
train_loss: 130826.65195465088
abstract.GUMBEL_TEMP: 0.7
train_loss: 130957.58820724487
abstract.GUMBEL_TEMP: 0.7
train_loss: 131143.53555107117
abstract.GUMBEL_TEMP: 0.7
train_loss: 131340.93432426453
Solved 31/200 episodes, CC loss avg = 33.08496063229007
Epoch 485	 test acc 0.155
abstract.GUMBEL_TEMP: 0.7
train_loss: 130806.31592178345
abstract.GUMBEL_TEMP: 0.7
train_loss: 131010.23052215576
abstract.GUMBEL_TEMP: 0.7
train_loss: 130860.15826797485
abstract.GUMBEL_TEMP: 0.7
train_loss: 131051.06165122986
abstract.GUMBEL_TEMP: 0.7
train_loss: 131034.05160331726
Solved 31/200 episodes, CC loss avg = 31.51265911610117
Epoch 490	 test acc 0.155
abstract.GUMBEL_TEMP: 0.7
train_loss: 131056.63799858093
abstract.GUMBEL_TEMP: 0.7
train_loss: 130970.81511688232
abstract.GUMBEL_TEMP: 0.7
train_loss: 130781.67942047119
abstract.GUMBEL_TEMP: 0.7
train_loss: 130422.59310150146
abstract.GUMBEL_TEMP: 0.7
train_loss: 131082.33569717407
Solved 31/200 episodes, CC loss avg = 34.84258790869723
Epoch 495	 test acc 0.155
abstract.GUMBEL_TEMP: 0.7
train_loss: 130814.33353042603
abstract.GUMBEL_TEMP: 0.7
train_loss: 130729.76073646545
abstract.GUMBEL_TEMP: 0.7
train_loss: 131232.531747818
abstract.GUMBEL_TEMP: 0.7
train_loss: 131031.60885238647
Saved model at models/fecf00a86e39451a8983345612402356.pt
Completed training in 45548.0 seconds
MODEL: 	hmm
N: 	20000
ABSTRACT_PEN: 	1.0
