MODEL:	 hmm
N:	 20000
ABSTRACT_PEN:	 1.0
Starting run:
e57200fa2d7e4f9fa5f44cf61c0c9e8b
params: {'n': 20000, 'traj_updates': 10000000.0, 'num_saves': 20, 'num_tests': 100, 'num_test': 200, 'lr': 0.0008, 'batch_size': 16, 'model_load_path': 'models/4f33c4fd2210434ab368a39eb335d2d8-epoch-625.pt', 'b': 10, 'abstract_pen': 1.0, 'model': 'hmm', 'seed': 1, 'abstract_dim': 32, 'tau_noise_std': 0.0, 'freeze': False, 'eval': False, 'load': False, 'ellis': False, 'neptune': False, 'no_log': False, 'fine_tune': False, 'variable_abstract_pen': False, 'tau_precompute': False, 'replace_trans_net': False, 'batch_norm': False, 'no_tau_norm': False, 'relational_micro': False, 'toy_test': False, 'separate_option_nets': False, 'gumbel': True, 'g_start_temp': 10.0, 'g_stop_temp': 5.0, 'num_categories': 8, 'gumbel_sched': <function boxworld_main.<locals>.schedule_temp at 0x7efbb908daf0>, 'device': 'NVIDIA GeForce GTX TITAN X', 'epochs': 500, 'test_every': 5, 'save_every': 25, 'id': 'e57200fa2d7e4f9fa5f44cf61c0c9e8b'}
Net has 228596 parameters
WARNING: tau norm dim disabled
abstract.GUMBEL_TEMP: 10.0
train_loss: 633287.1013183594
Solved 0/200 episodes, CC loss avg = 0.0039690834644716235
Epoch 0	 test acc 0.0
abstract.GUMBEL_TEMP: 9.982686325973926
train_loss: 411761.2686691284
abstract.GUMBEL_TEMP: 9.965402628278678
train_loss: 382051.0411758423
abstract.GUMBEL_TEMP: 9.948148855014217
train_loss: 361700.45626831055
abstract.GUMBEL_TEMP: 9.93092495437036
train_loss: 343662.30265045166
abstract.GUMBEL_TEMP: 9.913730874626621
train_loss: 329855.3762283325
Solved 3/200 episodes, CC loss avg = 0.08010726065569304
Epoch 5	 test acc 0.015
abstract.GUMBEL_TEMP: 9.896566564152069
train_loss: 316257.1731185913
abstract.GUMBEL_TEMP: 9.879431971405161
train_loss: 301910.5495567322
abstract.GUMBEL_TEMP: 9.862327044933592
train_loss: 283130.2113647461
abstract.GUMBEL_TEMP: 9.84525173337414
train_loss: 266488.68898773193
abstract.GUMBEL_TEMP: 9.82820598545251
train_loss: 253623.4907989502
Solved 8/200 episodes, CC loss avg = 14.104971818293311
Epoch 10	 test acc 0.04
abstract.GUMBEL_TEMP: 9.811189749983187
train_loss: 244647.65813064575
abstract.GUMBEL_TEMP: 9.794202975869268
train_loss: 238421.94635772705
abstract.GUMBEL_TEMP: 9.777245612102327
train_loss: 232794.53103637695
abstract.GUMBEL_TEMP: 9.760317607762246
train_loss: 228468.5429801941
abstract.GUMBEL_TEMP: 9.74341891201707
train_loss: 224746.21823883057
Solved 8/200 episodes, CC loss avg = 10.972312215094766
Epoch 15	 test acc 0.04
abstract.GUMBEL_TEMP: 9.726549474122855
train_loss: 220930.5219154358
abstract.GUMBEL_TEMP: 9.70970924342351
train_loss: 217628.3603363037
abstract.GUMBEL_TEMP: 9.69289816935065
train_loss: 214657.45714569092
abstract.GUMBEL_TEMP: 9.676116201423444
train_loss: 211964.87924957275
abstract.GUMBEL_TEMP: 9.659363289248457
train_loss: 208477.93319511414
Solved 14/200 episodes, CC loss avg = 22.722437776992784
Epoch 20	 test acc 0.07
abstract.GUMBEL_TEMP: 9.642639382519508
train_loss: 206457.4721069336
abstract.GUMBEL_TEMP: 9.625944431017514
train_loss: 203643.88438987732
abstract.GUMBEL_TEMP: 9.609278384610338
train_loss: 201198.766620636
abstract.GUMBEL_TEMP: 9.592641193252643
train_loss: 198464.418510437
abstract.GUMBEL_TEMP: 9.576032806985737
train_loss: 196614.5482711792
Solved 18/200 episodes, CC loss avg = 9.115428000135102
Epoch 25	 test acc 0.09
Saved model at models/e57200fa2d7e4f9fa5f44cf61c0c9e8b-epoch-25.pt
abstract.GUMBEL_TEMP: 9.55945317593742
train_loss: 194576.7300643921
abstract.GUMBEL_TEMP: 9.542902250321852
train_loss: 192061.62350082397
abstract.GUMBEL_TEMP: 9.526379980439373
train_loss: 190401.93227386475
abstract.GUMBEL_TEMP: 9.50988631667639
train_loss: 189147.36643218994
abstract.GUMBEL_TEMP: 9.493421209505192
train_loss: 187462.739112854
Solved 16/200 episodes, CC loss avg = 16.48135923425822
Epoch 30	 test acc 0.08
abstract.GUMBEL_TEMP: 9.476984609483832
train_loss: 186322.12395858765
abstract.GUMBEL_TEMP: 9.460576467255958
train_loss: 184373.81292152405
abstract.GUMBEL_TEMP: 9.444196733550676
train_loss: 183468.47190475464
abstract.GUMBEL_TEMP: 9.427845359182395
train_loss: 182127.917760849
abstract.GUMBEL_TEMP: 9.41152229505068
train_loss: 180992.63102149963
Solved 21/200 episodes, CC loss avg = 16.85984774076005
Epoch 35	 test acc 0.105
abstract.GUMBEL_TEMP: 9.395227492140119
train_loss: 179788.5532283783
abstract.GUMBEL_TEMP: 9.378960901520145
train_loss: 179047.72716522217
abstract.GUMBEL_TEMP: 9.362722474344922
train_loss: 177678.30581092834
abstract.GUMBEL_TEMP: 9.34651216185318
train_loss: 176762.12098312378
abstract.GUMBEL_TEMP: 9.330329915368074
train_loss: 175486.87807655334
Solved 25/200 episodes, CC loss avg = 30.922707880064845
Epoch 40	 test acc 0.125
abstract.GUMBEL_TEMP: 9.314175686297032
train_loss: 174789.46273612976
abstract.GUMBEL_TEMP: 9.298049426131618
train_loss: 174076.11674499512
abstract.GUMBEL_TEMP: 9.281951086447382
train_loss: 172950.24248695374
abstract.GUMBEL_TEMP: 9.265880618903708
train_loss: 171864.44611740112
abstract.GUMBEL_TEMP: 9.249837975243686
train_loss: 171563.58799552917
Solved 21/200 episodes, CC loss avg = 20.626766271807902
Epoch 45	 test acc 0.105
abstract.GUMBEL_TEMP: 9.233823107293949
train_loss: 170797.90345954895
abstract.GUMBEL_TEMP: 9.217835966964536
train_loss: 169817.48329925537
abstract.GUMBEL_TEMP: 9.201876506248752
train_loss: 169198.3798160553
abstract.GUMBEL_TEMP: 9.185944677223013
train_loss: 168433.48339271545
abstract.GUMBEL_TEMP: 9.170040432046711
train_loss: 167880.82747650146
Solved 22/200 episodes, CC loss avg = 12.268323611744956
Epoch 50	 test acc 0.11
Saved model at models/e57200fa2d7e4f9fa5f44cf61c0c9e8b-epoch-50.pt
abstract.GUMBEL_TEMP: 9.154163722962075
train_loss: 166669.7175579071
abstract.GUMBEL_TEMP: 9.138314502294005
train_loss: 166597.01935958862
abstract.GUMBEL_TEMP: 9.122492722449959
train_loss: 166122.52500534058
abstract.GUMBEL_TEMP: 9.106698335919784
train_loss: 165159.92599105835
abstract.GUMBEL_TEMP: 9.090931295275592
train_loss: 165038.50788116455
Solved 22/200 episodes, CC loss avg = 24.31437125282329
Epoch 55	 test acc 0.11
abstract.GUMBEL_TEMP: 9.075191553171608
train_loss: 164315.28625679016
abstract.GUMBEL_TEMP: 9.059479062344028
train_loss: 163841.64238929749
abstract.GUMBEL_TEMP: 9.043793775610881
train_loss: 163204.41433525085
abstract.GUMBEL_TEMP: 9.028135645871885
train_loss: 162766.29179000854
abstract.GUMBEL_TEMP: 9.012504626108303
train_loss: 162574.18509864807
Solved 29/200 episodes, CC loss avg = 27.223109785650827
Epoch 60	 test acc 0.145
abstract.GUMBEL_TEMP: 8.996900669382809
train_loss: 162112.37544822693
abstract.GUMBEL_TEMP: 8.981323728839342
train_loss: 161475.95141220093
abstract.GUMBEL_TEMP: 8.965773757702966
train_loss: 161066.93410873413
abstract.GUMBEL_TEMP: 8.950250709279725
train_loss: 160481.4308834076
abstract.GUMBEL_TEMP: 8.934754536956513
train_loss: 160086.9814300537
Solved 32/200 episodes, CC loss avg = 27.917501430315767
Epoch 65	 test acc 0.16
abstract.GUMBEL_TEMP: 8.919285194200928
train_loss: 159534.24562644958
abstract.GUMBEL_TEMP: 8.903842634561128
train_loss: 159262.20162963867
abstract.GUMBEL_TEMP: 8.888426811665703
train_loss: 158815.37689971924
abstract.GUMBEL_TEMP: 8.873037679223522
train_loss: 158886.8726825714
abstract.GUMBEL_TEMP: 8.857675191023606
train_loss: 157681.11054229736
Solved 30/200 episodes, CC loss avg = 20.88627533732359
Epoch 70	 test acc 0.15
abstract.GUMBEL_TEMP: 8.842339300934983
train_loss: 158014.9882297516
abstract.GUMBEL_TEMP: 8.827029962906549
train_loss: 157785.0942287445
abstract.GUMBEL_TEMP: 8.811747130966932
train_loss: 157225.10817718506
abstract.GUMBEL_TEMP: 8.796490759224357
train_loss: 156794.32014846802
abstract.GUMBEL_TEMP: 8.781260801866498
train_loss: 156648.75985336304
Solved 21/200 episodes, CC loss avg = 28.304230347569302
Epoch 75	 test acc 0.105
Saved model at models/e57200fa2d7e4f9fa5f44cf61c0c9e8b-epoch-75.pt
abstract.GUMBEL_TEMP: 8.766057213160352
train_loss: 156319.44347381592
abstract.GUMBEL_TEMP: 8.750879947452093
train_loss: 155891.60372924805
abstract.GUMBEL_TEMP: 8.735728959166943
train_loss: 155359.22192764282
abstract.GUMBEL_TEMP: 8.720604202809028
train_loss: 155730.72961044312
abstract.GUMBEL_TEMP: 8.705505632961241
train_loss: 154868.24146270752
Solved 24/200 episodes, CC loss avg = 23.616168853649427
Epoch 80	 test acc 0.12
abstract.GUMBEL_TEMP: 8.690433204285117
train_loss: 154936.87701034546
abstract.GUMBEL_TEMP: 8.67538687152068
train_loss: 154502.20038032532
abstract.GUMBEL_TEMP: 8.660366589486319
train_loss: 154523.37237739563
abstract.GUMBEL_TEMP: 8.645372313078653
train_loss: 153949.10387802124
abstract.GUMBEL_TEMP: 8.630403997272381
train_loss: 153770.98936080933
Solved 25/200 episodes, CC loss avg = 22.808627151651308
Epoch 85	 test acc 0.125
abstract.GUMBEL_TEMP: 8.615461597120172
train_loss: 153295.62033462524
abstract.GUMBEL_TEMP: 8.6005450677525
train_loss: 153144.63821029663
abstract.GUMBEL_TEMP: 8.58565436437754
train_loss: 153295.9674129486
abstract.GUMBEL_TEMP: 8.570789442280999
train_loss: 153284.8679714203
abstract.GUMBEL_TEMP: 8.555950256826023
train_loss: 152930.40830802917
Solved 39/200 episodes, CC loss avg = 28.141375075738747
Epoch 90	 test acc 0.195
abstract.GUMBEL_TEMP: 8.541136763453022
train_loss: 152320.01832580566
abstract.GUMBEL_TEMP: 8.526348917679567
train_loss: 152531.57964134216
abstract.GUMBEL_TEMP: 8.51158667510024
train_loss: 152247.7730255127
abstract.GUMBEL_TEMP: 8.496849991386503
train_loss: 152357.93809700012
abstract.GUMBEL_TEMP: 8.48213882228657
train_loss: 151386.42449760437
Solved 29/200 episodes, CC loss avg = 28.57721940878897
Epoch 95	 test acc 0.145
abstract.GUMBEL_TEMP: 8.467453123625273
train_loss: 151508.05338668823
abstract.GUMBEL_TEMP: 8.452792851303919
train_loss: 151013.20329093933
abstract.GUMBEL_TEMP: 8.43815796130018
train_loss: 151270.14137268066
abstract.GUMBEL_TEMP: 8.42354840966793
train_loss: 150991.6222267151
abstract.GUMBEL_TEMP: 8.408964152537145
train_loss: 150691.57025909424
Solved 29/200 episodes, CC loss avg = 33.95583956700943
Epoch 100	 test acc 0.145
Saved model at models/e57200fa2d7e4f9fa5f44cf61c0c9e8b-epoch-100.pt
abstract.GUMBEL_TEMP: 8.394405146113748
train_loss: 150685.0283355713
abstract.GUMBEL_TEMP: 8.379871346679487
train_loss: 150299.71177482605
abstract.GUMBEL_TEMP: 8.3653627105918
train_loss: 149930.17671394348
abstract.GUMBEL_TEMP: 8.350879194283694
train_loss: 149970.42746925354
abstract.GUMBEL_TEMP: 8.336420754263598
train_loss: 149719.7570476532
Solved 29/200 episodes, CC loss avg = 21.9758973799237
Epoch 105	 test acc 0.145
abstract.GUMBEL_TEMP: 8.321987347115245
train_loss: 149536.53520011902
abstract.GUMBEL_TEMP: 8.307578929497538
train_loss: 149587.43474578857
abstract.GUMBEL_TEMP: 8.293195458144417
train_loss: 149069.085855484
abstract.GUMBEL_TEMP: 8.278836889864733
train_loss: 149622.07152557373
abstract.GUMBEL_TEMP: 8.264503181542118
train_loss: 149027.4341621399
Solved 32/200 episodes, CC loss avg = 30.585474549413014
Epoch 110	 test acc 0.16
abstract.GUMBEL_TEMP: 8.25019429013485
train_loss: 149083.3788433075
abstract.GUMBEL_TEMP: 8.23591017267573
train_loss: 148765.09275245667
abstract.GUMBEL_TEMP: 8.221650786271956
train_loss: 148628.7709274292
abstract.GUMBEL_TEMP: 8.207416088104985
train_loss: 148372.85488700867
abstract.GUMBEL_TEMP: 8.193206035430403
train_loss: 148128.15852928162
Solved 23/200 episodes, CC loss avg = 24.64820008465603
Epoch 115	 test acc 0.115
abstract.GUMBEL_TEMP: 8.17902058557781
train_loss: 148143.14065551758
abstract.GUMBEL_TEMP: 8.164859695950685
train_loss: 148037.29529190063
abstract.GUMBEL_TEMP: 8.150723324026252
train_loss: 147979.01635169983
abstract.GUMBEL_TEMP: 8.136611427355362
train_loss: 147862.07422065735
abstract.GUMBEL_TEMP: 8.122523963562356
train_loss: 147695.5736694336
Solved 34/200 episodes, CC loss avg = 14.997081192669373
Epoch 120	 test acc 0.17
abstract.GUMBEL_TEMP: 8.108460890344945
train_loss: 147793.05213546753
abstract.GUMBEL_TEMP: 8.094422165474084
train_loss: 147332.81622886658
abstract.GUMBEL_TEMP: 8.080407746793838
train_loss: 147313.1069946289
abstract.GUMBEL_TEMP: 8.066417592221264
train_loss: 147002.60563468933
abstract.GUMBEL_TEMP: 8.052451659746271
train_loss: 147189.46314430237
Solved 24/200 episodes, CC loss avg = 22.283444060805017
Epoch 125	 test acc 0.12
Saved model at models/e57200fa2d7e4f9fa5f44cf61c0c9e8b-epoch-125.pt
abstract.GUMBEL_TEMP: 8.038509907431514
train_loss: 146782.6049194336
abstract.GUMBEL_TEMP: 8.024592293412251
train_loss: 146941.86165428162
abstract.GUMBEL_TEMP: 8.010698775896222
train_loss: 146284.2712612152
abstract.GUMBEL_TEMP: 7.996829313163526
train_loss: 146936.25970458984
abstract.GUMBEL_TEMP: 7.982983863566499
train_loss: 146254.28301620483
Solved 39/200 episodes, CC loss avg = 28.887597713225876
Epoch 130	 test acc 0.195
abstract.GUMBEL_TEMP: 7.969162385529579
train_loss: 146762.7225818634
abstract.GUMBEL_TEMP: 7.955364837549187
train_loss: 146329.9521484375
abstract.GUMBEL_TEMP: 7.941591178193605
train_loss: 146285.6098537445
abstract.GUMBEL_TEMP: 7.927841366102845
train_loss: 145754.22180366516
abstract.GUMBEL_TEMP: 7.914115359988532
train_loss: 145993.37993049622
Solved 29/200 episodes, CC loss avg = 26.535707491874586
Epoch 135	 test acc 0.145
abstract.GUMBEL_TEMP: 7.900413118633772
train_loss: 145750.4424419403
abstract.GUMBEL_TEMP: 7.886734600893036
train_loss: 145625.03295516968
abstract.GUMBEL_TEMP: 7.873079765692034
train_loss: 145633.47072601318
abstract.GUMBEL_TEMP: 7.859448572027587
train_loss: 145393.28589820862
abstract.GUMBEL_TEMP: 7.845840978967508
train_loss: 145466.74299430847
Solved 28/200 episodes, CC loss avg = 29.553653273376305
Epoch 140	 test acc 0.14
abstract.GUMBEL_TEMP: 7.832256945650482
train_loss: 145617.16283226013
abstract.GUMBEL_TEMP: 7.818696431285936
train_loss: 145049.051486969
abstract.GUMBEL_TEMP: 7.805159395153924
train_loss: 144750.22181129456
abstract.GUMBEL_TEMP: 7.791645796604999
train_loss: 145197.56231307983
abstract.GUMBEL_TEMP: 7.778155595060094
train_loss: 145195.5950756073
Solved 40/200 episodes, CC loss avg = 33.65969282192354
Epoch 145	 test acc 0.2
abstract.GUMBEL_TEMP: 7.764688750010398
train_loss: 144952.8625049591
abstract.GUMBEL_TEMP: 7.7512452210172365
train_loss: 144562.5066242218
abstract.GUMBEL_TEMP: 7.73782496771195
train_loss: 144605.1285381317
abstract.GUMBEL_TEMP: 7.724427949795771
train_loss: 144958.5331287384
abstract.GUMBEL_TEMP: 7.711054127039705
train_loss: 144463.06268692017
Solved 32/200 episodes, CC loss avg = 21.668694933061488
Epoch 150	 test acc 0.16
Saved model at models/e57200fa2d7e4f9fa5f44cf61c0c9e8b-epoch-150.pt
abstract.GUMBEL_TEMP: 7.697703459284407
train_loss: 144563.56156158447
abstract.GUMBEL_TEMP: 7.684375906440062
train_loss: 143990.5592098236
abstract.GUMBEL_TEMP: 7.671071428486269
train_loss: 144450.1981563568
abstract.GUMBEL_TEMP: 7.657789985471915
train_loss: 144349.5648803711
abstract.GUMBEL_TEMP: 7.644531537515054
train_loss: 144339.1292438507
Solved 39/200 episodes, CC loss avg = 35.20734722091668
Epoch 155	 test acc 0.195
abstract.GUMBEL_TEMP: 7.631296044802795
train_loss: 143955.71947479248
abstract.GUMBEL_TEMP: 7.618083467591177
train_loss: 144160.602809906
abstract.GUMBEL_TEMP: 7.604893766205047
train_loss: 144110.13612365723
abstract.GUMBEL_TEMP: 7.591726901037946
train_loss: 144443.94381713867
abstract.GUMBEL_TEMP: 7.578582832551991
train_loss: 143845.65362930298
Solved 29/200 episodes, CC loss avg = 23.17022626869715
Epoch 160	 test acc 0.145
abstract.GUMBEL_TEMP: 7.565461521277749
train_loss: 143748.6868209839
abstract.GUMBEL_TEMP: 7.552362927814128
train_loss: 143876.31790924072
abstract.GUMBEL_TEMP: 7.539287012828249
train_loss: 143482.420627594
abstract.GUMBEL_TEMP: 7.526233737055337
train_loss: 143938.11600494385
abstract.GUMBEL_TEMP: 7.5132030612985945
train_loss: 143314.22547531128
Solved 39/200 episodes, CC loss avg = 41.213546534021525
Epoch 165	 test acc 0.195
abstract.GUMBEL_TEMP: 7.50019494642909
train_loss: 143693.2818927765
abstract.GUMBEL_TEMP: 7.4872093533856425
train_loss: 143598.96531295776
abstract.GUMBEL_TEMP: 7.474246243174693
train_loss: 143336.11032676697
abstract.GUMBEL_TEMP: 7.461305576870199
train_loss: 143439.58311843872
abstract.GUMBEL_TEMP: 7.448387315613512
train_loss: 143262.24074554443
Solved 33/200 episodes, CC loss avg = 34.87532260155274
Epoch 170	 test acc 0.165
abstract.GUMBEL_TEMP: 7.435491420613262
train_loss: 142765.182056427
abstract.GUMBEL_TEMP: 7.422617853145246
train_loss: 143027.36957740784
abstract.GUMBEL_TEMP: 7.409766574552298
train_loss: 142858.5927581787
abstract.GUMBEL_TEMP: 7.396937546244188
train_loss: 142697.04928016663
abstract.GUMBEL_TEMP: 7.384130729697497
train_loss: 143007.31933021545
Solved 28/200 episodes, CC loss avg = 22.113322211370534
Epoch 175	 test acc 0.14
Saved model at models/e57200fa2d7e4f9fa5f44cf61c0c9e8b-epoch-175.pt
abstract.GUMBEL_TEMP: 7.371346086455507
train_loss: 142525.57476615906
abstract.GUMBEL_TEMP: 7.35858357812808
train_loss: 142660.90437698364
abstract.GUMBEL_TEMP: 7.345843166391546
train_loss: 142660.16129302979
abstract.GUMBEL_TEMP: 7.333124812988588
train_loss: 142786.02355766296
abstract.GUMBEL_TEMP: 7.320428479728127
train_loss: 142670.65126800537
Solved 37/200 episodes, CC loss avg = 16.850320865165607
Epoch 180	 test acc 0.185
abstract.GUMBEL_TEMP: 7.307754128485207
train_loss: 142266.99418067932
abstract.GUMBEL_TEMP: 7.2951017212008775
train_loss: 142785.9419555664
abstract.GUMBEL_TEMP: 7.282471219882084
train_loss: 142189.72532081604
abstract.GUMBEL_TEMP: 7.269862586601553
train_loss: 142237.62015342712
abstract.GUMBEL_TEMP: 7.2572757834976755
train_loss: 142221.05919265747
Solved 42/200 episodes, CC loss avg = 36.3989187325933
Epoch 185	 test acc 0.21
abstract.GUMBEL_TEMP: 7.244710772774395
train_loss: 142246.1979484558
abstract.GUMBEL_TEMP: 7.232167516701093
train_loss: 141926.54446601868
abstract.GUMBEL_TEMP: 7.2196459776124815
train_loss: 141998.8187980652
abstract.GUMBEL_TEMP: 7.207146117908476
train_loss: 141962.88306808472
abstract.GUMBEL_TEMP: 7.1946679000541005
train_loss: 142271.0246143341
Solved 35/200 episodes, CC loss avg = 18.05336163946897
Epoch 190	 test acc 0.175
abstract.GUMBEL_TEMP: 7.182211286579361
train_loss: 142119.4209136963
abstract.GUMBEL_TEMP: 7.169776240079138
train_loss: 141709.30482673645
abstract.GUMBEL_TEMP: 7.157362723213074
train_loss: 141850.18768310547
abstract.GUMBEL_TEMP: 7.144970698705465
train_loss: 141846.58682250977
abstract.GUMBEL_TEMP: 7.132600129345141
train_loss: 141514.50579071045
Solved 29/200 episodes, CC loss avg = 20.346537257691196
Epoch 195	 test acc 0.145
abstract.GUMBEL_TEMP: 7.12025097798536
train_loss: 141757.464509964
abstract.GUMBEL_TEMP: 7.107923207543692
train_loss: 141953.92556381226
abstract.GUMBEL_TEMP: 7.095616781001912
train_loss: 141481.10054016113
abstract.GUMBEL_TEMP: 7.083331661405891
train_loss: 141345.75163841248
abstract.GUMBEL_TEMP: 7.0710678118654755
train_loss: 141364.75420188904
Solved 38/200 episodes, CC loss avg = 30.040053687977924
Epoch 200	 test acc 0.19
Saved model at models/e57200fa2d7e4f9fa5f44cf61c0c9e8b-epoch-200.pt
abstract.GUMBEL_TEMP: 7.058825195554385
train_loss: 141328.7820854187
abstract.GUMBEL_TEMP: 7.046603775710097
train_loss: 141489.65150642395
abstract.GUMBEL_TEMP: 7.034403515633741
train_loss: 141229.01789474487
abstract.GUMBEL_TEMP: 7.0222243786899865
train_loss: 140965.00143051147
abstract.GUMBEL_TEMP: 7.010066328306927
train_loss: 141320.39603424072
Solved 29/200 episodes, CC loss avg = 14.60779615517916
Epoch 205	 test acc 0.145
abstract.GUMBEL_TEMP: 6.99792932797598
train_loss: 141646.32064056396
abstract.GUMBEL_TEMP: 6.985813341251771
train_loss: 140970.6995792389
abstract.GUMBEL_TEMP: 6.973718331752028
train_loss: 141355.02053642273
abstract.GUMBEL_TEMP: 6.961644263157466
train_loss: 141232.5070438385
abstract.GUMBEL_TEMP: 6.949591099211686
train_loss: 141025.81491279602
Solved 43/200 episodes, CC loss avg = 36.795644988433445
Epoch 210	 test acc 0.215
abstract.GUMBEL_TEMP: 6.937558803721059
train_loss: 140867.56882286072
abstract.GUMBEL_TEMP: 6.925547340554624
train_loss: 141144.40801429749
abstract.GUMBEL_TEMP: 6.913556673643972
train_loss: 141049.92560195923
abstract.GUMBEL_TEMP: 6.901586766983146
train_loss: 140661.78744125366
abstract.GUMBEL_TEMP: 6.889637584628524
train_loss: 140959.84065437317
Solved 33/200 episodes, CC loss avg = 28.246409336328252
Epoch 215	 test acc 0.165
abstract.GUMBEL_TEMP: 6.877709090698719
train_loss: 140889.12333869934
abstract.GUMBEL_TEMP: 6.865801249374465
train_loss: 141087.2163257599
abstract.GUMBEL_TEMP: 6.8539140248985175
train_loss: 140629.07356834412
abstract.GUMBEL_TEMP: 6.842047381575533
train_loss: 140618.8874206543
abstract.GUMBEL_TEMP: 6.830201283771978
train_loss: 140878.62953186035
Solved 33/200 episodes, CC loss avg = 30.786150662589876
Epoch 220	 test acc 0.165
abstract.GUMBEL_TEMP: 6.818375695916007
train_loss: 140712.87150382996
abstract.GUMBEL_TEMP: 6.806570582497367
train_loss: 140694.47854232788
abstract.GUMBEL_TEMP: 6.7947859080672846
train_loss: 140683.76696777344
abstract.GUMBEL_TEMP: 6.78302163723836
train_loss: 140800.23718452454
abstract.GUMBEL_TEMP: 6.771277734684464
train_loss: 140150.57347297668
Solved 33/200 episodes, CC loss avg = 32.76036129475734
Epoch 225	 test acc 0.165
Saved model at models/e57200fa2d7e4f9fa5f44cf61c0c9e8b-epoch-225.pt
abstract.GUMBEL_TEMP: 6.75955416514063
train_loss: 140531.7846508026
abstract.GUMBEL_TEMP: 6.747850893402944
train_loss: 140430.17073822021
abstract.GUMBEL_TEMP: 6.736167884328451
train_loss: 140124.92807006836
abstract.GUMBEL_TEMP: 6.7245051028350336
train_loss: 140558.88124847412
abstract.GUMBEL_TEMP: 6.712862513901317
train_loss: 140392.76516342163
Solved 35/200 episodes, CC loss avg = 27.704853632911757
Epoch 230	 test acc 0.175
abstract.GUMBEL_TEMP: 6.701240082566563
train_loss: 139833.15875434875
abstract.GUMBEL_TEMP: 6.68963777393056
train_loss: 140346.80649757385
abstract.GUMBEL_TEMP: 6.678055553153525
train_loss: 139800.9038219452
abstract.GUMBEL_TEMP: 6.666493385455993
train_loss: 140058.0819091797
abstract.GUMBEL_TEMP: 6.654951236118717
train_loss: 140430.13054084778
Solved 40/200 episodes, CC loss avg = 29.082901350763994
Epoch 235	 test acc 0.2
abstract.GUMBEL_TEMP: 6.643429070482558
train_loss: 140098.8913822174
abstract.GUMBEL_TEMP: 6.63192685394839
train_loss: 139957.8653049469
abstract.GUMBEL_TEMP: 6.620444551976986
train_loss: 139812.99514198303
abstract.GUMBEL_TEMP: 6.608982130088923
train_loss: 140407.13740730286
abstract.GUMBEL_TEMP: 6.597539553864472
train_loss: 140199.2343902588
Solved 31/200 episodes, CC loss avg = 22.022138611244205
Epoch 240	 test acc 0.155
abstract.GUMBEL_TEMP: 6.586116788943497
train_loss: 139267.84910964966
abstract.GUMBEL_TEMP: 6.5747138010253545
train_loss: 139918.93451309204
abstract.GUMBEL_TEMP: 6.563330555868786
train_loss: 139793.31141281128
abstract.GUMBEL_TEMP: 6.5519670192918165
train_loss: 139811.35145378113
abstract.GUMBEL_TEMP: 6.540623157171655
train_loss: 139644.94779014587
Solved 25/200 episodes, CC loss avg = 19.309608815513826
Epoch 245	 test acc 0.125
abstract.GUMBEL_TEMP: 6.529298935444588
train_loss: 139534.16603851318
abstract.GUMBEL_TEMP: 6.517994320105879
train_loss: 139787.5768814087
abstract.GUMBEL_TEMP: 6.5067092772096675
train_loss: 139519.61812782288
abstract.GUMBEL_TEMP: 6.495443772868864
train_loss: 139404.01394844055
abstract.GUMBEL_TEMP: 6.484197773255048
train_loss: 139308.3270893097
Solved 36/200 episodes, CC loss avg = 35.1984975342275
Epoch 250	 test acc 0.18
Saved model at models/e57200fa2d7e4f9fa5f44cf61c0c9e8b-epoch-250.pt
abstract.GUMBEL_TEMP: 6.472971244598375
train_loss: 139472.84873962402
abstract.GUMBEL_TEMP: 6.4617641531874614
train_loss: 139385.94812774658
abstract.GUMBEL_TEMP: 6.450576465369295
train_loss: 139275.76713371277
abstract.GUMBEL_TEMP: 6.439408147549129
train_loss: 139078.09297943115
abstract.GUMBEL_TEMP: 6.428259166190377
train_loss: 139416.3436050415
Solved 36/200 episodes, CC loss avg = 31.298126503605292
Epoch 255	 test acc 0.18
abstract.GUMBEL_TEMP: 6.417129487814521
train_loss: 139526.7350921631
abstract.GUMBEL_TEMP: 6.406019079001007
train_loss: 138917.2995815277
abstract.GUMBEL_TEMP: 6.394927906387143
train_loss: 139342.37951278687
abstract.GUMBEL_TEMP: 6.3838559366680006
train_loss: 139026.13063430786
abstract.GUMBEL_TEMP: 6.372803136596311
train_loss: 139214.061794281
Solved 31/200 episodes, CC loss avg = 34.66649202106886
Epoch 260	 test acc 0.155
abstract.GUMBEL_TEMP: 6.361769472982374
train_loss: 138985.28369903564
abstract.GUMBEL_TEMP: 6.350754912693947
train_loss: 139020.9012413025
abstract.GUMBEL_TEMP: 6.339759422656161
train_loss: 138658.4264984131
abstract.GUMBEL_TEMP: 6.3287829698513995
train_loss: 139123.94227409363
abstract.GUMBEL_TEMP: 6.3178255213192225
train_loss: 138731.12856674194
Solved 24/200 episodes, CC loss avg = 20.3045750161872
Epoch 265	 test acc 0.12
abstract.GUMBEL_TEMP: 6.306887044156248
train_loss: 139397.87041282654
abstract.GUMBEL_TEMP: 6.295967505516068
train_loss: 138966.06197547913
abstract.GUMBEL_TEMP: 6.285066872609142
train_loss: 138812.9696521759
abstract.GUMBEL_TEMP: 6.274185112702698
train_loss: 138874.97502326965
abstract.GUMBEL_TEMP: 6.26332219312064
train_loss: 138974.64005470276
Solved 33/200 episodes, CC loss avg = 26.17011279557372
Epoch 270	 test acc 0.165
abstract.GUMBEL_TEMP: 6.252478081243442
train_loss: 138776.35392570496
abstract.GUMBEL_TEMP: 6.241652744508059
train_loss: 138786.71035194397
abstract.GUMBEL_TEMP: 6.230846150407823
train_loss: 138542.19444084167
abstract.GUMBEL_TEMP: 6.2200582664923445
train_loss: 138674.13236236572
abstract.GUMBEL_TEMP: 6.20928906036742
train_loss: 138100.8504562378
Solved 34/200 episodes, CC loss avg = 25.978860553535746
Epoch 275	 test acc 0.17
Saved model at models/e57200fa2d7e4f9fa5f44cf61c0c9e8b-epoch-275.pt
abstract.GUMBEL_TEMP: 6.1985384996949335
train_loss: 138914.49067497253
abstract.GUMBEL_TEMP: 6.187806552192754
train_loss: 138635.47366333008
abstract.GUMBEL_TEMP: 6.177093185634646
train_loss: 138721.114944458
abstract.GUMBEL_TEMP: 6.166398367850169
train_loss: 138674.29821014404
abstract.GUMBEL_TEMP: 6.155722066724581
train_loss: 138127.88721847534
Solved 21/200 episodes, CC loss avg = 19.35388684128959
Epoch 280	 test acc 0.105
abstract.GUMBEL_TEMP: 6.145064250198743
train_loss: 138650.38583564758
abstract.GUMBEL_TEMP: 6.134424886269021
train_loss: 138862.41112709045
abstract.GUMBEL_TEMP: 6.12380394298719
train_loss: 138210.3473033905
abstract.GUMBEL_TEMP: 6.113201388460343
train_loss: 137865.07493972778
abstract.GUMBEL_TEMP: 6.102617190850789
train_loss: 138072.94033241272
Solved 35/200 episodes, CC loss avg = 29.639367705028555
Epoch 285	 test acc 0.175
abstract.GUMBEL_TEMP: 6.092051318375957
train_loss: 138698.4363002777
abstract.GUMBEL_TEMP: 6.0815037393083085
train_loss: 138270.0859489441
abstract.GUMBEL_TEMP: 6.070974421975235
train_loss: 137968.38815307617
abstract.GUMBEL_TEMP: 6.060463334758963
train_loss: 137740.3625984192
abstract.GUMBEL_TEMP: 6.049970446096463
train_loss: 138361.7061290741
Solved 34/200 episodes, CC loss avg = 34.93068887558995
Epoch 290	 test acc 0.17
abstract.GUMBEL_TEMP: 6.0394957244793535
train_loss: 138109.16861915588
abstract.GUMBEL_TEMP: 6.029039138453803
train_loss: 138337.21084022522
abstract.GUMBEL_TEMP: 6.018600656620439
train_loss: 137958.71278381348
abstract.GUMBEL_TEMP: 6.008180247634255
train_loss: 137790.19967079163
abstract.GUMBEL_TEMP: 5.99777788020451
train_loss: 138147.4342021942
Solved 29/200 episodes, CC loss avg = 29.314966556841448
Epoch 295	 test acc 0.145
abstract.GUMBEL_TEMP: 5.987393523094644
train_loss: 137687.96403503418
abstract.GUMBEL_TEMP: 5.977027145122174
train_loss: 138186.78455352783
abstract.GUMBEL_TEMP: 5.96667871515861
train_loss: 137639.3186416626
abstract.GUMBEL_TEMP: 5.956348202129353
train_loss: 138140.1865196228
abstract.GUMBEL_TEMP: 5.946035575013605
train_loss: 137757.98962783813
Solved 34/200 episodes, CC loss avg = 36.13704429867567
Epoch 300	 test acc 0.17
Saved model at models/e57200fa2d7e4f9fa5f44cf61c0c9e8b-epoch-300.pt
abstract.GUMBEL_TEMP: 5.935740802844283
train_loss: 138196.53410339355
abstract.GUMBEL_TEMP: 5.92546385470791
train_loss: 138128.87876319885
abstract.GUMBEL_TEMP: 5.915204699744541
train_loss: 137588.36267662048
abstract.GUMBEL_TEMP: 5.904963307147653
train_loss: 137993.71548080444
abstract.GUMBEL_TEMP: 5.894739646164063
train_loss: 137929.91094207764
Solved 31/200 episodes, CC loss avg = 34.72474974026305
Epoch 305	 test acc 0.155
abstract.GUMBEL_TEMP: 5.884533686093837
train_loss: 137632.5357131958
abstract.GUMBEL_TEMP: 5.874345396290189
train_loss: 137710.7532939911
abstract.GUMBEL_TEMP: 5.864174746159394
train_loss: 137569.70894622803
abstract.GUMBEL_TEMP: 5.8540217051607
train_loss: 138061.4439277649
abstract.GUMBEL_TEMP: 5.843886242806228
train_loss: 137743.62400627136
Solved 22/200 episodes, CC loss avg = 23.794616236094512
Epoch 310	 test acc 0.11
abstract.GUMBEL_TEMP: 5.833768328660886
train_loss: 137447.28988838196
abstract.GUMBEL_TEMP: 5.823667932342279
train_loss: 137546.13959121704
abstract.GUMBEL_TEMP: 5.813585023520611
train_loss: 137610.58753585815
abstract.GUMBEL_TEMP: 5.803519571918602
train_loss: 137582.80317878723
abstract.GUMBEL_TEMP: 5.793471547311386
train_loss: 137258.6616077423
Solved 21/200 episodes, CC loss avg = 23.116928648105578
Epoch 315	 test acc 0.105
abstract.GUMBEL_TEMP: 5.783440919526438
train_loss: 137465.72079467773
abstract.GUMBEL_TEMP: 5.773427658443463
train_loss: 137083.41284942627
abstract.GUMBEL_TEMP: 5.763431733994322
train_loss: 137722.87765312195
abstract.GUMBEL_TEMP: 5.753453116162931
train_loss: 137353.28226470947
abstract.GUMBEL_TEMP: 5.743491774985175
train_loss: 137340.92768669128
Solved 30/200 episodes, CC loss avg = 31.36058112079433
Epoch 320	 test acc 0.15
abstract.GUMBEL_TEMP: 5.7335476805488215
train_loss: 137334.82746505737
abstract.GUMBEL_TEMP: 5.723620802993423
train_loss: 137275.66381835938
abstract.GUMBEL_TEMP: 5.713711112510235
train_loss: 137408.27117156982
abstract.GUMBEL_TEMP: 5.703818579342119
train_loss: 137230.5608959198
abstract.GUMBEL_TEMP: 5.693943173783459
train_loss: 137397.44873046875
Solved 30/200 episodes, CC loss avg = 28.96674857888944
Epoch 325	 test acc 0.15
Saved model at models/e57200fa2d7e4f9fa5f44cf61c0c9e8b-epoch-325.pt
abstract.GUMBEL_TEMP: 5.68408486618007
train_loss: 136964.17392539978
abstract.GUMBEL_TEMP: 5.674243626929112
train_loss: 137044.52400398254
abstract.GUMBEL_TEMP: 5.664419426478994
train_loss: 137134.27947235107
abstract.GUMBEL_TEMP: 5.6546122353292905
train_loss: 137162.20936012268
abstract.GUMBEL_TEMP: 5.644822024030657
train_loss: 137276.31099510193
Solved 30/200 episodes, CC loss avg = 26.155520260165858
Epoch 330	 test acc 0.15
abstract.GUMBEL_TEMP: 5.635048763184729
train_loss: 137528.4124031067
abstract.GUMBEL_TEMP: 5.625292423444047
train_loss: 137134.8377456665
abstract.GUMBEL_TEMP: 5.615552975511962
train_loss: 137071.37592315674
abstract.GUMBEL_TEMP: 5.605830390142544
train_loss: 136935.4438419342
abstract.GUMBEL_TEMP: 5.596124638140505
train_loss: 136832.21941566467
Solved 32/200 episodes, CC loss avg = 35.23340759353647
Epoch 335	 test acc 0.16
abstract.GUMBEL_TEMP: 5.5864356903611
train_loss: 136981.72077178955
abstract.GUMBEL_TEMP: 5.576763517710046
train_loss: 136840.8020248413
abstract.GUMBEL_TEMP: 5.5671080911434325
train_loss: 136801.68290519714
abstract.GUMBEL_TEMP: 5.557469381667634
train_loss: 136828.7496700287
abstract.GUMBEL_TEMP: 5.547847360339225
train_loss: 136688.07010269165
Solved 28/200 episodes, CC loss avg = 38.229510323559545
Epoch 340	 test acc 0.14
abstract.GUMBEL_TEMP: 5.538241998264892
train_loss: 137244.7107372284
abstract.GUMBEL_TEMP: 5.528653266601344
train_loss: 136648.36178016663
abstract.GUMBEL_TEMP: 5.519081136555232
train_loss: 137109.87000083923
abstract.GUMBEL_TEMP: 5.509525579383054
train_loss: 136841.51643180847
abstract.GUMBEL_TEMP: 5.499986566391079
train_loss: 136854.3600769043
Solved 34/200 episodes, CC loss avg = 26.356025150810357
Epoch 345	 test acc 0.17
abstract.GUMBEL_TEMP: 5.490464068935249
train_loss: 136353.84364891052
abstract.GUMBEL_TEMP: 5.480958058421107
train_loss: 137147.3225631714
abstract.GUMBEL_TEMP: 5.471468506303698
train_loss: 136625.41924858093
abstract.GUMBEL_TEMP: 5.461995384087491
train_loss: 136208.4707145691
abstract.GUMBEL_TEMP: 5.45253866332629
train_loss: 136769.11214447021
Solved 28/200 episodes, CC loss avg = 27.054634378470766
Epoch 350	 test acc 0.14
Saved model at models/e57200fa2d7e4f9fa5f44cf61c0c9e8b-epoch-350.pt
abstract.GUMBEL_TEMP: 5.443098315623148
train_loss: 136806.65746116638
abstract.GUMBEL_TEMP: 5.433674312630291
train_loss: 136637.27069282532
abstract.GUMBEL_TEMP: 5.424266626049018
train_loss: 136775.8694076538
abstract.GUMBEL_TEMP: 5.414875227629624
train_loss: 136412.58112716675
abstract.GUMBEL_TEMP: 5.40550008917132
train_loss: 136823.55274391174
Solved 43/200 episodes, CC loss avg = 38.05070885653201
Epoch 355	 test acc 0.215
abstract.GUMBEL_TEMP: 5.396141182522136
train_loss: 136513.87460899353
abstract.GUMBEL_TEMP: 5.38679847957885
train_loss: 136706.39520835876
abstract.GUMBEL_TEMP: 5.377471952286891
train_loss: 136585.1033229828
abstract.GUMBEL_TEMP: 5.368161572640266
train_loss: 136285.97958946228
abstract.GUMBEL_TEMP: 5.3588673126814665
train_loss: 136470.89421844482
Solved 31/200 episodes, CC loss avg = 27.047811039413016
Epoch 360	 test acc 0.155
abstract.GUMBEL_TEMP: 5.349589144501391
train_loss: 136519.65106010437
abstract.GUMBEL_TEMP: 5.340327040239259
train_loss: 136557.7913761139
abstract.GUMBEL_TEMP: 5.331080972082525
train_loss: 136456.79781341553
abstract.GUMBEL_TEMP: 5.3218509122668
train_loss: 135761.23216438293
abstract.GUMBEL_TEMP: 5.312636833075764
train_loss: 136322.88118553162
Solved 38/200 episodes, CC loss avg = 36.17585071544586
Epoch 365	 test acc 0.19
abstract.GUMBEL_TEMP: 5.303438706841085
train_loss: 136180.91762924194
abstract.GUMBEL_TEMP: 5.294256505942334
train_loss: 136378.85854530334
abstract.GUMBEL_TEMP: 5.285090202806902
train_loss: 136558.5163192749
abstract.GUMBEL_TEMP: 5.275939769909922
train_loss: 136489.80464553833
abstract.GUMBEL_TEMP: 5.26680517977418
train_loss: 136105.029214859
Solved 34/200 episodes, CC loss avg = 32.88271212499016
Epoch 370	 test acc 0.17
abstract.GUMBEL_TEMP: 5.257686404970034
train_loss: 136416.85431289673
abstract.GUMBEL_TEMP: 5.248583418115337
train_loss: 136673.28271484375
abstract.GUMBEL_TEMP: 5.239496191875346
train_loss: 135903.500333786
abstract.GUMBEL_TEMP: 5.230424698962647
train_loss: 136497.3771572113
abstract.GUMBEL_TEMP: 5.22136891213707
train_loss: 136134.28802490234
Solved 31/200 episodes, CC loss avg = 23.765007273634758
Epoch 375	 test acc 0.155
Saved model at models/e57200fa2d7e4f9fa5f44cf61c0c9e8b-epoch-375.pt
abstract.GUMBEL_TEMP: 5.212328804205607
train_loss: 135980.54572486877
abstract.GUMBEL_TEMP: 5.203304348022334
train_loss: 136240.36293029785
abstract.GUMBEL_TEMP: 5.194295516488322
train_loss: 135990.74557495117
abstract.GUMBEL_TEMP: 5.185302282551564
train_loss: 136097.35792541504
abstract.GUMBEL_TEMP: 5.176324619206888
train_loss: 136159.24680900574
Solved 29/200 episodes, CC loss avg = 15.072946793926988
Epoch 380	 test acc 0.145
abstract.GUMBEL_TEMP: 5.167362499495879
train_loss: 136082.56761932373
abstract.GUMBEL_TEMP: 5.158415896506795
train_loss: 136256.6378917694
abstract.GUMBEL_TEMP: 5.149484783374491
train_loss: 135806.95741462708
abstract.GUMBEL_TEMP: 5.140569133280333
train_loss: 135787.0483455658
abstract.GUMBEL_TEMP: 5.13166891945212
train_loss: 135945.17273902893
Solved 27/200 episodes, CC loss avg = 26.95110033796213
Epoch 385	 test acc 0.135
abstract.GUMBEL_TEMP: 5.1227841151640074
train_loss: 136025.16409111023
abstract.GUMBEL_TEMP: 5.113914693736418
train_loss: 136166.2192554474
abstract.GUMBEL_TEMP: 5.105060628535966
train_loss: 135891.24689865112
abstract.GUMBEL_TEMP: 5.096221892975384
train_loss: 135689.76988601685
abstract.GUMBEL_TEMP: 5.087398460513432
train_loss: 136033.7935142517
Solved 27/200 episodes, CC loss avg = 29.28304609360077
Epoch 390	 test acc 0.135
abstract.GUMBEL_TEMP: 5.078590304654824
train_loss: 135762.0829524994
abstract.GUMBEL_TEMP: 5.069797398950147
train_loss: 135657.73139762878
abstract.GUMBEL_TEMP: 5.061019716995779
train_loss: 136022.964094162
abstract.GUMBEL_TEMP: 5.052257232433819
train_loss: 135948.19278526306
abstract.GUMBEL_TEMP: 5.043509918951995
train_loss: 135627.55936050415
Solved 30/200 episodes, CC loss avg = 20.500925226526782
Epoch 395	 test acc 0.15
abstract.GUMBEL_TEMP: 5.034777750283594
train_loss: 136423.56743049622
abstract.GUMBEL_TEMP: 5.026060700207379
train_loss: 135486.05241584778
abstract.GUMBEL_TEMP: 5.017358742547514
train_loss: 135577.29051971436
abstract.GUMBEL_TEMP: 5.00867185117348
train_loss: 135541.62420082092
abstract.GUMBEL_TEMP: 5.0
train_loss: 135998.5952758789
Solved 27/200 episodes, CC loss avg = 29.279631035410446
Epoch 400	 test acc 0.135
Saved model at models/e57200fa2d7e4f9fa5f44cf61c0c9e8b-epoch-400.pt
abstract.GUMBEL_TEMP: 5.0
train_loss: 135458.16044425964
abstract.GUMBEL_TEMP: 5.0
train_loss: 135875.33094215393
abstract.GUMBEL_TEMP: 5.0
train_loss: 135560.6449317932
abstract.GUMBEL_TEMP: 5.0
train_loss: 135793.5749206543
abstract.GUMBEL_TEMP: 5.0
train_loss: 135633.96671676636
Solved 27/200 episodes, CC loss avg = 26.535204964769946
Epoch 405	 test acc 0.135
abstract.GUMBEL_TEMP: 5.0
train_loss: 135820.07740402222
abstract.GUMBEL_TEMP: 5.0
train_loss: 135613.5299282074
abstract.GUMBEL_TEMP: 5.0
train_loss: 135429.037317276
abstract.GUMBEL_TEMP: 5.0
train_loss: 135406.51908874512
abstract.GUMBEL_TEMP: 5.0
train_loss: 135447.63604736328
Solved 29/200 episodes, CC loss avg = 26.450789623738576
Epoch 410	 test acc 0.145
abstract.GUMBEL_TEMP: 5.0
train_loss: 135355.85665512085
abstract.GUMBEL_TEMP: 5.0
train_loss: 135587.22974586487
abstract.GUMBEL_TEMP: 5.0
train_loss: 135063.00887680054
abstract.GUMBEL_TEMP: 5.0
train_loss: 135487.19821739197
abstract.GUMBEL_TEMP: 5.0
train_loss: 135669.10624313354
Solved 25/200 episodes, CC loss avg = 26.2174370624125
Epoch 415	 test acc 0.125
abstract.GUMBEL_TEMP: 5.0
train_loss: 135750.86609649658
abstract.GUMBEL_TEMP: 5.0
train_loss: 135490.4827041626
abstract.GUMBEL_TEMP: 5.0
train_loss: 134938.27807235718
abstract.GUMBEL_TEMP: 5.0
train_loss: 135159.73935127258
abstract.GUMBEL_TEMP: 5.0
train_loss: 135505.97128677368
Solved 34/200 episodes, CC loss avg = 27.41380903680021
Epoch 420	 test acc 0.17
abstract.GUMBEL_TEMP: 5.0
train_loss: 135093.3994026184
abstract.GUMBEL_TEMP: 5.0
train_loss: 135195.8341960907
abstract.GUMBEL_TEMP: 5.0
train_loss: 135013.4477443695
abstract.GUMBEL_TEMP: 5.0
train_loss: 135112.91282463074
abstract.GUMBEL_TEMP: 5.0
train_loss: 135141.7578163147
Solved 40/200 episodes, CC loss avg = 30.328036696117103
Epoch 425	 test acc 0.2
Saved model at models/e57200fa2d7e4f9fa5f44cf61c0c9e8b-epoch-425.pt
abstract.GUMBEL_TEMP: 5.0
train_loss: 135199.3981742859
abstract.GUMBEL_TEMP: 5.0
train_loss: 134749.45207595825
abstract.GUMBEL_TEMP: 5.0
train_loss: 135403.79994773865
abstract.GUMBEL_TEMP: 5.0
train_loss: 134955.4878463745
abstract.GUMBEL_TEMP: 5.0
train_loss: 135077.80736351013
Solved 24/200 episodes, CC loss avg = 26.96177446085494
Epoch 430	 test acc 0.12
abstract.GUMBEL_TEMP: 5.0
train_loss: 135119.7328414917
abstract.GUMBEL_TEMP: 5.0
train_loss: 134902.04191589355
abstract.GUMBEL_TEMP: 5.0
train_loss: 135240.95336532593
abstract.GUMBEL_TEMP: 5.0
train_loss: 135206.06936454773
abstract.GUMBEL_TEMP: 5.0
train_loss: 135502.31386756897
Solved 30/200 episodes, CC loss avg = 30.93998959875803
Epoch 435	 test acc 0.15
abstract.GUMBEL_TEMP: 5.0
train_loss: 135161.83238601685
abstract.GUMBEL_TEMP: 5.0
train_loss: 135109.0428829193
abstract.GUMBEL_TEMP: 5.0
train_loss: 134788.01992797852
abstract.GUMBEL_TEMP: 5.0
train_loss: 135110.30288505554
abstract.GUMBEL_TEMP: 5.0
train_loss: 134618.97359848022
Solved 29/200 episodes, CC loss avg = 24.991378688470345
Epoch 440	 test acc 0.145
abstract.GUMBEL_TEMP: 5.0
train_loss: 135008.67577934265
abstract.GUMBEL_TEMP: 5.0
train_loss: 134547.39450073242
abstract.GUMBEL_TEMP: 5.0
train_loss: 134886.55729293823
abstract.GUMBEL_TEMP: 5.0
train_loss: 135076.35486221313
abstract.GUMBEL_TEMP: 5.0
train_loss: 135217.5074520111
Solved 26/200 episodes, CC loss avg = 29.728333434725013
Epoch 445	 test acc 0.13
abstract.GUMBEL_TEMP: 5.0
train_loss: 134515.62455558777
abstract.GUMBEL_TEMP: 5.0
train_loss: 135087.83429145813
abstract.GUMBEL_TEMP: 5.0
train_loss: 134227.47173690796
abstract.GUMBEL_TEMP: 5.0
train_loss: 134878.43738746643
abstract.GUMBEL_TEMP: 5.0
train_loss: 134805.76751708984
Solved 38/200 episodes, CC loss avg = 38.542298395907686
Epoch 450	 test acc 0.19
Saved model at models/e57200fa2d7e4f9fa5f44cf61c0c9e8b-epoch-450.pt
abstract.GUMBEL_TEMP: 5.0
train_loss: 134817.52294158936
abstract.GUMBEL_TEMP: 5.0
train_loss: 135200.90545082092
abstract.GUMBEL_TEMP: 5.0
train_loss: 134757.78906440735
abstract.GUMBEL_TEMP: 5.0
train_loss: 134567.7278995514
abstract.GUMBEL_TEMP: 5.0
train_loss: 134934.64732551575
Solved 30/200 episodes, CC loss avg = 31.99513381214465
Epoch 455	 test acc 0.15
abstract.GUMBEL_TEMP: 5.0
train_loss: 135164.5794315338
abstract.GUMBEL_TEMP: 5.0
train_loss: 134283.61311149597
abstract.GUMBEL_TEMP: 5.0
train_loss: 134953.36109542847
abstract.GUMBEL_TEMP: 5.0
train_loss: 134415.97890090942
abstract.GUMBEL_TEMP: 5.0
train_loss: 134572.3115158081
Solved 40/200 episodes, CC loss avg = 33.5447056538115
Epoch 460	 test acc 0.2
abstract.GUMBEL_TEMP: 5.0
train_loss: 134774.50366401672
abstract.GUMBEL_TEMP: 5.0
train_loss: 134596.7203388214
abstract.GUMBEL_TEMP: 5.0
train_loss: 134685.34983825684
abstract.GUMBEL_TEMP: 5.0
train_loss: 134854.507478714
abstract.GUMBEL_TEMP: 5.0
train_loss: 134523.55013084412
Solved 31/200 episodes, CC loss avg = 28.676840481944108
Epoch 465	 test acc 0.155
abstract.GUMBEL_TEMP: 5.0
train_loss: 134673.2461090088
abstract.GUMBEL_TEMP: 5.0
train_loss: 134465.84769248962
abstract.GUMBEL_TEMP: 5.0
train_loss: 134264.2573184967
abstract.GUMBEL_TEMP: 5.0
train_loss: 134401.47435569763
abstract.GUMBEL_TEMP: 5.0
train_loss: 134914.601436615
Solved 38/200 episodes, CC loss avg = 28.123180133548072
Epoch 470	 test acc 0.19
abstract.GUMBEL_TEMP: 5.0
train_loss: 134587.63395500183
abstract.GUMBEL_TEMP: 5.0
train_loss: 134780.34915161133
abstract.GUMBEL_TEMP: 5.0
train_loss: 134322.4423236847
abstract.GUMBEL_TEMP: 5.0
train_loss: 134586.7442264557
abstract.GUMBEL_TEMP: 5.0
train_loss: 134699.5332069397
Solved 33/200 episodes, CC loss avg = 30.52764383532956
Epoch 475	 test acc 0.165
Saved model at models/e57200fa2d7e4f9fa5f44cf61c0c9e8b-epoch-475.pt
abstract.GUMBEL_TEMP: 5.0
train_loss: 134099.1852092743
abstract.GUMBEL_TEMP: 5.0
train_loss: 134239.5184879303
abstract.GUMBEL_TEMP: 5.0
train_loss: 134557.7781944275
abstract.GUMBEL_TEMP: 5.0
train_loss: 134180.2205505371
abstract.GUMBEL_TEMP: 5.0
train_loss: 134159.29074287415
Solved 37/200 episodes, CC loss avg = 31.886210651998088
Epoch 480	 test acc 0.185
abstract.GUMBEL_TEMP: 5.0
train_loss: 134563.1471633911
abstract.GUMBEL_TEMP: 5.0
train_loss: 135070.11318016052
abstract.GUMBEL_TEMP: 5.0
train_loss: 134329.17101669312
abstract.GUMBEL_TEMP: 5.0
train_loss: 134453.23840141296
abstract.GUMBEL_TEMP: 5.0
train_loss: 134200.36526870728
Solved 29/200 episodes, CC loss avg = 33.16398382528092
Epoch 485	 test acc 0.145
abstract.GUMBEL_TEMP: 5.0
train_loss: 134442.69318962097
abstract.GUMBEL_TEMP: 5.0
train_loss: 134454.21450042725
abstract.GUMBEL_TEMP: 5.0
train_loss: 134493.54966163635
abstract.GUMBEL_TEMP: 5.0
train_loss: 134361.77344322205
abstract.GUMBEL_TEMP: 5.0
train_loss: 133958.47443008423
Solved 25/200 episodes, CC loss avg = 26.221236454035775
Epoch 490	 test acc 0.125
abstract.GUMBEL_TEMP: 5.0
train_loss: 134204.29948234558
abstract.GUMBEL_TEMP: 5.0
train_loss: 134244.4232120514
abstract.GUMBEL_TEMP: 5.0
train_loss: 134148.9937362671
abstract.GUMBEL_TEMP: 5.0
train_loss: 134042.72188186646
abstract.GUMBEL_TEMP: 5.0
train_loss: 134497.2638282776
Solved 30/200 episodes, CC loss avg = 28.600382442134574
Epoch 495	 test acc 0.15
abstract.GUMBEL_TEMP: 5.0
train_loss: 134227.4070072174
abstract.GUMBEL_TEMP: 5.0
train_loss: 134671.7550392151
abstract.GUMBEL_TEMP: 5.0
train_loss: 133827.75307273865
abstract.GUMBEL_TEMP: 5.0
train_loss: 134375.26279830933
Saved model at models/e57200fa2d7e4f9fa5f44cf61c0c9e8b.pt
Completed training in 90595.8 seconds
MODEL: 	hmm
N: 	20000
ABSTRACT_PEN: 	1.0
