Starting run:
bff3eca5c4f04d31bea745eece709540
params: {'n': 50000, 'lr': 0.0008, 'epochs': 400, 'batch_size': 10, 'b': 1, 'cc_weight': 1.0, 'abstract_pen': 0.0, 'hmm': True, 'homo': True, 'sv': False, 'save_every': 100, 'test_every': 20, 'num_test': 200, 'no_log': False, 'disk_data': False, 'outer': False, 'model_type': 'hmm', 'device': 'NVIDIA RTX A6000', 'id': 'bff3eca5c4f04d31bea745eece709540'}
train
Net has 37803 parameters
Solved 40/200 episodes
Epoch 0	 test acc 0.2
Saved model at models/bff3eca5c4f04d31bea745eece709540-epoch-0.pt
Solved 43/200 episodes
Epoch 20	 test acc 0.215
Solved 49/200 episodes
Epoch 40	 test acc 0.245
Solved 44/200 episodes
Epoch 60	 test acc 0.22
Solved 44/200 episodes
Epoch 80	 test acc 0.22
Solved 26/200 episodes
Epoch 100	 test acc 0.13
Saved model at models/bff3eca5c4f04d31bea745eece709540-epoch-100.pt
Solved 172/200 episodes
Epoch 120	 test acc 0.86
Solved 199/200 episodes
Epoch 140	 test acc 0.995
Solved 200/200 episodes
Epoch 160	 test acc 1.0
Solved 200/200 episodes
Epoch 180	 test acc 1.0
Solved 200/200 episodes
Epoch 200	 test acc 1.0
Saved model at models/bff3eca5c4f04d31bea745eece709540-epoch-200.pt
Solved 200/200 episodes
Epoch 220	 test acc 1.0
Solved 200/200 episodes
Epoch 240	 test acc 1.0
Solved 200/200 episodes
Epoch 260	 test acc 1.0
Solved 199/200 episodes
Epoch 280	 test acc 0.995
Solved 200/200 episodes
Epoch 300	 test acc 1.0
Saved model at models/bff3eca5c4f04d31bea745eece709540-epoch-300.pt
Solved 200/200 episodes
Epoch 320	 test acc 1.0
Solved 200/200 episodes
Epoch 340	 test acc 1.0
Solved 200/200 episodes
Epoch 360	 test acc 1.0
Solved 199/200 episodes
Epoch 380	 test acc 0.995
slurmstepd: error: *** JOB 461375 ON sablab-gpu-11 CANCELLED AT 2022-03-29T11:43:48 ***
