Starting run:
40e6b102e8944db7ac588954002bbbf8
params: {'n': 5000, 'num_test': 200, 'traj_updates': 10000000.0, 'num_saves': 20, 'num_tests': 20, 'lr': 0.0008, 'batch_size': 10, 'b': 10, 'cc_weight': 1.0, 'abstract_pen': 0.0, 'hmm': True, 'homo': True, 'sv': False, 'no_log': False, 'model_type': 'hmm', 'device': 'NVIDIA GeForce RTX 3090', 'epochs': 2000, 'test_every': 100, 'save_every': 100, 'id': '40e6b102e8944db7ac588954002bbbf8'}
train
Net has 41898 parameters
Epoch 0	 test acc 0.01
Saved model at models/40e6b102e8944db7ac588954002bbbf8-epoch-0.pt
reloading data
Epoch 100	 test acc 0.22
Saved model at models/40e6b102e8944db7ac588954002bbbf8-epoch-100.pt
reloading data
Epoch 200	 test acc 0.19
Saved model at models/40e6b102e8944db7ac588954002bbbf8-epoch-200.pt
reloading data
Epoch 300	 test acc 0.16
Saved model at models/40e6b102e8944db7ac588954002bbbf8-epoch-300.pt
reloading data
Epoch 400	 test acc 0.23
Saved model at models/40e6b102e8944db7ac588954002bbbf8-epoch-400.pt
reloading data
Epoch 500	 test acc 0.91
Saved model at models/40e6b102e8944db7ac588954002bbbf8-epoch-500.pt
reloading data
Epoch 600	 test acc 0.96
Saved model at models/40e6b102e8944db7ac588954002bbbf8-epoch-600.pt
reloading data
Epoch 700	 test acc 0.985
Saved model at models/40e6b102e8944db7ac588954002bbbf8-epoch-700.pt
reloading data
Epoch 800	 test acc 0.98
Saved model at models/40e6b102e8944db7ac588954002bbbf8-epoch-800.pt
slurmstepd: error: *** JOB 462839 ON ellis-compute-01 CANCELLED AT 2022-03-30T15:54:17 ***
