Starting run:
0da170136d5b4511b1da3cb4f3cfb760
params: {'n': 10000, 'lr': 0.0008, 'epochs': 2000, 'batch_size': 10, 'b': 1, 'cc_weight': 1.0, 'abstract_pen': 0.0, 'hmm': True, 'homo': True, 'sv': False, 'save_every': 100, 'test_every': 20, 'num_test': 200, 'no_log': False, 'disk_data': False, 'outer': False, 'model_type': 'hmm', 'device': 'NVIDIA GeForce RTX 2080 Ti', 'id': '0da170136d5b4511b1da3cb4f3cfb760'}
train
Net has 37803 parameters
Solved 35/200 episodes
Epoch 0	 test acc 0.175
Saved model at models/0da170136d5b4511b1da3cb4f3cfb760-epoch-0.pt
Solved 45/200 episodes
Epoch 20	 test acc 0.225
Solved 54/200 episodes
Epoch 40	 test acc 0.27
Solved 62/200 episodes
Epoch 60	 test acc 0.31
Solved 164/200 episodes
Epoch 80	 test acc 0.82
Solved 143/200 episodes
Epoch 100	 test acc 0.715
Saved model at models/0da170136d5b4511b1da3cb4f3cfb760-epoch-100.pt
Solved 175/200 episodes
Epoch 120	 test acc 0.875
Solved 186/200 episodes
Epoch 140	 test acc 0.93
Solved 190/200 episodes
Epoch 160	 test acc 0.95
Solved 190/200 episodes
Epoch 180	 test acc 0.95
slurmstepd: error: *** JOB 461147 ON belongie-compute-02 CANCELLED AT 2022-03-28T04:58:43 DUE TO TIME LIMIT ***
