Starting run:
dda6c380529145d49008a476a696d64c
params: {'n': 10000, 'lr': 0.0008, 'epochs': 2000, 'batch_size': 10, 'b': 1, 'cc_weight': 1.0, 'abstract_pen': 0.0, 'hmm': True, 'homo': True, 'sv': False, 'save_every': 100, 'test_every': 20, 'num_test': 200, 'no_log': False, 'disk_data': False, 'outer': False, 'model_type': 'hmm', 'device': 'NVIDIA GeForce RTX 3090', 'id': 'dda6c380529145d49008a476a696d64c'}
train
Net has 37803 parameters
Solved 37/200 episodes
Epoch 0	 test acc 0.185
Saved model at models/dda6c380529145d49008a476a696d64c-epoch-0.pt
Solved 40/200 episodes
Epoch 20	 test acc 0.2
Solved 53/200 episodes
Epoch 40	 test acc 0.265
Solved 42/200 episodes
Epoch 60	 test acc 0.21
Solved 48/200 episodes
Epoch 80	 test acc 0.24
Solved 38/200 episodes
Epoch 100	 test acc 0.19
Saved model at models/dda6c380529145d49008a476a696d64c-epoch-100.pt
Solved 62/200 episodes
Epoch 120	 test acc 0.31
Solved 192/200 episodes
Epoch 140	 test acc 0.96
Solved 197/200 episodes
Epoch 160	 test acc 0.985
Solved 199/200 episodes
Epoch 180	 test acc 0.995
Solved 200/200 episodes
Epoch 200	 test acc 1.0
Saved model at models/dda6c380529145d49008a476a696d64c-epoch-200.pt
Solved 200/200 episodes
Epoch 220	 test acc 1.0
Solved 200/200 episodes
Epoch 240	 test acc 1.0
Solved 199/200 episodes
Epoch 260	 test acc 0.995
Solved 200/200 episodes
Epoch 280	 test acc 1.0
slurmstepd: error: *** JOB 461148 ON marschner-compute-01 CANCELLED AT 2022-03-28T04:58:43 DUE TO TIME LIMIT ***
