Starting run:
9293c562d29e4c26936b5ebe6ac7ff80
params: {'n': 5000, 'lr': 0.0008, 'epochs': 2500, 'batch_size': 10, 'b': 1, 'cc_weight': 1.0, 'abstract_pen': 0.0, 'hmm': True, 'homo': True, 'sv': False, 'save_every': 100, 'test_every': 100, 'num_test': 200, 'no_log': False, 'disk_data': False, 'outer': False, 'model_type': 'hmm', 'device': 'NVIDIA RTX A6000', 'id': '9293c562d29e4c26936b5ebe6ac7ff80'}
train
Net has 37803 parameters
Solved 12/200 episodes
Epoch 0	 test acc 0.06
Saved model at models/9293c562d29e4c26936b5ebe6ac7ff80-epoch-0.pt
Solved 46/200 episodes
Epoch 100	 test acc 0.23
Saved model at models/9293c562d29e4c26936b5ebe6ac7ff80-epoch-100.pt
Solved 55/200 episodes
Epoch 200	 test acc 0.275
Saved model at models/9293c562d29e4c26936b5ebe6ac7ff80-epoch-200.pt
Solved 68/200 episodes
Epoch 300	 test acc 0.34
Saved model at models/9293c562d29e4c26936b5ebe6ac7ff80-epoch-300.pt
Solved 192/200 episodes
Epoch 400	 test acc 0.96
Saved model at models/9293c562d29e4c26936b5ebe6ac7ff80-epoch-400.pt
Solved 198/200 episodes
Epoch 500	 test acc 0.99
Saved model at models/9293c562d29e4c26936b5ebe6ac7ff80-epoch-500.pt
Solved 199/200 episodes
Epoch 600	 test acc 0.995
Saved model at models/9293c562d29e4c26936b5ebe6ac7ff80-epoch-600.pt
slurmstepd: error: *** JOB 461150 ON davis-compute-01 CANCELLED AT 2022-03-28T05:02:13 DUE TO TIME LIMIT ***
