Starting run:
ff4fa5d1686c48ad8f9295ffbdd11140
params: {'n': 50000, 'lr': 0.0008, 'epochs': 200, 'batch_size': 10, 'b': 10, 'cc_weight': 1.0, 'abstract_pen': 0.0, 'hmm': True, 'homo': True, 'sv': False, 'save_every': 100, 'test_every': 10, 'num_test': 200, 'no_log': False, 'disk_data': False, 'outer': False, 'model_type': 'hmm', 'device': 'NVIDIA GeForce RTX 2080 Ti', 'id': 'ff4fa5d1686c48ad8f9295ffbdd11140'}
train
Net has 41898 parameters
Epoch 0	 test acc 0.165
Saved model at models/ff4fa5d1686c48ad8f9295ffbdd11140-epoch-0.pt
Epoch 10	 test acc 0.18
Epoch 20	 test acc 0.25
Epoch 30	 test acc 0.23
Epoch 40	 test acc 0.225
Epoch 50	 test acc 0.14
Epoch 60	 test acc 0.175
Epoch 70	 test acc 0.235
Epoch 80	 test acc 0.185
Epoch 90	 test acc 0.185
Epoch 100	 test acc 0.19
Saved model at models/ff4fa5d1686c48ad8f9295ffbdd11140-epoch-100.pt
Epoch 110	 test acc 0.215
Epoch 120	 test acc 0.21
Epoch 130	 test acc 0.2
Epoch 140	 test acc 0.215
Epoch 150	 test acc 0.19
Epoch 160	 test acc 0.225
Epoch 170	 test acc 0.165
Epoch 180	 test acc 0.175
Epoch 190	 test acc 0.22
Saved model at models/ff4fa5d1686c48ad8f9295ffbdd11140.pt
Completed training in 48848.7 seconds
