relational net params=41898
/var/spool/slurmd/job463537/slurm_script: line 20: 2970662 Killed                  python -u main.py "$@"
repeating
relational net params=41898
Loaded model from models/2c2dc9a899d34e7395f39ef51d215e12.pt
Starting run:
f556724a69014f48a8ff21908ed96cf3
params: {'n': 500, 'num_test': 200, 'traj_updates': 10000.0, 'num_saves': 20, 'num_tests': 20, 'lr': 0.0008, 'batch_size': 10, 'b': 10, 'cc_weight': 1.0, 'abstract_pen': 0.0, 'hmm': True, 'homo': True, 'sv': False, 'no_log': False, 'model_type': 'hmm', 'device': 'NVIDIA TITAN Xp', 'epochs': 20, 'test_every': 1, 'save_every': 1, 'id': 'f556724a69014f48a8ff21908ed96cf3'}
train
Net has 41898 parameters
Epoch 0	 test acc 0.005
Saved model at models/f556724a69014f48a8ff21908ed96cf3-epoch-0.pt
Epoch 1	 test acc 0.005
Saved model at models/f556724a69014f48a8ff21908ed96cf3-epoch-1.pt
Epoch 2	 test acc 0.0
Saved model at models/f556724a69014f48a8ff21908ed96cf3-epoch-2.pt
Epoch 3	 test acc 0.0
Saved model at models/f556724a69014f48a8ff21908ed96cf3-epoch-3.pt
Epoch 4	 test acc 0.01
Saved model at models/f556724a69014f48a8ff21908ed96cf3-epoch-4.pt
Epoch 5	 test acc 0.005
Saved model at models/f556724a69014f48a8ff21908ed96cf3-epoch-5.pt
Epoch 6	 test acc 0.01
Saved model at models/f556724a69014f48a8ff21908ed96cf3-epoch-6.pt
Epoch 7	 test acc 0.015
Saved model at models/f556724a69014f48a8ff21908ed96cf3-epoch-7.pt
Epoch 8	 test acc 0.01
Saved model at models/f556724a69014f48a8ff21908ed96cf3-epoch-8.pt
Epoch 9	 test acc 0.01
Saved model at models/f556724a69014f48a8ff21908ed96cf3-epoch-9.pt
Epoch 10	 test acc 0.035
Saved model at models/f556724a69014f48a8ff21908ed96cf3-epoch-10.pt
Epoch 11	 test acc 0.025
Saved model at models/f556724a69014f48a8ff21908ed96cf3-epoch-11.pt
Epoch 12	 test acc 0.015
Saved model at models/f556724a69014f48a8ff21908ed96cf3-epoch-12.pt
Epoch 13	 test acc 0.005
Saved model at models/f556724a69014f48a8ff21908ed96cf3-epoch-13.pt
Epoch 14	 test acc 0.03
Saved model at models/f556724a69014f48a8ff21908ed96cf3-epoch-14.pt
Epoch 15	 test acc 0.01
Saved model at models/f556724a69014f48a8ff21908ed96cf3-epoch-15.pt
Epoch 16	 test acc 0.015
Saved model at models/f556724a69014f48a8ff21908ed96cf3-epoch-16.pt
Epoch 17	 test acc 0.035
Saved model at models/f556724a69014f48a8ff21908ed96cf3-epoch-17.pt
Epoch 18	 test acc 0.03
Saved model at models/f556724a69014f48a8ff21908ed96cf3-epoch-18.pt
Epoch 19	 test acc 0.06
Saved model at models/f556724a69014f48a8ff21908ed96cf3-epoch-19.pt
Saved model at models/f556724a69014f48a8ff21908ed96cf3.pt
Completed training in 452.1 seconds
slurmstepd: error: Detected 1 oom-kill event(s) in StepId=463537.batch cgroup. Some of your processes may have been killed by the cgroup out-of-memory handler.
