Using torch device NVIDIA TITAN Xp
hmm training!
b: 30
params: {'epochs': 100, 'lr': 0.0008, 'n': 5000}
Net has 51070 parameters
Round 0
Generated trajectories in 99.9 seconds
/home/sca63/.conda/envs/gcsl/lib/python3.9/site-packages/torch/nn/modules/conv.py:443: UserWarning: Using padding='same' with even kernel lengths and odd dilation may require a zero-padded copy of the input be created (Triggered internally at  ../aten/src/ATen/native/Convolution.cpp:680.)
  return F.conv2d(input, weight, bias, self.stride,
epoch: 0	train loss: 105612.2109375	(47.9s)
epoch: 20	train loss: 29772.3984375	(50.8s)
epoch: 40	train loss: 25420.375	(50.5s)
epoch: 60	train loss: 23641.607421875	(49.6s)
epoch: 80	train loss: 22137.7265625	(50.1s)
Evaluating model on 200 episodes
options for eval 0: [20, 15, 18, 18, 18, 18, 18, 18, 18, 18, 18, 18, 18, 18, 18, 18, 18, 18, 18, 18, 18, 18, 18, 18, 18, 18, 18, 18, 18, 18, 18, 18, 18, 18, 18, 18, 18, 18, 18, 18, 18, 18, 18, 18, 18, 18, 18, 18, 18, 18, 18, 18, 18, 18, 18, 18, 18, 18, 18, 18, 18, 19, 19, 1, 1, 1, 1, 1, 1, 23, 18, 18, 2, 2, 23]
options for eval 1: [18, 18, 18, 18, 18, 18, 20, 3, 3, 20, 19, 1, 1, 1, 1, 1, 1, 1, 1, 1, 1, 1, 1, 1, 1, 1, 1, 1, 1, 1, 1, 1, 1, 1, 1, 1, 1, 1, 1, 1, 1, 1, 1, 1, 1, 1, 1, 1, 1, 1, 1, 1, 1, 1, 1, 1, 1, 1, 1, 1, 1, 1, 1, 1, 1, 1, 1, 1, 1, 1, 1, 1, 1, 1, 1, 1, 1, 1, 1, 1, 1, 1, 1, 1, 1, 1, 1, 1, 1, 1, 1, 1, 1, 1, 1, 1, 1, 1, 1, 1, 1, 1, 1, 1, 1, 1, 1, 1, 1, 1, 1, 1, 1, 1, 1, 1, 1, 1, 1, 1, 1]
options for eval 2: [3, 3, 3, 3, 15, 15, 3, 19, 19, 19, 18, 18, 18, 18, 18, 18]
Solved 35/200 episodes
Evaluated model in 53.6 seconds
Saved model for run
89bc7d375e5645a8bcf3feae8a00e848 with name round-0
Round 1
Generated trajectories in 98.8 seconds
epoch: 0	train loss: 24729.572265625	(49.4s)
epoch: 20	train loss: 20715.30859375	(48.9s)
epoch: 40	train loss: 20077.65625	(49.7s)
epoch: 60	train loss: 19259.236328125	(50.2s)
epoch: 80	train loss: 18419.64453125	(49.8s)
Evaluating model on 200 episodes
options for eval 0: [26, 12, 12, 12, 12, 12, 12, 12, 15, 15, 15, 15, 19, 19, 19, 19, 1, 1, 1, 1, 1, 1, 1, 1, 1, 1, 1, 1, 1, 1, 1, 1, 1, 1, 1, 1, 1, 1, 1, 1, 1, 1, 1, 1, 1, 1, 1, 1, 1, 1, 1, 1, 1, 1, 1, 1, 1, 1, 1, 1, 1, 1, 1, 1, 1, 1, 1, 1, 1, 1, 1, 1, 1, 1, 1, 1, 1, 1, 1, 1, 1, 1, 1, 1, 1, 1, 1, 1, 1, 1, 1, 1, 1, 1, 1, 1, 1, 1, 1, 1, 1, 1, 1, 1, 1, 1, 1, 1, 1, 1, 1, 1, 1, 1, 1, 1, 1, 1, 1, 1, 1]
options for eval 1: [15, 13, 2, 20, 2, 2, 20, 20, 19, 19, 19, 19, 16, 16, 16, 16, 16, 16, 16, 16, 16, 16, 16, 16, 16, 16, 16, 16, 16, 16, 16, 16, 16, 16, 16, 16, 16, 16, 16, 16, 16, 16, 16, 16, 16, 16, 16, 16, 16, 16, 16, 16, 16, 16, 16, 16, 16, 16, 16, 16, 16, 16, 16, 16, 16, 16, 16, 16, 16, 16, 16, 16, 16, 16, 16, 16, 16, 16, 16, 16, 16, 16, 16, 16, 16, 16, 16, 16, 16, 16, 16, 16, 16, 16, 16, 16, 16, 16, 16, 16, 16, 16, 16, 16, 16, 16, 16, 16, 16, 16, 16, 16, 16, 16, 16, 16, 16, 16, 16, 16, 16]
options for eval 2: [18, 18, 18, 18, 24, 24, 24, 24, 24, 24, 15, 15, 15, 19, 19, 19, 3, 19, 1, 1, 1, 1, 1, 1, 1, 1, 1, 1, 1, 1, 1, 1, 1, 1, 1, 1, 1, 1, 1, 1, 1, 1, 1, 1, 1, 1, 1, 1, 1, 1, 1, 1, 1, 1, 1, 1, 1, 1, 1, 1, 1, 1, 1, 1, 1, 1, 1, 1, 1, 1, 1, 1, 1, 1, 1, 1, 1, 1, 1, 1, 1, 1, 1, 1, 1, 1, 1, 1, 1, 1, 1, 1, 1, 1, 1, 1, 1, 1, 1, 1, 1, 1, 1, 1, 1, 1, 1, 1, 1, 1, 1, 1, 1, 1, 1, 1, 1, 1, 1, 1, 1]
Solved 42/200 episodes
Evaluated model in 47.9 seconds
Saved model for run
89bc7d375e5645a8bcf3feae8a00e848 with name round-1
Round 2
Generated trajectories in 97.8 seconds
epoch: 0	train loss: 23991.8046875	(50.0s)
epoch: 20	train loss: 19578.85546875	(51.7s)
epoch: 40	train loss: 18788.248046875	(50.4s)
epoch: 60	train loss: 17862.88671875	(51.3s)
epoch: 80	train loss: 16999.01171875	(50.4s)
Evaluating model on 200 episodes
options for eval 0: [20, 26, 25, 26, 12, 12, 12, 12, 12, 12, 12, 7, 19, 19, 19, 19, 19, 19, 1, 1, 1, 1, 1, 1, 1, 1, 1, 1, 1, 1, 1, 1, 1, 1, 1, 1, 1, 1, 1, 1, 1, 1, 1, 1, 1, 1, 1, 1, 1, 1, 1, 1, 1, 1, 1, 1, 1, 1, 1, 1, 1, 1, 1, 1, 1, 1, 1, 1, 1, 1, 1, 1, 1, 1, 1, 1, 1, 1, 1, 1, 1, 1, 1, 1, 1, 1, 1, 1, 1, 1, 1, 1, 1, 1, 1, 1, 1, 1, 1, 1, 1, 1, 1, 1, 1, 1, 1, 1, 1, 1, 1, 1, 1, 1, 1, 1, 1, 1, 1, 1, 1]
options for eval 1: [18, 4, 4, 18, 18, 15, 15, 1, 1, 1, 1, 1, 1, 1, 1, 1, 1, 1, 1, 1, 1, 1, 1, 1, 1, 1, 1, 1, 1, 1, 1, 1, 1, 1, 1, 1, 1, 1, 1, 1, 1, 1, 1, 1, 1, 1, 1, 1, 1, 1, 1, 1, 1, 1, 1, 1, 1, 1, 1, 1, 1, 1, 1, 1, 1, 1, 1, 1, 1, 1, 1, 1, 1, 1, 1, 1, 1, 1, 1, 1, 1, 1, 1, 1, 1, 1, 1, 1, 1, 1, 1, 1, 1, 1, 1, 1, 1, 1, 1, 1, 1, 1, 1, 1, 1, 1, 1, 1, 1, 1, 1, 1, 1, 1, 1, 1, 1, 1, 1, 1, 1]
options for eval 2: [18, 4, 18, 18, 18, 18, 15, 15, 18, 18, 27, 1, 5, 5, 5, 5, 5, 5, 5, 5, 5, 5, 5, 5, 5, 5, 5, 5, 5, 5, 5, 5, 5, 5, 5, 5, 5, 5, 5, 5, 5, 5, 5, 5, 5, 5, 5, 5, 5, 5, 5, 5, 5, 5, 5, 5, 5, 5, 5, 5, 5, 5, 5, 5, 5, 5, 5, 5, 5, 5, 5, 5, 5, 5, 5, 5, 5, 5, 5, 5, 5, 5, 5, 5, 5, 5, 5, 5, 5, 5, 5, 5, 5, 5, 5, 5, 5, 5, 5, 5, 5, 5, 5, 5, 5, 5, 5, 5, 5, 5, 5, 5, 5, 5, 5, 5, 5, 5, 5, 5, 5]
Solved 33/200 episodes
Evaluated model in 57.8 seconds
Saved model for run
89bc7d375e5645a8bcf3feae8a00e848 with name round-2
Round 3
Generated trajectories in 99.4 seconds
epoch: 0	train loss: 24087.4765625	(52.7s)
epoch: 20	train loss: 18886.353515625	(50.2s)
epoch: 40	train loss: 18164.1640625	(52.0s)
epoch: 60	train loss: 16801.90625	(49.6s)
epoch: 80	train loss: 16128.455078125	(51.2s)
Evaluating model on 200 episodes
options for eval 0: [26, 20, 15, 19, 19, 19, 19, 19, 19, 19, 19, 26, 26, 26, 26, 26, 26, 26, 26, 26, 26, 26, 26, 26, 26, 26, 26, 26, 26, 26, 26, 26, 26, 26, 26, 26, 26, 26, 26, 26, 26, 26, 26, 26, 26, 26, 26, 26, 26, 26, 26, 26, 26, 26, 26, 26, 26, 26, 26, 26, 26, 26, 26, 26, 26, 26, 26, 26, 26, 26, 26, 26, 26, 26, 26, 26, 26, 26, 26, 26, 26, 26, 26, 26, 26, 26, 26, 26, 26, 26, 26, 26, 26, 26, 26, 26, 26, 26, 26, 26, 26, 26, 26, 26, 26, 26, 26, 26, 26, 26, 26, 26, 26, 26, 26, 26, 26, 26, 26, 26, 26]
options for eval 1: [13, 13, 20, 13, 13, 13, 20, 13, 20, 20, 20, 19, 19, 26, 26, 26, 26, 26, 26, 26, 26, 26, 26, 26, 26, 26, 26, 26, 26, 26, 26, 26, 26, 26, 26, 26, 26, 26, 26, 26, 26, 26, 26, 26, 26, 26, 26, 26, 26, 26, 26, 26, 26, 26, 26, 26, 26, 26, 26, 26, 26, 26, 26, 26, 26, 26, 26, 26, 26, 26, 26, 26, 26, 26, 26, 26, 26, 26, 26, 26, 26, 26, 26, 26, 26, 26, 26, 26, 26, 26, 26, 26, 26, 26, 26, 26, 26, 26, 26, 26, 26, 26, 26, 26, 26, 26, 26, 26, 26, 26, 26, 26, 26, 26, 26, 26, 26, 26, 26, 26, 26]
options for eval 2: [13, 15, 18, 18, 18, 18, 18, 18, 18, 18, 23, 1, 10, 1, 1, 1, 1, 1, 1, 1, 1, 1, 1, 1, 1, 1, 1, 1, 1, 1, 1, 1, 1, 1, 1, 1, 1, 1, 1, 1, 1, 1, 1, 1, 1, 1, 1, 1, 1, 1, 1, 1, 1, 1, 1, 1, 1, 1, 1, 1, 1, 1, 1, 1, 1, 1, 1, 1, 1, 1, 1, 1, 1, 1, 1, 1, 1, 1, 1, 1, 1, 1, 1, 1, 1, 1, 1, 1, 1, 1, 1, 1, 1, 1, 1, 1, 1, 1, 1, 1, 1, 1, 1, 1, 1, 1, 1, 1, 1, 1, 1, 1, 1, 1, 1, 1, 1, 1, 1, 1, 1]
Solved 46/200 episodes
Evaluated model in 48.4 seconds
Saved model for run
89bc7d375e5645a8bcf3feae8a00e848 with name round-3
Round 4
Generated trajectories in 99.0 seconds
epoch: 0	train loss: 22330.40234375	(53.1s)
epoch: 20	train loss: 15546.65625	(50.1s)
epoch: 40	train loss: 13491.673828125	(50.2s)
epoch: 60	train loss: 12144.3203125	(50.0s)
epoch: 80	train loss: 9572.35546875	(50.5s)
Evaluating model on 200 episodes
options for eval 0: [18, 18, 18, 18, 18, 18, 18, 18, 20, 10, 10, 10, 10, 10, 10, 10, 10, 10, 10, 10, 9, 7, 7, 7, 1, 1, 1, 27, 14, 14, 14, 14, 14, 14, 13, 7, 7, 7, 7, 1, 1, 1, 0]
options for eval 1: [7, 13, 20, 20, 13, 7, 7, 26, 26, 26, 26]
options for eval 2: [7, 7, 7, 18, 18, 18, 7, 18, 9, 1, 1, 5, 5]
Solved 86/200 episodes
Evaluated model in 40.1 seconds
Saved model for run
89bc7d375e5645a8bcf3feae8a00e848 with name round-4
Round 5
Generated trajectories in 106.0 seconds
epoch: 0	train loss: 12581.599609375	(49.9s)
epoch: 20	train loss: 7495.5263671875	(51.9s)
epoch: 40	train loss: 5335.24267578125	(51.4s)
epoch: 60	train loss: 4587.6630859375	(50.2s)
epoch: 80	train loss: 4280.3359375	(50.5s)
Evaluating model on 200 episodes
options for eval 0: [13, 13, 13, 13, 13, 1, 20, 1, 1, 20, 14, 2, 2, 2, 2, 2, 2, 2, 2, 9, 7, 1, 1, 1, 1, 1, 9, 7, 7, 7, 7, 26, 26, 0]
options for eval 1: [13, 13, 13, 13, 13, 13, 13, 18, 18, 18, 9, 10, 5, 5, 5, 5, 5, 0]
options for eval 2: [13, 13, 20, 20, 15, 15, 15, 15]
Solved 124/200 episodes
Evaluated model in 23.2 seconds
Saved model for run
89bc7d375e5645a8bcf3feae8a00e848 with name round-5
Round 6
Generated trajectories in 99.2 seconds
epoch: 0	train loss: 8231.94140625	(51.0s)
epoch: 20	train loss: 4024.121826171875	(50.3s)
epoch: 40	train loss: 3242.05029296875	(51.2s)
epoch: 60	train loss: 3102.5859375	(52.1s)
epoch: 80	train loss: 2689.5927734375	(51.6s)
Evaluating model on 200 episodes
options for eval 0: [18, 25, 25, 17, 8, 20, 7, 1, 1, 1, 2, 9, 25, 25, 25, 25, 25, 25, 25, 27]
options for eval 1: [10, 20, 7, 7, 7, 18, 18, 18, 18, 27, 5, 5, 5, 5, 5, 5, 5, 5, 5, 5, 5, 9, 7, 7, 7, 7, 26, 23, 10, 10, 10, 10, 10, 10, 10, 10, 10, 10, 23]
options for eval 2: [0, 1, 1, 1, 5, 5, 5, 7, 9, 7, 7, 18, 18, 27]
Solved 171/200 episodes
Evaluated model in 26.1 seconds
Saved model for run
89bc7d375e5645a8bcf3feae8a00e848 with name round-6
Round 7
Generated trajectories in 107.1 seconds
epoch: 0	train loss: 5903.2021484375	(50.1s)
epoch: 20	train loss: 2674.853515625	(52.8s)
epoch: 40	train loss: 3209.6728515625	(55.1s)
epoch: 60	train loss: 2013.1739501953125	(50.2s)
epoch: 80	train loss: 1330.996337890625	(52.7s)
Evaluating model on 200 episodes
options for eval 0: [20, 20, 10, 10, 10, 10, 10, 10, 10, 0, 7, 7, 15, 1, 1, 1, 1, 1, 1, 0, 15, 15, 15, 15, 15, 15, 15, 0]
options for eval 1: [20, 25, 25, 25, 25, 25, 25, 2, 2, 2, 2, 0]
options for eval 2: [13, 7, 13, 5, 5, 5, 5, 5, 5, 5, 20, 25, 25, 25, 25, 25, 25, 25, 0, 10, 10, 10, 10, 10, 10, 10, 0]
Solved 188/200 episodes
Evaluated model in 20.3 seconds
Saved model for run
89bc7d375e5645a8bcf3feae8a00e848 with name round-7
Round 8
Generated trajectories in 99.9 seconds
epoch: 0	train loss: 3198.065673828125	(51.1s)
epoch: 20	train loss: 1199.7559814453125	(51.8s)
epoch: 40	train loss: 1852.7750244140625	(45.6s)
epoch: 60	train loss: 2083.384521484375	(52.1s)
epoch: 80	train loss: 1717.8072509765625	(49.9s)
Evaluating model on 200 episodes
options for eval 0: [20, 20, 10, 20, 20, 10, 10, 10, 10, 10, 10, 0, 7, 7, 15, 15, 15, 15, 15, 15, 15, 15, 0]
options for eval 1: [13, 20, 20, 13, 7, 7, 7, 7, 20, 5, 20, 18, 18, 25, 25, 25, 0, 10, 10, 10, 10, 10, 10, 10, 10, 10, 10, 2, 0, 7, 7, 7, 7, 7, 7, 7, 7, 18, 18, 18, 0, 10, 10, 2, 2, 2, 2, 2, 2, 2, 0]
options for eval 2: [25, 25, 25, 14, 17, 17, 17, 6, 14, 14, 24, 24, 24, 7, 1, 1, 1, 1, 1, 1, 0, 7, 7, 15, 15, 15, 15, 15, 15, 15, 0]
Solved 196/200 episodes
Evaluated model in 20.9 seconds
Saved model for run
89bc7d375e5645a8bcf3feae8a00e848 with name round-8
Round 9
Generated trajectories in 100.2 seconds
epoch: 0	train loss: 2084.799072265625	(51.9s)
epoch: 20	train loss: 755.03564453125	(53.5s)
epoch: 40	train loss: 1180.1729736328125	(50.7s)
epoch: 60	train loss: 3032.584228515625	(53.4s)
epoch: 80	train loss: 3391.100830078125	(52.5s)
Evaluating model on 200 episodes
options for eval 0: [0, 28, 14, 14, 14, 9, 14, 14, 14, 9, 10, 10, 10, 10, 10, 10, 9, 9, 10, 10, 10, 10, 10, 0]
options for eval 1: [10, 10, 10, 20, 0, 7, 7, 7, 7, 7, 7, 18, 18, 9, 25, 25, 25, 25, 25, 25, 25, 25, 9]
options for eval 2: [10, 6, 26, 26, 9, 13, 7, 7, 7, 1, 1, 19, 19, 9]
Solved 192/200 episodes
Evaluated model in 20.9 seconds
Saved model for run
89bc7d375e5645a8bcf3feae8a00e848 with name round-9
Round 10
Generated trajectories in 99.4 seconds
epoch: 0	train loss: 2155.29443359375	(51.4s)
epoch: 20	train loss: 779.802734375	(53.9s)
epoch: 40	train loss: 1004.764404296875	(51.4s)
epoch: 60	train loss: 817.55908203125	(51.9s)
epoch: 80	train loss: 710.435546875	(50.0s)
Evaluating model on 200 episodes
options for eval 0: [5, 5, 5, 5, 24, 24, 24, 18, 18, 18, 9]
options for eval 1: [25, 25, 6, 6, 6, 6, 6, 7, 7, 7, 7, 7, 1, 1, 1, 20, 20, 9]
options for eval 2: [10, 10, 28, 28, 28, 28, 28, 28, 28, 7, 1, 1, 1, 1, 1, 1, 9, 10, 10, 10, 10, 10, 10, 9, 25, 25, 25, 25, 25, 25, 2, 9, 7, 7, 7, 7, 7, 1, 1, 1, 19, 19, 9]
Solved 194/200 episodes
Evaluated model in 19.9 seconds
Saved model for run
89bc7d375e5645a8bcf3feae8a00e848 with name round-10
Round 11
Generated trajectories in 99.1 seconds
epoch: 0	train loss: 1606.5791015625	(51.7s)
epoch: 20	train loss: 2192.06103515625	(49.8s)
epoch: 40	train loss: 1854.1513671875	(50.3s)
epoch: 60	train loss: 533.791748046875	(51.2s)
epoch: 80	train loss: 553.0963134765625	(52.6s)
Evaluating model on 200 episodes
options for eval 0: [25, 25, 25, 25, 25, 25, 6, 6, 6, 23, 1, 10, 10, 10, 10, 10, 27, 4, 1, 19, 19, 27, 4, 15, 15, 15, 26, 26, 26, 26, 26, 27]
options for eval 1: [23, 23, 20, 20, 23, 4, 20, 4, 4, 4, 10, 10, 10, 20, 26, 26, 26, 26, 27, 10, 5, 5, 5, 27]
options for eval 2: [20, 4, 4, 4, 3, 3, 15, 15, 15, 27]
Solved 196/200 episodes
Evaluated model in 25.8 seconds
Saved model for run
89bc7d375e5645a8bcf3feae8a00e848 with name round-11
Round 12
Generated trajectories in 108.2 seconds
epoch: 0	train loss: 1829.875244140625	(50.4s)
epoch: 20	train loss: 1033.5916748046875	(53.2s)
epoch: 40	train loss: 828.6825561523438	(51.1s)
epoch: 60	train loss: 752.0977172851562	(53.2s)
epoch: 80	train loss: 708.3533325195312	(51.9s)
Evaluating model on 200 episodes
options for eval 0: [4, 4, 4, 4, 27, 10, 10, 10, 10, 10, 27]
options for eval 1: [23, 13, 10, 10, 10, 10, 27, 10, 10, 10, 10, 10, 10, 10, 10, 27, 18, 18, 18, 18, 18, 25, 25, 27, 4, 4, 4, 4, 4, 4, 4, 4, 28, 28, 27]
options for eval 2: [10, 10, 10, 10, 20, 7, 19, 19, 19, 19, 19, 27, 18, 18, 22, 22, 22, 10, 10, 10, 10, 10, 10, 27, 25, 25, 27]
Solved 199/200 episodes
Evaluated model in 23.7 seconds
Saved model for run
89bc7d375e5645a8bcf3feae8a00e848 with name round-12
Round 13
Generated trajectories in 107.3 seconds
epoch: 0	train loss: 1773.379150390625	(50.2s)
epoch: 20	train loss: 1914.33544921875	(49.8s)
epoch: 40	train loss: 1316.7646484375	(52.9s)
epoch: 60	train loss: 851.0936279296875	(51.5s)
epoch: 80	train loss: 1358.2957763671875	(51.1s)
Evaluating model on 200 episodes
options for eval 0: [25, 25, 25, 6, 6, 6, 7, 7, 7, 27, 23, 23, 1, 1, 28, 28, 27]
options for eval 1: [19, 19, 19, 18, 18, 18, 18, 18, 18, 18, 18, 27, 23, 1, 1, 1, 1, 1, 27, 10, 10, 10, 10, 10, 10, 10, 10, 27]
options for eval 2: [18, 6, 6, 6, 25, 2, 2, 2, 2, 27]
Solved 198/200 episodes
Evaluated model in 19.1 seconds
Saved model for run
89bc7d375e5645a8bcf3feae8a00e848 with name round-13
Round 14
Generated trajectories in 99.9 seconds
epoch: 0	train loss: 1450.5760498046875	(51.2s)
epoch: 20	train loss: 675.1172485351562	(48.8s)
epoch: 40	train loss: 564.2977294921875	(50.4s)
epoch: 60	train loss: 1102.666015625	(48.7s)
epoch: 80	train loss: 3478.697021484375	(51.1s)
Evaluating model on 200 episodes
options for eval 0: [23, 23, 3, 3, 23, 23, 23, 23, 27, 18, 18, 18, 18, 2, 2, 2, 2, 2, 27, 7, 28, 28, 7, 7, 7, 7, 7, 27, 10, 10, 10, 10, 10, 10, 10, 10, 5, 27]
options for eval 1: [7, 7, 7, 3, 23, 26, 27, 10, 10, 10, 10, 10, 10, 10, 27, 7, 7, 7, 7, 1, 1, 19, 19, 27, 10, 24, 24, 24, 27, 7, 7, 7, 7, 28, 28, 27]
options for eval 2: [26, 25, 20, 7, 7, 7, 7, 7, 7, 7, 7, 7, 7, 7, 27, 26, 25, 25, 25, 25, 25, 25, 25, 25, 27]
Solved 199/200 episodes
Evaluated model in 20.2 seconds
Saved model for run
89bc7d375e5645a8bcf3feae8a00e848 with name round-14
Round 15
Generated trajectories in 99.6 seconds
epoch: 0	train loss: 1436.9315185546875	(51.0s)
epoch: 20	train loss: 832.1668701171875	(51.1s)
epoch: 40	train loss: 385.6983337402344	(50.9s)
epoch: 60	train loss: 449.93798828125	(51.2s)
epoch: 80	train loss: 681.7750244140625	(51.0s)
Evaluating model on 200 episodes
options for eval 0: [26, 26, 3, 14, 26, 26, 22, 23, 5, 5, 13, 23, 7, 23, 23, 23, 19, 13, 7, 7, 7, 7, 7, 7, 13, 10, 10, 10, 13]
options for eval 1: [26, 26, 26, 26, 24, 24, 24, 24, 24, 24, 18, 13, 7, 20, 7, 7, 7, 7, 7, 7, 7, 7, 13]
options for eval 2: [7, 7, 7, 7, 7, 7, 7, 7, 7, 13, 10, 10, 10, 10, 10, 10, 10, 13]
Solved 197/200 episodes
Evaluated model in 20.4 seconds
Saved model for run
89bc7d375e5645a8bcf3feae8a00e848 with name round-15
Round 16
Generated trajectories in 99.2 seconds
epoch: 0	train loss: 1642.7354736328125	(52.6s)
epoch: 20	train loss: 1567.4774169921875	(51.6s)
epoch: 40	train loss: 527.1597900390625	(50.5s)
epoch: 60	train loss: 1618.8414306640625	(50.4s)
epoch: 80	train loss: 758.7186889648438	(48.5s)
Evaluating model on 200 episodes
options for eval 0: [7, 3, 7, 7, 23, 10, 10, 22, 22, 27, 11, 11, 11, 11, 27, 26, 26, 26, 14, 27]
options for eval 1: [7, 7, 7, 7, 7, 23, 14, 14, 27, 10, 10, 10, 10, 10, 22, 22, 22, 27]
options for eval 2: [10, 10, 22, 23, 23, 23, 7, 23, 1, 28, 28, 27, 10, 22, 22, 22, 27]
Solved 199/200 episodes
Evaluated model in 20.7 seconds
Saved model for run
89bc7d375e5645a8bcf3feae8a00e848 with name round-16
Round 17
Generated trajectories in 100.2 seconds
epoch: 0	train loss: 1638.994873046875	(53.3s)
epoch: 20	train loss: 1319.6285400390625	(50.4s)
epoch: 40	train loss: 1024.842041015625	(51.5s)
epoch: 60	train loss: 850.3717651367188	(51.9s)
epoch: 80	train loss: 1688.671875	(51.9s)
Evaluating model on 200 episodes
options for eval 0: [23, 14, 26, 26, 26, 11, 11, 11, 27, 24, 24, 27, 7, 23, 7, 7, 7, 23, 28, 28, 28, 27]
options for eval 1: [26, 26, 26, 27, 10, 10, 24, 27, 14, 22, 22, 22, 13, 10, 10, 10, 10, 10, 22, 27]
options for eval 2: [14, 26, 26, 26, 26, 23, 7, 20, 20, 27, 10, 10, 10, 10, 10, 10, 10, 24, 24, 27]
Solved 195/200 episodes
Evaluated model in 21.0 seconds
Saved model for run
89bc7d375e5645a8bcf3feae8a00e848 with name round-17
Round 18
Generated trajectories in 99.2 seconds
epoch: 0	train loss: 1365.22021484375	(49.8s)
epoch: 20	train loss: 944.7298583984375	(52.7s)
epoch: 40	train loss: 1421.949462890625	(50.1s)
epoch: 60	train loss: 696.5878295898438	(51.5s)
epoch: 80	train loss: 5092.09765625	(50.0s)
Evaluating model on 200 episodes
options for eval 0: [7, 7, 7, 7, 7, 7, 7, 7, 27, 7, 19, 10, 10, 10, 10, 11, 27, 7, 7, 7, 7, 7, 7, 27, 10, 10, 10, 10, 11, 11, 11, 11, 11, 11, 11, 11, 27]
options for eval 1: [10, 10, 10, 10, 11, 11, 11, 13, 7, 7, 7, 7, 7, 7, 27]
options for eval 2: [27, 10, 24, 24, 24, 24, 24, 27, 7, 7, 7, 7, 27, 7, 7, 7, 7, 1, 1, 28, 28, 27, 10, 10, 10, 10, 10, 2, 2, 2, 2, 2, 2, 27]
Solved 193/200 episodes
Evaluated model in 21.3 seconds
Saved model for run
89bc7d375e5645a8bcf3feae8a00e848 with name round-18
Round 19
Generated trajectories in 100.3 seconds
epoch: 0	train loss: 1656.747314453125	(51.6s)
epoch: 20	train loss: 1334.041015625	(52.5s)
epoch: 40	train loss: 477.21258544921875	(53.1s)
epoch: 60	train loss: 1274.73828125	(50.8s)
epoch: 80	train loss: 1379.755859375	(51.0s)
Evaluating model on 200 episodes
options for eval 0: [14, 14, 14, 14, 14, 14, 3, 14, 14, 1, 1, 10, 10, 10, 10, 10, 11, 11, 14, 4, 4, 4, 7, 4, 4, 4, 4, 4, 1, 1, 1, 1, 1, 29, 29, 29, 29, 29, 29, 29, 29, 29, 29]
options for eval 1: [23, 4, 23, 4, 4, 4, 4, 23, 14, 14, 2, 2, 2, 2, 2, 2, 2, 2, 2, 2, 2, 2, 2, 2, 23, 23, 23, 4, 23, 4, 1, 1, 1, 1, 1, 1, 20, 20, 20, 29, 29, 29, 29]
options for eval 2: [3, 24, 23, 23, 4, 23, 1, 1, 1, 1, 1, 20, 20, 20, 29, 29, 29, 29, 29]
Solved 191/200 episodes
Evaluated model in 22.9 seconds
Saved model for run
89bc7d375e5645a8bcf3feae8a00e848 with name round-19
