Using torch device NVIDIA TITAN Xp
hmm training!
b: 30
params: {'epochs': 100, 'lr': 0.0008, 'n': 5000}
Net has 51070 parameters
Round 0
Generated trajectories in 99.6 seconds
/home/sca63/.conda/envs/gcsl/lib/python3.9/site-packages/torch/nn/modules/conv.py:443: UserWarning: Using padding='same' with even kernel lengths and odd dilation may require a zero-padded copy of the input be created (Triggered internally at  ../aten/src/ATen/native/Convolution.cpp:680.)
  return F.conv2d(input, weight, bias, self.stride,
epoch: 0	train loss: 101796.65625	(51.1s)
epoch: 20	train loss: 27780.373046875	(49.7s)
epoch: 40	train loss: 24715.861328125	(45.4s)
epoch: 60	train loss: 23090.830078125	(49.8s)
epoch: 80	train loss: 21801.86328125	(49.6s)
Evaluating model on 200 episodes
options for eval 0: [5, 19, 7, 7, 7, 7, 13, 18, 18, 18, 2, 13]
options for eval 1: [13, 13, 5, 5, 13, 5, 15, 15, 15, 15, 1, 1, 13, 2, 2, 2, 2, 2, 2, 2, 2, 2, 2, 2, 2, 2, 2, 2, 2, 2, 2, 2, 2, 2, 2, 2, 2, 2, 2, 2, 2, 2, 2, 2, 2, 2, 2, 2, 2, 2, 2, 2, 2, 2, 2, 2, 2, 2, 2, 2, 2, 2, 2, 2, 2, 2, 2, 2, 2, 2, 2, 2, 2, 2, 2, 2, 2, 2, 2, 2, 2, 2, 2, 2, 2, 2, 2, 2, 2, 2, 2, 2, 2, 2, 2, 2, 2, 2, 2, 2, 2, 2, 2, 2, 2, 2, 2, 2, 2, 2, 2, 2, 2, 2, 2, 2, 2, 2, 2, 2, 2]
options for eval 2: [6, 6, 6, 6, 19, 19, 25, 25, 2, 19, 19, 19, 19, 18, 18, 18, 18, 18, 18, 18]
Solved 37/200 episodes
Evaluated model in 49.8 seconds
Saved model for run
4e880f13ea5c438bb70f3fd0932f287a with name round-0
Round 1
Generated trajectories in 99.6 seconds
epoch: 0	train loss: 23932.037109375	(49.3s)
epoch: 20	train loss: 20147.1484375	(49.6s)
epoch: 40	train loss: 19635.783203125	(49.4s)
epoch: 60	train loss: 18585.796875	(49.6s)
epoch: 80	train loss: 17687.7421875	(49.9s)
Evaluating model on 200 episodes
options for eval 0: [18, 5, 5, 5, 5, 5, 5, 5, 19, 19, 19, 22, 7, 7, 7, 7, 2, 2, 2, 2, 2, 2, 2, 2, 2, 2, 2, 2, 2, 2, 2, 2, 2, 2, 2, 2, 2, 2, 2, 2, 2, 2, 2, 2, 2, 2, 2, 2, 2, 2, 2, 2, 2, 2, 2, 2, 2, 2, 2, 2, 2, 2, 2, 2, 2, 2, 2, 2, 2, 2, 2, 2, 2, 2, 2, 2, 2, 2, 2, 2, 2, 2, 2, 2, 2, 2, 2, 2, 2, 2, 2, 2, 2, 2, 2, 2, 2, 2, 2, 2, 2, 2, 2, 2, 2, 2, 2, 2, 2, 2, 2, 2, 2, 2, 2, 2, 2, 2, 2, 2, 2]
options for eval 1: [1, 1, 15, 3, 3, 6, 6, 6, 6, 0, 0, 0, 0, 0, 0, 0, 0, 0, 0, 0, 0, 0, 0, 0, 0, 0, 0, 0, 0, 0, 0, 0, 0, 0, 0, 0, 0, 0, 0, 0, 0, 0, 0, 0, 0, 0, 0, 0, 0, 0, 0, 0, 0, 0, 0, 0, 0, 0, 0, 0, 0, 0, 0, 0, 0, 0, 0, 0, 0, 0, 0, 0, 0, 0, 0, 0, 0, 0, 0, 0, 0, 0, 0, 0, 0, 0, 0, 0, 0, 0, 0, 0, 0, 0, 0, 0, 0, 0, 0, 0, 0, 0, 0, 0, 0, 0, 0, 0, 0, 0, 0, 0, 0, 0, 0, 0, 0, 0, 0, 0, 0]
options for eval 2: [18, 18, 18, 18, 5, 5, 5, 5, 5, 5, 19, 19, 22, 15, 15, 15, 15, 15, 0, 0, 0, 10, 10, 10, 10, 10, 10, 10, 10, 10, 10, 10, 10, 10, 10, 10, 10, 10, 10, 0, 0, 0, 0, 0, 0, 0, 0, 0, 0, 0, 0, 0, 0, 0, 0, 0, 0, 0, 0, 0, 0, 0, 0, 0, 0, 0, 0, 0, 0, 0, 0, 0, 0, 0, 0, 0, 0, 0, 0, 0, 0, 0, 0, 0, 0, 0, 0, 0, 0, 0, 0, 0, 0, 0, 0, 0, 0, 0, 0, 0, 0, 0, 0, 0, 0, 0, 0, 0, 0, 0, 0, 0, 0, 0, 0, 0, 0, 0, 0, 0, 0]
Solved 36/200 episodes
Evaluated model in 53.3 seconds
Saved model for run
4e880f13ea5c438bb70f3fd0932f287a with name round-1
Round 2
Generated trajectories in 98.6 seconds
epoch: 0	train loss: 23085.2265625	(49.5s)
epoch: 20	train loss: 18710.955078125	(51.0s)
epoch: 40	train loss: 17486.54296875	(49.4s)
slurmstepd: error: *** JOB 462849 ON sablab-gpu-05 CANCELLED AT 2022-03-30T14:55:48 DUE TO PREEMPTION ***
