relational net params=41898
Starting run:
3df679afa32641c1a9646418c15706ef
params: {'n': 5000, 'num_test': 200, 'traj_updates': 10000000.0, 'num_saves': 20, 'num_tests': 20, 'lr': 0.0008, 'batch_size': 10, 'b': 10, 'cc_weight': 1.0, 'abstract_pen': 0.0, 'hmm': True, 'homo': True, 'sv': False, 'no_log': False, 'model_type': 'hmm', 'device': 'NVIDIA TITAN Xp', 'epochs': 2000, 'test_every': 100, 'save_every': 100, 'id': '3df679afa32641c1a9646418c15706ef'}
train
Net has 41898 parameters
Epoch 0	 test acc 0.005
Saved model at models/3df679afa32641c1a9646418c15706ef-epoch-0.pt
reloading data
Epoch 100	 test acc 0.18
Saved model at models/3df679afa32641c1a9646418c15706ef-epoch-100.pt
reloading data
Epoch 200	 test acc 0.235
Saved model at models/3df679afa32641c1a9646418c15706ef-epoch-200.pt
reloading data
Epoch 300	 test acc 0.195
Saved model at models/3df679afa32641c1a9646418c15706ef-epoch-300.pt
reloading data
Epoch 400	 test acc 0.13
Saved model at models/3df679afa32641c1a9646418c15706ef-epoch-400.pt
reloading data
Epoch 500	 test acc 0.145
Saved model at models/3df679afa32641c1a9646418c15706ef-epoch-500.pt
reloading data
Epoch 600	 test acc 0.155
Saved model at models/3df679afa32641c1a9646418c15706ef-epoch-600.pt
reloading data
Epoch 700	 test acc 0.23
Saved model at models/3df679afa32641c1a9646418c15706ef-epoch-700.pt
reloading data
Epoch 800	 test acc 0.19
Saved model at models/3df679afa32641c1a9646418c15706ef-epoch-800.pt
reloading data
Epoch 900	 test acc 0.255
Saved model at models/3df679afa32641c1a9646418c15706ef-epoch-900.pt
reloading data
Epoch 1000	 test acc 0.34
Saved model at models/3df679afa32641c1a9646418c15706ef-epoch-1000.pt
reloading data
Epoch 1100	 test acc 0.755
Saved model at models/3df679afa32641c1a9646418c15706ef-epoch-1100.pt
reloading data
Epoch 1200	 test acc 0.905
Saved model at models/3df679afa32641c1a9646418c15706ef-epoch-1200.pt
reloading data
Epoch 1300	 test acc 0.965
Saved model at models/3df679afa32641c1a9646418c15706ef-epoch-1300.pt
reloading data
Epoch 1400	 test acc 0.96
Saved model at models/3df679afa32641c1a9646418c15706ef-epoch-1400.pt
reloading data
Epoch 1500	 test acc 0.975
Saved model at models/3df679afa32641c1a9646418c15706ef-epoch-1500.pt
reloading data
Epoch 1600	 test acc 0.985
Saved model at models/3df679afa32641c1a9646418c15706ef-epoch-1600.pt
reloading data
Epoch 1700	 test acc 0.975
Saved model at models/3df679afa32641c1a9646418c15706ef-epoch-1700.pt
reloading data
Epoch 1800	 test acc 0.945
Saved model at models/3df679afa32641c1a9646418c15706ef-epoch-1800.pt
reloading data
Epoch 1900	 test acc 0.985
Saved model at models/3df679afa32641c1a9646418c15706ef-epoch-1900.pt
Saved model at models/3df679afa32641c1a9646418c15706ef.pt
Completed training in 68295.9 seconds
repeating
relational net params=41898
Loaded model from models/119740d4f6d54480909834cfe7b713b9.pt
Starting run:
5cc6a66f946f44a594434a806f6c723e
params: {'n': 10000, 'num_test': 200, 'traj_updates': 10000.0, 'num_tests': 2, 'num_saves': 1, 'lr': 0.0008, 'batch_size': 10, 'b': 10, 'cc_weight': 1.0, 'abstract_pen': 0.0, 'hmm': True, 'homo': True, 'sv': False, 'no_log': False, 'model_type': 'hmm', 'device': 'NVIDIA TITAN Xp', 'epochs': 1, 'test_every': 1, 'save_every': 1, 'id': '5cc6a66f946f44a594434a806f6c723e'}
train
Net has 41898 parameters
Epoch 0	 test acc 0.06
Saved model at models/5cc6a66f946f44a594434a806f6c723e-epoch-0.pt
Saved model at models/5cc6a66f946f44a594434a806f6c723e.pt
Completed training in 95.9 seconds
