Starting run:
18629eebeac146b1b5b9f2df934e75ba
params: {'n': 10000, 'traj_updates': 10000000.0, 'num_saves': 20, 'num_tests': 20, 'num_test': 200, 'lr': 0.0008, 'batch_size': 10, 'b': 10, 'cc_pen': 1.0, 'abstract_pen': 0.0, 'model': 'hmm-homo', 'seed': 2, 'neptune': False, 'no_log': False, 'device': 'NVIDIA TITAN Xp', 'epochs': 1000, 'test_every': 50, 'save_every': 50, 'id': '18629eebeac146b1b5b9f2df934e75ba'}
train
Net has 41898 parameters
Epoch 0	 test acc 0.1
Epoch 50	 test acc 0.16
Saved model at models/18629eebeac146b1b5b9f2df934e75ba-epoch-50.pt
reloading data
Epoch 100	 test acc 0.18
Saved model at models/18629eebeac146b1b5b9f2df934e75ba-epoch-100.pt
Epoch 150	 test acc 0.16
Saved model at models/18629eebeac146b1b5b9f2df934e75ba-epoch-150.pt
reloading data
Epoch 200	 test acc 0.095
Saved model at models/18629eebeac146b1b5b9f2df934e75ba-epoch-200.pt
Epoch 250	 test acc 0.14
Saved model at models/18629eebeac146b1b5b9f2df934e75ba-epoch-250.pt
reloading data
Epoch 300	 test acc 0.21
Saved model at models/18629eebeac146b1b5b9f2df934e75ba-epoch-300.pt
Epoch 350	 test acc 0.915
Saved model at models/18629eebeac146b1b5b9f2df934e75ba-epoch-350.pt
reloading data
Epoch 400	 test acc 0.915
Saved model at models/18629eebeac146b1b5b9f2df934e75ba-epoch-400.pt
Epoch 450	 test acc 0.895
Saved model at models/18629eebeac146b1b5b9f2df934e75ba-epoch-450.pt
reloading data
Epoch 500	 test acc 0.9
Saved model at models/18629eebeac146b1b5b9f2df934e75ba-epoch-500.pt
Epoch 550	 test acc 0.92
Saved model at models/18629eebeac146b1b5b9f2df934e75ba-epoch-550.pt
reloading data
Epoch 600	 test acc 0.94
Saved model at models/18629eebeac146b1b5b9f2df934e75ba-epoch-600.pt
Epoch 650	 test acc 0.905
Saved model at models/18629eebeac146b1b5b9f2df934e75ba-epoch-650.pt
reloading data
Epoch 700	 test acc 0.905
Saved model at models/18629eebeac146b1b5b9f2df934e75ba-epoch-700.pt
Epoch 750	 test acc 0.935
Saved model at models/18629eebeac146b1b5b9f2df934e75ba-epoch-750.pt
reloading data
Epoch 800	 test acc 0.965
Saved model at models/18629eebeac146b1b5b9f2df934e75ba-epoch-800.pt
Epoch 850	 test acc 0.91
Saved model at models/18629eebeac146b1b5b9f2df934e75ba-epoch-850.pt
reloading data
Epoch 900	 test acc 0.935
Saved model at models/18629eebeac146b1b5b9f2df934e75ba-epoch-900.pt
Epoch 950	 test acc 0.915
Saved model at models/18629eebeac146b1b5b9f2df934e75ba-epoch-950.pt
Saved model at models/18629eebeac146b1b5b9f2df934e75ba.pt
Completed training in 57886.1 seconds
