Starting run:
7ef7971edeec480d8a73a48b1ee9c1b1
params: {'n': 10000, 'traj_updates': 10000000.0, 'num_saves': 20, 'num_tests': 20, 'num_test': 200, 'lr': 0.0008, 'batch_size': 10, 'b': 10, 'cc_pen': 1.0, 'abstract_pen': 0.0, 'model': 'hmm-homo', 'seed': 1, 'neptune': False, 'no_log': False, 'device': 'NVIDIA TITAN Xp', 'epochs': 1000, 'test_every': 50, 'save_every': 50, 'id': '7ef7971edeec480d8a73a48b1ee9c1b1'}
train
Net has 41898 parameters
Epoch 0	 test acc 0.01
Epoch 50	 test acc 0.195
Saved model at models/7ef7971edeec480d8a73a48b1ee9c1b1-epoch-50.pt
reloading data
Epoch 100	 test acc 0.24
Saved model at models/7ef7971edeec480d8a73a48b1ee9c1b1-epoch-100.pt
Epoch 150	 test acc 0.195
Saved model at models/7ef7971edeec480d8a73a48b1ee9c1b1-epoch-150.pt
reloading data
Epoch 200	 test acc 0.185
Saved model at models/7ef7971edeec480d8a73a48b1ee9c1b1-epoch-200.pt
Epoch 250	 test acc 0.17
Saved model at models/7ef7971edeec480d8a73a48b1ee9c1b1-epoch-250.pt
reloading data
Epoch 300	 test acc 0.265
Saved model at models/7ef7971edeec480d8a73a48b1ee9c1b1-epoch-300.pt
Epoch 350	 test acc 0.72
Saved model at models/7ef7971edeec480d8a73a48b1ee9c1b1-epoch-350.pt
reloading data
Epoch 400	 test acc 0.915
Saved model at models/7ef7971edeec480d8a73a48b1ee9c1b1-epoch-400.pt
Epoch 450	 test acc 0.92
Saved model at models/7ef7971edeec480d8a73a48b1ee9c1b1-epoch-450.pt
reloading data
Epoch 500	 test acc 0.94
Saved model at models/7ef7971edeec480d8a73a48b1ee9c1b1-epoch-500.pt
Epoch 550	 test acc 0.885
Saved model at models/7ef7971edeec480d8a73a48b1ee9c1b1-epoch-550.pt
reloading data
Epoch 600	 test acc 0.965
Saved model at models/7ef7971edeec480d8a73a48b1ee9c1b1-epoch-600.pt
Epoch 650	 test acc 0.975
Saved model at models/7ef7971edeec480d8a73a48b1ee9c1b1-epoch-650.pt
reloading data
Epoch 700	 test acc 0.915
Saved model at models/7ef7971edeec480d8a73a48b1ee9c1b1-epoch-700.pt
Epoch 750	 test acc 0.965
Saved model at models/7ef7971edeec480d8a73a48b1ee9c1b1-epoch-750.pt
reloading data
Epoch 800	 test acc 0.935
Saved model at models/7ef7971edeec480d8a73a48b1ee9c1b1-epoch-800.pt
Epoch 850	 test acc 0.855
Saved model at models/7ef7971edeec480d8a73a48b1ee9c1b1-epoch-850.pt
reloading data
Epoch 900	 test acc 0.66
Saved model at models/7ef7971edeec480d8a73a48b1ee9c1b1-epoch-900.pt
Epoch 950	 test acc 0.91
Saved model at models/7ef7971edeec480d8a73a48b1ee9c1b1-epoch-950.pt
Saved model at models/7ef7971edeec480d8a73a48b1ee9c1b1.pt
Completed training in 71269.7 seconds
