Starting run:
a51696de71614eb9832e55301bddd3e2
params: {'n': 5000, 'traj_updates': 10000000.0, 'num_saves': 20, 'num_tests': 20, 'num_test': 200, 'lr': 0.0008, 'batch_size': 10, 'b': 10, 'cc_pen': 1.0, 'abstract_pen': 2.0, 'model': 'hmm-homo', 'seed': 1, 'neptune': False, 'no_log': False, 'device': 'NVIDIA TITAN Xp', 'epochs': 2000, 'test_every': 100, 'save_every': 100, 'id': 'a51696de71614eb9832e55301bddd3e2'}
train
Net has 41898 parameters
Epoch 0	 test acc 0.0
reloading data
Epoch 100	 test acc 0.18
Saved model at models/a51696de71614eb9832e55301bddd3e2-epoch-100.pt
reloading data
Epoch 200	 test acc 0.24
Saved model at models/a51696de71614eb9832e55301bddd3e2-epoch-200.pt
reloading data
Epoch 300	 test acc 0.165
Saved model at models/a51696de71614eb9832e55301bddd3e2-epoch-300.pt
reloading data
Epoch 400	 test acc 0.135
Saved model at models/a51696de71614eb9832e55301bddd3e2-epoch-400.pt
reloading data
Epoch 500	 test acc 0.085
Saved model at models/a51696de71614eb9832e55301bddd3e2-epoch-500.pt
reloading data
Epoch 600	 test acc 0.145
Saved model at models/a51696de71614eb9832e55301bddd3e2-epoch-600.pt
reloading data
Epoch 700	 test acc 0.215
Saved model at models/a51696de71614eb9832e55301bddd3e2-epoch-700.pt
reloading data
Epoch 800	 test acc 0.145
Saved model at models/a51696de71614eb9832e55301bddd3e2-epoch-800.pt
reloading data
Epoch 900	 test acc 0.19
Saved model at models/a51696de71614eb9832e55301bddd3e2-epoch-900.pt
reloading data
Epoch 1000	 test acc 0.165
Saved model at models/a51696de71614eb9832e55301bddd3e2-epoch-1000.pt
reloading data
Epoch 1100	 test acc 0.165
Saved model at models/a51696de71614eb9832e55301bddd3e2-epoch-1100.pt
reloading data
Epoch 1200	 test acc 0.185
Saved model at models/a51696de71614eb9832e55301bddd3e2-epoch-1200.pt
reloading data
Epoch 1300	 test acc 0.16
Saved model at models/a51696de71614eb9832e55301bddd3e2-epoch-1300.pt
reloading data
Epoch 1400	 test acc 0.19
Saved model at models/a51696de71614eb9832e55301bddd3e2-epoch-1400.pt
reloading data
Epoch 1500	 test acc 0.09
Saved model at models/a51696de71614eb9832e55301bddd3e2-epoch-1500.pt
reloading data
Epoch 1600	 test acc 0.195
Saved model at models/a51696de71614eb9832e55301bddd3e2-epoch-1600.pt
reloading data
Epoch 1700	 test acc 0.155
Saved model at models/a51696de71614eb9832e55301bddd3e2-epoch-1700.pt
reloading data
Epoch 1800	 test acc 0.185
Saved model at models/a51696de71614eb9832e55301bddd3e2-epoch-1800.pt
reloading data
Epoch 1900	 test acc 0.17
Saved model at models/a51696de71614eb9832e55301bddd3e2-epoch-1900.pt
Saved model at models/a51696de71614eb9832e55301bddd3e2.pt
Completed training in 62341.5 seconds
