Starting run:
dded28a981b04f1192bfb0f7f578468e
params: {'n': 5000, 'traj_updates': 10000000.0, 'num_saves': 20, 'num_tests': 20, 'num_test': 200, 'lr': 0.0008, 'batch_size': 10, 'b': 10, 'cc_pen': 1.0, 'abstract_pen': 0.0, 'model': 'hmm-homo', 'seed': 1, 'neptune': False, 'no_log': False, 'device': 'NVIDIA TITAN Xp', 'epochs': 2000, 'test_every': 100, 'save_every': 100, 'id': 'dded28a981b04f1192bfb0f7f578468e'}
train
Net has 41898 parameters
Epoch 0	 test acc 0.025
reloading data
Epoch 100	 test acc 0.16
Saved model at models/dded28a981b04f1192bfb0f7f578468e-epoch-100.pt
reloading data
Epoch 200	 test acc 0.21
Saved model at models/dded28a981b04f1192bfb0f7f578468e-epoch-200.pt
reloading data
Epoch 300	 test acc 0.145
Saved model at models/dded28a981b04f1192bfb0f7f578468e-epoch-300.pt
reloading data
Epoch 400	 test acc 0.14
Saved model at models/dded28a981b04f1192bfb0f7f578468e-epoch-400.pt
reloading data
Epoch 500	 test acc 0.13
Saved model at models/dded28a981b04f1192bfb0f7f578468e-epoch-500.pt
reloading data
Epoch 600	 test acc 0.16
Saved model at models/dded28a981b04f1192bfb0f7f578468e-epoch-600.pt
reloading data
Epoch 700	 test acc 0.245
Saved model at models/dded28a981b04f1192bfb0f7f578468e-epoch-700.pt
reloading data
Epoch 800	 test acc 0.19
Saved model at models/dded28a981b04f1192bfb0f7f578468e-epoch-800.pt
reloading data
Epoch 900	 test acc 0.17
Saved model at models/dded28a981b04f1192bfb0f7f578468e-epoch-900.pt
reloading data
Epoch 1000	 test acc 0.185
Saved model at models/dded28a981b04f1192bfb0f7f578468e-epoch-1000.pt
reloading data
Epoch 1100	 test acc 0.17
Saved model at models/dded28a981b04f1192bfb0f7f578468e-epoch-1100.pt
reloading data
Epoch 1200	 test acc 0.195
Saved model at models/dded28a981b04f1192bfb0f7f578468e-epoch-1200.pt
reloading data
Epoch 1300	 test acc 0.225
Saved model at models/dded28a981b04f1192bfb0f7f578468e-epoch-1300.pt
reloading data
Epoch 1400	 test acc 0.29
Saved model at models/dded28a981b04f1192bfb0f7f578468e-epoch-1400.pt
reloading data
Epoch 1500	 test acc 0.285
Saved model at models/dded28a981b04f1192bfb0f7f578468e-epoch-1500.pt
reloading data
Epoch 1600	 test acc 0.345
Saved model at models/dded28a981b04f1192bfb0f7f578468e-epoch-1600.pt
reloading data
Epoch 1700	 test acc 0.395
Saved model at models/dded28a981b04f1192bfb0f7f578468e-epoch-1700.pt
reloading data
Epoch 1800	 test acc 0.52
Saved model at models/dded28a981b04f1192bfb0f7f578468e-epoch-1800.pt
reloading data
Epoch 1900	 test acc 0.595
Saved model at models/dded28a981b04f1192bfb0f7f578468e-epoch-1900.pt
Saved model at models/dded28a981b04f1192bfb0f7f578468e.pt
Completed training in 76640.7 seconds
