Starting run:
dea7cf37d242448aa70bea94dab2a2fb
params: {'n': 5000, 'traj_updates': 10000000.0, 'num_saves': 4, 'num_tests': 20, 'num_test': 200, 'lr': 0.0008, 'batch_size': 20, 'b': 10, 'cc_pen': 1.0, 'abstract_pen': 0.0, 'model': 'cc', 'seed': 1, 'noise': 0.0, 'neptune': False, 'no_log': False, 'eval': False, 'abstract_dim': 32, 'device': 'NVIDIA GeForce GTX 1080 Ti', 'epochs': 2000, 'test_every': 100, 'save_every': 500, 'id': 'dea7cf37d242448aa70bea94dab2a2fb'}
train
Net has 210100 parameters
Solved 1/200 episodes
Epoch 0	 test acc 0.005
reloading data
Solved 37/200 episodes
Epoch 100	 test acc 0.185
reloading data
Solved 45/200 episodes
Epoch 200	 test acc 0.225
reloading data
Solved 46/200 episodes
Epoch 300	 test acc 0.23
reloading data
Solved 47/200 episodes
Epoch 400	 test acc 0.235
reloading data
Solved 95/200 episodes
Epoch 500	 test acc 0.475
Saved model at models/dea7cf37d242448aa70bea94dab2a2fb-epoch-500.pt
reloading data
Solved 134/200 episodes
Epoch 600	 test acc 0.67
reloading data
Solved 166/200 episodes
Epoch 700	 test acc 0.83
reloading data
Solved 179/200 episodes
Epoch 800	 test acc 0.895
reloading data
Solved 178/200 episodes
Epoch 900	 test acc 0.89
reloading data
Solved 182/200 episodes
Epoch 1000	 test acc 0.91
Saved model at models/dea7cf37d242448aa70bea94dab2a2fb-epoch-1000.pt
reloading data
Solved 186/200 episodes
Epoch 1100	 test acc 0.93
reloading data
Solved 186/200 episodes
Epoch 1200	 test acc 0.93
reloading data
Solved 195/200 episodes
Epoch 1300	 test acc 0.975
reloading data
Solved 187/200 episodes
Epoch 1400	 test acc 0.935
reloading data
Solved 195/200 episodes
Epoch 1500	 test acc 0.975
Saved model at models/dea7cf37d242448aa70bea94dab2a2fb-epoch-1500.pt
reloading data
Solved 188/200 episodes
Epoch 1600	 test acc 0.94
reloading data
Solved 193/200 episodes
Epoch 1700	 test acc 0.965
reloading data
Solved 197/200 episodes
Epoch 1800	 test acc 0.985
reloading data
Solved 193/200 episodes
Epoch 1900	 test acc 0.965
Saved model at models/dea7cf37d242448aa70bea94dab2a2fb.pt
Completed training in 107811.4 seconds
