Starting run:
724f7c53fb6549f094e118422788442c
params: {'n': 5000, 'traj_updates': 10000000.0, 'num_saves': 20, 'num_tests': 20, 'num_test': 200, 'lr': 0.0008, 'batch_size': 10, 'b': 10, 'cc_pen': 1.0, 'abstract_pen': 1.0, 'model': 'cc', 'seed': 1, 'noise': 0.01, 'neptune': False, 'no_log': False, 'eval': False, 'device': 'NVIDIA RTX A6000', 'epochs': 2000, 'test_every': 100, 'save_every': 100, 'id': '724f7c53fb6549f094e118422788442c'}
train
Net has 206996 parameters
Correct solved pred: 0.00
correct_solved_preds: 0
Solved 0/200 episodes
Epoch 0	 test acc 0.0
reloading data
Correct solved pred: 1.00
correct_solved_preds: 31
Solved 31/200 episodes
Epoch 100	 test acc 0.155
Saved model at models/724f7c53fb6549f094e118422788442c-epoch-100.pt
reloading data
Correct solved pred: 1.00
correct_solved_preds: 54
Solved 54/200 episodes
Epoch 200	 test acc 0.27
Saved model at models/724f7c53fb6549f094e118422788442c-epoch-200.pt
reloading data
Correct solved pred: 1.00
correct_solved_preds: 47
Solved 47/200 episodes
Epoch 300	 test acc 0.235
Saved model at models/724f7c53fb6549f094e118422788442c-epoch-300.pt
reloading data
Correct solved pred: 1.00
correct_solved_preds: 61
Solved 61/200 episodes
Epoch 400	 test acc 0.305
Saved model at models/724f7c53fb6549f094e118422788442c-epoch-400.pt
reloading data
Correct solved pred: 1.00
correct_solved_preds: 50
Solved 50/200 episodes
Epoch 500	 test acc 0.25
Saved model at models/724f7c53fb6549f094e118422788442c-epoch-500.pt
reloading data
Correct solved pred: 1.00
correct_solved_preds: 51
Solved 51/200 episodes
Epoch 600	 test acc 0.255
Saved model at models/724f7c53fb6549f094e118422788442c-epoch-600.pt
reloading data
Correct solved pred: 1.00
correct_solved_preds: 79
Solved 79/200 episodes
Epoch 700	 test acc 0.395
Saved model at models/724f7c53fb6549f094e118422788442c-epoch-700.pt
reloading data
Correct solved pred: 1.00
correct_solved_preds: 81
Solved 81/200 episodes
Epoch 800	 test acc 0.405
Saved model at models/724f7c53fb6549f094e118422788442c-epoch-800.pt
reloading data
Correct solved pred: 1.00
correct_solved_preds: 95
Solved 95/200 episodes
Epoch 900	 test acc 0.475
Saved model at models/724f7c53fb6549f094e118422788442c-epoch-900.pt
reloading data
Correct solved pred: 1.00
correct_solved_preds: 106
Solved 106/200 episodes
Epoch 1000	 test acc 0.53
Saved model at models/724f7c53fb6549f094e118422788442c-epoch-1000.pt
reloading data
Correct solved pred: 1.00
correct_solved_preds: 88
Solved 88/200 episodes
Epoch 1100	 test acc 0.44
Saved model at models/724f7c53fb6549f094e118422788442c-epoch-1100.pt
reloading data
Correct solved pred: 1.00
correct_solved_preds: 100
Solved 100/200 episodes
Epoch 1200	 test acc 0.5
Saved model at models/724f7c53fb6549f094e118422788442c-epoch-1200.pt
reloading data
Correct solved pred: 1.00
correct_solved_preds: 106
Solved 106/200 episodes
Epoch 1300	 test acc 0.53
Saved model at models/724f7c53fb6549f094e118422788442c-epoch-1300.pt
reloading data
Correct solved pred: 1.00
correct_solved_preds: 118
Solved 118/200 episodes
Epoch 1400	 test acc 0.59
Saved model at models/724f7c53fb6549f094e118422788442c-epoch-1400.pt
reloading data
Correct solved pred: 1.00
correct_solved_preds: 108
Solved 108/200 episodes
Epoch 1500	 test acc 0.54
Saved model at models/724f7c53fb6549f094e118422788442c-epoch-1500.pt
reloading data
Correct solved pred: 0.99
correct_solved_preds: 102
Solved 103/200 episodes
Epoch 1600	 test acc 0.515
Saved model at models/724f7c53fb6549f094e118422788442c-epoch-1600.pt
reloading data
Correct solved pred: 1.00
correct_solved_preds: 114
Solved 114/200 episodes
Epoch 1700	 test acc 0.57
Saved model at models/724f7c53fb6549f094e118422788442c-epoch-1700.pt
reloading data
Correct solved pred: 1.00
correct_solved_preds: 120
Solved 120/200 episodes
Epoch 1800	 test acc 0.6
Saved model at models/724f7c53fb6549f094e118422788442c-epoch-1800.pt
reloading data
Correct solved pred: 1.00
correct_solved_preds: 95
Solved 95/200 episodes
Epoch 1900	 test acc 0.475
Saved model at models/724f7c53fb6549f094e118422788442c-epoch-1900.pt
Saved model at models/724f7c53fb6549f094e118422788442c.pt
Completed training in 158358.7 seconds
