Starting run:
05be48417bec416380ccfed3a44d9ecd
params: {'n': 5000, 'traj_updates': 10000000.0, 'num_saves': 4, 'num_tests': 20, 'num_test': 200, 'lr': 0.0008, 'batch_size': 20, 'b': 10, 'cc_pen': 1.0, 'abstract_pen': 0.0, 'model': 'cc', 'seed': 1, 'noise': 0.0, 'neptune': False, 'no_log': False, 'eval': False, 'abstract_dim': 32, 'device': 'NVIDIA GeForce GTX 1080 Ti', 'epochs': 2000, 'test_every': 100, 'save_every': 500, 'id': '05be48417bec416380ccfed3a44d9ecd'}
train
Net has 210100 parameters
Solved 1/200 episodes
Epoch 0	 test acc 0.005
reloading data
Solved 31/200 episodes
Epoch 100	 test acc 0.155
reloading data
Solved 57/200 episodes
Epoch 200	 test acc 0.285
reloading data
Solved 89/200 episodes
Epoch 300	 test acc 0.445
reloading data
Solved 130/200 episodes
Epoch 400	 test acc 0.65
reloading data
Solved 152/200 episodes
Epoch 500	 test acc 0.76
Saved model at models/05be48417bec416380ccfed3a44d9ecd-epoch-500.pt
reloading data
Solved 172/200 episodes
Epoch 600	 test acc 0.86
reloading data
Solved 179/200 episodes
Epoch 700	 test acc 0.895
reloading data
Solved 180/200 episodes
Epoch 800	 test acc 0.9
reloading data
Solved 188/200 episodes
Epoch 900	 test acc 0.94
reloading data
Solved 191/200 episodes
Epoch 1000	 test acc 0.955
Saved model at models/05be48417bec416380ccfed3a44d9ecd-epoch-1000.pt
reloading data
Solved 191/200 episodes
Epoch 1100	 test acc 0.955
reloading data
Solved 193/200 episodes
Epoch 1200	 test acc 0.965
reloading data
Solved 198/200 episodes
Epoch 1300	 test acc 0.99
reloading data
Solved 188/200 episodes
Epoch 1400	 test acc 0.94
reloading data
Solved 192/200 episodes
Epoch 1500	 test acc 0.96
Saved model at models/05be48417bec416380ccfed3a44d9ecd-epoch-1500.pt
reloading data
Solved 197/200 episodes
Epoch 1600	 test acc 0.985
reloading data
Solved 194/200 episodes
Epoch 1700	 test acc 0.97
reloading data
Solved 198/200 episodes
Epoch 1800	 test acc 0.99
reloading data
Solved 195/200 episodes
Epoch 1900	 test acc 0.975
Saved model at models/05be48417bec416380ccfed3a44d9ecd.pt
Completed training in 112233.8 seconds
