Starting run:
77e47259b3c24764bb127b74a9d900f4
params: {'n': 5000, 'traj_updates': 10000000.0, 'num_saves': 20, 'num_tests': 20, 'num_test': 200, 'lr': 0.0008, 'batch_size': 10, 'b': 10, 'cc_pen': 1.0, 'abstract_pen': 2.0, 'model': 'cc', 'seed': 1, 'noise': 0.0, 'neptune': False, 'no_log': False, 'eval': False, 'device': 'NVIDIA TITAN RTX', 'epochs': 2000, 'test_every': 100, 'save_every': 100, 'id': '77e47259b3c24764bb127b74a9d900f4'}
train
Net has 206996 parameters
Correct solved pred: 0.00
correct_solved_preds: 0
Solved 0/200 episodes
Epoch 0	 test acc 0.0
reloading data
Correct solved pred: 1.00
correct_solved_preds: 22
Solved 22/200 episodes
Epoch 100	 test acc 0.11
Saved model at models/77e47259b3c24764bb127b74a9d900f4-epoch-100.pt
reloading data
Correct solved pred: 1.00
correct_solved_preds: 38
Solved 38/200 episodes
Epoch 200	 test acc 0.19
Saved model at models/77e47259b3c24764bb127b74a9d900f4-epoch-200.pt
reloading data
Correct solved pred: 1.00
correct_solved_preds: 44
Solved 44/200 episodes
Epoch 300	 test acc 0.22
Saved model at models/77e47259b3c24764bb127b74a9d900f4-epoch-300.pt
reloading data
Correct solved pred: 1.00
correct_solved_preds: 59
Solved 59/200 episodes
Epoch 400	 test acc 0.295
Saved model at models/77e47259b3c24764bb127b74a9d900f4-epoch-400.pt
reloading data
Correct solved pred: 1.00
correct_solved_preds: 65
Solved 65/200 episodes
Epoch 500	 test acc 0.325
Saved model at models/77e47259b3c24764bb127b74a9d900f4-epoch-500.pt
reloading data
Correct solved pred: 1.00
correct_solved_preds: 77
Solved 77/200 episodes
Epoch 600	 test acc 0.385
Saved model at models/77e47259b3c24764bb127b74a9d900f4-epoch-600.pt
reloading data
Correct solved pred: 1.00
correct_solved_preds: 91
Solved 91/200 episodes
Epoch 700	 test acc 0.455
Saved model at models/77e47259b3c24764bb127b74a9d900f4-epoch-700.pt
reloading data
Correct solved pred: 1.00
correct_solved_preds: 85
Solved 85/200 episodes
Epoch 800	 test acc 0.425
Saved model at models/77e47259b3c24764bb127b74a9d900f4-epoch-800.pt
reloading data
Correct solved pred: 1.00
correct_solved_preds: 87
Solved 87/200 episodes
Epoch 900	 test acc 0.435
Saved model at models/77e47259b3c24764bb127b74a9d900f4-epoch-900.pt
reloading data
Correct solved pred: 1.00
correct_solved_preds: 95
Solved 95/200 episodes
Epoch 1000	 test acc 0.475
Saved model at models/77e47259b3c24764bb127b74a9d900f4-epoch-1000.pt
reloading data
Correct solved pred: 1.00
correct_solved_preds: 98
Solved 98/200 episodes
Epoch 1100	 test acc 0.49
Saved model at models/77e47259b3c24764bb127b74a9d900f4-epoch-1100.pt
reloading data
Correct solved pred: 1.00
correct_solved_preds: 92
Solved 92/200 episodes
Epoch 1200	 test acc 0.46
Saved model at models/77e47259b3c24764bb127b74a9d900f4-epoch-1200.pt
reloading data
Correct solved pred: 1.00
correct_solved_preds: 98
Solved 98/200 episodes
Epoch 1300	 test acc 0.49
Saved model at models/77e47259b3c24764bb127b74a9d900f4-epoch-1300.pt
reloading data
Correct solved pred: 1.00
correct_solved_preds: 99
Solved 99/200 episodes
Epoch 1400	 test acc 0.495
Saved model at models/77e47259b3c24764bb127b74a9d900f4-epoch-1400.pt
reloading data
Correct solved pred: 1.00
correct_solved_preds: 101
Solved 101/200 episodes
Epoch 1500	 test acc 0.505
Saved model at models/77e47259b3c24764bb127b74a9d900f4-epoch-1500.pt
reloading data
Correct solved pred: 1.00
correct_solved_preds: 105
Solved 105/200 episodes
Epoch 1600	 test acc 0.525
Saved model at models/77e47259b3c24764bb127b74a9d900f4-epoch-1600.pt
reloading data
Correct solved pred: 1.00
correct_solved_preds: 106
Solved 106/200 episodes
Epoch 1700	 test acc 0.53
Saved model at models/77e47259b3c24764bb127b74a9d900f4-epoch-1700.pt
reloading data
Correct solved pred: 1.00
correct_solved_preds: 72
Solved 72/200 episodes
Epoch 1800	 test acc 0.36
Saved model at models/77e47259b3c24764bb127b74a9d900f4-epoch-1800.pt
reloading data
Correct solved pred: 1.00
correct_solved_preds: 92
Solved 92/200 episodes
Epoch 1900	 test acc 0.46
Saved model at models/77e47259b3c24764bb127b74a9d900f4-epoch-1900.pt
Saved model at models/77e47259b3c24764bb127b74a9d900f4.pt
Completed training in 147533.5 seconds
