MODEL:	 hmm-homo
ABSTRACT_PEN:	 1.0
TAU_NOISE:	 0.0
Starting run:
d3cd1050bd5c469e875650c3f66323df
params: {'n': 5000, 'traj_updates': 10000000.0, 'num_saves': 4, 'num_tests': 20, 'num_test': 200, 'lr': 0.0008, 'batch_size': 32, 'b': 10, 'cc_pen': 1.0, 'abstract_pen': 1.0, 'model': 'hmm-homo', 'seed': 1, 'tau_noise': 0.0, 'neptune': False, 'no_log': False, 'eval': False, 'abstract_dim': 32, 'ellis': False, 'freeze': False, 'hidden_dim': 32, 'num_hidden': 2, 'device': 'NVIDIA TITAN Xp', 'epochs': 2000, 'test_every': 100, 'save_every': 500, 'id': 'd3cd1050bd5c469e875650c3f66323df'}
train
Net has 41898 parameters
Solved 0/200 episodes
Epoch 0	 test acc 0.0
reloading data
Solved 37/200 episodes
Epoch 100	 test acc 0.185
reloading data
Solved 33/200 episodes
Epoch 200	 test acc 0.165
reloading data
Solved 33/200 episodes
Epoch 300	 test acc 0.165
reloading data
Solved 33/200 episodes
Epoch 400	 test acc 0.165
reloading data
Solved 27/200 episodes
Epoch 500	 test acc 0.135
Saved model at models/d3cd1050bd5c469e875650c3f66323df-epoch-500.pt
reloading data
Solved 29/200 episodes
Epoch 600	 test acc 0.145
reloading data
Solved 40/200 episodes
Epoch 700	 test acc 0.2
reloading data
Solved 28/200 episodes
Epoch 800	 test acc 0.14
reloading data
Solved 28/200 episodes
Epoch 900	 test acc 0.14
reloading data
Solved 28/200 episodes
Epoch 1000	 test acc 0.14
Saved model at models/d3cd1050bd5c469e875650c3f66323df-epoch-1000.pt
reloading data
Solved 30/200 episodes
Epoch 1100	 test acc 0.15
reloading data
Solved 38/200 episodes
Epoch 1200	 test acc 0.19
reloading data
Solved 34/200 episodes
Epoch 1300	 test acc 0.17
reloading data
Solved 46/200 episodes
Epoch 1400	 test acc 0.23
reloading data
Solved 71/200 episodes
Epoch 1500	 test acc 0.355
Saved model at models/d3cd1050bd5c469e875650c3f66323df-epoch-1500.pt
reloading data
Solved 111/200 episodes
Epoch 1600	 test acc 0.555
reloading data
Solved 134/200 episodes
Epoch 1700	 test acc 0.67
reloading data
Solved 145/200 episodes
Epoch 1800	 test acc 0.725
reloading data
Solved 159/200 episodes
Epoch 1900	 test acc 0.795
Saved model at models/d3cd1050bd5c469e875650c3f66323df.pt
Completed training in 56355.0 seconds
MODEL: 	hmm-homo
ABSTRACT_PEN: 	1.0
TAU_NOISE: 	0.0
