Loaded model from models/e14b78d01cc548239ffd57286e59e819.pt
MODEL:	 cc
ABSTRACT_PEN:	 2.0
TAU_NOISE:	 0.0
Starting run:
0db83fe3c10547ee94b44d71e91f4864
params: {'n': 1, 'traj_updates': 10000.0, 'num_saves': 4, 'num_tests': 200, 'num_test': 1, 'lr': 0.0008, 'batch_size': 32, 'b': 10, 'model_load_path': 'models/e14b78d01cc548239ffd57286e59e819.pt', 'cc_pen': 1.0, 'abstract_pen': 2.0, 'model': 'cc', 'seed': 1, 'tau_noise': 0.0, 'neptune': False, 'no_log': False, 'eval': False, 'abstract_dim': 32, 'ellis': False, 'freeze': False, 'device': 'NVIDIA GeForce GTX 1080 Ti', 'epochs': 10000, 'test_every': 50, 'save_every': 2500, 'id': '0db83fe3c10547ee94b44d71e91f4864'}
train
Net has 206996 parameters
train_loss: 7.726783275604248
fixed test env
start probs: tensor([0.0460, 0.3509, 0.0022, 0.0155, 0.1190, 0.0056, 0.0355, 0.0020, 0.0035,
        0.4196], device='cuda:0', grad_fn=<ExpBackward0>)
options: [1, 1, 1, 1, 1, 1, 1, 1, 1, 1, 1, 1]
Solved 0/1 episodes
Epoch 0	 test acc 0.0
fixed test env
start probs: tensor([5.0881e-03, 4.4823e-03, 3.8317e-05, 2.4429e-03, 8.4299e-03, 1.0309e-04,
        1.9788e-03, 3.2811e-05, 6.5526e-04, 9.7675e-01], device='cuda:0',
       grad_fn=<ExpBackward0>)
cc_loss: 0.030810989439487457
cc_loss: 0.014852581545710564
options: [9, 9, 9, 9, 9, 9, 9, 9, 9, 9, 9, 9, 9, 9, 9, 9, 9, 9, 0, 0, 0, 0, 6, 6, 6, 6, 6, 6, 6, 6, 6]
Solved 1/1 episodes, CC loss avg = 0.016876454930752516
Epoch 50	 test acc 1.0
train_loss: 3.0426385402679443
fixed test env
start probs: tensor([2.5554e-03, 1.6287e-03, 9.8294e-06, 9.2135e-04, 3.1966e-03, 2.4489e-05,
        6.9777e-04, 7.5300e-06, 3.1197e-04, 9.9065e-01], device='cuda:0',
       grad_fn=<ExpBackward0>)
cc_loss: 0.013169785961508751
cc_loss: 0.007564958650618792
options: [9, 9, 9, 9, 9, 9, 9, 9, 9, 9, 9, 9, 9, 9, 9, 9, 9, 9, 0, 0, 0, 0, 6, 6, 6, 6, 6, 6, 6, 6, 6]
Solved 1/1 episodes, CC loss avg = 0.007578679050008456
Epoch 100	 test acc 1.0
fixed test env
start probs: tensor([4.7462e-04, 6.2804e-04, 1.5123e-06, 2.0796e-04, 8.6644e-04, 1.8421e-06,
        1.7977e-04, 9.6321e-07, 6.8772e-05, 9.9757e-01], device='cuda:0',
       grad_fn=<ExpBackward0>)
cc_loss: 0.00706507358700037
cc_loss: 0.0030821585096418858
options: [9, 9, 9, 9, 9, 9, 9, 9, 9, 9, 9, 9, 9, 9, 9, 9, 9, 9, 0, 0, 0, 0, 6, 6, 6, 6, 6, 6, 6, 6, 6]
Solved 1/1 episodes, CC loss avg = 0.0036617335475360355
Epoch 150	 test acc 1.0
train_loss: 3.009117841720581
fixed test env
start probs: tensor([2.2427e-04, 2.7906e-04, 6.2250e-07, 1.1527e-04, 5.5138e-04, 5.8930e-07,
        7.5820e-05, 3.7277e-07, 2.7443e-05, 9.9873e-01], device='cuda:0',
       grad_fn=<ExpBackward0>)
cc_loss: 0.003792018163949251
cc_loss: 0.001305081183090806
options: [9, 9, 9, 9, 9, 9, 9, 9, 9, 9, 9, 9, 9, 9, 9, 9, 9, 9, 0, 0, 0, 0, 6, 6, 6, 6, 6, 6, 6, 6, 6]
Solved 1/1 episodes, CC loss avg = 0.001752854111449172
Epoch 200	 test acc 1.0
fixed test env
start probs: tensor([8.9689e-05, 9.8243e-05, 1.9950e-07, 4.7408e-05, 2.6789e-04, 1.3570e-07,
        2.0934e-05, 9.3824e-08, 8.4801e-06, 9.9947e-01], device='cuda:0',
       grad_fn=<ExpBackward0>)
cc_loss: 0.0014046583091840148
cc_loss: 0.0005849929293617606
options: [9, 9, 9, 9, 9, 9, 9, 9, 9, 9, 9, 9, 9, 9, 9, 9, 9, 9, 0, 0, 0, 0, 5, 5, 5, 5, 5, 5, 5, 5, 5]
Solved 1/1 episodes, CC loss avg = 0.0008434466629599532
Epoch 250	 test acc 1.0
train_loss: 3.0029406547546387
fixed test env
start probs: tensor([6.9592e-05, 6.8402e-05, 1.2728e-07, 2.9837e-05, 1.6829e-04, 8.3928e-08,
        1.2796e-05, 5.2129e-08, 5.6935e-06, 9.9965e-01], device='cuda:0',
       grad_fn=<ExpBackward0>)
cc_loss: 0.0007216254016384482
cc_loss: 0.0002872878685593605
options: [9, 9, 9, 9, 9, 9, 9, 9, 9, 9, 9, 9, 9, 9, 9, 9, 9, 9, 0, 0, 0, 0, 6, 6, 6, 6, 6, 6, 6, 6, 6]
Solved 1/1 episodes, CC loss avg = 0.0003538343371474184
Epoch 300	 test acc 1.0
fixed test env
start probs: tensor([5.3907e-05, 3.2343e-05, 7.1912e-08, 1.6019e-05, 9.4326e-05, 4.3927e-08,
        6.5837e-06, 2.3480e-08, 3.0067e-06, 9.9979e-01], device='cuda:0',
       grad_fn=<ExpBackward0>)
cc_loss: 0.0004668762267101556
cc_loss: 0.00029561773408204317
options: [9, 9, 9, 9, 9, 9, 9, 9, 9, 9, 9, 9, 9, 9, 9, 9, 9, 9, 0, 0, 0, 0, 5, 5, 5, 5, 5, 5, 5, 5, 5]
Solved 1/1 episodes, CC loss avg = 0.0003067691917143141
Epoch 350	 test acc 1.0
train_loss: 3.001671314239502
fixed test env
start probs: tensor([3.3986e-05, 1.6280e-05, 3.5611e-08, 8.2600e-06, 5.5609e-05, 2.1397e-08,
        3.2659e-06, 9.8882e-09, 1.4246e-06, 9.9988e-01], device='cuda:0',
       grad_fn=<ExpBackward0>)
cc_loss: 0.0002494748041499406
cc_loss: 0.00012096596765331924
options: [9, 9, 9, 9, 9, 9, 9, 9, 9, 9, 9, 9, 9, 9, 9, 9, 9, 9, 0, 0, 0, 0, 6, 6, 6, 6, 6, 6, 6, 6, 6]
Solved 1/1 episodes, CC loss avg = 0.00013230505040458715
Epoch 400	 test acc 1.0
fixed test env
start probs: tensor([2.7853e-05, 1.1856e-05, 2.5002e-08, 5.8306e-06, 4.2866e-05, 1.5610e-08,
        2.4176e-06, 6.5092e-09, 9.4958e-07, 9.9991e-01], device='cuda:0',
       grad_fn=<ExpBackward0>)
cc_loss: 0.00014847787679173052
cc_loss: 8.421776146860793e-05
options: [9, 9, 9, 9, 9, 9, 9, 9, 9, 9, 9, 9, 9, 9, 9, 9, 9, 9, 0, 0, 0, 0, 6, 6, 6, 6, 6, 6, 6, 6, 6]
Solved 1/1 episodes, CC loss avg = 9.379452725018685e-05
Epoch 450	 test acc 1.0
train_loss: 3.0018396377563477
fixed test env
start probs: tensor([2.4352e-05, 9.2835e-06, 1.7547e-08, 4.2530e-06, 3.1267e-05, 1.1219e-08,
        1.8440e-06, 4.3801e-09, 6.7597e-07, 9.9993e-01], device='cuda:0',
       grad_fn=<ExpBackward0>)
cc_loss: 0.0003704151604324579
cc_loss: 0.00013025097723584622
options: [9, 9, 9, 9, 9, 9, 9, 9, 9, 9, 9, 9, 9, 9, 9, 9, 9, 9, 0, 0, 0, 0, 6, 6, 6, 6, 6, 6, 6, 6, 6]
Solved 1/1 episodes, CC loss avg = 0.00019272983384629092
Epoch 500	 test acc 1.0
fixed test env
start probs: tensor([2.0693e-05, 6.8465e-06, 1.2691e-08, 3.0048e-06, 2.3949e-05, 8.2150e-09,
        1.4197e-06, 2.9611e-09, 4.6616e-07, 9.9994e-01], device='cuda:0',
       grad_fn=<ExpBackward0>)
cc_loss: 2.8641796234296635e-05
cc_loss: 0.00010330435179639608
options: [9, 9, 9, 9, 9, 9, 9, 9, 9, 9, 9, 9, 9, 9, 9, 9, 9, 9, 0, 0, 0, 0, 5, 5, 5, 5, 5, 5, 5, 5, 5]
Solved 1/1 episodes, CC loss avg = 9.148064539961827e-05
Epoch 550	 test acc 1.0
train_loss: 3.001832962036133
fixed test env
start probs: tensor([1.5936e-05, 4.4087e-06, 8.0802e-09, 1.9493e-06, 1.6004e-05, 5.2400e-09,
        1.0123e-06, 1.6482e-09, 2.3326e-07, 9.9996e-01], device='cuda:0',
       grad_fn=<ExpBackward0>)
cc_loss: 5.45986185898073e-05
cc_loss: 6.248358840821311e-05
options: [9, 9, 9, 9, 9, 9, 9, 9, 9, 9, 9, 9, 9, 9, 9, 9, 9, 9, 0, 0, 0, 0, 6, 6, 6, 6, 6, 6, 6, 6, 6]
Solved 1/1 episodes, CC loss avg = 5.940890696365386e-05
Epoch 600	 test acc 1.0
fixed test env
start probs: tensor([1.5594e-05, 3.9954e-06, 6.8374e-09, 1.6788e-06, 1.3474e-05, 4.6586e-09,
        9.7626e-07, 1.3896e-09, 1.8727e-07, 9.9996e-01], device='cuda:0',
       grad_fn=<ExpBackward0>)
cc_loss: 6.894006946822628e-05
cc_loss: 6.110916729085147e-05
options: [9, 9, 9, 9, 9, 9, 9, 9, 9, 9, 9, 9, 9, 9, 9, 9, 9, 9, 0, 0, 0, 0, 6, 6, 6, 6, 6, 6, 6, 6, 6]
Solved 1/1 episodes, CC loss avg = 5.03216118280155e-05
Epoch 650	 test acc 1.0
train_loss: 3.0020089149475098
fixed test env
start probs: tensor([1.4268e-05, 3.4684e-06, 5.5674e-09, 1.4120e-06, 1.0758e-05, 3.9857e-09,
        9.3222e-07, 1.1352e-09, 1.4387e-07, 9.9997e-01], device='cuda:0',
       grad_fn=<ExpBackward0>)
cc_loss: 8.32391669973731e-05
cc_loss: 7.887301762821153e-05
options: [9, 9, 9, 9, 9, 9, 9, 9, 9, 9, 9, 9, 9, 9, 9, 9, 9, 9, 0, 0, 0, 0, 6, 6, 6, 6, 6, 6, 6, 6, 6]
Solved 1/1 episodes, CC loss avg = 6.913693141541444e-05
Epoch 700	 test acc 1.0
fixed test env
start probs: tensor([1.2633e-05, 2.7753e-06, 4.4865e-09, 1.0665e-06, 8.1314e-06, 3.2354e-09,
        8.6394e-07, 8.2959e-10, 9.2556e-08, 9.9997e-01], device='cuda:0',
       grad_fn=<ExpBackward0>)
cc_loss: 5.59980544494465e-05
cc_loss: 2.8070424377801828e-05
options: [9, 9, 9, 9, 9, 9, 9, 9, 9, 9, 9, 9, 9, 9, 9, 9, 9, 9, 0, 0, 0, 0, 6, 6, 6, 6, 6, 6, 6, 6, 6]
Solved 1/1 episodes, CC loss avg = 4.7936950068105944e-05
Epoch 750	 test acc 1.0
train_loss: 3.0015478134155273
fixed test env
start probs: tensor([1.0868e-05, 2.1557e-06, 3.4120e-09, 8.0317e-07, 5.9173e-06, 2.4832e-09,
        7.4167e-07, 5.8667e-10, 5.9297e-08, 9.9998e-01], device='cuda:0',
       grad_fn=<ExpBackward0>)
cc_loss: 3.623068914748728e-05
cc_loss: 3.8623034924967214e-05
options: [9, 9, 9, 9, 9, 9, 9, 9, 9, 9, 9, 9, 9, 9, 9, 9, 9, 9, 0, 0, 0, 0, 6, 6, 6, 6, 6, 6, 6, 6, 6]
Solved 1/1 episodes, CC loss avg = 2.8304737800984487e-05
Epoch 800	 test acc 1.0
fixed test env
start probs: tensor([9.2320e-06, 1.6227e-06, 2.5773e-09, 5.8745e-07, 4.3039e-06, 1.8738e-09,
        6.4554e-07, 4.0100e-10, 3.5692e-08, 9.9998e-01], device='cuda:0',
       grad_fn=<ExpBackward0>)
cc_loss: 1.5336745491367765e-05
cc_loss: 2.1774378183181398e-05
options: [9, 9, 9, 9, 9, 9, 9, 9, 9, 9, 9, 9, 9, 9, 9, 9, 9, 9, 0, 0, 0, 0, 6, 6, 6, 6, 6, 6, 6, 6, 6]
Solved 1/1 episodes, CC loss avg = 1.9211499117470037e-05
Epoch 850	 test acc 1.0
train_loss: 3.0009419918060303
fixed test env
start probs: tensor([9.5376e-06, 1.6386e-06, 2.5111e-09, 5.7107e-07, 4.1551e-06, 1.8871e-09,
        7.0015e-07, 4.0745e-10, 3.4615e-08, 9.9998e-01], device='cuda:0',
       grad_fn=<ExpBackward0>)
cc_loss: 3.5352015402168036e-05
cc_loss: 0.00019860154134221375
options: [9, 9, 9, 9, 9, 9, 9, 9, 9, 9, 9, 9, 9, 9, 9, 9, 9, 9, 0, 0, 0, 0, 6, 6, 6, 6, 6, 6, 6, 6, 6]
Solved 1/1 episodes, CC loss avg = 8.940677798818797e-05
Epoch 900	 test acc 1.0
fixed test env
start probs: tensor([8.3929e-06, 1.3569e-06, 2.1398e-09, 4.7078e-07, 3.3872e-06, 1.6200e-09,
        6.9508e-07, 3.2340e-10, 2.3656e-08, 9.9999e-01], device='cuda:0',
       grad_fn=<ExpBackward0>)
cc_loss: 0.00015576579608023167
cc_loss: 6.332871271297336e-05
options: [9, 9, 9, 9, 9, 9, 9, 9, 9, 9, 9, 9, 9, 9, 9, 9, 9, 9, 0, 0, 0, 0, 6, 6, 6, 6, 6, 6, 6, 6, 6]
Solved 1/1 episodes, CC loss avg = 7.903272004720445e-05
Epoch 950	 test acc 1.0
train_loss: 3.0015053749084473
fixed test env
start probs: tensor([8.4569e-06, 1.2569e-06, 1.9987e-09, 4.1859e-07, 3.0448e-06, 1.5363e-09,
        6.9250e-07, 2.9750e-10, 2.0867e-08, 9.9999e-01], device='cuda:0',
       grad_fn=<ExpBackward0>)
cc_loss: 5.027250881539658e-05
cc_loss: 3.206264955224469e-05
options: [9, 9, 9, 9, 9, 9, 9, 9, 9, 9, 9, 9, 9, 9, 9, 9, 9, 9, 0, 0, 0, 0, 6, 6, 6, 6, 6, 6, 6, 6, 6]
Solved 1/1 episodes, CC loss avg = 3.200088031007908e-05
Epoch 1000	 test acc 1.0
fixed test env
start probs: tensor([5.6001e-06, 6.9455e-07, 1.2543e-09, 2.5259e-07, 1.7222e-06, 9.2384e-10,
        5.1194e-07, 1.3852e-10, 7.7236e-09, 9.9999e-01], device='cuda:0',
       grad_fn=<ExpBackward0>)
cc_loss: 5.3708899940829724e-05
cc_loss: 5.100595444673672e-05
options: [9, 9, 9, 9, 9, 9, 9, 9, 9, 9, 9, 9, 9, 9, 9, 9, 9, 9, 0, 0, 0, 0, 6, 6, 6, 6, 6, 6, 6, 6, 6]
Solved 1/1 episodes, CC loss avg = 4.224546986127583e-05
Epoch 1050	 test acc 1.0
train_loss: 3.0010178089141846
fixed test env
start probs: tensor([6.8995e-06, 9.2657e-07, 1.4676e-09, 3.0060e-07, 2.1561e-06, 1.1543e-09,
        6.1130e-07, 2.0149e-10, 1.2749e-08, 9.9999e-01], device='cuda:0',
       grad_fn=<ExpBackward0>)
cc_loss: 6.361483974615112e-05
cc_loss: 3.639238275354728e-05
options: [9, 9, 9, 9, 9, 9, 9, 9, 9, 9, 9, 9, 9, 9, 9, 9, 9, 9, 0, 0, 0, 0, 6, 6, 6, 6, 6, 6, 6, 6, 6]
Solved 1/1 episodes, CC loss avg = 4.211319173919037e-05
Epoch 1100	 test acc 1.0
fixed test env
start probs: tensor([6.2020e-06, 7.7682e-07, 1.2752e-09, 2.5093e-07, 1.7919e-06, 1.0143e-09,
        5.7834e-07, 1.6249e-10, 9.4412e-09, 9.9999e-01], device='cuda:0',
       grad_fn=<ExpBackward0>)
cc_loss: 3.289619053248316e-05
cc_loss: 7.143744005588815e-05
options: [9, 9, 9, 9, 9, 9, 9, 9, 9, 9, 9, 9, 9, 9, 9, 9, 9, 9, 0, 0, 0, 0, 5, 5, 5, 5, 5, 5, 5, 5, 5]
Solved 1/1 episodes, CC loss avg = 5.596610329424342e-05
Epoch 1150	 test acc 1.0
train_loss: 3.001314878463745
fixed test env
start probs: tensor([7.2729e-06, 9.5784e-07, 1.4264e-09, 2.7908e-07, 2.0644e-06, 1.1993e-09,
        6.4940e-07, 2.1130e-10, 1.3680e-08, 9.9999e-01], device='cuda:0',
       grad_fn=<ExpBackward0>)
cc_loss: 2.848922486009542e-05
cc_loss: 1.0071630640595686e-05
options: [9, 9, 9, 9, 9, 9, 9, 9, 9, 9, 9, 9, 9, 9, 9, 9, 9, 9, 0, 0, 0, 0, 6, 6, 6, 6, 6, 6, 6, 6, 6]
Solved 1/1 episodes, CC loss avg = 1.7904071379840996e-05
Epoch 1200	 test acc 1.0
fixed test env
start probs: tensor([5.9407e-06, 7.4319e-07, 1.1569e-09, 2.1187e-07, 1.5695e-06, 9.6368e-10,
        5.7137e-07, 1.5196e-10, 8.6573e-09, 9.9999e-01], device='cuda:0',
       grad_fn=<ExpBackward0>)
cc_loss: 4.2045074224006385e-05
cc_loss: 4.857704698224552e-05
options: [9, 9, 9, 9, 9, 9, 9, 9, 9, 9, 9, 9, 9, 9, 9, 9, 9, 9, 0, 0, 0, 0, 6, 6, 6, 6, 6, 6, 6, 6, 6]
Solved 1/1 episodes, CC loss avg = 3.375929009052925e-05
Epoch 1250	 test acc 1.0
train_loss: 3.0008444786071777
fixed test env
start probs: tensor([6.3832e-06, 8.0680e-07, 1.1826e-09, 2.1963e-07, 1.6351e-06, 1.0161e-09,
        6.2541e-07, 1.7016e-10, 1.0155e-08, 9.9999e-01], device='cuda:0',
       grad_fn=<ExpBackward0>)
cc_loss: 6.233369640540332e-05
cc_loss: 4.201159754302353e-05
options: [9, 9, 9, 9, 9, 9, 9, 9, 9, 9, 9, 9, 9, 9, 9, 9, 9, 9, 0, 0, 0, 0, 6, 6, 6, 6, 6, 6, 6, 6, 6]
Solved 1/1 episodes, CC loss avg = 3.995711934597542e-05
Epoch 1300	 test acc 1.0
fixed test env
start probs: tensor([5.5424e-06, 6.7279e-07, 9.9902e-10, 1.8061e-07, 1.3588e-06, 8.5175e-10,
        5.7313e-07, 1.3442e-10, 7.4785e-09, 9.9999e-01], device='cuda:0',
       grad_fn=<ExpBackward0>)
cc_loss: 0.0001938242930918932
cc_loss: 8.168138447217643e-05
options: [9, 9, 9, 9, 9, 9, 9, 9, 9, 9, 9, 9, 9, 9, 9, 9, 9, 9, 0, 0, 0, 0, 6, 6, 6, 6, 6, 6, 6, 6, 6]
Solved 1/1 episodes, CC loss avg = 9.759109768007572e-05
Epoch 1350	 test acc 1.0
train_loss: 3.0017778873443604
fixed test env
start probs: tensor([5.0154e-06, 5.9030e-07, 9.0141e-10, 1.5572e-07, 1.1625e-06, 7.7100e-10,
        5.4417e-07, 1.1446e-10, 5.9494e-09, 9.9999e-01], device='cuda:0',
       grad_fn=<ExpBackward0>)
cc_loss: 3.884817488142289e-05
cc_loss: 5.1522674766601995e-05
options: [9, 9, 9, 9, 9, 9, 9, 9, 9, 9, 9, 9, 9, 9, 9, 9, 9, 9, 0, 0, 0, 0, 6, 6, 6, 6, 6, 6, 6, 6, 6]
Solved 1/1 episodes, CC loss avg = 3.611389911384322e-05
Epoch 1400	 test acc 1.0
fixed test env
start probs: tensor([5.1436e-06, 6.8037e-07, 9.4910e-10, 1.6711e-07, 1.2533e-06, 8.6468e-10,
        6.0122e-07, 1.3659e-10, 7.6439e-09, 9.9999e-01], device='cuda:0',
       grad_fn=<ExpBackward0>)
cc_loss: 9.165750816464424e-05
cc_loss: 3.33768839482218e-05
options: [9, 9, 9, 9, 9, 9, 9, 9, 9, 9, 9, 9, 9, 9, 9, 9, 9, 9, 0, 0, 0, 0, 6, 6, 6, 6, 6, 6, 6, 6, 6]
Solved 1/1 episodes, CC loss avg = 4.802321685322871e-05
Epoch 1450	 test acc 1.0
train_loss: 3.001612663269043
fixed test env
start probs: tensor([5.1029e-06, 6.4123e-07, 8.9052e-10, 1.5631e-07, 1.1673e-06, 8.2343e-10,
        5.9685e-07, 1.2971e-10, 7.3332e-09, 9.9999e-01], device='cuda:0',
       grad_fn=<ExpBackward0>)
cc_loss: 5.9404126659501344e-05
cc_loss: 4.2032439523609355e-05
options: [9, 9, 9, 9, 9, 9, 9, 9, 9, 9, 9, 9, 9, 9, 9, 9, 9, 9, 0, 0, 0, 0, 6, 6, 6, 6, 6, 6, 6, 6, 6]
Solved 1/1 episodes, CC loss avg = 3.5942999905576776e-05
Epoch 1500	 test acc 1.0
fixed test env
start probs: tensor([4.7851e-06, 5.7097e-07, 8.0592e-10, 1.3546e-07, 1.0292e-06, 7.4921e-10,
        5.5866e-07, 1.1259e-10, 6.1816e-09, 9.9999e-01], device='cuda:0',
       grad_fn=<ExpBackward0>)
cc_loss: 0.00013524442329071462
cc_loss: 0.00015301775420084596
options: [9, 9, 9, 9, 9, 9, 9, 9, 9, 9, 9, 9, 9, 9, 9, 9, 9, 9, 0, 0, 0, 0, 6, 6, 6, 6, 6, 6, 6, 6, 6]
Solved 1/1 episodes, CC loss avg = 0.0001000881663154966
Epoch 1550	 test acc 1.0
train_loss: 3.0017848014831543
fixed test env
start probs: tensor([4.2466e-06, 4.9097e-07, 7.0180e-10, 1.1457e-07, 8.7977e-07, 6.5542e-10,
        5.1477e-07, 9.4054e-11, 4.9612e-09, 9.9999e-01], device='cuda:0',
       grad_fn=<ExpBackward0>)
cc_loss: 5.562792648561299e-05
cc_loss: 3.432430457905866e-05
options: [9, 9, 9, 9, 9, 9, 9, 9, 9, 9, 9, 9, 9, 9, 9, 9, 9, 9, 0, 0, 0, 0, 6, 6, 6, 6, 6, 6, 6, 6, 6]
Solved 1/1 episodes, CC loss avg = 3.425534729710004e-05
Epoch 1600	 test acc 1.0
fixed test env
start probs: tensor([4.3875e-06, 5.6298e-07, 7.3180e-10, 1.2681e-07, 9.5028e-07, 7.3614e-10,
        5.6165e-07, 1.1338e-10, 6.7069e-09, 9.9999e-01], device='cuda:0',
       grad_fn=<ExpBackward0>)
cc_loss: 3.9004473364911973e-05
cc_loss: 9.118406160268933e-05
options: [9, 9, 9, 9, 9, 9, 9, 9, 9, 9, 9, 9, 9, 9, 9, 9, 9, 9, 0, 0, 0, 0, 6, 6, 6, 6, 6, 6, 6, 6, 6]
Solved 1/1 episodes, CC loss avg = 5.1413100663921796e-05
Epoch 1650	 test acc 1.0
train_loss: 3.001002788543701
fixed test env
start probs: tensor([3.4339e-06, 3.8795e-07, 5.6279e-10, 8.6659e-08, 6.6496e-07, 5.3641e-10,
        4.5440e-07, 7.1374e-11, 3.4818e-09, 9.9999e-01], device='cuda:0',
       grad_fn=<ExpBackward0>)
cc_loss: 0.00010058362386189401
cc_loss: 4.9554608267499134e-05
options: [9, 9, 9, 9, 9, 9, 9, 9, 9, 9, 9, 9, 9, 9, 9, 9, 9, 9, 0, 0, 0, 0, 6, 6, 6, 6, 6, 6, 6, 6, 6]
Solved 1/1 episodes, CC loss avg = 5.987498116155621e-05
Epoch 1700	 test acc 1.0
fixed test env
start probs: tensor([2.9896e-06, 3.2896e-07, 5.0187e-10, 7.2129e-08, 5.5466e-07, 4.7675e-10,
        4.2842e-07, 5.8520e-11, 2.6091e-09, 1.0000e+00], device='cuda:0',
       grad_fn=<ExpBackward0>)
cc_loss: 3.527410444803536e-05
cc_loss: 3.970110628870316e-05
options: [9, 9, 9, 9, 9, 9, 9, 9, 9, 9, 9, 9, 9, 9, 9, 9, 9, 9, 0, 0, 0, 0, 6, 6, 6, 6, 6, 6, 6, 6, 6]
Solved 1/1 episodes, CC loss avg = 3.701780466750885e-05
Epoch 1750	 test acc 1.0
train_loss: 3.002608299255371
fixed test env
start probs: tensor([3.4858e-06, 4.2713e-07, 5.4516e-10, 9.3832e-08, 7.0808e-07, 5.7380e-10,
        5.0749e-07, 8.3978e-11, 4.8138e-09, 9.9999e-01], device='cuda:0',
       grad_fn=<ExpBackward0>)
cc_loss: 0.0007303225575014949
cc_loss: 0.000324604770867154
options: [9, 9, 9, 9, 9, 9, 9, 9, 9, 9, 9, 9, 9, 9, 9, 9, 9, 9, 0, 0, 0, 0, 6, 6, 6, 6, 6, 6, 6, 6, 6]
Solved 1/1 episodes, CC loss avg = 0.0003722232868312858
Epoch 1800	 test acc 1.0
fixed test env
start probs: tensor([3.9071e-06, 5.5216e-07, 6.6058e-10, 1.1086e-07, 8.4782e-07, 7.4993e-10,
        6.3315e-07, 1.1747e-10, 7.3966e-09, 9.9999e-01], device='cuda:0',
       grad_fn=<ExpBackward0>)
cc_loss: 2.3178021365310997e-05
cc_loss: 3.8617443351540715e-05
options: [9, 9, 9, 9, 9, 9, 9, 9, 9, 9, 9, 9, 9, 9, 9, 9, 9, 9, 0, 0, 0, 0, 6, 6, 6, 6, 6, 6, 6, 6, 6]
Solved 1/1 episodes, CC loss avg = 2.351647344767116e-05
Epoch 1850	 test acc 1.0
train_loss: 3.0005578994750977
fixed test env
start probs: tensor([3.1729e-06, 4.0429e-07, 5.0934e-10, 8.5644e-08, 6.3537e-07, 5.5713e-10,
        5.5463e-07, 8.1968e-11, 4.5372e-09, 1.0000e+00], device='cuda:0',
       grad_fn=<ExpBackward0>)
cc_loss: 6.03644730290398e-05
cc_loss: 9.250012953998521e-05
options: [9, 9, 9, 9, 9, 9, 9, 9, 9, 9, 9, 9, 9, 9, 9, 9, 9, 9, 0, 0, 0, 0, 6, 6, 6, 6, 6, 6, 6, 6, 6]
Solved 1/1 episodes, CC loss avg = 6.117380568563628e-05
Epoch 1900	 test acc 1.0
fixed test env
start probs: tensor([2.7414e-06, 3.3781e-07, 4.5290e-10, 6.8110e-08, 5.1179e-07, 4.8651e-10,
        5.1318e-07, 6.5554e-11, 3.1870e-09, 1.0000e+00], device='cuda:0',
       grad_fn=<ExpBackward0>)
cc_loss: 0.00010316506086383015
cc_loss: 5.148095078766346e-05
options: [9, 9, 9, 9, 9, 9, 9, 9, 9, 9, 9, 9, 9, 9, 9, 9, 9, 9, 0, 0, 0, 0, 6, 6, 6, 6, 6, 6, 6, 6, 6]
Solved 1/1 episodes, CC loss avg = 5.515394332178403e-05
Epoch 1950	 test acc 1.0
train_loss: 3.0016493797302246
fixed test env
start probs: tensor([2.6627e-06, 3.2144e-07, 4.2355e-10, 6.5023e-08, 4.8617e-07, 4.6922e-10,
        5.1068e-07, 6.3119e-11, 3.1507e-09, 1.0000e+00], device='cuda:0',
       grad_fn=<ExpBackward0>)
cc_loss: 0.0001313074753852561
cc_loss: 0.00010252819629386067
options: [9, 9, 9, 9, 9, 9, 9, 9, 9, 9, 9, 9, 9, 9, 9, 9, 9, 9, 0, 0, 0, 0, 6, 6, 6, 6, 6, 6, 6, 6, 6]
Solved 1/1 episodes, CC loss avg = 8.721051017346326e-05
Epoch 2000	 test acc 1.0
fixed test env
start probs: tensor([2.5634e-06, 2.9299e-07, 4.0068e-10, 5.8023e-08, 4.3963e-07, 4.4341e-10,
        5.0228e-07, 5.7227e-11, 2.7189e-09, 1.0000e+00], device='cuda:0',
       grad_fn=<ExpBackward0>)
cc_loss: 1.6056619642768055e-05
cc_loss: 3.5268367355456576e-05
options: [9, 9, 9, 9, 9, 9, 9, 9, 9, 9, 9, 9, 9, 9, 9, 9, 9, 9, 0, 0, 0, 0, 6, 6, 6, 6, 6, 6, 6, 6, 6]
Solved 1/1 episodes, CC loss avg = 2.3679581014827516e-05
Epoch 2050	 test acc 1.0
train_loss: 3.0018019676208496
fixed test env
start probs: tensor([2.3982e-06, 2.6800e-07, 3.7744e-10, 5.1207e-08, 3.9572e-07, 4.1830e-10,
        4.9035e-07, 5.1399e-11, 2.3106e-09, 1.0000e+00], device='cuda:0',
       grad_fn=<ExpBackward0>)
cc_loss: 4.2594070691848174e-05
cc_loss: 3.390333949937485e-05
options: [9, 9, 9, 9, 9, 9, 9, 9, 9, 9, 9, 9, 9, 9, 9, 9, 9, 9, 0, 0, 0, 0, 6, 6, 6, 6, 6, 6, 6, 6, 6]
Solved 1/1 episodes, CC loss avg = 3.666420767937476e-05
Epoch 2100	 test acc 1.0
fixed test env
start probs: tensor([2.3076e-06, 2.3504e-07, 3.4239e-10, 4.4311e-08, 3.4737e-07, 3.7020e-10,
        4.6762e-07, 4.3801e-11, 1.8588e-09, 1.0000e+00], device='cuda:0',
       grad_fn=<ExpBackward0>)
cc_loss: 0.0002466089208610356
cc_loss: 0.0001386872900184244
options: [9, 9, 9, 9, 9, 9, 9, 9, 9, 9, 9, 9, 9, 9, 9, 9, 9, 9, 0, 0, 0, 0, 6, 6, 6, 6, 6, 6, 6, 6, 6]
Solved 1/1 episodes, CC loss avg = 0.00013762132099752003
Epoch 2150	 test acc 1.0
train_loss: 3.001070976257324
fixed test env
start probs: tensor([2.3731e-06, 2.3681e-07, 3.4916e-10, 4.4213e-08, 3.4439e-07, 3.8853e-10,
        4.9102e-07, 4.6129e-11, 1.9804e-09, 1.0000e+00], device='cuda:0',
       grad_fn=<ExpBackward0>)
cc_loss: 3.2095646020025015e-05
cc_loss: 7.351714157266542e-05
options: [9, 9, 9, 9, 9, 9, 9, 9, 9, 9, 9, 9, 9, 9, 9, 9, 9, 9, 0, 0, 0, 0, 6, 6, 6, 6, 6, 6, 6, 6, 6]
Solved 1/1 episodes, CC loss avg = 5.2030197063383334e-05
Epoch 2200	 test acc 1.0
fixed test env
start probs: tensor([2.1800e-06, 2.1442e-07, 3.1662e-10, 3.8833e-08, 3.0773e-07, 3.5337e-10,
        4.6252e-07, 4.0654e-11, 1.7088e-09, 1.0000e+00], device='cuda:0',
       grad_fn=<ExpBackward0>)
cc_loss: 4.522519884631038e-05
cc_loss: 3.8585509173572063e-05
options: [9, 9, 9, 9, 9, 9, 9, 9, 9, 9, 9, 9, 9, 9, 9, 9, 9, 9, 0, 0, 0, 0, 6, 6, 6, 6, 6, 6, 6, 6, 6]
Solved 1/1 episodes, CC loss avg = 3.4305950975976884e-05
Epoch 2250	 test acc 1.0
train_loss: 3.0013113021850586
fixed test env
start probs: tensor([1.8813e-06, 1.7006e-07, 2.7156e-10, 2.9895e-08, 2.4426e-07, 2.8979e-10,
        4.1464e-07, 3.0325e-11, 1.1096e-09, 1.0000e+00], device='cuda:0',
       grad_fn=<ExpBackward0>)
cc_loss: 3.06588044622913e-05
cc_loss: 1.503883413533913e-05
options: [9, 9, 9, 9, 9, 9, 9, 9, 9, 9, 9, 9, 9, 9, 9, 9, 9, 9, 0, 0, 0, 0, 6, 6, 6, 6, 6, 6, 6, 6, 6]
Solved 1/1 episodes, CC loss avg = 2.239137726670985e-05
Epoch 2300	 test acc 1.0
fixed test env
start probs: tensor([2.1679e-06, 2.0471e-07, 3.0858e-10, 3.5279e-08, 2.8568e-07, 3.5081e-10,
        4.8211e-07, 3.9185e-11, 1.5953e-09, 1.0000e+00], device='cuda:0',
       grad_fn=<ExpBackward0>)
cc_loss: 2.7865698939422145e-05
cc_loss: 5.497095480677672e-05
options: [9, 9, 9, 9, 9, 9, 9, 9, 9, 9, 9, 9, 9, 9, 9, 9, 9, 9, 0, 0, 0, 0, 6, 6, 6, 6, 6, 6, 6, 6, 6]
Solved 1/1 episodes, CC loss avg = 3.7610854633385316e-05
Epoch 2350	 test acc 1.0
train_loss: 3.001127004623413
fixed test env
start probs: tensor([2.1992e-06, 2.0281e-07, 3.0488e-10, 3.4155e-08, 2.8223e-07, 3.5217e-10,
        4.9062e-07, 3.9297e-11, 1.6498e-09, 1.0000e+00], device='cuda:0',
       grad_fn=<ExpBackward0>)
cc_loss: 2.978578777401708e-05
cc_loss: 3.641248986241408e-05
options: [9, 9, 9, 9, 9, 9, 9, 9, 9, 9, 9, 9, 9, 9, 9, 9, 9, 9, 0, 0, 0, 0, 6, 6, 6, 6, 6, 6, 6, 6, 6]
Solved 1/1 episodes, CC loss avg = 3.606167229008861e-05
Epoch 2400	 test acc 1.0
fixed test env
start probs: tensor([2.3533e-06, 2.0900e-07, 2.9279e-10, 3.7463e-08, 2.9781e-07, 3.5274e-10,
        5.0993e-07, 4.2717e-11, 2.0598e-09, 1.0000e+00], device='cuda:0',
       grad_fn=<ExpBackward0>)
cc_loss: 6.879313150420785e-05
cc_loss: 5.857687210664153e-05
options: [9, 9, 9, 9, 9, 9, 9, 9, 9, 9, 9, 9, 9, 9, 9, 9, 9, 9, 0, 0, 0, 0, 6, 6, 6, 6, 6, 6, 6, 6, 6]
Solved 1/1 episodes, CC loss avg = 5.348250124370679e-05
Epoch 2450	 test acc 1.0
train_loss: 3.001345634460449
fixed test env
start probs: tensor([1.9064e-06, 1.6348e-07, 2.4660e-10, 2.7639e-08, 2.2504e-07, 2.8137e-10,
        4.5088e-07, 3.0705e-11, 1.2359e-09, 1.0000e+00], device='cuda:0',
       grad_fn=<ExpBackward0>)
cc_loss: 0.00012087111826986074
cc_loss: 5.554496601689607e-05
options: [9, 9, 9, 9, 9, 9, 9, 9, 9, 9, 9, 9, 9, 9, 9, 9, 9, 9, 0, 0, 0, 0, 6, 6, 6, 6, 6, 6, 6, 6, 6]
Solved 1/1 episodes, CC loss avg = 7.564696958676602e-05
Epoch 2500	 test acc 1.0
Saved model at models/0db83fe3c10547ee94b44d71e91f4864-epoch-2500.pt
fixed test env
start probs: tensor([1.6493e-06, 1.4730e-07, 2.1354e-10, 2.4154e-08, 2.0446e-07, 2.5152e-10,
        4.0232e-07, 2.6783e-11, 1.1353e-09, 1.0000e+00], device='cuda:0',
       grad_fn=<ExpBackward0>)
cc_loss: 9.001010766951367e-06
cc_loss: 1.837976014940068e-05
options: [9, 9, 9, 9, 9, 9, 9, 9, 9, 9, 9, 9, 9, 9, 9, 9, 9, 9, 0, 0, 0, 0, 6, 6, 6, 6, 6, 6, 6, 6, 6]
Solved 1/1 episodes, CC loss avg = 1.433344671871358e-05
Epoch 2550	 test acc 1.0
train_loss: 3.0008420944213867
fixed test env
start probs: tensor([1.6371e-06, 1.4532e-07, 2.0708e-10, 2.3592e-08, 2.0033e-07, 2.4974e-10,
        4.0514e-07, 2.6721e-11, 1.1656e-09, 1.0000e+00], device='cuda:0',
       grad_fn=<ExpBackward0>)
cc_loss: 6.106532964622602e-05
cc_loss: 3.544670471455902e-05
options: [9, 9, 9, 9, 9, 9, 9, 9, 9, 9, 9, 9, 9, 9, 9, 9, 9, 9, 0, 0, 0, 0, 6, 6, 6, 6, 6, 6, 6, 6, 6]
Solved 1/1 episodes, CC loss avg = 3.626571712326646e-05
Epoch 2600	 test acc 1.0
fixed test env
start probs: tensor([1.4400e-06, 1.2805e-07, 1.8523e-10, 1.9921e-08, 1.7279e-07, 2.2351e-10,
        3.7589e-07, 2.2690e-11, 9.4075e-10, 1.0000e+00], device='cuda:0',
       grad_fn=<ExpBackward0>)
cc_loss: 4.7487956180702895e-05
cc_loss: 5.742433131672442e-05
options: [9, 9, 9, 9, 9, 9, 9, 9, 9, 9, 9, 9, 9, 9, 9, 9, 9, 9, 0, 0, 0, 0, 6, 6, 6, 6, 6, 6, 6, 6, 6]
Solved 1/1 episodes, CC loss avg = 4.921217744898362e-05
Epoch 2650	 test acc 1.0
train_loss: 3.0019123554229736
fixed test env
start probs: tensor([1.3384e-06, 1.1982e-07, 1.7323e-10, 1.8563e-08, 1.6108e-07, 2.1136e-10,
        3.7103e-07, 2.1246e-11, 8.6103e-10, 1.0000e+00], device='cuda:0',
       grad_fn=<ExpBackward0>)
cc_loss: 3.3569194783922285e-05
cc_loss: 2.28114404308144e-05
options: [9, 9, 9, 9, 9, 9, 9, 9, 9, 9, 9, 9, 9, 9, 9, 9, 9, 9, 0, 0, 0, 0, 6, 6, 6, 6, 6, 6, 6, 6, 6]
Solved 1/1 episodes, CC loss avg = 2.593759078687678e-05
Epoch 2700	 test acc 1.0
fixed test env
start probs: tensor([1.2779e-06, 1.1237e-07, 1.5866e-10, 1.7312e-08, 1.5161e-07, 1.9574e-10,
        3.5981e-07, 1.9635e-11, 8.1081e-10, 1.0000e+00], device='cuda:0',
       grad_fn=<ExpBackward0>)
cc_loss: 4.2430165194673464e-05
cc_loss: 3.580164775485173e-05
options: [9, 9, 9, 9, 9, 9, 9, 9, 9, 9, 9, 9, 9, 9, 9, 9, 9, 9, 0, 0, 0, 0, 6, 6, 6, 6, 6, 6, 6, 6, 6]
Solved 1/1 episodes, CC loss avg = 2.9633569283760153e-05
Epoch 2750	 test acc 1.0
train_loss: 3.0012245178222656
fixed test env
start probs: tensor([1.2568e-06, 1.1181e-07, 1.6050e-10, 1.6480e-08, 1.4699e-07, 2.0322e-10,
        3.6499e-07, 1.9836e-11, 8.2116e-10, 1.0000e+00], device='cuda:0',
       grad_fn=<ExpBackward0>)
cc_loss: 1.9539624190656468e-05
cc_loss: 2.5540028218529187e-05
options: [9, 9, 9, 9, 9, 9, 9, 9, 9, 9, 9, 9, 9, 9, 9, 9, 9, 9, 0, 0, 0, 0, 6, 6, 6, 6, 6, 6, 6, 6, 6]
Solved 1/1 episodes, CC loss avg = 1.8022839867626317e-05
Epoch 2800	 test acc 1.0
fixed test env
start probs: tensor([1.1844e-06, 1.0638e-07, 1.4747e-10, 1.5333e-08, 1.3877e-07, 1.8844e-10,
        3.5132e-07, 1.8528e-11, 7.9394e-10, 1.0000e+00], device='cuda:0',
       grad_fn=<ExpBackward0>)
cc_loss: 1.4734613614564296e-05
cc_loss: 1.5184550647973083e-05
options: [9, 9, 9, 9, 9, 9, 9, 9, 9, 9, 9, 9, 9, 9, 9, 9, 9, 9, 0, 0, 0, 0, 6, 6, 6, 6, 6, 6, 6, 6, 6]
Solved 1/1 episodes, CC loss avg = 2.0522788266437903e-05
Epoch 2850	 test acc 1.0
train_loss: 3.00162410736084
fixed test env
start probs: tensor([9.9714e-07, 1.0061e-07, 1.3864e-10, 1.3797e-08, 1.2242e-07, 1.8238e-10,
        3.4407e-07, 1.7311e-11, 6.9106e-10, 1.0000e+00], device='cuda:0',
       grad_fn=<ExpBackward0>)
cc_loss: 0.00041087582940235734
cc_loss: 0.00021804150310344994
options: [9, 9, 9, 9, 9, 9, 9, 9, 9, 9, 9, 9, 9, 9, 9, 9, 9, 9, 0, 0, 0, 0, 6, 6, 6, 6, 6, 6, 6, 6, 6]
Solved 1/1 episodes, CC loss avg = 0.00023017337904699767
Epoch 2900	 test acc 1.0
fixed test env
start probs: tensor([1.1172e-06, 1.3008e-07, 1.6916e-10, 1.6135e-08, 1.4904e-07, 2.4075e-10,
        3.9287e-07, 2.3862e-11, 1.0937e-09, 1.0000e+00], device='cuda:0',
       grad_fn=<ExpBackward0>)
cc_loss: 0.00010543649841565639
cc_loss: 3.348001337144524e-05
options: [9, 9, 9, 9, 9, 9, 9, 9, 9, 9, 9, 9, 9, 9, 9, 9, 9, 9, 0, 0, 0, 0, 6, 6, 6, 6, 6, 6, 6, 6, 6]
Solved 1/1 episodes, CC loss avg = 5.568616203769731e-05
Epoch 2950	 test acc 1.0
train_loss: 3.0009925365448
fixed test env
start probs: tensor([1.4399e-06, 1.7012e-07, 2.2559e-10, 1.9593e-08, 1.8325e-07, 3.4181e-10,
        4.9326e-07, 3.4846e-11, 1.7271e-09, 1.0000e+00], device='cuda:0',
       grad_fn=<ExpBackward0>)
cc_loss: 7.66079465392977e-05
cc_loss: 5.115800377097912e-06
options: [9, 9, 9, 9, 9, 9, 9, 9, 9, 9, 9, 9, 9, 9, 9, 9, 9, 9, 0, 0, 0, 0, 6, 6, 6, 6, 6, 6, 6, 6, 6]
Solved 1/1 episodes, CC loss avg = 4.0434263913387745e-05
Epoch 3000	 test acc 1.0
fixed test env
start probs: tensor([1.0547e-06, 1.0989e-07, 1.4542e-10, 1.4388e-08, 1.2923e-07, 2.1476e-10,
        3.8797e-07, 2.1120e-11, 9.9742e-10, 1.0000e+00], device='cuda:0',
       grad_fn=<ExpBackward0>)
cc_loss: 7.717771222814918e-05
cc_loss: 4.713417365564965e-05
options: [9, 9, 9, 9, 9, 9, 9, 9, 9, 9, 9, 9, 9, 9, 9, 9, 9, 9, 0, 0, 0, 0, 6, 6, 6, 6, 6, 6, 6, 6, 6]
Solved 1/1 episodes, CC loss avg = 5.848306197246226e-05
Epoch 3050	 test acc 1.0
train_loss: 3.0006141662597656
fixed test env
start probs: tensor([1.0498e-06, 1.1087e-07, 1.5558e-10, 1.3221e-08, 1.2281e-07, 2.2928e-10,
        4.0120e-07, 2.1339e-11, 9.3980e-10, 1.0000e+00], device='cuda:0',
       grad_fn=<ExpBackward0>)
cc_loss: 2.1125155399204232e-05
cc_loss: 2.5454064598307014e-05
options: [9, 9, 9, 9, 9, 9, 9, 9, 9, 9, 9, 9, 9, 9, 9, 9, 9, 9, 0, 0, 0, 0, 6, 6, 6, 6, 6, 6, 6, 6, 6]
Solved 1/1 episodes, CC loss avg = 2.3320587691462908e-05
Epoch 3100	 test acc 1.0
fixed test env
start probs: tensor([8.7859e-07, 8.8920e-08, 1.3007e-10, 1.0571e-08, 9.9036e-08, 1.8893e-10,
        3.6109e-07, 1.6418e-11, 6.6292e-10, 1.0000e+00], device='cuda:0',
       grad_fn=<ExpBackward0>)
cc_loss: 1.3735152606386691e-05
cc_loss: 2.5786795958993025e-05
options: [9, 9, 9, 9, 9, 9, 9, 9, 9, 9, 9, 9, 9, 9, 9, 9, 9, 9, 0, 0, 0, 0, 6, 6, 6, 6, 6, 6, 6, 6, 6]
Solved 1/1 episodes, CC loss avg = 2.569467627229945e-05
Epoch 3150	 test acc 1.0
train_loss: 3.001314401626587
fixed test env
start probs: tensor([6.4774e-07, 6.4881e-08, 1.0142e-10, 7.4447e-09, 7.1519e-08, 1.4226e-10,
        3.0465e-07, 1.0863e-11, 3.6500e-10, 1.0000e+00], device='cuda:0',
       grad_fn=<ExpBackward0>)
cc_loss: 9.600300109013915e-05
cc_loss: 4.062525476911105e-05
options: [9, 9, 9, 9, 9, 9, 9, 9, 9, 9, 9, 9, 9, 9, 9, 9, 9, 9, 0, 0, 0, 0, 6, 6, 6, 6, 6, 6, 6, 6, 6]
Solved 1/1 episodes, CC loss avg = 5.1360621000640094e-05
Epoch 3200	 test acc 1.0
fixed test env
start probs: tensor([5.2192e-07, 5.2202e-08, 8.2853e-11, 5.7479e-09, 5.6933e-08, 1.1348e-10,
        2.6608e-07, 8.1342e-12, 2.5322e-10, 1.0000e+00], device='cuda:0',
       grad_fn=<ExpBackward0>)
cc_loss: 6.810545164626092e-05
cc_loss: 1.598070957697928e-05
options: [9, 9, 9, 9, 9, 9, 9, 9, 9, 9, 9, 9, 9, 9, 9, 9, 9, 9, 0, 0, 0, 0, 6, 6, 6, 6, 6, 6, 6, 6, 6]
Solved 1/1 episodes, CC loss avg = 5.0324893284899495e-05
Epoch 3250	 test acc 1.0
train_loss: 3.001396417617798
fixed test env
start probs: tensor([6.6816e-07, 5.9533e-08, 1.0000e-10, 6.7422e-09, 6.4845e-08, 1.4080e-10,
        3.1876e-07, 1.0284e-11, 3.3232e-10, 1.0000e+00], device='cuda:0',
       grad_fn=<ExpBackward0>)
cc_loss: 9.054734255187213e-05
cc_loss: 7.422978524118662e-05
options: [9, 9, 9, 9, 9, 9, 9, 9, 9, 9, 9, 9, 9, 9, 9, 9, 9, 9, 0, 0, 0, 0, 6, 6, 6, 6, 6, 6, 6, 6, 6]
Solved 1/1 episodes, CC loss avg = 6.332354314508848e-05
Epoch 3300	 test acc 1.0
fixed test env
start probs: tensor([7.2461e-07, 6.6415e-08, 1.0118e-10, 7.7796e-09, 7.3734e-08, 1.5141e-10,
        3.3569e-07, 1.2219e-11, 4.8110e-10, 1.0000e+00], device='cuda:0',
       grad_fn=<ExpBackward0>)
cc_loss: 2.9583909054053947e-05
cc_loss: 3.0212268029572442e-05
options: [9, 9, 9, 9, 9, 9, 9, 9, 9, 9, 9, 9, 9, 9, 9, 9, 9, 9, 0, 0, 0, 0, 6, 6, 6, 6, 6, 6, 6, 6, 6]
Solved 1/1 episodes, CC loss avg = 3.054172824098108e-05
Epoch 3350	 test acc 1.0
train_loss: 3.0008325576782227
fixed test env
start probs: tensor([5.3676e-07, 5.1973e-08, 7.8942e-11, 5.6674e-09, 5.7743e-08, 1.1638e-10,
        2.7781e-07, 8.5769e-12, 3.1452e-10, 1.0000e+00], device='cuda:0',
       grad_fn=<ExpBackward0>)
cc_loss: 2.3383810912491754e-05
cc_loss: 2.4326436687260866e-05
options: [9, 9, 9, 9, 9, 9, 9, 9, 9, 9, 9, 9, 9, 9, 9, 9, 9, 9, 0, 0, 0, 0, 6, 6, 6, 6, 6, 6, 6, 6, 6]
Solved 1/1 episodes, CC loss avg = 2.919761391240172e-05
Epoch 3400	 test acc 1.0
fixed test env
start probs: tensor([5.9842e-07, 5.7563e-08, 8.8971e-11, 6.3442e-09, 6.4096e-08, 1.3488e-10,
        3.2652e-07, 1.0165e-11, 3.7810e-10, 1.0000e+00], device='cuda:0',
       grad_fn=<ExpBackward0>)
cc_loss: 2.3520420654676855e-05
cc_loss: 3.7807989428984e-05
options: [9, 9, 9, 9, 9, 9, 9, 9, 9, 9, 9, 9, 9, 9, 9, 9, 9, 9, 0, 0, 0, 0, 6, 6, 6, 6, 6, 6, 6, 6, 6]
Solved 1/1 episodes, CC loss avg = 2.518091726718315e-05
Epoch 3450	 test acc 1.0
train_loss: 3.0010838508605957
fixed test env
start probs: tensor([5.6441e-07, 5.4319e-08, 8.4971e-11, 5.6653e-09, 5.9082e-08, 1.2889e-10,
        3.1725e-07, 9.3899e-12, 3.4471e-10, 1.0000e+00], device='cuda:0',
       grad_fn=<ExpBackward0>)
cc_loss: 5.00585520057939e-05
cc_loss: 1.6428793969680555e-05
options: [9, 9, 9, 9, 9, 9, 9, 9, 9, 9, 9, 9, 9, 9, 9, 9, 9, 9, 0, 0, 0, 0, 6, 6, 6, 6, 6, 6, 6, 6, 6]
Solved 1/1 episodes, CC loss avg = 3.109319307744348e-05
Epoch 3500	 test acc 1.0
fixed test env
start probs: tensor([5.8826e-07, 5.6864e-08, 9.2171e-11, 5.6249e-09, 6.0331e-08, 1.4370e-10,
        3.3843e-07, 1.0098e-11, 3.7180e-10, 1.0000e+00], device='cuda:0',
       grad_fn=<ExpBackward0>)
cc_loss: 2.9481539968401194e-05
cc_loss: 1.6836118447827175e-05
options: [9, 9, 9, 9, 9, 9, 9, 9, 9, 9, 9, 9, 9, 9, 9, 9, 9, 9, 0, 0, 0, 0, 6, 6, 6, 6, 6, 6, 6, 6, 6]
Solved 1/1 episodes, CC loss avg = 2.3222333159840975e-05
Epoch 3550	 test acc 1.0
train_loss: 3.00075626373291
fixed test env
start probs: tensor([5.5225e-07, 5.6913e-08, 9.1049e-11, 5.1623e-09, 5.8539e-08, 1.4383e-10,
        3.3441e-07, 9.8139e-12, 3.6575e-10, 1.0000e+00], device='cuda:0',
       grad_fn=<ExpBackward0>)
cc_loss: 4.373283445602283e-05
cc_loss: 3.1198975193547085e-05
options: [9, 9, 9, 9, 9, 9, 9, 9, 9, 9, 9, 9, 9, 9, 9, 9, 9, 9, 0, 0, 0, 0, 6, 6, 6, 6, 6, 6, 6, 6, 6]
Solved 1/1 episodes, CC loss avg = 3.276287558643768e-05
Epoch 3600	 test acc 1.0
fixed test env
start probs: tensor([5.6548e-07, 5.8171e-08, 8.6548e-11, 5.2905e-09, 6.0246e-08, 1.4535e-10,
        3.2090e-07, 1.0247e-11, 4.4629e-10, 1.0000e+00], device='cuda:0',
       grad_fn=<ExpBackward0>)
cc_loss: 6.235355976969004e-05
cc_loss: 4.8678077291697264e-05
options: [9, 9, 9, 9, 9, 9, 9, 9, 9, 9, 9, 9, 9, 9, 9, 9, 9, 9, 0, 0, 0, 0, 6, 6, 6, 6, 6, 6, 6, 6, 6]
Solved 1/1 episodes, CC loss avg = 4.91103419335559e-05
Epoch 3650	 test acc 1.0
train_loss: 3.0022008419036865
fixed test env
start probs: tensor([5.2502e-07, 5.1986e-08, 8.2977e-11, 4.3862e-09, 5.0942e-08, 1.3332e-10,
        3.1208e-07, 8.8157e-12, 3.4171e-10, 1.0000e+00], device='cuda:0',
       grad_fn=<ExpBackward0>)
cc_loss: 0.0001294927642447874
cc_loss: 7.634147186763585e-05
options: [9, 9, 9, 9, 9, 9, 9, 9, 9, 9, 9, 9, 9, 9, 9, 9, 9, 9, 0, 0, 0, 0, 6, 6, 6, 6, 6, 6, 6, 6, 6]
Solved 1/1 episodes, CC loss avg = 7.627752529515419e-05
Epoch 3700	 test acc 1.0
fixed test env
start probs: tensor([4.6288e-07, 4.7012e-08, 7.2362e-11, 3.8731e-09, 4.5875e-08, 1.1638e-10,
        2.8740e-07, 7.6590e-12, 3.0416e-10, 1.0000e+00], device='cuda:0',
       grad_fn=<ExpBackward0>)
cc_loss: 3.0054288799874485e-05
cc_loss: 3.193886368535459e-05
options: [9, 9, 9, 9, 9, 9, 9, 9, 9, 9, 9, 9, 9, 9, 9, 9, 9, 9, 0, 0, 0, 0, 6, 6, 6, 6, 6, 6, 6, 6, 6]
Solved 1/1 episodes, CC loss avg = 3.0112491610149544e-05
Epoch 3750	 test acc 1.0
train_loss: 3.0014727115631104
fixed test env
start probs: tensor([4.9805e-07, 4.6429e-08, 7.5506e-11, 3.7243e-09, 4.4748e-08, 1.2268e-10,
        3.0055e-07, 7.7193e-12, 3.0117e-10, 1.0000e+00], device='cuda:0',
       grad_fn=<ExpBackward0>)
cc_loss: 0.00015400873962789774
cc_loss: 6.156914605526254e-05
options: [9, 9, 9, 9, 9, 9, 9, 9, 9, 9, 9, 9, 9, 9, 9, 9, 9, 9, 0, 0, 0, 0, 6, 6, 6, 6, 6, 6, 6, 6, 6]
Solved 1/1 episodes, CC loss avg = 7.493060881339868e-05
Epoch 3800	 test acc 1.0
fixed test env
start probs: tensor([5.4309e-07, 5.7195e-08, 9.0312e-11, 4.1178e-09, 5.2253e-08, 1.4947e-10,
        3.3987e-07, 9.8652e-12, 4.1833e-10, 1.0000e+00], device='cuda:0',
       grad_fn=<ExpBackward0>)
cc_loss: 9.8328513558954e-05
cc_loss: 2.5165478291455656e-05
options: [9, 9, 9, 9, 9, 9, 9, 9, 9, 9, 9, 9, 9, 9, 9, 9, 9, 9, 0, 0, 0, 0, 6, 6, 6, 6, 6, 6, 6, 6, 6]
Solved 1/1 episodes, CC loss avg = 4.479371212558666e-05
Epoch 3850	 test acc 1.0
train_loss: 3.0010688304901123
fixed test env
start probs: tensor([4.7898e-07, 4.7588e-08, 7.3810e-11, 3.2824e-09, 4.2867e-08, 1.1602e-10,
        3.0176e-07, 7.4381e-12, 3.0068e-10, 1.0000e+00], device='cuda:0',
       grad_fn=<ExpBackward0>)
cc_loss: 3.3310534490738064e-05
cc_loss: 2.437285365886055e-05
options: [9, 9, 9, 9, 9, 9, 9, 9, 9, 9, 9, 9, 9, 9, 9, 9, 9, 9, 0, 0, 0, 0, 6, 6, 6, 6, 6, 6, 6, 6, 6]
Solved 1/1 episodes, CC loss avg = 2.599748889527594e-05
Epoch 3900	 test acc 1.0
fixed test env
start probs: tensor([4.6091e-07, 4.5627e-08, 6.8605e-11, 3.1877e-09, 4.0956e-08, 1.1044e-10,
        2.9731e-07, 7.2065e-12, 3.0790e-10, 1.0000e+00], device='cuda:0',
       grad_fn=<ExpBackward0>)
cc_loss: 0.00025138427736237645
cc_loss: 0.00014109571930021048
options: [9, 9, 9, 9, 9, 9, 9, 9, 9, 9, 9, 9, 9, 9, 9, 9, 9, 9, 0, 0, 0, 0, 6, 6, 6, 6, 6, 6, 6, 6, 6]
Solved 1/1 episodes, CC loss avg = 0.0001368850492629766
Epoch 3950	 test acc 1.0
train_loss: 3.0011067390441895
fixed test env
start probs: tensor([4.0478e-07, 4.3437e-08, 6.4810e-11, 2.8155e-09, 3.8282e-08, 1.0770e-10,
        2.7778e-07, 6.7728e-12, 3.0143e-10, 1.0000e+00], device='cuda:0',
       grad_fn=<ExpBackward0>)
cc_loss: 7.328805804718286e-05
cc_loss: 3.528952947817743e-05
options: [9, 9, 9, 9, 9, 9, 9, 9, 9, 9, 9, 9, 9, 9, 9, 9, 9, 9, 0, 0, 0, 0, 6, 6, 6, 6, 6, 6, 6, 6, 6]
Solved 1/1 episodes, CC loss avg = 4.1434164813836105e-05
Epoch 4000	 test acc 1.0
fixed test env
start probs: tensor([4.0857e-07, 4.2015e-08, 5.9749e-11, 2.7727e-09, 3.6845e-08, 1.0108e-10,
        2.7482e-07, 6.5407e-12, 3.1108e-10, 1.0000e+00], device='cuda:0',
       grad_fn=<ExpBackward0>)
cc_loss: 3.5043667594436556e-05
cc_loss: 3.235593612771481e-05
options: [9, 9, 9, 9, 9, 9, 9, 9, 9, 9, 9, 9, 9, 9, 9, 9, 9, 9, 0, 0, 0, 0, 6, 6, 6, 6, 6, 6, 6, 6, 6]
Solved 1/1 episodes, CC loss avg = 2.969739944091998e-05
Epoch 4050	 test acc 1.0
train_loss: 3.000544309616089
fixed test env
start probs: tensor([5.3031e-07, 4.9994e-08, 7.8884e-11, 3.1838e-09, 4.4403e-08, 1.3854e-10,
        3.3744e-07, 8.7612e-12, 4.4432e-10, 1.0000e+00], device='cuda:0',
       grad_fn=<ExpBackward0>)
cc_loss: 0.000202416063984856
cc_loss: 9.689052239991724e-05
options: [9, 9, 9, 9, 9, 9, 9, 9, 9, 9, 9, 9, 9, 9, 9, 9, 9, 9, 0, 0, 0, 0, 6, 6, 6, 6, 6, 6, 6, 6, 6]
Solved 1/1 episodes, CC loss avg = 0.00010640617680716484
Epoch 4100	 test acc 1.0
fixed test env
start probs: tensor([4.4515e-07, 4.0586e-08, 6.6817e-11, 2.5773e-09, 3.6759e-08, 1.1699e-10,
        2.9997e-07, 7.0190e-12, 3.5106e-10, 1.0000e+00], device='cuda:0',
       grad_fn=<ExpBackward0>)
cc_loss: 8.823882672004402e-05
cc_loss: 4.396798976813443e-05
options: [9, 9, 9, 9, 9, 9, 9, 9, 9, 9, 9, 9, 9, 9, 9, 9, 9, 9, 0, 0, 0, 0, 6, 6, 6, 6, 6, 6, 6, 6, 6]
Solved 1/1 episodes, CC loss avg = 5.542213572577263e-05
Epoch 4150	 test acc 1.0
train_loss: 3.0013797283172607
fixed test env
start probs: tensor([4.2486e-07, 3.5799e-08, 6.7267e-11, 2.2281e-09, 3.3158e-08, 1.1740e-10,
        3.0149e-07, 6.3954e-12, 2.9924e-10, 1.0000e+00], device='cuda:0',
       grad_fn=<ExpBackward0>)
cc_loss: 4.604862988344394e-05
cc_loss: 1.605920260772109e-05
options: [9, 9, 9, 9, 9, 9, 9, 9, 9, 9, 9, 9, 9, 9, 9, 9, 9, 9, 0, 0, 0, 0, 6, 6, 6, 6, 6, 6, 6, 6, 6]
Solved 1/1 episodes, CC loss avg = 2.8740520065184683e-05
Epoch 4200	 test acc 1.0
fixed test env
start probs: tensor([4.4636e-07, 3.7730e-08, 6.7429e-11, 2.3417e-09, 3.4974e-08, 1.2148e-10,
        3.1416e-07, 7.0086e-12, 3.7459e-10, 1.0000e+00], device='cuda:0',
       grad_fn=<ExpBackward0>)
cc_loss: 9.787230374058709e-05
cc_loss: 0.00014370681310538203
options: [9, 9, 9, 9, 9, 9, 9, 9, 9, 9, 9, 9, 9, 9, 9, 9, 9, 9, 0, 0, 0, 0, 6, 6, 6, 6, 6, 6, 6, 6, 6]
Solved 1/1 episodes, CC loss avg = 9.847728991492961e-05
Epoch 4250	 test acc 1.0
train_loss: 3.0009872913360596
fixed test env
start probs: tensor([3.1387e-07, 2.5254e-08, 4.7273e-11, 1.5422e-09, 2.4354e-08, 8.3648e-11,
        2.4393e-07, 4.2944e-12, 2.1746e-10, 1.0000e+00], device='cuda:0',
       grad_fn=<ExpBackward0>)
cc_loss: 9.110703103942797e-05
cc_loss: 8.10657802503556e-05
options: [9, 9, 9, 9, 9, 9, 9, 9, 9, 9, 9, 9, 9, 9, 9, 9, 9, 9, 0, 0, 0, 0, 6, 6, 6, 6, 6, 6, 6, 6, 6]
Solved 1/1 episodes, CC loss avg = 6.400071833922993e-05
Epoch 4300	 test acc 1.0
fixed test env
start probs: tensor([3.4732e-07, 2.8637e-08, 5.1811e-11, 1.8228e-09, 2.8451e-08, 1.0106e-10,
        2.6743e-07, 5.3881e-12, 3.2021e-10, 1.0000e+00], device='cuda:0',
       grad_fn=<ExpBackward0>)
cc_loss: 0.000163287841132842
cc_loss: 2.2423908376367763e-05
options: [9, 9, 9, 9, 9, 9, 9, 9, 9, 9, 9, 9, 9, 9, 9, 9, 9, 9, 0, 0, 0, 0, 6, 6, 6, 6, 6, 6, 6, 6, 6]
Solved 1/1 episodes, CC loss avg = 6.565920830325922e-05
Epoch 4350	 test acc 1.0
train_loss: 3.0016067028045654
fixed test env
start probs: tensor([3.3511e-07, 2.8645e-08, 5.2054e-11, 1.7976e-09, 2.8591e-08, 1.0402e-10,
        2.8204e-07, 5.4350e-12, 3.2301e-10, 1.0000e+00], device='cuda:0',
       grad_fn=<ExpBackward0>)
cc_loss: 2.7220776246394962e-05
cc_loss: 3.17530139000155e-05
options: [9, 9, 9, 9, 9, 9, 9, 9, 9, 9, 9, 9, 9, 9, 9, 9, 9, 9, 0, 0, 0, 0, 6, 6, 6, 6, 6, 6, 6, 6, 6]
Solved 1/1 episodes, CC loss avg = 2.9218147877448548e-05
Epoch 4400	 test acc 1.0
fixed test env
start probs: tensor([2.9591e-07, 2.5267e-08, 4.6973e-11, 1.5326e-09, 2.5602e-08, 9.5133e-11,
        2.5832e-07, 4.6922e-12, 2.8382e-10, 1.0000e+00], device='cuda:0',
       grad_fn=<ExpBackward0>)
cc_loss: 7.960009679663926e-05
cc_loss: 4.5860735554015264e-05
options: [9, 9, 9, 9, 9, 9, 9, 9, 9, 9, 9, 9, 9, 9, 9, 9, 9, 9, 0, 0, 0, 0, 6, 6, 6, 6, 6, 6, 6, 6, 6]
Solved 1/1 episodes, CC loss avg = 5.51007348500813e-05
Epoch 4450	 test acc 1.0
train_loss: 3.0004661083221436
fixed test env
start probs: tensor([3.1924e-07, 2.8129e-08, 4.9841e-11, 1.7143e-09, 2.8744e-08, 1.0625e-10,
        2.7488e-07, 5.5329e-12, 3.8338e-10, 1.0000e+00], device='cuda:0',
       grad_fn=<ExpBackward0>)
cc_loss: 3.403232403798029e-05
cc_loss: 3.7256213545333594e-05
options: [9, 9, 9, 9, 9, 9, 9, 9, 9, 9, 9, 9, 9, 9, 9, 9, 9, 9, 0, 0, 0, 0, 6, 6, 6, 6, 6, 6, 6, 6, 6]
Solved 1/1 episodes, CC loss avg = 2.7173922717338428e-05
Epoch 4500	 test acc 1.0
fixed test env
start probs: tensor([2.1105e-07, 2.3455e-08, 2.7295e-11, 1.4222e-09, 2.5514e-08, 6.1882e-11,
        1.7974e-07, 3.6884e-12, 3.5284e-10, 1.0000e+00], device='cuda:0',
       grad_fn=<ExpBackward0>)
cc_loss: 4.369694215711206e-05
cc_loss: 2.9049162549199536e-05
options: [9, 9, 9, 9, 9, 9, 9, 9, 9, 9, 9, 9, 9, 9, 9, 9, 9, 9, 0, 0, 0, 0, 6, 6, 6, 6, 6, 6, 6, 6, 6]
Solved 1/1 episodes, CC loss avg = 3.398055681221498e-05
Epoch 4550	 test acc 1.0
train_loss: 3.001862049102783
fixed test env
start probs: tensor([2.1165e-07, 2.2682e-08, 2.8313e-11, 1.3502e-09, 2.4738e-08, 6.3274e-11,
        1.8921e-07, 3.6412e-12, 3.3384e-10, 1.0000e+00], device='cuda:0',
       grad_fn=<ExpBackward0>)
cc_loss: 5.470309406518936e-05
cc_loss: 1.6993753888527863e-05
options: [9, 9, 9, 9, 9, 9, 9, 9, 9, 9, 9, 9, 9, 9, 9, 9, 9, 9, 0, 0, 0, 0, 6, 6, 6, 6, 6, 6, 6, 6, 6]
Solved 1/1 episodes, CC loss avg = 2.850788284073739e-05
Epoch 4600	 test acc 1.0
fixed test env
start probs: tensor([2.0533e-07, 2.0142e-08, 2.5810e-11, 1.2511e-09, 2.2405e-08, 5.6994e-11,
        1.8825e-07, 3.2753e-12, 2.9363e-10, 1.0000e+00], device='cuda:0',
       grad_fn=<ExpBackward0>)
cc_loss: 6.376824603648856e-05
cc_loss: 2.9636365070473403e-05
options: [9, 9, 9, 9, 9, 9, 9, 9, 9, 9, 9, 9, 9, 9, 9, 9, 9, 9, 0, 0, 0, 0, 6, 6, 6, 6, 6, 6, 6, 6, 6]
Solved 1/1 episodes, CC loss avg = 3.661920163722243e-05
Epoch 4650	 test acc 1.0
train_loss: 3.0007805824279785
fixed test env
start probs: tensor([1.7160e-07, 1.5049e-08, 1.9682e-11, 9.7318e-10, 1.6372e-08, 3.9222e-11,
        1.7137e-07, 2.2354e-12, 1.7019e-10, 1.0000e+00], device='cuda:0',
       grad_fn=<ExpBackward0>)
cc_loss: 3.835250754491426e-05
cc_loss: 1.4307577657746151e-05
options: [9, 9, 9, 9, 9, 9, 9, 9, 9, 9, 9, 9, 9, 9, 9, 9, 9, 9, 0, 0, 0, 0, 6, 6, 6, 6, 6, 6, 6, 6, 6]
Solved 1/1 episodes, CC loss avg = 2.8383736207615584e-05
Epoch 4700	 test acc 1.0
fixed test env
start probs: tensor([2.2178e-07, 1.8645e-08, 2.4764e-11, 1.2353e-09, 2.0974e-08, 5.3263e-11,
        2.1216e-07, 3.1199e-12, 2.6013e-10, 1.0000e+00], device='cuda:0',
       grad_fn=<ExpBackward0>)
cc_loss: 2.6921996322926134e-05
cc_loss: 4.2776751797646284e-05
options: [9, 9, 9, 9, 9, 9, 9, 9, 9, 9, 9, 9, 9, 9, 9, 9, 9, 9, 0, 0, 0, 0, 6, 6, 6, 6, 6, 6, 6, 6, 6]
Solved 1/1 episodes, CC loss avg = 2.8448030207073316e-05
Epoch 4750	 test acc 1.0
train_loss: 3.0014405250549316
fixed test env
start probs: tensor([2.1844e-07, 1.8345e-08, 2.4923e-11, 1.1693e-09, 2.0907e-08, 5.4865e-11,
        2.0918e-07, 3.1352e-12, 2.7929e-10, 1.0000e+00], device='cuda:0',
       grad_fn=<ExpBackward0>)
cc_loss: 0.000293432007310912
cc_loss: 0.00013950034917797893
options: [9, 9, 9, 9, 9, 9, 9, 9, 9, 9, 9, 9, 9, 9, 9, 9, 9, 9, 0, 0, 0, 0, 6, 6, 6, 6, 6, 6, 6, 6, 6]
Solved 1/1 episodes, CC loss avg = 0.00015175554775244868
Epoch 4800	 test acc 1.0
fixed test env
start probs: tensor([2.5509e-07, 1.9697e-08, 2.8666e-11, 1.2985e-09, 2.2696e-08, 6.6506e-11,
        2.4155e-07, 3.8051e-12, 3.6229e-10, 1.0000e+00], device='cuda:0',
       grad_fn=<ExpBackward0>)
cc_loss: 6.985905929468572e-05
cc_loss: 0.00010539173672441393
options: [9, 9, 9, 9, 9, 9, 9, 9, 9, 9, 9, 9, 9, 9, 9, 9, 9, 9, 0, 0, 0, 0, 6, 6, 6, 6, 6, 6, 6, 6, 6]
Solved 1/1 episodes, CC loss avg = 7.242929738519403e-05
Epoch 4850	 test acc 1.0
train_loss: 3.001650094985962
fixed test env
start probs: tensor([2.2119e-07, 1.6497e-08, 2.4818e-11, 1.0597e-09, 1.9133e-08, 5.5809e-11,
        2.1770e-07, 3.0560e-12, 2.8635e-10, 1.0000e+00], device='cuda:0',
       grad_fn=<ExpBackward0>)
cc_loss: 1.7378077245666645e-05
cc_loss: 3.1805437174625695e-05
options: [9, 9, 9, 9, 9, 9, 9, 9, 9, 9, 9, 9, 9, 9, 9, 9, 9, 9, 0, 0, 0, 0, 6, 6, 6, 6, 6, 6, 6, 6, 6]
Solved 1/1 episodes, CC loss avg = 2.4495636656259496e-05
Epoch 4900	 test acc 1.0
fixed test env
start probs: tensor([3.6346e-07, 2.5815e-08, 3.6874e-11, 1.8020e-09, 3.1317e-08, 9.9903e-11,
        3.2015e-07, 6.0174e-12, 6.5512e-10, 1.0000e+00], device='cuda:0',
       grad_fn=<ExpBackward0>)
cc_loss: 2.8246407964616083e-05
cc_loss: 1.8312435713596642e-05
options: [9, 9, 9, 9, 9, 9, 9, 9, 9, 9, 9, 9, 9, 9, 9, 9, 9, 9, 0, 0, 0, 0, 6, 6, 6, 6, 6, 6, 6, 6, 6]
Solved 1/1 episodes, CC loss avg = 2.3531142384551156e-05
Epoch 4950	 test acc 1.0
train_loss: 3.001646041870117
fixed test env
start probs: tensor([3.3532e-07, 2.2691e-08, 3.8791e-11, 1.4994e-09, 2.8102e-08, 1.0436e-10,
        3.0967e-07, 5.5658e-12, 6.0655e-10, 1.0000e+00], device='cuda:0',
       grad_fn=<ExpBackward0>)
cc_loss: 2.6252615498378873e-05
cc_loss: 6.032937380950898e-05
options: [9, 9, 9, 9, 9, 9, 9, 9, 9, 9, 9, 9, 9, 9, 9, 9, 9, 9, 0, 0, 0, 0, 6, 6, 6, 6, 6, 6, 6, 6, 6]
Solved 1/1 episodes, CC loss avg = 4.724883910967037e-05
Epoch 5000	 test acc 1.0
Saved model at models/0db83fe3c10547ee94b44d71e91f4864-epoch-5000.pt
fixed test env
start probs: tensor([2.5898e-07, 1.8203e-08, 2.7408e-11, 1.1955e-09, 2.2242e-08, 7.3845e-11,
        2.4548e-07, 4.0791e-12, 4.7575e-10, 1.0000e+00], device='cuda:0',
       grad_fn=<ExpBackward0>)
cc_loss: 2.201482311647851e-05
cc_loss: 1.6920264897635207e-05
options: [9, 9, 9, 9, 9, 9, 9, 9, 9, 9, 9, 9, 9, 9, 9, 9, 9, 9, 0, 0, 0, 0, 6, 6, 6, 6, 6, 6, 6, 6, 6]
Solved 1/1 episodes, CC loss avg = 1.9343782696523704e-05
Epoch 5050	 test acc 1.0
train_loss: 3.0008599758148193
fixed test env
start probs: tensor([1.8764e-07, 1.1780e-08, 2.0634e-11, 7.5047e-10, 1.4409e-08, 4.9623e-11,
        1.9489e-07, 2.4162e-12, 2.5115e-10, 1.0000e+00], device='cuda:0',
       grad_fn=<ExpBackward0>)
cc_loss: 0.00011368216655682772
cc_loss: 6.69067376293242e-05
options: [9, 9, 9, 9, 9, 9, 9, 9, 9, 9, 9, 9, 9, 9, 9, 9, 9, 9, 0, 0, 0, 0, 6, 6, 6, 6, 6, 6, 6, 6, 6]
Solved 1/1 episodes, CC loss avg = 6.978567095454007e-05
Epoch 5100	 test acc 1.0
fixed test env
start probs: tensor([2.4491e-07, 1.5552e-08, 2.5328e-11, 1.0149e-09, 1.9593e-08, 7.0622e-11,
        2.3317e-07, 3.6687e-12, 4.6142e-10, 1.0000e+00], device='cuda:0',
       grad_fn=<ExpBackward0>)
cc_loss: 3.2929085136856884e-05
cc_loss: 8.767958934186026e-05
options: [9, 9, 9, 9, 9, 9, 9, 9, 9, 9, 9, 9, 9, 9, 9, 9, 9, 9, 0, 0, 0, 0, 6, 6, 6, 6, 6, 6, 6, 6, 6]
Solved 1/1 episodes, CC loss avg = 4.394133065943606e-05
Epoch 5150	 test acc 1.0
train_loss: 3.0012996196746826
fixed test env
start probs: tensor([2.2819e-07, 1.4215e-08, 2.4539e-11, 9.0979e-10, 1.8036e-08, 6.7634e-11,
        2.3314e-07, 3.3675e-12, 4.1918e-10, 1.0000e+00], device='cuda:0',
       grad_fn=<ExpBackward0>)
cc_loss: 3.3571344829397276e-05
cc_loss: 6.19072379777208e-05
options: [9, 9, 9, 9, 9, 9, 9, 9, 9, 9, 9, 9, 9, 9, 9, 9, 9, 9, 0, 0, 0, 0, 6, 6, 6, 6, 6, 6, 6, 6, 6]
Solved 1/1 episodes, CC loss avg = 3.9971255318960175e-05
Epoch 5200	 test acc 1.0
fixed test env
start probs: tensor([1.8978e-07, 1.1795e-08, 1.9769e-11, 7.3929e-10, 1.4953e-08, 5.4386e-11,
        1.9952e-07, 2.6622e-12, 3.4133e-10, 1.0000e+00], device='cuda:0',
       grad_fn=<ExpBackward0>)
cc_loss: 3.326199293951504e-05
cc_loss: 2.8375590773066506e-05
options: [9, 9, 9, 9, 9, 9, 9, 9, 9, 9, 9, 9, 9, 9, 9, 9, 9, 9, 0, 0, 0, 0, 6, 6, 6, 6, 6, 6, 6, 6, 6]
Solved 1/1 episodes, CC loss avg = 2.963086869082569e-05
Epoch 5250	 test acc 1.0
train_loss: 3.0018768310546875
fixed test env
start probs: tensor([9.4486e-08, 5.7189e-09, 1.0824e-11, 3.3950e-10, 7.0548e-09, 2.5436e-11,
        1.2960e-07, 1.0186e-12, 1.0256e-10, 1.0000e+00], device='cuda:0',
       grad_fn=<ExpBackward0>)
cc_loss: 4.3417388951638713e-05
cc_loss: 2.0910581952193752e-05
options: [9, 9, 9, 9, 9, 9, 9, 9, 9, 9, 9, 9, 9, 9, 9, 9, 9, 9, 0, 0, 0, 0, 6, 6, 6, 6, 6, 6, 6, 6, 6]
Solved 1/1 episodes, CC loss avg = 2.761814297021677e-05
Epoch 5300	 test acc 1.0
fixed test env
start probs: tensor([2.0694e-07, 1.2738e-08, 1.9778e-11, 8.4572e-10, 1.6519e-08, 6.2138e-11,
        2.2433e-07, 3.1101e-12, 4.2927e-10, 1.0000e+00], device='cuda:0',
       grad_fn=<ExpBackward0>)
cc_loss: 0.0001720354484859854
cc_loss: 0.00010541130905039608
options: [9, 9, 9, 9, 9, 9, 9, 9, 9, 9, 9, 9, 9, 9, 9, 9, 9, 9, 0, 0, 0, 0, 6, 6, 6, 6, 6, 6, 6, 6, 6]
Solved 1/1 episodes, CC loss avg = 0.00010918511422156978
Epoch 5350	 test acc 1.0
train_loss: 3.000786304473877
fixed test env
start probs: tensor([1.3546e-07, 7.8172e-09, 1.4556e-11, 4.8332e-10, 9.9233e-09, 3.8890e-11,
        1.7437e-07, 1.6636e-12, 1.9189e-10, 1.0000e+00], device='cuda:0',
       grad_fn=<ExpBackward0>)
cc_loss: 8.716437150724232e-05
cc_loss: 9.69876564340666e-05
options: [9, 9, 9, 9, 9, 9, 9, 9, 9, 9, 9, 9, 9, 9, 9, 9, 9, 9, 0, 0, 0, 0, 6, 6, 6, 6, 6, 6, 6, 6, 6]
Solved 1/1 episodes, CC loss avg = 6.715074717552245e-05
Epoch 5400	 test acc 1.0
fixed test env
start probs: tensor([1.5702e-07, 9.7973e-09, 1.6880e-11, 5.8517e-10, 1.2446e-08, 4.8243e-11,
        2.0129e-07, 2.1904e-12, 2.8057e-10, 1.0000e+00], device='cuda:0',
       grad_fn=<ExpBackward0>)
cc_loss: 4.316477134125307e-05
cc_loss: 2.8583766834344715e-05
options: [9, 9, 9, 9, 9, 9, 9, 9, 9, 9, 9, 9, 9, 9, 9, 9, 9, 9, 0, 0, 0, 0, 6, 6, 6, 6, 6, 6, 6, 6, 6]
Solved 1/1 episodes, CC loss avg = 3.742447249048079e-05
Epoch 5450	 test acc 1.0
train_loss: 3.0016536712646484
fixed test env
start probs: tensor([7.7819e-08, 4.7662e-09, 8.9480e-12, 2.5660e-10, 5.6752e-09, 2.0389e-11,
        1.2414e-07, 8.0037e-13, 8.2265e-11, 1.0000e+00], device='cuda:0',
       grad_fn=<ExpBackward0>)
cc_loss: 0.0005703101633116603
cc_loss: 5.187708302401006e-05
options: [9, 9, 9, 9, 9, 9, 9, 9, 9, 9, 9, 9, 9, 9, 9, 9, 9, 9, 0, 0, 0, 0, 6, 6, 6, 6, 6, 6, 6, 6, 6]
Solved 1/1 episodes, CC loss avg = 0.00023884807160357013
Epoch 5500	 test acc 1.0
fixed test env
start probs: tensor([2.8585e-07, 1.5507e-08, 3.1216e-11, 9.8166e-10, 1.9252e-08, 1.0003e-10,
        3.5010e-07, 4.7936e-12, 6.1272e-10, 1.0000e+00], device='cuda:0',
       grad_fn=<ExpBackward0>)
cc_loss: 0.0001453518634662032
cc_loss: 0.000124413549201563
options: [9, 9, 9, 9, 9, 9, 9, 9, 9, 9, 9, 9, 9, 9, 9, 9, 9, 9, 0, 0, 0, 0, 6, 6, 6, 6, 6, 6, 6, 6, 6]
Solved 1/1 episodes, CC loss avg = 9.914777789769384e-05
Epoch 5550	 test acc 1.0
train_loss: 3.0013933181762695
fixed test env
start probs: tensor([2.1355e-07, 1.0695e-08, 2.2403e-11, 6.5604e-10, 1.3456e-08, 6.7036e-11,
        2.7918e-07, 2.9605e-12, 3.5820e-10, 1.0000e+00], device='cuda:0',
       grad_fn=<ExpBackward0>)
cc_loss: 4.025589441880584e-05
cc_loss: 3.269693843321875e-05
options: [9, 9, 9, 9, 9, 9, 9, 9, 9, 9, 9, 9, 9, 9, 9, 9, 9, 9, 0, 0, 0, 0, 6, 6, 6, 6, 6, 6, 6, 6, 6]
Solved 1/1 episodes, CC loss avg = 3.1923059699086785e-05
Epoch 5600	 test acc 1.0
fixed test env
start probs: tensor([1.4143e-07, 7.4200e-09, 1.4582e-11, 4.1894e-10, 9.5163e-09, 4.1785e-11,
        2.0384e-07, 1.7364e-12, 2.1476e-10, 1.0000e+00], device='cuda:0',
       grad_fn=<ExpBackward0>)
cc_loss: 3.907498830812983e-05
cc_loss: 5.379802314564586e-05
options: [9, 9, 9, 9, 9, 9, 9, 9, 9, 9, 9, 9, 9, 9, 9, 9, 9, 9, 0, 0, 0, 0, 6, 6, 6, 6, 6, 6, 6, 6, 6]
Solved 1/1 episodes, CC loss avg = 3.709366258893473e-05
Epoch 5650	 test acc 1.0
train_loss: 3.000741481781006
fixed test env
start probs: tensor([1.6346e-07, 8.2241e-09, 1.6474e-11, 4.6395e-10, 1.0674e-08, 4.9494e-11,
        2.2523e-07, 2.0836e-12, 2.7613e-10, 1.0000e+00], device='cuda:0',
       grad_fn=<ExpBackward0>)
cc_loss: 7.651510532014072e-05
cc_loss: 1.6552137822145596e-05
options: [9, 9, 9, 9, 9, 9, 9, 9, 9, 9, 9, 9, 9, 9, 9, 9, 9, 9, 0, 0, 0, 0, 6, 6, 6, 6, 6, 6, 6, 6, 6]
Solved 1/1 episodes, CC loss avg = 4.183904699554356e-05
Epoch 5700	 test acc 1.0
fixed test env
start probs: tensor([1.1998e-07, 5.8084e-09, 1.2555e-11, 3.0614e-10, 7.5905e-09, 3.4705e-11,
        1.8437e-07, 1.3072e-12, 1.6372e-10, 1.0000e+00], device='cuda:0',
       grad_fn=<ExpBackward0>)
cc_loss: 0.00012699751823674887
cc_loss: 0.00012378279643598944
options: [9, 9, 9, 9, 9, 9, 9, 9, 9, 9, 9, 9, 9, 9, 9, 9, 9, 9, 0, 0, 0, 0, 6, 6, 6, 6, 6, 6, 6, 6, 6]
Solved 1/1 episodes, CC loss avg = 9.327051642079216e-05
Epoch 5750	 test acc 1.0
train_loss: 3.001455307006836
fixed test env
start probs: tensor([4.0017e-08, 2.4353e-09, 4.3992e-12, 1.0400e-10, 3.2447e-09, 1.0723e-11,
        8.1234e-08, 3.3748e-13, 4.0287e-11, 1.0000e+00], device='cuda:0',
       grad_fn=<ExpBackward0>)
cc_loss: 7.651493797311559e-05
cc_loss: 2.4482544176862575e-05
options: [9, 9, 9, 9, 9, 9, 9, 9, 9, 9, 9, 9, 9, 9, 9, 9, 9, 9, 0, 0, 0, 0, 6, 6, 6, 6, 6, 6, 6, 6, 6]
Solved 1/1 episodes, CC loss avg = 4.3214829929638654e-05
Epoch 5800	 test acc 1.0
fixed test env
start probs: tensor([4.1849e-08, 2.6532e-09, 4.6985e-12, 1.0782e-10, 3.6302e-09, 1.1817e-11,
        8.7255e-08, 3.6834e-13, 4.5672e-11, 1.0000e+00], device='cuda:0',
       grad_fn=<ExpBackward0>)
cc_loss: 1.921710281749256e-05
cc_loss: 2.7055470127379522e-05
options: [9, 9, 9, 9, 9, 9, 9, 9, 9, 9, 9, 9, 9, 9, 9, 9, 9, 9, 0, 0, 0, 0, 6, 6, 6, 6, 6, 6, 6, 6, 6]
Solved 1/1 episodes, CC loss avg = 2.100110759784002e-05
Epoch 5850	 test acc 1.0
train_loss: 3.000849962234497
fixed test env
start probs: tensor([3.3880e-08, 2.0085e-09, 3.6771e-12, 7.8965e-11, 2.7092e-09, 8.3219e-12,
        7.4816e-08, 2.4979e-13, 2.9018e-11, 1.0000e+00], device='cuda:0',
       grad_fn=<ExpBackward0>)
cc_loss: 1.591266664036084e-05
cc_loss: 2.1411698980955407e-05
options: [9, 9, 9, 9, 9, 9, 9, 9, 9, 9, 9, 9, 9, 9, 9, 9, 9, 9, 0, 0, 0, 0, 6, 6, 6, 6, 6, 6, 6, 6, 6]
Solved 1/1 episodes, CC loss avg = 2.153697702548622e-05
Epoch 5900	 test acc 1.0
fixed test env
start probs: tensor([7.1861e-08, 3.4787e-09, 6.9592e-12, 1.5637e-10, 4.9357e-09, 1.8293e-11,
        1.3240e-07, 5.9507e-13, 7.5213e-11, 1.0000e+00], device='cuda:0',
       grad_fn=<ExpBackward0>)
cc_loss: 2.1772761101601645e-05
cc_loss: 7.221190026029944e-05
options: [9, 9, 9, 9, 9, 9, 9, 9, 9, 9, 9, 9, 9, 9, 9, 9, 9, 9, 0, 0, 0, 0, 6, 6, 6, 6, 6, 6, 6, 6, 6]
Solved 1/1 episodes, CC loss avg = 3.673853643704206e-05
Epoch 5950	 test acc 1.0
train_loss: 3.0006585121154785
fixed test env
start probs: tensor([4.8766e-08, 2.6378e-09, 4.6726e-12, 1.1045e-10, 3.5769e-09, 1.1712e-11,
        1.0231e-07, 3.8060e-13, 4.7553e-11, 1.0000e+00], device='cuda:0',
       grad_fn=<ExpBackward0>)
cc_loss: 0.00013820792082697153
cc_loss: 0.00016396769206039608
options: [9, 9, 9, 9, 9, 9, 9, 9, 9, 9, 9, 9, 9, 9, 9, 9, 9, 9, 0, 0, 0, 0, 6, 6, 6, 6, 6, 6, 6, 6, 6]
Solved 1/1 episodes, CC loss avg = 0.00011456666834419593
Epoch 6000	 test acc 1.0
fixed test env
start probs: tensor([5.9364e-08, 2.8620e-09, 5.6554e-12, 1.2028e-10, 4.0280e-09, 1.4244e-11,
        1.2122e-07, 4.4734e-13, 5.6075e-11, 1.0000e+00], device='cuda:0',
       grad_fn=<ExpBackward0>)
cc_loss: 0.00013828196097165346
cc_loss: 2.50778302870458e-05
options: [9, 9, 9, 9, 9, 9, 9, 9, 9, 9, 9, 9, 9, 9, 9, 9, 9, 9, 0, 0, 0, 0, 6, 6, 6, 6, 6, 6, 6, 6, 6]
Solved 1/1 episodes, CC loss avg = 5.905395149360023e-05
Epoch 6050	 test acc 1.0
train_loss: 3.001434087753296
fixed test env
start probs: tensor([4.5214e-08, 2.4403e-09, 4.0462e-12, 9.6509e-11, 3.3684e-09, 1.0133e-11,
        9.6060e-08, 3.3109e-13, 4.4531e-11, 1.0000e+00], device='cuda:0',
       grad_fn=<ExpBackward0>)
cc_loss: 3.4886455978266895e-05
cc_loss: 7.579327939311042e-05
options: [9, 9, 9, 9, 9, 9, 9, 9, 9, 9, 9, 9, 9, 9, 9, 9, 9, 9, 0, 0, 0, 0, 6, 6, 6, 6, 6, 6, 6, 6, 6]
Solved 1/1 episodes, CC loss avg = 4.6239549798580505e-05
Epoch 6100	 test acc 1.0
fixed test env
start probs: tensor([3.9958e-08, 2.0911e-09, 4.3827e-12, 7.3606e-11, 2.8337e-09, 9.8400e-12,
        9.4646e-08, 2.7984e-13, 3.4504e-11, 1.0000e+00], device='cuda:0',
       grad_fn=<ExpBackward0>)
cc_loss: 0.00011799007188528776
cc_loss: 1.0538297829043586e-05
options: [9, 9, 9, 9, 9, 9, 9, 9, 9, 9, 9, 9, 9, 9, 9, 9, 9, 9, 0, 0, 0, 0, 6, 6, 6, 6, 6, 6, 6, 6, 6]
Solved 1/1 episodes, CC loss avg = 5.3482043161542e-05
Epoch 6150	 test acc 1.0
train_loss: 3.000821352005005
fixed test env
start probs: tensor([6.2528e-08, 3.3146e-09, 5.4950e-12, 1.2727e-10, 4.5905e-09, 1.4672e-11,
        1.2461e-07, 5.1199e-13, 7.5599e-11, 1.0000e+00], device='cuda:0',
       grad_fn=<ExpBackward0>)
cc_loss: 4.922231528325938e-05
cc_loss: 4.5980683353263885e-05
options: [9, 9, 9, 9, 9, 9, 9, 9, 9, 9, 9, 9, 9, 9, 9, 9, 9, 9, 0, 0, 0, 0, 6, 6, 6, 6, 6, 6, 6, 6, 6]
Solved 1/1 episodes, CC loss avg = 4.155819321264668e-05
Epoch 6200	 test acc 1.0
fixed test env
start probs: tensor([4.4196e-08, 2.2710e-09, 4.3505e-12, 7.8317e-11, 3.2204e-09, 1.0695e-11,
        9.8896e-08, 3.1395e-13, 4.5050e-11, 1.0000e+00], device='cuda:0',
       grad_fn=<ExpBackward0>)
cc_loss: 6.846580072306097e-05
cc_loss: 2.1290748918545432e-05
options: [9, 9, 9, 9, 9, 9, 9, 9, 9, 9, 9, 9, 9, 9, 9, 9, 9, 9, 0, 0, 0, 0, 6, 6, 6, 6, 6, 6, 6, 6, 6]
Solved 1/1 episodes, CC loss avg = 4.559587068797555e-05
Epoch 6250	 test acc 1.0
train_loss: 3.0007219314575195
fixed test env
start probs: tensor([4.5257e-08, 2.4094e-09, 4.5317e-12, 7.8382e-11, 3.3740e-09, 1.1137e-11,
        9.9489e-08, 3.3467e-13, 5.1500e-11, 1.0000e+00], device='cuda:0',
       grad_fn=<ExpBackward0>)
cc_loss: 9.46883374126628e-05
cc_loss: 2.256180414406117e-05
options: [9, 9, 9, 9, 9, 9, 9, 9, 9, 9, 9, 9, 9, 9, 9, 9, 9, 9, 0, 0, 0, 0, 6, 6, 6, 6, 6, 6, 6, 6, 6]
Solved 1/1 episodes, CC loss avg = 4.2970607561680176e-05
Epoch 6300	 test acc 1.0
fixed test env
start probs: tensor([4.0823e-08, 2.2143e-09, 3.8177e-12, 7.2425e-11, 3.0992e-09, 9.2016e-12,
        9.8581e-08, 2.9281e-13, 4.4758e-11, 1.0000e+00], device='cuda:0',
       grad_fn=<ExpBackward0>)
cc_loss: 4.307799827074632e-05
cc_loss: 4.781836469192058e-05
options: [9, 9, 9, 9, 9, 9, 9, 9, 9, 9, 9, 9, 9, 9, 9, 9, 9, 9, 0, 0, 0, 0, 6, 6, 6, 6, 6, 6, 6, 6, 6]
Solved 1/1 episodes, CC loss avg = 4.207736856187694e-05
Epoch 6350	 test acc 1.0
train_loss: 3.0014495849609375
fixed test env
start probs: tensor([3.6931e-08, 1.8674e-09, 3.4226e-12, 6.0407e-11, 2.6076e-09, 8.0031e-12,
        9.1642e-08, 2.4156e-13, 3.5874e-11, 1.0000e+00], device='cuda:0',
       grad_fn=<ExpBackward0>)
cc_loss: 4.827480734093115e-05
cc_loss: 3.5718418075703084e-05
options: [9, 9, 9, 9, 9, 9, 9, 9, 9, 9, 9, 9, 9, 9, 9, 9, 9, 9, 0, 0, 0, 0, 6, 6, 6, 6, 6, 6, 6, 6, 6]
Solved 1/1 episodes, CC loss avg = 3.517577836949689e-05
Epoch 6400	 test acc 1.0
fixed test env
start probs: tensor([6.3745e-08, 3.3875e-09, 5.4588e-12, 1.1007e-10, 4.9830e-09, 1.5045e-11,
        1.2620e-07, 5.3425e-13, 1.0460e-10, 1.0000e+00], device='cuda:0',
       grad_fn=<ExpBackward0>)
cc_loss: 4.204207652946934e-05
cc_loss: 3.184858724125661e-05
options: [9, 9, 9, 9, 9, 9, 9, 9, 9, 9, 9, 9, 9, 9, 9, 9, 9, 9, 0, 0, 0, 0, 6, 6, 6, 6, 6, 6, 6, 6, 6]
Solved 1/1 episodes, CC loss avg = 2.8279893740545958e-05
Epoch 6450	 test acc 1.0
train_loss: 3.000993490219116
fixed test env
start probs: tensor([4.8787e-08, 2.4851e-09, 4.3072e-12, 7.6716e-11, 3.5987e-09, 1.1047e-11,
        1.0358e-07, 3.5748e-13, 6.7698e-11, 1.0000e+00], device='cuda:0',
       grad_fn=<ExpBackward0>)
cc_loss: 2.6316774892620742e-05
cc_loss: 3.922147516277619e-05
options: [9, 9, 9, 9, 9, 9, 9, 9, 9, 9, 9, 9, 9, 9, 9, 9, 9, 9, 0, 0, 0, 0, 6, 6, 6, 6, 6, 6, 6, 6, 6]
Solved 1/1 episodes, CC loss avg = 2.6963360141962767e-05
Epoch 6500	 test acc 1.0
fixed test env
start probs: tensor([5.5262e-08, 2.3521e-09, 4.8726e-12, 7.6330e-11, 3.4176e-09, 1.2548e-11,
        1.1331e-07, 3.7605e-13, 6.8994e-11, 1.0000e+00], device='cuda:0',
       grad_fn=<ExpBackward0>)
cc_loss: 0.0001044342789100483
cc_loss: 1.668289041845128e-05
options: [9, 9, 9, 9, 9, 9, 9, 9, 9, 9, 9, 9, 9, 9, 9, 9, 9, 9, 0, 0, 0, 0, 6, 6, 6, 6, 6, 6, 6, 6, 6]
Solved 1/1 episodes, CC loss avg = 4.458522077281183e-05
Epoch 6550	 test acc 1.0
train_loss: 3.0012385845184326
fixed test env
start probs: tensor([1.3102e-07, 5.3051e-09, 1.1051e-11, 1.8663e-10, 8.3552e-09, 3.6260e-11,
        2.0496e-07, 1.2489e-12, 2.9724e-10, 1.0000e+00], device='cuda:0',
       grad_fn=<ExpBackward0>)
cc_loss: 0.00011294628347968683
cc_loss: 3.834814560832456e-05
options: [9, 9, 9, 9, 9, 9, 9, 9, 9, 9, 9, 9, 9, 9, 9, 9, 9, 9, 0, 0, 0, 0, 6, 6, 6, 6, 6, 6, 6, 6, 6]
Solved 1/1 episodes, CC loss avg = 5.528195045674996e-05
Epoch 6600	 test acc 1.0
fixed test env
start probs: tensor([6.0938e-08, 2.7814e-09, 5.8882e-12, 7.9402e-11, 4.3738e-09, 1.6552e-11,
        1.1549e-07, 4.8047e-13, 1.1748e-10, 1.0000e+00], device='cuda:0',
       grad_fn=<ExpBackward0>)
cc_loss: 5.537352990359068e-05
cc_loss: 0.000127089413581416
options: [9, 9, 9, 9, 9, 9, 9, 9, 9, 9, 9, 9, 9, 9, 9, 9, 9, 9, 0, 0, 0, 0, 6, 6, 6, 6, 6, 6, 6, 6, 6]
Solved 1/1 episodes, CC loss avg = 7.063538396323565e-05
Epoch 6650	 test acc 1.0
train_loss: 3.0007779598236084
fixed test env
start probs: tensor([3.7754e-08, 1.7980e-09, 3.4710e-12, 4.7604e-11, 2.7880e-09, 8.9737e-12,
        7.9045e-08, 2.4863e-13, 5.9195e-11, 1.0000e+00], device='cuda:0',
       grad_fn=<ExpBackward0>)
cc_loss: 2.034087447100319e-05
cc_loss: 0.00010758273856481537
options: [9, 9, 9, 9, 9, 9, 9, 9, 9, 9, 9, 9, 9, 9, 9, 9, 9, 9, 0, 0, 0, 0, 6, 6, 6, 6, 6, 6, 6, 6, 6]
Solved 1/1 episodes, CC loss avg = 4.654335983407994e-05
Epoch 6700	 test acc 1.0
fixed test env
start probs: tensor([7.8218e-08, 3.2920e-09, 6.4560e-12, 9.9508e-11, 5.1338e-09, 1.9275e-11,
        1.3445e-07, 6.1651e-13, 1.5676e-10, 1.0000e+00], device='cuda:0',
       grad_fn=<ExpBackward0>)
cc_loss: 3.5864621168002486e-05
cc_loss: 2.5036846636794508e-05
options: [9, 9, 9, 9, 9, 9, 9, 9, 9, 9, 9, 9, 9, 9, 9, 9, 9, 9, 0, 0, 0, 0, 6, 6, 6, 6, 6, 6, 6, 6, 6]
Solved 1/1 episodes, CC loss avg = 2.606687000176559e-05
Epoch 6750	 test acc 1.0
train_loss: 3.0026097297668457
fixed test env
start probs: tensor([4.9437e-08, 2.2060e-09, 4.6581e-12, 5.7118e-11, 3.4264e-09, 1.2371e-11,
        9.8025e-08, 3.4389e-13, 8.7252e-11, 1.0000e+00], device='cuda:0',
       grad_fn=<ExpBackward0>)
cc_loss: 0.0001124122500186786
cc_loss: 5.053785571362823e-05
options: [9, 9, 9, 9, 9, 9, 9, 9, 9, 9, 9, 9, 9, 9, 9, 9, 9, 9, 0, 0, 0, 0, 6, 6, 6, 6, 6, 6, 6, 6, 6]
Solved 1/1 episodes, CC loss avg = 6.514554722040582e-05
Epoch 6800	 test acc 1.0
fixed test env
start probs: tensor([1.1579e-08, 4.7975e-10, 1.2241e-12, 9.1351e-12, 6.9872e-10, 2.1536e-12,
        3.5644e-08, 3.8486e-14, 5.7972e-12, 1.0000e+00], device='cuda:0',
       grad_fn=<ExpBackward0>)
cc_loss: 3.093635677942075e-05
cc_loss: 7.883003854658455e-05
options: [9, 9, 9, 9, 9, 9, 9, 9, 9, 9, 9, 9, 9, 9, 9, 9, 9, 9, 0, 0, 0, 0, 6, 6, 6, 6, 6, 6, 6, 6, 6]
Solved 1/1 episodes, CC loss avg = 4.388280831335578e-05
Epoch 6850	 test acc 1.0
train_loss: 3.001054286956787
fixed test env
start probs: tensor([2.3025e-08, 1.2880e-09, 2.5362e-12, 2.5270e-11, 1.9676e-09, 5.7584e-12,
        5.6128e-08, 1.4213e-13, 3.8579e-11, 1.0000e+00], device='cuda:0',
       grad_fn=<ExpBackward0>)
cc_loss: 2.0408757336554118e-05
cc_loss: 0.00016061318456195295
options: [9, 9, 9, 9, 9, 9, 9, 9, 9, 9, 9, 9, 9, 9, 9, 9, 9, 9, 0, 0, 0, 0, 6, 6, 6, 6, 6, 6, 6, 6, 6]
Solved 1/1 episodes, CC loss avg = 7.02739046876862e-05
Epoch 6900	 test acc 1.0
fixed test env
start probs: tensor([4.0005e-08, 1.5356e-09, 4.0582e-12, 3.6346e-11, 2.4204e-09, 9.9149e-12,
        8.5530e-08, 2.2866e-13, 5.8223e-11, 1.0000e+00], device='cuda:0',
       grad_fn=<ExpBackward0>)
cc_loss: 1.924927346408367e-05
cc_loss: 5.944153599557467e-05
options: [9, 9, 9, 9, 9, 9, 9, 9, 9, 9, 9, 9, 9, 9, 9, 9, 9, 9, 0, 0, 0, 0, 6, 6, 6, 6, 6, 6, 6, 6, 6]
Solved 1/1 episodes, CC loss avg = 3.7868201616220176e-05
Epoch 6950	 test acc 1.0
train_loss: 3.0005671977996826
fixed test env
start probs: tensor([4.3613e-08, 1.8841e-09, 3.7904e-12, 4.4810e-11, 2.9962e-09, 1.0195e-11,
        8.4187e-08, 2.7771e-13, 8.1959e-11, 1.0000e+00], device='cuda:0',
       grad_fn=<ExpBackward0>)
cc_loss: 4.307295603211969e-05
cc_loss: 9.474141734244768e-06
options: [9, 9, 9, 9, 9, 9, 9, 9, 9, 9, 9, 9, 9, 9, 9, 9, 9, 9, 0, 0, 0, 0, 6, 6, 6, 6, 6, 6, 6, 6, 6]
Solved 1/1 episodes, CC loss avg = 2.7610655100337073e-05
Epoch 7000	 test acc 1.0
fixed test env
start probs: tensor([5.6583e-08, 2.4578e-09, 4.7172e-12, 5.8999e-11, 4.0553e-09, 1.3875e-11,
        9.9860e-08, 4.0405e-13, 1.3230e-10, 1.0000e+00], device='cuda:0',
       grad_fn=<ExpBackward0>)
cc_loss: 0.00011079049727413803
cc_loss: 4.211753548588604e-05
options: [9, 9, 9, 9, 9, 9, 9, 9, 9, 9, 9, 9, 9, 9, 9, 9, 9, 9, 0, 0, 0, 0, 6, 6, 6, 6, 6, 6, 6, 6, 6]
Solved 1/1 episodes, CC loss avg = 8.051810921945919e-05
Epoch 7050	 test acc 1.0
train_loss: 3.000753402709961
fixed test env
start probs: tensor([8.0219e-08, 2.9580e-09, 6.7405e-12, 7.7121e-11, 4.8183e-09, 2.0719e-11,
        1.3311e-07, 5.9086e-13, 1.7830e-10, 1.0000e+00], device='cuda:0',
       grad_fn=<ExpBackward0>)
cc_loss: 4.0681454265723005e-05
cc_loss: 4.531185913947411e-05
options: [9, 9, 9, 9, 9, 9, 9, 9, 9, 9, 9, 9, 9, 9, 9, 9, 9, 9, 0, 0, 0, 0, 6, 6, 6, 6, 6, 6, 6, 6, 6]
Solved 1/1 episodes, CC loss avg = 3.8131605833768845e-05
Epoch 7100	 test acc 1.0
fixed test env
start probs: tensor([3.7111e-08, 1.4860e-09, 3.3243e-12, 3.2581e-11, 2.3536e-09, 8.5790e-12,
        7.3516e-08, 2.1423e-13, 6.4690e-11, 1.0000e+00], device='cuda:0',
       grad_fn=<ExpBackward0>)
cc_loss: 2.369736830587499e-05
cc_loss: 7.201681728474796e-05
options: [9, 9, 9, 9, 9, 9, 9, 9, 9, 9, 9, 9, 9, 9, 9, 9, 9, 9, 0, 0, 0, 0, 6, 6, 6, 6, 6, 6, 6, 6, 6]
Solved 1/1 episodes, CC loss avg = 4.2145496990997344e-05
Epoch 7150	 test acc 1.0
train_loss: 3.0015499591827393
fixed test env
start probs: tensor([5.0132e-08, 1.9584e-09, 3.8510e-12, 4.5888e-11, 3.1490e-09, 1.1005e-11,
        8.7921e-08, 3.1220e-13, 1.0152e-10, 1.0000e+00], device='cuda:0',
       grad_fn=<ExpBackward0>)
cc_loss: 4.3799816921819e-05
cc_loss: 7.0444424636662e-05
options: [9, 9, 9, 9, 9, 9, 9, 9, 9, 9, 9, 9, 9, 9, 9, 9, 9, 9, 0, 0, 0, 0, 6, 6, 6, 6, 6, 6, 6, 6, 6]
Solved 1/1 episodes, CC loss avg = 4.679933833055353e-05
Epoch 7200	 test acc 1.0
fixed test env
start probs: tensor([2.7935e-08, 1.0822e-09, 2.2258e-12, 2.2818e-11, 1.6850e-09, 5.4335e-12,
        5.7550e-08, 1.3393e-13, 3.9931e-11, 1.0000e+00], device='cuda:0',
       grad_fn=<ExpBackward0>)
cc_loss: 7.908781117293984e-05
cc_loss: 3.178022598149255e-05
options: [9, 9, 9, 9, 9, 9, 9, 9, 9, 9, 9, 9, 9, 9, 9, 9, 9, 9, 0, 0, 0, 0, 6, 6, 6, 6, 6, 6, 6, 6, 6]
Solved 1/1 episodes, CC loss avg = 5.145262669733105e-05
Epoch 7250	 test acc 1.0
train_loss: 3.0007832050323486
fixed test env
start probs: tensor([2.1435e-08, 9.6609e-10, 1.6774e-12, 1.8584e-11, 1.5142e-09, 4.0287e-12,
        4.7592e-08, 1.0380e-13, 3.3398e-11, 1.0000e+00], device='cuda:0',
       grad_fn=<ExpBackward0>)
cc_loss: 7.193916826508939e-05
cc_loss: 5.6601871619932353e-05
options: [9, 9, 9, 9, 9, 9, 9, 9, 9, 9, 9, 9, 9, 9, 9, 9, 9, 9, 0, 0, 0, 0, 6, 6, 6, 6, 6, 6, 6, 6, 6]
Solved 1/1 episodes, CC loss avg = 5.637441427097656e-05
Epoch 7300	 test acc 1.0
fixed test env
start probs: tensor([2.6736e-08, 1.0923e-09, 2.0846e-12, 2.1580e-11, 1.7010e-09, 5.0079e-12,
        5.8525e-08, 1.2799e-13, 3.9722e-11, 1.0000e+00], device='cuda:0',
       grad_fn=<ExpBackward0>)
cc_loss: 6.32063383818604e-05
cc_loss: 4.692431684816256e-05
options: [9, 9, 9, 9, 9, 9, 9, 9, 9, 9, 9, 9, 9, 9, 9, 9, 9, 9, 0, 0, 0, 0, 6, 6, 6, 6, 6, 6, 6, 6, 6]
Solved 1/1 episodes, CC loss avg = 4.9750177519551166e-05
Epoch 7350	 test acc 1.0
train_loss: 3.000962972640991
fixed test env
start probs: tensor([2.5804e-08, 1.0570e-09, 1.8838e-12, 2.0815e-11, 1.6293e-09, 4.4409e-12,
        5.7199e-08, 1.1790e-13, 3.7024e-11, 1.0000e+00], device='cuda:0',
       grad_fn=<ExpBackward0>)
cc_loss: 6.98950607329607e-05
cc_loss: 1.527943641121965e-05
options: [9, 9, 9, 9, 9, 9, 9, 9, 9, 9, 9, 9, 9, 9, 9, 9, 9, 9, 0, 0, 0, 0, 6, 6, 6, 6, 6, 6, 6, 6, 6]
Solved 1/1 episodes, CC loss avg = 3.338007597146012e-05
Epoch 7400	 test acc 1.0
fixed test env
start probs: tensor([1.2077e-08, 5.3849e-10, 9.9366e-13, 8.6860e-12, 8.3355e-10, 1.9858e-12,
        3.2726e-08, 4.3562e-14, 1.3391e-11, 1.0000e+00], device='cuda:0',
       grad_fn=<ExpBackward0>)
cc_loss: 1.9649458408821374e-05
cc_loss: 3.405493407626636e-05
options: [9, 9, 9, 9, 9, 9, 9, 9, 9, 9, 9, 9, 9, 9, 9, 9, 9, 9, 0, 0, 0, 0, 6, 6, 6, 6, 6, 6, 6, 6, 6]
Solved 1/1 episodes, CC loss avg = 2.653339409638041e-05
Epoch 7450	 test acc 1.0
train_loss: 3.0008413791656494
fixed test env
start probs: tensor([1.2757e-08, 6.3319e-10, 1.0324e-12, 9.8264e-12, 1.0242e-09, 2.2250e-12,
        3.3817e-08, 5.1980e-14, 1.7936e-11, 1.0000e+00], device='cuda:0',
       grad_fn=<ExpBackward0>)
cc_loss: 5.65772716072388e-05
cc_loss: 2.6449562938068993e-05
options: [9, 9, 9, 9, 9, 9, 9, 9, 9, 9, 9, 9, 9, 9, 9, 9, 9, 9, 0, 0, 0, 0, 6, 6, 6, 6, 6, 6, 6, 6, 6]
Solved 1/1 episodes, CC loss avg = 3.251309438686197e-05
Epoch 7500	 test acc 1.0
Saved model at models/0db83fe3c10547ee94b44d71e91f4864-epoch-7500.pt
fixed test env
start probs: tensor([1.7263e-08, 8.2393e-10, 1.5590e-12, 1.2803e-11, 1.3052e-09, 3.4013e-12,
        4.5764e-08, 7.8835e-14, 2.6592e-11, 1.0000e+00], device='cuda:0',
       grad_fn=<ExpBackward0>)
cc_loss: 3.231532537029125e-05
cc_loss: 3.2057305361377075e-05
options: [9, 9, 9, 9, 9, 9, 9, 9, 9, 9, 9, 9, 9, 9, 9, 9, 9, 9, 0, 0, 0, 0, 6, 6, 6, 6, 6, 6, 6, 6, 6]
Solved 1/1 episodes, CC loss avg = 2.9145485920404706e-05
Epoch 7550	 test acc 1.0
train_loss: 3.0017764568328857
fixed test env
start probs: tensor([1.9111e-08, 8.0034e-10, 1.5419e-12, 1.3039e-11, 1.3073e-09, 3.4328e-12,
        4.8120e-08, 7.8966e-14, 2.6408e-11, 1.0000e+00], device='cuda:0',
       grad_fn=<ExpBackward0>)
cc_loss: 0.00011334406735841185
cc_loss: 9.839839913183823e-05
options: [9, 9, 9, 9, 9, 9, 9, 9, 9, 9, 9, 9, 9, 9, 9, 9, 9, 9, 0, 0, 0, 0, 6, 6, 6, 6, 6, 6, 6, 6, 6]
Solved 1/1 episodes, CC loss avg = 7.732858527257729e-05
Epoch 7600	 test acc 1.0
fixed test env
start probs: tensor([1.7409e-08, 7.3190e-10, 1.4945e-12, 1.1048e-11, 1.2123e-09, 3.2477e-12,
        4.4878e-08, 7.0146e-14, 2.4457e-11, 1.0000e+00], device='cuda:0',
       grad_fn=<ExpBackward0>)
cc_loss: 6.14324162597768e-05
cc_loss: 6.564163777511567e-05
options: [9, 9, 9, 9, 9, 9, 9, 9, 9, 9, 9, 9, 9, 9, 9, 9, 9, 9, 0, 0, 0, 0, 6, 6, 6, 6, 6, 6, 6, 6, 6]
Solved 1/1 episodes, CC loss avg = 6.418120028683916e-05
Epoch 7650	 test acc 1.0
train_loss: 3.0011324882507324
fixed test env
start probs: tensor([1.3455e-08, 6.2672e-10, 1.0309e-12, 8.9802e-12, 1.0301e-09, 2.2262e-12,
        3.4586e-08, 5.1828e-14, 2.0063e-11, 1.0000e+00], device='cuda:0',
       grad_fn=<ExpBackward0>)
cc_loss: 3.929720332962461e-05
cc_loss: 2.201301686000079e-05
options: [9, 9, 9, 9, 9, 9, 9, 9, 9, 9, 9, 9, 9, 9, 9, 9, 9, 9, 0, 0, 0, 0, 6, 6, 6, 6, 6, 6, 6, 6, 6]
Solved 1/1 episodes, CC loss avg = 3.0481989597319625e-05
Epoch 7700	 test acc 1.0
fixed test env
start probs: tensor([1.4774e-08, 6.4692e-10, 1.1843e-12, 9.1930e-12, 1.0442e-09, 2.4736e-12,
        3.7627e-08, 5.5884e-14, 2.1595e-11, 1.0000e+00], device='cuda:0',
       grad_fn=<ExpBackward0>)
cc_loss: 6.452765956055373e-05
cc_loss: 4.67404825030826e-05
options: [9, 9, 9, 9, 9, 9, 9, 9, 9, 9, 9, 9, 9, 9, 9, 9, 9, 9, 0, 0, 0, 0, 6, 6, 6, 6, 6, 6, 6, 6, 6]
Solved 1/1 episodes, CC loss avg = 4.2171287229090616e-05
Epoch 7750	 test acc 1.0
train_loss: 3.0011532306671143
fixed test env
start probs: tensor([2.8687e-08, 1.1668e-09, 2.4592e-12, 1.8332e-11, 1.8112e-09, 5.6030e-12,
        6.9091e-08, 1.3717e-13, 4.9741e-11, 1.0000e+00], device='cuda:0',
       grad_fn=<ExpBackward0>)
cc_loss: 6.197147013153881e-05
cc_loss: 2.0250472516636364e-05
options: [9, 9, 9, 9, 9, 9, 9, 9, 9, 9, 9, 9, 9, 9, 9, 9, 9, 9, 0, 0, 0, 0, 6, 6, 6, 6, 6, 6, 6, 6, 6]
Solved 1/1 episodes, CC loss avg = 3.166905480611604e-05
Epoch 7800	 test acc 1.0
fixed test env
start probs: tensor([2.9578e-08, 1.2198e-09, 2.5968e-12, 1.8376e-11, 1.9226e-09, 5.9722e-12,
        7.0650e-08, 1.4525e-13, 5.6857e-11, 1.0000e+00], device='cuda:0',
       grad_fn=<ExpBackward0>)
cc_loss: 2.860021595552098e-05
cc_loss: 5.263404455035925e-05
options: [9, 9, 9, 9, 9, 9, 9, 9, 9, 9, 9, 9, 9, 9, 9, 9, 9, 9, 0, 0, 0, 0, 6, 6, 6, 6, 6, 6, 6, 6, 6]
Solved 1/1 episodes, CC loss avg = 3.961604367456554e-05
Epoch 7850	 test acc 1.0
train_loss: 3.001368522644043
fixed test env
start probs: tensor([3.5338e-08, 1.4613e-09, 2.9995e-12, 2.1692e-11, 2.2900e-09, 7.0446e-12,
        7.5569e-08, 1.8373e-13, 8.3501e-11, 1.0000e+00], device='cuda:0',
       grad_fn=<ExpBackward0>)
cc_loss: 3.139836189802736e-05
cc_loss: 3.02028074656846e-05
options: [9, 9, 9, 9, 9, 9, 9, 9, 9, 9, 9, 9, 9, 9, 9, 9, 9, 9, 0, 0, 0, 0, 6, 6, 6, 6, 6, 6, 6, 6, 6]
Solved 1/1 episodes, CC loss avg = 3.4152174218130917e-05
Epoch 7900	 test acc 1.0
fixed test env
start probs: tensor([2.1762e-08, 9.0707e-10, 1.8175e-12, 1.2184e-11, 1.4079e-09, 3.8072e-12,
        5.0902e-08, 9.0849e-14, 4.1677e-11, 1.0000e+00], device='cuda:0',
       grad_fn=<ExpBackward0>)
cc_loss: 2.4661527277203277e-05
cc_loss: 5.0555478082969785e-05
options: [9, 9, 9, 9, 9, 9, 9, 9, 9, 9, 9, 9, 9, 9, 9, 9, 9, 9, 0, 0, 0, 0, 6, 6, 6, 6, 6, 6, 6, 6, 6]
Solved 1/1 episodes, CC loss avg = 3.7186831226184346e-05
Epoch 7950	 test acc 1.0
train_loss: 3.001274347305298
fixed test env
start probs: tensor([1.3700e-08, 6.6706e-10, 1.0839e-12, 7.8682e-12, 1.0896e-09, 2.2712e-12,
        3.4067e-08, 5.3499e-14, 2.7450e-11, 1.0000e+00], device='cuda:0',
       grad_fn=<ExpBackward0>)
cc_loss: 2.9140008336980827e-05
cc_loss: 3.778372774831951e-05
options: [9, 9, 9, 9, 9, 9, 9, 9, 9, 9, 9, 9, 9, 9, 9, 9, 9, 9, 0, 0, 0, 0, 6, 6, 6, 6, 6, 6, 6, 6, 6]
Solved 1/1 episodes, CC loss avg = 3.3928314830215335e-05
Epoch 8000	 test acc 1.0
fixed test env
start probs: tensor([2.8493e-08, 1.2812e-09, 2.4102e-12, 1.6468e-11, 2.1322e-09, 5.9269e-12,
        6.0474e-08, 1.4932e-13, 8.1364e-11, 1.0000e+00], device='cuda:0',
       grad_fn=<ExpBackward0>)
cc_loss: 7.581866520922631e-05
cc_loss: 8.281027112388983e-05
options: [9, 9, 9, 9, 9, 9, 9, 9, 9, 9, 9, 9, 9, 9, 9, 9, 9, 9, 0, 0, 0, 0, 6, 6, 6, 6, 6, 6, 6, 6, 6]
Solved 1/1 episodes, CC loss avg = 5.605013302556472e-05
Epoch 8050	 test acc 1.0
train_loss: 3.001397132873535
fixed test env
start probs: tensor([2.0860e-08, 9.1156e-10, 1.6917e-12, 1.1228e-11, 1.4935e-09, 3.7962e-12,
        4.8226e-08, 9.1078e-14, 4.7690e-11, 1.0000e+00], device='cuda:0',
       grad_fn=<ExpBackward0>)
cc_loss: 4.3153020669706166e-05
cc_loss: 8.180503937182948e-05
options: [9, 9, 9, 9, 9, 9, 9, 9, 9, 9, 9, 9, 9, 9, 9, 9, 9, 9, 0, 0, 0, 0, 6, 6, 6, 6, 6, 6, 6, 6, 6]
Solved 1/1 episodes, CC loss avg = 5.5902370756181576e-05
Epoch 8100	 test acc 1.0
fixed test env
start probs: tensor([1.7647e-08, 8.2481e-10, 1.5774e-12, 9.0299e-12, 1.3965e-09, 3.4941e-12,
        4.1877e-08, 7.8372e-14, 4.5543e-11, 1.0000e+00], device='cuda:0',
       grad_fn=<ExpBackward0>)
cc_loss: 3.894839028362185e-05
cc_loss: 1.7736010704538785e-05
options: [9, 9, 9, 9, 9, 9, 9, 9, 9, 9, 9, 9, 9, 9, 9, 9, 9, 9, 0, 0, 0, 0, 6, 6, 6, 6, 6, 6, 6, 6, 6]
Solved 1/1 episodes, CC loss avg = 2.425783168291673e-05
Epoch 8150	 test acc 1.0
train_loss: 3.0006284713745117
fixed test env
start probs: tensor([5.7983e-09, 3.6558e-10, 5.2761e-13, 2.8422e-12, 6.3994e-10, 9.9515e-13,
        1.6590e-08, 1.9778e-14, 1.2398e-11, 1.0000e+00], device='cuda:0',
       grad_fn=<ExpBackward0>)
cc_loss: 9.054876863956451e-05
cc_loss: 8.714594878256321e-05
options: [9, 9, 9, 9, 9, 9, 9, 9, 9, 9, 9, 9, 9, 9, 9, 9, 9, 9, 0, 0, 0, 0, 6, 6, 6, 6, 6, 6, 6, 6, 6]
Solved 1/1 episodes, CC loss avg = 6.217818857597497e-05
Epoch 8200	 test acc 1.0
fixed test env
start probs: tensor([1.2788e-08, 7.6050e-10, 1.1925e-12, 6.6301e-12, 1.4055e-09, 2.7650e-12,
        3.1486e-08, 6.0193e-14, 3.9749e-11, 1.0000e+00], device='cuda:0',
       grad_fn=<ExpBackward0>)
cc_loss: 5.342391523299739e-05
cc_loss: 4.126037674723193e-05
options: [9, 9, 9, 9, 9, 9, 9, 9, 9, 9, 9, 9, 9, 9, 9, 9, 9, 9, 0, 0, 0, 0, 6, 6, 6, 6, 6, 6, 6, 6, 6]
Solved 1/1 episodes, CC loss avg = 4.384179677193364e-05
Epoch 8250	 test acc 1.0
train_loss: 3.0011589527130127
fixed test env
start probs: tensor([1.0460e-08, 6.3554e-10, 9.7139e-13, 5.2038e-12, 1.1663e-09, 2.1199e-12,
        2.6773e-08, 4.5344e-14, 3.0773e-11, 1.0000e+00], device='cuda:0',
       grad_fn=<ExpBackward0>)
cc_loss: 9.540127939544618e-05
cc_loss: 7.173953054007143e-05
options: [9, 9, 9, 9, 9, 9, 9, 9, 9, 9, 9, 9, 9, 9, 9, 9, 9, 9, 0, 0, 0, 0, 6, 6, 6, 6, 6, 6, 6, 6, 6]
Solved 1/1 episodes, CC loss avg = 5.97669431954273e-05
Epoch 8300	 test acc 1.0
fixed test env
start probs: tensor([8.1144e-09, 4.6340e-10, 7.5744e-13, 3.6105e-12, 8.7334e-10, 1.5464e-12,
        2.2217e-08, 2.9634e-14, 1.9757e-11, 1.0000e+00], device='cuda:0',
       grad_fn=<ExpBackward0>)
cc_loss: 8.066871669143438e-05
cc_loss: 9.376677917316556e-05
options: [9, 9, 9, 9, 9, 9, 9, 9, 9, 9, 9, 9, 9, 9, 9, 9, 9, 9, 0, 0, 0, 0, 6, 6, 6, 6, 6, 6, 6, 6, 6]
Solved 1/1 episodes, CC loss avg = 6.323328731620374e-05
Epoch 8350	 test acc 1.0
train_loss: 3.001823663711548
fixed test env
start probs: tensor([5.5066e-09, 3.1756e-10, 5.1639e-13, 2.3321e-12, 5.6127e-10, 9.2040e-13,
        1.6957e-08, 1.6941e-14, 1.0382e-11, 1.0000e+00], device='cuda:0',
       grad_fn=<ExpBackward0>)
cc_loss: 1.833234819059726e-05
cc_loss: 2.377539567532949e-05
options: [9, 9, 9, 9, 9, 9, 9, 9, 9, 9, 9, 9, 9, 9, 9, 9, 9, 9, 0, 0, 0, 0, 6, 6, 6, 6, 6, 6, 6, 6, 6]
Solved 1/1 episodes, CC loss avg = 2.5323061587793443e-05
Epoch 8400	 test acc 1.0
fixed test env
start probs: tensor([5.6589e-09, 3.0172e-10, 5.9584e-13, 2.1321e-12, 5.2426e-10, 9.9536e-13,
        1.8225e-08, 1.6617e-14, 9.3878e-12, 1.0000e+00], device='cuda:0',
       grad_fn=<ExpBackward0>)
cc_loss: 5.7175297115463763e-05
cc_loss: 0.00012152790441177785
options: [9, 9, 9, 9, 9, 9, 9, 9, 9, 9, 9, 9, 9, 9, 9, 9, 9, 9, 0, 0, 0, 0, 6, 6, 6, 6, 6, 6, 6, 6, 6]
Solved 1/1 episodes, CC loss avg = 6.461405519075925e-05
Epoch 8450	 test acc 1.0
train_loss: 3.0005245208740234
fixed test env
start probs: tensor([5.4116e-09, 3.0226e-10, 5.0324e-13, 2.1540e-12, 5.2071e-10, 8.5180e-13,
        1.6899e-08, 1.5700e-14, 9.2800e-12, 1.0000e+00], device='cuda:0',
       grad_fn=<ExpBackward0>)
cc_loss: 2.1241732611088082e-05
cc_loss: 3.633877349784598e-05
options: [9, 9, 9, 9, 9, 9, 9, 9, 9, 9, 9, 9, 9, 9, 9, 9, 9, 9, 0, 0, 0, 0, 6, 6, 6, 6, 6, 6, 6, 6, 6]
Solved 1/1 episodes, CC loss avg = 2.5560217181919143e-05
Epoch 8500	 test acc 1.0
fixed test env
start probs: tensor([9.3185e-09, 5.0098e-10, 8.5366e-13, 3.8898e-12, 8.9375e-10, 1.6664e-12,
        2.5711e-08, 3.3529e-14, 2.1032e-11, 1.0000e+00], device='cuda:0',
       grad_fn=<ExpBackward0>)
cc_loss: 2.4092372768791392e-05
cc_loss: 2.6311201509088278e-05
options: [9, 9, 9, 9, 9, 9, 9, 9, 9, 9, 9, 9, 9, 9, 9, 9, 9, 9, 0, 0, 0, 0, 6, 6, 6, 6, 6, 6, 6, 6, 6]
Solved 1/1 episodes, CC loss avg = 2.4803021005936898e-05
Epoch 8550	 test acc 1.0
train_loss: 3.0004818439483643
fixed test env
start probs: tensor([9.8305e-09, 5.5500e-10, 9.4576e-13, 4.1983e-12, 9.5865e-10, 1.8320e-12,
        2.7420e-08, 3.7755e-14, 2.3374e-11, 1.0000e+00], device='cuda:0',
       grad_fn=<ExpBackward0>)
cc_loss: 4.0677099605090916e-05
cc_loss: 4.496651308727451e-05
options: [9, 9, 9, 9, 9, 9, 9, 9, 9, 9, 9, 9, 9, 9, 9, 9, 9, 9, 0, 0, 0, 0, 6, 6, 6, 6, 6, 6, 6, 6, 6]
Solved 1/1 episodes, CC loss avg = 3.5145398821138464e-05
Epoch 8600	 test acc 1.0
fixed test env
start probs: tensor([7.7330e-09, 4.3925e-10, 7.1332e-13, 3.2399e-12, 7.6377e-10, 1.3206e-12,
        2.3226e-08, 2.6611e-14, 1.6119e-11, 1.0000e+00], device='cuda:0',
       grad_fn=<ExpBackward0>)
cc_loss: 3.167392424074933e-05
cc_loss: 1.6411109754699282e-05
options: [9, 9, 9, 9, 9, 9, 9, 9, 9, 9, 9, 9, 9, 9, 9, 9, 9, 9, 0, 0, 0, 0, 6, 6, 6, 6, 6, 6, 6, 6, 6]
Solved 1/1 episodes, CC loss avg = 2.4525412906465743e-05
Epoch 8650	 test acc 1.0
train_loss: 3.001115322113037
fixed test env
start probs: tensor([4.7900e-09, 3.0064e-10, 4.8786e-13, 1.8576e-12, 5.2361e-10, 8.0540e-13,
        1.6460e-08, 1.4470e-14, 8.4520e-12, 1.0000e+00], device='cuda:0',
       grad_fn=<ExpBackward0>)
cc_loss: 2.3930822862894274e-05
cc_loss: 3.2759347959654406e-05
options: [9, 9, 9, 9, 9, 9, 9, 9, 9, 9, 9, 9, 9, 9, 9, 9, 9, 9, 0, 0, 0, 0, 6, 6, 6, 6, 6, 6, 6, 6, 6]
Solved 1/1 episodes, CC loss avg = 2.3570504405749187e-05
Epoch 8700	 test acc 1.0
fixed test env
start probs: tensor([9.3110e-09, 5.2160e-10, 8.2635e-13, 3.9401e-12, 9.1481e-10, 1.6278e-12,
        2.7006e-08, 3.3984e-14, 1.9804e-11, 1.0000e+00], device='cuda:0',
       grad_fn=<ExpBackward0>)
cc_loss: 0.00010319456487195566
cc_loss: 4.695890675066039e-05
options: [9, 9, 9, 9, 9, 9, 9, 9, 9, 9, 9, 9, 9, 9, 9, 9, 9, 9, 0, 0, 0, 0, 6, 6, 6, 6, 6, 6, 6, 6, 6]
Solved 1/1 episodes, CC loss avg = 5.584726871650977e-05
Epoch 8750	 test acc 1.0
train_loss: 3.000558853149414
fixed test env
start probs: tensor([1.4327e-08, 1.3433e-09, 1.6512e-12, 9.2943e-12, 1.7044e-09, 3.0494e-12,
        4.1916e-08, 1.0376e-13, 7.0729e-11, 1.0000e+00], device='cuda:0',
       grad_fn=<ExpBackward0>)
cc_loss: 4.653519135899842e-05
cc_loss: 4.023850124212913e-05
options: [9, 9, 9, 9, 9, 9, 9, 9, 9, 9, 9, 9, 9, 9, 9, 9, 9, 9, 0, 0, 0, 0, 6, 6, 6, 6, 6, 6, 6, 6, 6]
Solved 1/1 episodes, CC loss avg = 3.348583201538228e-05
Epoch 8800	 test acc 1.0
fixed test env
start probs: tensor([6.0087e-09, 6.2504e-10, 7.8496e-13, 3.1426e-12, 1.0289e-09, 1.4284e-12,
        2.2531e-08, 3.3359e-14, 2.1551e-11, 1.0000e+00], device='cuda:0',
       grad_fn=<ExpBackward0>)
cc_loss: 2.941431557701435e-05
cc_loss: 3.13931996061001e-05
options: [9, 9, 9, 9, 9, 9, 9, 9, 9, 9, 9, 9, 9, 9, 9, 9, 9, 9, 0, 0, 0, 0, 6, 6, 6, 6, 6, 6, 6, 6, 6]
Solved 1/1 episodes, CC loss avg = 2.7032566019139875e-05
Epoch 8850	 test acc 1.0
train_loss: 3.001169204711914
fixed test env
start probs: tensor([1.0613e-08, 1.0357e-09, 1.3570e-12, 6.3104e-12, 1.3869e-09, 2.4176e-12,
        3.4585e-08, 7.2502e-14, 4.7223e-11, 1.0000e+00], device='cuda:0',
       grad_fn=<ExpBackward0>)
cc_loss: 8.703070488991216e-05
cc_loss: 2.1980300516588613e-05
options: [9, 9, 9, 9, 9, 9, 9, 9, 9, 9, 9, 9, 9, 9, 9, 9, 9, 9, 0, 0, 0, 0, 6, 6, 6, 6, 6, 6, 6, 6, 6]
Solved 1/1 episodes, CC loss avg = 4.148126511912172e-05
Epoch 8900	 test acc 1.0
fixed test env
start probs: tensor([3.7332e-09, 4.3412e-10, 5.1847e-13, 1.8359e-12, 7.0447e-10, 8.4263e-13,
        1.5520e-08, 1.8381e-14, 1.1498e-11, 1.0000e+00], device='cuda:0',
       grad_fn=<ExpBackward0>)
cc_loss: 2.6148039978579618e-05
cc_loss: 4.429334512678906e-05
options: [9, 9, 9, 9, 9, 9, 9, 9, 9, 9, 9, 9, 9, 9, 9, 9, 9, 9, 0, 0, 0, 0, 6, 6, 6, 6, 6, 6, 6, 6, 6]
Solved 1/1 episodes, CC loss avg = 2.6645178271185916e-05
Epoch 8950	 test acc 1.0
train_loss: 3.0005149841308594
fixed test env
start probs: tensor([1.8074e-09, 1.4823e-10, 2.0664e-13, 5.9422e-13, 2.9041e-10, 2.9543e-13,
        7.8828e-09, 4.4393e-15, 2.7195e-12, 1.0000e+00], device='cuda:0',
       grad_fn=<ExpBackward0>)
cc_loss: 6.348482565954328e-05
cc_loss: 6.295005732681602e-05
options: [9, 9, 9, 9, 9, 9, 9, 9, 9, 9, 9, 9, 9, 9, 9, 9, 9, 9, 0, 0, 0, 0, 6, 6, 6, 6, 6, 6, 6, 6, 6]
Solved 1/1 episodes, CC loss avg = 5.6604889929682635e-05
Epoch 9000	 test acc 1.0
fixed test env
start probs: tensor([3.3488e-09, 2.5733e-10, 3.9696e-13, 1.1621e-12, 4.8717e-10, 6.2126e-13,
        1.3192e-08, 1.0283e-14, 6.1156e-12, 1.0000e+00], device='cuda:0',
       grad_fn=<ExpBackward0>)
cc_loss: 4.76973109471146e-05
cc_loss: 2.0686929929070175e-05
options: [9, 9, 9, 9, 9, 9, 9, 9, 9, 9, 9, 9, 9, 9, 9, 9, 9, 9, 0, 0, 0, 0, 6, 6, 6, 6, 6, 6, 6, 6, 6]
Solved 1/1 episodes, CC loss avg = 2.8157563065178692e-05
Epoch 9050	 test acc 1.0
train_loss: 3.0004351139068604
fixed test env
start probs: tensor([3.7310e-09, 2.7183e-10, 3.9873e-13, 1.2777e-12, 5.2637e-10, 6.3505e-13,
        1.3219e-08, 1.1089e-14, 7.8683e-12, 1.0000e+00], device='cuda:0',
       grad_fn=<ExpBackward0>)
cc_loss: 1.5565081412205473e-05
cc_loss: 3.201133222319186e-05
options: [9, 9, 9, 9, 9, 9, 9, 9, 9, 9, 9, 9, 9, 9, 9, 9, 9, 9, 0, 0, 0, 0, 6, 6, 6, 6, 6, 6, 6, 6, 6]
Solved 1/1 episodes, CC loss avg = 3.4964086808031425e-05
Epoch 9100	 test acc 1.0
fixed test env
start probs: tensor([2.6512e-09, 1.9834e-10, 2.8254e-13, 8.7583e-13, 3.7193e-10, 4.0621e-13,
        1.0248e-08, 6.8514e-15, 4.6811e-12, 1.0000e+00], device='cuda:0',
       grad_fn=<ExpBackward0>)
cc_loss: 3.07996706396807e-05
cc_loss: 3.6189583624945953e-05
options: [9, 9, 9, 9, 9, 9, 9, 9, 9, 9, 9, 9, 9, 9, 9, 9, 9, 9, 0, 0, 0, 0, 6, 6, 6, 6, 6, 6, 6, 6, 6]
Solved 1/1 episodes, CC loss avg = 2.962618600577116e-05
Epoch 9150	 test acc 1.0
train_loss: 3.0009303092956543
fixed test env
start probs: tensor([1.7253e-09, 1.3063e-10, 2.0108e-13, 4.9380e-13, 2.4183e-10, 2.5237e-13,
        7.9011e-09, 3.6790e-15, 2.1707e-12, 1.0000e+00], device='cuda:0',
       grad_fn=<ExpBackward0>)
cc_loss: 6.130589463282377e-05
cc_loss: 2.315109668415971e-05
options: [9, 9, 9, 9, 9, 9, 9, 9, 9, 9, 9, 9, 9, 9, 9, 9, 9, 9, 0, 0, 0, 0, 6, 6, 6, 6, 6, 6, 6, 6, 6]
Solved 1/1 episodes, CC loss avg = 3.152101332185945e-05
Epoch 9200	 test acc 1.0
fixed test env
start probs: tensor([8.1838e-09, 5.2597e-10, 1.0272e-12, 2.7588e-12, 9.9205e-10, 1.7506e-12,
        2.8517e-08, 3.1712e-14, 1.9443e-11, 1.0000e+00], device='cuda:0',
       grad_fn=<ExpBackward0>)
cc_loss: 6.888019561301917e-05
cc_loss: 8.06437965366058e-05
options: [9, 9, 9, 9, 9, 9, 9, 9, 9, 9, 9, 9, 9, 9, 9, 9, 9, 9, 0, 0, 0, 0, 6, 6, 6, 6, 6, 6, 6, 6, 6]
Solved 1/1 episodes, CC loss avg = 6.635421110937993e-05
Epoch 9250	 test acc 1.0
train_loss: 3.001901865005493
fixed test env
start probs: tensor([7.1061e-09, 5.0333e-10, 7.8502e-13, 2.5452e-12, 9.8684e-10, 1.4172e-12,
        2.3040e-08, 2.8068e-14, 2.1446e-11, 1.0000e+00], device='cuda:0',
       grad_fn=<ExpBackward0>)
cc_loss: 3.069400554522872e-05
cc_loss: 4.379035817692056e-05
options: [9, 9, 9, 9, 9, 9, 9, 9, 9, 9, 9, 9, 9, 9, 9, 9, 9, 9, 0, 0, 0, 0, 6, 6, 6, 6, 6, 6, 6, 6, 6]
Solved 1/1 episodes, CC loss avg = 3.1939328133982294e-05
Epoch 9300	 test acc 1.0
fixed test env
start probs: tensor([3.0070e-09, 2.1847e-10, 4.1456e-13, 8.6702e-13, 3.8821e-10, 5.4835e-13,
        1.3085e-08, 8.4065e-15, 5.0365e-12, 1.0000e+00], device='cuda:0',
       grad_fn=<ExpBackward0>)
cc_loss: 0.00010958996426779777
cc_loss: 2.6223324312013574e-05
options: [9, 9, 9, 9, 9, 9, 9, 9, 9, 9, 9, 9, 9, 9, 9, 9, 9, 9, 0, 0, 0, 0, 6, 6, 6, 6, 6, 6, 6, 6, 6]
Solved 1/1 episodes, CC loss avg = 5.2477963739268794e-05
Epoch 9350	 test acc 1.0
train_loss: 3.001049518585205
fixed test env
start probs: tensor([1.4942e-09, 1.1643e-10, 1.9031e-13, 3.9647e-13, 2.0160e-10, 2.1956e-13,
        7.4799e-09, 3.1091e-15, 1.7247e-12, 1.0000e+00], device='cuda:0',
       grad_fn=<ExpBackward0>)
cc_loss: 2.263527494505979e-05
cc_loss: 6.0996422689640895e-05
options: [9, 9, 9, 9, 9, 9, 9, 9, 9, 9, 9, 9, 9, 9, 9, 9, 9, 9, 0, 0, 0, 0, 6, 6, 6, 6, 6, 6, 6, 6, 6]
Solved 1/1 episodes, CC loss avg = 3.676120710830825e-05
Epoch 9400	 test acc 1.0
fixed test env
start probs: tensor([3.7536e-09, 2.5278e-10, 5.1605e-13, 1.0671e-12, 4.4367e-10, 6.9429e-13,
        1.6083e-08, 1.0920e-14, 6.2864e-12, 1.0000e+00], device='cuda:0',
       grad_fn=<ExpBackward0>)
cc_loss: 5.3718969866167754e-05
cc_loss: 3.736678627319634e-05
options: [9, 9, 9, 9, 9, 9, 9, 9, 9, 9, 9, 9, 9, 9, 9, 9, 9, 9, 0, 0, 0, 0, 6, 6, 6, 6, 6, 6, 6, 6, 6]
Solved 1/1 episodes, CC loss avg = 4.2967270322454475e-05
Epoch 9450	 test acc 1.0
train_loss: 3.00061297416687
fixed test env
start probs: tensor([7.1643e-09, 4.7102e-10, 8.8067e-13, 2.2751e-12, 8.8414e-10, 1.4782e-12,
        2.4814e-08, 2.7504e-14, 1.8819e-11, 1.0000e+00], device='cuda:0',
       grad_fn=<ExpBackward0>)
cc_loss: 3.7086214433657005e-05
cc_loss: 2.0566127204801887e-05
options: [9, 9, 9, 9, 9, 9, 9, 9, 9, 9, 9, 9, 9, 9, 9, 9, 9, 9, 0, 0, 0, 0, 6, 6, 6, 6, 6, 6, 6, 6, 6]
Solved 1/1 episodes, CC loss avg = 2.477283669577446e-05
Epoch 9500	 test acc 1.0
fixed test env
start probs: tensor([5.6685e-09, 3.6958e-10, 7.5789e-13, 1.6294e-12, 6.6528e-10, 1.1382e-12,
        2.0764e-08, 1.9588e-14, 1.2914e-11, 1.0000e+00], device='cuda:0',
       grad_fn=<ExpBackward0>)
cc_loss: 1.918137786560692e-05
cc_loss: 5.157154373591766e-05
options: [9, 9, 9, 9, 9, 9, 9, 9, 9, 9, 9, 9, 9, 9, 9, 9, 9, 9, 0, 0, 0, 0, 6, 6, 6, 6, 6, 6, 6, 6, 6]
Solved 1/1 episodes, CC loss avg = 2.7163035459428404e-05
Epoch 9550	 test acc 1.0
train_loss: 3.0005812644958496
fixed test env
start probs: tensor([7.3010e-09, 4.5917e-10, 9.7027e-13, 2.0658e-12, 8.7201e-10, 1.5922e-12,
        2.4389e-08, 2.7655e-14, 2.0829e-11, 1.0000e+00], device='cuda:0',
       grad_fn=<ExpBackward0>)
cc_loss: 0.00012882400187663734
cc_loss: 3.0333292670547962e-05
options: [9, 9, 9, 9, 9, 9, 9, 9, 9, 9, 9, 9, 9, 9, 9, 9, 9, 9, 0, 0, 0, 0, 6, 6, 6, 6, 6, 6, 6, 6, 6]
Solved 1/1 episodes, CC loss avg = 7.502556642672668e-05
Epoch 9600	 test acc 1.0
fixed test env
start probs: tensor([3.6368e-07, 4.5774e-09, 1.4728e-11, 7.4492e-11, 9.7594e-09, 4.0597e-11,
        1.6340e-07, 1.4719e-12, 1.5738e-09, 1.0000e+00], device='cuda:0',
       grad_fn=<ExpBackward0>)
cc_loss: 0.0009119960595853627
cc_loss: 0.0008577239932492375
options: [9, 9, 9, 9, 9, 9, 9, 9, 9, 9, 9, 9, 9, 9, 9, 9, 9, 9, 0, 0, 0, 0, 6, 6, 6, 6, 6, 6, 6, 6, 6]
Solved 1/1 episodes, CC loss avg = 0.0006772642082069069
Epoch 9650	 test acc 1.0
train_loss: 3.000554084777832
fixed test env
start probs: tensor([2.2060e-08, 1.6765e-09, 1.1622e-11, 5.3737e-12, 3.4847e-09, 2.4683e-11,
        7.0256e-08, 3.5903e-13, 1.1991e-10, 1.0000e+00], device='cuda:0',
       grad_fn=<ExpBackward0>)
cc_loss: 6.313454650808126e-05
cc_loss: 8.707382949069142e-05
options: [9, 9, 9, 9, 9, 9, 9, 9, 9, 9, 9, 9, 9, 9, 9, 9, 9, 9, 0, 0, 0, 0, 6, 6, 6, 6, 6, 6, 6, 6, 6]
Solved 1/1 episodes, CC loss avg = 6.313654739642516e-05
Epoch 9700	 test acc 1.0
fixed test env
start probs: tensor([6.3685e-09, 9.5323e-10, 3.9460e-12, 1.9450e-12, 1.6081e-09, 5.4504e-12,
        2.7640e-08, 1.0080e-13, 4.0322e-11, 1.0000e+00], device='cuda:0',
       grad_fn=<ExpBackward0>)
cc_loss: 0.00010620256944093853
cc_loss: 2.0441024389583617e-05
options: [9, 9, 9, 9, 9, 9, 9, 9, 9, 9, 9, 9, 9, 9, 9, 9, 9, 9, 0, 0, 0, 0, 6, 6, 6, 6, 6, 6, 6, 6, 6]
Solved 1/1 episodes, CC loss avg = 5.133520911234276e-05
Epoch 9750	 test acc 1.0
train_loss: 3.0005545616149902
fixed test env
start probs: tensor([5.5475e-09, 8.4129e-10, 3.1698e-12, 1.7409e-12, 1.3153e-09, 3.9959e-12,
        2.6121e-08, 7.9133e-14, 2.7700e-11, 1.0000e+00], device='cuda:0',
       grad_fn=<ExpBackward0>)
cc_loss: 0.00016776853590272367
cc_loss: 2.365126238146331e-05
options: [9, 9, 9, 9, 9, 9, 9, 9, 9, 9, 9, 9, 9, 9, 9, 9, 9, 9, 0, 0, 0, 0, 6, 6, 6, 6, 6, 6, 6, 6, 6]
Solved 1/1 episodes, CC loss avg = 6.986911709342773e-05
Epoch 9800	 test acc 1.0
fixed test env
start probs: tensor([8.2218e-09, 1.1359e-09, 3.5428e-12, 2.9807e-12, 1.5941e-09, 4.6174e-12,
        3.3117e-08, 1.1750e-13, 4.8736e-11, 1.0000e+00], device='cuda:0',
       grad_fn=<ExpBackward0>)
cc_loss: 2.931989001808688e-05
cc_loss: 4.2447201849427074e-05
options: [9, 9, 9, 9, 9, 9, 9, 9, 9, 9, 9, 9, 9, 9, 9, 9, 9, 9, 0, 0, 0, 0, 6, 6, 6, 6, 6, 6, 6, 6, 6]
Solved 1/1 episodes, CC loss avg = 3.010614576245037e-05
Epoch 9850	 test acc 1.0
train_loss: 3.0009799003601074
fixed test env
start probs: tensor([3.7179e-09, 5.9657e-10, 1.7311e-12, 1.0990e-12, 1.0063e-09, 1.9600e-12,
        1.7705e-08, 4.3359e-14, 1.7408e-11, 1.0000e+00], device='cuda:0',
       grad_fn=<ExpBackward0>)
cc_loss: 2.8823902539443225e-05
cc_loss: 3.567398016457446e-05
options: [9, 9, 9, 9, 9, 9, 9, 9, 9, 9, 9, 9, 9, 9, 9, 9, 9, 9, 0, 0, 0, 0, 6, 6, 6, 6, 6, 6, 6, 6, 6]
Solved 1/1 episodes, CC loss avg = 2.6056391106976662e-05
Epoch 9900	 test acc 1.0
fixed test env
start probs: tensor([3.5845e-09, 5.3995e-10, 1.5079e-12, 1.0403e-12, 8.7264e-10, 1.6336e-12,
        1.6306e-08, 3.7951e-14, 1.5648e-11, 1.0000e+00], device='cuda:0',
       grad_fn=<ExpBackward0>)
cc_loss: 8.442744729109108e-05
cc_loss: 6.678637873847038e-05
options: [9, 9, 9, 9, 9, 9, 9, 9, 9, 9, 9, 9, 9, 9, 9, 9, 9, 9, 0, 0, 0, 0, 6, 6, 6, 6, 6, 6, 6, 6, 6]
Solved 1/1 episodes, CC loss avg = 6.387867930849704e-05
Epoch 9950	 test acc 1.0
Saved model at models/0db83fe3c10547ee94b44d71e91f4864.pt
Completed training in 2197.8 seconds
MODEL: 	cc
ABSTRACT_PEN: 	2.0
TAU_NOISE: 	0.0
