MODEL:	 ccts
ABSTRACT_PEN:	 0.0
TAU_NOISE:	 0.0
Starting run:
2be76ec1b76144d582900006b2bef4bf
params: {'n': 5000, 'traj_updates': 10000000.0, 'num_saves': 4, 'num_tests': 20, 'num_test': 200, 'lr': 0.0008, 'batch_size': 64, 'b': 1, 'cc_pen': 1.0, 'abstract_pen': 0.0, 'model': 'ccts', 'seed': 1, 'tau_noise': 0.0, 'neptune': False, 'no_log': False, 'eval': False, 'abstract_dim': 32, 'ellis': True, 'freeze': False, 'device': 'NVIDIA GeForce RTX 3090', 'epochs': 2000, 'test_every': 100, 'save_every': 500, 'id': '2be76ec1b76144d582900006b2bef4bf'}
train
Net has 231987 parameters
Solved 1/200 episodes, CC loss avg = 0.3534182962678049
Epoch 0	 test acc 0.005
reloading data
Solved 40/200 episodes, CC loss avg = 1.1489322227402705
Epoch 100	 test acc 0.2
reloading data
Solved 44/200 episodes, CC loss avg = 1.214751365650067
Epoch 200	 test acc 0.22
reloading data
Solved 39/200 episodes, CC loss avg = 1.1907299544641057
Epoch 300	 test acc 0.195
reloading data
Solved 28/200 episodes, CC loss avg = 1.1295882510867985
Epoch 400	 test acc 0.14
reloading data
Solved 23/200 episodes, CC loss avg = 1.0997577489602683
Epoch 500	 test acc 0.115
Saved model at models/2be76ec1b76144d582900006b2bef4bf-epoch-500.pt
reloading data
Solved 30/200 episodes, CC loss avg = 1.1429007356272258
Epoch 600	 test acc 0.15
reloading data
Solved 37/200 episodes, CC loss avg = 1.1842528082717467
Epoch 700	 test acc 0.185
reloading data
Solved 37/200 episodes, CC loss avg = 1.1731952436544928
Epoch 800	 test acc 0.185
reloading data
Solved 27/200 episodes, CC loss avg = 1.1259053931835126
Epoch 900	 test acc 0.135
reloading data
Solved 30/200 episodes, CC loss avg = 1.1287906989577297
Epoch 1000	 test acc 0.15
Saved model at models/2be76ec1b76144d582900006b2bef4bf-epoch-1000.pt
reloading data
Solved 29/200 episodes, CC loss avg = 1.1303340227020031
Epoch 1100	 test acc 0.145
reloading data
Solved 31/200 episodes, CC loss avg = 1.1279228289985053
Epoch 1200	 test acc 0.155
reloading data
Solved 32/200 episodes, CC loss avg = 1.1564218597752707
Epoch 1300	 test acc 0.16
reloading data
Solved 34/200 episodes, CC loss avg = 1.1417348794619575
Epoch 1400	 test acc 0.17
reloading data
Solved 27/200 episodes, CC loss avg = 1.137435062466023
Epoch 1500	 test acc 0.135
Saved model at models/2be76ec1b76144d582900006b2bef4bf-epoch-1500.pt
reloading data
Solved 42/200 episodes, CC loss avg = 1.2060263272563665
Epoch 1600	 test acc 0.21
reloading data
Solved 35/200 episodes, CC loss avg = 1.1485577826196334
Epoch 1700	 test acc 0.175
reloading data
Solved 33/200 episodes, CC loss avg = 1.1383791325462407
Epoch 1800	 test acc 0.165
reloading data
Solved 29/200 episodes, CC loss avg = 1.124334478792262
Epoch 1900	 test acc 0.145
Saved model at models/2be76ec1b76144d582900006b2bef4bf.pt
Completed training in 25080.7 seconds
MODEL: 	ccts
ABSTRACT_PEN: 	0.0
TAU_NOISE: 	0.0
