MODEL:	 hmm-homo
ABSTRACT_PEN:	 0.0
TAU_NOISE:	 0.0
Starting run:
f3770991175147a6bd3b61ee56f93963
params: {'n': 5000, 'traj_updates': 10000000.0, 'num_saves': 4, 'num_tests': 20, 'num_test': 200, 'lr': 0.0008, 'batch_size': 64, 'b': 1, 'cc_pen': 1.0, 'abstract_pen': 0.0, 'model': 'hmm-homo', 'seed': 1, 'tau_noise': 0.0, 'neptune': False, 'no_log': False, 'eval': False, 'abstract_dim': 32, 'ellis': True, 'freeze': False, 'device': 'NVIDIA GeForce RTX 3090', 'epochs': 2000, 'test_every': 100, 'save_every': 500, 'id': 'f3770991175147a6bd3b61ee56f93963'}
train
Net has 37803 parameters
Solved 0/200 episodes
Epoch 0	 test acc 0.0
reloading data
Solved 45/200 episodes
Epoch 100	 test acc 0.225
reloading data
Solved 41/200 episodes
Epoch 200	 test acc 0.205
reloading data
Solved 47/200 episodes
Epoch 300	 test acc 0.235
reloading data
Solved 33/200 episodes
Epoch 400	 test acc 0.165
reloading data
Solved 21/200 episodes
Epoch 500	 test acc 0.105
Saved model at models/f3770991175147a6bd3b61ee56f93963-epoch-500.pt
reloading data
Solved 48/200 episodes
Epoch 600	 test acc 0.24
reloading data
Solved 121/200 episodes
Epoch 700	 test acc 0.605
reloading data
Solved 150/200 episodes
Epoch 800	 test acc 0.75
reloading data
Solved 160/200 episodes
Epoch 900	 test acc 0.8
reloading data
Solved 181/200 episodes
Epoch 1000	 test acc 0.905
Saved model at models/f3770991175147a6bd3b61ee56f93963-epoch-1000.pt
reloading data
Solved 183/200 episodes
Epoch 1100	 test acc 0.915
reloading data
Solved 191/200 episodes
Epoch 1200	 test acc 0.955
reloading data
Solved 176/200 episodes
Epoch 1300	 test acc 0.88
reloading data
Solved 192/200 episodes
Epoch 1400	 test acc 0.96
reloading data
Solved 187/200 episodes
Epoch 1500	 test acc 0.935
Saved model at models/f3770991175147a6bd3b61ee56f93963-epoch-1500.pt
reloading data
Solved 186/200 episodes
Epoch 1600	 test acc 0.93
reloading data
Solved 186/200 episodes
Epoch 1700	 test acc 0.93
reloading data
Solved 193/200 episodes
Epoch 1800	 test acc 0.965
reloading data
Solved 192/200 episodes
Epoch 1900	 test acc 0.96
Saved model at models/f3770991175147a6bd3b61ee56f93963.pt
Completed training in 19420.8 seconds
MODEL: 	hmm-homo
ABSTRACT_PEN: 	0.0
TAU_NOISE: 	0.0
