MODEL:	 hmm
ABSTRACT_PEN:	 0.0
TAU_NOISE:	 0.0
Starting run:
a978ce7c590d439b8ab0b125e8035880
params: {'n': 5000, 'traj_updates': 10000000.0, 'num_saves': 4, 'num_tests': 20, 'num_test': 200, 'lr': 0.0008, 'batch_size': 64, 'b': 1, 'cc_pen': 1.0, 'abstract_pen': 0.0, 'model': 'hmm', 'seed': 1, 'tau_noise': 0.0, 'neptune': False, 'no_log': False, 'eval': False, 'abstract_dim': 32, 'ellis': True, 'freeze': False, 'device': 'NVIDIA GeForce RTX 3090', 'epochs': 2000, 'test_every': 100, 'save_every': 500, 'id': 'a978ce7c590d439b8ab0b125e8035880'}
train
Net has 232117 parameters
Solved 1/200 episodes, CC loss avg = 0.04475644452019854
Epoch 0	 test acc 0.005
reloading data
Solved 34/200 episodes, CC loss avg = 0.05076328082173417
Epoch 100	 test acc 0.17
reloading data
Solved 43/200 episodes, CC loss avg = 0.05245960202674701
Epoch 200	 test acc 0.215
reloading data
Solved 33/200 episodes, CC loss avg = 0.0513124693311506
Epoch 300	 test acc 0.165
reloading data
Solved 32/200 episodes, CC loss avg = 0.05066546475238822
Epoch 400	 test acc 0.16
reloading data
Solved 19/200 episodes, CC loss avg = 0.048109772655145266
Epoch 500	 test acc 0.095
Saved model at models/a978ce7c590d439b8ab0b125e8035880-epoch-500.pt
reloading data
Solved 33/200 episodes, CC loss avg = 0.05114287091692949
Epoch 600	 test acc 0.165
reloading data
Solved 41/200 episodes, CC loss avg = 0.05277077072994311
Epoch 700	 test acc 0.205
reloading data
Solved 32/200 episodes, CC loss avg = 0.05068466464388611
Epoch 800	 test acc 0.16
reloading data
Solved 34/200 episodes, CC loss avg = 0.05075580505224905
Epoch 900	 test acc 0.17
reloading data
Solved 34/200 episodes, CC loss avg = 0.05114697383872615
Epoch 1000	 test acc 0.17
Saved model at models/a978ce7c590d439b8ab0b125e8035880-epoch-1000.pt
reloading data
Solved 32/200 episodes, CC loss avg = 0.050237593568380964
Epoch 1100	 test acc 0.16
reloading data
Solved 39/200 episodes, CC loss avg = 0.05088112536088093
Epoch 1200	 test acc 0.195
reloading data
Solved 33/200 episodes, CC loss avg = 0.050674107974721494
Epoch 1300	 test acc 0.165
reloading data
Solved 40/200 episodes, CC loss avg = 0.05095083097922916
Epoch 1400	 test acc 0.2
reloading data
Solved 25/200 episodes, CC loss avg = 0.04898641340282171
Epoch 1500	 test acc 0.125
Saved model at models/a978ce7c590d439b8ab0b125e8035880-epoch-1500.pt
reloading data
Solved 33/200 episodes, CC loss avg = 0.05118089075559048
Epoch 1600	 test acc 0.165
reloading data
Solved 41/200 episodes, CC loss avg = 0.05314533812263624
Epoch 1700	 test acc 0.205
reloading data
Solved 37/200 episodes, CC loss avg = 0.05045045806096126
Epoch 1800	 test acc 0.185
reloading data
Solved 29/200 episodes, CC loss avg = 0.04994980337102563
Epoch 1900	 test acc 0.145
Saved model at models/a978ce7c590d439b8ab0b125e8035880.pt
Completed training in 20393.0 seconds
MODEL: 	hmm
ABSTRACT_PEN: 	0.0
TAU_NOISE: 	0.0
