MODEL:	 cc
ABSTRACT_PEN:	 1.0
TAU_NOISE:	 0.0
Starting run:
a460915ad14c4d85839a37dbc8b3bd2e
params: {'n': 5000, 'traj_updates': 10000000.0, 'num_saves': 4, 'num_tests': 20, 'num_test': 200, 'lr': 0.0008, 'batch_size': 64, 'b': 10, 'cc_pen': 1.0, 'abstract_pen': 1.0, 'model': 'cc', 'seed': 1, 'tau_noise': 0.0, 'neptune': False, 'no_log': False, 'eval': False, 'abstract_dim': 32, 'ellis': True, 'freeze': False, 'hidden_dim': 128, 'num_hidden': 2, 'device': 'NVIDIA GeForce RTX 3090', 'epochs': 2000, 'test_every': 100, 'save_every': 500, 'id': 'a460915ad14c4d85839a37dbc8b3bd2e'}
train
Net has 245200 parameters
Solved 1/200 episodes, CC loss avg = 0.036426572667817965
Epoch 0	 test acc 0.005
reloading data
Solved 20/200 episodes, CC loss avg = 0.023215082613652634
Epoch 100	 test acc 0.1
reloading data
Solved 37/200 episodes, CC loss avg = 0.014896397400696535
Epoch 200	 test acc 0.185
reloading data
Solved 29/200 episodes, CC loss avg = 0.01508349097481842
Epoch 300	 test acc 0.145
reloading data
Solved 28/200 episodes, CC loss avg = 0.01441776437876979
Epoch 400	 test acc 0.14
reloading data
Solved 30/200 episodes, CC loss avg = 0.01668564446176206
Epoch 500	 test acc 0.15
Saved model at models/a460915ad14c4d85839a37dbc8b3bd2e-epoch-500.pt
reloading data
Solved 40/200 episodes, CC loss avg = 0.014146893939087383
Epoch 600	 test acc 0.2
reloading data
Solved 45/200 episodes, CC loss avg = 0.015773476705813277
Epoch 700	 test acc 0.225
reloading data
Solved 55/200 episodes, CC loss avg = 0.01447417680667686
Epoch 800	 test acc 0.275
reloading data
Solved 48/200 episodes, CC loss avg = 0.01448535798187403
Epoch 900	 test acc 0.24
reloading data
Solved 71/200 episodes, CC loss avg = 0.01229817932709539
Epoch 1000	 test acc 0.355
Saved model at models/a460915ad14c4d85839a37dbc8b3bd2e-epoch-1000.pt
reloading data
Solved 47/200 episodes, CC loss avg = 0.013005363889184171
Epoch 1100	 test acc 0.235
reloading data
Solved 57/200 episodes, CC loss avg = 0.0135298049642339
Epoch 1200	 test acc 0.285
reloading data
Solved 67/200 episodes, CC loss avg = 0.012590311367110594
Epoch 1300	 test acc 0.335
reloading data
Solved 61/200 episodes, CC loss avg = 0.014264532094954215
Epoch 1400	 test acc 0.305
reloading data
Solved 68/200 episodes, CC loss avg = 0.01700066899572013
Epoch 1500	 test acc 0.34
Saved model at models/a460915ad14c4d85839a37dbc8b3bd2e-epoch-1500.pt
reloading data
Solved 76/200 episodes, CC loss avg = 0.014950130806187588
Epoch 1600	 test acc 0.38
reloading data
Solved 90/200 episodes, CC loss avg = 0.014260102509383457
Epoch 1700	 test acc 0.45
reloading data
Solved 99/200 episodes, CC loss avg = 0.015698981756850465
Epoch 1800	 test acc 0.495
reloading data
Solved 74/200 episodes, CC loss avg = 0.01713262905352317
Epoch 1900	 test acc 0.37
Saved model at models/a460915ad14c4d85839a37dbc8b3bd2e.pt
Completed training in 33637.5 seconds
MODEL: 	cc
ABSTRACT_PEN: 	1.0
TAU_NOISE: 	0.0
