Loaded model from models/e14b78d01cc548239ffd57286e59e819.pt
MODEL:	 cc
DEPTH:	 3
N:	 100
WEIGHTING:	 logp
Starting run:
353d4695ec784f8e87d635eaaeae0270
params: {'n': 100, 'traj_updates': 10000000.0, 'num_saves': 4, 'num_tests': 20, 'num_test': 200, 'lr': 0.0008, 'batch_size': 32, 'b': 10, 'model_load_path': 'models/e14b78d01cc548239ffd57286e59e819.pt', 'cc_pen': 1.0, 'abstract_pen': 1.0, 'model': 'cc', 'seed': 1, 'tau_noise': 0.0, 'neptune': False, 'no_log': False, 'eval': False, 'abstract_dim': 32, 'ellis': False, 'freeze': False, 'fine_tune': True, 'depth': 3, 'weighting': 'logp', 'device': 'NVIDIA GeForce GTX 1080 Ti', 'epochs': 100000, 'test_every': 5000, 'save_every': 25000, 'id': '353d4695ec784f8e87d635eaaeae0270'}
WARNING: tau norm dim disabled
8145 fine-tuning examples
actual params['epochs']: 1227
actual params['test_every']: 61
actual params['save_every']: 306
avg cc loss  tensor(-0.0402, device='cuda:0', grad_fn=<DivBackward0>)
train_loss: 2.9239929104369367
WARNING: fixed test env seed
Solved 62/100.
	1: 16/16=1.00
	2: 4/22=0.18
	3: 0/13=0.00
	4: 0/10=0.00
Epoch 0	 test accs 0.3225806451612903
avg cc loss  tensor(0.0825, device='cuda:0', grad_fn=<DivBackward0>)
train_loss: 2.197239784996782
avg cc loss  tensor(-0.0712, device='cuda:0', grad_fn=<DivBackward0>)
train_loss: 2.0374570230505924
avg cc loss  tensor(-0.1162, device='cuda:0', grad_fn=<DivBackward0>)
train_loss: 1.9450732407494797
avg cc loss  tensor(-0.0115, device='cuda:0', grad_fn=<DivBackward0>)
train_loss: 1.8752405222512607
avg cc loss  tensor(-0.0453, device='cuda:0', grad_fn=<DivBackward0>)
train_loss: 1.811059771291184
Solved 62/100.
	1: 16/16=1.00
	2: 6/22=0.27
	3: 0/13=0.00
	4: 3/10=0.30
Epoch 61	 test accs 0.4032258064516129
avg cc loss  tensor(-0.0811, device='cuda:0', grad_fn=<DivBackward0>)
train_loss: 1.7466119602613617
avg cc loss  tensor(-0.0568, device='cuda:0', grad_fn=<DivBackward0>)
train_loss: 1.6899702105874894
avg cc loss  tensor(-0.0856, device='cuda:0', grad_fn=<DivBackward0>)
train_loss: 1.6671210277745558
avg cc loss  tensor(-0.0920, device='cuda:0', grad_fn=<DivBackward0>)
train_loss: 1.6081729985307902
avg cc loss  tensor(-0.0743, device='cuda:0', grad_fn=<DivBackward0>)
train_loss: 1.5540372392497375
Solved 62/100.
	1: 16/16=1.00
	2: 6/22=0.27
	3: 2/13=0.15
	4: 2/10=0.20
Epoch 122	 test accs 0.41935483870967744
avg cc loss  tensor(-0.1442, device='cuda:0', grad_fn=<DivBackward0>)
train_loss: 1.5407200113986619
avg cc loss  tensor(-0.0379, device='cuda:0', grad_fn=<DivBackward0>)
train_loss: 1.5180610473835259
avg cc loss  tensor(-0.0821, device='cuda:0', grad_fn=<DivBackward0>)
train_loss: 1.517477702749602
avg cc loss  tensor(-0.1298, device='cuda:0', grad_fn=<DivBackward0>)
train_loss: 1.4404439015561366
avg cc loss  tensor(-0.0381, device='cuda:0', grad_fn=<DivBackward0>)
train_loss: 1.4167917673839838
Solved 62/100.
	1: 16/16=1.00
	2: 5/22=0.23
	3: 2/13=0.15
	4: 3/10=0.30
Epoch 183	 test accs 0.41935483870967744
avg cc loss  tensor(-0.0579, device='cuda:0', grad_fn=<DivBackward0>)
train_loss: 1.3992128282588965
avg cc loss  tensor(-0.0737, device='cuda:0', grad_fn=<DivBackward0>)
train_loss: 1.372382419234782
avg cc loss  tensor(-0.1025, device='cuda:0', grad_fn=<DivBackward0>)
train_loss: 1.3808459905158088
avg cc loss  tensor(-0.1576, device='cuda:0', grad_fn=<DivBackward0>)
train_loss: 1.3532642045793182
avg cc loss  tensor(-0.1152, device='cuda:0', grad_fn=<DivBackward0>)
train_loss: 1.3942698109676712
Solved 62/100.
	1: 16/16=1.00
	2: 5/22=0.23
	3: 2/13=0.15
	4: 1/10=0.10
Epoch 244	 test accs 0.3870967741935484
avg cc loss  tensor(-0.1568, device='cuda:0', grad_fn=<DivBackward0>)
train_loss: 1.3399848139088135
avg cc loss  tensor(-0.0705, device='cuda:0', grad_fn=<DivBackward0>)
train_loss: 1.324713945374242
avg cc loss  tensor(-0.0658, device='cuda:0', grad_fn=<DivBackward0>)
train_loss: 1.2989792683183623
avg cc loss  tensor(-0.0687, device='cuda:0', grad_fn=<DivBackward0>)
train_loss: 1.2999220438250632
avg cc loss  tensor(-0.1487, device='cuda:0', grad_fn=<DivBackward0>)
train_loss: 1.2790591300145024
Solved 62/100.
	1: 16/16=1.00
	2: 5/22=0.23
	3: 3/13=0.23
	4: 3/10=0.30
Epoch 305	 test accs 0.43548387096774194
Saved model at models/353d4695ec784f8e87d635eaaeae0270-epoch-306_control.pt
avg cc loss  tensor(-0.0643, device='cuda:0', grad_fn=<DivBackward0>)
train_loss: 1.3021777927133371
avg cc loss  tensor(-0.2022, device='cuda:0', grad_fn=<DivBackward0>)
train_loss: 1.2675251165637746
avg cc loss  tensor(-0.0687, device='cuda:0', grad_fn=<DivBackward0>)
train_loss: 1.290679583529709
avg cc loss  tensor(-0.1654, device='cuda:0', grad_fn=<DivBackward0>)
train_loss: 1.253681919637529
avg cc loss  tensor(-0.0847, device='cuda:0', grad_fn=<DivBackward0>)
train_loss: 1.2394096927600913
Solved 62/100.
	1: 16/16=1.00
	2: 5/22=0.23
	3: 3/13=0.23
	4: 4/10=0.40
Epoch 366	 test accs 0.45161290322580644
avg cc loss  tensor(-0.0589, device='cuda:0', grad_fn=<DivBackward0>)
train_loss: 1.2704888504413248
avg cc loss  tensor(0.0153, device='cuda:0', grad_fn=<DivBackward0>)
train_loss: 1.2372834259404044
avg cc loss  tensor(-0.2145, device='cuda:0', grad_fn=<DivBackward0>)
train_loss: 1.2763103752513416
avg cc loss  tensor(-0.0850, device='cuda:0', grad_fn=<DivBackward0>)
train_loss: 1.2345193543442292
avg cc loss  tensor(-0.0959, device='cuda:0', grad_fn=<DivBackward0>)
train_loss: 1.2128836417650746
Solved 62/100.
	1: 16/16=1.00
	2: 5/22=0.23
	3: 6/13=0.46
	4: 6/10=0.60
Epoch 427	 test accs 0.532258064516129
avg cc loss  tensor(-0.0706, device='cuda:0', grad_fn=<DivBackward0>)
train_loss: 1.1944300149916671
avg cc loss  tensor(-0.0343, device='cuda:0', grad_fn=<DivBackward0>)
train_loss: 1.22638223755348
avg cc loss  tensor(-0.1197, device='cuda:0', grad_fn=<DivBackward0>)
train_loss: 1.2233700943579606
avg cc loss  tensor(-0.1248, device='cuda:0', grad_fn=<DivBackward0>)
train_loss: 1.2310048282670323
avg cc loss  tensor(-0.0935, device='cuda:0', grad_fn=<DivBackward0>)
train_loss: 1.2992234629928134
Solved 62/100.
	1: 16/16=1.00
	2: 5/22=0.23
	3: 3/13=0.23
	4: 3/10=0.30
Epoch 488	 test accs 0.43548387096774194
avg cc loss  tensor(-0.0829, device='cuda:0', grad_fn=<DivBackward0>)
train_loss: 1.2541206609876099
avg cc loss  tensor(-0.1811, device='cuda:0', grad_fn=<DivBackward0>)
train_loss: 1.2117501922948577
avg cc loss  tensor(0.0560, device='cuda:0', grad_fn=<DivBackward0>)
train_loss: 1.2044048772731912
avg cc loss  tensor(-0.0467, device='cuda:0', grad_fn=<DivBackward0>)
train_loss: 1.1580959697057551
avg cc loss  tensor(-0.0643, device='cuda:0', grad_fn=<DivBackward0>)
train_loss: 1.1415274448863784
Solved 62/100.
	1: 16/16=1.00
	2: 4/22=0.18
	3: 5/13=0.38
	4: 5/10=0.50
Epoch 549	 test accs 0.4838709677419355
avg cc loss  tensor(-0.0343, device='cuda:0', grad_fn=<DivBackward0>)
train_loss: 1.2610671642105444
avg cc loss  tensor(-0.1038, device='cuda:0', grad_fn=<DivBackward0>)
train_loss: 1.1752392037888058
avg cc loss  tensor(-0.0622, device='cuda:0', grad_fn=<DivBackward0>)
train_loss: 1.2801418159478999
avg cc loss  tensor(-0.0773, device='cuda:0', grad_fn=<DivBackward0>)
train_loss: 1.148843394130381
avg cc loss  tensor(-0.1180, device='cuda:0', grad_fn=<DivBackward0>)
train_loss: 1.2010096830890689
Solved 62/100.
	1: 16/16=1.00
	2: 5/22=0.23
	3: 6/13=0.46
	4: 6/10=0.60
Epoch 610	 test accs 0.532258064516129
avg cc loss  tensor(-0.0770, device='cuda:0', grad_fn=<DivBackward0>)
train_loss: 1.1415496487243217
Saved model at models/353d4695ec784f8e87d635eaaeae0270-epoch-612_control.pt
avg cc loss  tensor(-0.1187, device='cuda:0', grad_fn=<DivBackward0>)
train_loss: 1.228497341995535
avg cc loss  tensor(-0.0923, device='cuda:0', grad_fn=<DivBackward0>)
train_loss: 1.1653502645640401
avg cc loss  tensor(-0.1642, device='cuda:0', grad_fn=<DivBackward0>)
train_loss: 1.145960554749763
avg cc loss  tensor(-0.0265, device='cuda:0', grad_fn=<DivBackward0>)
train_loss: 1.1643813361315551
Solved 62/100.
	1: 16/16=1.00
	2: 5/22=0.23
	3: 5/13=0.38
	4: 4/10=0.40
Epoch 671	 test accs 0.4838709677419355
avg cc loss  tensor(-0.1386, device='cuda:0', grad_fn=<DivBackward0>)
train_loss: 1.188260946313676
avg cc loss  tensor(-0.0343, device='cuda:0', grad_fn=<DivBackward0>)
train_loss: 1.1282350138008042
avg cc loss  tensor(-0.1328, device='cuda:0', grad_fn=<DivBackward0>)
train_loss: 1.1418579582496022
avg cc loss  tensor(-0.1708, device='cuda:0', grad_fn=<DivBackward0>)
train_loss: 1.1069447464797122
avg cc loss  tensor(-0.0401, device='cuda:0', grad_fn=<DivBackward0>)
train_loss: 1.1532973382709315
avg cc loss  tensor(-0.0357, device='cuda:0', grad_fn=<DivBackward0>)
train_loss: 1.152510695712408
Solved 62/100.
	1: 16/16=1.00
	2: 5/22=0.23
	3: 6/13=0.46
	4: 4/10=0.40
Epoch 732	 test accs 0.5
avg cc loss  tensor(-0.0801, device='cuda:0', grad_fn=<DivBackward0>)
train_loss: 1.158437799094827
avg cc loss  tensor(-0.0267, device='cuda:0', grad_fn=<DivBackward0>)
train_loss: 1.144772414379986
avg cc loss  tensor(-0.1448, device='cuda:0', grad_fn=<DivBackward0>)
train_loss: 1.178120373906495
avg cc loss  tensor(-0.0033, device='cuda:0', grad_fn=<DivBackward0>)
train_loss: 1.117361710741534
avg cc loss  tensor(-0.1144, device='cuda:0', grad_fn=<DivBackward0>)
train_loss: 1.1066755157953594
Solved 62/100.
	1: 16/16=1.00
	2: 5/22=0.23
	3: 5/13=0.38
	4: 6/10=0.60
Epoch 793	 test accs 0.5161290322580645
avg cc loss  tensor(-0.0914, device='cuda:0', grad_fn=<DivBackward0>)
train_loss: 1.0915807150704495
avg cc loss  tensor(-0.0758, device='cuda:0', grad_fn=<DivBackward0>)
train_loss: 1.081730864236306
avg cc loss  tensor(-0.0361, device='cuda:0', grad_fn=<DivBackward0>)
train_loss: 1.3362251281869248
avg cc loss  tensor(-0.0625, device='cuda:0', grad_fn=<DivBackward0>)
train_loss: 1.1291066883131862
avg cc loss  tensor(-0.1260, device='cuda:0', grad_fn=<DivBackward0>)
train_loss: 1.1035475026656059
Solved 62/100.
	1: 16/16=1.00
	2: 5/22=0.23
	3: 4/13=0.31
	4: 6/10=0.60
Epoch 854	 test accs 0.5
avg cc loss  tensor(-0.1413, device='cuda:0', grad_fn=<DivBackward0>)
train_loss: 1.12021716514937
avg cc loss  tensor(-0.1170, device='cuda:0', grad_fn=<DivBackward0>)
train_loss: 1.0826599713182077
avg cc loss  tensor(-0.0653, device='cuda:0', grad_fn=<DivBackward0>)
train_loss: 1.1180722719145706
avg cc loss  tensor(-0.1601, device='cuda:0', grad_fn=<DivBackward0>)
train_loss: 1.1173026687356469
avg cc loss  tensor(-0.1935, device='cuda:0', grad_fn=<DivBackward0>)
train_loss: 1.0871249617557623
Solved 62/100.
	1: 16/16=1.00
	2: 5/22=0.23
	3: 7/13=0.54
	4: 6/10=0.60
Epoch 915	 test accs 0.5483870967741935
Saved model at models/353d4695ec784f8e87d635eaaeae0270-epoch-918_control.pt
avg cc loss  tensor(-0.0566, device='cuda:0', grad_fn=<DivBackward0>)
train_loss: 1.1020237211705535
avg cc loss  tensor(-0.1052, device='cuda:0', grad_fn=<DivBackward0>)
train_loss: 1.0594717437415966
avg cc loss  tensor(-0.1629, device='cuda:0', grad_fn=<DivBackward0>)
train_loss: 1.0770898894606944
avg cc loss  tensor(-0.0642, device='cuda:0', grad_fn=<DivBackward0>)
train_loss: 1.0673923188369372
avg cc loss  tensor(-0.1400, device='cuda:0', grad_fn=<DivBackward0>)
train_loss: 1.0690084543748526
Solved 62/100.
	1: 16/16=1.00
	2: 6/22=0.27
	3: 6/13=0.46
	4: 3/10=0.30
Epoch 976	 test accs 0.5
avg cc loss  tensor(-0.1398, device='cuda:0', grad_fn=<DivBackward0>)
train_loss: 1.0481349356796272
avg cc loss  tensor(-0.1237, device='cuda:0', grad_fn=<DivBackward0>)
train_loss: 1.0436640478801564
avg cc loss  tensor(-0.1931, device='cuda:0', grad_fn=<DivBackward0>)
train_loss: 1.0451070544877439
avg cc loss  tensor(-0.1141, device='cuda:0', grad_fn=<DivBackward0>)
train_loss: 1.14038337864622
avg cc loss  tensor(-0.1045, device='cuda:0', grad_fn=<DivBackward0>)
train_loss: 1.0619180831417907
Solved 62/100.
	1: 16/16=1.00
	2: 5/22=0.23
	3: 6/13=0.46
	4: 3/10=0.30
Epoch 1037	 test accs 0.4838709677419355
avg cc loss  tensor(-0.0314, device='cuda:0', grad_fn=<DivBackward0>)
train_loss: 1.0302315777225886
avg cc loss  tensor(-0.0570, device='cuda:0', grad_fn=<DivBackward0>)
train_loss: 1.0770106925265281
avg cc loss  tensor(-0.1112, device='cuda:0', grad_fn=<DivBackward0>)
train_loss: 1.0479924714236404
avg cc loss  tensor(-0.0337, device='cuda:0', grad_fn=<DivBackward0>)
train_loss: 1.1837793561571743
avg cc loss  tensor(-0.0424, device='cuda:0', grad_fn=<DivBackward0>)
train_loss: 1.0443190485530067
Solved 62/100.
	1: 16/16=1.00
	2: 5/22=0.23
	3: 5/13=0.38
	4: 5/10=0.50
Epoch 1098	 test accs 0.5
avg cc loss  tensor(-0.0361, device='cuda:0', grad_fn=<DivBackward0>)
train_loss: 1.1131209881059476
avg cc loss  tensor(-0.1072, device='cuda:0', grad_fn=<DivBackward0>)
train_loss: 1.021904174482188
avg cc loss  tensor(-0.0098, device='cuda:0', grad_fn=<DivBackward0>)
train_loss: 1.1202329314000963
avg cc loss  tensor(-0.0308, device='cuda:0', grad_fn=<DivBackward0>)
train_loss: 1.0462261338216194
avg cc loss  tensor(-0.0660, device='cuda:0', grad_fn=<DivBackward0>)
train_loss: 1.049593703395658
Solved 62/100.
	1: 16/16=1.00
	2: 5/22=0.23
	3: 7/13=0.54
	4: 4/10=0.40
Epoch 1159	 test accs 0.5161290322580645
avg cc loss  tensor(-0.1450, device='cuda:0', grad_fn=<DivBackward0>)
train_loss: 1.0900707179389428
avg cc loss  tensor(0.0007, device='cuda:0', grad_fn=<DivBackward0>)
train_loss: 1.008846641463606
avg cc loss  tensor(-0.0812, device='cuda:0', grad_fn=<DivBackward0>)
train_loss: 1.040759702998912
avg cc loss  tensor(-0.1935, device='cuda:0', grad_fn=<DivBackward0>)
train_loss: 1.054477430487168
avg cc loss  tensor(-0.0448, device='cuda:0', grad_fn=<DivBackward0>)
train_loss: 1.0596969339021598
Solved 62/100.
	1: 16/16=1.00
	2: 6/22=0.27
	3: 6/13=0.46
	4: 4/10=0.40
Epoch 1220	 test accs 0.5161290322580645
avg cc loss  tensor(-0.0830, device='cuda:0', grad_fn=<DivBackward0>)
train_loss: 1.0172304155094025
Saved model at models/353d4695ec784f8e87d635eaaeae0270-epoch-1224_control.pt
Completed fine tuning in 4801.0 seconds
