MODEL:	 cc
N:	 20000
ABSTRACT_PEN:	 0.0
Starting run:
7db1892126624b6ba315d4d838dfe8e0
params: {'n': 20000, 'traj_updates': 100000000.0, 'num_saves': 4, 'num_tests': 100, 'num_test': 200, 'lr': 0.0008, 'batch_size': 32, 'abstract_pen': 0.0, 'model': 'cc', 'seed': 1, 'tau_noise': 0.0, 'neptune': False, 'no_log': False, 'b': 10, 'eval': False, 'load': False, 'abstract_dim': 32, 'ellis': False, 'freeze': False, 'fine_tune': False, 'variable_abstract_pen': False, 'tau_precompute': False, 'replace_trans_net': False, 'batch_norm': False, 'device': 'NVIDIA GeForce RTX 2080 Ti', 'epochs': 5000, 'test_every': 50, 'save_every': 1250, 'id': '7db1892126624b6ba315d4d838dfe8e0'}
Net has 236788 parameters
WARNING: tau norm dim disabled
train_loss: 561021.2940979004
Solved 0/200 episodes, CC loss avg = 0.03153088432938616
Epoch 0	 test acc 0.0
train_loss: 145967.47244644165
train_loss: 110643.69519805908
train_loss: 99135.76008033752
train_loss: 92645.27540779114
train_loss: 89118.73068618774
Solved 41/200 episodes, CC loss avg = 0.01838903023720945
Epoch 50	 test acc 0.205
train_loss: 81966.12115859985
train_loss: 79364.92659378052
train_loss: 76151.5454044342
train_loss: 72945.39021492004
train_loss: 61859.97355604172
Solved 70/200 episodes, CC loss avg = 0.013514864973443967
Epoch 100	 test acc 0.35
train_loss: 53446.99252104759
train_loss: 48080.43755078316
train_loss: 42828.13321852684
train_loss: 39207.83592760563
train_loss: 37942.70107448101
Solved 86/200 episodes, CC loss avg = 0.011998997257191332
Epoch 150	 test acc 0.43
train_loss: 34020.50492763519
train_loss: 30290.677978157997
train_loss: 31075.238348066807
train_loss: 25362.644879698753
train_loss: 24480.892926692963
Solved 90/200 episodes, CC loss avg = 0.01251648138524691
Epoch 200	 test acc 0.45
train_loss: 23712.194802820683
train_loss: 22504.850173711777
train_loss: 21326.466404914856
train_loss: 19853.01347875595
train_loss: 20377.884988844395
Solved 85/200 episodes, CC loss avg = 0.010959890536346183
Epoch 250	 test acc 0.425
train_loss: 18658.79047960043
train_loss: 20153.630713284016
train_loss: 17262.307935118675
train_loss: 17825.362674832344
train_loss: 17796.418142914772
Solved 90/200 episodes, CC loss avg = 0.013469975810574387
Epoch 300	 test acc 0.45
train_loss: 15848.336626887321
train_loss: 15829.668762147427
train_loss: 16366.731816589832
train_loss: 13388.531343132257
train_loss: 17847.89138406515
Solved 102/200 episodes, CC loss avg = 0.01004151780002306
Epoch 350	 test acc 0.51
train_loss: 15063.850629478693
train_loss: 15993.70739942789
train_loss: 13721.055461078882
train_loss: 13988.597292780876
train_loss: 13229.237008839846
Solved 106/200 episodes, CC loss avg = 0.010714083292952292
Epoch 400	 test acc 0.53
train_loss: 14474.566942811012
train_loss: 14265.081796616316
train_loss: 13400.28465655446
train_loss: 13009.909474492073
train_loss: 11230.193874746561
Solved 103/200 episodes, CC loss avg = 0.01121338000787258
Epoch 450	 test acc 0.515
train_loss: 11559.900001436472
train_loss: 12838.322713315487
train_loss: 12376.442242592573
train_loss: 12838.974270045757
train_loss: 12881.053799957037
Solved 107/200 episodes, CC loss avg = 0.011828507696096013
Epoch 500	 test acc 0.535
train_loss: 15997.727632820606
train_loss: 10738.68097910285
train_loss: 12207.103038072586
train_loss: 11389.757064521313
train_loss: 11757.85004350543
Solved 111/200 episodes, CC loss avg = 0.010307480303182438
Epoch 550	 test acc 0.555
train_loss: 20766.740311086178
train_loss: 10926.977787971497
train_loss: 12961.720819354057
train_loss: 10119.000412404537
train_loss: 11252.97680592537
Solved 105/200 episodes, CC loss avg = 0.011527904906918377
Epoch 600	 test acc 0.525
train_loss: 10834.456116378307
train_loss: 18071.45588427782
train_loss: 9479.965186923742
train_loss: 10081.069508254528
train_loss: 10242.070202171803
Solved 110/200 episodes, CC loss avg = 0.008704284045680877
Epoch 650	 test acc 0.55
train_loss: 10072.508305847645
train_loss: 10086.812733978033
train_loss: 10667.034254670143
train_loss: 12368.797856330872
train_loss: 9577.998940646648
Solved 118/200 episodes, CC loss avg = 0.009247070967628461
Epoch 700	 test acc 0.59
train_loss: 9281.466962516308
train_loss: 9856.219228416681
train_loss: 11209.510638177395
train_loss: 10329.775669455528
train_loss: 10591.679369419813
Solved 111/200 episodes, CC loss avg = 0.009085310124559168
Epoch 750	 test acc 0.555
train_loss: 9489.12212267518
train_loss: 9333.419404566288
train_loss: 9299.66851580143
train_loss: 11305.439820736647
train_loss: 8704.800862520933
Solved 122/200 episodes, CC loss avg = 0.009594388808838299
Epoch 800	 test acc 0.61
train_loss: 9179.04168984294
train_loss: 9510.317185610533
train_loss: 11628.918704718351
train_loss: 9071.452182531357
train_loss: 7883.803867816925
Solved 125/200 episodes, CC loss avg = 0.009372687984856744
Epoch 850	 test acc 0.625
train_loss: 10180.886189877987
train_loss: 10879.138469576836
train_loss: 9954.153983205557
train_loss: 8771.746968269348
train_loss: 9367.573224037886
Solved 124/200 episodes, CC loss avg = 0.007926180394683485
Epoch 900	 test acc 0.62
train_loss: 11512.148877739906
train_loss: 9178.4213321805
train_loss: 11219.769570976496
train_loss: 11578.88534834981
train_loss: 7705.239118635654
Solved 101/200 episodes, CC loss avg = 0.010734266803851101
Epoch 950	 test acc 0.505
train_loss: 8833.3028062284
train_loss: 9187.115354388952
train_loss: 9912.921470433474
train_loss: 8393.917518883944
train_loss: 8534.700796872377
Solved 115/200 episodes, CC loss avg = 0.009378593415604694
Epoch 1000	 test acc 0.575
train_loss: 7650.445337831974
train_loss: 7550.5053988695145
train_loss: 8370.66348350048
train_loss: 8991.703589886427
train_loss: 8968.41664364934
Solved 127/200 episodes, CC loss avg = 0.01048382550036931
Epoch 1050	 test acc 0.635
train_loss: 9185.237900525331
train_loss: 8766.396348655224
train_loss: 9705.629872739315
train_loss: 7676.46582749486
train_loss: 8505.266848295927
Solved 124/200 episodes, CC loss avg = 0.0109173506371924
Epoch 1100	 test acc 0.62
train_loss: 7549.571128338575
train_loss: 7909.629304379225
train_loss: 8684.80895870924
train_loss: 9604.031506627798
train_loss: 11010.42021805048
Solved 125/200 episodes, CC loss avg = 0.008535681611853944
Epoch 1150	 test acc 0.625
train_loss: 8544.724095344543
train_loss: 8087.913600355387
train_loss: 8610.578301519156
train_loss: 11293.632736891508
train_loss: 8371.01424229145
Solved 128/200 episodes, CC loss avg = 0.010021316896829065
Epoch 1200	 test acc 0.64
train_loss: 7417.071595221758
train_loss: 10048.914452284575
train_loss: 7935.245260000229
train_loss: 9441.618996232748
train_loss: 9136.294912546873
Solved 128/200 episodes, CC loss avg = 0.010530504265043612
Epoch 1250	 test acc 0.64
Saved model at models/7db1892126624b6ba315d4d838dfe8e0-epoch-1250.pt
train_loss: 8335.87853872776
train_loss: 9321.548846006393
train_loss: 9605.56604975462
train_loss: 11398.600969582796
train_loss: 7385.015208631754
Solved 129/200 episodes, CC loss avg = 0.009924204996847152
Epoch 1300	 test acc 0.645
train_loss: 9475.16263744235
train_loss: 8384.009557932615
train_loss: 8667.462796509266
train_loss: 9325.578746080399
train_loss: 8042.535024523735
Solved 123/200 episodes, CC loss avg = 0.012757649327868091
Epoch 1350	 test acc 0.615
train_loss: 8829.886233776808
train_loss: 9105.824589192867
train_loss: 8087.537771701813
train_loss: 8643.038110733032
train_loss: 10161.448807239532
Solved 158/200 episodes, CC loss avg = 0.01037187053710895
Epoch 1400	 test acc 0.79
train_loss: 9235.765889763832
train_loss: 10798.925850629807
train_loss: 9643.161958158016
train_loss: 10148.284764826298
train_loss: 11665.71722137928
Solved 153/200 episodes, CC loss avg = 0.011623077042539495
Epoch 1450	 test acc 0.765
train_loss: 14336.341460108757
train_loss: 9495.22321909666
train_loss: 8787.050831973553
train_loss: 9776.853198707104
train_loss: 9739.352947235107
Solved 158/200 episodes, CC loss avg = 0.009913162373844245
Epoch 1500	 test acc 0.79
train_loss: 11614.606322467327
train_loss: 11782.274510502815
train_loss: 14071.784845173359
train_loss: 9118.468511998653
train_loss: 9114.750373244286
Solved 195/200 episodes, CC loss avg = 0.01247091291141849
Epoch 1550	 test acc 0.975
train_loss: 7337.256494998932
train_loss: 7577.845471799374
train_loss: 6687.991702139378
train_loss: 7545.439301073551
train_loss: 9285.844485163689
Solved 198/200 episodes, CC loss avg = 0.010010434048650952
Epoch 1600	 test acc 0.99
train_loss: 5464.908059835434
train_loss: 7188.618000030518
train_loss: 6719.479021966457
train_loss: 4916.677042067051
train_loss: 5458.214670538902
Solved 198/200 episodes, CC loss avg = 0.007576132569275023
Epoch 1650	 test acc 0.99
i=tensor([12], device='cuda:0')
fw: tensor([-1398.0291], device='cuda:0', grad_fn=<IndexBackward0>), bw: tensor([-1398.0289], device='cuda:0', grad_fn=<IndexBackward0>), hmm_fw: tensor([-1398.0291], device='cuda:0', grad_fn=<IndexBackward0>)
a: tensor([0.], device='cuda:0', grad_fn=<SubBackward0>), b: tensor([0.], device='cuda:0', grad_fn=<SubBackward0>), hmm_fw: tensor([-1398.0291], device='cuda:0', grad_fn=<IndexBackward0>)
i=tensor([31], device='cuda:0')
fw: tensor([-1593.7454], device='cuda:0', grad_fn=<IndexBackward0>), bw: tensor([-1593.7451], device='cuda:0', grad_fn=<IndexBackward0>), hmm_fw: tensor([-1593.7455], device='cuda:0', grad_fn=<IndexBackward0>)
a: tensor([-0.0001], device='cuda:0', grad_fn=<SubBackward0>), b: tensor([-0.0001], device='cuda:0', grad_fn=<SubBackward0>), hmm_fw: tensor([-1593.7455], device='cuda:0', grad_fn=<IndexBackward0>)
train_loss: 4927.863640189171
train_loss: 5165.577999651432
train_loss: 4165.198800325394
train_loss: 4431.385220378637
i=tensor([21], device='cuda:0')
fw: tensor([-607.2051], device='cuda:0', grad_fn=<IndexBackward0>), bw: tensor([-607.2050], device='cuda:0', grad_fn=<IndexBackward0>), hmm_fw: tensor([-607.2051], device='cuda:0', grad_fn=<IndexBackward0>)
a: tensor([0.], device='cuda:0', grad_fn=<SubBackward0>), b: tensor([0.], device='cuda:0', grad_fn=<SubBackward0>), hmm_fw: tensor([-607.2051], device='cuda:0', grad_fn=<IndexBackward0>)
train_loss: 4865.547361195087
Solved 199/200 episodes, CC loss avg = 0.006648031792220169
Epoch 1700	 test acc 0.995
train_loss: 5224.154380381107
train_loss: 4417.781740486622
train_loss: 4222.322971075773
train_loss: 6654.773175895214
train_loss: 3969.510523766279
Solved 198/200 episodes, CC loss avg = 0.007472959606363338
Epoch 1750	 test acc 0.99
train_loss: 5133.638005495071
train_loss: 3949.0031913518906
train_loss: 5322.15858656168
train_loss: 6745.973509132862
train_loss: 6875.554259777069
Solved 197/200 episodes, CC loss avg = 0.008063840062147932
Epoch 1800	 test acc 0.985
train_loss: 4342.860453218222
train_loss: 3450.786453783512
train_loss: 7310.668752163649
train_loss: 6099.789033293724
train_loss: 3486.0602833926678
Solved 200/200 episodes, CC loss avg = 0.006090622076935644
Epoch 1850	 test acc 1.0
train_loss: 5229.703446269035
train_loss: 4720.723252773285
train_loss: 4820.542802333832
train_loss: 4271.725395470858
train_loss: 5068.573473215103
Solved 198/200 episodes, CC loss avg = 0.006961414601055814
Epoch 1900	 test acc 0.99
train_loss: 4801.759130954742
train_loss: 3620.3516655266285
train_loss: 3229.109319895506
i=tensor([22], device='cuda:0')
fw: tensor([-601.5727], device='cuda:0', grad_fn=<IndexBackward0>), bw: tensor([-601.5726], device='cuda:0', grad_fn=<IndexBackward0>), hmm_fw: tensor([-601.5727], device='cuda:0', grad_fn=<IndexBackward0>)
a: tensor([0.], device='cuda:0', grad_fn=<SubBackward0>), b: tensor([0.], device='cuda:0', grad_fn=<SubBackward0>), hmm_fw: tensor([-601.5727], device='cuda:0', grad_fn=<IndexBackward0>)
train_loss: 3258.140206038952
train_loss: 3492.5562184751034
Solved 199/200 episodes, CC loss avg = 0.005797352060171093
Epoch 1950	 test acc 0.995
train_loss: 3343.3807849884033
train_loss: 3275.669383376837
train_loss: 4172.956644386053
train_loss: 4843.423000127077
train_loss: 3442.450458675623
Solved 198/200 episodes, CC loss avg = 0.006064933721081571
Epoch 2000	 test acc 0.99
train_loss: 4126.934847652912
train_loss: 3122.766738086939
train_loss: 3702.5379523336887
train_loss: 4555.591162145138
train_loss: 3569.9555777311325
Solved 200/200 episodes, CC loss avg = 0.0056369971675013
Epoch 2050	 test acc 1.0
train_loss: 7759.872721076012
train_loss: 3560.5291483700275
train_loss: 3398.464674860239
train_loss: 2909.4497471153736
train_loss: 3000.1013892292976
Solved 200/200 episodes, CC loss avg = 0.005446936532414332
Epoch 2100	 test acc 1.0
train_loss: 4716.022899448872
train_loss: 5101.899074792862
train_loss: 5467.455111384392
train_loss: 3659.99402192235
train_loss: 2979.190065085888
Solved 200/200 episodes, CC loss avg = 0.00579422814022946
Epoch 2150	 test acc 1.0
train_loss: 5691.573441028595
train_loss: 4603.3999836444855
train_loss: 4104.228187024593
slurmstepd: error: *** JOB 563793 ON badjak CANCELLED AT 2022-05-14T15:20:35 DUE TO TIME LIMIT ***
