MODEL:	 hmm
N:	 20000
ABSTRACT_PEN:	 1.0
Starting run:
2ecae28e4dbe48718669370da8f0b093
params: {'n': 20000, 'traj_updates': 10000000.0, 'num_saves': 20, 'num_tests': 100, 'num_test': 200, 'lr': 0.0008, 'batch_size': 16, 'model_load_path': 'models/4f33c4fd2210434ab368a39eb335d2d8-epoch-625.pt', 'b': 10, 'abstract_pen': 1.0, 'model': 'hmm', 'seed': 1, 'abstract_dim': 32, 'tau_noise_std': 0.0, 'freeze': False, 'eval': False, 'load': False, 'ellis': False, 'neptune': False, 'no_log': False, 'fine_tune': False, 'variable_abstract_pen': False, 'tau_precompute': False, 'replace_trans_net': False, 'batch_norm': False, 'no_tau_norm': False, 'relational_micro': False, 'toy_test': False, 'separate_option_nets': False, 'gumbel': True, 'g_start_temp': 10.0, 'g_stop_temp': 5.0, 'num_categories': 8, 'gumbel_sched': <function boxworld_main.<locals>.schedule_temp at 0x7f73528b7af0>, 'device': 'NVIDIA TITAN Xp', 'epochs': 500, 'test_every': 5, 'save_every': 25, 'id': '2ecae28e4dbe48718669370da8f0b093'}
Net has 228596 parameters
WARNING: tau norm dim disabled
abstract.GUMBEL_TEMP: 10.0
train_loss: 603008.2069778442
Solved 0/200 episodes, CC loss avg = 0.003969522243594083
Epoch 0	 test acc 0.0
abstract.GUMBEL_TEMP: 9.982686325973926
train_loss: 410359.1611480713
abstract.GUMBEL_TEMP: 9.965402628278678
train_loss: 386594.33933258057
abstract.GUMBEL_TEMP: 9.948148855014217
train_loss: 371083.28301239014
abstract.GUMBEL_TEMP: 9.93092495437036
train_loss: 351730.09870910645
abstract.GUMBEL_TEMP: 9.913730874626621
train_loss: 330274.5867919922
Solved 5/200 episodes, CC loss avg = 15.233048101997978
Epoch 5	 test acc 0.025
abstract.GUMBEL_TEMP: 9.896566564152069
train_loss: 307131.7651977539
abstract.GUMBEL_TEMP: 9.879431971405161
train_loss: 283259.67516326904
abstract.GUMBEL_TEMP: 9.862327044933592
train_loss: 260654.81998825073
abstract.GUMBEL_TEMP: 9.84525173337414
train_loss: 246489.80934524536
abstract.GUMBEL_TEMP: 9.82820598545251
train_loss: 235876.9084892273
Solved 19/200 episodes, CC loss avg = 20.25952684833513
Epoch 10	 test acc 0.095
abstract.GUMBEL_TEMP: 9.811189749983187
train_loss: 228468.46692276
abstract.GUMBEL_TEMP: 9.794202975869268
train_loss: 221321.9185295105
abstract.GUMBEL_TEMP: 9.777245612102327
train_loss: 216288.5775604248
abstract.GUMBEL_TEMP: 9.760317607762246
train_loss: 211493.46605300903
abstract.GUMBEL_TEMP: 9.74341891201707
train_loss: 207613.02327728271
Solved 12/200 episodes, CC loss avg = 15.67014759584159
Epoch 15	 test acc 0.06
abstract.GUMBEL_TEMP: 9.726549474122855
train_loss: 203624.04385375977
abstract.GUMBEL_TEMP: 9.70970924342351
train_loss: 200219.79718780518
abstract.GUMBEL_TEMP: 9.69289816935065
train_loss: 197143.98349952698
abstract.GUMBEL_TEMP: 9.676116201423444
train_loss: 193855.86623764038
abstract.GUMBEL_TEMP: 9.659363289248457
train_loss: 191509.30041503906
Solved 22/200 episodes, CC loss avg = 23.460085794733217
Epoch 20	 test acc 0.11
abstract.GUMBEL_TEMP: 9.642639382519508
train_loss: 189952.3970336914
abstract.GUMBEL_TEMP: 9.625944431017514
train_loss: 187072.55131149292
abstract.GUMBEL_TEMP: 9.609278384610338
train_loss: 185739.61786079407
abstract.GUMBEL_TEMP: 9.592641193252643
train_loss: 183891.35759353638
abstract.GUMBEL_TEMP: 9.576032806985737
train_loss: 181661.70911026
Solved 21/200 episodes, CC loss avg = 18.157289154437446
Epoch 25	 test acc 0.105
Saved model at models/2ecae28e4dbe48718669370da8f0b093-epoch-25.pt
abstract.GUMBEL_TEMP: 9.55945317593742
train_loss: 180224.21438026428
abstract.GUMBEL_TEMP: 9.542902250321852
train_loss: 179403.925863266
abstract.GUMBEL_TEMP: 9.526379980439373
train_loss: 177664.75111579895
abstract.GUMBEL_TEMP: 9.50988631667639
train_loss: 176136.7163066864
abstract.GUMBEL_TEMP: 9.493421209505192
train_loss: 175004.47672843933
Solved 21/200 episodes, CC loss avg = 31.991777568900336
Epoch 30	 test acc 0.105
abstract.GUMBEL_TEMP: 9.476984609483832
train_loss: 174172.2685432434
abstract.GUMBEL_TEMP: 9.460576467255958
train_loss: 172814.0397796631
abstract.GUMBEL_TEMP: 9.444196733550676
train_loss: 171562.90693473816
abstract.GUMBEL_TEMP: 9.427845359182395
train_loss: 170118.08691215515
abstract.GUMBEL_TEMP: 9.41152229505068
train_loss: 168936.61818695068
Solved 27/200 episodes, CC loss avg = 30.850799922274227
Epoch 35	 test acc 0.135
abstract.GUMBEL_TEMP: 9.395227492140119
train_loss: 167682.5035572052
abstract.GUMBEL_TEMP: 9.378960901520145
train_loss: 166863.28331947327
abstract.GUMBEL_TEMP: 9.362722474344922
train_loss: 165428.23003196716
abstract.GUMBEL_TEMP: 9.34651216185318
train_loss: 164489.39588928223
abstract.GUMBEL_TEMP: 9.330329915368074
train_loss: 163544.400100708
Solved 29/200 episodes, CC loss avg = 31.994242277437948
Epoch 40	 test acc 0.145
abstract.GUMBEL_TEMP: 9.314175686297032
train_loss: 163000.64676856995
abstract.GUMBEL_TEMP: 9.298049426131618
train_loss: 162180.47391319275
abstract.GUMBEL_TEMP: 9.281951086447382
train_loss: 161403.0193824768
abstract.GUMBEL_TEMP: 9.265880618903708
train_loss: 160487.0412902832
abstract.GUMBEL_TEMP: 9.249837975243686
train_loss: 159673.1209011078
Solved 29/200 episodes, CC loss avg = 37.868039591161875
Epoch 45	 test acc 0.145
abstract.GUMBEL_TEMP: 9.233823107293949
train_loss: 159479.20395469666
abstract.GUMBEL_TEMP: 9.217835966964536
train_loss: 158822.71516036987
abstract.GUMBEL_TEMP: 9.201876506248752
train_loss: 158168.67155075073
abstract.GUMBEL_TEMP: 9.185944677223013
train_loss: 157187.49901390076
abstract.GUMBEL_TEMP: 9.170040432046711
train_loss: 157135.53338241577
Solved 26/200 episodes, CC loss avg = 26.407592337378965
Epoch 50	 test acc 0.13
Saved model at models/2ecae28e4dbe48718669370da8f0b093-epoch-50.pt
abstract.GUMBEL_TEMP: 9.154163722962075
train_loss: 156458.00210762024
abstract.GUMBEL_TEMP: 9.138314502294005
train_loss: 156168.71626853943
abstract.GUMBEL_TEMP: 9.122492722449959
train_loss: 155721.42440795898
abstract.GUMBEL_TEMP: 9.106698335919784
train_loss: 154708.89498710632
abstract.GUMBEL_TEMP: 9.090931295275592
train_loss: 154959.68808746338
Solved 34/200 episodes, CC loss avg = 42.65762069120127
Epoch 55	 test acc 0.17
abstract.GUMBEL_TEMP: 9.075191553171608
train_loss: 153943.02640342712
abstract.GUMBEL_TEMP: 9.059479062344028
train_loss: 153695.39472961426
abstract.GUMBEL_TEMP: 9.043793775610881
train_loss: 153715.672416687
abstract.GUMBEL_TEMP: 9.028135645871885
train_loss: 152873.58430480957
abstract.GUMBEL_TEMP: 9.012504626108303
train_loss: 152449.90657424927
Solved 29/200 episodes, CC loss avg = 48.83052498256592
Epoch 60	 test acc 0.145
abstract.GUMBEL_TEMP: 8.996900669382809
train_loss: 152340.16534042358
abstract.GUMBEL_TEMP: 8.981323728839342
train_loss: 151682.6857585907
abstract.GUMBEL_TEMP: 8.965773757702966
train_loss: 151543.14497566223
abstract.GUMBEL_TEMP: 8.950250709279725
train_loss: 151124.0966014862
abstract.GUMBEL_TEMP: 8.934754536956513
train_loss: 150641.10420417786
Solved 24/200 episodes, CC loss avg = 34.90163386467082
Epoch 65	 test acc 0.12
abstract.GUMBEL_TEMP: 8.919285194200928
train_loss: 150555.7683544159
abstract.GUMBEL_TEMP: 8.903842634561128
train_loss: 150173.69946479797
abstract.GUMBEL_TEMP: 8.888426811665703
train_loss: 149841.06512641907
abstract.GUMBEL_TEMP: 8.873037679223522
train_loss: 149719.9007434845
abstract.GUMBEL_TEMP: 8.857675191023606
train_loss: 149129.2835006714
Solved 34/200 episodes, CC loss avg = 42.66008663780111
Epoch 70	 test acc 0.17
abstract.GUMBEL_TEMP: 8.842339300934983
train_loss: 149567.43725776672
abstract.GUMBEL_TEMP: 8.827029962906549
train_loss: 148458.0354385376
abstract.GUMBEL_TEMP: 8.811747130966932
train_loss: 148526.63027763367
abstract.GUMBEL_TEMP: 8.796490759224357
train_loss: 147956.9491996765
abstract.GUMBEL_TEMP: 8.781260801866498
train_loss: 147695.43137168884
Solved 21/200 episodes, CC loss avg = 36.31761095360727
Epoch 75	 test acc 0.105
Saved model at models/2ecae28e4dbe48718669370da8f0b093-epoch-75.pt
abstract.GUMBEL_TEMP: 8.766057213160352
train_loss: 147490.4373474121
abstract.GUMBEL_TEMP: 8.750879947452093
train_loss: 147094.80443954468
abstract.GUMBEL_TEMP: 8.735728959166943
train_loss: 147090.49841308594
abstract.GUMBEL_TEMP: 8.720604202809028
train_loss: 146607.19265556335
abstract.GUMBEL_TEMP: 8.705505632961241
train_loss: 146526.44198036194
Solved 32/200 episodes, CC loss avg = 26.254768358179344
Epoch 80	 test acc 0.16
abstract.GUMBEL_TEMP: 8.690433204285117
train_loss: 146154.5497493744
abstract.GUMBEL_TEMP: 8.67538687152068
train_loss: 146031.7137451172
abstract.GUMBEL_TEMP: 8.660366589486319
train_loss: 145592.26816558838
abstract.GUMBEL_TEMP: 8.645372313078653
train_loss: 145488.99711418152
abstract.GUMBEL_TEMP: 8.630403997272381
train_loss: 145172.3629512787
Solved 37/200 episodes, CC loss avg = 36.4264753277915
Epoch 85	 test acc 0.185
abstract.GUMBEL_TEMP: 8.615461597120172
train_loss: 145016.87230873108
abstract.GUMBEL_TEMP: 8.6005450677525
train_loss: 144830.2631855011
abstract.GUMBEL_TEMP: 8.58565436437754
train_loss: 144719.44680595398
abstract.GUMBEL_TEMP: 8.570789442280999
train_loss: 144416.28029823303
abstract.GUMBEL_TEMP: 8.555950256826023
train_loss: 144238.6443748474
Solved 33/200 episodes, CC loss avg = 35.19566017055573
Epoch 90	 test acc 0.165
abstract.GUMBEL_TEMP: 8.541136763453022
train_loss: 144098.97345161438
abstract.GUMBEL_TEMP: 8.526348917679567
train_loss: 144026.93651390076
abstract.GUMBEL_TEMP: 8.51158667510024
train_loss: 144001.13731956482
abstract.GUMBEL_TEMP: 8.496849991386503
train_loss: 143615.9283428192
abstract.GUMBEL_TEMP: 8.48213882228657
train_loss: 143358.50316810608
Solved 29/200 episodes, CC loss avg = 26.51282695381503
Epoch 95	 test acc 0.145
abstract.GUMBEL_TEMP: 8.467453123625273
train_loss: 143411.12692642212
abstract.GUMBEL_TEMP: 8.452792851303919
train_loss: 142921.15968322754
abstract.GUMBEL_TEMP: 8.43815796130018
train_loss: 143117.6279850006
abstract.GUMBEL_TEMP: 8.42354840966793
train_loss: 142544.823015213
abstract.GUMBEL_TEMP: 8.408964152537145
train_loss: 142798.00572776794
Solved 32/200 episodes, CC loss avg = 36.57004125887761
Epoch 100	 test acc 0.16
Saved model at models/2ecae28e4dbe48718669370da8f0b093-epoch-100.pt
abstract.GUMBEL_TEMP: 8.394405146113748
train_loss: 142456.2894001007
abstract.GUMBEL_TEMP: 8.379871346679487
train_loss: 142386.63722991943
abstract.GUMBEL_TEMP: 8.3653627105918
train_loss: 142178.01980400085
abstract.GUMBEL_TEMP: 8.350879194283694
train_loss: 141852.46244621277
abstract.GUMBEL_TEMP: 8.336420754263598
train_loss: 141892.81378936768
Solved 28/200 episodes, CC loss avg = 29.864586518526387
Epoch 105	 test acc 0.14
abstract.GUMBEL_TEMP: 8.321987347115245
train_loss: 141671.0183506012
abstract.GUMBEL_TEMP: 8.307578929497538
train_loss: 141458.91005706787
abstract.GUMBEL_TEMP: 8.293195458144417
train_loss: 141892.95523643494
abstract.GUMBEL_TEMP: 8.278836889864733
train_loss: 141406.07231903076
abstract.GUMBEL_TEMP: 8.264503181542118
train_loss: 140659.74996566772
Solved 21/200 episodes, CC loss avg = 30.54453897181983
Epoch 110	 test acc 0.105
abstract.GUMBEL_TEMP: 8.25019429013485
train_loss: 141018.376329422
abstract.GUMBEL_TEMP: 8.23591017267573
train_loss: 140758.0129737854
abstract.GUMBEL_TEMP: 8.221650786271956
train_loss: 140735.70316123962
abstract.GUMBEL_TEMP: 8.207416088104985
train_loss: 140799.97821426392
abstract.GUMBEL_TEMP: 8.193206035430403
train_loss: 140265.25624847412
Solved 32/200 episodes, CC loss avg = 39.382165248926654
Epoch 115	 test acc 0.16
abstract.GUMBEL_TEMP: 8.17902058557781
train_loss: 140190.083984375
abstract.GUMBEL_TEMP: 8.164859695950685
train_loss: 140474.0672931671
abstract.GUMBEL_TEMP: 8.150723324026252
train_loss: 140085.65753746033
abstract.GUMBEL_TEMP: 8.136611427355362
train_loss: 139995.12672042847
abstract.GUMBEL_TEMP: 8.122523963562356
train_loss: 139769.8360786438
Solved 33/200 episodes, CC loss avg = 16.12371124766184
Epoch 120	 test acc 0.165
abstract.GUMBEL_TEMP: 8.108460890344945
train_loss: 139909.15289115906
abstract.GUMBEL_TEMP: 8.094422165474084
train_loss: 139596.42765426636
abstract.GUMBEL_TEMP: 8.080407746793838
train_loss: 139370.5613708496
abstract.GUMBEL_TEMP: 8.066417592221264
train_loss: 139604.79389572144
abstract.GUMBEL_TEMP: 8.052451659746271
train_loss: 139760.13353729248
Solved 33/200 episodes, CC loss avg = 29.74651902272615
Epoch 125	 test acc 0.165
Saved model at models/2ecae28e4dbe48718669370da8f0b093-epoch-125.pt
abstract.GUMBEL_TEMP: 8.038509907431514
train_loss: 139297.03020095825
abstract.GUMBEL_TEMP: 8.024592293412251
train_loss: 139176.50939559937
abstract.GUMBEL_TEMP: 8.010698775896222
train_loss: 139071.85435295105
abstract.GUMBEL_TEMP: 7.996829313163526
train_loss: 138864.66404533386
abstract.GUMBEL_TEMP: 7.982983863566499
train_loss: 138588.627658844
Solved 37/200 episodes, CC loss avg = 37.58624291011975
Epoch 130	 test acc 0.185
abstract.GUMBEL_TEMP: 7.969162385529579
train_loss: 139000.02854156494
abstract.GUMBEL_TEMP: 7.955364837549187
train_loss: 138929.2129096985
abstract.GUMBEL_TEMP: 7.941591178193605
train_loss: 138525.5322151184
abstract.GUMBEL_TEMP: 7.927841366102845
train_loss: 137992.22499275208
abstract.GUMBEL_TEMP: 7.914115359988532
train_loss: 138259.0735244751
Solved 31/200 episodes, CC loss avg = 30.52296059895307
Epoch 135	 test acc 0.155
abstract.GUMBEL_TEMP: 7.900413118633772
train_loss: 137946.3844242096
abstract.GUMBEL_TEMP: 7.886734600893036
train_loss: 138030.78904914856
abstract.GUMBEL_TEMP: 7.873079765692034
train_loss: 138235.2531375885
abstract.GUMBEL_TEMP: 7.859448572027587
train_loss: 138161.98519325256
abstract.GUMBEL_TEMP: 7.845840978967508
train_loss: 137788.94367218018
Solved 22/200 episodes, CC loss avg = 22.000815047904325
Epoch 140	 test acc 0.11
abstract.GUMBEL_TEMP: 7.832256945650482
train_loss: 137571.75025749207
abstract.GUMBEL_TEMP: 7.818696431285936
train_loss: 137485.6089477539
abstract.GUMBEL_TEMP: 7.805159395153924
train_loss: 137744.75931549072
abstract.GUMBEL_TEMP: 7.791645796604999
train_loss: 138006.44462013245
abstract.GUMBEL_TEMP: 7.778155595060094
train_loss: 137159.95113372803
Solved 37/200 episodes, CC loss avg = 35.877696819349445
Epoch 145	 test acc 0.185
abstract.GUMBEL_TEMP: 7.764688750010398
train_loss: 137385.627576828
abstract.GUMBEL_TEMP: 7.7512452210172365
train_loss: 137483.23023033142
abstract.GUMBEL_TEMP: 7.73782496771195
train_loss: 137198.05103111267
abstract.GUMBEL_TEMP: 7.724427949795771
train_loss: 137041.97649383545
abstract.GUMBEL_TEMP: 7.711054127039705
train_loss: 137429.69713783264
Solved 29/200 episodes, CC loss avg = 32.561807209568656
Epoch 150	 test acc 0.145
Saved model at models/2ecae28e4dbe48718669370da8f0b093-epoch-150.pt
abstract.GUMBEL_TEMP: 7.697703459284407
train_loss: 137108.02982521057
abstract.GUMBEL_TEMP: 7.684375906440062
train_loss: 136799.45130348206
abstract.GUMBEL_TEMP: 7.671071428486269
train_loss: 137090.0703639984
abstract.GUMBEL_TEMP: 7.657789985471915
train_loss: 136752.83380317688
abstract.GUMBEL_TEMP: 7.644531537515054
train_loss: 136733.13817214966
Solved 32/200 episodes, CC loss avg = 17.657040264754524
Epoch 155	 test acc 0.16
abstract.GUMBEL_TEMP: 7.631296044802795
train_loss: 136358.05468177795
abstract.GUMBEL_TEMP: 7.618083467591177
train_loss: 136386.92958450317
abstract.GUMBEL_TEMP: 7.604893766205047
train_loss: 136385.04515266418
abstract.GUMBEL_TEMP: 7.591726901037946
train_loss: 136595.01842308044
abstract.GUMBEL_TEMP: 7.578582832551991
train_loss: 136143.2345237732
Solved 36/200 episodes, CC loss avg = 32.00114461449751
Epoch 160	 test acc 0.18
abstract.GUMBEL_TEMP: 7.565461521277749
train_loss: 136089.79991340637
abstract.GUMBEL_TEMP: 7.552362927814128
train_loss: 136525.28744506836
abstract.GUMBEL_TEMP: 7.539287012828249
train_loss: 136358.99582862854
abstract.GUMBEL_TEMP: 7.526233737055337
train_loss: 135760.13964653015
abstract.GUMBEL_TEMP: 7.5132030612985945
train_loss: 136514.13809776306
Solved 38/200 episodes, CC loss avg = 37.99981638875033
Epoch 165	 test acc 0.19
abstract.GUMBEL_TEMP: 7.50019494642909
train_loss: 135930.78844451904
abstract.GUMBEL_TEMP: 7.4872093533856425
train_loss: 136089.48895645142
abstract.GUMBEL_TEMP: 7.474246243174693
train_loss: 135723.87034225464
abstract.GUMBEL_TEMP: 7.461305576870199
train_loss: 135676.3198223114
abstract.GUMBEL_TEMP: 7.448387315613512
train_loss: 135616.93423461914
Solved 37/200 episodes, CC loss avg = 33.35251149423027
Epoch 170	 test acc 0.185
abstract.GUMBEL_TEMP: 7.435491420613262
train_loss: 135814.284034729
abstract.GUMBEL_TEMP: 7.422617853145246
train_loss: 135469.66431617737
abstract.GUMBEL_TEMP: 7.409766574552298
train_loss: 135418.34083366394
abstract.GUMBEL_TEMP: 7.396937546244188
train_loss: 135591.06128692627
abstract.GUMBEL_TEMP: 7.384130729697497
train_loss: 135102.30883216858
Solved 25/200 episodes, CC loss avg = 27.58897411093469
Epoch 175	 test acc 0.125
Saved model at models/2ecae28e4dbe48718669370da8f0b093-epoch-175.pt
abstract.GUMBEL_TEMP: 7.371346086455507
train_loss: 135066.69538497925
abstract.GUMBEL_TEMP: 7.35858357812808
train_loss: 135240.6911277771
abstract.GUMBEL_TEMP: 7.345843166391546
train_loss: 135400.83939933777
abstract.GUMBEL_TEMP: 7.333124812988588
train_loss: 134751.07453727722
abstract.GUMBEL_TEMP: 7.320428479728127
train_loss: 135204.08033943176
Solved 23/200 episodes, CC loss avg = 25.382029436151335
Epoch 180	 test acc 0.115
abstract.GUMBEL_TEMP: 7.307754128485207
train_loss: 135025.71154785156
abstract.GUMBEL_TEMP: 7.2951017212008775
train_loss: 135213.41605567932
abstract.GUMBEL_TEMP: 7.282471219882084
train_loss: 134587.5895500183
abstract.GUMBEL_TEMP: 7.269862586601553
train_loss: 134907.35896873474
abstract.GUMBEL_TEMP: 7.2572757834976755
train_loss: 134644.85949134827
Solved 31/200 episodes, CC loss avg = 41.33498523317394
Epoch 185	 test acc 0.155
abstract.GUMBEL_TEMP: 7.244710772774395
train_loss: 134687.95406532288
abstract.GUMBEL_TEMP: 7.232167516701093
train_loss: 134715.05618667603
abstract.GUMBEL_TEMP: 7.2196459776124815
train_loss: 134780.1849346161
abstract.GUMBEL_TEMP: 7.207146117908476
train_loss: 134345.49953651428
abstract.GUMBEL_TEMP: 7.1946679000541005
train_loss: 134448.70491027832
Solved 43/200 episodes, CC loss avg = 35.74081785911573
Epoch 190	 test acc 0.215
abstract.GUMBEL_TEMP: 7.182211286579361
train_loss: 134353.86300086975
abstract.GUMBEL_TEMP: 7.169776240079138
train_loss: 134470.27536392212
abstract.GUMBEL_TEMP: 7.157362723213074
train_loss: 134244.69611930847
abstract.GUMBEL_TEMP: 7.144970698705465
train_loss: 134333.82582092285
abstract.GUMBEL_TEMP: 7.132600129345141
train_loss: 134448.01785087585
Solved 34/200 episodes, CC loss avg = 34.54278244813609
Epoch 195	 test acc 0.17
abstract.GUMBEL_TEMP: 7.12025097798536
train_loss: 134370.52096557617
abstract.GUMBEL_TEMP: 7.107923207543692
train_loss: 134333.7742214203
abstract.GUMBEL_TEMP: 7.095616781001912
train_loss: 133718.44484329224
abstract.GUMBEL_TEMP: 7.083331661405891
train_loss: 134199.11203575134
abstract.GUMBEL_TEMP: 7.0710678118654755
train_loss: 134187.07002067566
Solved 33/200 episodes, CC loss avg = 32.00148951854896
Epoch 200	 test acc 0.165
Saved model at models/2ecae28e4dbe48718669370da8f0b093-epoch-200.pt
abstract.GUMBEL_TEMP: 7.058825195554385
train_loss: 134047.10639762878
abstract.GUMBEL_TEMP: 7.046603775710097
train_loss: 134343.05732154846
abstract.GUMBEL_TEMP: 7.034403515633741
train_loss: 133988.3184146881
abstract.GUMBEL_TEMP: 7.0222243786899865
train_loss: 133733.680437088
abstract.GUMBEL_TEMP: 7.010066328306927
train_loss: 134029.66306877136
Solved 28/200 episodes, CC loss avg = 29.868969682495422
Epoch 205	 test acc 0.14
abstract.GUMBEL_TEMP: 6.99792932797598
train_loss: 133789.7679462433
abstract.GUMBEL_TEMP: 6.985813341251771
train_loss: 133030.52866363525
abstract.GUMBEL_TEMP: 6.973718331752028
train_loss: 133450.5719833374
abstract.GUMBEL_TEMP: 6.961644263157466
train_loss: 133593.22612953186
abstract.GUMBEL_TEMP: 6.949591099211686
train_loss: 133318.20706367493
Solved 32/200 episodes, CC loss avg = 29.262725024211353
Epoch 210	 test acc 0.16
abstract.GUMBEL_TEMP: 6.937558803721059
train_loss: 133500.69683265686
abstract.GUMBEL_TEMP: 6.925547340554624
train_loss: 133782.7929725647
abstract.GUMBEL_TEMP: 6.913556673643972
train_loss: 133111.8255405426
abstract.GUMBEL_TEMP: 6.901586766983146
train_loss: 133478.84868621826
abstract.GUMBEL_TEMP: 6.889637584628524
train_loss: 133399.5679473877
Solved 39/200 episodes, CC loss avg = 36.710045557825225
Epoch 215	 test acc 0.195
abstract.GUMBEL_TEMP: 6.877709090698719
train_loss: 133755.13213729858
abstract.GUMBEL_TEMP: 6.865801249374465
train_loss: 133137.01348114014
abstract.GUMBEL_TEMP: 6.8539140248985175
train_loss: 133188.49431037903
abstract.GUMBEL_TEMP: 6.842047381575533
train_loss: 132935.45922279358
abstract.GUMBEL_TEMP: 6.830201283771978
train_loss: 133154.03693389893
Solved 30/200 episodes, CC loss avg = 29.54261303061906
Epoch 220	 test acc 0.15
abstract.GUMBEL_TEMP: 6.818375695916007
train_loss: 132947.073261261
abstract.GUMBEL_TEMP: 6.806570582497367
train_loss: 132995.38145637512
abstract.GUMBEL_TEMP: 6.7947859080672846
train_loss: 133049.40996932983
abstract.GUMBEL_TEMP: 6.78302163723836
train_loss: 133149.2026348114
abstract.GUMBEL_TEMP: 6.771277734684464
train_loss: 132655.00691223145
Solved 24/200 episodes, CC loss avg = 24.77697400876411
Epoch 225	 test acc 0.12
Saved model at models/2ecae28e4dbe48718669370da8f0b093-epoch-225.pt
abstract.GUMBEL_TEMP: 6.75955416514063
train_loss: 132822.7085838318
abstract.GUMBEL_TEMP: 6.747850893402944
train_loss: 132307.6762199402
abstract.GUMBEL_TEMP: 6.736167884328451
train_loss: 132550.90060043335
abstract.GUMBEL_TEMP: 6.7245051028350336
train_loss: 132720.4958343506
abstract.GUMBEL_TEMP: 6.712862513901317
train_loss: 132714.0855808258
Solved 26/200 episodes, CC loss avg = 24.47340852854198
Epoch 230	 test acc 0.13
abstract.GUMBEL_TEMP: 6.701240082566563
train_loss: 132650.8052520752
abstract.GUMBEL_TEMP: 6.68963777393056
train_loss: 132742.27438926697
abstract.GUMBEL_TEMP: 6.678055553153525
train_loss: 132551.55612182617
abstract.GUMBEL_TEMP: 6.666493385455993
train_loss: 132445.68600082397
abstract.GUMBEL_TEMP: 6.654951236118717
train_loss: 132414.28616905212
Solved 30/200 episodes, CC loss avg = 35.55727236695519
Epoch 235	 test acc 0.15
abstract.GUMBEL_TEMP: 6.643429070482558
train_loss: 132446.08172416687
abstract.GUMBEL_TEMP: 6.63192685394839
train_loss: 132597.81025505066
abstract.GUMBEL_TEMP: 6.620444551976986
train_loss: 132021.14208602905
abstract.GUMBEL_TEMP: 6.608982130088923
train_loss: 132696.09518241882
abstract.GUMBEL_TEMP: 6.597539553864472
train_loss: 132192.75178527832
Solved 30/200 episodes, CC loss avg = 30.003421662571782
Epoch 240	 test acc 0.15
abstract.GUMBEL_TEMP: 6.586116788943497
train_loss: 132348.0047969818
abstract.GUMBEL_TEMP: 6.5747138010253545
train_loss: 131993.5795211792
abstract.GUMBEL_TEMP: 6.563330555868786
train_loss: 131915.466047287
abstract.GUMBEL_TEMP: 6.5519670192918165
train_loss: 132207.80647277832
abstract.GUMBEL_TEMP: 6.540623157171655
train_loss: 132016.71556282043
Solved 25/200 episodes, CC loss avg = 29.632655657172478
Epoch 245	 test acc 0.125
abstract.GUMBEL_TEMP: 6.529298935444588
train_loss: 132145.56413650513
abstract.GUMBEL_TEMP: 6.517994320105879
train_loss: 132057.17685127258
abstract.GUMBEL_TEMP: 6.5067092772096675
train_loss: 132244.3548297882
abstract.GUMBEL_TEMP: 6.495443772868864
train_loss: 132170.29920387268
abstract.GUMBEL_TEMP: 6.484197773255048
train_loss: 131507.11796188354
Solved 38/200 episodes, CC loss avg = 32.00354907771352
Epoch 250	 test acc 0.19
Saved model at models/2ecae28e4dbe48718669370da8f0b093-epoch-250.pt
abstract.GUMBEL_TEMP: 6.472971244598375
train_loss: 132015.72265815735
abstract.GUMBEL_TEMP: 6.4617641531874614
train_loss: 131670.71041297913
abstract.GUMBEL_TEMP: 6.450576465369295
train_loss: 132136.30043029785
abstract.GUMBEL_TEMP: 6.439408147549129
train_loss: 131575.96078300476
abstract.GUMBEL_TEMP: 6.428259166190377
train_loss: 131800.32168769836
Solved 30/200 episodes, CC loss avg = 29.544889797084032
Epoch 255	 test acc 0.15
abstract.GUMBEL_TEMP: 6.417129487814521
train_loss: 131412.6862564087
abstract.GUMBEL_TEMP: 6.406019079001007
train_loss: 132131.58899879456
abstract.GUMBEL_TEMP: 6.394927906387143
train_loss: 131926.96028900146
abstract.GUMBEL_TEMP: 6.3838559366680006
train_loss: 131511.51858520508
abstract.GUMBEL_TEMP: 6.372803136596311
train_loss: 131947.84887695312
Solved 36/200 episodes, CC loss avg = 47.02670434769243
Epoch 260	 test acc 0.18
abstract.GUMBEL_TEMP: 6.361769472982374
train_loss: 131138.21421051025
abstract.GUMBEL_TEMP: 6.350754912693947
train_loss: 131546.8585548401
abstract.GUMBEL_TEMP: 6.339759422656161
train_loss: 131330.36409378052
abstract.GUMBEL_TEMP: 6.3287829698513995
train_loss: 131217.8348827362
abstract.GUMBEL_TEMP: 6.3178255213192225
train_loss: 131612.96762275696
Solved 28/200 episodes, CC loss avg = 32.00314861983394
Epoch 265	 test acc 0.14
abstract.GUMBEL_TEMP: 6.306887044156248
train_loss: 131168.55770874023
abstract.GUMBEL_TEMP: 6.295967505516068
train_loss: 131213.05967903137
abstract.GUMBEL_TEMP: 6.285066872609142
train_loss: 131281.37237739563
abstract.GUMBEL_TEMP: 6.274185112702698
train_loss: 130952.84225273132
abstract.GUMBEL_TEMP: 6.26332219312064
train_loss: 130786.35419654846
Solved 27/200 episodes, CC loss avg = 23.356989126879018
Epoch 270	 test acc 0.135
abstract.GUMBEL_TEMP: 6.252478081243442
train_loss: 130890.64324188232
abstract.GUMBEL_TEMP: 6.241652744508059
train_loss: 131307.23735046387
abstract.GUMBEL_TEMP: 6.230846150407823
train_loss: 130872.54521179199
abstract.GUMBEL_TEMP: 6.2200582664923445
train_loss: 131032.4925327301
abstract.GUMBEL_TEMP: 6.20928906036742
train_loss: 130669.34061050415
Solved 31/200 episodes, CC loss avg = 27.94634724153258
Epoch 275	 test acc 0.155
Saved model at models/2ecae28e4dbe48718669370da8f0b093-epoch-275.pt
abstract.GUMBEL_TEMP: 6.1985384996949335
train_loss: 131162.48657035828
abstract.GUMBEL_TEMP: 6.187806552192754
train_loss: 131134.8201637268
abstract.GUMBEL_TEMP: 6.177093185634646
train_loss: 131257.16573143005
abstract.GUMBEL_TEMP: 6.166398367850169
train_loss: 131164.85964393616
abstract.GUMBEL_TEMP: 6.155722066724581
train_loss: 130593.98289680481
Solved 25/200 episodes, CC loss avg = 27.1215455535231
Epoch 280	 test acc 0.125
abstract.GUMBEL_TEMP: 6.145064250198743
train_loss: 131187.28462982178
abstract.GUMBEL_TEMP: 6.134424886269021
train_loss: 130622.05395507812
abstract.GUMBEL_TEMP: 6.12380394298719
train_loss: 130937.0570602417
abstract.GUMBEL_TEMP: 6.113201388460343
train_loss: 130645.53290939331
abstract.GUMBEL_TEMP: 6.102617190850789
train_loss: 130814.02555656433
Solved 41/200 episodes, CC loss avg = 42.327216850360855
Epoch 285	 test acc 0.205
abstract.GUMBEL_TEMP: 6.092051318375957
train_loss: 130931.22716331482
abstract.GUMBEL_TEMP: 6.0815037393083085
train_loss: 130681.2616443634
abstract.GUMBEL_TEMP: 6.070974421975235
train_loss: 130554.04042243958
abstract.GUMBEL_TEMP: 6.060463334758963
train_loss: 130600.03461074829
abstract.GUMBEL_TEMP: 6.049970446096463
train_loss: 130683.336977005
Solved 31/200 episodes, CC loss avg = 30.527933248748575
Epoch 290	 test acc 0.155
abstract.GUMBEL_TEMP: 6.0394957244793535
train_loss: 130203.39130210876
abstract.GUMBEL_TEMP: 6.029039138453803
train_loss: 130793.43684768677
abstract.GUMBEL_TEMP: 6.018600656620439
train_loss: 130834.52770614624
abstract.GUMBEL_TEMP: 6.008180247634255
train_loss: 130372.02056121826
abstract.GUMBEL_TEMP: 5.99777788020451
train_loss: 130826.67448997498
Solved 29/200 episodes, CC loss avg = 26.518989644698532
Epoch 295	 test acc 0.145
abstract.GUMBEL_TEMP: 5.987393523094644
train_loss: 130062.80860710144
abstract.GUMBEL_TEMP: 5.977027145122174
train_loss: 130300.02055168152
abstract.GUMBEL_TEMP: 5.96667871515861
train_loss: 130397.66504859924
abstract.GUMBEL_TEMP: 5.956348202129353
train_loss: 130494.77489852905
abstract.GUMBEL_TEMP: 5.946035575013605
train_loss: 130215.57162475586
Solved 43/200 episodes, CC loss avg = 45.86977255288512
Epoch 300	 test acc 0.215
Saved model at models/2ecae28e4dbe48718669370da8f0b093-epoch-300.pt
abstract.GUMBEL_TEMP: 5.935740802844283
train_loss: 130406.4586277008
abstract.GUMBEL_TEMP: 5.92546385470791
train_loss: 130674.26357841492
abstract.GUMBEL_TEMP: 5.915204699744541
train_loss: 130146.28341674805
abstract.GUMBEL_TEMP: 5.904963307147653
train_loss: 130222.59862709045
abstract.GUMBEL_TEMP: 5.894739646164063
train_loss: 130115.98697280884
Solved 35/200 episodes, CC loss avg = 30.68919299287747
Epoch 305	 test acc 0.175
abstract.GUMBEL_TEMP: 5.884533686093837
train_loss: 130215.39983558655
abstract.GUMBEL_TEMP: 5.874345396290189
train_loss: 129987.57507514954
abstract.GUMBEL_TEMP: 5.864174746159394
train_loss: 130442.04194068909
abstract.GUMBEL_TEMP: 5.8540217051607
train_loss: 130178.28902626038
abstract.GUMBEL_TEMP: 5.843886242806228
train_loss: 129655.02476501465
Solved 34/200 episodes, CC loss avg = 34.545431418159595
Epoch 310	 test acc 0.17
abstract.GUMBEL_TEMP: 5.833768328660886
train_loss: 130250.66820716858
abstract.GUMBEL_TEMP: 5.823667932342279
train_loss: 129992.63024330139
abstract.GUMBEL_TEMP: 5.813585023520611
train_loss: 130034.11060333252
abstract.GUMBEL_TEMP: 5.803519571918602
train_loss: 129761.70174598694
abstract.GUMBEL_TEMP: 5.793471547311386
train_loss: 130866.79577827454
Solved 35/200 episodes, CC loss avg = 37.33422301200529
Epoch 315	 test acc 0.175
abstract.GUMBEL_TEMP: 5.783440919526438
train_loss: 129873.85476112366
abstract.GUMBEL_TEMP: 5.773427658443463
train_loss: 130000.07542991638
abstract.GUMBEL_TEMP: 5.763431733994322
train_loss: 129699.20156288147
abstract.GUMBEL_TEMP: 5.753453116162931
train_loss: 129799.21665000916
abstract.GUMBEL_TEMP: 5.743491774985175
train_loss: 129937.48482894897
Solved 44/200 episodes, CC loss avg = 37.551271856154
Epoch 320	 test acc 0.22
abstract.GUMBEL_TEMP: 5.7335476805488215
train_loss: 129776.85441589355
abstract.GUMBEL_TEMP: 5.723620802993423
train_loss: 129553.25679397583
abstract.GUMBEL_TEMP: 5.713711112510235
train_loss: 129875.01986694336
abstract.GUMBEL_TEMP: 5.703818579342119
train_loss: 129960.9262046814
abstract.GUMBEL_TEMP: 5.693943173783459
train_loss: 129352.45310211182
Solved 27/200 episodes, CC loss avg = 29.291005722120783
Epoch 325	 test acc 0.135
Saved model at models/2ecae28e4dbe48718669370da8f0b093-epoch-325.pt
abstract.GUMBEL_TEMP: 5.68408486618007
train_loss: 129910.62019729614
abstract.GUMBEL_TEMP: 5.674243626929112
train_loss: 129985.91757774353
abstract.GUMBEL_TEMP: 5.664419426478994
train_loss: 129655.03484535217
abstract.GUMBEL_TEMP: 5.6546122353292905
train_loss: 129959.07728004456
abstract.GUMBEL_TEMP: 5.644822024030657
train_loss: 129216.35213470459
Solved 40/200 episodes, CC loss avg = 35.55820907209353
Epoch 330	 test acc 0.2
abstract.GUMBEL_TEMP: 5.635048763184729
train_loss: 129329.52276611328
abstract.GUMBEL_TEMP: 5.625292423444047
train_loss: 129605.01363945007
abstract.GUMBEL_TEMP: 5.615552975511962
train_loss: 129754.98474121094
abstract.GUMBEL_TEMP: 5.605830390142544
train_loss: 129259.53035736084
abstract.GUMBEL_TEMP: 5.596124638140505
train_loss: 129653.05193519592
Solved 31/200 episodes, CC loss avg = 32.00564662050155
Epoch 335	 test acc 0.155
abstract.GUMBEL_TEMP: 5.5864356903611
train_loss: 129403.80142593384
abstract.GUMBEL_TEMP: 5.576763517710046
train_loss: 129090.70237541199
abstract.GUMBEL_TEMP: 5.5671080911434325
train_loss: 129366.9977016449
abstract.GUMBEL_TEMP: 5.557469381667634
train_loss: 129252.30156898499
abstract.GUMBEL_TEMP: 5.547847360339225
train_loss: 129125.45135498047
Solved 21/200 episodes, CC loss avg = 23.58196910032839
Epoch 340	 test acc 0.105
abstract.GUMBEL_TEMP: 5.538241998264892
train_loss: 129635.75415611267
abstract.GUMBEL_TEMP: 5.528653266601344
train_loss: 129239.90285873413
abstract.GUMBEL_TEMP: 5.519081136555232
train_loss: 128998.2425289154
abstract.GUMBEL_TEMP: 5.509525579383054
train_loss: 129119.33552932739
abstract.GUMBEL_TEMP: 5.499986566391079
train_loss: 129521.85468101501
Solved 26/200 episodes, CC loss avg = 28.692166699249103
Epoch 345	 test acc 0.13
abstract.GUMBEL_TEMP: 5.490464068935249
train_loss: 129216.16569519043
abstract.GUMBEL_TEMP: 5.480958058421107
train_loss: 129261.54611968994
abstract.GUMBEL_TEMP: 5.471468506303698
train_loss: 129335.02794265747
abstract.GUMBEL_TEMP: 5.461995384087491
train_loss: 129224.71438217163
abstract.GUMBEL_TEMP: 5.45253866332629
train_loss: 129252.88949775696
Solved 23/200 episodes, CC loss avg = 26.76901337313889
Epoch 350	 test acc 0.115
Saved model at models/2ecae28e4dbe48718669370da8f0b093-epoch-350.pt
abstract.GUMBEL_TEMP: 5.443098315623148
train_loss: 128832.78321838379
abstract.GUMBEL_TEMP: 5.433674312630291
train_loss: 129059.76982498169
abstract.GUMBEL_TEMP: 5.424266626049018
train_loss: 129264.05627632141
abstract.GUMBEL_TEMP: 5.414875227629624
train_loss: 128610.51377677917
abstract.GUMBEL_TEMP: 5.40550008917132
train_loss: 128977.95801925659
Solved 34/200 episodes, CC loss avg = 35.09976241694042
Epoch 355	 test acc 0.17
abstract.GUMBEL_TEMP: 5.396141182522136
train_loss: 128975.1743927002
abstract.GUMBEL_TEMP: 5.38679847957885
train_loss: 129220.6038722992
abstract.GUMBEL_TEMP: 5.377471952286891
train_loss: 128867.8065071106
abstract.GUMBEL_TEMP: 5.368161572640266
train_loss: 129127.67212867737
abstract.GUMBEL_TEMP: 5.3588673126814665
train_loss: 129100.84221839905
Solved 30/200 episodes, CC loss avg = 28.66163773990389
Epoch 360	 test acc 0.15
abstract.GUMBEL_TEMP: 5.349589144501391
train_loss: 128716.20761299133
abstract.GUMBEL_TEMP: 5.340327040239259
train_loss: 128848.67234039307
abstract.GUMBEL_TEMP: 5.331080972082525
train_loss: 129000.37975502014
abstract.GUMBEL_TEMP: 5.3218509122668
train_loss: 129045.78726387024
abstract.GUMBEL_TEMP: 5.312636833075764
train_loss: 128876.76932144165
Solved 32/200 episodes, CC loss avg = 33.033960299679045
Epoch 365	 test acc 0.16
abstract.GUMBEL_TEMP: 5.303438706841085
train_loss: 128754.73316955566
abstract.GUMBEL_TEMP: 5.294256505942334
train_loss: 128513.58089065552
abstract.GUMBEL_TEMP: 5.285090202806902
train_loss: 128847.01236724854
abstract.GUMBEL_TEMP: 5.275939769909922
train_loss: 128895.73892021179
abstract.GUMBEL_TEMP: 5.26680517977418
train_loss: 128697.4951210022
Solved 32/200 episodes, CC loss avg = 29.68364603817463
Epoch 370	 test acc 0.16
abstract.GUMBEL_TEMP: 5.257686404970034
train_loss: 128832.03799629211
abstract.GUMBEL_TEMP: 5.248583418115337
train_loss: 128498.53016853333
abstract.GUMBEL_TEMP: 5.239496191875346
train_loss: 129019.5587348938
abstract.GUMBEL_TEMP: 5.230424698962647
train_loss: 128201.56447029114
abstract.GUMBEL_TEMP: 5.22136891213707
train_loss: 128586.14144897461
Solved 37/200 episodes, CC loss avg = 29.977866722494834
Epoch 375	 test acc 0.185
Saved model at models/2ecae28e4dbe48718669370da8f0b093-epoch-375.pt
abstract.GUMBEL_TEMP: 5.212328804205607
train_loss: 128981.51670265198
abstract.GUMBEL_TEMP: 5.203304348022334
train_loss: 128420.50644493103
abstract.GUMBEL_TEMP: 5.194295516488322
train_loss: 128342.80738449097
abstract.GUMBEL_TEMP: 5.185302282551564
train_loss: 128441.40220451355
abstract.GUMBEL_TEMP: 5.176324619206888
train_loss: 129027.34970474243
Solved 31/200 episodes, CC loss avg = 28.75833122552359
Epoch 380	 test acc 0.155
abstract.GUMBEL_TEMP: 5.167362499495879
train_loss: 128896.37285041809
abstract.GUMBEL_TEMP: 5.158415896506795
train_loss: 128052.38416290283
abstract.GUMBEL_TEMP: 5.149484783374491
train_loss: 128347.65315628052
abstract.GUMBEL_TEMP: 5.140569133280333
train_loss: 128580.90280342102
abstract.GUMBEL_TEMP: 5.13166891945212
train_loss: 128747.16976165771
Solved 25/200 episodes, CC loss avg = 32.00293884011917
Epoch 385	 test acc 0.125
abstract.GUMBEL_TEMP: 5.1227841151640074
train_loss: 128704.05938339233
abstract.GUMBEL_TEMP: 5.113914693736418
train_loss: 128137.27658843994
abstract.GUMBEL_TEMP: 5.105060628535966
train_loss: 128423.3069858551
abstract.GUMBEL_TEMP: 5.096221892975384
train_loss: 128465.32219314575
abstract.GUMBEL_TEMP: 5.087398460513432
train_loss: 128298.5115146637
Solved 29/200 episodes, CC loss avg = 33.14844724454451
Epoch 390	 test acc 0.145
abstract.GUMBEL_TEMP: 5.078590304654824
train_loss: 128949.89398765564
abstract.GUMBEL_TEMP: 5.069797398950147
train_loss: 127980.78262710571
abstract.GUMBEL_TEMP: 5.061019716995779
train_loss: 128581.96895217896
abstract.GUMBEL_TEMP: 5.052257232433819
train_loss: 128597.7022857666
abstract.GUMBEL_TEMP: 5.043509918951995
train_loss: 128413.44341659546
Solved 37/200 episodes, CC loss avg = 37.00077699079702
Epoch 395	 test acc 0.185
abstract.GUMBEL_TEMP: 5.034777750283594
train_loss: 128455.16449356079
abstract.GUMBEL_TEMP: 5.026060700207379
train_loss: 128134.86878204346
abstract.GUMBEL_TEMP: 5.017358742547514
train_loss: 128018.61438369751
abstract.GUMBEL_TEMP: 5.00867185117348
train_loss: 128497.94651603699
abstract.GUMBEL_TEMP: 5.0
train_loss: 127591.80257225037
Solved 31/200 episodes, CC loss avg = 30.065396778102063
Epoch 400	 test acc 0.155
Saved model at models/2ecae28e4dbe48718669370da8f0b093-epoch-400.pt
abstract.GUMBEL_TEMP: 5.0
train_loss: 128307.57913398743
abstract.GUMBEL_TEMP: 5.0
train_loss: 128264.14736747742
abstract.GUMBEL_TEMP: 5.0
train_loss: 127682.83396530151
abstract.GUMBEL_TEMP: 5.0
train_loss: 128217.8594379425
abstract.GUMBEL_TEMP: 5.0
train_loss: 128490.79990959167
Solved 29/200 episodes, CC loss avg = 32.003061401368726
Epoch 405	 test acc 0.145
abstract.GUMBEL_TEMP: 5.0
train_loss: 127830.0129737854
abstract.GUMBEL_TEMP: 5.0
train_loss: 127844.34717941284
abstract.GUMBEL_TEMP: 5.0
train_loss: 128201.99062538147
abstract.GUMBEL_TEMP: 5.0
train_loss: 128198.65120124817
abstract.GUMBEL_TEMP: 5.0
train_loss: 128014.8125076294
Solved 33/200 episodes, CC loss avg = 28.935198158835863
Epoch 410	 test acc 0.165
abstract.GUMBEL_TEMP: 5.0
train_loss: 128037.19269752502
abstract.GUMBEL_TEMP: 5.0
train_loss: 128144.37936019897
abstract.GUMBEL_TEMP: 5.0
train_loss: 128184.12310028076
abstract.GUMBEL_TEMP: 5.0
train_loss: 128670.83857345581
abstract.GUMBEL_TEMP: 5.0
train_loss: 127888.81962776184
Solved 24/200 episodes, CC loss avg = 24.004964645995642
Epoch 415	 test acc 0.12
abstract.GUMBEL_TEMP: 5.0
train_loss: 128053.01451301575
abstract.GUMBEL_TEMP: 5.0
train_loss: 127842.8159828186
abstract.GUMBEL_TEMP: 5.0
train_loss: 127992.9172000885
abstract.GUMBEL_TEMP: 5.0
train_loss: 128294.31499290466
abstract.GUMBEL_TEMP: 5.0
train_loss: 128216.14315605164
Solved 35/200 episodes, CC loss avg = 28.002961925638374
Epoch 420	 test acc 0.175
abstract.GUMBEL_TEMP: 5.0
train_loss: 127784.0908164978
abstract.GUMBEL_TEMP: 5.0
train_loss: 127831.10378837585
abstract.GUMBEL_TEMP: 5.0
train_loss: 128092.91319465637
abstract.GUMBEL_TEMP: 5.0
train_loss: 127405.72019004822
abstract.GUMBEL_TEMP: 5.0
train_loss: 127919.97629928589
Solved 40/200 episodes, CC loss avg = 31.611190013587475
Epoch 425	 test acc 0.2
Saved model at models/2ecae28e4dbe48718669370da8f0b093-epoch-425.pt
abstract.GUMBEL_TEMP: 5.0
train_loss: 127563.51413536072
abstract.GUMBEL_TEMP: 5.0
train_loss: 128005.85371398926
abstract.GUMBEL_TEMP: 5.0
train_loss: 127604.53946113586
abstract.GUMBEL_TEMP: 5.0
train_loss: 127877.01334953308
abstract.GUMBEL_TEMP: 5.0
train_loss: 127347.14556503296
Solved 24/200 episodes, CC loss avg = 26.95340249366372
Epoch 430	 test acc 0.12
abstract.GUMBEL_TEMP: 5.0
train_loss: 128307.07825279236
abstract.GUMBEL_TEMP: 5.0
train_loss: 127917.4847278595
abstract.GUMBEL_TEMP: 5.0
train_loss: 127455.46280288696
abstract.GUMBEL_TEMP: 5.0
train_loss: 127620.64716148376
abstract.GUMBEL_TEMP: 5.0
train_loss: 127787.84191513062
Solved 35/200 episodes, CC loss avg = 32.46663911086575
Epoch 435	 test acc 0.175
abstract.GUMBEL_TEMP: 5.0
train_loss: 127350.17624473572
abstract.GUMBEL_TEMP: 5.0
train_loss: 127866.84008598328
abstract.GUMBEL_TEMP: 5.0
train_loss: 127167.97286605835
abstract.GUMBEL_TEMP: 5.0
train_loss: 128268.51452827454
abstract.GUMBEL_TEMP: 5.0
train_loss: 127824.39533424377
Solved 33/200 episodes, CC loss avg = 34.626421101734834
Epoch 440	 test acc 0.165
abstract.GUMBEL_TEMP: 5.0
train_loss: 127578.69038009644
abstract.GUMBEL_TEMP: 5.0
train_loss: 127614.72697067261
abstract.GUMBEL_TEMP: 5.0
train_loss: 127285.70411491394
abstract.GUMBEL_TEMP: 5.0
train_loss: 127596.56036949158
abstract.GUMBEL_TEMP: 5.0
train_loss: 127844.32981109619
Solved 34/200 episodes, CC loss avg = 14.807598497762921
Epoch 445	 test acc 0.17
abstract.GUMBEL_TEMP: 5.0
train_loss: 127403.14435005188
abstract.GUMBEL_TEMP: 5.0
train_loss: 127887.03481864929
abstract.GUMBEL_TEMP: 5.0
train_loss: 126865.06368637085
abstract.GUMBEL_TEMP: 5.0
train_loss: 127776.63529014587
abstract.GUMBEL_TEMP: 5.0
train_loss: 127519.99861717224
Solved 33/200 episodes, CC loss avg = 30.175704696295515
Epoch 450	 test acc 0.165
Saved model at models/2ecae28e4dbe48718669370da8f0b093-epoch-450.pt
abstract.GUMBEL_TEMP: 5.0
train_loss: 127326.85210227966
abstract.GUMBEL_TEMP: 5.0
train_loss: 127315.08736419678
abstract.GUMBEL_TEMP: 5.0
train_loss: 127413.6645450592
abstract.GUMBEL_TEMP: 5.0
train_loss: 127230.07392883301
abstract.GUMBEL_TEMP: 5.0
train_loss: 127589.2139453888
Solved 30/200 episodes, CC loss avg = 32.00622657864975
Epoch 455	 test acc 0.15
abstract.GUMBEL_TEMP: 5.0
train_loss: 127152.28865432739
abstract.GUMBEL_TEMP: 5.0
train_loss: 127307.12486457825
abstract.GUMBEL_TEMP: 5.0
train_loss: 127536.94627380371
abstract.GUMBEL_TEMP: 5.0
train_loss: 127719.69823646545
abstract.GUMBEL_TEMP: 5.0
train_loss: 128097.32729148865
Solved 31/200 episodes, CC loss avg = 30.067220051180232
Epoch 460	 test acc 0.155
abstract.GUMBEL_TEMP: 5.0
train_loss: 126540.34464263916
abstract.GUMBEL_TEMP: 5.0
train_loss: 127141.20734024048
abstract.GUMBEL_TEMP: 5.0
train_loss: 127307.96170806885
abstract.GUMBEL_TEMP: 5.0
train_loss: 127164.53367424011
abstract.GUMBEL_TEMP: 5.0
train_loss: 127494.71109771729
Solved 28/200 episodes, CC loss avg = 29.381506893722737
Epoch 465	 test acc 0.14
abstract.GUMBEL_TEMP: 5.0
train_loss: 127478.2614479065
abstract.GUMBEL_TEMP: 5.0
train_loss: 127282.94619560242
abstract.GUMBEL_TEMP: 5.0
train_loss: 127473.4205493927
abstract.GUMBEL_TEMP: 5.0
train_loss: 126684.47895240784
abstract.GUMBEL_TEMP: 5.0
train_loss: 127082.36631774902
Solved 38/200 episodes, CC loss avg = 37.422064894430626
Epoch 470	 test acc 0.19
abstract.GUMBEL_TEMP: 5.0
train_loss: 127840.21723747253
abstract.GUMBEL_TEMP: 5.0
train_loss: 127502.28810119629
abstract.GUMBEL_TEMP: 5.0
train_loss: 126939.97318458557
abstract.GUMBEL_TEMP: 5.0
train_loss: 127342.90044975281
abstract.GUMBEL_TEMP: 5.0
train_loss: 127369.78800392151
Solved 24/200 episodes, CC loss avg = 26.038984421206543
Epoch 475	 test acc 0.12
Saved model at models/2ecae28e4dbe48718669370da8f0b093-epoch-475.pt
abstract.GUMBEL_TEMP: 5.0
train_loss: 127118.3081035614
abstract.GUMBEL_TEMP: 5.0
train_loss: 126833.43109512329
abstract.GUMBEL_TEMP: 5.0
train_loss: 127177.83347511292
abstract.GUMBEL_TEMP: 5.0
train_loss: 127435.50747871399
abstract.GUMBEL_TEMP: 5.0
train_loss: 127209.48044586182
Solved 41/200 episodes, CC loss avg = 32.39924262435302
Epoch 480	 test acc 0.205
abstract.GUMBEL_TEMP: 5.0
train_loss: 127370.90461921692
abstract.GUMBEL_TEMP: 5.0
train_loss: 126719.1564693451
abstract.GUMBEL_TEMP: 5.0
train_loss: 127283.067445755
abstract.GUMBEL_TEMP: 5.0
train_loss: 127162.40788269043
abstract.GUMBEL_TEMP: 5.0
train_loss: 127866.6361618042
Solved 27/200 episodes, CC loss avg = 33.23552974410212
Epoch 485	 test acc 0.135
abstract.GUMBEL_TEMP: 5.0
train_loss: 126767.54100990295
abstract.GUMBEL_TEMP: 5.0
train_loss: 126770.27349662781
abstract.GUMBEL_TEMP: 5.0
train_loss: 127134.8978767395
abstract.GUMBEL_TEMP: 5.0
train_loss: 126478.29312515259
abstract.GUMBEL_TEMP: 5.0
train_loss: 127106.62772750854
Solved 32/200 episodes, CC loss avg = 31.034112941205613
Epoch 490	 test acc 0.16
abstract.GUMBEL_TEMP: 5.0
train_loss: 127269.85413360596
abstract.GUMBEL_TEMP: 5.0
train_loss: 126803.92636680603
abstract.GUMBEL_TEMP: 5.0
train_loss: 127001.58990859985
abstract.GUMBEL_TEMP: 5.0
train_loss: 126629.2025642395
abstract.GUMBEL_TEMP: 5.0
train_loss: 127091.88739967346
Solved 25/200 episodes, CC loss avg = 25.001515448631835
Epoch 495	 test acc 0.125
abstract.GUMBEL_TEMP: 5.0
train_loss: 126587.41050338745
abstract.GUMBEL_TEMP: 5.0
train_loss: 127073.81281471252
abstract.GUMBEL_TEMP: 5.0
train_loss: 126640.66062545776
abstract.GUMBEL_TEMP: 5.0
train_loss: 126879.35434913635
Saved model at models/2ecae28e4dbe48718669370da8f0b093.pt
Completed training in 62317.4 seconds
MODEL: 	hmm
N: 	20000
ABSTRACT_PEN: 	1.0
