Starting run:
483367adcdbf445c8b192d968842c5e3
N: 	20000
MODEL: 	hmm-homo
ABSTRACT_PEN: 	1.0
FINE_TUNE: 	False
MUZERO: 	False
params=Namespace(n=20000, b=10, abstract_pen=1.0, model='hmm-homo', seed=1, lr=0.0004, abstract_dim=32, tau_noise_std=0.0, freeze=False, load=False, ellis=False, no_log=False, fine_tune=False, tau_precompute=False, replace_trans_net=False, batch_norm=False, no_tau_norm=False, relational_micro=False, toy_test=False, separate_option_nets=False, gumbel=False, g_start_temp=1, g_stop_temp=1, num_categories=8, shrink_micro_net=False, shrink_loss_scale=1, length=(1, 2, 3, 4), muzero=False, muzero_scratch=False, num_test=200, test_every=60, save_every=180, neurosym=False, dim=64, num_attn_blocks=2, num_heads=4, traj_updates=40000000.0, batch_size=32, model_load_path='models/e14b78d01cc548239ffd57286e59e819.pt', gumbel_sched=False, device='NVIDIA GeForce RTX 2080 Ti', id='483367adcdbf445c8b192d968842c5e3')
wandb: Currently logged in as: simonalford42. Use `wandb login --relogin` to force relogin
wandb: wandb version 0.13.1 is available!  To upgrade, please run:
wandb:  $ pip install wandb --upgrade
wandb: Tracking run with wandb version 0.12.21
wandb: Run data is saved locally in /home/sca63/abstraction/wandb/run-20220808_172842-y62trdi7
wandb: Run `wandb offline` to turn off syncing.
wandb: Syncing run major-shadow-166
wandb: ⭐️ View project at https://wandb.ai/simonalford42/abstraction
wandb: 🚀 View run at https://wandb.ai/simonalford42/abstraction/runs/y62trdi7
Net has 43818 parameters
Solved 1/200 episodes
Solved 33/200 episodes
Solved 49/200 episodes
Saved model at models/483367adcdbf445c8b192d968842c5e3-epoch-181.pt
Solved 32/200 episodes
slurmstepd: error: *** JOB 772141 ON bala-compute-01 CANCELLED AT 2022-08-08T20:44:04 ***
