Starting run:
6b6838660d2247289d8ea5d790d68914
N: 	20000
MODEL: 	cc
ABSTRACT_PEN: 	1.0
FINE_TUNE: 	False
MUZERO: 	False
params=Namespace(n=20000, b=10, abstract_pen=1.0, model='cc', seed=1, lr=0.0008, abstract_dim=32, tau_noise_std=0.0, freeze=False, load=False, ellis=False, no_log=False, fine_tune=False, tau_precompute=False, replace_trans_net=False, batch_norm=False, no_tau_norm=False, relational_micro=False, toy_test=False, separate_option_nets=False, gumbel=False, g_start_temp=1, g_stop_temp=1, num_categories=8, shrink_micro_net=False, shrink_loss_scale=1, length=(1, 2, 3, 4), muzero=False, muzero_scratch=False, num_test=200, test_every=60, save_every=180, neurosym=True, sv_options=False, sv_options_net_fc=False, dim=64, num_attn_blocks=2, num_heads=4, traj_updates=100000000.0, batch_size=128, model_load_path='models/e14b78d01cc548239ffd57286e59e819.pt', gumbel_sched=False, device='NVIDIA GeForce GTX 1080 Ti', id='6b6838660d2247289d8ea5d790d68914')
wandb: Currently logged in as: simonalford42. Use `wandb login --relogin` to force relogin
wandb: wandb version 0.13.1 is available!  To upgrade, please run:
wandb:  $ pip install wandb --upgrade
wandb: Tracking run with wandb version 0.12.21
wandb: Run data is saved locally in /home/sca63/abstraction/wandb/run-20220809_094051-1y0cx71a
wandb: Run `wandb offline` to turn off syncing.
wandb: Syncing run crimson-capybara-186
wandb: ⭐️ View project at https://wandb.ai/simonalford42/abstraction
wandb: 🚀 View run at https://wandb.ai/simonalford42/abstraction/runs/1y0cx71a
Net has 153928 parameters
Completed training in 596.7 seconds
Traceback (most recent call last):
  File "/home/sca63/abstraction/main.py", line 607, in <module>
    boxworld_main()
  File "/home/sca63/abstraction/main.py", line 520, in boxworld_main
    neurosym_train(params)
  File "/home/sca63/abstraction/main.py", line 550, in neurosym_train
    learn_neurosym_world_model(dataloader, net, options_net, neurosym.BW_WORLD_MODEL_PROGRAM, params)
  File "/home/sca63/abstraction/main.py", line 310, in learn_neurosym_world_model
    state_preds = neurosym.world_model_step_prob(state_embeds, moves, world_model_program)
  File "/home/sca63/abstraction/neurosym.py", line 286, in world_model_step_prob
    precondition_probs *= probs
RuntimeError: Expected all tensors to be on the same device, but found at least two devices, cuda:0 and cpu!
wandb: Waiting for W&B process to finish... (failed 1). Press Control-C to abort syncing.
wandb: - 0.001 MB of 0.001 MB uploaded (0.000 MB deduped)wandb: \ 0.001 MB of 0.001 MB uploaded (0.000 MB deduped)wandb: | 0.001 MB of 0.001 MB uploaded (0.000 MB deduped)wandb: / 0.001 MB of 0.015 MB uploaded (0.000 MB deduped)wandb: - 0.001 MB of 0.015 MB uploaded (0.000 MB deduped)wandb: \ 0.003 MB of 0.015 MB uploaded (0.000 MB deduped)wandb: | 0.015 MB of 0.015 MB uploaded (0.000 MB deduped)wandb: / 0.015 MB of 0.015 MB uploaded (0.000 MB deduped)wandb: - 0.015 MB of 0.015 MB uploaded (0.000 MB deduped)wandb: \ 0.015 MB of 0.015 MB uploaded (0.000 MB deduped)wandb: | 0.015 MB of 0.015 MB uploaded (0.000 MB deduped)wandb: / 0.015 MB of 0.015 MB uploaded (0.000 MB deduped)wandb:                                                                                
wandb: Synced crimson-capybara-186: https://wandb.ai/simonalford42/abstraction/runs/1y0cx71a
wandb: Synced 6 W&B file(s), 0 media file(s), 0 artifact file(s) and 0 other file(s)
wandb: Find logs at: ./wandb/run-20220809_094051-1y0cx71a/logs
