Starting run:
102272177135457ea5623e37dd10acd9
N: 	20000
MODEL: 	hmm-homo
ABSTRACT_PEN: 	1.0
FINE_TUNE: 	False
MUZERO: 	False
params=Namespace(n=20000, b=10, abstract_pen=1.0, model='hmm-homo', seed=1, lr=0.0004, abstract_dim=32, tau_noise_std=0.0, freeze=False, load=False, ellis=False, no_log=False, fine_tune=False, tau_precompute=False, replace_trans_net=False, batch_norm=False, no_tau_norm=False, relational_micro=False, toy_test=False, separate_option_nets=False, gumbel=False, g_start_temp=1, g_stop_temp=1, num_categories=8, shrink_micro_net=False, shrink_loss_scale=1, length=(1, 2, 3, 4), muzero=False, muzero_scratch=False, num_test=200, test_every=60, save_every=180, neurosym=False, sv_options=False, sv_options_net_fc=False, dim=64, num_attn_blocks=2, num_heads=4, traj_updates=40000000.0, batch_size=32, model_load_path='models/e14b78d01cc548239ffd57286e59e819.pt', gumbel_sched=False, device='NVIDIA TITAN Xp', id='102272177135457ea5623e37dd10acd9')
wandb: Currently logged in as: simonalford42. Use `wandb login --relogin` to force relogin
wandb: wandb version 0.13.1 is available!  To upgrade, please run:
wandb:  $ pip install wandb --upgrade
wandb: Tracking run with wandb version 0.12.21
wandb: Run data is saved locally in /home/sca63/abstraction/wandb/run-20220810_013119-34ofkq1u
wandb: Run `wandb offline` to turn off syncing.
wandb: Syncing run youthful-moon-189
wandb: ⭐️ View project at https://wandb.ai/simonalford42/abstraction
wandb: 🚀 View run at https://wandb.ai/simonalford42/abstraction/runs/34ofkq1u
Net has 43818 parameters
Solved 1/200 episodes
Solved 37/200 episodes
Solved 42/200 episodes
Saved model at models/102272177135457ea5623e37dd10acd9-epoch-130.pt
Solved 40/200 episodes
Solved 32/200 episodes
Solved 25/200 episodes
Saved model at models/102272177135457ea5623e37dd10acd9-epoch-261.pt
Solved 29/200 episodes
Solved 39/200 episodes
Solved 34/200 episodes
Saved model at models/102272177135457ea5623e37dd10acd9-epoch-392.pt
Solved 34/200 episodes
Solved 33/200 episodes
Solved 32/200 episodes
Saved model at models/102272177135457ea5623e37dd10acd9-epoch-522.pt
Solved 37/200 episodes
Solved 31/200 episodes
Solved 45/200 episodes
Saved model at models/102272177135457ea5623e37dd10acd9-epoch-652.pt
Solved 28/200 episodes
Solved 38/200 episodes
Solved 36/200 episodes
Saved model at models/102272177135457ea5623e37dd10acd9-epoch-782.pt
Solved 32/200 episodes
Solved 37/200 episodes
Solved 42/200 episodes
Saved model at models/102272177135457ea5623e37dd10acd9-epoch-912.pt
Solved 30/200 episodes
Solved 34/200 episodes
Solved 36/200 episodes
Saved model at models/102272177135457ea5623e37dd10acd9-epoch-1042.pt
Solved 38/200 episodes
Solved 38/200 episodes
Solved 42/200 episodes
Saved model at models/102272177135457ea5623e37dd10acd9-epoch-1172.pt
Solved 33/200 episodes
Solved 38/200 episodes
Solved 37/200 episodes
Saved model at models/102272177135457ea5623e37dd10acd9-epoch-1302.pt
Solved 39/200 episodes
Solved 35/200 episodes
Solved 41/200 episodes
Saved model at models/102272177135457ea5623e37dd10acd9-epoch-1432.pt
Solved 43/200 episodes
Solved 41/200 episodes
Solved 38/200 episodes
Saved model at models/102272177135457ea5623e37dd10acd9-epoch-1561.pt
Solved 27/200 episodes
Solved 43/200 episodes
Solved 34/200 episodes
Saved model at models/102272177135457ea5623e37dd10acd9-epoch-1691.pt
Solved 40/200 episodes
Solved 37/200 episodes
Solved 35/200 episodes
Saved model at models/102272177135457ea5623e37dd10acd9-epoch-1821.pt
Solved 36/200 episodes
Solved 37/200 episodes
Solved 42/200 episodes
Saved model at models/102272177135457ea5623e37dd10acd9-epoch-1951.pt
Solved 34/200 episodes
Saved model at models/102272177135457ea5623e37dd10acd9.pt
N: 	20000
MODEL: 	hmm-homo
ABSTRACT_PEN: 	1.0
FINE_TUNE: 	False
MUZERO: 	False
Completed training in 167038.4 seconds
wandb: Waiting for W&B process to finish... (success).
wandb: - 0.007 MB of 0.007 MB uploaded (0.000 MB deduped)wandb: \ 0.007 MB of 0.007 MB uploaded (0.000 MB deduped)wandb: | 0.007 MB of 0.007 MB uploaded (0.000 MB deduped)wandb: / 0.007 MB of 0.023 MB uploaded (0.000 MB deduped)wandb: - 0.007 MB of 0.023 MB uploaded (0.000 MB deduped)wandb: \ 0.017 MB of 0.023 MB uploaded (0.000 MB deduped)wandb: | 0.023 MB of 0.023 MB uploaded (0.000 MB deduped)wandb: / 0.023 MB of 0.023 MB uploaded (0.000 MB deduped)wandb: - 0.023 MB of 0.023 MB uploaded (0.000 MB deduped)wandb: \ 0.023 MB of 0.023 MB uploaded (0.000 MB deduped)wandb: | 0.023 MB of 0.023 MB uploaded (0.000 MB deduped)wandb: / 0.023 MB of 0.023 MB uploaded (0.000 MB deduped)wandb: - 0.023 MB of 0.023 MB uploaded (0.000 MB deduped)wandb:                                                                                
wandb: 
wandb: Run history:
wandb:  acc ▁▇█▇▆▅▅▆▆▆▆▇▆█▇▇▆▇█▆▇▇▇█▆▇▇▆▇█▇▇▅▆▇▇▆▇▇█
wandb: loss █▄▃▃▃▂▂▂▂▂▂▂▂▂▂▂▂▁▁▁▁▁▁▁▁▁▁▁▁▁▁▁▁▁▁▁▁▁▁▁
wandb: 
wandb: Run summary:
wandb:  acc 0.17
wandb: loss 87847.8351
wandb: 
wandb: Synced youthful-moon-189: https://wandb.ai/simonalford42/abstraction/runs/34ofkq1u
wandb: Synced 6 W&B file(s), 16 media file(s), 16 artifact file(s) and 0 other file(s)
wandb: Find logs at: ./wandb/run-20220810_013119-34ofkq1u/logs
