Starting run:
cb204685fb064285bc49ca95d63e0424
N: 	20000
MODEL: 	hmm
ABSTRACT_PEN: 	2.0
FINE_TUNE: 	False
MUZERO: 	False
params=Namespace(n=20000, b=10, abstract_pen=2.0, model='hmm', seed=1, lr=0.0008, abstract_dim=32, tau_noise_std=0.0, freeze=False, load=False, ellis=False, no_log=False, fine_tune=False, tau_precompute=False, replace_trans_net=False, batch_norm=False, no_tau_norm=False, relational_micro=False, toy_test=False, separate_option_nets=False, gumbel=False, g_start_temp=1, g_stop_temp=1, num_categories=8, shrink_micro_net=False, shrink_loss_scale=1, length=(1, 2, 3, 4), muzero=False, muzero_scratch=False, num_test=200, test_every=60, save_every=180, neurosym=False, cc_neurosym=False, sv_options=False, sv_options_net_fc=False, dim=64, num_attn_blocks=2, num_heads=4, traj_updates=20000000.0, batch_size=32, model_load_path='models/e14b78d01cc548239ffd57286e59e819.pt', gumbel_sched=False, device='NVIDIA RTX A6000', id='cb204685fb064285bc49ca95d63e0424')
wandb: Currently logged in as: simonalford42. Use `wandb login --relogin` to force relogin
wandb: wandb version 0.13.1 is available!  To upgrade, please run:
wandb:  $ pip install wandb --upgrade
wandb: Tracking run with wandb version 0.12.21
wandb: Run data is saved locally in /home/sca63/abstraction/wandb/run-20220815_102610-2az4bck3
wandb: Run `wandb offline` to turn off syncing.
wandb: Syncing run lemon-wildflower-249
wandb: ⭐️ View project at https://wandb.ai/simonalford42/abstraction
wandb: 🚀 View run at https://wandb.ai/simonalford42/abstraction/runs/2az4bck3
Net has 162708 parameters
WARNING: tau norm dim disabled
Solved 0/200 episodes
Solved 66/200 episodes
Solved 114/200 episodes
Saved model at models/cb204685fb064285bc49ca95d63e0424-epoch-176.pt
Solved 100/200 episodes
Solved 106/200 episodes
Solved 96/200 episodes
Saved model at models/cb204685fb064285bc49ca95d63e0424-epoch-355.pt
Solved 117/200 episodes
Solved 110/200 episodes
Solved 114/200 episodes
Saved model at models/cb204685fb064285bc49ca95d63e0424-epoch-534.pt
Solved 98/200 episodes
Solved 123/200 episodes
Solved 97/200 episodes
Saved model at models/cb204685fb064285bc49ca95d63e0424-epoch-714.pt
Solved 112/200 episodes
Solved 111/200 episodes
Solved 114/200 episodes
Saved model at models/cb204685fb064285bc49ca95d63e0424-epoch-894.pt
Solved 103/200 episodes
Solved 107/200 episodes
Saved model at models/cb204685fb064285bc49ca95d63e0424.pt
N: 	20000
MODEL: 	hmm
ABSTRACT_PEN: 	2.0
FINE_TUNE: 	False
MUZERO: 	False
Completed training in 60882.6 seconds
wandb: Waiting for W&B process to finish... (success).
wandb: - 0.003 MB of 0.003 MB uploaded (0.000 MB deduped)wandb: \ 0.003 MB of 0.003 MB uploaded (0.000 MB deduped)wandb: | 0.003 MB of 0.018 MB uploaded (0.000 MB deduped)wandb: / 0.003 MB of 0.018 MB uploaded (0.000 MB deduped)wandb: - 0.018 MB of 0.018 MB uploaded (0.000 MB deduped)wandb: \ 0.018 MB of 0.018 MB uploaded (0.000 MB deduped)wandb: | 0.018 MB of 0.018 MB uploaded (0.000 MB deduped)wandb: / 0.018 MB of 0.018 MB uploaded (0.000 MB deduped)wandb: - 0.018 MB of 0.018 MB uploaded (0.000 MB deduped)wandb: \ 0.018 MB of 0.018 MB uploaded (0.000 MB deduped)wandb: | 0.018 MB of 0.018 MB uploaded (0.000 MB deduped)wandb:                                                                                
wandb: 
wandb: Run history:
wandb:                  acc ▁▅▇▇▇▆█▇▇▇█▇▇▇▇▇▇
wandb:                 loss █▄▃▂▂▂▂▂▂▂▁▁▁▁▁▁▁▁▁▁▁▁▁▁▁▁▁▁▁▁▁▁▁▁▁▁▁▁▁▁
wandb:     test/cc_loss_avg ▁█▇▄██▇▇▇▇▇▇▇▇▆▅▆
wandb: test/solved_pred_acc ▁████████████████
wandb: 
wandb: Run summary:
wandb:                  acc 0.535
wandb:                 loss 110689.53363
wandb:     test/cc_loss_avg 0.16061
wandb: test/solved_pred_acc 1.0
wandb: 
wandb: Synced lemon-wildflower-249: https://wandb.ai/simonalford42/abstraction/runs/2az4bck3
wandb: Synced 6 W&B file(s), 6 media file(s), 6 artifact file(s) and 0 other file(s)
wandb: Find logs at: ./wandb/run-20220815_102610-2az4bck3/logs
