Using torch device NVIDIA GeForce RTX 2080 Ti
tensor([0, 1, 2], device='cuda:0')
passed gpu check
Starting run:
26fec7ad630a4b3e8d018f8b10e9bfdf
N: 	20000
MODEL: 	hmm
ABSTRACT_PEN: 	0.5
FINE_TUNE: 	False
MUZERO: 	False
params=Namespace(n=20000, b=10, abstract_pen=0.5, model='hmm', seed=1, lr=0.0008, abstract_dim=32, tau_noise_std=0.0, freeze=False, load=False, ellis=False, no_log=False, fine_tune=False, tau_precompute=False, replace_trans_net=False, batch_norm=False, no_tau_norm=False, relational_micro=False, toy_test=False, separate_option_nets=False, gumbel=False, g_start_temp=1, g_stop_temp=1, num_categories=8, shrink_micro_net=False, shrink_loss_scale=1, length=(1, 2, 3, 4), muzero=False, muzero_scratch=False, num_test=200, test_every=60, save_every=180, neurosym=False, cc_neurosym=False, sv_options=False, sv_options_net_fc=False, dim=64, num_attn_blocks=2, num_heads=4, traj_updates=40000000.0, batch_size=32, model_load_path='models/e14b78d01cc548239ffd57286e59e819.pt', gumbel_sched=False, device='NVIDIA GeForce RTX 2080 Ti', id='26fec7ad630a4b3e8d018f8b10e9bfdf')
wandb: Currently logged in as: simonalford42. Use `wandb login --relogin` to force relogin
wandb: wandb version 0.13.1 is available!  To upgrade, please run:
wandb:  $ pip install wandb --upgrade
wandb: Tracking run with wandb version 0.12.21
wandb: Run data is saved locally in /home/sca63/abstraction/wandb/run-20220816_003723-zr71gn69
wandb: Run `wandb offline` to turn off syncing.
wandb: Syncing run pretty-flower-291
wandb: ⭐️ View project at https://wandb.ai/simonalford42/abstraction
wandb: 🚀 View run at https://wandb.ai/simonalford42/abstraction/runs/zr71gn69
Net has 162708 parameters
WARNING: tau norm dim disabled
Solved 0/200 episodes
Solved 38/200 episodes
Solved 88/200 episodes
Saved model at models/26fec7ad630a4b3e8d018f8b10e9bfdf-epoch-132.pt
Solved 78/200 episodes
Solved 92/200 episodes
Solved 85/200 episodes
Saved model at models/26fec7ad630a4b3e8d018f8b10e9bfdf-epoch-264.pt
Solved 97/200 episodes
Solved 110/200 episodes
Solved 113/200 episodes
Saved model at models/26fec7ad630a4b3e8d018f8b10e9bfdf-epoch-398.pt
Solved 95/200 episodes
Solved 104/200 episodes
Solved 88/200 episodes
Saved model at models/26fec7ad630a4b3e8d018f8b10e9bfdf-epoch-531.pt
Solved 106/200 episodes
Solved 115/200 episodes
Solved 104/200 episodes
Saved model at models/26fec7ad630a4b3e8d018f8b10e9bfdf-epoch-663.pt
Solved 105/200 episodes
Solved 118/200 episodes
Solved 117/200 episodes
Saved model at models/26fec7ad630a4b3e8d018f8b10e9bfdf-epoch-795.pt
Solved 114/200 episodes
Solved 107/200 episodes
Solved 110/200 episodes
Saved model at models/26fec7ad630a4b3e8d018f8b10e9bfdf-epoch-927.pt
Solved 102/200 episodes
Solved 118/200 episodes
Solved 104/200 episodes
Saved model at models/26fec7ad630a4b3e8d018f8b10e9bfdf-epoch-1059.pt
Solved 111/200 episodes
Solved 116/200 episodes
Solved 111/200 episodes
Saved model at models/26fec7ad630a4b3e8d018f8b10e9bfdf-epoch-1191.pt
[34m[1mwandb[0m: [33mWARNING[0m A graphql request initiated by the public wandb API timed out (timeout=9 sec). Create a new API with an integer timeout larger than 9, e.g., `api = wandb.Api(timeout=19)` to increase the graphql timeout.
Solved 110/200 episodes
wandb: Network error (ReadTimeout), entering retry loop.
wandb: Network error (ReadTimeout), entering retry loop.
wandb: Network error (ReadTimeout), entering retry loop.
wandb: Network error (ReadTimeout), entering retry loop.
wandb: Network error (ReadTimeout), entering retry loop.
wandb: Network error (ReadTimeout), entering retry loop.
wandb: Network error (ReadTimeout), entering retry loop.
wandb: Network error (ReadTimeout), entering retry loop.
Solved 119/200 episodes
Solved 119/200 episodes
wandb: Network error (ReadTimeout), entering retry loop.
Saved model at models/26fec7ad630a4b3e8d018f8b10e9bfdf-epoch-1323.pt
Solved 111/200 episodes
Solved 115/200 episodes
Solved 119/200 episodes
Saved model at models/26fec7ad630a4b3e8d018f8b10e9bfdf-epoch-1456.pt
Solved 119/200 episodes
Solved 114/200 episodes
Solved 105/200 episodes
Saved model at models/26fec7ad630a4b3e8d018f8b10e9bfdf-epoch-1589.pt
Solved 100/200 episodes
Solved 113/200 episodes
Solved 104/200 episodes
Saved model at models/26fec7ad630a4b3e8d018f8b10e9bfdf-epoch-1719.pt
Solved 108/200 episodes
Solved 112/200 episodes
Solved 95/200 episodes
Saved model at models/26fec7ad630a4b3e8d018f8b10e9bfdf-epoch-1853.pt
Solved 113/200 episodes
Solved 108/200 episodes
Solved 114/200 episodes
Saved model at models/26fec7ad630a4b3e8d018f8b10e9bfdf-epoch-1987.pt
Saved model at models/26fec7ad630a4b3e8d018f8b10e9bfdf.pt
N: 	20000
MODEL: 	hmm
ABSTRACT_PEN: 	0.5
FINE_TUNE: 	False
MUZERO: 	False
Completed training in 163992.0 seconds
wandb: Waiting for W&B process to finish... (success).
wandb: - 0.007 MB of 0.007 MB uploaded (0.000 MB deduped)wandb: \ 0.007 MB of 0.007 MB uploaded (0.000 MB deduped)wandb: | 0.007 MB of 0.007 MB uploaded (0.000 MB deduped)wandb: / 0.007 MB of 0.023 MB uploaded (0.000 MB deduped)wandb: - 0.007 MB of 0.023 MB uploaded (0.000 MB deduped)wandb: \ 0.023 MB of 0.023 MB uploaded (0.000 MB deduped)wandb: | 0.023 MB of 0.023 MB uploaded (0.000 MB deduped)wandb: / 0.023 MB of 0.023 MB uploaded (0.000 MB deduped)wandb: - 0.023 MB of 0.023 MB uploaded (0.000 MB deduped)wandb: \ 0.023 MB of 0.023 MB uploaded (0.000 MB deduped)wandb: | 0.023 MB of 0.023 MB uploaded (0.000 MB deduped)wandb: / 0.023 MB of 0.023 MB uploaded (0.000 MB deduped)wandb:                                                                                
wandb: 
wandb: Run history:
wandb:                  acc ▁▃▆▆▆▆▇▇▇▇▆▇█▇▇██▇▇▇█▇██▇███████▇█▇▇█▇██
wandb:                 loss █▅▃▃▂▂▂▂▂▁▁▁▁▁▁▁▁▁▁▁▁▁▁▁▁▁▁▁▁▁▁▁▁▁▁▁▁▁▁▁
wandb:     test/cc_loss_avg ▁▇█▆██████▇▇▇█▇▇▆▇▇▇▇▇▇▇▇▆▇▇▇▇▇▇▆▇▇▆▇▆▆▆
wandb: test/solved_pred_acc ▁███████████████████████████████████████
wandb: 
wandb: Run summary:
wandb:                  acc 0.57
wandb:                 loss 56667.61887
wandb:     test/cc_loss_avg 0.12935
wandb: test/solved_pred_acc 1.0
wandb: 
wandb: Synced pretty-flower-291: https://wandb.ai/simonalford42/abstraction/runs/zr71gn69
wandb: Synced 6 W&B file(s), 16 media file(s), 16 artifact file(s) and 0 other file(s)
wandb: Find logs at: ./wandb/run-20220816_003723-zr71gn69/logs
