Using torch device NVIDIA RTX A6000
tensor([0, 1, 2], device='cuda:0')
passed gpu check
Starting run:
be7cff706acc47beaec3fe9569862702
N: 	20000
MODEL: 	cc
ABSTRACT_PEN: 	1.0
FINE_TUNE: 	False
MUZERO: 	False
params=Namespace(n=20000, b=9, abstract_pen=1.0, model='cc', seed=1, lr=0.0008, abstract_dim=32, tau_noise_std=0.0, freeze=False, load=False, ellis=False, no_log=False, fine_tune=False, tau_precompute=False, replace_trans_net=False, batch_norm=False, no_tau_norm=False, relational_micro=False, toy_test=False, separate_option_nets=False, gumbel=False, g_start_temp=1, g_stop_temp=1, num_categories=8, shrink_micro_net=False, shrink_loss_scale=1, length=(1, 2, 3, 4), muzero=False, muzero_scratch=False, num_test=200, test_every=60, save_every=180, neurosym=False, cc_neurosym=True, sv_options=False, sv_options_net_fc=False, dim=64, num_attn_blocks=2, num_heads=4, traj_updates=40000000.0, batch_size=16, model_load_path='models/e14b78d01cc548239ffd57286e59e819.pt', gumbel_sched=False, device='NVIDIA RTX A6000', id='be7cff706acc47beaec3fe9569862702')
wandb: Currently logged in as: simonalford42. Use `wandb login --relogin` to force relogin
wandb: wandb version 0.13.2 is available!  To upgrade, please run:
wandb:  $ pip install wandb --upgrade
wandb: Tracking run with wandb version 0.12.21
wandb: Run data is saved locally in /home/sca63/abstraction/wandb/run-20220823_051207-1rwg9eex
wandb: Run `wandb offline` to turn off syncing.
wandb: Syncing run serene-bird-319
wandb: ⭐️ View project at https://wandb.ai/simonalford42/abstraction
wandb: 🚀 View run at https://wandb.ai/simonalford42/abstraction/runs/1rwg9eex
ascii: q not found in ASCII='# .*abcdefgh'
Completed training in 131.0 seconds
Traceback (most recent call last):
  File "/home/sca63/abstraction/main.py", line 619, in <module>
    boxworld_main()
  File "/home/sca63/abstraction/main.py", line 537, in boxworld_main
    learn_options(net, params)
  File "/home/sca63/abstraction/main.py", line 109, in learn_options
    dataset = data.BoxWorldDataset(box_world.BoxWorldEnv(seed=params.seed), n=params.n, traj=True)
  File "/home/sca63/abstraction/data.py", line 538, in __init__
    self.states = [obs_to_tensor(s)
  File "/home/sca63/abstraction/data.py", line 538, in <listcomp>
    self.states = [obs_to_tensor(s)
  File "/home/sca63/abstraction/data.py", line 328, in obs_to_tensor
    obs = torch.tensor([[box_world.ascii_to_int(a) for a in row]
  File "/home/sca63/abstraction/data.py", line 328, in <listcomp>
    obs = torch.tensor([[box_world.ascii_to_int(a) for a in row]
  File "/home/sca63/abstraction/data.py", line 328, in <listcomp>
    obs = torch.tensor([[box_world.ascii_to_int(a) for a in row]
  File "/home/sca63/abstraction/box_world.py", line 148, in ascii_to_int
    return ASCII.index(ascii.lower())
ValueError: substring not found
wandb: Waiting for W&B process to finish... (failed 1). Press Control-C to abort syncing.
wandb: - 0.001 MB of 0.001 MB uploaded (0.000 MB deduped)wandb: \ 0.001 MB of 0.001 MB uploaded (0.000 MB deduped)wandb: | 0.001 MB of 0.015 MB uploaded (0.000 MB deduped)wandb: / 0.001 MB of 0.015 MB uploaded (0.000 MB deduped)wandb: - 0.013 MB of 0.015 MB uploaded (0.000 MB deduped)wandb: \ 0.015 MB of 0.015 MB uploaded (0.000 MB deduped)wandb: | 0.015 MB of 0.015 MB uploaded (0.000 MB deduped)wandb: / 0.015 MB of 0.015 MB uploaded (0.000 MB deduped)wandb: - 0.015 MB of 0.015 MB uploaded (0.000 MB deduped)wandb: \ 0.015 MB of 0.015 MB uploaded (0.000 MB deduped)wandb: | 0.015 MB of 0.015 MB uploaded (0.000 MB deduped)wandb: / 0.015 MB of 0.015 MB uploaded (0.000 MB deduped)wandb:                                                                                
wandb: Synced serene-bird-319: https://wandb.ai/simonalford42/abstraction/runs/1rwg9eex
wandb: Synced 6 W&B file(s), 0 media file(s), 0 artifact file(s) and 0 other file(s)
wandb: Find logs at: ./wandb/run-20220823_051207-1rwg9eex/logs
