Using torch device NVIDIA GeForce RTX 3090
tensor([0, 1, 2], device='cuda:0')
passed gpu check
Starting run:
4a6d16108b1d4c74b96e0f93f108672b
N: 	20000
MODEL: 	cc
ABSTRACT_PEN: 	1.0
FINE_TUNE: 	False
MUZERO: 	False
params=Namespace(note='', n=20000, b=9, abstract_pen=1.0, model='cc', seed=1, lr=0.0008, abstract_dim=32, tau_noise_std=0.0, freeze=False, load=False, ellis=True, no_log=False, fine_tune=False, tau_precompute=False, replace_trans_net=False, batch_norm=False, no_tau_norm=False, relational_micro=False, toy_test=False, separate_option_nets=False, gumbel=False, g_start_temp=1, g_stop_temp=1, num_categories=8, shrink_micro_net=False, shrink_loss_scale=1, solution_length=(1, 2, 3, 4), muzero=False, muzero_scratch=False, num_test=200, test_every=60, save_every=180, neurosym=False, cc_neurosym=True, sv_options=False, sv_options_net_fc=False, dim=64, num_attn_blocks=2, num_heads=4, state_loss_weight=1.0, cc_weight=0.0, symbolic_supervised=False, batch_size=32, traj_updates=10000000.0, model_load_path='models/e14b78d01cc548239ffd57286e59e819.pt', gumbel_sched=False, device='NVIDIA GeForce RTX 3090', id='4a6d16108b1d4c74b96e0f93f108672b')
wandb: Currently logged in as: simonalford42. Use `wandb login --relogin` to force relogin
wandb: wandb version 0.13.2 is available!  To upgrade, please run:
wandb:  $ pip install wandb --upgrade
wandb: Tracking run with wandb version 0.12.21
wandb: Run data is saved locally in /home/sca63/abstraction/wandb/run-20220906_010020-2j2tfiyq
wandb: Run `wandb offline` to turn off syncing.
wandb: Syncing run misty-wind-358
wandb: ⭐️ View project at https://wandb.ai/simonalford42/abstraction
wandb: 🚀 View run at https://wandb.ai/simonalford42/abstraction/runs/2j2tfiyq
Net has 197665 parameters
WARNING: tau norm dim disabled
Solved 5/200 episodes, CC loss avg = 160.43273162841797
Solved 43/200 episodes, CC loss avg = 160.51136734236533
Solved 49/200 episodes, CC loss avg = 160.60086577279228
Saved model at models/4a6d16108b1d4c74b96e0f93f108672b-epoch-43.pt
Solved 87/200 episodes, CC loss avg = 160.53181694549264
Solved 113/200 episodes, CC loss avg = 160.52266455985404
Solved 133/200 episodes, CC loss avg = 160.52203273773193
Saved model at models/4a6d16108b1d4c74b96e0f93f108672b-epoch-87.pt
Solved 142/200 episodes, CC loss avg = 160.50249948263829
Solved 131/200 episodes, CC loss avg = 160.52278155646655
Solved 125/200 episodes, CC loss avg = 160.504555649991
Saved model at models/4a6d16108b1d4c74b96e0f93f108672b-epoch-131.pt
Solved 138/200 episodes, CC loss avg = 160.52566057370032
slurmstepd: error: *** JOB 838342 ON ellis-compute-01 CANCELLED AT 2022-09-06T11:29:01 ***
