neurosym.CHECK_IXS=[-1]
Using torch device NVIDIA GeForce RTX 2080 Ti
Starting run:
79b9a153882f498fa919f2aacb3fbd68
N: 	20000
MODEL: 	cc
ABSTRACT_PEN: 	1.0
FINE_TUNE: 	False
MUZERO: 	False
params=Namespace(note='', n=20000, b=10, abstract_pen=1.0, model='cc', seed=1, lr=0.0008, abstract_dim=32, tau_noise_std=0.0, freeze=False, load=False, ellis=False, no_log=False, fine_tune=False, tau_precompute=False, replace_trans_net=False, batch_norm=False, no_tau_norm=False, relational_micro=True, toy_test=False, separate_option_nets=False, gumbel=False, g_start_temp=1, g_stop_temp=1, num_categories=8, shrink_micro_net=False, shrink_loss_scale=1, solution_length=(1, 2, 3, 4), muzero=False, muzero_scratch=False, num_test=200, test_every=60, save_every=180, neurosym=False, cc_neurosym=False, sv_options=False, sv_options_net_fc=False, dim=64, num_attn_blocks=2, num_heads=4, state_loss_weight=1.0, cc_weight=1.0, fake_cc_neurosym=False, symbolic_sv=False, micro_net2=False, num_out=None, check_ix=-1, num_check=0, test=False, sv_micro=True, sv_micro_data_type='ground_truth', relational_macro=False, traj_updates=1000000000.0, batch_size=16, model_load_path='models/7caf148820a04ce3bbd8bbfb43a8cd9c.pt', gumbel_sched=False, device='NVIDIA GeForce RTX 2080 Ti', id='79b9a153882f498fa919f2aacb3fbd68')
wandb: Currently logged in as: simonalford42. Use `wandb login --relogin` to force relogin
wandb: wandb version 0.13.3 is available!  To upgrade, please run:
wandb:  $ pip install wandb --upgrade
wandb: Tracking run with wandb version 0.12.21
wandb: Run data is saved locally in /home/sca63/abstraction/wandb/run-20220927_201536-yqc0napw
wandb: Run `wandb offline` to turn off syncing.
wandb: Syncing run lyric-sound-560
wandb: ⭐️ View project at https://wandb.ai/simonalford42/abstraction
wandb: 🚀 View run at https://wandb.ai/simonalford42/abstraction/runs/yqc0napw
Loaded model from models/7caf148820a04ce3bbd8bbfb43a8cd9c.pt
Completed training in 70607.7 seconds
Traceback (most recent call last):
  File "/home/sca63/abstraction/main.py", line 820, in <module>
    boxworld_main()
  File "/home/sca63/abstraction/main.py", line 617, in boxworld_main
    sv_micro_train(params, net)
  File "/home/sca63/abstraction/main.py", line 786, in sv_micro_train
    optimizer.step()
  File "/home/sca63/.conda/envs/gcsl/lib/python3.9/site-packages/torch/optim/optimizer.py", line 113, in wrapper
    return func(*args, **kwargs)
  File "/home/sca63/.conda/envs/gcsl/lib/python3.9/site-packages/torch/autograd/grad_mode.py", line 27, in decorate_context
    return func(*args, **kwargs)
  File "/home/sca63/.conda/envs/gcsl/lib/python3.9/site-packages/torch/optim/adam.py", line 157, in step
    adam(params_with_grad,
  File "/home/sca63/.conda/envs/gcsl/lib/python3.9/site-packages/torch/optim/adam.py", line 213, in adam
    func(params,
  File "/home/sca63/.conda/envs/gcsl/lib/python3.9/site-packages/torch/optim/adam.py", line 262, in _single_tensor_adam
    exp_avg.mul_(beta1).add_(grad, alpha=1 - beta1)
KeyboardInterrupt
wandb: Waiting for W&B process to finish... (failed 255). Press Control-C to abort syncing.
wandb: - 0.001 MB of 0.001 MB uploaded (0.000 MB deduped)wandb: \ 0.001 MB of 0.001 MB uploaded (0.000 MB deduped)wandb: | 0.001 MB of 0.016 MB uploaded (0.000 MB deduped)wandb: / 0.001 MB of 0.016 MB uploaded (0.000 MB deduped)wandb: - 0.016 MB of 0.016 MB uploaded (0.000 MB deduped)wandb: \ 0.016 MB of 0.016 MB uploaded (0.000 MB deduped)wandb: | 0.016 MB of 0.016 MB uploaded (0.000 MB deduped)wandb: / 0.016 MB of 0.016 MB uploaded (0.000 MB deduped)wandb: - 0.016 MB of 0.016 MB uploaded (0.000 MB deduped)wandb: \ 0.016 MB of 0.016 MB uploaded (0.000 MB deduped)wandb: | 0.016 MB of 0.016 MB uploaded (0.000 MB deduped)wandb: / 0.016 MB of 0.016 MB uploaded (0.000 MB deduped)wandb:                                                                                
wandb: 
wandb: Run history:
wandb:  acc ▁▇▇▇████████████████████████████████████
wandb: loss █▂▂▂▂▁▂▁▂▁▁▁▁▁▁▁▁▁▁▁▁▁▁▁▁▁▁▂▁▁▁▁▁▂▁▁▁▁▂▁
wandb: 
wandb: Run summary:
wandb:  acc 0.95436
wandb: loss 3901.37912
wandb: 
wandb: Synced lyric-sound-560: https://wandb.ai/simonalford42/abstraction/runs/yqc0napw
wandb: Synced 6 W&B file(s), 0 media file(s), 0 artifact file(s) and 0 other file(s)
wandb: Find logs at: ./wandb/run-20220927_201536-yqc0napw/logs
