Using torch device NVIDIA TITAN RTX
tensor([0, 1, 2], device='cuda:0')
passed gpu check
Starting run:
ae074c62eeb34fd1b8e94cb629e02381
N: 	20000
MODEL: 	cc
ABSTRACT_PEN: 	1.0
FINE_TUNE: 	False
MUZERO: 	False
params=Namespace(note='', n=20000, b=9, abstract_pen=1.0, model='cc', seed=1, lr=0.0008, abstract_dim=32, tau_noise_std=0.0, freeze=False, load=False, ellis=False, no_log=False, fine_tune=False, tau_precompute=False, replace_trans_net=False, batch_norm=False, no_tau_norm=False, relational_micro=False, toy_test=False, separate_option_nets=False, gumbel=False, g_start_temp=1, g_stop_temp=1, num_categories=8, shrink_micro_net=False, shrink_loss_scale=1, solution_length=(1, 2, 3, 4), muzero=False, muzero_scratch=False, num_test=200, test_every=60, save_every=180, neurosym=False, cc_neurosym=True, sv_options=False, sv_options_net_fc=False, dim=64, num_attn_blocks=2, num_heads=4, symbolic_supervised=False, batch_size=16, traj_updates=10000000.0, model_load_path='models/e14b78d01cc548239ffd57286e59e819.pt', gumbel_sched=False, device='NVIDIA TITAN RTX', id='ae074c62eeb34fd1b8e94cb629e02381')
wandb: Currently logged in as: simonalford42. Use `wandb login --relogin` to force relogin
wandb: wandb version 0.13.2 is available!  To upgrade, please run:
wandb:  $ pip install wandb --upgrade
wandb: Tracking run with wandb version 0.12.21
wandb: Run data is saved locally in /home/sca63/abstraction/wandb/run-20220905_234835-wwwvwg77
wandb: Run `wandb offline` to turn off syncing.
wandb: Syncing run youthful-field-357
wandb: ⭐️ View project at https://wandb.ai/simonalford42/abstraction
wandb: 🚀 View run at https://wandb.ai/simonalford42/abstraction/runs/wwwvwg77
Net has 197665 parameters
WARNING: tau norm dim disabled
Solved 0/200 episodes, CC loss avg = 158.99380817359298
slurmstepd: error: *** JOB 837167 ON rush-compute-01 CANCELLED AT 2022-09-06T00:42:46 ***
