Using torch device NVIDIA TITAN RTX
tensor([0, 1, 2], device='cuda:0')
passed gpu check
Starting run:
0d293acfa25341b6b263835543da7df3
N: 	20000
MODEL: 	cc
ABSTRACT_PEN: 	1.0
FINE_TUNE: 	False
MUZERO: 	False
params=Namespace(note='', n=20000, b=9, abstract_pen=1.0, model='cc', seed=1, lr=0.0008, abstract_dim=32, tau_noise_std=0.0, freeze=False, load=False, ellis=False, no_log=False, fine_tune=False, tau_precompute=False, replace_trans_net=False, batch_norm=False, no_tau_norm=False, relational_micro=False, toy_test=False, separate_option_nets=False, gumbel=False, g_start_temp=1, g_stop_temp=1, num_categories=8, shrink_micro_net=False, shrink_loss_scale=1, solution_length=(1, 2, 3, 4), muzero=False, muzero_scratch=False, num_test=200, test_every=60, save_every=180, neurosym=False, cc_neurosym=True, sv_options=False, sv_options_net_fc=False, dim=64, num_attn_blocks=2, num_heads=4, state_loss_weight=1.0, cc_weight=0.5, symbolic_supervised=False, batch_size=16, traj_updates=10000000.0, model_load_path='models/e14b78d01cc548239ffd57286e59e819.pt', gumbel_sched=False, device='NVIDIA TITAN RTX', id='0d293acfa25341b6b263835543da7df3')
wandb: Currently logged in as: simonalford42. Use `wandb login --relogin` to force relogin
wandb: wandb version 0.13.2 is available!  To upgrade, please run:
wandb:  $ pip install wandb --upgrade
wandb: Tracking run with wandb version 0.12.21
wandb: Run data is saved locally in /home/sca63/abstraction/wandb/run-20220908_120319-3jmiodri
wandb: Run `wandb offline` to turn off syncing.
wandb: Syncing run radiant-river-383
wandb: ⭐️ View project at https://wandb.ai/simonalford42/abstraction
wandb: 🚀 View run at https://wandb.ai/simonalford42/abstraction/runs/3jmiodri
Net has 197665 parameters
WARNING: tau norm dim disabled
Solved 0/200 episodes, CC loss avg = 158.51073800546152
Solved 26/200 episodes, CC loss avg = 157.59050926795373
Solved 39/200 episodes, CC loss avg = 157.58822631835938
Saved model at models/0d293acfa25341b6b263835543da7df3-epoch-33.pt
Solved 36/200 episodes, CC loss avg = 157.58578491210938
Solved 40/200 episodes, CC loss avg = 157.58531188964844
Solved 34/200 episodes, CC loss avg = 157.58511397417854
Saved model at models/0d293acfa25341b6b263835543da7df3-epoch-68.pt
Solved 37/200 episodes, CC loss avg = 157.58509826660156
Solved 27/200 episodes, CC loss avg = 157.5851287841797
Solved 40/200 episodes, CC loss avg = 157.5848846435547
Saved model at models/0d293acfa25341b6b263835543da7df3-epoch-103.pt
Solved 30/200 episodes, CC loss avg = 157.58480885823568
Solved 35/200 episodes, CC loss avg = 157.58486938476562
Solved 22/200 episodes, CC loss avg = 157.58489990234375
Saved model at models/0d293acfa25341b6b263835543da7df3-epoch-138.pt
Solved 33/200 episodes, CC loss avg = 157.58480834960938
Solved 36/200 episodes, CC loss avg = 157.5849151611328
Solved 32/200 episodes, CC loss avg = 157.5848388671875
Saved model at models/0d293acfa25341b6b263835543da7df3-epoch-173.pt
Solved 46/200 episodes, CC loss avg = 157.5848388671875
Solved 37/200 episodes, CC loss avg = 157.58477783203125
Solved 33/200 episodes, CC loss avg = 157.58474685206556
Saved model at models/0d293acfa25341b6b263835543da7df3-epoch-208.pt
Solved 37/200 episodes, CC loss avg = 157.58474731445312
Solved 29/200 episodes, CC loss avg = 157.58480834960938
Solved 30/200 episodes, CC loss avg = 157.58477783203125
Saved model at models/0d293acfa25341b6b263835543da7df3-epoch-243.pt
Solved 35/200 episodes, CC loss avg = 157.58473205566406
Solved 38/200 episodes, CC loss avg = 157.584716796875
Solved 44/200 episodes, CC loss avg = 157.58480834960938
Saved model at models/0d293acfa25341b6b263835543da7df3-epoch-278.pt
Solved 31/200 episodes, CC loss avg = 157.58477783203125
Solved 44/200 episodes, CC loss avg = 157.58474731445312
Solved 40/200 episodes, CC loss avg = 157.584716796875
Saved model at models/0d293acfa25341b6b263835543da7df3-epoch-313.pt
slurmstepd: error: *** JOB 838337 ON lee-compute-01 CANCELLED AT 2022-09-09T16:14:28 ***
