Using torch device NVIDIA TITAN Xp
Starting run:
5de6e4b5b8774302b584b2d3254b41ff
N: 	20000
MODEL: 	hmm
ABSTRACT_PEN: 	1.0
FINE_TUNE: 	False
MUZERO: 	False
params=Namespace(note='', n=20000, b=10, abstract_pen=1.0, model='hmm', seed=1, lr=0.0008, abstract_dim=32, tau_noise_std=0.0, freeze=False, load=False, ellis=False, no_log=False, fine_tune=False, tau_precompute=False, replace_trans_net=False, batch_norm=False, no_tau_norm=False, relational_micro=False, toy_test=False, separate_option_nets=False, gumbel=False, g_start_temp=1, g_stop_temp=1, num_categories=8, shrink_micro_net=False, shrink_loss_scale=1, solution_length=(1, 2, 3, 4), muzero=False, muzero_scratch=False, num_test=200, test_every=60, save_every=180, neurosym=False, cc_neurosym=False, sv_options=False, sv_options_net_fc=False, dim=64, num_attn_blocks=2, num_heads=4, state_loss_weight=1.0, cc_weight=1.0, fake_cc_neurosym=False, symbolic_sv=False, micro_net2=False, num_out=None, check_ix=-1, num_check=0, test=False, sv_micro=False, sv_micro_data_type='full_traj', relational_macro=False, batch_size=32, traj_updates=10000000.0, model_load_path='models/7caf148820a04ce3bbd8bbfb43a8cd9c.pt', gumbel_sched=False, device='NVIDIA TITAN Xp', id='5de6e4b5b8774302b584b2d3254b41ff')
wandb: Currently logged in as: simonalford42. Use `wandb login --relogin` to force relogin
wandb: wandb version 0.13.4 is available!  To upgrade, please run:
wandb:  $ pip install wandb --upgrade
wandb: Tracking run with wandb version 0.12.21
wandb: Run data is saved locally in /home/sca63/abstraction/wandb/run-20221018_112621-2a39253j
wandb: Run `wandb offline` to turn off syncing.
wandb: Syncing run visionary-wave-589
wandb: ⭐️ View project at https://wandb.ai/simonalford42/abstraction
wandb: 🚀 View run at https://wandb.ai/simonalford42/abstraction/runs/2a39253j
Net has 154724 parameters
WARNING: tau norm dim disabled
Solved 3/200 episodes, CC loss avg = 0.05572970380535403
Solved 39/200 episodes, CC loss avg = 0.052280122714657935
wandb: Network error (ReadTimeout), entering retry loop.
wandb: Network error (ReadTimeout), entering retry loop.
wandb: Network error (ReadTimeout), entering retry loop.
Solved 40/200 episodes, CC loss avg = 0.05228097357001959
wandb: Network error (ReadTimeout), entering retry loop.
Saved model at models/5de6e4b5b8774302b584b2d3254b41ff-epoch-130.pt
Solved 40/200 episodes, CC loss avg = 0.05228139257483315
Solved 28/200 episodes, CC loss avg = 0.052281359534548676
Solved 35/200 episodes, CC loss avg = 0.052281085634604096
Saved model at models/5de6e4b5b8774302b584b2d3254b41ff-epoch-262.pt
Solved 36/200 episodes, CC loss avg = 0.052281887096873786
Solved 32/200 episodes, CC loss avg = 0.052282718734608755
Solved 28/200 episodes, CC loss avg = 0.052280491355944564
Saved model at models/5de6e4b5b8774302b584b2d3254b41ff-epoch-394.pt
Solved 39/200 episodes, CC loss avg = 0.052280259288607106
Solved 29/200 episodes, CC loss avg = 0.05228129980411935
Solved 24/200 episodes, CC loss avg = 0.052280553720063634
Saved model at models/5de6e4b5b8774302b584b2d3254b41ff.pt
N: 	20000
MODEL: 	hmm
ABSTRACT_PEN: 	1.0
FINE_TUNE: 	False
MUZERO: 	False
Completed training in 41702.4 seconds
wandb: Waiting for W&B process to finish... (success).
wandb: - 0.002 MB of 0.002 MB uploaded (0.000 MB deduped)wandb: \ 0.002 MB of 0.002 MB uploaded (0.000 MB deduped)wandb: | 0.002 MB of 0.018 MB uploaded (0.000 MB deduped)wandb: / 0.002 MB of 0.018 MB uploaded (0.000 MB deduped)wandb: - 0.018 MB of 0.018 MB uploaded (0.000 MB deduped)wandb: \ 0.018 MB of 0.018 MB uploaded (0.000 MB deduped)wandb: | 0.018 MB of 0.018 MB uploaded (0.000 MB deduped)wandb: / 0.018 MB of 0.018 MB uploaded (0.000 MB deduped)wandb: - 0.018 MB of 0.018 MB uploaded (0.000 MB deduped)wandb: \ 0.018 MB of 0.018 MB uploaded (0.000 MB deduped)wandb: | 0.018 MB of 0.018 MB uploaded (0.000 MB deduped)wandb: / 0.018 MB of 0.018 MB uploaded (0.000 MB deduped)wandb:                                                                                
wandb: 
wandb: Run history:
wandb:  acc ▁███▆▇▇▆▆█▆▅
wandb: loss █▅▃▃▂▂▂▂▂▂▂▂▂▁▁▁▁▁▁▁▁▁▁▁▁▁▁▁▁▁▁▁▁▁▁▁▁▁▁▁
wandb: 
wandb: Run summary:
wandb:  acc 0.12
wandb: loss 130835.32793
wandb: 
wandb: Synced visionary-wave-589: https://wandb.ai/simonalford42/abstraction/runs/2a39253j
wandb: Synced 6 W&B file(s), 4 media file(s), 4 artifact file(s) and 0 other file(s)
wandb: Find logs at: ./wandb/run-20221018_112621-2a39253j/logs
