Using torch device NVIDIA GeForce RTX 3090
Starting run:
aaf93c640750424197b536290150e889
N: 	20000
MODEL: 	hmm
ABSTRACT_PEN: 	1.0
FINE_TUNE: 	False
MUZERO: 	False
params=Namespace(note='', n=20000, b=9, abstract_pen=1.0, model='hmm', seed=1, lr=0.0008, abstract_dim=32, tau_noise_std=0.0, freeze=False, load=False, ellis=True, no_log=False, fine_tune=False, tau_precompute=False, replace_trans_net=False, batch_norm=False, no_tau_norm=False, relational_micro=False, toy_test=False, separate_option_nets=False, gumbel=False, g_start_temp=1, g_stop_temp=1, num_categories=8, shrink_micro_net=False, shrink_loss_scale=1, solution_length=(1, 2, 3, 4), muzero=False, muzero_scratch=False, num_test=200, test_every=60, save_every=180, neurosym=False, cc_neurosym=False, sv_options=False, sv_options_net_fc=False, dim=64, num_attn_blocks=2, num_heads=4, state_loss_weight=1.0, cc_weight=1.0, fake_cc_neurosym=True, symbolic_sv=False, micro_net2=False, num_out=None, check_ix=-1, num_check=0, test=False, sv_micro=False, sv_micro_data_type='full_traj', relational_macro=False, batch_size=64, traj_updates=10000000.0, model_load_path='models/7caf148820a04ce3bbd8bbfb43a8cd9c.pt', gumbel_sched=False, device='NVIDIA GeForce RTX 3090', id='aaf93c640750424197b536290150e889')
wandb: Currently logged in as: simonalford42. Use `wandb login --relogin` to force relogin
wandb: wandb version 0.13.3 is available!  To upgrade, please run:
wandb:  $ pip install wandb --upgrade
wandb: Tracking run with wandb version 0.12.21
wandb: Run data is saved locally in /home/sca63/abstraction/wandb/run-20221004_123426-9w4c5szc
wandb: Run `wandb offline` to turn off syncing.
wandb: Syncing run cool-galaxy-572
wandb: ⭐️ View project at https://wandb.ai/simonalford42/abstraction
wandb: 🚀 View run at https://wandb.ai/simonalford42/abstraction/runs/9w4c5szc
Net has 248421 parameters
WARNING: tau norm dim disabled
Solved 0/200 episodes, CC loss avg = 0.00424988537292579
Solved 0/200 episodes, CC loss avg = 0.004249901844804435
Solved 0/200 episodes, CC loss avg = 0.004249906050561511
Saved model at models/aaf93c640750424197b536290150e889-epoch-8.pt
Solved 0/200 episodes, CC loss avg = 0.004249902041451525
Solved 0/200 episodes, CC loss avg = 0.004249907561627117
Solved 0/200 episodes, CC loss avg = 0.0042499015516650465
Saved model at models/aaf93c640750424197b536290150e889-epoch-17.pt
Solved 0/200 episodes, CC loss avg = 0.004249891966593202
Solved 0/200 episodes, CC loss avg = 0.004249918066797926
Solved 0/200 episodes, CC loss avg = 0.004249896086424727
Saved model at models/aaf93c640750424197b536290150e889-epoch-26.pt
Solved 0/200 episodes, CC loss avg = 0.0042499026493882115
Solved 0/200 episodes, CC loss avg = 0.004249903200379941
Solved 0/200 episodes, CC loss avg = 0.0042498972400833515
Saved model at models/aaf93c640750424197b536290150e889-epoch-35.pt
Solved 0/200 episodes, CC loss avg = 0.00424990211132264
Solved 0/200 episodes, CC loss avg = 0.00424990694584097
Solved 0/200 episodes, CC loss avg = 0.00424990261788769
Saved model at models/aaf93c640750424197b536290150e889-epoch-44.pt
Solved 0/200 episodes, CC loss avg = 0.004249906919315177
Solved 0/200 episodes, CC loss avg = 0.00424988651935976
Solved 0/200 episodes, CC loss avg = 0.004249899819686142
Saved model at models/aaf93c640750424197b536290150e889-epoch-53.pt
Solved 0/200 episodes, CC loss avg = 0.004249897768349013
Solved 0/200 episodes, CC loss avg = 0.004249918134287741
Solved 0/200 episodes, CC loss avg = 0.004249888765041941
Saved model at models/aaf93c640750424197b536290150e889-epoch-62.pt
Solved 0/200 episodes, CC loss avg = 0.004249884140190015
Solved 0/200 episodes, CC loss avg = 0.0042499077772006075
Solved 0/200 episodes, CC loss avg = 0.00424992470457822
Saved model at models/aaf93c640750424197b536290150e889-epoch-71.pt
Solved 0/200 episodes, CC loss avg = 0.004249897597086977
Solved 0/200 episodes, CC loss avg = 0.004249907437109535
Solved 0/200 episodes, CC loss avg = 0.004249881605919926
Saved model at models/aaf93c640750424197b536290150e889-epoch-80.pt
Solved 0/200 episodes, CC loss avg = 0.004249895034704102
Solved 0/200 episodes, CC loss avg = 0.004249878296077219
Solved 0/200 episodes, CC loss avg = 0.004249906164039387
Saved model at models/aaf93c640750424197b536290150e889-epoch-89.pt
Solved 0/200 episodes, CC loss avg = 0.004249907143899142
Solved 0/200 episodes, CC loss avg = 0.004249896277063651
Solved 0/200 episodes, CC loss avg = 0.004249910970545658
Saved model at models/aaf93c640750424197b536290150e889-epoch-98.pt
Solved 0/200 episodes, CC loss avg = 0.004249909461132034
Solved 0/200 episodes, CC loss avg = 0.004249902831714123
Solved 0/200 episodes, CC loss avg = 0.004249908266872317
Saved model at models/aaf93c640750424197b536290150e889-epoch-107.pt
Solved 0/200 episodes, CC loss avg = 0.004249898090133167
Solved 0/200 episodes, CC loss avg = 0.004249898783201419
Solved 0/200 episodes, CC loss avg = 0.004249882155124066
Saved model at models/aaf93c640750424197b536290150e889-epoch-116.pt
Solved 0/200 episodes, CC loss avg = 0.00424990224682717
Solved 0/200 episodes, CC loss avg = 0.004249903551703135
Solved 0/200 episodes, CC loss avg = 0.004249891866260867
Saved model at models/aaf93c640750424197b536290150e889-epoch-125.pt
Solved 0/200 episodes, CC loss avg = 0.004249892149997108
Solved 0/200 episodes, CC loss avg = 0.0042499007287436505
Solved 0/200 episodes, CC loss avg = 0.0042498951357854454
Saved model at models/aaf93c640750424197b536290150e889-epoch-134.pt
Solved 0/200 episodes, CC loss avg = 0.004249894551028217
Solved 0/200 episodes, CC loss avg = 0.004249902513629159
Solved 0/200 episodes, CC loss avg = 0.0042498957238128006
Saved model at models/aaf93c640750424197b536290150e889-epoch-143.pt
Solved 0/200 episodes, CC loss avg = 0.0042499020366851764
Solved 0/200 episodes, CC loss avg = 0.0042498896619828
Solved 0/200 episodes, CC loss avg = 0.004249904293761232
Saved model at models/aaf93c640750424197b536290150e889-epoch-152.pt
Solved 0/200 episodes, CC loss avg = 0.0042498889396346134
Solved 0/200 episodes, CC loss avg = 0.004249903749456899
Solved 0/200 episodes, CC loss avg = 0.004249891843875397
Saved model at models/aaf93c640750424197b536290150e889-epoch-161.pt
Solved 0/200 episodes, CC loss avg = 0.004249900715958083
Solved 0/200 episodes, CC loss avg = 0.0042498853959371825
Solved 0/200 episodes, CC loss avg = 0.004249904648726014
Saved model at models/aaf93c640750424197b536290150e889-epoch-170.pt
Solved 0/200 episodes, CC loss avg = 0.004249891255611389
Solved 0/200 episodes, CC loss avg = 0.004249890574245214
Solved 0/200 episodes, CC loss avg = 0.004249918791595893
Saved model at models/aaf93c640750424197b536290150e889-epoch-179.pt
Solved 0/200 episodes, CC loss avg = 0.004249889350671164
Solved 0/200 episodes, CC loss avg = 0.00424989205962805
Solved 0/200 episodes, CC loss avg = 0.004249891626615626
Saved model at models/aaf93c640750424197b536290150e889-epoch-188.pt
Solved 0/200 episodes, CC loss avg = 0.0042498959041846
Solved 0/200 episodes, CC loss avg = 0.004249902433070087
Solved 0/200 episodes, CC loss avg = 0.004249894464012093
Saved model at models/aaf93c640750424197b536290150e889-epoch-197.pt
Solved 0/200 episodes, CC loss avg = 0.004249900362691116
Solved 0/200 episodes, CC loss avg = 0.004249894955562767
Solved 1/200 episodes, CC loss avg = 0.004249893818807349
Saved model at models/aaf93c640750424197b536290150e889-epoch-206.pt
Solved 0/200 episodes, CC loss avg = 0.0042499096607286615
Solved 0/200 episodes, CC loss avg = 0.004249881168743277
slurmstepd: error: *** JOB 893503 ON ellis-compute-01 CANCELLED AT 2022-10-07T12:36:27 DUE TO TIME LIMIT ***
