Using torch device NVIDIA TITAN Xp
Starting run:
534097493a0d4502b59bcf7ac4d79d08
N: 	20000
MODEL: 	hmm
ABSTRACT_PEN: 	1.0
FINE_TUNE: 	False
MUZERO: 	False
params=Namespace(note='', n=20000, b=10, abstract_pen=1.0, model='hmm', seed=1, lr=0.0008, abstract_dim=32, tau_noise_std=0.0, freeze=False, load=False, ellis=False, no_log=False, fine_tune=False, tau_precompute=False, replace_trans_net=False, batch_norm=False, no_tau_norm=False, relational_micro=False, toy_test=False, separate_option_nets=False, gumbel=False, g_start_temp=1, g_stop_temp=1, num_categories=8, shrink_micro_net=False, shrink_loss_scale=1, solution_length=(1, 2, 3, 4), muzero=False, muzero_scratch=False, num_test=200, test_every=60, save_every=180, neurosym=False, cc_neurosym=False, sv_options=False, sv_options_net_fc=False, dim=64, num_attn_blocks=2, num_heads=4, state_loss_weight=1.0, cc_weight=1.0, fake_cc_neurosym=False, symbolic_sv=False, micro_net2=False, num_out=None, check_ix=-1, num_check=0, test=False, sv_micro=False, sv_micro_data_type='full_traj', relational_macro=False, batch_size=32, traj_updates=10000000.0, model_load_path='models/7caf148820a04ce3bbd8bbfb43a8cd9c.pt', gumbel_sched=False, device='NVIDIA TITAN Xp', id='534097493a0d4502b59bcf7ac4d79d08')
wandb: Currently logged in as: simonalford42. Use `wandb login --relogin` to force relogin
wandb: wandb version 0.13.4 is available!  To upgrade, please run:
wandb:  $ pip install wandb --upgrade
wandb: Tracking run with wandb version 0.12.21
wandb: Run data is saved locally in /home/sca63/abstraction/wandb/run-20221018_112621-xaxzb2wr
wandb: Run `wandb offline` to turn off syncing.
wandb: Syncing run generous-serenity-586
wandb: ⭐️ View project at https://wandb.ai/simonalford42/abstraction
wandb: 🚀 View run at https://wandb.ai/simonalford42/abstraction/runs/xaxzb2wr
Net has 154724 parameters
WARNING: tau norm dim disabled
Solved 2/200 episodes, CC loss avg = 0.06098800433586311
Solved 39/200 episodes, CC loss avg = 0.10316872996527975
wandb: Network error (ReadTimeout), entering retry loop.
wandb: Network error (ReadTimeout), entering retry loop.
Solved 84/200 episodes, CC loss avg = 0.1281693442083827
wandb: Network error (ReadTimeout), entering retry loop.
Saved model at models/534097493a0d4502b59bcf7ac4d79d08-epoch-127.pt
Solved 93/200 episodes, CC loss avg = 0.12968278135437283
Solved 100/200 episodes, CC loss avg = 0.12805910325503048
Solved 100/200 episodes, CC loss avg = 0.15076884870216542
Saved model at models/534097493a0d4502b59bcf7ac4d79d08-epoch-255.pt
Solved 123/200 episodes, CC loss avg = 0.14979716763696355
Solved 111/200 episodes, CC loss avg = 0.14799615394468735
Solved 99/200 episodes, CC loss avg = 0.14032625224263895
Saved model at models/534097493a0d4502b59bcf7ac4d79d08-epoch-384.pt
Solved 115/200 episodes, CC loss avg = 0.14969923625551076
Solved 100/200 episodes, CC loss avg = 0.1378380264682942
Solved 113/200 episodes, CC loss avg = 0.13517606164007176
Saved model at models/534097493a0d4502b59bcf7ac4d79d08.pt
N: 	20000
MODEL: 	hmm
ABSTRACT_PEN: 	1.0
FINE_TUNE: 	False
MUZERO: 	False
Completed training in 42589.9 seconds
wandb: Waiting for W&B process to finish... (success).
wandb: - 0.002 MB of 0.002 MB uploaded (0.000 MB deduped)wandb: \ 0.002 MB of 0.002 MB uploaded (0.000 MB deduped)wandb: | 0.002 MB of 0.002 MB uploaded (0.000 MB deduped)wandb: / 0.002 MB of 0.018 MB uploaded (0.000 MB deduped)wandb: - 0.002 MB of 0.018 MB uploaded (0.000 MB deduped)wandb: \ 0.018 MB of 0.018 MB uploaded (0.000 MB deduped)wandb: | 0.018 MB of 0.018 MB uploaded (0.000 MB deduped)wandb: / 0.018 MB of 0.018 MB uploaded (0.000 MB deduped)wandb: - 0.018 MB of 0.018 MB uploaded (0.000 MB deduped)wandb: \ 0.018 MB of 0.018 MB uploaded (0.000 MB deduped)wandb: | 0.018 MB of 0.018 MB uploaded (0.000 MB deduped)wandb: / 0.018 MB of 0.018 MB uploaded (0.000 MB deduped)wandb:                                                                                
wandb: 
wandb: Run history:
wandb:  acc ▁▃▆▆▇▇█▇▇█▇▇
wandb: loss █▅▅▅▄▄▃▃▃▂▂▂▂▂▂▂▂▂▁▁▁▁▁▁▁▁▁▁▁▁▁▁▁▁▁▁▁▁▁▁
wandb: 
wandb: Run summary:
wandb:  acc 0.565
wandb: loss 85400.79416
wandb: 
wandb: Synced generous-serenity-586: https://wandb.ai/simonalford42/abstraction/runs/xaxzb2wr
wandb: Synced 6 W&B file(s), 4 media file(s), 4 artifact file(s) and 0 other file(s)
wandb: Find logs at: ./wandb/run-20221018_112621-xaxzb2wr/logs
