usage: main.py [-h] [--note NOTE] [--n N] [--traj_updates TRAJ_UPDATES]
               [--b B] [--abstract_pen ABSTRACT_PEN]
               [--model {sv,cc,hmm-homo,hmm,ccts,ccts-reduced}] [--seed SEED]
               [--lr LR] [--batch_size BATCH_SIZE]
               [--abstract_dim ABSTRACT_DIM] [--tau_noise_std TAU_NOISE_STD]
               [--freeze FREEZE] [--load] [--ellis] [--no_log] [--fine_tune]
               [--tau_precompute] [--replace_trans_net] [--batch_norm]
               [--no_tau_norm] [--relational_micro] [--toy_test]
               [--separate_option_nets] [--gumbel]
               [--g_start_temp G_START_TEMP] [--g_stop_temp G_STOP_TEMP]
               [--num_categories NUM_CATEGORIES] [--shrink_micro_net]
               [--shrink_loss_scale SHRINK_LOSS_SCALE]
               [--solution_length SOLUTION_LENGTH] [--muzero]
               [--muzero_scratch] [--num_test NUM_TEST]
               [--test_every TEST_EVERY] [--save_every SAVE_EVERY]
               [--neurosym] [--cc_neurosym] [--sv_options]
               [--sv_options_net_fc] [--dim DIM]
               [--num_attn_blocks NUM_ATTN_BLOCKS] [--num_heads NUM_HEADS]
               [--state_loss_weight STATE_LOSS_WEIGHT] [--cc_weight CC_WEIGHT]
               [--fake_cc_neurosym] [--symbolic_sv] [--micro_net2]
               [--num_out NUM_OUT] [--check_ix CHECK_IX]
               [--num_check NUM_CHECK] [--test] [--relational_macro]
main.py: error: unrecognized arguments: --relational_macro_net
