neurosym.CHECK_IXS=[-1]
Using torch device NVIDIA GeForce RTX 3090
cuda:0
Passed GPU check
Starting run:
11f56ca5094246cb8a56752203d7ed2c
N: 	20000
MODEL: 	cc
ABSTRACT_PEN: 	1.0
FINE_TUNE: 	False
MUZERO: 	False
params=Namespace(note='', n=20000, b=9, abstract_pen=1.0, model='cc', seed=1, lr=0.0008, abstract_dim=32, tau_noise_std=0.0, freeze=False, load=False, ellis=False, no_log=False, fine_tune=False, tau_precompute=False, replace_trans_net=False, batch_norm=False, no_tau_norm=False, relational_micro=False, toy_test=False, separate_option_nets=False, gumbel=False, g_start_temp=1, g_stop_temp=1, num_categories=8, shrink_micro_net=False, shrink_loss_scale=1, solution_length=(1, 2, 3, 4), muzero=False, muzero_scratch=False, num_test=200, test_every=60, save_every=180, neurosym=False, cc_neurosym=True, sv_options=False, sv_options_net_fc=False, dim=64, num_attn_blocks=2, num_heads=4, state_loss_weight=1.0, cc_weight=1.0, fake_cc_neurosym=False, symbolic_sv=False, micro_net2=False, num_out=None, check_ix=-1, num_check=0, relational_macro=True, batch_size=16, traj_updates=10000000.0, model_load_path='models/e14b78d01cc548239ffd57286e59e819.pt', gumbel_sched=False, device='NVIDIA GeForce RTX 3090', id='11f56ca5094246cb8a56752203d7ed2c')
wandb: Currently logged in as: simonalford42. Use `wandb login --relogin` to force relogin
wandb: wandb version 0.13.3 is available!  To upgrade, please run:
wandb:  $ pip install wandb --upgrade
wandb: Tracking run with wandb version 0.12.21
wandb: Run data is saved locally in /home/sca63/abstraction/wandb/run-20220916_155518-he7ph3b0
wandb: Run `wandb offline` to turn off syncing.
wandb: Syncing run rose-grass-482
wandb: ⭐️ View project at https://wandb.ai/simonalford42/abstraction
wandb: 🚀 View run at https://wandb.ai/simonalford42/abstraction/runs/he7ph3b0
Net has 187361 parameters
WARNING: tau norm dim disabled
Solved 0/200 episodes, CC loss avg = 159.42892266166908
Solved 0/200 episodes, CC loss avg = nan
Solved 0/200 episodes, CC loss avg = nan
Saved model at models/11f56ca5094246cb8a56752203d7ed2c-epoch-34.pt
Solved 0/200 episodes, CC loss avg = nan
Solved 0/200 episodes, CC loss avg = nan
Solved 0/200 episodes, CC loss avg = nan
Saved model at models/11f56ca5094246cb8a56752203d7ed2c-epoch-69.pt
Solved 0/200 episodes, CC loss avg = nan
Solved 0/200 episodes, CC loss avg = nan
Solved 0/200 episodes, CC loss avg = nan
Saved model at models/11f56ca5094246cb8a56752203d7ed2c-epoch-104.pt
Solved 0/200 episodes, CC loss avg = nan
Solved 0/200 episodes, CC loss avg = nan
Solved 0/200 episodes, CC loss avg = nan
Saved model at models/11f56ca5094246cb8a56752203d7ed2c-epoch-139.pt
Solved 0/200 episodes, CC loss avg = nan
Solved 0/200 episodes, CC loss avg = nan
Solved 0/200 episodes, CC loss avg = nan
Saved model at models/11f56ca5094246cb8a56752203d7ed2c-epoch-174.pt
Solved 0/200 episodes, CC loss avg = nan
Solved 0/200 episodes, CC loss avg = nan
Solved 0/200 episodes, CC loss avg = nan
Saved model at models/11f56ca5094246cb8a56752203d7ed2c-epoch-209.pt
Solved 0/200 episodes, CC loss avg = nan
Solved 0/200 episodes, CC loss avg = nan
Solved 0/200 episodes, CC loss avg = nan
Saved model at models/11f56ca5094246cb8a56752203d7ed2c-epoch-244.pt
Solved 0/200 episodes, CC loss avg = nan
Solved 0/200 episodes, CC loss avg = nan
Solved 0/200 episodes, CC loss avg = nan
Saved model at models/11f56ca5094246cb8a56752203d7ed2c-epoch-279.pt
Solved 0/200 episodes, CC loss avg = nan
Solved 0/200 episodes, CC loss avg = nan
Solved 0/200 episodes, CC loss avg = nan
Saved model at models/11f56ca5094246cb8a56752203d7ed2c-epoch-314.pt
Solved 0/200 episodes, CC loss avg = nan
Solved 0/200 episodes, CC loss avg = nan
Solved 0/200 episodes, CC loss avg = nan
Saved model at models/11f56ca5094246cb8a56752203d7ed2c-epoch-349.pt
Solved 0/200 episodes, CC loss avg = nan
Solved 0/200 episodes, CC loss avg = nan
Solved 0/200 episodes, CC loss avg = nan
Saved model at models/11f56ca5094246cb8a56752203d7ed2c-epoch-384.pt
Solved 0/200 episodes, CC loss avg = nan
Solved 0/200 episodes, CC loss avg = nan
Saved model at models/11f56ca5094246cb8a56752203d7ed2c-epoch-419.pt
Solved 0/200 episodes, CC loss avg = nan
Solved 0/200 episodes, CC loss avg = nan
Solved 0/200 episodes, CC loss avg = nan
Saved model at models/11f56ca5094246cb8a56752203d7ed2c-epoch-454.pt
Solved 0/200 episodes, CC loss avg = nan
Solved 0/200 episodes, CC loss avg = nan
Solved 0/200 episodes, CC loss avg = nan
Saved model at models/11f56ca5094246cb8a56752203d7ed2c-epoch-489.pt
Solved 0/200 episodes, CC loss avg = nan
Saved model at models/11f56ca5094246cb8a56752203d7ed2c.pt
N: 	20000
MODEL: 	cc
ABSTRACT_PEN: 	1.0
FINE_TUNE: 	False
MUZERO: 	False
Completed training in 155890.0 seconds
wandb: Waiting for W&B process to finish... (success).
wandb: - 0.006 MB of 0.006 MB uploaded (0.000 MB deduped)wandb: \ 0.006 MB of 0.006 MB uploaded (0.000 MB deduped)wandb: | 0.006 MB of 0.024 MB uploaded (0.000 MB deduped)wandb: / 0.006 MB of 0.024 MB uploaded (0.000 MB deduped)wandb: - 0.024 MB of 0.024 MB uploaded (0.000 MB deduped)wandb: \ 0.024 MB of 0.024 MB uploaded (0.000 MB deduped)wandb: | 0.024 MB of 0.024 MB uploaded (0.000 MB deduped)wandb: / 0.024 MB of 0.024 MB uploaded (0.000 MB deduped)wandb: - 0.024 MB of 0.024 MB uploaded (0.000 MB deduped)wandb: \ 0.024 MB of 0.024 MB uploaded (0.000 MB deduped)wandb: | 0.024 MB of 0.024 MB uploaded (0.000 MB deduped)wandb:                                                                                
wandb: 
wandb: Run history:
wandb:  acc ▁▁▁▁▁▁▁▁▁▁▁▁▁▁▁▁▁▁▁▁▁▁▁▁▁▁▁▁▁▁▁▁▁▁▁▁▁▁▁▁
wandb: loss ▁                                       
wandb: 
wandb: Run summary:
wandb:  acc 0.0
wandb: loss nan
wandb: 
wandb: Synced rose-grass-482: https://wandb.ai/simonalford42/abstraction/runs/he7ph3b0
wandb: Synced 6 W&B file(s), 15 media file(s), 15 artifact file(s) and 0 other file(s)
wandb: Find logs at: ./wandb/run-20220916_155518-he7ph3b0/logs
