neurosym.CHECK_IXS=[-1]
Using torch device NVIDIA GeForce RTX 2080 Ti
Starting run:
80bc4bb3a5a34faa8c547f3974ffd7cf
N: 	20000
MODEL: 	hmm
ABSTRACT_PEN: 	1.0
FINE_TUNE: 	False
MUZERO: 	False
params=Namespace(note='', n=20000, b=10, abstract_pen=1.0, model='hmm', seed=1, lr=0.0008, abstract_dim=64, tau_noise_std=0.0, freeze=False, load=False, ellis=False, no_log=False, fine_tune=False, tau_precompute=False, replace_trans_net=False, batch_norm=False, no_tau_norm=False, relational_micro=False, toy_test=False, separate_option_nets=False, gumbel=False, g_start_temp=1, g_stop_temp=1, num_categories=8, shrink_micro_net=False, shrink_loss_scale=1, solution_length=(1, 2, 3, 4), muzero=False, muzero_scratch=False, num_test=200, test_every=60, save_every=180, neurosym=False, cc_neurosym=False, sv_options=False, sv_options_net_fc=False, dim=64, num_attn_blocks=2, num_heads=4, state_loss_weight=1.0, cc_weight=1.0, fake_cc_neurosym=False, symbolic_sv=False, micro_net2=False, num_out=None, check_ix=-1, num_check=0, test=False, relational_macro=False, batch_size=32, traj_updates=10000000.0, model_load_path='models/e14b78d01cc548239ffd57286e59e819.pt', gumbel_sched=False, device='NVIDIA GeForce RTX 2080 Ti', id='80bc4bb3a5a34faa8c547f3974ffd7cf')
wandb: Currently logged in as: simonalford42. Use `wandb login --relogin` to force relogin
wandb: wandb version 0.13.3 is available!  To upgrade, please run:
wandb:  $ pip install wandb --upgrade
wandb: Tracking run with wandb version 0.12.21
wandb: Run data is saved locally in /home/sca63/abstraction/wandb/run-20220921_175300-10dv4l4l
wandb: Run `wandb offline` to turn off syncing.
wandb: Syncing run earnest-energy-515
wandb: ⭐️ View project at https://wandb.ai/simonalford42/abstraction
wandb: 🚀 View run at https://wandb.ai/simonalford42/abstraction/runs/10dv4l4l
Net has 165028 parameters
WARNING: tau norm dim disabled
Solved 2/200 episodes, CC loss avg = 0.021337865715068932
Solved 42/200 episodes, CC loss avg = 0.021255124786070414
Solved 34/200 episodes, CC loss avg = 0.021255301190135273
Saved model at models/80bc4bb3a5a34faa8c547f3974ffd7cf-epoch-152.pt
Solved 39/200 episodes, CC loss avg = 0.021255926738651294
Solved 30/200 episodes, CC loss avg = 0.02125621841926324
Solved 36/200 episodes, CC loss avg = 0.021353333217787072
Saved model at models/80bc4bb3a5a34faa8c547f3974ffd7cf-epoch-306.pt
Solved 36/200 episodes, CC loss avg = 0.02135346330229252
Solved 32/200 episodes, CC loss avg = 0.021255245482599414
Solved 30/200 episodes, CC loss avg = 0.02125689855052365
Saved model at models/80bc4bb3a5a34faa8c547f3974ffd7cf-epoch-461.pt
Solved 32/200 episodes, CC loss avg = 0.021347735945820272
Saved model at models/80bc4bb3a5a34faa8c547f3974ffd7cf.pt
N: 	20000
MODEL: 	hmm
ABSTRACT_PEN: 	1.0
FINE_TUNE: 	False
MUZERO: 	False
Completed training in 35550.1 seconds
wandb: Waiting for W&B process to finish... (success).
wandb: - 0.002 MB of 0.002 MB uploaded (0.000 MB deduped)wandb: \ 0.002 MB of 0.002 MB uploaded (0.000 MB deduped)wandb: | 0.002 MB of 0.018 MB uploaded (0.000 MB deduped)wandb: / 0.002 MB of 0.018 MB uploaded (0.000 MB deduped)wandb: - 0.018 MB of 0.018 MB uploaded (0.000 MB deduped)wandb: \ 0.018 MB of 0.018 MB uploaded (0.000 MB deduped)wandb: | 0.018 MB of 0.018 MB uploaded (0.000 MB deduped)wandb: / 0.018 MB of 0.018 MB uploaded (0.000 MB deduped)wandb: - 0.018 MB of 0.018 MB uploaded (0.000 MB deduped)wandb: \ 0.018 MB of 0.018 MB uploaded (0.000 MB deduped)wandb: | 0.018 MB of 0.018 MB uploaded (0.000 MB deduped)wandb:                                                                                
wandb: 
wandb: Run history:
wandb:  acc ▁█▇▇▆▇▇▆▆▆
wandb: loss █▄▃▃▃▂▂▂▂▂▂▂▂▂▂▂▁▁▁▁▁▁▁▁▁▁▁▁▁▁▁▁▁▁▁▁▁▁▁▁
wandb: 
wandb: Run summary:
wandb:  acc 0.16
wandb: loss 121110.93357
wandb: 
wandb: Synced earnest-energy-515: https://wandb.ai/simonalford42/abstraction/runs/10dv4l4l
wandb: Synced 6 W&B file(s), 4 media file(s), 4 artifact file(s) and 0 other file(s)
wandb: Find logs at: ./wandb/run-20220921_175300-10dv4l4l/logs
