Using torch device NVIDIA GeForce RTX 2080 Ti
Starting run:
2563c536652e41019dcbdb17eb7f0a49
N: 	20000
MODEL: 	hmm
ABSTRACT_PEN: 	1.0
FINE_TUNE: 	False
MUZERO: 	False
params=Namespace(note='', n=20000, b=9, abstract_pen=1.0, model='hmm', seed=1, lr=0.0008, abstract_dim=32, tau_noise_std=0.0, freeze=False, load=False, ellis=False, no_log=False, fine_tune=False, tau_precompute=False, replace_trans_net=False, batch_norm=False, no_tau_norm=False, relational_micro=True, toy_test=False, separate_option_nets=False, gumbel=False, g_start_temp=1, g_stop_temp=1, num_categories=8, shrink_micro_net=False, shrink_loss_scale=1, solution_length=(1, 2, 3, 4), muzero=False, muzero_scratch=False, num_test=200, test_every=60, save_every=180, neurosym=False, cc_neurosym=False, sv_options=False, sv_options_net_fc=False, dim=64, num_attn_blocks=2, num_heads=4, state_loss_weight=1.0, cc_weight=1.0, fake_cc_neurosym=True, symbolic_sv=False, micro_net2=False, num_out=None, check_ix=-1, num_check=0, test=False, sv_micro=False, sv_micro_data_type='full_traj', relational_macro=False, batch_size=16, traj_updates=10000000.0, model_load_path='models/7caf148820a04ce3bbd8bbfb43a8cd9c.pt', gumbel_sched=False, device='NVIDIA GeForce RTX 2080 Ti', id='2563c536652e41019dcbdb17eb7f0a49')
wandb: Currently logged in as: simonalford42. Use `wandb login --relogin` to force relogin
wandb: wandb version 0.13.4 is available!  To upgrade, please run:
wandb:  $ pip install wandb --upgrade
wandb: Tracking run with wandb version 0.12.21
wandb: Run data is saved locally in /home/sca63/abstraction/wandb/run-20221006_185901-2gsfcdst
wandb: Run `wandb offline` to turn off syncing.
wandb: Syncing run fresh-microwave-583
wandb: ⭐️ View project at https://wandb.ai/simonalford42/abstraction
wandb: 🚀 View run at https://wandb.ai/simonalford42/abstraction/runs/2gsfcdst
Net has 207825 parameters
WARNING: tau norm dim disabled
Solved 0/200 episodes, CC loss avg = 0.004399108392644232
Solved 0/200 episodes
Solved 0/200 episodes, CC loss avg = 0.004399011839431391
Saved model at models/2563c536652e41019dcbdb17eb7f0a49-epoch-8.pt
Solved 0/200 episodes, CC loss avg = 0.00439901116213527
Solved 0/200 episodes, CC loss avg = 0.004399014497284867
Solved 0/200 episodes, CC loss avg = 0.00439900935432151
Saved model at models/2563c536652e41019dcbdb17eb7f0a49-epoch-17.pt
Solved 0/200 episodes, CC loss avg = 0.00439899889290456
Solved 0/200 episodes, CC loss avg = 0.004398983830971451
Solved 0/200 episodes, CC loss avg = 0.004399004423044895
Saved model at models/2563c536652e41019dcbdb17eb7f0a49-epoch-26.pt
Solved 0/200 episodes, CC loss avg = 0.004399174824357033
Solved 0/200 episodes, CC loss avg = 0.00439898088559743
Solved 0/200 episodes, CC loss avg = 0.004399005486629903
Saved model at models/2563c536652e41019dcbdb17eb7f0a49-epoch-35.pt
Solved 0/200 episodes, CC loss avg = 0.00439900592151019
Solved 0/200 episodes
Solved 0/200 episodes
Saved model at models/2563c536652e41019dcbdb17eb7f0a49-epoch-44.pt
Solved 0/200 episodes, CC loss avg = 0.004398983878720748
Solved 0/200 episodes, CC loss avg = 0.0043990047080284455
Solved 0/200 episodes
Saved model at models/2563c536652e41019dcbdb17eb7f0a49-epoch-53.pt
Solved 0/200 episodes
Solved 0/200 episodes, CC loss avg = 0.004399034515793981
Solved 0/200 episodes, CC loss avg = 0.004398419056087732
Saved model at models/2563c536652e41019dcbdb17eb7f0a49-epoch-62.pt
Solved 0/200 episodes, CC loss avg = 0.00439901297819639
Solved 0/200 episodes, CC loss avg = 0.004399028141051531
Solved 0/200 episodes
Saved model at models/2563c536652e41019dcbdb17eb7f0a49-epoch-71.pt
Solved 0/200 episodes, CC loss avg = 0.004398978824735197
Solved 0/200 episodes, CC loss avg = 0.0043989862821510305
Solved 0/200 episodes, CC loss avg = 0.0043990285808427464
Saved model at models/2563c536652e41019dcbdb17eb7f0a49-epoch-80.pt
Solved 0/200 episodes, CC loss avg = 0.00439946757008632
Solved 0/200 episodes, CC loss avg = 0.0043985402211546894
Solved 0/200 episodes, CC loss avg = 0.004398973837781411
Saved model at models/2563c536652e41019dcbdb17eb7f0a49-epoch-89.pt
Solved 0/200 episodes, CC loss avg = 0.004399122168346272
Solved 0/200 episodes, CC loss avg = 0.00439925885034932
Solved 0/200 episodes, CC loss avg = 0.004398981922431223
Saved model at models/2563c536652e41019dcbdb17eb7f0a49-epoch-98.pt
Solved 0/200 episodes, CC loss avg = 0.00439899922038118
Solved 0/200 episodes, CC loss avg = 0.00439902214623877
Solved 0/200 episodes, CC loss avg = 0.004399004727602005
Saved model at models/2563c536652e41019dcbdb17eb7f0a49-epoch-107.pt
Solved 0/200 episodes, CC loss avg = 0.004399005439517224
Solved 0/200 episodes, CC loss avg = 0.004399002175469181
Solved 0/200 episodes, CC loss avg = 0.0043990094078537635
Saved model at models/2563c536652e41019dcbdb17eb7f0a49-epoch-116.pt
Solved 0/200 episodes, CC loss avg = 0.004399012962394223
Solved 0/200 episodes, CC loss avg = 0.0043990091242844765
Solved 0/200 episodes, CC loss avg = 0.0043990171308308955
Saved model at models/2563c536652e41019dcbdb17eb7f0a49-epoch-125.pt
Solved 0/200 episodes, CC loss avg = 0.004399005954855253
Solved 0/200 episodes, CC loss avg = 0.004399001650098298
Solved 0/200 episodes, CC loss avg = 0.004399011407960184
Saved model at models/2563c536652e41019dcbdb17eb7f0a49-epoch-134.pt
Solved 0/200 episodes, CC loss avg = 0.004399008784300643
Solved 0/200 episodes, CC loss avg = 0.004399011247833381
Solved 0/200 episodes, CC loss avg = 0.00439900940001323
Saved model at models/2563c536652e41019dcbdb17eb7f0a49-epoch-143.pt
Solved 0/200 episodes, CC loss avg = 0.004399012418008895
Solved 0/200 episodes, CC loss avg = 0.004399010356690798
Solved 0/200 episodes, CC loss avg = 0.004398999104199753
Saved model at models/2563c536652e41019dcbdb17eb7f0a49-epoch-152.pt
Solved 0/200 episodes, CC loss avg = 0.004399008866278909
Solved 0/200 episodes, CC loss avg = 0.004399005639962516
Solved 0/200 episodes, CC loss avg = 0.0043990068166749555
Saved model at models/2563c536652e41019dcbdb17eb7f0a49-epoch-161.pt
Solved 0/200 episodes, CC loss avg = 0.004399009013729484
Solved 0/200 episodes, CC loss avg = 0.004399001812348531
Solved 0/200 episodes, CC loss avg = 0.004399003751257983
Saved model at models/2563c536652e41019dcbdb17eb7f0a49-epoch-170.pt
Solved 0/200 episodes, CC loss avg = 0.004399006083817757
Solved 0/200 episodes, CC loss avg = 0.004399003644674809
Solved 0/200 episodes, CC loss avg = 0.004399003122662754
Saved model at models/2563c536652e41019dcbdb17eb7f0a49-epoch-179.pt
Solved 0/200 episodes, CC loss avg = 0.004399002451629547
Solved 0/200 episodes, CC loss avg = 0.004399002000772909
Solved 0/200 episodes, CC loss avg = 0.004399007889367174
Saved model at models/2563c536652e41019dcbdb17eb7f0a49-epoch-188.pt
Solved 0/200 episodes, CC loss avg = 0.004399001315359582
Solved 0/200 episodes, CC loss avg = 0.004398996583033305
Solved 0/200 episodes, CC loss avg = 0.004399005139894856
Saved model at models/2563c536652e41019dcbdb17eb7f0a49-epoch-197.pt
slurmstepd: error: *** JOB 893493 ON lil-compute-03 CANCELLED AT 2022-10-09T19:00:30 DUE TO TIME LIMIT ***
