Using torch device NVIDIA GeForce RTX 3090
hmm training!
b: 10
params: {'epochs': 100, 'lr': 0.0008, 'n': 5000}
Net has 41970 parameters
Round 0
Generated trajectories in 74.1 seconds
/home/sca63/.conda/envs/gcsl/lib/python3.9/site-packages/torch/nn/modules/conv.py:443: UserWarning: Using padding='same' with even kernel lengths and odd dilation may require a zero-padded copy of the input be created (Triggered internally at  ../aten/src/ATen/native/Convolution.cpp:680.)
  return F.conv2d(input, weight, bias, self.stride,
epoch: 0	train loss: 111161.0390625	(24.5s)
epoch: 20	train loss: 35193.1171875	(23.5s)
epoch: 40	train loss: 30328.509765625	(23.5s)
epoch: 60	train loss: 28064.0625	(23.6s)
epoch: 80	train loss: 26045.283203125	(23.6s)
Evaluating model on 200 episodes
options for eval 0: [1, 5, 6, 6, 8, 0, 0, 8, 8, 2, 2, 0]
options for eval 1: [8, 8, 1, 1, 8, 1, 9, 6, 6, 6, 6, 7, 0, 2, 2, 2, 2, 2, 2, 2, 2, 2, 2, 2, 2, 2, 2, 2, 2, 2, 2, 2, 2, 2, 2, 2, 2, 2, 2, 2, 2, 2, 2, 2, 2, 2, 2, 2, 2, 2, 2, 2, 2, 2, 2, 2, 2, 2, 2, 2, 2, 2, 2, 2, 2, 2, 2, 2, 2, 2, 2, 2, 2, 2, 2, 2, 2, 2, 2, 2, 2, 2, 2, 2, 2, 2, 2, 2, 2, 2, 2, 2, 2, 2, 2, 2, 2, 2, 2, 2, 2, 2, 2, 2, 2, 2, 2, 2, 2, 2, 2, 2, 2, 2, 2, 2, 2, 2, 2, 2, 2]
options for eval 2: [1, 1, 1, 1, 5, 6, 6, 6, 6, 6, 6, 6, 6, 6, 8, 8, 8, 0, 0, 0, 0, 0, 0, 0, 0, 0, 0, 0, 0, 0, 3, 3, 3, 3, 3, 3, 3, 3, 3, 3, 3, 3, 3, 3, 3, 3, 3, 3, 3, 3, 3, 3, 3, 3, 3, 3, 3, 3, 3, 3, 3, 3, 3, 3, 3, 3, 3, 3, 3, 3, 3, 3, 3, 3, 3, 3, 3, 3, 3, 3, 3, 3, 3, 3, 3, 3, 3, 3, 3, 3, 3, 3, 3, 3, 3, 3, 3, 3, 3, 3, 3, 3, 3, 3, 3, 3, 3, 3, 3, 3, 3, 3, 3, 3, 3, 3, 3, 3, 3, 3, 3]
Solved 40/200 episodes
Evaluated model in 36.4 seconds
Saved model for run
d66d14463f2041d6928f93f48ee26cc6 with name round-0
Round 1
Generated trajectories in 73.5 seconds
epoch: 0	train loss: 27845.134765625	(23.5s)
epoch: 20	train loss: 24573.35546875	(23.6s)
epoch: 40	train loss: 22748.94140625	(23.8s)
epoch: 60	train loss: 21538.603515625	(23.6s)
epoch: 80	train loss: 20511.056640625	(23.7s)
Evaluating model on 200 episodes
options for eval 0: [8, 8, 8, 1, 8, 8, 8, 1, 5, 6, 6, 6, 6, 6, 6, 6, 3, 3, 3, 3, 3, 3, 3, 3, 3, 3, 3, 3, 3, 3, 3, 3, 3, 3, 3, 3, 3, 3, 3, 3, 3, 3, 3, 3, 3, 3, 3, 3, 3, 3, 3, 3, 3, 3, 3, 3, 3, 3, 3, 3, 3, 3, 3, 3, 3, 3, 3, 3, 3, 3, 3, 3, 3, 3, 3, 3, 3, 3, 3, 3, 3, 3, 3, 3, 3, 3, 3, 3, 3, 3, 3, 3, 3, 3, 3, 3, 3, 3, 3, 3, 3, 3, 3, 3, 3, 3, 3, 3, 3, 3, 3, 3, 3, 3, 3, 3, 3, 3, 3, 3, 3]
options for eval 1: [5, 4, 1, 1, 1, 1, 1, 1, 1, 2, 2, 2, 2, 2, 2, 2, 2, 2, 2, 2, 2, 2, 2, 2, 2, 2, 2, 2, 2, 2, 2, 2, 2, 2, 2, 2, 2, 2, 2, 2, 2, 2, 2, 2, 2, 2, 2, 2, 2, 2, 2, 2, 2, 2, 2, 2, 2, 2, 2, 2, 2, 2, 2, 2, 2, 2, 2, 2, 2, 2, 2, 2, 2, 2, 2, 2, 2, 2, 2, 2, 2, 2, 2, 2, 2, 2, 2, 2, 2, 2, 2, 2, 2, 2, 2, 2, 2, 2, 2, 2, 2, 2, 2, 2, 2, 2, 2, 2, 2, 2, 2, 2, 2, 2, 2, 2, 2, 2, 2, 2, 2]
options for eval 2: [8, 8, 8, 8, 1, 1, 1, 1, 8, 1, 5, 5, 5, 1, 5, 5, 1, 7, 4, 3, 3, 2, 2, 2, 2, 2, 2, 2, 2, 2, 2, 2, 2, 2, 2, 2, 2, 2, 2, 2, 2, 2, 2, 2, 2, 2, 2, 2, 2, 2, 2, 2, 2, 2, 2, 2, 2, 2, 2, 2, 2, 2, 2, 2, 2, 2, 2, 2, 2, 2, 2, 2, 2, 2, 2, 2, 2, 2, 2, 2, 2, 2, 2, 2, 2, 2, 2, 2, 2, 2, 2, 2, 2, 2, 2, 2, 2, 2, 2, 2, 2, 2, 2, 2, 2, 2, 2, 2, 2, 2, 2, 2, 2, 2, 2, 2, 2, 2, 2, 2, 2]
Solved 40/200 episodes
Evaluated model in 37.1 seconds
Saved model for run
d66d14463f2041d6928f93f48ee26cc6 with name round-1
Round 2
Generated trajectories in 72.5 seconds
epoch: 0	train loss: 25728.529296875	(23.5s)
epoch: 20	train loss: 20981.72265625	(23.5s)
epoch: 40	train loss: 19720.375	(23.6s)
epoch: 60	train loss: 18871.970703125	(23.5s)
epoch: 80	train loss: 18261.099609375	(23.6s)
Evaluating model on 200 episodes
options for eval 0: [8, 8, 8, 1, 8, 1, 1, 1, 1, 8, 1, 5, 1, 5, 5, 5, 5, 5, 1, 1, 1, 1, 1, 1, 1, 1, 1, 1, 1, 1, 1, 1, 1, 1, 1, 1, 1, 1, 1, 1, 1, 1, 1, 1, 1, 1, 1, 1, 1, 1, 1, 1, 1, 1, 1, 1, 1, 1, 1, 1, 1, 1, 1, 1, 1, 1, 1, 1, 1, 1, 1, 1, 1, 1, 1, 1, 1, 1, 1, 1, 1, 1, 1, 1, 1, 1, 1, 1, 1, 1, 1, 1, 1, 1, 1, 1, 1, 1, 1, 1, 1, 1, 1, 1, 1, 1, 1, 1, 1, 1, 1, 1, 1, 1, 1, 1, 1, 1, 1, 1, 1]
options for eval 1: [8, 4, 4, 1, 3, 3, 3]
options for eval 2: [8, 0, 6, 6, 6, 8, 0, 0, 2, 2, 2, 2, 2, 2, 2, 2, 2, 2, 2, 2, 2, 2, 2, 2, 2, 2, 2, 2, 2, 2, 2, 2, 2, 2, 2, 2, 2, 2, 2, 2, 2, 2, 2, 2, 2, 2, 2, 2, 2, 2, 2, 2, 2, 2, 2, 2, 2, 2, 2, 2, 2, 2, 2, 2, 2, 2, 2, 2, 2, 2, 2, 2, 2, 2, 2, 2, 2, 2, 2, 2, 2, 2, 2, 2, 2, 2, 2, 2, 2, 2, 2, 2, 2, 2, 2, 2, 2, 2, 2, 2, 2, 2, 2, 2, 2, 2, 2, 2, 2, 2, 2, 2, 2, 2, 2, 2, 2, 2, 2, 2, 2]
Solved 38/200 episodes
Evaluated model in 38.2 seconds
Saved model for run
d66d14463f2041d6928f93f48ee26cc6 with name round-2
Round 3
Generated trajectories in 73.9 seconds
epoch: 0	train loss: 23893.572265625	(23.7s)
epoch: 20	train loss: 19036.845703125	(23.9s)
epoch: 40	train loss: 18236.1484375	(24.0s)
epoch: 60	train loss: 17062.2109375	(23.9s)
epoch: 80	train loss: 16551.341796875	(23.9s)
Evaluating model on 200 episodes
options for eval 0: [8, 1, 5, 6, 6, 6, 6, 6, 9, 9, 9, 8, 8, 8, 8, 8, 8, 8, 8, 8, 8, 8, 8, 8, 8, 8, 8, 8, 8, 8, 8, 8, 8, 8, 8, 8, 8, 8, 8, 8, 8, 8, 8, 8, 8, 8, 8, 8, 8, 8, 8, 8, 8, 8, 8, 8, 8, 8, 8, 8, 8, 8, 8, 8, 8, 8, 8, 8, 8, 8, 8, 8, 8, 8, 8, 8, 8, 8, 8, 8, 8, 8, 8, 8, 8, 8, 8, 8, 8, 8, 8, 8, 8, 8, 8, 8, 8, 8, 8, 8, 8, 8, 8, 8, 8, 8, 8, 8, 8, 8, 8, 8, 8, 8, 8, 8, 8, 8, 8, 8, 8]
options for eval 1: [4, 5, 6, 6, 4, 4, 1, 4, 1, 1, 1, 9, 9, 8, 8, 8, 8, 8, 8]
options for eval 2: [4, 5, 8, 8, 8, 8, 8, 8, 8, 8, 2, 2, 2, 2, 2, 2, 2, 2, 2, 2, 2, 2, 2, 2, 2, 2, 2, 2, 2, 2, 2, 2, 2, 2, 2, 2, 2, 2, 2, 2, 2, 2, 2, 2, 2, 2, 2, 2, 2, 2, 2, 2, 2, 2, 2, 2, 2, 2, 2, 2, 2, 2, 2, 2, 2, 2, 2, 2, 2, 2, 2, 2, 2, 2, 2, 2, 2, 2, 2, 2, 2, 2, 2, 2, 2, 2, 2, 2, 2, 2, 2, 2, 2, 2, 2, 2, 2, 2, 2, 2, 2, 2, 2, 2, 2, 2, 2, 2, 2, 2, 2, 2, 2, 2, 2, 2, 2, 2, 2, 2, 2]
Solved 42/200 episodes
Evaluated model in 41.8 seconds
Saved model for run
d66d14463f2041d6928f93f48ee26cc6 with name round-3
Round 4
Generated trajectories in 73.1 seconds
epoch: 0	train loss: 22848.880859375	(23.7s)
epoch: 20	train loss: 18108.66796875	(23.7s)
epoch: 40	train loss: 16689.8671875	(23.9s)
epoch: 60	train loss: 15960.41015625	(23.8s)
epoch: 80	train loss: 15840.962890625	(23.7s)
Evaluating model on 200 episodes
options for eval 0: [8, 8, 8, 8, 8, 8, 8, 8, 1, 1, 9, 9, 1, 1, 1, 1, 1, 1, 1, 1, 1, 1, 1, 1, 1, 1, 1, 1, 1, 1, 1, 1, 1, 1, 1, 1, 1, 1, 1, 1, 1, 1, 1, 1, 1, 1, 1, 1, 1, 1, 1, 1, 1, 1, 1, 1, 1, 1, 1, 1, 1, 1, 1, 1, 1, 1, 1, 1, 1, 1, 1, 1, 1, 1, 1, 1, 1, 1, 1, 1, 1, 1, 1, 1, 1, 1, 1, 1, 1, 1, 1, 1, 1, 1, 1, 1, 1, 1, 1, 1, 1, 1, 1, 1, 1, 1, 1, 1, 1, 1, 1, 1, 1, 1, 1, 1, 1, 1, 1, 1, 1]
options for eval 1: [5, 5, 6, 6, 6, 4, 4, 6, 6, 6, 6, 6, 0, 0, 0, 0, 0, 0, 0, 0, 0, 0, 0, 0, 0, 0, 0, 0, 0, 0, 0, 0, 0, 0, 0, 0, 0, 0, 0, 0, 0, 0, 0, 0, 0, 0, 0, 0, 0, 0, 0, 0, 0, 0, 0, 0, 0, 0, 0, 0, 0, 0, 0, 0, 0, 0, 0, 0, 0, 0, 0, 0, 0, 0, 0, 0, 0, 0, 0, 0, 0, 0, 0, 0, 0, 0, 0, 0, 0, 0, 0, 0, 0, 0, 0, 0, 0, 0, 0, 0, 0, 0, 0, 0, 0, 0, 0, 0, 0, 0, 0, 0, 0, 0, 0, 0, 0, 0, 0, 0, 0]
options for eval 2: [5, 5, 5, 8, 8, 8, 8, 8, 4, 3, 3, 2, 2, 2, 2, 2, 2, 2, 0]
Solved 40/200 episodes
Evaluated model in 44.1 seconds
Saved model for run
d66d14463f2041d6928f93f48ee26cc6 with name round-4
Round 5
Generated trajectories in 73.2 seconds
epoch: 0	train loss: 21762.826171875	(23.7s)
epoch: 20	train loss: 16902.634765625	(23.8s)
epoch: 40	train loss: 15932.2275390625	(23.7s)
epoch: 60	train loss: 15143.4033203125	(23.7s)
epoch: 80	train loss: 15005.1181640625	(23.8s)
Evaluating model on 200 episodes
options for eval 0: [5, 5, 5, 5, 5, 1, 1, 1, 1, 1, 8, 8, 8, 8, 8, 8, 8, 8, 8, 8, 8, 8, 8, 8, 8, 8, 8, 8, 8, 8, 8, 8, 8, 8, 8, 8, 8, 8, 8, 8, 8, 8, 8, 8, 8, 8, 8, 8, 8, 8, 8, 8, 8, 8, 8, 8, 8, 8, 8, 8, 8, 8, 8, 8, 8, 8, 8, 8, 8, 8, 8, 8, 8, 8, 8, 8, 8, 8, 8, 8, 8, 8, 8, 8, 8, 8, 8, 8, 8, 8, 8, 8, 8, 8, 8, 8, 8, 8, 8, 8, 8, 8, 8, 8, 8, 8, 8, 8, 8, 8, 8, 8, 8, 8, 8, 8, 8, 8, 8, 8, 8]
options for eval 1: [5, 5, 5, 5, 5, 5, 5, 8, 8, 8, 0, 3, 3, 3, 3, 2, 2, 0]
options for eval 2: [5, 5, 1, 1, 3, 3, 3, 3, 3, 0, 9, 9, 8, 8, 8, 8, 8, 8, 8, 8, 0, 5, 5, 5, 5, 5, 5, 3, 3, 3, 3, 0]
Solved 27/200 episodes
Evaluated model in 43.7 seconds
Saved model for run
d66d14463f2041d6928f93f48ee26cc6 with name round-5
Round 6
Generated trajectories in 73.1 seconds
epoch: 0	train loss: 22071.580078125	(23.8s)
epoch: 20	train loss: 17050.73828125	(23.8s)
epoch: 40	train loss: 16081.7080078125	(23.8s)
epoch: 60	train loss: 14807.6123046875	(23.8s)
epoch: 80	train loss: 14256.8974609375	(23.8s)
Evaluating model on 200 episodes
options for eval 0: [8, 8, 8, 8, 8, 6, 6, 6, 6, 3, 3, 3, 3, 3, 3, 3, 3, 3, 3, 3, 3, 3, 3, 3, 3, 3, 3, 3, 3, 3, 3, 3, 3, 3, 3, 3, 3, 3, 3, 3, 3, 3, 3, 3, 3, 3, 3, 3, 3, 3, 3, 3, 3, 3, 3, 3, 3, 3, 3, 3, 3, 3, 3, 3, 3, 3, 3, 3, 3, 3, 3, 3, 3, 3, 3, 3, 3, 3, 3, 3, 3, 3, 3, 3, 3, 3, 3, 3, 3, 3, 3, 3, 3, 3, 3, 3, 3, 3, 3, 3, 3, 3, 3, 3, 3, 3, 3, 3, 3, 3, 3, 3, 3, 3, 3, 3, 3, 3, 3, 3, 3]
options for eval 1: [1, 1, 8, 8, 8, 8, 8, 8, 8, 8, 8, 8, 8, 8, 8, 8, 8, 8, 8, 8, 8, 8, 8, 8, 8, 8, 8, 8, 8, 8, 8, 8, 8, 8, 8, 8, 8, 8, 8, 8, 8, 8, 8, 8, 8, 8, 8, 8, 8, 8, 8, 8, 8, 8, 8, 8, 8, 8, 8, 8, 8, 8, 8, 8, 8, 8, 8, 8, 8, 8, 8, 8, 8, 8, 8, 8, 8, 8, 8, 8, 8, 8, 8, 8, 8, 8, 8, 8, 8, 8, 8, 8, 8, 8, 8, 8, 8, 8, 8, 8, 8, 8, 8, 8, 8, 8, 8, 8, 8, 8, 8, 8, 8, 8, 8, 8, 8, 8, 8, 8, 8]
options for eval 2: [4, 5, 1, 1, 1, 1, 3, 3, 3, 4, 5, 6, 8, 0, 0]
Solved 39/200 episodes
Evaluated model in 39.9 seconds
Saved model for run
d66d14463f2041d6928f93f48ee26cc6 with name round-6
Round 7
Generated trajectories in 74.5 seconds
epoch: 0	train loss: 22525.865234375	(24.0s)
epoch: 20	train loss: 16867.6796875	(24.0s)
epoch: 40	train loss: 16030.2783203125	(23.9s)
epoch: 60	train loss: 15119.93359375	(24.0s)
epoch: 80	train loss: 14085.591796875	(24.0s)
Evaluating model on 200 episodes
options for eval 0: [6, 5, 3, 3, 3, 3, 3]
options for eval 1: [5, 5, 5, 5, 5, 5, 5]
options for eval 2: [5, 4, 5, 1, 1, 1, 1, 1, 1, 2, 1, 5, 5, 8, 8, 8, 8, 8, 8]
Solved 41/200 episodes
Evaluated model in 39.0 seconds
Saved model for run
d66d14463f2041d6928f93f48ee26cc6 with name round-7
Round 8
Generated trajectories in 73.8 seconds
epoch: 0	train loss: 21544.09375	(24.0s)
epoch: 20	train loss: 16650.078125	(24.0s)
epoch: 40	train loss: 14764.146484375	(23.9s)
epoch: 60	train loss: 13795.630859375	(23.9s)
epoch: 80	train loss: 13349.203125	(23.9s)
Evaluating model on 200 episodes
options for eval 0: [1, 1, 1, 1, 2, 2, 2, 2, 2, 2, 2, 4, 5, 5, 5, 5, 9, 9, 9, 9, 9, 9, 8, 8, 0]
options for eval 1: [5, 1, 1, 5, 5, 5, 5, 5, 2, 1, 1, 9, 8, 8, 8, 8, 8, 8, 2, 2, 2, 2, 2, 2, 2, 2, 2, 2, 2, 2, 2, 2, 2, 2, 2, 2, 2, 2, 2, 2, 2, 2, 2, 2, 2, 2, 2, 2, 2, 2, 2, 2, 2, 2, 2, 2, 2, 2, 2, 2, 2, 2, 2, 2, 2, 2, 2, 2, 2, 2, 2, 2, 2, 2, 2, 2, 2, 2, 2, 2, 2, 2, 2, 2, 2, 2, 2, 2, 2, 2, 2, 2, 2, 2, 2, 2, 2, 2, 2, 2, 2, 2, 2, 2, 2, 2, 2, 2, 2, 2, 2, 2, 2, 2, 2, 2, 2, 2, 2, 2, 2]
options for eval 2: [8, 8, 8, 8, 8, 8, 8, 8, 8, 8, 8, 8, 1, 5, 9, 9, 3, 3, 3, 3, 3, 3, 3, 4, 9, 9, 8, 8, 0]
Solved 45/200 episodes
Evaluated model in 40.2 seconds
Saved model for run
d66d14463f2041d6928f93f48ee26cc6 with name round-8
Round 9
Generated trajectories in 74.0 seconds
epoch: 0	train loss: 20877.60546875	(24.0s)
epoch: 20	train loss: 15158.6455078125	(24.1s)
epoch: 40	train loss: 13749.919921875	(24.0s)
epoch: 60	train loss: 12383.2587890625	(24.0s)
epoch: 80	train loss: 12260.2880859375	(24.0s)
Evaluating model on 200 episodes
options for eval 0: [4, 1, 9, 9, 5, 5]
options for eval 1: [1, 1, 6, 1, 0, 5, 5, 5, 5, 5, 5, 5, 5, 4, 8, 8, 2, 2, 2, 2, 2, 2, 0]
options for eval 2: [1, 0, 5, 5, 1, 1, 1, 1, 1]
Solved 69/200 episodes
Evaluated model in 34.8 seconds
Saved model for run
d66d14463f2041d6928f93f48ee26cc6 with name round-9
Round 10
Generated trajectories in 73.2 seconds
epoch: 0	train loss: 17035.880859375	(23.9s)
epoch: 20	train loss: 8218.79296875	(24.0s)
epoch: 40	train loss: 6030.31005859375	(23.8s)
epoch: 60	train loss: 3699.6611328125	(23.9s)
epoch: 80	train loss: 3159.161865234375	(23.9s)
Evaluating model on 200 episodes
options for eval 0: [1, 1, 1, 8, 8, 8, 0, 8, 8, 8, 0]
options for eval 1: [8, 8, 8, 8, 8, 4, 0, 9, 9, 9, 9, 9, 1, 1, 1, 1, 1, 0]
options for eval 2: [1, 1, 1, 1, 1, 8, 4, 4, 4, 9, 3, 3, 3, 3, 3, 3, 0, 3, 3, 3, 3, 3, 3, 0, 8, 8, 8, 8, 8, 8, 8, 4, 9, 9, 9, 9, 9, 1, 1, 1, 1, 1, 0]
Solved 159/200 episodes
Evaluated model in 19.2 seconds
Saved model for run
d66d14463f2041d6928f93f48ee26cc6 with name round-10
Round 11
Generated trajectories in 73.8 seconds
epoch: 0	train loss: 5969.7783203125	(23.8s)
epoch: 20	train loss: 2880.779052734375	(23.8s)
epoch: 40	train loss: 3001.023681640625	(23.8s)
epoch: 60	train loss: 2519.937255859375	(23.8s)
epoch: 80	train loss: 1515.43115234375	(23.8s)
Evaluating model on 200 episodes
options for eval 0: [8, 8, 2, 2, 4, 8, 8, 8, 0, 5, 1, 1, 1, 7, 7, 7, 7, 3, 2, 2, 2, 2, 2, 2, 0, 9, 1, 1, 1, 0, 9, 9, 9, 9, 8, 8, 8, 8, 8, 0]
options for eval 1: [5, 5, 1, 1, 5, 5, 1, 5, 5, 4, 1, 1, 1, 1, 8, 2, 2, 2, 0, 3, 2, 2, 2, 0]
options for eval 2: [0, 9, 7, 7, 1, 5, 5, 8, 8, 8, 8, 0]
Solved 175/200 episodes
Evaluated model in 17.3 seconds
Saved model for run
d66d14463f2041d6928f93f48ee26cc6 with name round-11
Round 12
Generated trajectories in 74.5 seconds
epoch: 0	train loss: 3383.958251953125	(24.2s)
epoch: 20	train loss: 2047.048095703125	(24.1s)
epoch: 40	train loss: 2322.0439453125	(24.3s)
epoch: 60	train loss: 1904.4635009765625	(24.3s)
epoch: 80	train loss: 810.7789916992188	(24.2s)
Evaluating model on 200 episodes
options for eval 0: [9, 8, 8, 8, 0, 3, 3, 3, 3, 3, 0]
options for eval 1: [9, 4, 5, 3, 3, 2, 2, 2, 0, 3, 3, 3, 3, 2, 2, 2, 2, 2]
options for eval 2: [3, 3, 4, 1, 4, 9, 1, 1, 5, 9, 1, 0, 8, 8, 2, 2, 2, 2, 2, 2, 2, 2, 2, 0, 8, 8, 0]
Solved 188/200 episodes
Evaluated model in 16.2 seconds
Saved model for run
d66d14463f2041d6928f93f48ee26cc6 with name round-12
Round 13
Generated trajectories in 73.9 seconds
epoch: 0	train loss: 2725.5478515625	(23.9s)
epoch: 20	train loss: 1187.3494873046875	(23.9s)
epoch: 40	train loss: 1893.4912109375	(23.9s)
epoch: 60	train loss: 735.0464477539062	(24.1s)
epoch: 80	train loss: 1307.7144775390625	(24.0s)
Evaluating model on 200 episodes
options for eval 0: [8, 8, 8, 8, 4, 4, 9, 9, 9, 0, 9, 9, 1, 1, 1, 1, 0]
options for eval 1: [9, 8, 8, 8, 6, 6, 9, 9, 8, 8, 8, 0, 3, 3, 3, 3, 3, 3, 3]
options for eval 2: [8, 8, 8, 4, 8, 2, 2, 2, 2, 0]
Solved 192/200 episodes
Evaluated model in 15.9 seconds
Saved model for run
d66d14463f2041d6928f93f48ee26cc6 with name round-13
Round 14
Generated trajectories in 74.6 seconds
epoch: 0	train loss: 2341.925048828125	(24.2s)
epoch: 20	train loss: 1079.2452392578125	(24.2s)
epoch: 40	train loss: 540.6339111328125	(24.3s)
epoch: 60	train loss: 1604.9609375	(24.1s)
epoch: 80	train loss: 581.7518920898438	(24.3s)
Evaluating model on 200 episodes
options for eval 0: [9, 9, 6, 6, 9, 9, 9, 9, 4, 8, 8, 2, 2, 2, 2, 2, 2, 2, 4, 9, 1, 1, 5, 5, 5, 7, 7, 4, 3, 3, 3, 3, 3, 3, 3, 2, 2, 0]
options for eval 1: [9, 8, 6, 6, 9, 9, 4, 3, 3, 2, 2, 2, 2, 2, 4, 5, 9, 9, 9, 1, 1, 1, 1, 4, 3, 2, 2, 2, 4, 9, 9, 9, 9, 1, 1, 4]
options for eval 2: [8, 8, 4, 9, 9, 9, 9, 9, 9, 9, 9, 9, 9, 9, 4, 8, 8, 2, 2, 2, 2, 2, 2, 2, 4]
Solved 197/200 episodes
Evaluated model in 15.9 seconds
Saved model for run
d66d14463f2041d6928f93f48ee26cc6 with name round-14
Round 15
Generated trajectories in 73.9 seconds
epoch: 0	train loss: 1495.638916015625	(23.8s)
epoch: 20	train loss: 657.5297241210938	(23.9s)
epoch: 40	train loss: 286.73236083984375	(23.8s)
epoch: 60	train loss: 835.8671264648438	(23.8s)
epoch: 80	train loss: 1048.695556640625	(23.8s)
Evaluating model on 200 episodes
options for eval 0: [8, 8, 8, 8, 8, 8, 2, 4, 2, 2, 4, 9, 9, 9, 1, 1, 1, 4, 9, 5, 9, 9, 8, 8, 4, 3, 2, 2, 4]
options for eval 1: [8, 8, 8, 8, 2, 2, 2, 2, 2, 8, 8, 4, 7, 1, 5, 9, 9, 5, 9, 9, 9, 9, 4]
options for eval 2: [9, 8, 8, 8, 8, 8, 8, 8, 8, 4, 3, 3, 3, 2, 2, 2, 2, 4]
Solved 195/200 episodes
Evaluated model in 16.0 seconds
Saved model for run
d66d14463f2041d6928f93f48ee26cc6 with name round-15
Round 16
Generated trajectories in 73.3 seconds
epoch: 0	train loss: 1870.88330078125	(24.0s)
epoch: 20	train loss: 1052.591796875	(23.9s)
epoch: 40	train loss: 470.4705810546875	(24.0s)
epoch: 60	train loss: 1700.5743408203125	(23.9s)
epoch: 80	train loss: 2450.32861328125	(24.0s)
Evaluating model on 200 episodes
options for eval 0: [9, 6, 9, 9, 4, 3, 3, 2, 2, 4, 2, 2, 2, 2, 4, 8, 8, 8, 8, 4]
options for eval 1: [9, 6, 9, 9, 9, 9, 8, 8, 4, 3, 3, 3, 3, 3, 2, 2, 2, 4]
options for eval 2: [3, 3, 4, 5, 5, 5, 9, 9, 1, 1, 1, 4, 3, 2, 2, 2, 4]
Solved 198/200 episodes
Evaluated model in 16.3 seconds
Saved model for run
d66d14463f2041d6928f93f48ee26cc6 with name round-16
Round 17
Generated trajectories in 74.7 seconds
epoch: 0	train loss: 1647.2122802734375	(24.0s)
epoch: 20	train loss: 326.77362060546875	(24.0s)
epoch: 40	train loss: 1231.0936279296875	(24.1s)
epoch: 60	train loss: 856.7994995117188	(24.2s)
epoch: 80	train loss: 1204.71728515625	(24.2s)
Evaluating model on 200 episodes
options for eval 0: [4, 8, 8, 8, 8, 2, 2, 0, 0, 2, 2, 4, 5, 9, 9, 9, 9, 9, 1, 1, 1, 4]
options for eval 1: [8, 8, 8, 4, 3, 2, 2, 4, 8, 2, 2, 0, 0, 3, 3, 3, 3, 3, 0, 0]
options for eval 2: [8, 8, 8, 8, 8, 4, 5, 1, 1, 4, 3, 3, 3, 3, 3, 3, 2, 2, 2, 4]
Solved 192/200 episodes
Evaluated model in 16.9 seconds
Saved model for run
d66d14463f2041d6928f93f48ee26cc6 with name round-17
Round 18
Generated trajectories in 73.4 seconds
epoch: 0	train loss: 1546.5308837890625	(23.9s)
epoch: 20	train loss: 1437.45361328125	(24.0s)
epoch: 40	train loss: 751.9856567382812	(24.0s)
epoch: 60	train loss: 361.09222412109375	(24.0s)
epoch: 80	train loss: 370.9212341308594	(24.0s)
Evaluating model on 200 episodes
options for eval 0: [5, 4, 5, 5, 6, 4, 8, 8, 4, 9, 3, 3, 3, 3, 3, 2, 4, 4, 4, 8, 8, 8, 8, 4, 3, 3, 3, 3, 2, 2, 2, 2, 2, 2, 2, 2, 4]
options for eval 1: [3, 3, 3, 3, 3, 0, 0, 0, 5, 5, 4, 8, 8, 8, 4]
options for eval 2: [4, 3, 2, 2, 2, 2, 2, 4, 5, 5, 4, 6, 4, 9, 9, 9, 9, 1, 1, 1, 1, 4, 3, 3, 3, 3, 3, 2, 2, 2, 2, 2, 2, 4]
Solved 189/200 episodes
Evaluated model in 16.1 seconds
Saved model for run
d66d14463f2041d6928f93f48ee26cc6 with name round-18
Round 19
Generated trajectories in 74.4 seconds
epoch: 0	train loss: 1304.918701171875	(24.0s)
epoch: 20	train loss: 784.1885375976562	(24.0s)
epoch: 40	train loss: 871.7393188476562	(24.2s)
epoch: 60	train loss: 844.2045288085938	(24.2s)
epoch: 80	train loss: 687.3936767578125	(24.2s)
Evaluating model on 200 episodes
options for eval 0: [8, 8, 6, 6, 8, 8, 8, 8, 4, 3, 3, 3, 3, 3, 3, 3, 2, 2, 4, 5, 5, 6, 5, 5, 5, 8, 8, 4, 3, 3, 3, 3, 3, 2, 2, 4, 8, 8, 2, 2, 2, 4, 4]
options for eval 1: [5, 5, 5, 5, 5, 6, 6, 5, 4, 8, 8, 8, 8, 2, 2, 2, 2, 2, 4, 3, 3, 2, 2, 4, 5, 5, 5, 5, 7, 7, 1, 1, 1, 1, 1, 1, 1, 1, 4, 2, 2, 2, 4]
options for eval 2: [8, 4, 4, 5, 7, 7, 1, 1, 1, 1, 1, 1, 1, 4, 2, 2, 2, 2, 4]
Solved 195/200 episodes
Evaluated model in 15.7 seconds
Saved model for run
d66d14463f2041d6928f93f48ee26cc6 with name round-19
