Using torch device NVIDIA GeForce RTX 3090
homo controller
net: causal
cc_weight: 0.0
params: {'epochs': 100, 'lr': 0.0008, 'n': 5000}
Net has 207442 parameters
Round 0
Generated trajectories in 72.6 seconds
epoch: 0	train loss: 145522.5	(17.5s)
epoch: 1	train loss: 136276.25	(16.5s)
epoch: 2	train loss: 114457.5234375	(16.4s)
epoch: 3	train loss: 101007.328125	(16.4s)
epoch: 4	train loss: 93250.28125	(16.4s)
epoch: 5	train loss: 88214.1640625	(16.4s)
epoch: 6	train loss: 84421.8125	(16.4s)
epoch: 7	train loss: 81472.6640625	(16.4s)
epoch: 8	train loss: 78903.015625	(16.4s)
epoch: 9	train loss: 75953.34375	(16.4s)
epoch: 10	train loss: 73241.9375	(16.5s)
epoch: 11	train loss: 70263.015625	(16.4s)
epoch: 12	train loss: 67587.5859375	(16.5s)
epoch: 13	train loss: 65184.015625	(16.5s)
epoch: 14	train loss: 62610.21875	(16.5s)
epoch: 15	train loss: 59359.84765625	(16.6s)
epoch: 16	train loss: 56754.6796875	(16.5s)
epoch: 17	train loss: 54476.62109375	(16.5s)
epoch: 18	train loss: 52176.9765625	(16.5s)
epoch: 19	train loss: 50675.3671875	(16.5s)
epoch: 20	train loss: 49284.19140625	(16.5s)
epoch: 21	train loss: 47806.53515625	(16.4s)
epoch: 22	train loss: 46832.859375	(16.5s)
epoch: 23	train loss: 45503.59375	(16.5s)
epoch: 24	train loss: 44686.39453125	(16.5s)
epoch: 25	train loss: 43224.171875	(16.5s)
epoch: 26	train loss: 42236.6796875	(16.5s)
epoch: 27	train loss: 41025.1640625	(16.5s)
epoch: 28	train loss: 40035.5625	(16.5s)
epoch: 29	train loss: 39118.6875	(16.5s)
epoch: 30	train loss: 38283.5546875	(16.5s)
epoch: 31	train loss: 38377.18359375	(16.5s)
epoch: 32	train loss: 37522.41015625	(16.5s)
epoch: 33	train loss: 37104.1640625	(16.5s)
epoch: 34	train loss: 36204.6796875	(16.5s)
epoch: 35	train loss: 35762.13671875	(16.5s)
epoch: 36	train loss: 35538.953125	(16.5s)
epoch: 37	train loss: 35387.1484375	(16.5s)
epoch: 38	train loss: 34760.109375	(16.6s)
epoch: 39	train loss: 34078.73828125	(16.5s)
epoch: 40	train loss: 33414.6171875	(16.5s)
epoch: 41	train loss: 32984.5625	(16.5s)
epoch: 42	train loss: 32925.2890625	(16.5s)
epoch: 43	train loss: 32745.8671875	(16.5s)
epoch: 44	train loss: 32245.8671875	(16.5s)
epoch: 45	train loss: 32300.9921875	(16.5s)
epoch: 46	train loss: 32407.466796875	(16.5s)
epoch: 47	train loss: 31971.166015625	(16.5s)
epoch: 48	train loss: 31648.298828125	(16.5s)
epoch: 49	train loss: 31554.19140625	(16.5s)
epoch: 50	train loss: 30928.421875	(16.6s)
epoch: 51	train loss: 30862.845703125	(16.5s)
epoch: 52	train loss: 30674.58984375	(16.4s)
epoch: 53	train loss: 30348.7734375	(16.4s)
epoch: 54	train loss: 30298.919921875	(16.5s)
epoch: 55	train loss: 30100.48046875	(16.4s)
epoch: 56	train loss: 30287.8515625	(16.4s)
epoch: 57	train loss: 30240.59375	(16.5s)
epoch: 58	train loss: 29871.2578125	(16.5s)
epoch: 59	train loss: 29713.64453125	(16.5s)
epoch: 60	train loss: 29555.89453125	(16.5s)
epoch: 61	train loss: 29240.830078125	(16.5s)
epoch: 62	train loss: 29108.5703125	(16.5s)
epoch: 63	train loss: 29110.3515625	(16.5s)
epoch: 64	train loss: 29028.51953125	(16.5s)
epoch: 65	train loss: 28453.669921875	(16.5s)
epoch: 66	train loss: 28324.373046875	(16.5s)
epoch: 67	train loss: 28106.80859375	(16.5s)
epoch: 68	train loss: 27929.634765625	(16.5s)
epoch: 69	train loss: 28217.515625	(16.5s)
epoch: 70	train loss: 27605.482421875	(16.5s)
epoch: 71	train loss: 27577.240234375	(16.6s)
epoch: 72	train loss: 27394.892578125	(16.5s)
epoch: 73	train loss: 27611.78125	(16.5s)
epoch: 74	train loss: 27844.271484375	(16.5s)
epoch: 75	train loss: 27363.6640625	(16.5s)
epoch: 76	train loss: 26927.53515625	(16.5s)
epoch: 77	train loss: 26852.224609375	(16.5s)
epoch: 78	train loss: 26979.458984375	(16.5s)
epoch: 79	train loss: 26373.990234375	(16.6s)
epoch: 80	train loss: 26500.169921875	(16.4s)
epoch: 81	train loss: 26377.41015625	(16.6s)
epoch: 82	train loss: 26479.8046875	(16.5s)
epoch: 83	train loss: 25980.947265625	(16.5s)
epoch: 84	train loss: 26374.919921875	(16.5s)
epoch: 85	train loss: 25685.787109375	(16.6s)
epoch: 86	train loss: 25542.783203125	(16.5s)
epoch: 87	train loss: 26309.71875	(16.5s)
epoch: 88	train loss: 25229.69921875	(16.5s)
epoch: 89	train loss: 24777.08203125	(16.5s)
epoch: 90	train loss: 24378.96484375	(16.5s)
epoch: 91	train loss: 24310.9921875	(16.5s)
epoch: 92	train loss: 24455.919921875	(16.5s)
epoch: 93	train loss: 24876.767578125	(16.6s)
epoch: 94	train loss: 24707.919921875	(16.5s)
epoch: 95	train loss: 24857.375	(16.5s)
epoch: 96	train loss: 24050.4609375	(16.5s)
epoch: 97	train loss: 24163.05859375	(16.6s)
epoch: 98	train loss: 23984.595703125	(16.5s)
epoch: 99	train loss: 24106.892578125	(16.5s)
Evaluating model on 200 episodes
Solved 35/200 episodes
Evaluated model in 18.0 seconds
Saved model for run
9207dbcc16f44e27bd2876dde1124156 with name round-0
Round 1
Generated trajectories in 72.5 seconds
epoch: 0	train loss: 33665.20703125	(16.6s)
epoch: 1	train loss: 31496.2890625	(16.4s)
epoch: 2	train loss: 30303.77734375	(16.3s)
epoch: 3	train loss: 29301.5234375	(16.3s)
epoch: 4	train loss: 29001.57421875	(16.3s)
epoch: 5	train loss: 28235.95703125	(16.3s)
epoch: 6	train loss: 27784.337890625	(16.3s)
epoch: 7	train loss: 27678.185546875	(16.3s)
epoch: 8	train loss: 27285.787109375	(16.4s)
epoch: 9	train loss: 26944.62890625	(16.4s)
epoch: 10	train loss: 26888.091796875	(16.5s)
epoch: 11	train loss: 26030.41796875	(16.5s)
epoch: 12	train loss: 25900.87890625	(16.5s)
epoch: 13	train loss: 26563.78515625	(16.5s)
epoch: 14	train loss: 25616.63671875	(16.5s)
epoch: 15	train loss: 25003.662109375	(16.5s)
epoch: 16	train loss: 24513.46875	(16.5s)
epoch: 17	train loss: 24507.9140625	(16.5s)
epoch: 18	train loss: 24542.1796875	(16.5s)
epoch: 19	train loss: 24273.037109375	(16.4s)
epoch: 20	train loss: 24104.638671875	(16.5s)
epoch: 21	train loss: 24098.908203125	(16.5s)
epoch: 22	train loss: 23978.94921875	(16.5s)
epoch: 23	train loss: 23583.212890625	(16.5s)
epoch: 24	train loss: 23439.048828125	(16.4s)
epoch: 25	train loss: 22820.509765625	(16.5s)
epoch: 26	train loss: 23560.71484375	(16.5s)
epoch: 27	train loss: 23036.349609375	(16.5s)
epoch: 28	train loss: 23177.78515625	(16.5s)
epoch: 29	train loss: 22221.625	(16.4s)
epoch: 30	train loss: 22192.9765625	(16.5s)
epoch: 31	train loss: 22384.71875	(16.5s)
epoch: 32	train loss: 22957.58203125	(16.5s)
epoch: 33	train loss: 22111.322265625	(16.5s)
epoch: 34	train loss: 21917.009765625	(16.4s)
epoch: 35	train loss: 21764.052734375	(16.4s)
epoch: 36	train loss: 21919.1875	(16.5s)
epoch: 37	train loss: 21401.53515625	(16.5s)
epoch: 38	train loss: 22118.89453125	(16.5s)
epoch: 39	train loss: 21011.705078125	(16.4s)
epoch: 40	train loss: 21143.939453125	(16.4s)
epoch: 41	train loss: 21385.0546875	(16.5s)
epoch: 42	train loss: 21666.62890625	(16.5s)
epoch: 43	train loss: 21447.056640625	(16.4s)
epoch: 44	train loss: 21304.677734375	(16.4s)
epoch: 45	train loss: 21424.7421875	(16.4s)
epoch: 46	train loss: 20837.609375	(16.5s)
epoch: 47	train loss: 20231.71484375	(16.5s)
epoch: 48	train loss: 19811.150390625	(16.5s)
epoch: 49	train loss: 20640.7578125	(16.4s)
epoch: 50	train loss: 19638.966796875	(16.4s)
epoch: 51	train loss: 19466.837890625	(16.5s)
epoch: 52	train loss: 19489.46484375	(16.5s)
epoch: 53	train loss: 19473.919921875	(16.5s)
epoch: 54	train loss: 19987.052734375	(16.5s)
epoch: 55	train loss: 20346.74609375	(16.5s)
epoch: 56	train loss: 19737.666015625	(16.5s)
epoch: 57	train loss: 20385.244140625	(16.5s)
epoch: 58	train loss: 19955.435546875	(16.5s)
epoch: 59	train loss: 19898.236328125	(16.5s)
epoch: 60	train loss: 19675.921875	(16.4s)
epoch: 61	train loss: 19500.484375	(16.5s)
epoch: 62	train loss: 19167.650390625	(16.5s)
epoch: 63	train loss: 19261.259765625	(16.4s)
epoch: 64	train loss: 18882.314453125	(16.4s)
epoch: 65	train loss: 19183.017578125	(16.4s)
epoch: 66	train loss: 18744.826171875	(16.4s)
epoch: 67	train loss: 18562.77734375	(16.4s)
epoch: 68	train loss: 19968.74609375	(16.5s)
epoch: 69	train loss: 18417.3671875	(16.5s)
epoch: 70	train loss: 18151.3515625	(16.4s)
epoch: 71	train loss: 18285.060546875	(16.4s)
epoch: 72	train loss: 17520.814453125	(16.5s)
epoch: 73	train loss: 17252.09765625	(16.5s)
epoch: 74	train loss: 17019.9453125	(16.5s)
epoch: 75	train loss: 17353.1171875	(16.4s)
epoch: 76	train loss: 17603.87890625	(16.4s)
epoch: 77	train loss: 17673.693359375	(16.5s)
epoch: 78	train loss: 17425.552734375	(16.5s)
epoch: 79	train loss: 19391.41015625	(16.5s)
epoch: 80	train loss: 18303.5546875	(16.4s)
epoch: 81	train loss: 16996.4765625	(16.4s)
epoch: 82	train loss: 16729.76953125	(16.5s)
epoch: 83	train loss: 16362.3740234375	(16.5s)
epoch: 84	train loss: 16150.0185546875	(16.5s)
epoch: 85	train loss: 16337.357421875	(16.4s)
epoch: 86	train loss: 16233.0908203125	(16.4s)
epoch: 87	train loss: 16267.193359375	(16.5s)
epoch: 88	train loss: 18251.884765625	(16.5s)
epoch: 89	train loss: 16144.31640625	(16.5s)
epoch: 90	train loss: 16045.71484375	(16.5s)
epoch: 91	train loss: 16017.7431640625	(16.4s)
epoch: 92	train loss: 16073.2626953125	(16.5s)
epoch: 93	train loss: 16730.0546875	(16.5s)
epoch: 94	train loss: 17498.619140625	(16.5s)
epoch: 95	train loss: 17008.55078125	(16.5s)
epoch: 96	train loss: 16628.98046875	(16.4s)
epoch: 97	train loss: 16262.4951171875	(16.4s)
epoch: 98	train loss: 16439.251953125	(16.5s)
epoch: 99	train loss: 16378.0458984375	(16.5s)
Evaluating model on 200 episodes
Solved 37/200 episodes
Evaluated model in 18.5 seconds
Saved model for run
9207dbcc16f44e27bd2876dde1124156 with name round-1
Round 2
Generated trajectories in 72.2 seconds
epoch: 0	train loss: 38427.79296875	(16.3s)
epoch: 1	train loss: 32623.515625	(16.3s)
epoch: 2	train loss: 30472.892578125	(16.3s)
epoch: 3	train loss: 28977.65625	(16.4s)
epoch: 4	train loss: 27704.998046875	(16.4s)
epoch: 5	train loss: 26740.103515625	(16.5s)
epoch: 6	train loss: 26629.763671875	(16.5s)
epoch: 7	train loss: 25220.55859375	(16.5s)
epoch: 8	train loss: 24691.4296875	(16.5s)
epoch: 9	train loss: 24116.85546875	(16.5s)
epoch: 10	train loss: 23535.41015625	(16.6s)
epoch: 11	train loss: 23560.337890625	(16.5s)
epoch: 12	train loss: 23043.041015625	(16.5s)
epoch: 13	train loss: 22563.33203125	(16.5s)
epoch: 14	train loss: 22752.966796875	(16.5s)
epoch: 15	train loss: 22463.84765625	(16.6s)
epoch: 16	train loss: 22290.375	(16.5s)
epoch: 17	train loss: 21727.5390625	(16.4s)
epoch: 18	train loss: 22270.623046875	(16.4s)
epoch: 19	train loss: 21637.794921875	(16.4s)
epoch: 20	train loss: 21580.83203125	(16.5s)
epoch: 21	train loss: 21563.34375	(16.5s)
epoch: 22	train loss: 22135.19140625	(16.5s)
epoch: 23	train loss: 21019.296875	(16.5s)
epoch: 24	train loss: 20645.04296875	(16.5s)
epoch: 25	train loss: 20181.103515625	(16.6s)
epoch: 26	train loss: 20490.01953125	(16.5s)
epoch: 27	train loss: 19659.57421875	(16.5s)
epoch: 28	train loss: 19566.5625	(16.5s)
epoch: 29	train loss: 19716.2890625	(16.5s)
epoch: 30	train loss: 19675.111328125	(16.6s)
epoch: 31	train loss: 19371.919921875	(16.5s)
epoch: 32	train loss: 19651.9375	(16.5s)
epoch: 33	train loss: 19668.44921875	(16.5s)
epoch: 34	train loss: 18969.5859375	(16.5s)
epoch: 35	train loss: 19015.611328125	(16.6s)
epoch: 36	train loss: 18663.587890625	(16.5s)
epoch: 37	train loss: 18595.685546875	(16.5s)
epoch: 38	train loss: 17973.03125	(16.5s)
epoch: 39	train loss: 17824.55859375	(16.5s)
epoch: 40	train loss: 17743.279296875	(16.6s)
epoch: 41	train loss: 17691.3984375	(16.5s)
epoch: 42	train loss: 18289.26171875	(16.5s)
epoch: 43	train loss: 18080.3515625	(16.5s)
epoch: 44	train loss: 18002.7890625	(16.5s)
epoch: 45	train loss: 17048.619140625	(16.6s)
epoch: 46	train loss: 17220.076171875	(16.5s)
epoch: 47	train loss: 17022.455078125	(16.5s)
epoch: 48	train loss: 16862.2265625	(16.5s)
epoch: 49	train loss: 17218.544921875	(16.5s)
epoch: 50	train loss: 16828.1796875	(16.6s)
epoch: 51	train loss: 16524.765625	(16.5s)
epoch: 52	train loss: 16729.390625	(16.5s)
epoch: 53	train loss: 16588.537109375	(16.5s)
epoch: 54	train loss: 16743.185546875	(16.5s)
epoch: 55	train loss: 16460.078125	(16.6s)
epoch: 56	train loss: 16427.443359375	(16.5s)
epoch: 57	train loss: 16405.19921875	(16.5s)
epoch: 58	train loss: 16363.8955078125	(16.5s)
epoch: 59	train loss: 17216.498046875	(16.5s)
epoch: 60	train loss: 18307.841796875	(16.6s)
epoch: 61	train loss: 16850.154296875	(16.5s)
epoch: 62	train loss: 16726.455078125	(16.5s)
epoch: 63	train loss: 16378.6962890625	(16.5s)
epoch: 64	train loss: 16645.619140625	(16.5s)
epoch: 65	train loss: 16307.091796875	(16.5s)
epoch: 66	train loss: 16105.908203125	(16.5s)
epoch: 67	train loss: 16630.525390625	(16.5s)
epoch: 68	train loss: 16019.7265625	(16.5s)
epoch: 69	train loss: 15754.0068359375	(16.5s)
epoch: 70	train loss: 16034.5107421875	(16.5s)
epoch: 71	train loss: 15893.9033203125	(16.6s)
epoch: 72	train loss: 16225.4609375	(16.5s)
epoch: 73	train loss: 15817.25390625	(16.5s)
epoch: 74	train loss: 16374.1494140625	(16.4s)
epoch: 75	train loss: 16500.15625	(16.5s)
epoch: 76	train loss: 15269.9130859375	(16.5s)
epoch: 77	train loss: 15539.8193359375	(16.5s)
epoch: 78	train loss: 14934.216796875	(16.4s)
epoch: 79	train loss: 14928.2587890625	(16.5s)
epoch: 80	train loss: 16786.974609375	(16.5s)
epoch: 81	train loss: 15821.7529296875	(16.6s)
epoch: 82	train loss: 14618.830078125	(16.5s)
epoch: 83	train loss: 14540.310546875	(16.5s)
epoch: 84	train loss: 14647.9296875	(16.5s)
epoch: 85	train loss: 13954.3017578125	(16.5s)
epoch: 86	train loss: 14330.1669921875	(16.6s)
epoch: 87	train loss: 15541.703125	(16.5s)
epoch: 88	train loss: 14687.005859375	(16.5s)
epoch: 89	train loss: 15192.23828125	(16.5s)
epoch: 90	train loss: 13916.90625	(16.5s)
epoch: 91	train loss: 14144.1240234375	(16.6s)
epoch: 92	train loss: 13922.59765625	(16.5s)
epoch: 93	train loss: 13874.068359375	(16.5s)
epoch: 94	train loss: 13696.052734375	(16.5s)
epoch: 95	train loss: 13857.8544921875	(16.5s)
epoch: 96	train loss: 14739.9541015625	(16.6s)
epoch: 97	train loss: 15057.314453125	(16.5s)
epoch: 98	train loss: 14271.0634765625	(16.5s)
epoch: 99	train loss: 13972.310546875	(16.5s)
Evaluating model on 200 episodes
Solved 43/200 episodes
Evaluated model in 17.3 seconds
Saved model for run
9207dbcc16f44e27bd2876dde1124156 with name round-2
Round 3
Generated trajectories in 72.7 seconds
epoch: 0	train loss: 41628.59375	(16.5s)
epoch: 1	train loss: 33939.8984375	(16.5s)
epoch: 2	train loss: 30666.2890625	(16.5s)
epoch: 3	train loss: 28992.984375	(16.6s)
epoch: 4	train loss: 27703.177734375	(16.6s)
epoch: 5	train loss: 26807.4296875	(16.6s)
epoch: 6	train loss: 26105.103515625	(16.6s)
epoch: 7	train loss: 25590.798828125	(16.6s)
epoch: 8	train loss: 25000.0078125	(16.6s)
epoch: 9	train loss: 24204.08984375	(16.6s)
epoch: 10	train loss: 23675.28515625	(16.6s)
epoch: 11	train loss: 23312.09375	(16.6s)
epoch: 12	train loss: 23030.5	(16.6s)
epoch: 13	train loss: 22510.619140625	(16.7s)
epoch: 14	train loss: 24078.08203125	(16.6s)
epoch: 15	train loss: 22409.349609375	(16.6s)
epoch: 16	train loss: 21964.130859375	(16.6s)
epoch: 17	train loss: 21830.498046875	(16.6s)
epoch: 18	train loss: 22103.6015625	(16.7s)
epoch: 19	train loss: 21506.943359375	(16.6s)
epoch: 20	train loss: 21226.73828125	(16.6s)
epoch: 21	train loss: 20721.53515625	(16.6s)
epoch: 22	train loss: 20327.517578125	(16.6s)
epoch: 23	train loss: 22099.0078125	(16.7s)
epoch: 24	train loss: 20119.4609375	(16.6s)
epoch: 25	train loss: 19612.861328125	(16.6s)
epoch: 26	train loss: 19228.439453125	(16.5s)
epoch: 27	train loss: 19180.203125	(16.5s)
epoch: 28	train loss: 18819.88671875	(16.6s)
epoch: 29	train loss: 18832.427734375	(16.5s)
epoch: 30	train loss: 18724.2734375	(16.5s)
epoch: 31	train loss: 18871.53125	(16.6s)
epoch: 32	train loss: 18594.79296875	(16.6s)
epoch: 33	train loss: 19193.98828125	(16.6s)
epoch: 34	train loss: 18043.07421875	(16.7s)
epoch: 35	train loss: 17708.666015625	(16.6s)
epoch: 36	train loss: 17680.72265625	(16.6s)
epoch: 37	train loss: 17310.857421875	(16.6s)
epoch: 38	train loss: 17617.990234375	(16.6s)
epoch: 39	train loss: 17226.92578125	(16.7s)
epoch: 40	train loss: 17095.208984375	(16.6s)
epoch: 41	train loss: 16935.560546875	(16.6s)
epoch: 42	train loss: 16554.19921875	(16.6s)
epoch: 43	train loss: 18716.810546875	(16.6s)
epoch: 44	train loss: 19231.994140625	(16.6s)
epoch: 45	train loss: 16755.755859375	(16.6s)
epoch: 46	train loss: 16418.080078125	(16.6s)
epoch: 47	train loss: 16046.19921875	(16.6s)
epoch: 48	train loss: 16229.2197265625	(16.6s)
epoch: 49	train loss: 15781.140625	(16.6s)
epoch: 50	train loss: 15792.21875	(16.6s)
epoch: 51	train loss: 16051.5380859375	(16.6s)
epoch: 52	train loss: 16920.703125	(16.6s)
epoch: 53	train loss: 16034.361328125	(16.6s)
epoch: 54	train loss: 16356.4521484375	(16.6s)
epoch: 55	train loss: 16355.775390625	(16.6s)
epoch: 56	train loss: 16312.9541015625	(16.6s)
epoch: 57	train loss: 16459.248046875	(16.6s)
epoch: 58	train loss: 16065.712890625	(16.6s)
epoch: 59	train loss: 16183.802734375	(16.6s)
epoch: 60	train loss: 15418.7529296875	(16.7s)
epoch: 61	train loss: 16011.080078125	(16.6s)
epoch: 62	train loss: 15401.103515625	(16.6s)
epoch: 63	train loss: 14936.30859375	(16.6s)
epoch: 64	train loss: 14843.0263671875	(16.6s)
epoch: 65	train loss: 14596.6904296875	(16.7s)
epoch: 66	train loss: 14719.1767578125	(16.6s)
epoch: 67	train loss: 14598.5908203125	(16.6s)
epoch: 68	train loss: 14316.93359375	(16.6s)
epoch: 69	train loss: 13905.7060546875	(16.6s)
epoch: 70	train loss: 13801.611328125	(16.6s)
epoch: 71	train loss: 15621.2275390625	(16.6s)
epoch: 72	train loss: 14172.1220703125	(16.6s)
epoch: 73	train loss: 13711.0517578125	(16.6s)
epoch: 74	train loss: 13628.068359375	(16.6s)
epoch: 75	train loss: 13524.8037109375	(16.6s)
epoch: 76	train loss: 13692.6650390625	(16.6s)
epoch: 77	train loss: 13354.5947265625	(16.6s)
epoch: 78	train loss: 13588.8271484375	(16.6s)
epoch: 79	train loss: 13670.048828125	(16.6s)
epoch: 80	train loss: 13677.9111328125	(16.6s)
epoch: 81	train loss: 15442.349609375	(16.6s)
epoch: 82	train loss: 13941.037109375	(16.6s)
epoch: 83	train loss: 15062.3271484375	(16.6s)
epoch: 84	train loss: 13710.41796875	(16.5s)
epoch: 85	train loss: 13267.228515625	(16.5s)
epoch: 86	train loss: 13313.9365234375	(16.6s)
epoch: 87	train loss: 12960.462890625	(16.5s)
epoch: 88	train loss: 12910.1162109375	(16.5s)
epoch: 89	train loss: 13024.8310546875	(16.5s)
epoch: 90	train loss: 12942.169921875	(16.6s)
epoch: 91	train loss: 13014.8720703125	(16.7s)
epoch: 92	train loss: 12642.6669921875	(16.6s)
epoch: 93	train loss: 12361.58984375	(16.6s)
epoch: 94	train loss: 13218.86328125	(16.6s)
epoch: 95	train loss: 13508.72265625	(16.6s)
epoch: 96	train loss: 12691.4482421875	(16.6s)
epoch: 97	train loss: 12318.2861328125	(16.6s)
epoch: 98	train loss: 12184.9697265625	(16.6s)
epoch: 99	train loss: 12206.9677734375	(16.6s)
Evaluating model on 200 episodes
Solved 39/200 episodes
Evaluated model in 17.7 seconds
Saved model for run
9207dbcc16f44e27bd2876dde1124156 with name round-3
Round 4
Generated trajectories in 72.1 seconds
epoch: 0	train loss: 41875.01171875	(16.4s)
epoch: 1	train loss: 33961.703125	(16.4s)
epoch: 2	train loss: 30918.28125	(16.6s)
epoch: 3	train loss: 28843.03125	(16.7s)
epoch: 4	train loss: 27350.0390625	(16.6s)
epoch: 5	train loss: 26084.259765625	(16.6s)
epoch: 6	train loss: 25523.11328125	(16.6s)
epoch: 7	train loss: 24366.2734375	(16.6s)
epoch: 8	train loss: 23719.203125	(16.7s)
epoch: 9	train loss: 23198.091796875	(16.6s)
epoch: 10	train loss: 22518.205078125	(16.6s)
epoch: 11	train loss: 22014.62109375	(16.6s)
epoch: 12	train loss: 22751.966796875	(16.6s)
epoch: 13	train loss: 21379.869140625	(16.6s)
epoch: 14	train loss: 20895.416015625	(16.7s)
epoch: 15	train loss: 20745.634765625	(16.6s)
epoch: 16	train loss: 20706.2890625	(16.7s)
epoch: 17	train loss: 20553.486328125	(16.6s)
epoch: 18	train loss: 20458.703125	(16.6s)
epoch: 19	train loss: 20282.6171875	(16.6s)
epoch: 20	train loss: 19708.65234375	(16.6s)
epoch: 21	train loss: 19206.7109375	(16.6s)
epoch: 22	train loss: 19012.548828125	(16.6s)
epoch: 23	train loss: 18516.697265625	(16.6s)
epoch: 24	train loss: 18444.896484375	(16.6s)
epoch: 25	train loss: 18161.3203125	(16.6s)
epoch: 26	train loss: 18081.068359375	(16.6s)
epoch: 27	train loss: 17872.087890625	(16.6s)
epoch: 28	train loss: 17526.904296875	(16.5s)
epoch: 29	train loss: 17723.408203125	(16.7s)
epoch: 30	train loss: 17392.70703125	(16.5s)
epoch: 31	train loss: 17443.08203125	(16.6s)
epoch: 32	train loss: 17161.97265625	(16.6s)
epoch: 33	train loss: 17128.291015625	(16.6s)
epoch: 34	train loss: 17014.548828125	(16.7s)
epoch: 35	train loss: 16861.31640625	(16.7s)
epoch: 36	train loss: 16350.1533203125	(16.5s)
epoch: 37	train loss: 16238.3359375	(16.6s)
epoch: 38	train loss: 16271.2607421875	(16.6s)
epoch: 39	train loss: 15874.5439453125	(16.5s)
epoch: 40	train loss: 15602.3349609375	(16.6s)
epoch: 41	train loss: 15643.8427734375	(16.5s)
epoch: 42	train loss: 16104.150390625	(16.6s)
epoch: 43	train loss: 17365.130859375	(16.6s)
epoch: 44	train loss: 16390.400390625	(16.6s)
epoch: 45	train loss: 15553.06640625	(16.7s)
epoch: 46	train loss: 15328.0625	(16.6s)
epoch: 47	train loss: 15632.8330078125	(16.6s)
epoch: 48	train loss: 15621.060546875	(16.6s)
epoch: 49	train loss: 15257.8505859375	(16.6s)
epoch: 50	train loss: 15242.59765625	(16.7s)
epoch: 51	train loss: 14834.1337890625	(16.6s)
epoch: 52	train loss: 14762.158203125	(16.6s)
epoch: 53	train loss: 15009.6708984375	(16.6s)
epoch: 54	train loss: 15471.7294921875	(16.6s)
epoch: 55	train loss: 15338.634765625	(16.6s)
epoch: 56	train loss: 15089.34375	(16.6s)
epoch: 57	train loss: 14503.9814453125	(16.6s)
epoch: 58	train loss: 14813.7880859375	(16.6s)
epoch: 59	train loss: 14925.5146484375	(16.6s)
epoch: 60	train loss: 14827.0166015625	(16.6s)
epoch: 61	train loss: 14759.2041015625	(16.7s)
epoch: 62	train loss: 15027.482421875	(16.6s)
epoch: 63	train loss: 15610.4052734375	(16.6s)
epoch: 64	train loss: 16024.5791015625	(16.6s)
epoch: 65	train loss: 14623.3984375	(16.6s)
epoch: 66	train loss: 14142.23828125	(16.7s)
epoch: 67	train loss: 14393.1328125	(16.6s)
epoch: 68	train loss: 13967.138671875	(16.6s)
epoch: 69	train loss: 14008.55859375	(16.6s)
epoch: 70	train loss: 13960.611328125	(16.7s)
epoch: 71	train loss: 14393.5341796875	(16.7s)
epoch: 72	train loss: 14111.0166015625	(16.6s)
epoch: 73	train loss: 13738.8056640625	(16.6s)
epoch: 74	train loss: 13942.619140625	(16.6s)
epoch: 75	train loss: 13726.4560546875	(16.6s)
epoch: 76	train loss: 13653.287109375	(16.6s)
epoch: 77	train loss: 13482.1787109375	(16.6s)
epoch: 78	train loss: 13582.4189453125	(16.6s)
epoch: 79	train loss: 13513.53515625	(16.6s)
epoch: 80	train loss: 13295.998046875	(16.6s)
epoch: 81	train loss: 13226.0966796875	(16.7s)
epoch: 82	train loss: 13355.9267578125	(16.6s)
epoch: 83	train loss: 13571.490234375	(16.6s)
epoch: 84	train loss: 13019.669921875	(16.6s)
epoch: 85	train loss: 12749.6962890625	(16.6s)
epoch: 86	train loss: 14616.5068359375	(16.6s)
epoch: 87	train loss: 12775.2685546875	(16.7s)
epoch: 88	train loss: 12270.1005859375	(16.6s)
epoch: 89	train loss: 11980.0048828125	(16.7s)
epoch: 90	train loss: 12359.7275390625	(16.6s)
epoch: 91	train loss: 12095.6787109375	(16.6s)
epoch: 92	train loss: 12221.681640625	(16.7s)
epoch: 93	train loss: 12075.3193359375	(16.6s)
epoch: 94	train loss: 12341.421875	(16.7s)
epoch: 95	train loss: 12138.5166015625	(16.6s)
epoch: 96	train loss: 13432.931640625	(16.5s)
epoch: 97	train loss: 12927.921875	(16.5s)
epoch: 98	train loss: 11905.40625	(16.4s)
epoch: 99	train loss: 11614.3310546875	(16.4s)
Evaluating model on 200 episodes
Solved 40/200 episodes
Evaluated model in 19.6 seconds
Saved model for run
9207dbcc16f44e27bd2876dde1124156 with name round-4
Round 5
Generated trajectories in 70.9 seconds
epoch: 0	train loss: 39710.109375	(16.3s)
epoch: 1	train loss: 32871.04296875	(16.3s)
epoch: 2	train loss: 29540.357421875	(16.4s)
epoch: 3	train loss: 27281.91015625	(16.3s)
epoch: 4	train loss: 26001.029296875	(16.5s)
epoch: 5	train loss: 25077.033203125	(16.4s)
epoch: 6	train loss: 24165.798828125	(16.4s)
epoch: 7	train loss: 23512.11328125	(16.3s)
epoch: 8	train loss: 23076.259765625	(16.3s)
epoch: 9	train loss: 22327.951171875	(16.4s)
epoch: 10	train loss: 21665.205078125	(16.4s)
epoch: 11	train loss: 21105.181640625	(16.3s)
epoch: 12	train loss: 20832.533203125	(16.4s)
epoch: 13	train loss: 21102.7890625	(16.4s)
epoch: 14	train loss: 20457.7578125	(16.4s)
epoch: 15	train loss: 20311.048828125	(16.5s)
epoch: 16	train loss: 20825.564453125	(16.4s)
epoch: 17	train loss: 19535.10546875	(16.5s)
epoch: 18	train loss: 19300.7109375	(16.4s)
epoch: 19	train loss: 19514.453125	(16.4s)
epoch: 20	train loss: 18780.12109375	(16.5s)
epoch: 21	train loss: 18889.466796875	(16.4s)
epoch: 22	train loss: 18551.505859375	(16.5s)
epoch: 23	train loss: 18290.375	(16.3s)
epoch: 24	train loss: 18071.716796875	(16.5s)
epoch: 25	train loss: 17872.904296875	(16.4s)
epoch: 26	train loss: 17461.826171875	(16.5s)
epoch: 27	train loss: 17394.744140625	(16.4s)
epoch: 28	train loss: 16959.287109375	(16.4s)
epoch: 29	train loss: 17218.171875	(16.4s)
epoch: 30	train loss: 16649.3125	(16.5s)
epoch: 31	train loss: 16599.357421875	(16.4s)
epoch: 32	train loss: 16508.224609375	(16.4s)
epoch: 33	train loss: 16173.6298828125	(16.5s)
epoch: 34	train loss: 16334.9755859375	(16.4s)
epoch: 35	train loss: 16185.1630859375	(16.4s)
epoch: 36	train loss: 16077.4130859375	(16.4s)
epoch: 37	train loss: 15968.3466796875	(16.5s)
epoch: 38	train loss: 15786.712890625	(16.5s)
epoch: 39	train loss: 15948.7421875	(16.4s)
epoch: 40	train loss: 15710.1435546875	(16.4s)
epoch: 41	train loss: 15681.748046875	(16.5s)
epoch: 42	train loss: 15237.9814453125	(16.3s)
epoch: 43	train loss: 15660.3076171875	(16.4s)
epoch: 44	train loss: 15251.484375	(16.3s)
epoch: 45	train loss: 14802.9404296875	(16.4s)
epoch: 46	train loss: 15237.279296875	(16.4s)
epoch: 47	train loss: 14957.2822265625	(16.4s)
epoch: 48	train loss: 15361.646484375	(16.4s)
epoch: 49	train loss: 14989.5380859375	(16.4s)
epoch: 50	train loss: 14342.8076171875	(16.3s)
epoch: 51	train loss: 14455.8779296875	(16.4s)
epoch: 52	train loss: 14537.171875	(16.5s)
epoch: 53	train loss: 14328.5146484375	(16.4s)
epoch: 54	train loss: 14018.826171875	(16.4s)
epoch: 55	train loss: 13785.041015625	(16.4s)
epoch: 56	train loss: 14207.52734375	(16.3s)
epoch: 57	train loss: 13958.42578125	(16.5s)
epoch: 58	train loss: 14177.09765625	(16.3s)
epoch: 59	train loss: 13535.3349609375	(16.4s)
epoch: 60	train loss: 13420.501953125	(16.3s)
epoch: 61	train loss: 13230.736328125	(16.3s)
epoch: 62	train loss: 13419.392578125	(16.5s)
epoch: 63	train loss: 13024.6025390625	(16.3s)
epoch: 64	train loss: 13459.802734375	(16.4s)
epoch: 65	train loss: 13307.248046875	(16.3s)
epoch: 66	train loss: 13348.3037109375	(16.3s)
epoch: 67	train loss: 13441.0234375	(16.5s)
epoch: 68	train loss: 12717.0380859375	(16.4s)
epoch: 69	train loss: 12744.0703125	(16.4s)
epoch: 70	train loss: 13251.8759765625	(16.3s)
epoch: 71	train loss: 12574.9375	(16.3s)
epoch: 72	train loss: 12795.30078125	(16.4s)
epoch: 73	train loss: 12829.9814453125	(16.5s)
epoch: 74	train loss: 12604.90234375	(16.3s)
epoch: 75	train loss: 12298.5712890625	(16.4s)
epoch: 76	train loss: 14069.41796875	(16.3s)
epoch: 77	train loss: 12261.9296875	(16.4s)
epoch: 78	train loss: 12043.654296875	(16.5s)
epoch: 79	train loss: 12564.587890625	(16.3s)
epoch: 80	train loss: 11927.912109375	(16.4s)
epoch: 81	train loss: 11901.466796875	(16.4s)
epoch: 82	train loss: 12778.130859375	(16.4s)
epoch: 83	train loss: 12845.130859375	(16.4s)
epoch: 84	train loss: 12112.83203125	(16.5s)
epoch: 85	train loss: 11678.228515625	(16.4s)
epoch: 86	train loss: 11688.41015625	(16.4s)
epoch: 87	train loss: 11647.0126953125	(16.4s)
epoch: 88	train loss: 11997.126953125	(16.5s)
epoch: 89	train loss: 11618.2919921875	(16.4s)
epoch: 90	train loss: 11947.4140625	(16.4s)
epoch: 91	train loss: 11360.43359375	(16.4s)
epoch: 92	train loss: 11393.85546875	(16.3s)
epoch: 93	train loss: 11880.5751953125	(16.4s)
epoch: 94	train loss: 11957.03515625	(16.4s)
epoch: 95	train loss: 11497.447265625	(16.4s)
epoch: 96	train loss: 11841.568359375	(16.3s)
epoch: 97	train loss: 11430.765625	(16.4s)
epoch: 98	train loss: 11377.05078125	(16.3s)
epoch: 99	train loss: 11905.7529296875	(16.3s)
Evaluating model on 200 episodes
Solved 52/200 episodes
Evaluated model in 21.6 seconds
Saved model for run
9207dbcc16f44e27bd2876dde1124156 with name round-5
Round 6
Generated trajectories in 71.4 seconds
epoch: 0	train loss: 38788.69140625	(16.4s)
epoch: 1	train loss: 32525.517578125	(16.3s)
epoch: 2	train loss: 29413.5390625	(16.4s)
epoch: 3	train loss: 27414.61328125	(16.5s)
epoch: 4	train loss: 25985.486328125	(16.4s)
epoch: 5	train loss: 24743.328125	(16.5s)
epoch: 6	train loss: 23907.529296875	(16.5s)
epoch: 7	train loss: 23390.53515625	(16.5s)
epoch: 8	train loss: 23115.123046875	(16.5s)
epoch: 9	train loss: 23667.7734375	(16.5s)
epoch: 10	train loss: 22023.080078125	(16.5s)
epoch: 11	train loss: 21425.767578125	(16.5s)
epoch: 12	train loss: 21141.404296875	(16.5s)
epoch: 13	train loss: 20593.67578125	(16.5s)
epoch: 14	train loss: 20333.494140625	(16.5s)
epoch: 15	train loss: 20161.6015625	(16.5s)
epoch: 16	train loss: 20133.599609375	(16.5s)
epoch: 17	train loss: 20066.779296875	(16.5s)
epoch: 18	train loss: 19567.365234375	(16.5s)
epoch: 19	train loss: 19522.541015625	(16.5s)
epoch: 20	train loss: 19485.306640625	(16.5s)
epoch: 21	train loss: 18949.13671875	(16.5s)
epoch: 22	train loss: 18718.869140625	(16.5s)
epoch: 23	train loss: 18462.564453125	(16.5s)
epoch: 24	train loss: 18276.16015625	(16.5s)
epoch: 25	train loss: 18156.349609375	(16.5s)
epoch: 26	train loss: 17851.244140625	(16.5s)
epoch: 27	train loss: 17494.392578125	(16.5s)
epoch: 28	train loss: 17348.16796875	(16.5s)
epoch: 29	train loss: 17168.890625	(16.5s)
epoch: 30	train loss: 17533.072265625	(16.4s)
epoch: 31	train loss: 17151.740234375	(16.5s)
epoch: 32	train loss: 16917.880859375	(16.5s)
epoch: 33	train loss: 17471.91015625	(16.5s)
epoch: 34	train loss: 16856.91796875	(16.5s)
epoch: 35	train loss: 16576.6171875	(16.5s)
epoch: 36	train loss: 16851.189453125	(16.5s)
epoch: 37	train loss: 16969.556640625	(16.5s)
epoch: 38	train loss: 16195.9521484375	(16.5s)
epoch: 39	train loss: 16105.1865234375	(16.5s)
epoch: 40	train loss: 16260.232421875	(16.5s)
epoch: 41	train loss: 16331.26953125	(16.5s)
epoch: 42	train loss: 15969.9677734375	(16.5s)
epoch: 43	train loss: 16030.8603515625	(16.5s)
epoch: 44	train loss: 16375.3662109375	(16.5s)
epoch: 45	train loss: 16358.75390625	(16.5s)
epoch: 46	train loss: 15670.4404296875	(16.5s)
epoch: 47	train loss: 15459.0986328125	(16.5s)
epoch: 48	train loss: 15028.15234375	(16.5s)
epoch: 49	train loss: 14982.6533203125	(16.5s)
epoch: 50	train loss: 14633.099609375	(16.5s)
epoch: 51	train loss: 14458.0009765625	(16.5s)
epoch: 52	train loss: 14583.791015625	(16.5s)
epoch: 53	train loss: 14253.2412109375	(16.4s)
epoch: 54	train loss: 14436.013671875	(16.5s)
epoch: 55	train loss: 14719.4599609375	(16.5s)
epoch: 56	train loss: 14040.625	(16.5s)
epoch: 57	train loss: 14117.8427734375	(16.5s)
epoch: 58	train loss: 14397.2333984375	(16.5s)
epoch: 59	train loss: 14330.8154296875	(16.5s)
epoch: 60	train loss: 13972.8984375	(16.5s)
epoch: 61	train loss: 13838.171875	(16.5s)
epoch: 62	train loss: 13714.8291015625	(16.5s)
epoch: 63	train loss: 13517.3291015625	(16.5s)
epoch: 64	train loss: 13318.244140625	(16.5s)
epoch: 65	train loss: 13418.064453125	(16.5s)
epoch: 66	train loss: 14185.0498046875	(16.5s)
epoch: 67	train loss: 13946.869140625	(16.5s)
epoch: 68	train loss: 13952.6435546875	(16.5s)
epoch: 69	train loss: 13391.83203125	(16.5s)
epoch: 70	train loss: 13282.7412109375	(16.5s)
epoch: 71	train loss: 13644.392578125	(16.5s)
epoch: 72	train loss: 13978.6318359375	(16.5s)
epoch: 73	train loss: 13985.375	(16.5s)
epoch: 74	train loss: 13057.5244140625	(16.5s)
epoch: 75	train loss: 12838.2890625	(16.5s)
epoch: 76	train loss: 12956.14453125	(16.5s)
epoch: 77	train loss: 12596.2705078125	(16.5s)
epoch: 78	train loss: 12580.40234375	(16.5s)
epoch: 79	train loss: 12478.1455078125	(16.5s)
epoch: 80	train loss: 12571.7294921875	(16.5s)
epoch: 81	train loss: 12930.1689453125	(16.5s)
epoch: 82	train loss: 14459.486328125	(16.5s)
epoch: 83	train loss: 12837.30859375	(16.5s)
epoch: 84	train loss: 12317.693359375	(16.5s)
epoch: 85	train loss: 12084.134765625	(16.5s)
epoch: 86	train loss: 12240.7900390625	(16.5s)
epoch: 87	train loss: 12355.00390625	(16.5s)
epoch: 88	train loss: 11895.548828125	(16.5s)
epoch: 89	train loss: 13026.8291015625	(16.5s)
epoch: 90	train loss: 12810.76953125	(16.5s)
epoch: 91	train loss: 12021.4267578125	(16.5s)
epoch: 92	train loss: 12338.8671875	(16.5s)
epoch: 93	train loss: 12914.814453125	(16.4s)
epoch: 94	train loss: 12455.1376953125	(16.5s)
epoch: 95	train loss: 12541.1005859375	(16.4s)
epoch: 96	train loss: 12078.50390625	(16.4s)
epoch: 97	train loss: 11990.09765625	(16.3s)
epoch: 98	train loss: 11798.287109375	(16.3s)
epoch: 99	train loss: 12038.294921875	(16.4s)
Evaluating model on 200 episodes
Solved 53/200 episodes
Evaluated model in 21.1 seconds
Saved model for run
9207dbcc16f44e27bd2876dde1124156 with name round-6
Round 7
Generated trajectories in 71.9 seconds
epoch: 0	train loss: 40095.23828125	(16.5s)
epoch: 1	train loss: 33044.94140625	(16.5s)
epoch: 2	train loss: 29800.150390625	(16.5s)
epoch: 3	train loss: 27714.396484375	(16.5s)
epoch: 4	train loss: 26214.8828125	(16.5s)
epoch: 5	train loss: 25132.724609375	(16.5s)
epoch: 6	train loss: 24422.169921875	(16.6s)
epoch: 7	train loss: 23784.177734375	(16.5s)
epoch: 8	train loss: 22865.35546875	(16.5s)
epoch: 9	train loss: 22482.66796875	(16.5s)
epoch: 10	train loss: 22027.48046875	(16.5s)
epoch: 11	train loss: 21806.517578125	(16.6s)
epoch: 12	train loss: 20932.275390625	(16.5s)
epoch: 13	train loss: 20729.15625	(16.6s)
epoch: 14	train loss: 20613.26953125	(16.5s)
epoch: 15	train loss: 20013.5546875	(16.5s)
epoch: 16	train loss: 19977.783203125	(16.6s)
epoch: 17	train loss: 19713.4765625	(16.5s)
epoch: 18	train loss: 19540.337890625	(16.5s)
epoch: 19	train loss: 19112.396484375	(16.5s)
epoch: 20	train loss: 18597.61328125	(16.5s)
epoch: 21	train loss: 18585.267578125	(16.5s)
epoch: 22	train loss: 19031.3125	(16.5s)
epoch: 23	train loss: 18593.705078125	(16.5s)
epoch: 24	train loss: 18036.21875	(16.5s)
epoch: 25	train loss: 17441.10546875	(16.5s)
epoch: 26	train loss: 17406.958984375	(16.5s)
epoch: 27	train loss: 17233.623046875	(16.6s)
epoch: 28	train loss: 17578.736328125	(16.5s)
epoch: 29	train loss: 17031.00390625	(16.6s)
epoch: 30	train loss: 16869.55078125	(16.5s)
epoch: 31	train loss: 17016.068359375	(16.5s)
epoch: 32	train loss: 16439.822265625	(16.6s)
epoch: 33	train loss: 16988.1640625	(16.5s)
epoch: 34	train loss: 16802.36328125	(16.5s)
epoch: 35	train loss: 16344.17578125	(16.5s)
epoch: 36	train loss: 16353.3486328125	(16.5s)
epoch: 37	train loss: 16381.8818359375	(16.6s)
epoch: 38	train loss: 16514.396484375	(16.5s)
epoch: 39	train loss: 16073.4375	(16.6s)
epoch: 40	train loss: 15502.52734375	(16.5s)
epoch: 41	train loss: 15384.2900390625	(16.5s)
epoch: 42	train loss: 14980.51171875	(16.6s)
epoch: 43	train loss: 14770.4375	(16.5s)
epoch: 44	train loss: 14882.2509765625	(16.5s)
epoch: 45	train loss: 15533.9599609375	(16.5s)
epoch: 46	train loss: 14942.689453125	(16.5s)
epoch: 47	train loss: 14564.8701171875	(16.5s)
epoch: 48	train loss: 15026.3818359375	(16.6s)
epoch: 49	train loss: 14651.47265625	(16.5s)
epoch: 50	train loss: 14544.705078125	(16.6s)
epoch: 51	train loss: 14597.01171875	(16.5s)
epoch: 52	train loss: 14800.890625	(16.5s)
epoch: 53	train loss: 14307.388671875	(16.6s)
epoch: 54	train loss: 14644.064453125	(16.5s)
epoch: 55	train loss: 13927.82421875	(16.6s)
epoch: 56	train loss: 13642.8388671875	(16.5s)
epoch: 57	train loss: 14572.7861328125	(16.5s)
epoch: 58	train loss: 13886.7939453125	(16.6s)
epoch: 59	train loss: 13727.314453125	(16.5s)
epoch: 60	train loss: 13460.2255859375	(16.6s)
epoch: 61	train loss: 13501.7802734375	(16.6s)
epoch: 62	train loss: 13580.3115234375	(16.5s)
epoch: 63	train loss: 13352.4306640625	(16.6s)
epoch: 64	train loss: 13659.81640625	(16.5s)
epoch: 65	train loss: 13236.6728515625	(16.6s)
epoch: 66	train loss: 12994.6279296875	(16.5s)
epoch: 67	train loss: 13730.04296875	(16.5s)
epoch: 68	train loss: 13298.23046875	(16.6s)
epoch: 69	train loss: 13181.40625	(16.5s)
epoch: 70	train loss: 12885.4736328125	(16.5s)
epoch: 71	train loss: 12746.11328125	(16.6s)
epoch: 72	train loss: 13046.5888671875	(16.5s)
epoch: 73	train loss: 13213.8857421875	(16.6s)
epoch: 74	train loss: 12666.59375	(16.6s)
epoch: 75	train loss: 12759.4482421875	(16.5s)
epoch: 76	train loss: 12422.2158203125	(16.6s)
epoch: 77	train loss: 12640.173828125	(16.5s)
epoch: 78	train loss: 12887.984375	(16.5s)
epoch: 79	train loss: 12939.6630859375	(16.6s)
epoch: 80	train loss: 12703.00390625	(16.5s)
epoch: 81	train loss: 12348.513671875	(16.6s)
epoch: 82	train loss: 12121.5185546875	(16.5s)
epoch: 83	train loss: 12000.0263671875	(16.5s)
epoch: 84	train loss: 12261.818359375	(16.6s)
epoch: 85	train loss: 11994.392578125	(16.5s)
epoch: 86	train loss: 11801.103515625	(16.6s)
epoch: 87	train loss: 11947.080078125	(16.6s)
epoch: 88	train loss: 11986.103515625	(16.5s)
epoch: 89	train loss: 12402.046875	(16.6s)
epoch: 90	train loss: 11578.2421875	(16.5s)
epoch: 91	train loss: 11598.4853515625	(16.6s)
epoch: 92	train loss: 12507.7451171875	(16.5s)
epoch: 93	train loss: 11969.318359375	(16.5s)
epoch: 94	train loss: 11785.3916015625	(16.5s)
epoch: 95	train loss: 12425.380859375	(16.4s)
epoch: 96	train loss: 11933.8193359375	(16.4s)
epoch: 97	train loss: 11579.3544921875	(16.4s)
epoch: 98	train loss: 11351.3447265625	(16.4s)
epoch: 99	train loss: 11412.986328125	(16.5s)
Evaluating model on 200 episodes
Solved 47/200 episodes
Evaluated model in 18.3 seconds
Saved model for run
9207dbcc16f44e27bd2876dde1124156 with name round-7
Round 8
Generated trajectories in 71.8 seconds
epoch: 0	train loss: 38148.08203125	(16.7s)
epoch: 1	train loss: 31781.96484375	(16.5s)
epoch: 2	train loss: 28592.490234375	(16.5s)
epoch: 3	train loss: 26726.240234375	(16.5s)
epoch: 4	train loss: 25191.544921875	(16.5s)
epoch: 5	train loss: 24215.607421875	(16.5s)
epoch: 6	train loss: 23313.66796875	(16.5s)
epoch: 7	train loss: 22820.712890625	(16.6s)
epoch: 8	train loss: 22046.701171875	(16.5s)
epoch: 9	train loss: 21524.587890625	(16.5s)
epoch: 10	train loss: 21411.033203125	(16.5s)
epoch: 11	train loss: 20978.560546875	(16.5s)
epoch: 12	train loss: 20425.46875	(16.6s)
epoch: 13	train loss: 20049.439453125	(16.5s)
epoch: 14	train loss: 19936.51953125	(16.6s)
epoch: 15	train loss: 19226.0546875	(16.5s)
epoch: 16	train loss: 18715.32421875	(16.5s)
epoch: 17	train loss: 19375.890625	(16.6s)
epoch: 18	train loss: 18630.806640625	(16.5s)
epoch: 19	train loss: 18393.548828125	(16.5s)
epoch: 20	train loss: 18458.060546875	(16.5s)
epoch: 21	train loss: 18181.70703125	(16.5s)
epoch: 22	train loss: 18040.0546875	(16.6s)
epoch: 23	train loss: 17758.828125	(16.5s)
epoch: 24	train loss: 17241.359375	(16.5s)
epoch: 25	train loss: 17011.853515625	(16.5s)
epoch: 26	train loss: 17057.041015625	(16.5s)
epoch: 27	train loss: 17010.39453125	(16.6s)
epoch: 28	train loss: 16808.798828125	(16.5s)
epoch: 29	train loss: 16530.08203125	(16.5s)
epoch: 30	train loss: 16263.2734375	(16.5s)
epoch: 31	train loss: 16110.6865234375	(16.5s)
epoch: 32	train loss: 16187.57421875	(16.6s)
epoch: 33	train loss: 15894.85546875	(16.6s)
epoch: 34	train loss: 15881.1904296875	(16.5s)
epoch: 35	train loss: 15600.193359375	(16.5s)
epoch: 36	train loss: 15520.8837890625	(16.5s)
epoch: 37	train loss: 15348.3427734375	(16.5s)
epoch: 38	train loss: 15314.41796875	(16.6s)
epoch: 39	train loss: 16020.21484375	(16.5s)
epoch: 40	train loss: 15390.126953125	(16.5s)
epoch: 41	train loss: 14752.876953125	(16.5s)
epoch: 42	train loss: 14810.8896484375	(16.5s)
epoch: 43	train loss: 14897.3173828125	(16.6s)
epoch: 44	train loss: 14892.5390625	(16.5s)
epoch: 45	train loss: 14335.9951171875	(16.5s)
epoch: 46	train loss: 14811.76171875	(16.5s)
epoch: 47	train loss: 14923.5908203125	(16.5s)
epoch: 48	train loss: 14087.0966796875	(16.6s)
epoch: 49	train loss: 14187.919921875	(16.5s)
epoch: 50	train loss: 13953.7099609375	(16.5s)
epoch: 51	train loss: 13725.3623046875	(16.5s)
epoch: 52	train loss: 13348.1181640625	(16.5s)
epoch: 53	train loss: 13497.693359375	(16.6s)
epoch: 54	train loss: 13502.7001953125	(16.5s)
epoch: 55	train loss: 13578.76171875	(16.5s)
epoch: 56	train loss: 13429.978515625	(16.5s)
epoch: 57	train loss: 13074.8642578125	(16.5s)
epoch: 58	train loss: 13164.78515625	(16.5s)
epoch: 59	train loss: 13486.1123046875	(16.6s)
epoch: 60	train loss: 13391.2998046875	(16.5s)
epoch: 61	train loss: 13132.9365234375	(16.5s)
epoch: 62	train loss: 13167.826171875	(16.5s)
epoch: 63	train loss: 12666.6474609375	(16.5s)
epoch: 64	train loss: 12750.6591796875	(16.6s)
epoch: 65	train loss: 13474.1826171875	(16.5s)
epoch: 66	train loss: 12925.5849609375	(16.5s)
epoch: 67	train loss: 12621.5126953125	(16.5s)
epoch: 68	train loss: 12524.7646484375	(16.5s)
epoch: 69	train loss: 12471.017578125	(16.6s)
epoch: 70	train loss: 12407.10546875	(16.5s)
epoch: 71	train loss: 12495.205078125	(16.5s)
epoch: 72	train loss: 12521.96484375	(16.5s)
epoch: 73	train loss: 12290.9140625	(16.5s)
epoch: 74	train loss: 12261.72265625	(16.6s)
epoch: 75	train loss: 12165.48828125	(16.5s)
epoch: 76	train loss: 12916.5390625	(16.5s)
epoch: 77	train loss: 12153.685546875	(16.5s)
epoch: 78	train loss: 11824.390625	(16.5s)
epoch: 79	train loss: 11245.7041015625	(16.6s)
epoch: 80	train loss: 11771.8349609375	(16.5s)
epoch: 81	train loss: 12371.408203125	(16.5s)
epoch: 82	train loss: 12141.267578125	(16.5s)
epoch: 83	train loss: 12467.0	(16.5s)
epoch: 84	train loss: 11734.1279296875	(16.5s)
epoch: 85	train loss: 11629.6337890625	(16.6s)
epoch: 86	train loss: 11445.3125	(16.5s)
epoch: 87	train loss: 11468.5693359375	(16.5s)
epoch: 88	train loss: 11661.1416015625	(16.5s)
epoch: 89	train loss: 11526.7900390625	(16.5s)
epoch: 90	train loss: 11565.2392578125	(16.5s)
epoch: 91	train loss: 11368.9150390625	(16.4s)
epoch: 92	train loss: 11545.7578125	(16.4s)
epoch: 93	train loss: 11489.2431640625	(16.4s)
epoch: 94	train loss: 10993.1494140625	(16.4s)
epoch: 95	train loss: 10936.4228515625	(16.4s)
epoch: 96	train loss: 10874.8095703125	(16.4s)
epoch: 97	train loss: 10962.701171875	(16.4s)
epoch: 98	train loss: 11293.0048828125	(16.4s)
epoch: 99	train loss: 11045.19140625	(16.4s)
Evaluating model on 200 episodes
Solved 52/200 episodes
Evaluated model in 20.3 seconds
Saved model for run
9207dbcc16f44e27bd2876dde1124156 with name round-8
Round 9
Generated trajectories in 71.7 seconds
epoch: 0	train loss: 36916.08203125	(16.4s)
epoch: 1	train loss: 31027.615234375	(16.5s)
epoch: 2	train loss: 27906.419921875	(16.5s)
epoch: 3	train loss: 26106.154296875	(16.5s)
epoch: 4	train loss: 24858.400390625	(16.5s)
epoch: 5	train loss: 23708.623046875	(16.5s)
epoch: 6	train loss: 22952.49609375	(16.5s)
epoch: 7	train loss: 22450.5078125	(16.6s)
epoch: 8	train loss: 21730.921875	(16.5s)
epoch: 9	train loss: 21043.6796875	(16.5s)
epoch: 10	train loss: 20619.41015625	(16.5s)
epoch: 11	train loss: 20570.005859375	(16.5s)
epoch: 12	train loss: 20195.287109375	(16.6s)
epoch: 13	train loss: 19439.369140625	(16.5s)
epoch: 14	train loss: 18972.67578125	(16.5s)
epoch: 15	train loss: 18797.171875	(16.5s)
epoch: 16	train loss: 18498.611328125	(16.5s)
epoch: 17	train loss: 18531.291015625	(16.5s)
epoch: 18	train loss: 18324.55078125	(16.5s)
epoch: 19	train loss: 17899.533203125	(16.5s)
epoch: 20	train loss: 18270.900390625	(16.5s)
epoch: 21	train loss: 17902.541015625	(16.5s)
epoch: 22	train loss: 17243.63671875	(16.5s)
epoch: 23	train loss: 16956.0234375	(16.6s)
epoch: 24	train loss: 16545.408203125	(16.5s)
epoch: 25	train loss: 16940.9609375	(16.5s)
epoch: 26	train loss: 16639.240234375	(16.6s)
epoch: 27	train loss: 16547.240234375	(16.5s)
epoch: 28	train loss: 16394.35546875	(16.6s)
epoch: 29	train loss: 15765.099609375	(16.5s)
epoch: 30	train loss: 15734.4921875	(16.5s)
epoch: 31	train loss: 15563.205078125	(16.5s)
epoch: 32	train loss: 15337.28515625	(16.5s)
epoch: 33	train loss: 15207.7236328125	(16.6s)
epoch: 34	train loss: 15181.591796875	(16.5s)
epoch: 35	train loss: 15372.90234375	(16.5s)
epoch: 36	train loss: 15567.9248046875	(16.5s)
epoch: 37	train loss: 14655.798828125	(16.5s)
epoch: 38	train loss: 14449.9521484375	(16.6s)
epoch: 39	train loss: 14627.390625	(16.5s)
epoch: 40	train loss: 14398.357421875	(16.5s)
epoch: 41	train loss: 14576.62109375	(16.5s)
epoch: 42	train loss: 14567.8310546875	(16.5s)
epoch: 43	train loss: 13868.4677734375	(16.6s)
epoch: 44	train loss: 14047.69140625	(16.5s)
epoch: 45	train loss: 13923.689453125	(16.5s)
epoch: 46	train loss: 14300.3037109375	(16.5s)
epoch: 47	train loss: 13803.5458984375	(16.5s)
epoch: 48	train loss: 13492.15625	(16.5s)
epoch: 49	train loss: 13395.1357421875	(16.6s)
epoch: 50	train loss: 13365.681640625	(16.5s)
epoch: 51	train loss: 13029.30078125	(16.6s)
epoch: 52	train loss: 13266.373046875	(16.5s)
epoch: 53	train loss: 13440.716796875	(16.5s)
epoch: 54	train loss: 13354.0615234375	(16.6s)
epoch: 55	train loss: 13313.3330078125	(16.5s)
epoch: 56	train loss: 12953.181640625	(16.5s)
epoch: 57	train loss: 12728.921875	(16.5s)
epoch: 58	train loss: 12583.9326171875	(16.5s)
epoch: 59	train loss: 12752.37890625	(16.6s)
epoch: 60	train loss: 13128.5654296875	(16.5s)
epoch: 61	train loss: 12284.59765625	(16.5s)
epoch: 62	train loss: 12623.5986328125	(16.5s)
epoch: 63	train loss: 12291.630859375	(16.5s)
epoch: 64	train loss: 12801.3642578125	(16.6s)
epoch: 65	train loss: 12404.3359375	(16.5s)
epoch: 66	train loss: 12010.1640625	(16.5s)
epoch: 67	train loss: 11898.6875	(16.5s)
epoch: 68	train loss: 11641.3603515625	(16.5s)
epoch: 69	train loss: 11573.173828125	(16.5s)
epoch: 70	train loss: 12821.5693359375	(16.5s)
epoch: 71	train loss: 11863.3466796875	(16.5s)
epoch: 72	train loss: 11933.333984375	(16.5s)
epoch: 73	train loss: 11801.26953125	(16.5s)
epoch: 74	train loss: 11434.6064453125	(16.5s)
epoch: 75	train loss: 11469.791015625	(16.6s)
epoch: 76	train loss: 11370.40234375	(16.5s)
epoch: 77	train loss: 11160.3369140625	(16.6s)
epoch: 78	train loss: 11083.560546875	(16.5s)
epoch: 79	train loss: 12310.47265625	(16.5s)
epoch: 80	train loss: 11305.5244140625	(16.6s)
epoch: 81	train loss: 11185.4365234375	(16.5s)
epoch: 82	train loss: 11166.3896484375	(16.6s)
epoch: 83	train loss: 10956.49609375	(16.5s)
epoch: 84	train loss: 10786.568359375	(16.5s)
epoch: 85	train loss: 11011.615234375	(16.6s)
epoch: 86	train loss: 11257.234375	(16.5s)
epoch: 87	train loss: 11243.615234375	(16.5s)
epoch: 88	train loss: 10518.8623046875	(16.5s)
epoch: 89	train loss: 10375.625	(16.5s)
epoch: 90	train loss: 11359.861328125	(16.5s)
epoch: 91	train loss: 10150.3369140625	(16.4s)
epoch: 92	train loss: 10619.392578125	(16.5s)
epoch: 93	train loss: 10396.4150390625	(16.4s)
epoch: 94	train loss: 10313.7119140625	(16.4s)
epoch: 95	train loss: 10384.7216796875	(16.4s)
epoch: 96	train loss: 11017.369140625	(16.4s)
epoch: 97	train loss: 10381.48046875	(16.4s)
epoch: 98	train loss: 10419.7978515625	(16.5s)
epoch: 99	train loss: 10085.39453125	(16.5s)
Evaluating model on 200 episodes
Solved 56/200 episodes
Evaluated model in 19.2 seconds
Saved model for run
9207dbcc16f44e27bd2876dde1124156 with name round-9
Round 10
Generated trajectories in 71.9 seconds
epoch: 0	train loss: 35774.1171875	(16.4s)
epoch: 1	train loss: 29601.001953125	(16.4s)
epoch: 2	train loss: 26668.34765625	(16.5s)
epoch: 3	train loss: 24949.650390625	(16.4s)
epoch: 4	train loss: 23263.5078125	(16.4s)
epoch: 5	train loss: 22322.435546875	(16.4s)
epoch: 6	train loss: 21597.677734375	(16.4s)
epoch: 7	train loss: 20916.162109375	(16.5s)
epoch: 8	train loss: 20439.255859375	(16.5s)
epoch: 9	train loss: 20174.390625	(16.4s)
epoch: 10	train loss: 19975.5234375	(16.5s)
epoch: 11	train loss: 19503.353515625	(16.4s)
epoch: 12	train loss: 19202.623046875	(16.5s)
epoch: 13	train loss: 18817.046875	(16.5s)
epoch: 14	train loss: 18414.693359375	(16.4s)
epoch: 15	train loss: 18233.6875	(16.5s)
epoch: 16	train loss: 17704.41796875	(16.4s)
epoch: 17	train loss: 17499.0	(16.4s)
epoch: 18	train loss: 17358.025390625	(16.5s)
epoch: 19	train loss: 16934.3046875	(16.4s)
epoch: 20	train loss: 17027.546875	(16.5s)
epoch: 21	train loss: 16566.3359375	(16.4s)
epoch: 22	train loss: 16456.3515625	(16.4s)
epoch: 23	train loss: 15838.6396484375	(16.5s)
epoch: 24	train loss: 15793.93359375	(16.5s)
epoch: 25	train loss: 15568.8447265625	(16.4s)
epoch: 26	train loss: 15465.5224609375	(16.4s)
epoch: 27	train loss: 15012.373046875	(16.4s)
epoch: 28	train loss: 15594.2451171875	(16.5s)
epoch: 29	train loss: 15332.1533203125	(16.5s)
epoch: 30	train loss: 15399.3525390625	(16.4s)
epoch: 31	train loss: 15059.5439453125	(16.5s)
epoch: 32	train loss: 14698.166015625	(16.4s)
epoch: 33	train loss: 14672.55078125	(16.5s)
epoch: 34	train loss: 14189.294921875	(16.5s)
epoch: 35	train loss: 13941.798828125	(16.4s)
epoch: 36	train loss: 13701.9609375	(16.5s)
epoch: 37	train loss: 13726.099609375	(16.4s)
epoch: 38	train loss: 14202.1259765625	(16.5s)
epoch: 39	train loss: 13341.7705078125	(16.5s)
epoch: 40	train loss: 13232.9365234375	(16.4s)
epoch: 41	train loss: 13724.6357421875	(16.5s)
epoch: 42	train loss: 13090.4130859375	(16.4s)
epoch: 43	train loss: 15682.724609375	(16.4s)
epoch: 44	train loss: 13669.4091796875	(16.5s)
epoch: 45	train loss: 12823.77734375	(16.4s)
epoch: 46	train loss: 12643.791015625	(16.4s)
epoch: 47	train loss: 12633.8564453125	(16.5s)
epoch: 48	train loss: 12426.294921875	(16.4s)
epoch: 49	train loss: 12621.1767578125	(16.5s)
epoch: 50	train loss: 12452.2666015625	(16.5s)
epoch: 51	train loss: 12327.876953125	(16.4s)
epoch: 52	train loss: 12419.2626953125	(16.4s)
epoch: 53	train loss: 12240.5556640625	(16.4s)
epoch: 54	train loss: 12074.974609375	(16.5s)
epoch: 55	train loss: 11852.751953125	(16.5s)
epoch: 56	train loss: 12680.5224609375	(16.4s)
epoch: 57	train loss: 12323.1865234375	(16.5s)
epoch: 58	train loss: 11769.068359375	(16.4s)
epoch: 59	train loss: 11831.2685546875	(16.5s)
epoch: 60	train loss: 11479.1884765625	(16.5s)
epoch: 61	train loss: 11676.1884765625	(16.4s)
epoch: 62	train loss: 12102.45703125	(16.5s)
epoch: 63	train loss: 11970.369140625	(16.4s)
epoch: 64	train loss: 11995.3740234375	(16.4s)
epoch: 65	train loss: 11383.484375	(16.5s)
epoch: 66	train loss: 11111.578125	(16.4s)
epoch: 67	train loss: 11953.6884765625	(16.4s)
epoch: 68	train loss: 11695.146484375	(16.4s)
epoch: 69	train loss: 11083.38671875	(16.4s)
epoch: 70	train loss: 10440.6953125	(16.5s)
epoch: 71	train loss: 10514.2568359375	(16.4s)
epoch: 72	train loss: 11010.494140625	(16.4s)
epoch: 73	train loss: 11009.9912109375	(16.4s)
epoch: 74	train loss: 10695.8671875	(16.4s)
epoch: 75	train loss: 10335.80859375	(16.5s)
epoch: 76	train loss: 10277.96875	(16.5s)
epoch: 77	train loss: 10547.84375	(16.4s)
epoch: 78	train loss: 11043.9951171875	(16.4s)
epoch: 79	train loss: 10539.73046875	(16.4s)
epoch: 80	train loss: 11424.9775390625	(16.5s)
epoch: 81	train loss: 10602.3984375	(16.5s)
epoch: 82	train loss: 11481.900390625	(16.4s)
epoch: 83	train loss: 11168.283203125	(16.4s)
epoch: 84	train loss: 9980.86328125	(16.4s)
epoch: 85	train loss: 9646.888671875	(16.4s)
epoch: 86	train loss: 9548.109375	(16.5s)
epoch: 87	train loss: 9188.7734375	(16.4s)
epoch: 88	train loss: 9442.130859375	(16.4s)
epoch: 89	train loss: 10291.4072265625	(16.3s)
epoch: 90	train loss: 9437.2431640625	(16.3s)
epoch: 91	train loss: 10536.884765625	(16.4s)
epoch: 92	train loss: 9945.931640625	(16.3s)
epoch: 93	train loss: 9550.3310546875	(16.3s)
epoch: 94	train loss: 9521.8095703125	(16.3s)
epoch: 95	train loss: 9562.171875	(16.3s)
epoch: 96	train loss: 9809.7861328125	(16.4s)
epoch: 97	train loss: 10092.84375	(16.4s)
epoch: 98	train loss: 10375.587890625	(16.4s)
epoch: 99	train loss: 9123.0986328125	(16.4s)
Evaluating model on 200 episodes
Solved 75/200 episodes
Evaluated model in 20.7 seconds
Saved model for run
9207dbcc16f44e27bd2876dde1124156 with name round-10
Round 11
Generated trajectories in 71.6 seconds
epoch: 0	train loss: 32776.4921875	(16.4s)
epoch: 1	train loss: 27278.798828125	(16.4s)
epoch: 2	train loss: 24509.375	(16.5s)
epoch: 3	train loss: 22897.9609375	(16.6s)
epoch: 4	train loss: 21764.03125	(16.6s)
epoch: 5	train loss: 20857.31640625	(16.6s)
epoch: 6	train loss: 19867.06640625	(16.6s)
epoch: 7	train loss: 19263.669921875	(16.6s)
epoch: 8	train loss: 19139.23828125	(16.6s)
epoch: 9	train loss: 18468.880859375	(16.6s)
epoch: 10	train loss: 18337.892578125	(16.6s)
epoch: 11	train loss: 18162.068359375	(16.6s)
epoch: 12	train loss: 17500.806640625	(16.6s)
epoch: 13	train loss: 16987.998046875	(16.6s)
epoch: 14	train loss: 16985.0859375	(16.6s)
epoch: 15	train loss: 17078.896484375	(16.6s)
epoch: 16	train loss: 16486.333984375	(16.6s)
epoch: 17	train loss: 16210.0849609375	(16.6s)
epoch: 18	train loss: 15961.82421875	(16.6s)
epoch: 19	train loss: 15467.9521484375	(16.6s)
epoch: 20	train loss: 15378.83984375	(16.6s)
epoch: 21	train loss: 15138.6552734375	(16.6s)
epoch: 22	train loss: 15004.0546875	(16.6s)
epoch: 23	train loss: 14453.919921875	(16.6s)
epoch: 24	train loss: 14851.1640625	(16.6s)
epoch: 25	train loss: 14266.2919921875	(16.5s)
epoch: 26	train loss: 14073.412109375	(16.6s)
epoch: 27	train loss: 14072.837890625	(16.6s)
epoch: 28	train loss: 13772.5888671875	(16.6s)
epoch: 29	train loss: 13522.060546875	(16.6s)
epoch: 30	train loss: 13353.86328125	(16.6s)
epoch: 31	train loss: 13162.462890625	(16.6s)
epoch: 32	train loss: 12855.2197265625	(16.6s)
epoch: 33	train loss: 12702.0283203125	(16.6s)
epoch: 34	train loss: 13235.5234375	(16.6s)
epoch: 35	train loss: 13210.8662109375	(16.6s)
epoch: 36	train loss: 12728.94921875	(16.6s)
epoch: 37	train loss: 12515.9326171875	(16.6s)
epoch: 38	train loss: 12081.982421875	(16.6s)
epoch: 39	train loss: 12633.568359375	(16.6s)
epoch: 40	train loss: 14734.798828125	(16.6s)
epoch: 41	train loss: 12629.38671875	(16.6s)
epoch: 42	train loss: 11961.3671875	(16.6s)
epoch: 43	train loss: 11623.1640625	(16.6s)
epoch: 44	train loss: 11900.7900390625	(16.6s)
epoch: 45	train loss: 11666.625	(16.6s)
epoch: 46	train loss: 11530.6103515625	(16.6s)
epoch: 47	train loss: 11450.48828125	(16.6s)
epoch: 48	train loss: 11189.5859375	(16.6s)
epoch: 49	train loss: 11217.41796875	(16.6s)
epoch: 50	train loss: 11693.6435546875	(16.6s)
epoch: 51	train loss: 11335.1923828125	(16.6s)
epoch: 52	train loss: 11051.5205078125	(16.6s)
epoch: 53	train loss: 10902.833984375	(16.6s)
epoch: 54	train loss: 10732.8701171875	(16.6s)
epoch: 55	train loss: 10603.927734375	(16.6s)
epoch: 56	train loss: 10809.7119140625	(16.6s)
epoch: 57	train loss: 10434.384765625	(16.6s)
epoch: 58	train loss: 10243.861328125	(16.6s)
epoch: 59	train loss: 10325.458984375	(16.6s)
epoch: 60	train loss: 10854.3955078125	(16.6s)
epoch: 61	train loss: 10331.1689453125	(16.6s)
epoch: 62	train loss: 10225.0986328125	(16.6s)
epoch: 63	train loss: 10617.7431640625	(16.6s)
epoch: 64	train loss: 10356.4326171875	(16.6s)
epoch: 65	train loss: 10550.2265625	(16.6s)
epoch: 66	train loss: 9950.716796875	(16.6s)
epoch: 67	train loss: 9930.375	(16.6s)
epoch: 68	train loss: 9895.111328125	(16.6s)
epoch: 69	train loss: 9966.951171875	(16.6s)
epoch: 70	train loss: 9720.0322265625	(16.5s)
epoch: 71	train loss: 9318.2470703125	(16.6s)
epoch: 72	train loss: 9514.8505859375	(16.6s)
epoch: 73	train loss: 10700.60546875	(16.6s)
epoch: 74	train loss: 10244.798828125	(16.6s)
epoch: 75	train loss: 9351.9326171875	(16.6s)
epoch: 76	train loss: 9071.3994140625	(16.6s)
epoch: 77	train loss: 8913.337890625	(16.6s)
epoch: 78	train loss: 8901.3662109375	(16.6s)
epoch: 79	train loss: 9429.7509765625	(16.6s)
epoch: 80	train loss: 9228.013671875	(16.5s)
epoch: 81	train loss: 8958.337890625	(16.6s)
epoch: 82	train loss: 9351.7158203125	(16.6s)
epoch: 83	train loss: 8732.892578125	(16.6s)
epoch: 84	train loss: 9078.10546875	(16.6s)
epoch: 85	train loss: 9071.60546875	(16.6s)
epoch: 86	train loss: 8563.97265625	(16.5s)
epoch: 87	train loss: 8875.1611328125	(16.6s)
epoch: 88	train loss: 9378.2919921875	(16.5s)
epoch: 89	train loss: 9069.3583984375	(16.5s)
epoch: 90	train loss: 8353.3681640625	(16.5s)
epoch: 91	train loss: 8173.7470703125	(16.4s)
epoch: 92	train loss: 8641.810546875	(16.5s)
epoch: 93	train loss: 7982.46923828125	(16.5s)
epoch: 94	train loss: 7947.83056640625	(16.5s)
epoch: 95	train loss: 8972.54296875	(16.5s)
epoch: 96	train loss: 9066.9228515625	(16.5s)
epoch: 97	train loss: 8581.669921875	(16.6s)
epoch: 98	train loss: 8972.130859375	(16.5s)
epoch: 99	train loss: 8521.75	(16.6s)
Evaluating model on 200 episodes
Solved 67/200 episodes
Evaluated model in 20.2 seconds
Saved model for run
9207dbcc16f44e27bd2876dde1124156 with name round-11
Round 12
Generated trajectories in 72.6 seconds
epoch: 0	train loss: 31574.716796875	(16.5s)
epoch: 1	train loss: 26016.19140625	(16.5s)
epoch: 2	train loss: 23343.142578125	(16.7s)
epoch: 3	train loss: 21772.435546875	(16.6s)
epoch: 4	train loss: 20933.24609375	(16.8s)
epoch: 5	train loss: 20207.044921875	(16.7s)
epoch: 6	train loss: 19202.255859375	(16.7s)
epoch: 7	train loss: 18410.673828125	(16.7s)
epoch: 8	train loss: 17942.998046875	(16.7s)
epoch: 9	train loss: 17618.54296875	(16.8s)
epoch: 10	train loss: 16872.939453125	(16.6s)
epoch: 11	train loss: 16520.9140625	(16.7s)
epoch: 12	train loss: 16358.146484375	(16.7s)
epoch: 13	train loss: 16044.76171875	(16.7s)
epoch: 14	train loss: 15492.2431640625	(16.7s)
epoch: 15	train loss: 15721.1484375	(16.6s)
epoch: 16	train loss: 15092.052734375	(16.7s)
epoch: 17	train loss: 14513.7744140625	(16.7s)
epoch: 18	train loss: 14377.578125	(16.7s)
epoch: 19	train loss: 15068.0126953125	(16.7s)
epoch: 20	train loss: 14090.6689453125	(16.8s)
epoch: 21	train loss: 14279.4931640625	(16.7s)
epoch: 22	train loss: 13600.7939453125	(16.7s)
epoch: 23	train loss: 13625.1376953125	(16.7s)
epoch: 24	train loss: 13159.0849609375	(16.7s)
epoch: 25	train loss: 12821.8447265625	(16.8s)
epoch: 26	train loss: 13127.212890625	(16.7s)
epoch: 27	train loss: 12746.5830078125	(16.7s)
epoch: 28	train loss: 12539.9736328125	(16.6s)
epoch: 29	train loss: 12570.67578125	(16.7s)
epoch: 30	train loss: 12080.107421875	(16.6s)
epoch: 31	train loss: 11883.78125	(16.7s)
epoch: 32	train loss: 12198.73828125	(16.6s)
epoch: 33	train loss: 11172.1865234375	(16.7s)
epoch: 34	train loss: 11351.9677734375	(16.7s)
epoch: 35	train loss: 11125.1943359375	(16.8s)
epoch: 36	train loss: 11046.1923828125	(16.7s)
epoch: 37	train loss: 10580.0712890625	(16.7s)
epoch: 38	train loss: 11453.1884765625	(16.7s)
epoch: 39	train loss: 10737.888671875	(16.6s)
epoch: 40	train loss: 10421.482421875	(16.7s)
epoch: 41	train loss: 10734.4599609375	(16.7s)
epoch: 42	train loss: 10590.9638671875	(16.7s)
epoch: 43	train loss: 10419.048828125	(16.7s)
epoch: 44	train loss: 10704.0634765625	(16.7s)
epoch: 45	train loss: 10597.26171875	(16.7s)
epoch: 46	train loss: 10946.0771484375	(16.7s)
epoch: 47	train loss: 10305.431640625	(16.7s)
epoch: 48	train loss: 9764.8623046875	(16.7s)
epoch: 49	train loss: 9657.869140625	(16.7s)
epoch: 50	train loss: 9871.875	(16.7s)
epoch: 51	train loss: 9361.3662109375	(16.7s)
epoch: 52	train loss: 9358.7119140625	(16.6s)
epoch: 53	train loss: 9717.3359375	(16.7s)
epoch: 54	train loss: 10195.83203125	(16.7s)
epoch: 55	train loss: 9949.9248046875	(16.7s)
epoch: 56	train loss: 9225.6474609375	(16.7s)
epoch: 57	train loss: 9252.4140625	(16.7s)
epoch: 58	train loss: 10114.375	(16.7s)
epoch: 59	train loss: 9806.001953125	(16.7s)
epoch: 60	train loss: 8607.8974609375	(16.7s)
epoch: 61	train loss: 8579.6552734375	(16.7s)
epoch: 62	train loss: 8887.83203125	(16.7s)
epoch: 63	train loss: 9317.697265625	(16.6s)
epoch: 64	train loss: 9014.435546875	(16.7s)
epoch: 65	train loss: 8681.4892578125	(16.7s)
epoch: 66	train loss: 9159.2587890625	(16.7s)
epoch: 67	train loss: 8374.73046875	(16.7s)
epoch: 68	train loss: 8346.3916015625	(16.7s)
epoch: 69	train loss: 8782.47265625	(16.6s)
epoch: 70	train loss: 8301.0830078125	(16.7s)
epoch: 71	train loss: 8340.6201171875	(16.6s)
epoch: 72	train loss: 8297.2919921875	(16.7s)
epoch: 73	train loss: 8524.7021484375	(16.7s)
epoch: 74	train loss: 8141.388671875	(16.7s)
epoch: 75	train loss: 8232.6806640625	(16.6s)
epoch: 76	train loss: 8009.9208984375	(16.7s)
epoch: 77	train loss: 8249.3896484375	(16.8s)
epoch: 78	train loss: 8306.509765625	(16.7s)
epoch: 79	train loss: 8022.10302734375	(16.7s)
epoch: 80	train loss: 9329.1669921875	(16.7s)
epoch: 81	train loss: 8239.7646484375	(16.7s)
epoch: 82	train loss: 7707.4765625	(16.8s)
epoch: 83	train loss: 7411.18603515625	(16.7s)
epoch: 84	train loss: 7280.00830078125	(16.7s)
epoch: 85	train loss: 7265.716796875	(16.6s)
epoch: 86	train loss: 7093.64404296875	(16.6s)
epoch: 87	train loss: 7495.79345703125	(16.7s)
epoch: 88	train loss: 7569.1572265625	(16.6s)
epoch: 89	train loss: 8171.845703125	(16.6s)
epoch: 90	train loss: 7534.8486328125	(16.6s)
epoch: 91	train loss: 7521.18603515625	(16.6s)
epoch: 92	train loss: 8041.607421875	(16.7s)
epoch: 93	train loss: 7005.0458984375	(16.5s)
epoch: 94	train loss: 6821.77587890625	(16.6s)
epoch: 95	train loss: 6951.20703125	(16.7s)
epoch: 96	train loss: 7009.40625	(16.7s)
epoch: 97	train loss: 6944.02783203125	(16.6s)
epoch: 98	train loss: 7178.3642578125	(16.7s)
epoch: 99	train loss: 6812.0625	(16.7s)
Evaluating model on 200 episodes
Solved 79/200 episodes
Evaluated model in 19.3 seconds
Saved model for run
9207dbcc16f44e27bd2876dde1124156 with name round-12
Round 13
Generated trajectories in 72.0 seconds
epoch: 0	train loss: 28874.990234375	(16.4s)
epoch: 1	train loss: 23215.59765625	(16.4s)
epoch: 2	train loss: 20647.880859375	(16.6s)
epoch: 3	train loss: 18975.87890625	(16.6s)
epoch: 4	train loss: 17927.703125	(16.6s)
epoch: 5	train loss: 16910.40234375	(16.6s)
epoch: 6	train loss: 15939.654296875	(16.6s)
epoch: 7	train loss: 15473.1376953125	(16.6s)
epoch: 8	train loss: 15053.11328125	(16.6s)
epoch: 9	train loss: 14317.0888671875	(16.6s)
epoch: 10	train loss: 14223.408203125	(16.6s)
epoch: 11	train loss: 13623.8251953125	(16.6s)
epoch: 12	train loss: 13069.59375	(16.6s)
epoch: 13	train loss: 13511.421875	(16.6s)
epoch: 14	train loss: 12900.6005859375	(16.6s)
epoch: 15	train loss: 12151.3388671875	(16.7s)
epoch: 16	train loss: 11702.5595703125	(16.6s)
epoch: 17	train loss: 11655.8173828125	(16.6s)
epoch: 18	train loss: 12282.0146484375	(16.6s)
epoch: 19	train loss: 11116.583984375	(16.6s)
epoch: 20	train loss: 11304.0673828125	(16.7s)
epoch: 21	train loss: 10722.654296875	(16.6s)
epoch: 22	train loss: 10459.3828125	(16.6s)
epoch: 23	train loss: 10110.7744140625	(16.6s)
epoch: 24	train loss: 10138.3916015625	(16.6s)
epoch: 25	train loss: 9998.5625	(16.7s)
epoch: 26	train loss: 9855.287109375	(16.6s)
epoch: 27	train loss: 9562.7919921875	(16.6s)
epoch: 28	train loss: 9904.7744140625	(16.6s)
epoch: 29	train loss: 10004.85546875	(16.6s)
epoch: 30	train loss: 9688.564453125	(16.7s)
epoch: 31	train loss: 9148.41015625	(16.6s)
epoch: 32	train loss: 9486.8330078125	(16.6s)
epoch: 33	train loss: 8773.6376953125	(16.6s)
epoch: 34	train loss: 8661.34375	(16.6s)
epoch: 35	train loss: 8493.4970703125	(16.6s)
epoch: 36	train loss: 8419.78125	(16.7s)
epoch: 37	train loss: 8302.244140625	(16.6s)
epoch: 38	train loss: 7969.78369140625	(16.6s)
epoch: 39	train loss: 8159.03369140625	(16.6s)
epoch: 40	train loss: 8057.07861328125	(16.6s)
epoch: 41	train loss: 8846.7890625	(16.7s)
epoch: 42	train loss: 8043.08154296875	(16.6s)
epoch: 43	train loss: 7709.57568359375	(16.6s)
epoch: 44	train loss: 7975.35791015625	(16.6s)
epoch: 45	train loss: 7423.28466796875	(16.6s)
epoch: 46	train loss: 7308.75244140625	(16.7s)
epoch: 47	train loss: 7119.5146484375	(16.6s)
epoch: 48	train loss: 7173.29345703125	(16.6s)
epoch: 49	train loss: 8018.40576171875	(16.6s)
epoch: 50	train loss: 7516.07373046875	(16.6s)
epoch: 51	train loss: 7041.3115234375	(16.7s)
epoch: 52	train loss: 7114.8916015625	(16.6s)
epoch: 53	train loss: 9371.6513671875	(16.6s)
epoch: 54	train loss: 7236.419921875	(16.6s)
epoch: 55	train loss: 6910.0810546875	(16.6s)
epoch: 56	train loss: 7113.95263671875	(16.7s)
epoch: 57	train loss: 6575.8798828125	(16.6s)
epoch: 58	train loss: 6244.40673828125	(16.6s)
epoch: 59	train loss: 6352.50390625	(16.6s)
epoch: 60	train loss: 6566.2724609375	(16.6s)
epoch: 61	train loss: 6763.98486328125	(16.6s)
epoch: 62	train loss: 6173.93359375	(16.7s)
epoch: 63	train loss: 6199.73779296875	(16.6s)
epoch: 64	train loss: 6617.2734375	(16.6s)
epoch: 65	train loss: 6064.3916015625	(16.6s)
epoch: 66	train loss: 6459.080078125	(16.6s)
epoch: 67	train loss: 6508.13818359375	(16.7s)
epoch: 68	train loss: 5901.2841796875	(16.6s)
epoch: 69	train loss: 5688.60986328125	(16.6s)
epoch: 70	train loss: 5822.35400390625	(16.6s)
epoch: 71	train loss: 6337.1279296875	(16.6s)
epoch: 72	train loss: 6319.3583984375	(16.7s)
epoch: 73	train loss: 5815.19775390625	(16.6s)
epoch: 74	train loss: 5672.98046875	(16.6s)
epoch: 75	train loss: 5652.673828125	(16.6s)
epoch: 76	train loss: 5805.80322265625	(16.6s)
epoch: 77	train loss: 6267.44580078125	(16.7s)
epoch: 78	train loss: 5653.12109375	(16.6s)
epoch: 79	train loss: 5731.0302734375	(16.6s)
epoch: 80	train loss: 5558.6064453125	(16.6s)
epoch: 81	train loss: 5159.62255859375	(16.6s)
epoch: 82	train loss: 5445.75634765625	(16.6s)
epoch: 83	train loss: 4812.55322265625	(16.6s)
epoch: 84	train loss: 5503.412109375	(16.6s)
epoch: 85	train loss: 5834.91259765625	(16.5s)
epoch: 86	train loss: 5221.13671875	(16.5s)
epoch: 87	train loss: 5160.0302734375	(16.6s)
epoch: 88	train loss: 5010.54052734375	(16.6s)
epoch: 89	train loss: 4977.7763671875	(16.5s)
epoch: 90	train loss: 5247.89453125	(16.5s)
epoch: 91	train loss: 5643.78271484375	(16.5s)
epoch: 92	train loss: 5470.95703125	(16.5s)
epoch: 93	train loss: 5060.7138671875	(16.6s)
epoch: 94	train loss: 4878.3896484375	(16.5s)
epoch: 95	train loss: 4319.78564453125	(16.6s)
epoch: 96	train loss: 4701.5146484375	(16.6s)
epoch: 97	train loss: 5087.3232421875	(16.6s)
epoch: 98	train loss: 4987.4521484375	(16.7s)
epoch: 99	train loss: 4449.78857421875	(16.6s)
Evaluating model on 200 episodes
Solved 113/200 episodes
Evaluated model in 20.5 seconds
Saved model for run
9207dbcc16f44e27bd2876dde1124156 with name round-13
Round 14
Generated trajectories in 72.9 seconds
epoch: 0	train loss: 22843.255859375	(16.6s)
epoch: 1	train loss: 17671.923828125	(16.6s)
epoch: 2	train loss: 15452.181640625	(16.7s)
epoch: 3	train loss: 13897.669921875	(16.7s)
epoch: 4	train loss: 12774.515625	(16.8s)
epoch: 5	train loss: 11919.7021484375	(16.7s)
epoch: 6	train loss: 11333.2998046875	(16.7s)
epoch: 7	train loss: 10952.95703125	(16.7s)
epoch: 8	train loss: 10324.55078125	(16.7s)
epoch: 9	train loss: 10065.7890625	(16.7s)
epoch: 10	train loss: 9810.111328125	(16.8s)
epoch: 11	train loss: 9504.3251953125	(16.7s)
epoch: 12	train loss: 9006.986328125	(16.7s)
epoch: 13	train loss: 8410.7236328125	(16.7s)
epoch: 14	train loss: 9283.603515625	(16.7s)
epoch: 15	train loss: 8455.015625	(16.8s)
epoch: 16	train loss: 7743.75341796875	(16.7s)
epoch: 17	train loss: 7584.92919921875	(16.7s)
epoch: 18	train loss: 7062.57666015625	(16.7s)
epoch: 19	train loss: 7029.07861328125	(16.7s)
epoch: 20	train loss: 6977.6103515625	(16.8s)
epoch: 21	train loss: 6971.806640625	(16.7s)
epoch: 22	train loss: 7057.318359375	(16.7s)
epoch: 23	train loss: 9044.1650390625	(16.7s)
epoch: 24	train loss: 7183.4208984375	(16.7s)
epoch: 25	train loss: 6574.28515625	(16.8s)
epoch: 26	train loss: 6050.40185546875	(16.7s)
epoch: 27	train loss: 5906.18603515625	(16.7s)
epoch: 28	train loss: 5871.4873046875	(16.7s)
epoch: 29	train loss: 6056.9287109375	(16.7s)
epoch: 30	train loss: 6038.18115234375	(16.8s)
epoch: 31	train loss: 6083.41796875	(16.7s)
epoch: 32	train loss: 6220.4150390625	(16.7s)
epoch: 33	train loss: 6676.27392578125	(16.7s)
epoch: 34	train loss: 5812.55517578125	(16.7s)
epoch: 35	train loss: 5357.81201171875	(16.8s)
epoch: 36	train loss: 5069.0419921875	(16.7s)
epoch: 37	train loss: 5565.07763671875	(16.7s)
epoch: 38	train loss: 5124.9453125	(16.7s)
epoch: 39	train loss: 5019.30810546875	(16.6s)
epoch: 40	train loss: 5140.2041015625	(16.7s)
epoch: 41	train loss: 4562.974609375	(16.8s)
epoch: 42	train loss: 5073.89892578125	(16.7s)
epoch: 43	train loss: 4623.36083984375	(16.7s)
epoch: 44	train loss: 4803.15771484375	(16.7s)
epoch: 45	train loss: 4492.6123046875	(16.7s)
epoch: 46	train loss: 5145.759765625	(16.8s)
epoch: 47	train loss: 4824.990234375	(16.8s)
epoch: 48	train loss: 4403.77490234375	(16.8s)
epoch: 49	train loss: 4176.2431640625	(16.7s)
epoch: 50	train loss: 4220.39306640625	(16.7s)
epoch: 51	train loss: 4272.71923828125	(16.8s)
epoch: 52	train loss: 5456.51513671875	(16.7s)
epoch: 53	train loss: 4070.739013671875	(16.8s)
epoch: 54	train loss: 4012.784912109375	(16.7s)
epoch: 55	train loss: 3762.394287109375	(16.7s)
epoch: 56	train loss: 5465.7919921875	(16.8s)
epoch: 57	train loss: 3829.91748046875	(16.7s)
epoch: 58	train loss: 4748.47607421875	(16.7s)
epoch: 59	train loss: 3978.561767578125	(16.7s)
epoch: 60	train loss: 3567.537109375	(16.7s)
epoch: 61	train loss: 3516.855224609375	(16.8s)
epoch: 62	train loss: 4026.12255859375	(16.7s)
epoch: 63	train loss: 4646.05615234375	(16.7s)
epoch: 64	train loss: 3471.608154296875	(16.7s)
epoch: 65	train loss: 3118.551513671875	(16.7s)
epoch: 66	train loss: 3304.52294921875	(16.8s)
epoch: 67	train loss: 3972.080322265625	(16.8s)
epoch: 68	train loss: 3319.342529296875	(16.7s)
epoch: 69	train loss: 3441.248046875	(16.7s)
epoch: 70	train loss: 3984.496826171875	(16.7s)
epoch: 71	train loss: 3417.509765625	(16.7s)
epoch: 72	train loss: 3563.726318359375	(16.8s)
epoch: 73	train loss: 3416.029052734375	(16.7s)
epoch: 74	train loss: 4170.22021484375	(16.7s)
epoch: 75	train loss: 3311.415771484375	(16.7s)
epoch: 76	train loss: 2990.014892578125	(16.7s)
epoch: 77	train loss: 3029.561767578125	(16.8s)
epoch: 78	train loss: 3085.845703125	(16.7s)
epoch: 79	train loss: 2780.6259765625	(16.7s)
epoch: 80	train loss: 3331.5927734375	(16.7s)
epoch: 81	train loss: 3774.589599609375	(16.7s)
epoch: 82	train loss: 4372.96728515625	(16.8s)
epoch: 83	train loss: 3866.158935546875	(16.7s)
epoch: 84	train loss: 3291.8486328125	(16.7s)
epoch: 85	train loss: 3267.73876953125	(16.6s)
epoch: 86	train loss: 3541.619384765625	(16.6s)
epoch: 87	train loss: 3271.350830078125	(16.7s)
epoch: 88	train loss: 3441.2333984375	(16.6s)
epoch: 89	train loss: 2829.472900390625	(16.6s)
epoch: 90	train loss: 2792.06103515625	(16.6s)
epoch: 91	train loss: 2408.001953125	(16.6s)
epoch: 92	train loss: 3101.644287109375	(16.7s)
epoch: 93	train loss: 3648.438232421875	(16.7s)
epoch: 94	train loss: 3000.684326171875	(16.7s)
epoch: 95	train loss: 2928.57177734375	(16.7s)
epoch: 96	train loss: 2834.0302734375	(16.7s)
epoch: 97	train loss: 3585.203369140625	(16.8s)
epoch: 98	train loss: 2870.1318359375	(16.8s)
epoch: 99	train loss: 2447.66943359375	(16.7s)
Evaluating model on 200 episodes
Solved 127/200 episodes
Evaluated model in 23.4 seconds
Saved model for run
9207dbcc16f44e27bd2876dde1124156 with name round-14
Round 15
Generated trajectories in 71.5 seconds
epoch: 0	train loss: 15349.9453125	(16.4s)
epoch: 1	train loss: 10933.9404296875	(16.4s)
epoch: 2	train loss: 9330.609375	(16.5s)
epoch: 3	train loss: 8331.0693359375	(16.5s)
epoch: 4	train loss: 7427.64208984375	(16.6s)
epoch: 5	train loss: 6893.6171875	(16.5s)
epoch: 6	train loss: 6514.2216796875	(16.5s)
epoch: 7	train loss: 6089.12109375	(16.5s)
epoch: 8	train loss: 6069.9609375	(16.5s)
epoch: 9	train loss: 5787.501953125	(16.6s)
epoch: 10	train loss: 5682.453125	(16.5s)
epoch: 11	train loss: 4909.31591796875	(16.5s)
epoch: 12	train loss: 4755.97705078125	(16.5s)
epoch: 13	train loss: 5158.24072265625	(16.5s)
epoch: 14	train loss: 4589.95849609375	(16.5s)
epoch: 15	train loss: 4489.9365234375	(16.6s)
epoch: 16	train loss: 4587.4775390625	(16.5s)
epoch: 17	train loss: 4106.810546875	(16.5s)
epoch: 18	train loss: 3955.093017578125	(16.5s)
epoch: 19	train loss: 4708.0556640625	(16.5s)
epoch: 20	train loss: 4330.79736328125	(16.6s)
epoch: 21	train loss: 3914.537109375	(16.5s)
epoch: 22	train loss: 4149.7490234375	(16.5s)
epoch: 23	train loss: 4073.3447265625	(16.5s)
epoch: 24	train loss: 3353.158447265625	(16.5s)
epoch: 25	train loss: 3397.9169921875	(16.6s)
epoch: 26	train loss: 3540.04541015625	(16.5s)
epoch: 27	train loss: 3424.142822265625	(16.5s)
epoch: 28	train loss: 2982.73095703125	(16.5s)
epoch: 29	train loss: 3270.625732421875	(16.5s)
epoch: 30	train loss: 3702.506103515625	(16.6s)
epoch: 31	train loss: 3804.960693359375	(16.5s)
epoch: 32	train loss: 3123.321044921875	(16.5s)
epoch: 33	train loss: 3548.302490234375	(16.5s)
epoch: 34	train loss: 2894.7939453125	(16.5s)
epoch: 35	train loss: 2805.285400390625	(16.6s)
epoch: 36	train loss: 2659.92724609375	(16.6s)
epoch: 37	train loss: 3190.00634765625	(16.5s)
epoch: 38	train loss: 4378.13916015625	(16.5s)
epoch: 39	train loss: 3070.18212890625	(16.5s)
epoch: 40	train loss: 3142.594482421875	(16.5s)
epoch: 41	train loss: 2584.9306640625	(16.6s)
epoch: 42	train loss: 2472.969970703125	(16.5s)
epoch: 43	train loss: 2191.0244140625	(16.5s)
epoch: 44	train loss: 2484.30615234375	(16.5s)
epoch: 45	train loss: 2102.540771484375	(16.5s)
epoch: 46	train loss: 2132.03466796875	(16.6s)
epoch: 47	train loss: 2495.4091796875	(16.5s)
epoch: 48	train loss: 3615.009765625	(16.5s)
epoch: 49	train loss: 2250.46728515625	(16.5s)
epoch: 50	train loss: 2387.77294921875	(16.5s)
epoch: 51	train loss: 2606.71337890625	(16.6s)
epoch: 52	train loss: 2327.690673828125	(16.5s)
epoch: 53	train loss: 2450.21923828125	(16.5s)
epoch: 54	train loss: 2141.612548828125	(16.5s)
epoch: 55	train loss: 3610.127685546875	(16.5s)
epoch: 56	train loss: 2202.11328125	(16.6s)
epoch: 57	train loss: 1954.62939453125	(16.5s)
epoch: 58	train loss: 1989.464599609375	(16.5s)
epoch: 59	train loss: 3668.210693359375	(16.5s)
epoch: 60	train loss: 2550.759765625	(16.5s)
epoch: 61	train loss: 2262.50634765625	(16.5s)
epoch: 62	train loss: 2397.5283203125	(16.6s)
epoch: 63	train loss: 2730.7861328125	(16.5s)
epoch: 64	train loss: 2726.8173828125	(16.5s)
epoch: 65	train loss: 1945.674560546875	(16.5s)
epoch: 66	train loss: 2101.9892578125	(16.5s)
epoch: 67	train loss: 1799.26123046875	(16.6s)
epoch: 68	train loss: 2594.6552734375	(16.5s)
epoch: 69	train loss: 2071.430908203125	(16.5s)
epoch: 70	train loss: 1825.7359619140625	(16.5s)
epoch: 71	train loss: 1875.9404296875	(16.5s)
epoch: 72	train loss: 1497.217041015625	(16.6s)
epoch: 73	train loss: 1544.1151123046875	(16.5s)
epoch: 74	train loss: 1952.3994140625	(16.5s)
epoch: 75	train loss: 1930.298095703125	(16.5s)
epoch: 76	train loss: 3565.634765625	(16.5s)
epoch: 77	train loss: 1625.55224609375	(16.6s)
epoch: 78	train loss: 1610.6417236328125	(16.5s)
epoch: 79	train loss: 1522.427001953125	(16.5s)
epoch: 80	train loss: 1520.691650390625	(16.5s)
epoch: 81	train loss: 2450.958251953125	(16.5s)
epoch: 82	train loss: 2664.08740234375	(16.5s)
epoch: 83	train loss: 2236.4052734375	(16.5s)
epoch: 84	train loss: 2371.16650390625	(16.4s)
epoch: 85	train loss: 1631.70263671875	(16.5s)
epoch: 86	train loss: 2030.3817138671875	(16.5s)
epoch: 87	train loss: 1692.4007568359375	(16.4s)
epoch: 88	train loss: 1224.002197265625	(16.5s)
epoch: 89	train loss: 1462.1634521484375	(16.4s)
epoch: 90	train loss: 1892.3912353515625	(16.4s)
epoch: 91	train loss: 3576.609130859375	(16.4s)
epoch: 92	train loss: 1734.58984375	(16.4s)
epoch: 93	train loss: 1360.7359619140625	(16.6s)
epoch: 94	train loss: 1659.6734619140625	(16.5s)
epoch: 95	train loss: 1317.733642578125	(16.5s)
epoch: 96	train loss: 1429.274658203125	(16.5s)
epoch: 97	train loss: 1725.0826416015625	(16.5s)
epoch: 98	train loss: 1772.143310546875	(16.6s)
epoch: 99	train loss: 1706.4803466796875	(16.5s)
Evaluating model on 200 episodes
Solved 161/200 episodes
Evaluated model in 24.5 seconds
Saved model for run
9207dbcc16f44e27bd2876dde1124156 with name round-15
Round 16
Generated trajectories in 72.0 seconds
epoch: 0	train loss: 9175.54296875	(16.4s)
epoch: 1	train loss: 6269.5107421875	(16.4s)
epoch: 2	train loss: 5126.318359375	(16.5s)
epoch: 3	train loss: 4499.609375	(16.6s)
epoch: 4	train loss: 4040.12646484375	(16.6s)
epoch: 5	train loss: 4302.35205078125	(16.6s)
epoch: 6	train loss: 4164.515625	(16.6s)
epoch: 7	train loss: 3511.05322265625	(16.6s)
epoch: 8	train loss: 3274.49853515625	(16.6s)
epoch: 9	train loss: 3069.7861328125	(16.6s)
epoch: 10	train loss: 3150.391845703125	(16.7s)
epoch: 11	train loss: 3081.293701171875	(16.6s)
epoch: 12	train loss: 2643.17822265625	(16.6s)
epoch: 13	train loss: 3103.251220703125	(16.6s)
epoch: 14	train loss: 3170.764404296875	(16.6s)
epoch: 15	train loss: 2458.16357421875	(16.6s)
epoch: 16	train loss: 2197.227783203125	(16.8s)
epoch: 17	train loss: 2489.693115234375	(16.7s)
epoch: 18	train loss: 2212.124267578125	(16.7s)
epoch: 19	train loss: 3540.60888671875	(16.7s)
epoch: 20	train loss: 4317.41259765625	(16.8s)
epoch: 21	train loss: 2518.2373046875	(16.8s)
epoch: 22	train loss: 1968.94091796875	(16.8s)
epoch: 23	train loss: 1938.2451171875	(16.8s)
epoch: 24	train loss: 2291.837646484375	(16.7s)
epoch: 25	train loss: 1967.329833984375	(16.8s)
epoch: 26	train loss: 1876.40869140625	(16.8s)
epoch: 27	train loss: 2648.227783203125	(16.8s)
epoch: 28	train loss: 1789.727294921875	(16.8s)
epoch: 29	train loss: 1767.1905517578125	(16.7s)
epoch: 30	train loss: 2001.3544921875	(16.8s)
epoch: 31	train loss: 3044.98681640625	(16.8s)
epoch: 32	train loss: 2455.96875	(16.8s)
epoch: 33	train loss: 1985.2923583984375	(16.8s)
epoch: 34	train loss: 1765.597900390625	(16.7s)
epoch: 35	train loss: 1817.0421142578125	(16.8s)
epoch: 36	train loss: 2065.584716796875	(16.8s)
epoch: 37	train loss: 2026.066650390625	(16.8s)
epoch: 38	train loss: 1611.310302734375	(16.8s)
epoch: 39	train loss: 1833.097412109375	(16.8s)
epoch: 40	train loss: 3492.147705078125	(16.8s)
epoch: 41	train loss: 2296.566650390625	(16.8s)
epoch: 42	train loss: 1695.5272216796875	(16.8s)
epoch: 43	train loss: 1615.7236328125	(16.8s)
epoch: 44	train loss: 1565.670166015625	(16.8s)
epoch: 45	train loss: 1539.9937744140625	(16.8s)
epoch: 46	train loss: 1447.77001953125	(16.8s)
epoch: 47	train loss: 1555.6851806640625	(16.8s)
epoch: 48	train loss: 1504.4705810546875	(16.8s)
epoch: 49	train loss: 1167.8248291015625	(16.8s)
epoch: 50	train loss: 1503.309814453125	(16.8s)
epoch: 51	train loss: 1249.4888916015625	(16.8s)
epoch: 52	train loss: 1886.3790283203125	(16.8s)
epoch: 53	train loss: 3932.04541015625	(16.8s)
epoch: 54	train loss: 1715.4354248046875	(16.8s)
epoch: 55	train loss: 1455.48095703125	(16.7s)
epoch: 56	train loss: 1542.7188720703125	(16.8s)
epoch: 57	train loss: 2000.3634033203125	(16.8s)
epoch: 58	train loss: 1402.8160400390625	(16.8s)
epoch: 59	train loss: 2934.01123046875	(16.8s)
epoch: 60	train loss: 1688.380126953125	(16.8s)
epoch: 61	train loss: 1235.1483154296875	(16.8s)
epoch: 62	train loss: 1210.7119140625	(16.8s)
epoch: 63	train loss: 1205.5255126953125	(16.8s)
epoch: 64	train loss: 1295.44970703125	(16.8s)
epoch: 65	train loss: 1146.8270263671875	(16.8s)
epoch: 66	train loss: 1857.20947265625	(16.8s)
epoch: 67	train loss: 2195.178466796875	(16.8s)
epoch: 68	train loss: 2029.5946044921875	(16.8s)
epoch: 69	train loss: 1439.35791015625	(16.8s)
epoch: 70	train loss: 1322.1761474609375	(16.7s)
epoch: 71	train loss: 938.2023315429688	(16.8s)
epoch: 72	train loss: 1173.672119140625	(16.8s)
epoch: 73	train loss: 1314.404296875	(16.8s)
epoch: 74	train loss: 1569.5457763671875	(16.8s)
epoch: 75	train loss: 1563.37060546875	(16.8s)
epoch: 76	train loss: 953.8353271484375	(16.8s)
epoch: 77	train loss: 1740.685791015625	(16.8s)
epoch: 78	train loss: 1024.098388671875	(16.8s)
epoch: 79	train loss: 1237.4493408203125	(16.8s)
epoch: 80	train loss: 1646.1558837890625	(16.7s)
epoch: 81	train loss: 1408.372314453125	(16.7s)
epoch: 82	train loss: 1145.718994140625	(16.8s)
epoch: 83	train loss: 1088.8624267578125	(16.7s)
epoch: 84	train loss: 998.2562255859375	(16.7s)
epoch: 85	train loss: 1414.425048828125	(16.7s)
epoch: 86	train loss: 1495.0726318359375	(16.7s)
epoch: 87	train loss: 1490.2799072265625	(16.8s)
epoch: 88	train loss: 1239.275146484375	(16.7s)
epoch: 89	train loss: 988.0475463867188	(16.7s)
epoch: 90	train loss: 1904.18408203125	(16.7s)
epoch: 91	train loss: 2794.33056640625	(16.7s)
epoch: 92	train loss: 1653.7855224609375	(16.8s)
epoch: 93	train loss: 1375.8912353515625	(16.8s)
epoch: 94	train loss: 969.4572143554688	(16.7s)
epoch: 95	train loss: 1090.8121337890625	(16.8s)
epoch: 96	train loss: 1896.489501953125	(16.8s)
epoch: 97	train loss: 1121.597900390625	(16.8s)
epoch: 98	train loss: 1009.308837890625	(16.8s)
epoch: 99	train loss: 1435.8421630859375	(16.8s)
Evaluating model on 200 episodes
Solved 183/200 episodes
Evaluated model in 25.8 seconds
Saved model for run
9207dbcc16f44e27bd2876dde1124156 with name round-16
Round 17
Generated trajectories in 73.5 seconds
epoch: 0	train loss: 6136.11181640625	(16.7s)
epoch: 1	train loss: 4292.4052734375	(16.7s)
epoch: 2	train loss: 3824.2138671875	(16.8s)
epoch: 3	train loss: 3122.323974609375	(16.8s)
epoch: 4	train loss: 3268.513427734375	(16.9s)
epoch: 5	train loss: 2923.281005859375	(16.8s)
epoch: 6	train loss: 2443.210693359375	(16.8s)
epoch: 7	train loss: 2824.4921875	(16.8s)
epoch: 8	train loss: 3168.41650390625	(16.9s)
epoch: 9	train loss: 2948.113037109375	(17.0s)
epoch: 10	train loss: 2338.88525390625	(16.9s)
epoch: 11	train loss: 2047.131591796875	(16.9s)
epoch: 12	train loss: 1949.262451171875	(16.9s)
epoch: 13	train loss: 2299.95556640625	(16.7s)
epoch: 14	train loss: 2290.799072265625	(17.0s)
epoch: 15	train loss: 2742.75244140625	(16.9s)
epoch: 16	train loss: 2002.0137939453125	(16.9s)
epoch: 17	train loss: 2147.288818359375	(16.9s)
epoch: 18	train loss: 1960.2464599609375	(16.9s)
epoch: 19	train loss: 2205.219482421875	(17.0s)
epoch: 20	train loss: 2202.82666015625	(16.9s)
epoch: 21	train loss: 1563.8505859375	(16.9s)
epoch: 22	train loss: 1631.8006591796875	(16.9s)
epoch: 23	train loss: 1778.114990234375	(16.9s)
epoch: 24	train loss: 2380.754150390625	(16.9s)
epoch: 25	train loss: 2017.3963623046875	(16.9s)
epoch: 26	train loss: 1757.5050048828125	(16.9s)
epoch: 27	train loss: 1645.1331787109375	(16.9s)
epoch: 28	train loss: 1862.5560302734375	(16.9s)
epoch: 29	train loss: 1843.6551513671875	(16.9s)
epoch: 30	train loss: 1708.98779296875	(16.9s)
epoch: 31	train loss: 2753.684814453125	(16.9s)
epoch: 32	train loss: 1501.676513671875	(16.9s)
epoch: 33	train loss: 1787.8450927734375	(16.9s)
epoch: 34	train loss: 1246.8807373046875	(16.9s)
epoch: 35	train loss: 1324.0150146484375	(17.0s)
epoch: 36	train loss: 1920.3675537109375	(16.9s)
epoch: 37	train loss: 1626.954345703125	(16.9s)
epoch: 38	train loss: 1422.3563232421875	(16.9s)
epoch: 39	train loss: 1381.8402099609375	(16.9s)
epoch: 40	train loss: 1309.5115966796875	(17.0s)
epoch: 41	train loss: 1239.80810546875	(16.9s)
epoch: 42	train loss: 1424.0069580078125	(16.9s)
epoch: 43	train loss: 1334.9718017578125	(16.9s)
epoch: 44	train loss: 2076.4775390625	(16.9s)
epoch: 45	train loss: 1739.619384765625	(17.0s)
epoch: 46	train loss: 1314.0650634765625	(16.9s)
epoch: 47	train loss: 1334.0433349609375	(16.9s)
epoch: 48	train loss: 1326.0772705078125	(16.9s)
epoch: 49	train loss: 1131.6978759765625	(16.9s)
epoch: 50	train loss: 1096.950439453125	(17.0s)
epoch: 51	train loss: 2023.35009765625	(16.9s)
epoch: 52	train loss: 1194.5054931640625	(16.9s)
epoch: 53	train loss: 1668.715576171875	(16.9s)
epoch: 54	train loss: 1907.42333984375	(16.9s)
epoch: 55	train loss: 1489.008544921875	(17.0s)
epoch: 56	train loss: 1747.8851318359375	(16.9s)
epoch: 57	train loss: 1981.0391845703125	(16.9s)
epoch: 58	train loss: 1452.552978515625	(16.9s)
epoch: 59	train loss: 1018.3236694335938	(16.9s)
epoch: 60	train loss: 888.7460327148438	(16.9s)
epoch: 61	train loss: 859.77490234375	(16.9s)
epoch: 62	train loss: 1048.7459716796875	(16.9s)
epoch: 63	train loss: 2823.716552734375	(16.9s)
epoch: 64	train loss: 1854.883056640625	(16.9s)
epoch: 65	train loss: 2240.36572265625	(16.9s)
epoch: 66	train loss: 2049.35986328125	(16.9s)
epoch: 67	train loss: 1213.5325927734375	(16.9s)
epoch: 68	train loss: 834.027587890625	(16.9s)
epoch: 69	train loss: 750.9549560546875	(16.9s)
epoch: 70	train loss: 806.687744140625	(16.9s)
epoch: 71	train loss: 1220.6666259765625	(17.0s)
epoch: 72	train loss: 1283.6234130859375	(16.9s)
epoch: 73	train loss: 839.3685913085938	(16.9s)
epoch: 74	train loss: 825.706298828125	(16.9s)
epoch: 75	train loss: 727.8365478515625	(16.9s)
epoch: 76	train loss: 1149.34814453125	(17.0s)
epoch: 77	train loss: 1198.3616943359375	(16.9s)
epoch: 78	train loss: 849.4442138671875	(16.9s)
epoch: 79	train loss: 1134.00146484375	(16.8s)
epoch: 80	train loss: 1301.5877685546875	(16.8s)
epoch: 81	train loss: 998.400634765625	(16.9s)
epoch: 82	train loss: 728.737060546875	(16.8s)
epoch: 83	train loss: 1057.1151123046875	(16.9s)
epoch: 84	train loss: 2783.81884765625	(16.9s)
epoch: 85	train loss: 1264.6263427734375	(16.8s)
epoch: 86	train loss: 1012.3576049804688	(16.9s)
epoch: 87	train loss: 1107.62841796875	(16.8s)
epoch: 88	train loss: 1018.0482177734375	(16.8s)
epoch: 89	train loss: 666.9794311523438	(16.8s)
epoch: 90	train loss: 1308.592041015625	(16.8s)
epoch: 91	train loss: 1981.0914306640625	(17.0s)
epoch: 92	train loss: 970.4823608398438	(16.9s)
epoch: 93	train loss: 653.45751953125	(16.9s)
epoch: 94	train loss: 904.4779052734375	(16.9s)
epoch: 95	train loss: 667.2437744140625	(16.9s)
epoch: 96	train loss: 556.7669677734375	(16.9s)
epoch: 97	train loss: 666.487548828125	(16.8s)
epoch: 98	train loss: 822.0810546875	(16.8s)
epoch: 99	train loss: 1536.6846923828125	(16.8s)
Evaluating model on 200 episodes
Solved 187/200 episodes
Evaluated model in 26.2 seconds
Saved model for run
9207dbcc16f44e27bd2876dde1124156 with name round-17
Round 18
Generated trajectories in 72.4 seconds
epoch: 0	train loss: 4759.51171875	(16.7s)
epoch: 1	train loss: 3043.984375	(16.6s)
epoch: 2	train loss: 2612.643798828125	(16.7s)
epoch: 3	train loss: 2578.03662109375	(16.7s)
epoch: 4	train loss: 2250.921630859375	(16.7s)
epoch: 5	train loss: 2313.32373046875	(16.7s)
epoch: 6	train loss: 2159.12744140625	(16.7s)
epoch: 7	train loss: 2386.6982421875	(16.7s)
epoch: 8	train loss: 2430.189697265625	(16.7s)
epoch: 9	train loss: 2014.3387451171875	(16.7s)
epoch: 10	train loss: 1748.6026611328125	(16.7s)
epoch: 11	train loss: 1464.9642333984375	(16.7s)
epoch: 12	train loss: 1903.178466796875	(16.7s)
epoch: 13	train loss: 1811.6318359375	(16.7s)
epoch: 14	train loss: 1493.53857421875	(16.7s)
epoch: 15	train loss: 2708.619384765625	(16.7s)
epoch: 16	train loss: 1686.4228515625	(16.7s)
epoch: 17	train loss: 1426.252197265625	(16.7s)
epoch: 18	train loss: 1416.646240234375	(16.8s)
epoch: 19	train loss: 1300.943359375	(16.7s)
epoch: 20	train loss: 1686.6173095703125	(16.7s)
epoch: 21	train loss: 3741.26123046875	(16.7s)
epoch: 22	train loss: 1883.4927978515625	(16.7s)
epoch: 23	train loss: 1312.209228515625	(16.7s)
epoch: 24	train loss: 1190.1015625	(16.7s)
epoch: 25	train loss: 1360.2166748046875	(16.7s)
epoch: 26	train loss: 1328.30859375	(16.7s)
epoch: 27	train loss: 1174.6060791015625	(16.6s)
epoch: 28	train loss: 1061.63916015625	(16.7s)
epoch: 29	train loss: 1082.1044921875	(16.7s)
epoch: 30	train loss: 1095.6966552734375	(16.7s)
epoch: 31	train loss: 1226.458740234375	(16.7s)
epoch: 32	train loss: 1905.56640625	(16.7s)
epoch: 33	train loss: 1040.4708251953125	(16.7s)
epoch: 34	train loss: 1064.770263671875	(16.7s)
epoch: 35	train loss: 1099.603759765625	(16.7s)
epoch: 36	train loss: 1104.510009765625	(16.7s)
epoch: 37	train loss: 1353.7254638671875	(16.7s)
epoch: 38	train loss: 1542.5108642578125	(16.7s)
epoch: 39	train loss: 1810.21337890625	(16.8s)
epoch: 40	train loss: 1803.931640625	(16.7s)
epoch: 41	train loss: 1234.3504638671875	(16.7s)
epoch: 42	train loss: 1014.9246826171875	(16.7s)
epoch: 43	train loss: 930.6227416992188	(16.7s)
epoch: 44	train loss: 885.2705078125	(16.7s)
epoch: 45	train loss: 1848.9068603515625	(16.7s)
epoch: 46	train loss: 1100.3013916015625	(16.7s)
epoch: 47	train loss: 991.1474609375	(16.7s)
epoch: 48	train loss: 1372.5010986328125	(16.7s)
epoch: 49	train loss: 745.88720703125	(16.8s)
epoch: 50	train loss: 606.9122314453125	(16.7s)
epoch: 51	train loss: 1021.2447509765625	(16.7s)
epoch: 52	train loss: 1530.152099609375	(16.7s)
epoch: 53	train loss: 1544.05517578125	(16.7s)
epoch: 54	train loss: 963.4837646484375	(16.7s)
epoch: 55	train loss: 834.6432495117188	(16.7s)
epoch: 56	train loss: 939.0599365234375	(16.7s)
epoch: 57	train loss: 735.8361206054688	(16.7s)
epoch: 58	train loss: 846.1327514648438	(16.7s)
epoch: 59	train loss: 2271.4189453125	(16.7s)
epoch: 60	train loss: 1042.1885986328125	(16.7s)
epoch: 61	train loss: 1233.786865234375	(16.7s)
epoch: 62	train loss: 1021.6454467773438	(16.7s)
epoch: 63	train loss: 668.1629028320312	(16.7s)
epoch: 64	train loss: 909.3803100585938	(16.7s)
epoch: 65	train loss: 907.547119140625	(16.7s)
epoch: 66	train loss: 716.6353759765625	(16.7s)
epoch: 67	train loss: 625.5267944335938	(16.7s)
epoch: 68	train loss: 810.0608520507812	(16.6s)
epoch: 69	train loss: 812.2902221679688	(16.7s)
epoch: 70	train loss: 2116.675048828125	(16.7s)
epoch: 71	train loss: 1401.982177734375	(16.7s)
epoch: 72	train loss: 1157.620849609375	(16.7s)
epoch: 73	train loss: 1569.3958740234375	(16.7s)
epoch: 74	train loss: 774.5958862304688	(16.7s)
epoch: 75	train loss: 635.8736572265625	(16.7s)
epoch: 76	train loss: 610.85302734375	(16.7s)
epoch: 77	train loss: 775.0661010742188	(16.7s)
epoch: 78	train loss: 562.9345703125	(16.6s)
epoch: 79	train loss: 614.8231201171875	(16.6s)
epoch: 80	train loss: 1088.9127197265625	(16.7s)
epoch: 81	train loss: 923.531005859375	(16.6s)
epoch: 82	train loss: 720.8338012695312	(16.6s)
epoch: 83	train loss: 770.3182373046875	(16.5s)
epoch: 84	train loss: 658.21240234375	(16.5s)
epoch: 85	train loss: 663.8282470703125	(16.6s)
epoch: 86	train loss: 1082.2088623046875	(16.5s)
epoch: 87	train loss: 1915.3358154296875	(16.5s)
epoch: 88	train loss: 2003.334716796875	(16.6s)
epoch: 89	train loss: 1254.551513671875	(16.6s)
epoch: 90	train loss: 874.9702758789062	(16.7s)
epoch: 91	train loss: 806.6033935546875	(16.7s)
epoch: 92	train loss: 1037.8592529296875	(16.7s)
epoch: 93	train loss: 924.9699096679688	(16.7s)
epoch: 94	train loss: 1149.4501953125	(16.7s)
epoch: 95	train loss: 958.7113647460938	(16.7s)
epoch: 96	train loss: 1025.29443359375	(16.8s)
epoch: 97	train loss: 814.8570556640625	(16.7s)
epoch: 98	train loss: 452.3008117675781	(16.7s)
epoch: 99	train loss: 459.35601806640625	(16.7s)
Evaluating model on 200 episodes
Solved 190/200 episodes
Evaluated model in 26.5 seconds
Saved model for run
9207dbcc16f44e27bd2876dde1124156 with name round-18
Round 19
Generated trajectories in 73.4 seconds
epoch: 0	train loss: 3915.62353515625	(16.8s)
epoch: 1	train loss: 2765.08203125	(16.8s)
epoch: 2	train loss: 2330.484130859375	(17.0s)
epoch: 3	train loss: 2031.820068359375	(16.9s)
epoch: 4	train loss: 1749.169677734375	(16.9s)
epoch: 5	train loss: 1817.7843017578125	(16.9s)
epoch: 6	train loss: 1947.446044921875	(16.9s)
epoch: 7	train loss: 1808.16650390625	(17.0s)
epoch: 8	train loss: 1841.600341796875	(16.9s)
epoch: 9	train loss: 1981.4326171875	(16.9s)
epoch: 10	train loss: 1805.715576171875	(16.9s)
epoch: 11	train loss: 1333.8026123046875	(16.9s)
epoch: 12	train loss: 1232.97509765625	(17.0s)
epoch: 13	train loss: 1386.0244140625	(16.9s)
epoch: 14	train loss: 1773.4111328125	(16.9s)
epoch: 15	train loss: 1408.3857421875	(16.9s)
epoch: 16	train loss: 1554.1708984375	(16.9s)
epoch: 17	train loss: 1386.3037109375	(17.0s)
epoch: 18	train loss: 1686.3175048828125	(16.9s)
epoch: 19	train loss: 1124.3990478515625	(16.9s)
epoch: 20	train loss: 1018.136474609375	(16.9s)
epoch: 21	train loss: 1203.0789794921875	(16.9s)
epoch: 22	train loss: 1023.1209106445312	(17.0s)
epoch: 23	train loss: 915.6427612304688	(16.9s)
epoch: 24	train loss: 1197.5958251953125	(16.9s)
epoch: 25	train loss: 1733.196533203125	(16.9s)
epoch: 26	train loss: 1736.78466796875	(16.9s)
epoch: 27	train loss: 1460.1787109375	(17.0s)
epoch: 28	train loss: 1233.889892578125	(16.9s)
epoch: 29	train loss: 1013.2450561523438	(16.9s)
epoch: 30	train loss: 951.20654296875	(16.9s)
epoch: 31	train loss: 1025.1929931640625	(16.9s)
epoch: 32	train loss: 1341.849365234375	(16.9s)
epoch: 33	train loss: 1101.9541015625	(16.9s)
epoch: 34	train loss: 917.6131591796875	(16.9s)
epoch: 35	train loss: 1290.915771484375	(16.9s)
epoch: 36	train loss: 972.4766235351562	(16.9s)
epoch: 37	train loss: 1585.9215087890625	(16.9s)
epoch: 38	train loss: 1278.4327392578125	(17.0s)
epoch: 39	train loss: 1818.127197265625	(16.9s)
epoch: 40	train loss: 1041.4830322265625	(16.9s)
epoch: 41	train loss: 1076.2945556640625	(16.9s)
epoch: 42	train loss: 1230.85888671875	(16.9s)
epoch: 43	train loss: 945.5537719726562	(17.0s)
epoch: 44	train loss: 1385.5418701171875	(16.9s)
epoch: 45	train loss: 1201.99267578125	(16.9s)
epoch: 46	train loss: 769.6725463867188	(16.9s)
epoch: 47	train loss: 784.0822143554688	(16.9s)
epoch: 48	train loss: 778.1188354492188	(17.0s)
epoch: 49	train loss: 570.56103515625	(16.9s)
epoch: 50	train loss: 639.1807250976562	(16.9s)
epoch: 51	train loss: 1232.6402587890625	(16.9s)
epoch: 52	train loss: 877.4559326171875	(16.9s)
epoch: 53	train loss: 1499.6536865234375	(17.0s)
epoch: 54	train loss: 961.3460083007812	(16.9s)
epoch: 55	train loss: 849.7239990234375	(16.9s)
epoch: 56	train loss: 859.2606811523438	(16.9s)
epoch: 57	train loss: 1123.1602783203125	(16.9s)
epoch: 58	train loss: 1103.8948974609375	(17.0s)
epoch: 59	train loss: 1390.7843017578125	(16.9s)
epoch: 60	train loss: 951.6572875976562	(16.9s)
epoch: 61	train loss: 915.2233276367188	(16.9s)
epoch: 62	train loss: 780.6888427734375	(16.9s)
epoch: 63	train loss: 746.1832275390625	(17.0s)
epoch: 64	train loss: 627.6776123046875	(16.9s)
epoch: 65	train loss: 552.4111328125	(16.9s)
epoch: 66	train loss: 2170.40380859375	(16.9s)
epoch: 67	train loss: 1753.3350830078125	(16.9s)
epoch: 68	train loss: 1681.30615234375	(17.0s)
epoch: 69	train loss: 1068.047607421875	(16.9s)
epoch: 70	train loss: 688.331298828125	(16.9s)
epoch: 71	train loss: 493.6328430175781	(16.8s)
epoch: 72	train loss: 1136.13525390625	(16.8s)
epoch: 73	train loss: 1319.11181640625	(16.8s)
epoch: 74	train loss: 1469.898681640625	(16.9s)
epoch: 75	train loss: 882.7589111328125	(16.9s)
epoch: 76	train loss: 521.7141723632812	(16.9s)
epoch: 77	train loss: 411.4618835449219	(16.8s)
epoch: 78	train loss: 598.6856689453125	(16.8s)
epoch: 79	train loss: 880.274658203125	(16.8s)
epoch: 80	train loss: 1252.675048828125	(16.8s)
epoch: 81	train loss: 1039.228759765625	(16.8s)
epoch: 82	train loss: 1082.4224853515625	(16.7s)
epoch: 83	train loss: 737.4603271484375	(16.7s)
epoch: 84	train loss: 492.0208435058594	(16.7s)
epoch: 85	train loss: 512.033203125	(16.5s)
epoch: 86	train loss: 912.40576171875	(16.5s)
epoch: 87	train loss: 600.4096069335938	(16.5s)
epoch: 88	train loss: 455.7271728515625	(16.5s)
epoch: 89	train loss: 360.0719909667969	(16.6s)
epoch: 90	train loss: 627.0005493164062	(16.5s)
epoch: 91	train loss: 1194.7222900390625	(16.5s)
epoch: 92	train loss: 1203.358154296875	(16.5s)
epoch: 93	train loss: 737.4179077148438	(16.5s)
epoch: 94	train loss: 1054.3466796875	(16.6s)
epoch: 95	train loss: 816.8744506835938	(16.5s)
epoch: 96	train loss: 516.47412109375	(16.6s)
epoch: 97	train loss: 656.3352661132812	(16.5s)
epoch: 98	train loss: 806.1433715820312	(16.5s)
epoch: 99	train loss: 1173.0806884765625	(16.6s)
Evaluating model on 200 episodes
Solved 191/200 episodes
Evaluated model in 25.2 seconds
Saved model for run
9207dbcc16f44e27bd2876dde1124156 with name round-19
Completed training in 35466.4 seconds
