Using torch device NVIDIA GeForce RTX 3090
net: hmm
cc_weight: 1
params: {'epochs': 100, 'lr': 0.0008, 'n': 5000}
Net has 41898 parameters
Round 0
Generated trajectories in 71.9 seconds
epoch: 0	train loss: 145390.328125	(10.1s)
epoch: 1	train loss: 106537.8671875	(8.7s)
epoch: 2	train loss: 87326.1015625	(8.7s)
epoch: 3	train loss: 82677.4921875	(8.7s)
epoch: 4	train loss: 79362.9609375	(8.7s)
epoch: 5	train loss: 76302.1484375	(8.7s)
epoch: 6	train loss: 69652.2109375	(8.7s)
epoch: 7	train loss: 63326.4609375	(8.7s)
epoch: 8	train loss: 59141.328125	(8.7s)
epoch: 9	train loss: 56453.16015625	(8.7s)
epoch: 10	train loss: 53965.734375	(8.7s)
epoch: 11	train loss: 51704.66015625	(8.7s)
epoch: 12	train loss: 49868.09375	(8.7s)
epoch: 13	train loss: 48884.81640625	(8.7s)
epoch: 14	train loss: 47684.0234375	(8.8s)
epoch: 15	train loss: 46205.34375	(8.7s)
epoch: 16	train loss: 44695.60546875	(8.8s)
epoch: 17	train loss: 43723.10546875	(8.7s)
epoch: 18	train loss: 42855.8515625	(8.7s)
epoch: 19	train loss: 42067.0390625	(8.7s)
epoch: 20	train loss: 41444.52734375	(8.8s)
epoch: 21	train loss: 41017.80859375	(8.8s)
epoch: 22	train loss: 40672.671875	(8.8s)
epoch: 23	train loss: 40177.19140625	(8.8s)
epoch: 24	train loss: 39679.91015625	(8.7s)
epoch: 25	train loss: 39066.6953125	(8.7s)
epoch: 26	train loss: 38294.02734375	(8.8s)
epoch: 27	train loss: 37607.28515625	(8.7s)
epoch: 28	train loss: 37145.26171875	(8.8s)
epoch: 29	train loss: 36815.8203125	(8.7s)
epoch: 30	train loss: 36608.734375	(8.8s)
epoch: 31	train loss: 36247.31640625	(8.7s)
epoch: 32	train loss: 35974.71484375	(8.8s)
epoch: 33	train loss: 35820.49609375	(8.7s)
epoch: 34	train loss: 35375.45703125	(8.8s)
epoch: 35	train loss: 35114.8359375	(8.7s)
epoch: 36	train loss: 34914.55859375	(8.8s)
epoch: 37	train loss: 34758.8125	(8.8s)
epoch: 38	train loss: 34882.91796875	(8.8s)
epoch: 39	train loss: 34466.92578125	(8.7s)
epoch: 40	train loss: 34489.5859375	(8.7s)
epoch: 41	train loss: 34192.0859375	(8.7s)
epoch: 42	train loss: 33971.99609375	(8.7s)
epoch: 43	train loss: 33927.078125	(8.7s)
epoch: 44	train loss: 33573.68359375	(8.7s)
epoch: 45	train loss: 33299.86328125	(8.7s)
epoch: 46	train loss: 33043.63671875	(8.7s)
epoch: 47	train loss: 32893.73046875	(8.7s)
epoch: 48	train loss: 32734.10546875	(8.7s)
epoch: 49	train loss: 32597.46484375	(8.7s)
epoch: 50	train loss: 32410.29296875	(8.8s)
epoch: 51	train loss: 32431.130859375	(8.7s)
epoch: 52	train loss: 32047.91015625	(8.7s)
epoch: 53	train loss: 31714.814453125	(8.7s)
epoch: 54	train loss: 31587.701171875	(8.7s)
epoch: 55	train loss: 31481.70703125	(8.7s)
epoch: 56	train loss: 31257.091796875	(8.8s)
epoch: 57	train loss: 31082.8125	(8.7s)
epoch: 58	train loss: 30880.08203125	(8.7s)
epoch: 59	train loss: 30879.865234375	(8.7s)
epoch: 60	train loss: 30914.31640625	(8.7s)
epoch: 61	train loss: 31042.888671875	(8.7s)
epoch: 62	train loss: 30880.2421875	(8.8s)
epoch: 63	train loss: 30770.5546875	(8.7s)
epoch: 64	train loss: 30704.921875	(8.7s)
epoch: 65	train loss: 30711.150390625	(8.7s)
epoch: 66	train loss: 30738.40625	(8.7s)
epoch: 67	train loss: 30794.66796875	(8.7s)
epoch: 68	train loss: 30707.408203125	(8.8s)
epoch: 69	train loss: 30181.439453125	(8.7s)
epoch: 70	train loss: 30005.146484375	(8.7s)
epoch: 71	train loss: 29781.146484375	(8.7s)
epoch: 72	train loss: 29693.130859375	(8.7s)
epoch: 73	train loss: 29302.6796875	(8.7s)
epoch: 74	train loss: 29309.419921875	(8.8s)
epoch: 75	train loss: 29221.3671875	(8.7s)
epoch: 76	train loss: 29314.1953125	(8.7s)
epoch: 77	train loss: 29264.53125	(8.7s)
epoch: 78	train loss: 28976.931640625	(8.7s)
epoch: 79	train loss: 28917.4765625	(8.7s)
epoch: 80	train loss: 28877.783203125	(8.7s)
epoch: 81	train loss: 28898.3125	(8.7s)
epoch: 82	train loss: 28980.6484375	(8.7s)
epoch: 83	train loss: 28902.443359375	(8.7s)
epoch: 84	train loss: 28852.23828125	(8.7s)
epoch: 85	train loss: 28973.744140625	(8.7s)
epoch: 86	train loss: 28822.84375	(8.8s)
epoch: 87	train loss: 29052.61328125	(8.7s)
epoch: 88	train loss: 29150.310546875	(8.7s)
epoch: 89	train loss: 29041.392578125	(8.7s)
epoch: 90	train loss: 29014.45703125	(8.7s)
epoch: 91	train loss: 28745.861328125	(8.7s)
epoch: 92	train loss: 28406.962890625	(8.7s)
epoch: 93	train loss: 28303.2890625	(8.7s)
epoch: 94	train loss: 28017.3671875	(8.7s)
epoch: 95	train loss: 27974.466796875	(8.7s)
epoch: 96	train loss: 27892.021484375	(8.7s)
epoch: 97	train loss: 28194.73828125	(8.7s)
epoch: 98	train loss: 28169.03125	(8.7s)
epoch: 99	train loss: 28010.2578125	(8.7s)
Evaluating model on 200 episodes
Evaluated model in 0.0 seconds
Completed training in 953.1 seconds
Traceback (most recent call last):
  File "/home/sca63/abstraction/main.py", line 172, in <module>
    boxworld_main()
  File "/home/sca63/abstraction/main.py", line 157, in boxworld_main
    boxworld_outer_sv(
  File "/home/sca63/abstraction/main.py", line 82, in boxworld_outer_sv
    box_world.eval_options_model(net.control_net, env, n=num_test)
  File "/home/sca63/abstraction/box_world.py", line 476, in eval_options_model
    tau = control_net.tau_embed(obs)
  File "/home/sca63/.conda/envs/gcsl/lib/python3.9/site-packages/torch/nn/modules/module.py", line 1185, in __getattr__
    raise AttributeError("'{}' object has no attribute '{}'".format(
AttributeError: 'HomoController' object has no attribute 'tau_embed'
