Using torch device NVIDIA GeForce RTX 3090
homo controller
net: causal
cc_weight: 0.0
params: {'epochs': 100, 'lr': 0.0008, 'n': 5000}
Net has 207442 parameters
Round 0
Generated trajectories in 77.9 seconds
epoch: 0	train loss: 142409.875	(25.7s)
epoch: 1	train loss: 115055.75	(25.1s)
epoch: 2	train loss: 92589.7265625	(25.3s)
epoch: 3	train loss: 83345.03125	(25.3s)
epoch: 4	train loss: 75780.2421875	(25.3s)
epoch: 5	train loss: 71797.1640625	(25.4s)
epoch: 6	train loss: 66342.5	(24.9s)
epoch: 7	train loss: 62343.80078125	(24.7s)
epoch: 8	train loss: 58746.2109375	(24.5s)
epoch: 9	train loss: 56465.1953125	(24.6s)
epoch: 10	train loss: 53074.9375	(24.7s)
epoch: 11	train loss: 50844.30078125	(24.7s)
epoch: 12	train loss: 48172.61328125	(24.5s)
epoch: 13	train loss: 44506.06640625	(24.7s)
epoch: 14	train loss: 42343.34765625	(24.5s)
epoch: 15	train loss: 41284.80859375	(24.5s)
epoch: 16	train loss: 39456.3515625	(24.7s)
epoch: 17	train loss: 38748.34375	(24.7s)
epoch: 18	train loss: 38994.203125	(24.5s)
epoch: 19	train loss: 37894.6171875	(24.7s)
epoch: 20	train loss: 36698.91015625	(24.7s)
epoch: 21	train loss: 37184.3203125	(24.7s)
epoch: 22	train loss: 35963.75390625	(24.7s)
epoch: 23	train loss: 34925.7109375	(24.7s)
epoch: 24	train loss: 34538.203125	(24.7s)
epoch: 25	train loss: 34787.5	(24.7s)
epoch: 26	train loss: 34153.43359375	(24.5s)
epoch: 27	train loss: 33169.68359375	(24.7s)
epoch: 28	train loss: 35006.1640625	(24.7s)
epoch: 29	train loss: 33388.93359375	(24.7s)
epoch: 30	train loss: 33861.625	(24.5s)
epoch: 31	train loss: 33589.4453125	(24.7s)
epoch: 32	train loss: 31961.12109375	(24.7s)
epoch: 33	train loss: 31576.044921875	(24.5s)
epoch: 34	train loss: 31700.05078125	(24.6s)
epoch: 35	train loss: 31549.541015625	(24.7s)
epoch: 36	train loss: 32705.267578125	(24.5s)
epoch: 37	train loss: 32602.181640625	(24.7s)
epoch: 38	train loss: 32053.142578125	(24.5s)
epoch: 39	train loss: 31120.0859375	(24.5s)
epoch: 40	train loss: 32765.134765625	(24.5s)
epoch: 41	train loss: 31997.828125	(24.5s)
epoch: 42	train loss: 30220.37109375	(24.5s)
epoch: 43	train loss: 30550.6875	(24.7s)
epoch: 44	train loss: 31482.642578125	(24.4s)
epoch: 45	train loss: 31532.392578125	(24.6s)
epoch: 46	train loss: 30198.107421875	(24.6s)
epoch: 47	train loss: 29670.26171875	(24.6s)
epoch: 48	train loss: 29669.75	(24.5s)
epoch: 49	train loss: 29096.126953125	(24.5s)
epoch: 50	train loss: 27961.0390625	(24.7s)
epoch: 51	train loss: 28522.228515625	(24.5s)
epoch: 52	train loss: 29841.498046875	(24.7s)
epoch: 53	train loss: 28266.685546875	(24.5s)
epoch: 54	train loss: 27694.943359375	(24.7s)
epoch: 55	train loss: 28977.96875	(24.7s)
epoch: 56	train loss: 27740.21484375	(24.7s)
epoch: 57	train loss: 28607.109375	(24.7s)
epoch: 58	train loss: 28227.619140625	(24.5s)
epoch: 59	train loss: 27902.328125	(24.5s)
epoch: 60	train loss: 28813.24609375	(24.7s)
epoch: 61	train loss: 30410.576171875	(24.7s)
epoch: 62	train loss: 29973.9765625	(24.5s)
epoch: 63	train loss: 29022.2265625	(24.7s)
epoch: 64	train loss: 27530.16015625	(24.7s)
epoch: 65	train loss: 28606.818359375	(24.5s)
epoch: 66	train loss: 27714.578125	(24.7s)
epoch: 67	train loss: 29417.79296875	(24.5s)
epoch: 68	train loss: 26942.8828125	(24.7s)
epoch: 69	train loss: 26465.81640625	(24.7s)
epoch: 70	train loss: 25767.5546875	(24.7s)
epoch: 71	train loss: 29208.494140625	(24.5s)
epoch: 72	train loss: 25793.26171875	(24.5s)
epoch: 73	train loss: 27845.697265625	(24.5s)
epoch: 74	train loss: 26443.771484375	(24.7s)
epoch: 75	train loss: 24879.89453125	(24.7s)
epoch: 76	train loss: 24280.712890625	(24.7s)
epoch: 77	train loss: 24300.1328125	(24.7s)
epoch: 78	train loss: 24283.015625	(24.7s)
epoch: 79	train loss: 23832.181640625	(24.5s)
epoch: 80	train loss: 23509.40625	(24.7s)
epoch: 81	train loss: 23327.330078125	(24.7s)
epoch: 82	train loss: 23641.50390625	(24.5s)
epoch: 83	train loss: 23196.771484375	(24.7s)
epoch: 84	train loss: 22949.205078125	(24.7s)
epoch: 85	train loss: 22886.525390625	(24.7s)
epoch: 86	train loss: 23423.49609375	(24.7s)
epoch: 87	train loss: 23094.748046875	(24.7s)
epoch: 88	train loss: 22857.369140625	(24.7s)
epoch: 89	train loss: 22780.8046875	(24.7s)
epoch: 90	train loss: 22298.39453125	(24.7s)
epoch: 91	train loss: 21897.591796875	(24.7s)
epoch: 92	train loss: 22900.630859375	(24.6s)
epoch: 93	train loss: 21711.7109375	(24.5s)
epoch: 94	train loss: 21348.84765625	(24.4s)
epoch: 95	train loss: 21225.22265625	(24.4s)
epoch: 96	train loss: 22034.279296875	(24.7s)
epoch: 97	train loss: 21551.669921875	(24.7s)
epoch: 98	train loss: 21588.849609375	(24.7s)
epoch: 99	train loss: 21821.318359375	(24.7s)
Evaluating model on 200 episodes
Solved 35/200 episodes
Evaluated model in 18.6 seconds
Saved model for run
401585e1c032428894848bdaac632e49 with name round-0
Round 1
Generated trajectories in 74.8 seconds
epoch: 0	train loss: 35375.5078125	(24.4s)
epoch: 1	train loss: 32144.51171875	(24.4s)
epoch: 2	train loss: 30758.728515625	(24.5s)
epoch: 3	train loss: 29338.931640625	(24.5s)
epoch: 4	train loss: 28972.712890625	(24.5s)
epoch: 5	train loss: 27831.69140625	(24.5s)
epoch: 6	train loss: 27398.501953125	(24.5s)
epoch: 7	train loss: 26622.40234375	(24.5s)
epoch: 8	train loss: 26120.904296875	(24.5s)
epoch: 9	train loss: 25748.0390625	(24.5s)
epoch: 10	train loss: 25728.6015625	(24.5s)
epoch: 11	train loss: 25221.9140625	(24.6s)
epoch: 12	train loss: 24900.861328125	(24.5s)
epoch: 13	train loss: 24550.576171875	(24.5s)
epoch: 14	train loss: 24173.625	(24.5s)
epoch: 15	train loss: 24082.208984375	(24.5s)
epoch: 16	train loss: 23669.478515625	(24.5s)
epoch: 17	train loss: 23570.740234375	(24.5s)
epoch: 18	train loss: 23417.587890625	(24.6s)
epoch: 19	train loss: 22935.908203125	(24.5s)
epoch: 20	train loss: 23011.025390625	(24.5s)
epoch: 21	train loss: 22552.361328125	(24.5s)
epoch: 22	train loss: 22150.390625	(24.5s)
epoch: 23	train loss: 22085.283203125	(24.5s)
epoch: 24	train loss: 22202.234375	(24.5s)
epoch: 25	train loss: 21815.51171875	(24.5s)
epoch: 26	train loss: 21724.943359375	(24.5s)
epoch: 27	train loss: 21176.015625	(24.5s)
epoch: 28	train loss: 21001.98046875	(24.5s)
epoch: 29	train loss: 20852.80859375	(24.6s)
epoch: 30	train loss: 20966.671875	(24.5s)
epoch: 31	train loss: 20738.349609375	(24.5s)
epoch: 32	train loss: 20490.791015625	(24.5s)
epoch: 33	train loss: 20331.341796875	(24.6s)
epoch: 34	train loss: 20096.673828125	(24.5s)
epoch: 35	train loss: 19662.712890625	(24.7s)
epoch: 36	train loss: 19530.986328125	(24.4s)
epoch: 37	train loss: 19240.17578125	(24.4s)
epoch: 38	train loss: 19389.2578125	(24.4s)
epoch: 39	train loss: 19881.83984375	(24.4s)
epoch: 40	train loss: 19015.4453125	(24.6s)
epoch: 41	train loss: 19746.390625	(24.5s)
epoch: 42	train loss: 19793.0	(24.5s)
epoch: 43	train loss: 19082.75390625	(24.5s)
epoch: 44	train loss: 18913.0	(24.6s)
epoch: 45	train loss: 18637.74609375	(24.5s)
epoch: 46	train loss: 18767.83984375	(24.5s)
epoch: 47	train loss: 18390.046875	(24.5s)
epoch: 48	train loss: 18510.419921875	(24.5s)
epoch: 49	train loss: 18593.373046875	(24.5s)
epoch: 50	train loss: 18137.06640625	(24.5s)
epoch: 51	train loss: 18651.626953125	(24.6s)
epoch: 52	train loss: 18265.5234375	(24.5s)
epoch: 53	train loss: 18181.171875	(24.5s)
epoch: 54	train loss: 18175.623046875	(24.5s)
epoch: 55	train loss: 17783.955078125	(24.5s)
epoch: 56	train loss: 18004.02734375	(24.5s)
epoch: 57	train loss: 18101.408203125	(24.5s)
epoch: 58	train loss: 17172.626953125	(24.5s)
epoch: 59	train loss: 17165.26171875	(24.5s)
epoch: 60	train loss: 16670.65234375	(24.5s)
epoch: 61	train loss: 16268.578125	(24.5s)
epoch: 62	train loss: 16549.587890625	(24.6s)
epoch: 63	train loss: 16500.625	(24.5s)
epoch: 64	train loss: 16170.35546875	(24.5s)
epoch: 65	train loss: 16071.048828125	(24.5s)
epoch: 66	train loss: 15939.9658203125	(24.6s)
epoch: 67	train loss: 15507.8115234375	(24.5s)
epoch: 68	train loss: 15607.4912109375	(24.5s)
epoch: 69	train loss: 15541.64453125	(24.5s)
epoch: 70	train loss: 15087.603515625	(24.6s)
epoch: 71	train loss: 15337.2001953125	(24.5s)
epoch: 72	train loss: 14997.9677734375	(24.5s)
epoch: 73	train loss: 16336.0322265625	(24.5s)
epoch: 74	train loss: 15303.0361328125	(24.5s)
epoch: 75	train loss: 15201.3896484375	(24.5s)
epoch: 76	train loss: 14765.654296875	(24.5s)
epoch: 77	train loss: 14505.4921875	(24.6s)
epoch: 78	train loss: 14705.1064453125	(24.5s)
epoch: 79	train loss: 14885.572265625	(24.5s)
epoch: 80	train loss: 14737.6875	(24.5s)
epoch: 81	train loss: 14773.9306640625	(24.6s)
epoch: 82	train loss: 14571.9755859375	(24.5s)
epoch: 83	train loss: 15163.29296875	(24.5s)
epoch: 84	train loss: 14263.447265625	(24.4s)
epoch: 85	train loss: 14745.134765625	(24.4s)
epoch: 86	train loss: 14238.8349609375	(24.4s)
epoch: 87	train loss: 14192.9365234375	(24.4s)
epoch: 88	train loss: 13863.3125	(24.6s)
epoch: 89	train loss: 13691.9580078125	(24.5s)
epoch: 90	train loss: 14137.6650390625	(24.5s)
epoch: 91	train loss: 13802.439453125	(24.5s)
epoch: 92	train loss: 13448.9208984375	(24.5s)
epoch: 93	train loss: 13320.859375	(24.5s)
epoch: 94	train loss: 12904.5595703125	(24.5s)
epoch: 95	train loss: 14421.8408203125	(24.5s)
epoch: 96	train loss: 13080.7587890625	(24.6s)
epoch: 97	train loss: 12968.9921875	(24.5s)
epoch: 98	train loss: 13058.298828125	(24.5s)
epoch: 99	train loss: 12944.0556640625	(24.5s)
Evaluating model on 200 episodes
Solved 37/200 episodes
Evaluated model in 18.9 seconds
Saved model for run
401585e1c032428894848bdaac632e49 with name round-1
Round 2
Generated trajectories in 74.4 seconds
epoch: 0	train loss: 40647.65234375	(24.5s)
epoch: 1	train loss: 33454.72265625	(24.5s)
epoch: 2	train loss: 30063.61328125	(24.5s)
epoch: 3	train loss: 27973.525390625	(24.5s)
epoch: 4	train loss: 26578.798828125	(24.6s)
epoch: 5	train loss: 25212.4375	(24.6s)
epoch: 6	train loss: 24219.9140625	(24.6s)
epoch: 7	train loss: 23396.8984375	(24.6s)
epoch: 8	train loss: 22593.16796875	(24.6s)
epoch: 9	train loss: 22016.001953125	(24.7s)
epoch: 10	train loss: 21342.541015625	(24.6s)
epoch: 11	train loss: 20726.654296875	(24.6s)
epoch: 12	train loss: 20063.265625	(24.6s)
epoch: 13	train loss: 19672.228515625	(24.7s)
epoch: 14	train loss: 19443.1640625	(24.6s)
epoch: 15	train loss: 18757.50390625	(24.6s)
epoch: 16	train loss: 18605.90234375	(24.6s)
epoch: 17	train loss: 17913.88671875	(24.6s)
epoch: 18	train loss: 18874.42578125	(24.6s)
epoch: 19	train loss: 17447.517578125	(24.6s)
epoch: 20	train loss: 17090.052734375	(24.6s)
epoch: 21	train loss: 16579.294921875	(24.7s)
epoch: 22	train loss: 16341.94140625	(24.6s)
epoch: 23	train loss: 15603.4716796875	(24.6s)
epoch: 24	train loss: 15323.95703125	(24.6s)
epoch: 25	train loss: 14925.4404296875	(24.7s)
epoch: 26	train loss: 14670.423828125	(24.6s)
epoch: 27	train loss: 14281.1962890625	(24.6s)
epoch: 28	train loss: 14525.3447265625	(24.5s)
epoch: 29	train loss: 14150.7763671875	(24.5s)
epoch: 30	train loss: 14340.1611328125	(24.4s)
epoch: 31	train loss: 15264.369140625	(24.5s)
epoch: 32	train loss: 14021.9833984375	(24.6s)
epoch: 33	train loss: 13111.1533203125	(24.7s)
epoch: 34	train loss: 12897.8828125	(24.6s)
epoch: 35	train loss: 13174.392578125	(24.6s)
epoch: 36	train loss: 12843.6025390625	(24.6s)
epoch: 37	train loss: 12590.822265625	(24.7s)
epoch: 38	train loss: 12207.2587890625	(24.6s)
epoch: 39	train loss: 12432.5791015625	(24.6s)
epoch: 40	train loss: 11916.0361328125	(24.6s)
epoch: 41	train loss: 11888.8251953125	(24.7s)
epoch: 42	train loss: 11644.953125	(24.6s)
epoch: 43	train loss: 11366.716796875	(24.6s)
epoch: 44	train loss: 11073.2998046875	(24.6s)
epoch: 45	train loss: 10927.9287109375	(24.7s)
epoch: 46	train loss: 10932.564453125	(24.6s)
epoch: 47	train loss: 10606.2529296875	(24.6s)
epoch: 48	train loss: 10515.2626953125	(24.6s)
epoch: 49	train loss: 10357.927734375	(24.6s)
epoch: 50	train loss: 10101.30859375	(24.6s)
epoch: 51	train loss: 10285.923828125	(24.6s)
epoch: 52	train loss: 9831.1630859375	(24.6s)
epoch: 53	train loss: 9750.189453125	(24.7s)
epoch: 54	train loss: 9723.6943359375	(24.6s)
epoch: 55	train loss: 11401.6103515625	(24.6s)
epoch: 56	train loss: 9481.58203125	(24.6s)
epoch: 57	train loss: 9355.1005859375	(24.7s)
epoch: 58	train loss: 9096.2666015625	(24.6s)
epoch: 59	train loss: 8861.09375	(24.6s)
epoch: 60	train loss: 9441.2265625	(24.6s)
epoch: 61	train loss: 8905.8798828125	(24.7s)
epoch: 62	train loss: 9033.884765625	(24.6s)
epoch: 63	train loss: 9318.484375	(24.5s)
epoch: 64	train loss: 8811.7294921875	(24.6s)
epoch: 65	train loss: 8671.2158203125	(24.7s)
epoch: 66	train loss: 8546.7529296875	(24.6s)
epoch: 67	train loss: 8761.595703125	(24.6s)
epoch: 68	train loss: 8764.068359375	(24.6s)
epoch: 69	train loss: 8338.556640625	(24.6s)
epoch: 70	train loss: 7881.10888671875	(24.6s)
epoch: 71	train loss: 8343.7529296875	(24.6s)
epoch: 72	train loss: 8276.4658203125	(24.6s)
epoch: 73	train loss: 8244.3896484375	(24.7s)
epoch: 74	train loss: 8268.3427734375	(24.6s)
epoch: 75	train loss: 9144.412109375	(24.6s)
epoch: 76	train loss: 7974.0283203125	(24.5s)
epoch: 77	train loss: 8116.85009765625	(24.5s)
epoch: 78	train loss: 8490.1650390625	(24.4s)
epoch: 79	train loss: 7782.13623046875	(24.5s)
epoch: 80	train loss: 8751.2041015625	(24.6s)
epoch: 81	train loss: 7565.43115234375	(24.7s)
epoch: 82	train loss: 8254.9638671875	(24.6s)
epoch: 83	train loss: 7528.1669921875	(24.6s)
epoch: 84	train loss: 7667.70849609375	(24.6s)
epoch: 85	train loss: 7580.9013671875	(24.7s)
epoch: 86	train loss: 7651.732421875	(24.5s)
epoch: 87	train loss: 7930.86865234375	(24.6s)
epoch: 88	train loss: 7319.5390625	(24.6s)
epoch: 89	train loss: 7283.79345703125	(24.7s)
epoch: 90	train loss: 7231.84033203125	(24.6s)
epoch: 91	train loss: 7907.61474609375	(24.5s)
epoch: 92	train loss: 7535.48388671875	(24.6s)
epoch: 93	train loss: 7069.19677734375	(24.7s)
epoch: 94	train loss: 7177.37841796875	(24.6s)
epoch: 95	train loss: 7214.9091796875	(24.6s)
epoch: 96	train loss: 7348.2470703125	(24.6s)
epoch: 97	train loss: 6793.3017578125	(24.7s)
epoch: 98	train loss: 7246.59619140625	(24.6s)
epoch: 99	train loss: 6943.15869140625	(24.6s)
Evaluating model on 200 episodes
Solved 61/200 episodes
Evaluated model in 22.2 seconds
Saved model for run
401585e1c032428894848bdaac632e49 with name round-2
Round 3
Generated trajectories in 75.2 seconds
epoch: 0	train loss: 36551.12890625	(24.7s)
epoch: 1	train loss: 28869.693359375	(24.7s)
epoch: 2	train loss: 25131.76953125	(24.8s)
epoch: 3	train loss: 22301.58203125	(24.8s)
epoch: 4	train loss: 20909.537109375	(24.8s)
epoch: 5	train loss: 19385.138671875	(24.9s)
epoch: 6	train loss: 20246.25	(24.8s)
epoch: 7	train loss: 17861.572265625	(24.8s)
epoch: 8	train loss: 17306.791015625	(24.8s)
epoch: 9	train loss: 16926.322265625	(24.9s)
epoch: 10	train loss: 15529.3486328125	(24.8s)
epoch: 11	train loss: 15275.587890625	(24.8s)
epoch: 12	train loss: 15222.1376953125	(24.8s)
epoch: 13	train loss: 15489.38671875	(24.8s)
epoch: 14	train loss: 13930.9736328125	(24.9s)
epoch: 15	train loss: 13427.7607421875	(24.8s)
epoch: 16	train loss: 13131.36328125	(24.8s)
epoch: 17	train loss: 13231.537109375	(24.8s)
epoch: 18	train loss: 13145.7822265625	(24.9s)
epoch: 19	train loss: 12239.275390625	(24.8s)
epoch: 20	train loss: 11378.8095703125	(24.7s)
epoch: 21	train loss: 11896.6455078125	(24.7s)
epoch: 22	train loss: 11286.541015625	(24.7s)
epoch: 23	train loss: 12761.013671875	(24.8s)
epoch: 24	train loss: 11476.8212890625	(24.8s)
epoch: 25	train loss: 10725.4521484375	(24.9s)
epoch: 26	train loss: 10830.447265625	(24.9s)
epoch: 27	train loss: 10880.240234375	(24.8s)
epoch: 28	train loss: 10423.6611328125	(24.8s)
epoch: 29	train loss: 10353.556640625	(24.8s)
epoch: 30	train loss: 10077.8642578125	(24.9s)
epoch: 31	train loss: 9432.1748046875	(24.8s)
epoch: 32	train loss: 10044.3974609375	(24.8s)
epoch: 33	train loss: 9418.2607421875	(24.8s)
epoch: 34	train loss: 9057.779296875	(24.8s)
epoch: 35	train loss: 8911.421875	(24.8s)
epoch: 36	train loss: 9075.8681640625	(24.8s)
epoch: 37	train loss: 9253.0517578125	(24.8s)
epoch: 38	train loss: 9430.6162109375	(24.8s)
epoch: 39	train loss: 8882.7705078125	(24.8s)
epoch: 40	train loss: 8776.9248046875	(24.8s)
epoch: 41	train loss: 9335.3134765625	(24.8s)
epoch: 42	train loss: 8817.6220703125	(24.8s)
epoch: 43	train loss: 8390.318359375	(24.9s)
epoch: 44	train loss: 8382.57421875	(24.8s)
epoch: 45	train loss: 8654.6650390625	(24.8s)
epoch: 46	train loss: 7874.765625	(24.8s)
epoch: 47	train loss: 8391.2255859375	(24.8s)
epoch: 48	train loss: 7746.72607421875	(24.8s)
epoch: 49	train loss: 7723.82421875	(24.8s)
epoch: 50	train loss: 10139.5625	(24.9s)
epoch: 51	train loss: 8270.8056640625	(24.9s)
epoch: 52	train loss: 7788.0517578125	(24.8s)
epoch: 53	train loss: 7630.19287109375	(24.8s)
epoch: 54	train loss: 7486.9501953125	(24.8s)
epoch: 55	train loss: 7656.1611328125	(24.9s)
epoch: 56	train loss: 7459.93505859375	(24.8s)
epoch: 57	train loss: 7017.38330078125	(24.8s)
epoch: 58	train loss: 7676.703125	(24.8s)
epoch: 59	train loss: 8049.44482421875	(24.9s)
epoch: 60	train loss: 8627.53515625	(24.8s)
epoch: 61	train loss: 7404.8134765625	(24.8s)
epoch: 62	train loss: 6870.1767578125	(24.8s)
epoch: 63	train loss: 6679.94091796875	(24.8s)
epoch: 64	train loss: 6458.36767578125	(24.9s)
epoch: 65	train loss: 6562.1767578125	(24.8s)
epoch: 66	train loss: 7704.50732421875	(24.8s)
epoch: 67	train loss: 6939.92236328125	(24.8s)
epoch: 68	train loss: 7146.67333984375	(24.7s)
epoch: 69	train loss: 7117.81396484375	(24.7s)
epoch: 70	train loss: 6917.3037109375	(24.7s)
epoch: 71	train loss: 6463.9541015625	(24.8s)
epoch: 72	train loss: 6128.5478515625	(24.9s)
epoch: 73	train loss: 7335.84228515625	(24.8s)
epoch: 74	train loss: 6319.21044921875	(24.8s)
epoch: 75	train loss: 6588.59326171875	(24.8s)
epoch: 76	train loss: 7262.15478515625	(24.9s)
epoch: 77	train loss: 6036.2216796875	(24.8s)
epoch: 78	train loss: 6101.56396484375	(24.8s)
epoch: 79	train loss: 6142.92578125	(24.9s)
epoch: 80	train loss: 6563.6806640625	(24.9s)
epoch: 81	train loss: 5838.681640625	(24.8s)
epoch: 82	train loss: 7118.412109375	(24.8s)
epoch: 83	train loss: 6939.1201171875	(24.8s)
epoch: 84	train loss: 6545.390625	(24.9s)
epoch: 85	train loss: 7089.62939453125	(24.8s)
epoch: 86	train loss: 6780.89013671875	(24.8s)
epoch: 87	train loss: 6439.236328125	(24.8s)
epoch: 88	train loss: 6200.2001953125	(24.9s)
epoch: 89	train loss: 6370.607421875	(24.8s)
epoch: 90	train loss: 8330.525390625	(24.8s)
epoch: 91	train loss: 6391.291015625	(24.8s)
epoch: 92	train loss: 5804.0849609375	(24.8s)
epoch: 93	train loss: 5264.13037109375	(24.8s)
epoch: 94	train loss: 5687.45361328125	(24.8s)
epoch: 95	train loss: 5261.33837890625	(24.8s)
epoch: 96	train loss: 5599.3271484375	(24.8s)
epoch: 97	train loss: 5802.18994140625	(24.8s)
epoch: 98	train loss: 7173.05908203125	(24.8s)
epoch: 99	train loss: 5831.005859375	(24.8s)
Evaluating model on 200 episodes
Solved 83/200 episodes
Evaluated model in 20.6 seconds
Saved model for run
401585e1c032428894848bdaac632e49 with name round-3
Round 4
Generated trajectories in 75.1 seconds
epoch: 0	train loss: 28698.396484375	(24.6s)
epoch: 1	train loss: 21880.353515625	(24.6s)
epoch: 2	train loss: 18322.171875	(24.8s)
epoch: 3	train loss: 16989.640625	(24.8s)
epoch: 4	train loss: 15152.2001953125	(24.7s)
epoch: 5	train loss: 15495.0654296875	(24.7s)
epoch: 6	train loss: 13573.615234375	(24.9s)
epoch: 7	train loss: 12590.3056640625	(24.8s)
epoch: 8	train loss: 12362.791015625	(24.8s)
epoch: 9	train loss: 11767.1748046875	(24.8s)
epoch: 10	train loss: 11765.9404296875	(24.9s)
epoch: 11	train loss: 11428.169921875	(24.7s)
epoch: 12	train loss: 10830.6923828125	(24.6s)
epoch: 13	train loss: 11184.900390625	(24.6s)
epoch: 14	train loss: 10007.455078125	(24.7s)
epoch: 15	train loss: 10421.3173828125	(24.7s)
epoch: 16	train loss: 10826.4541015625	(24.7s)
epoch: 17	train loss: 10480.37109375	(24.8s)
epoch: 18	train loss: 9661.5576171875	(24.9s)
epoch: 19	train loss: 9396.205078125	(24.8s)
epoch: 20	train loss: 8967.275390625	(24.7s)
epoch: 21	train loss: 9493.51171875	(24.8s)
epoch: 22	train loss: 8986.341796875	(24.9s)
epoch: 23	train loss: 8316.32421875	(24.7s)
epoch: 24	train loss: 8385.6962890625	(24.7s)
epoch: 25	train loss: 9359.279296875	(24.9s)
epoch: 26	train loss: 7867.9921875	(24.9s)
epoch: 27	train loss: 7720.1474609375	(24.7s)
epoch: 28	train loss: 7602.7861328125	(24.7s)
epoch: 29	train loss: 8780.94140625	(24.9s)
epoch: 30	train loss: 7966.61669921875	(24.8s)
epoch: 31	train loss: 7614.7216796875	(24.7s)
epoch: 32	train loss: 7199.7509765625	(24.7s)
epoch: 33	train loss: 7294.52734375	(24.8s)
epoch: 34	train loss: 7164.4619140625	(24.8s)
epoch: 35	train loss: 7064.00537109375	(24.8s)
epoch: 36	train loss: 6664.01123046875	(24.7s)
epoch: 37	train loss: 6765.4638671875	(24.8s)
epoch: 38	train loss: 7133.521484375	(24.8s)
epoch: 39	train loss: 7660.85302734375	(24.7s)
epoch: 40	train loss: 8993.203125	(24.7s)
epoch: 41	train loss: 6996.5419921875	(24.9s)
epoch: 42	train loss: 6787.20751953125	(24.8s)
epoch: 43	train loss: 8320.1328125	(24.7s)
epoch: 44	train loss: 6491.1923828125	(24.7s)
epoch: 45	train loss: 6913.92822265625	(24.9s)
epoch: 46	train loss: 6628.1103515625	(24.8s)
epoch: 47	train loss: 6856.78564453125	(24.8s)
epoch: 48	train loss: 9757.2119140625	(24.7s)
epoch: 49	train loss: 7385.15185546875	(24.9s)
epoch: 50	train loss: 6391.1748046875	(24.8s)
epoch: 51	train loss: 5753.61376953125	(24.7s)
epoch: 52	train loss: 6054.07373046875	(24.8s)
epoch: 53	train loss: 5875.513671875	(24.9s)
epoch: 54	train loss: 5733.54248046875	(24.8s)
epoch: 55	train loss: 5657.41259765625	(24.7s)
epoch: 56	train loss: 6862.96484375	(24.7s)
epoch: 57	train loss: 8003.2861328125	(24.9s)
epoch: 58	train loss: 6568.1181640625	(24.8s)
epoch: 59	train loss: 5413.0966796875	(24.6s)
epoch: 60	train loss: 5935.84130859375	(24.6s)
epoch: 61	train loss: 5666.251953125	(24.7s)
epoch: 62	train loss: 6033.54296875	(24.7s)
epoch: 63	train loss: 6463.197265625	(24.8s)
epoch: 64	train loss: 6827.58251953125	(24.7s)
epoch: 65	train loss: 6338.30322265625	(25.0s)
epoch: 66	train loss: 5048.8701171875	(24.8s)
epoch: 67	train loss: 5466.33984375	(24.7s)
epoch: 68	train loss: 5472.21875	(24.7s)
epoch: 69	train loss: 5633.802734375	(24.9s)
epoch: 70	train loss: 9072.2890625	(24.8s)
epoch: 71	train loss: 6171.79150390625	(24.7s)
epoch: 72	train loss: 5411.51806640625	(24.7s)
epoch: 73	train loss: 5316.88671875	(24.9s)
epoch: 74	train loss: 5453.9619140625	(24.8s)
epoch: 75	train loss: 4827.68896484375	(24.8s)
epoch: 76	train loss: 4548.79541015625	(24.7s)
epoch: 77	train loss: 7007.88330078125	(24.9s)
epoch: 78	train loss: 5505.24462890625	(24.8s)
epoch: 79	train loss: 7062.4765625	(24.7s)
epoch: 80	train loss: 5098.61376953125	(24.7s)
epoch: 81	train loss: 4993.97607421875	(24.9s)
epoch: 82	train loss: 5788.3388671875	(24.8s)
epoch: 83	train loss: 7263.41259765625	(24.7s)
epoch: 84	train loss: 5510.091796875	(24.7s)
epoch: 85	train loss: 5452.01171875	(24.9s)
epoch: 86	train loss: 4676.0849609375	(24.8s)
epoch: 87	train loss: 4613.27392578125	(24.7s)
epoch: 88	train loss: 5700.78466796875	(24.7s)
epoch: 89	train loss: 4875.52392578125	(24.9s)
epoch: 90	train loss: 4806.27783203125	(24.8s)
epoch: 91	train loss: 4803.97216796875	(24.7s)
epoch: 92	train loss: 4775.89697265625	(24.7s)
epoch: 93	train loss: 4793.04736328125	(24.8s)
epoch: 94	train loss: 4529.00341796875	(24.8s)
epoch: 95	train loss: 6870.41162109375	(24.8s)
epoch: 96	train loss: 5837.26123046875	(24.8s)
epoch: 97	train loss: 4509.24658203125	(24.9s)
epoch: 98	train loss: 3957.023681640625	(24.7s)
epoch: 99	train loss: 4670.57861328125	(24.8s)
Evaluating model on 200 episodes
Solved 103/200 episodes
Evaluated model in 24.6 seconds
Saved model for run
401585e1c032428894848bdaac632e49 with name round-4
Round 5
Generated trajectories in 74.5 seconds
epoch: 0	train loss: 20801.25	(24.7s)
epoch: 1	train loss: 16517.869140625	(24.6s)
epoch: 2	train loss: 13677.455078125	(24.8s)
epoch: 3	train loss: 12162.755859375	(24.5s)
epoch: 4	train loss: 11234.1806640625	(24.7s)
epoch: 5	train loss: 10781.5859375	(24.8s)
epoch: 6	train loss: 9905.0263671875	(24.7s)
epoch: 7	train loss: 9468.544921875	(24.7s)
epoch: 8	train loss: 8686.244140625	(24.7s)
epoch: 9	train loss: 9450.3876953125	(24.9s)
epoch: 10	train loss: 9277.49609375	(24.9s)
epoch: 11	train loss: 8560.93359375	(24.9s)
epoch: 12	train loss: 7846.82470703125	(24.8s)
epoch: 13	train loss: 8290.033203125	(24.9s)
epoch: 14	train loss: 7100.63037109375	(24.9s)
epoch: 15	train loss: 8371.623046875	(24.9s)
epoch: 16	train loss: 7810.876953125	(24.7s)
epoch: 17	train loss: 7011.93798828125	(24.8s)
epoch: 18	train loss: 8532.45703125	(24.9s)
epoch: 19	train loss: 8054.17578125	(24.8s)
epoch: 20	train loss: 8313.8916015625	(24.8s)
epoch: 21	train loss: 7854.0849609375	(24.7s)
epoch: 22	train loss: 7404.21875	(24.8s)
epoch: 23	train loss: 7990.71533203125	(25.0s)
epoch: 24	train loss: 6510.28857421875	(24.7s)
epoch: 25	train loss: 7214.21435546875	(24.8s)
epoch: 26	train loss: 6036.69580078125	(24.8s)
epoch: 27	train loss: 5683.8974609375	(24.8s)
epoch: 28	train loss: 7242.2822265625	(24.7s)
epoch: 29	train loss: 6222.31640625	(24.7s)
epoch: 30	train loss: 6295.16650390625	(24.9s)
epoch: 31	train loss: 6721.1064453125	(24.9s)
epoch: 32	train loss: 6856.0859375	(24.8s)
epoch: 33	train loss: 5681.109375	(24.8s)
epoch: 34	train loss: 5840.3642578125	(24.8s)
epoch: 35	train loss: 7689.52734375	(24.9s)
epoch: 36	train loss: 5458.935546875	(24.8s)
epoch: 37	train loss: 5289.744140625	(24.8s)
epoch: 38	train loss: 6891.19140625	(24.7s)
epoch: 39	train loss: 5315.6455078125	(24.9s)
epoch: 40	train loss: 5332.6943359375	(24.9s)
epoch: 41	train loss: 5874.1181640625	(24.7s)
epoch: 42	train loss: 6306.6396484375	(24.9s)
epoch: 43	train loss: 5898.130859375	(25.0s)
epoch: 44	train loss: 12725.6376953125	(24.9s)
epoch: 45	train loss: 6514.15185546875	(24.8s)
epoch: 46	train loss: 5541.0625	(24.8s)
epoch: 47	train loss: 5842.39208984375	(25.0s)
epoch: 48	train loss: 5044.28564453125	(24.8s)
epoch: 49	train loss: 5095.2353515625	(24.9s)
epoch: 50	train loss: 6246.98828125	(24.6s)
epoch: 51	train loss: 4674.564453125	(24.6s)
epoch: 52	train loss: 8660.2021484375	(24.7s)
epoch: 53	train loss: 5050.9990234375	(24.8s)
epoch: 54	train loss: 5549.716796875	(24.7s)
epoch: 55	train loss: 4461.99072265625	(24.9s)
epoch: 56	train loss: 4578.99267578125	(24.9s)
epoch: 57	train loss: 4844.8662109375	(24.7s)
epoch: 58	train loss: 5056.44921875	(24.8s)
epoch: 59	train loss: 3958.40234375	(24.9s)
epoch: 60	train loss: 8089.2431640625	(24.9s)
epoch: 61	train loss: 6007.734375	(24.8s)
epoch: 62	train loss: 5701.31396484375	(24.7s)
epoch: 63	train loss: 4245.8408203125	(24.7s)
epoch: 64	train loss: 4279.46044921875	(24.9s)
epoch: 65	train loss: 6565.57861328125	(24.8s)
epoch: 66	train loss: 4625.09228515625	(24.8s)
epoch: 67	train loss: 4153.6142578125	(24.8s)
epoch: 68	train loss: 6038.43310546875	(24.9s)
epoch: 69	train loss: 4009.908203125	(24.9s)
epoch: 70	train loss: 4220.74609375	(24.8s)
epoch: 71	train loss: 7819.48974609375	(24.8s)
epoch: 72	train loss: 5512.3330078125	(24.8s)
epoch: 73	train loss: 4476.59716796875	(24.9s)
epoch: 74	train loss: 4231.85302734375	(24.8s)
epoch: 75	train loss: 4021.522705078125	(24.7s)
epoch: 76	train loss: 3798.4833984375	(24.9s)
epoch: 77	train loss: 4085.125244140625	(24.8s)
epoch: 78	train loss: 3738.6640625	(24.8s)
epoch: 79	train loss: 4523.9423828125	(24.7s)
epoch: 80	train loss: 3864.740478515625	(24.9s)
epoch: 81	train loss: 3549.427490234375	(24.8s)
epoch: 82	train loss: 4602.068359375	(24.8s)
epoch: 83	train loss: 5253.36328125	(24.8s)
epoch: 84	train loss: 4304.95556640625	(24.9s)
epoch: 85	train loss: 4113.1025390625	(24.9s)
epoch: 86	train loss: 3476.87548828125	(24.8s)
epoch: 87	train loss: 5493.40185546875	(24.7s)
epoch: 88	train loss: 4035.126953125	(24.7s)
epoch: 89	train loss: 3472.83984375	(24.9s)
epoch: 90	train loss: 3455.749755859375	(24.7s)
epoch: 91	train loss: 6566.56494140625	(24.7s)
epoch: 92	train loss: 4965.6474609375	(24.9s)
epoch: 93	train loss: 4131.3359375	(24.9s)
epoch: 94	train loss: 3828.94482421875	(24.9s)
epoch: 95	train loss: 4353.29150390625	(24.8s)
epoch: 96	train loss: 4214.75390625	(24.8s)
epoch: 97	train loss: 2932.203857421875	(24.9s)
epoch: 98	train loss: 3400.336669921875	(24.7s)
epoch: 99	train loss: 3373.53955078125	(24.6s)
Evaluating model on 200 episodes
Solved 140/200 episodes
Evaluated model in 25.5 seconds
Saved model for run
401585e1c032428894848bdaac632e49 with name round-5
Round 6
Generated trajectories in 74.9 seconds
epoch: 0	train loss: 14793.052734375	(24.6s)
epoch: 1	train loss: 10777.046875	(24.6s)
epoch: 2	train loss: 8657.4921875	(24.8s)
epoch: 3	train loss: 9540.5205078125	(24.7s)
epoch: 4	train loss: 7272.12744140625	(24.7s)
epoch: 5	train loss: 7236.99609375	(24.7s)
epoch: 6	train loss: 5903.6923828125	(24.8s)
epoch: 7	train loss: 6358.28271484375	(24.7s)
epoch: 8	train loss: 9658.57421875	(24.7s)
epoch: 9	train loss: 6853.29736328125	(24.7s)
epoch: 10	train loss: 8846.171875	(24.9s)
epoch: 11	train loss: 4980.50634765625	(24.8s)
epoch: 12	train loss: 5430.1103515625	(24.8s)
epoch: 13	train loss: 6608.70263671875	(24.7s)
epoch: 14	train loss: 5981.40625	(24.9s)
epoch: 15	train loss: 5464.2265625	(24.8s)
epoch: 16	train loss: 4563.74609375	(24.7s)
epoch: 17	train loss: 5002.68505859375	(24.7s)
epoch: 18	train loss: 5504.48974609375	(25.0s)
epoch: 19	train loss: 4361.54736328125	(24.8s)
epoch: 20	train loss: 3953.23876953125	(24.8s)
epoch: 21	train loss: 5308.75341796875	(24.7s)
epoch: 22	train loss: 4687.35009765625	(24.9s)
epoch: 23	train loss: 8551.7939453125	(24.8s)
epoch: 24	train loss: 8478.544921875	(24.7s)
epoch: 25	train loss: 4837.06201171875	(24.7s)
epoch: 26	train loss: 4201.49755859375	(24.8s)
epoch: 27	train loss: 3839.646484375	(24.8s)
epoch: 28	train loss: 3798.79296875	(24.7s)
epoch: 29	train loss: 3465.103515625	(24.7s)
epoch: 30	train loss: 3427.500732421875	(24.9s)
epoch: 31	train loss: 3679.468017578125	(24.8s)
epoch: 32	train loss: 3704.18017578125	(24.8s)
epoch: 33	train loss: 5690.5888671875	(24.7s)
epoch: 34	train loss: 6398.39306640625	(24.8s)
epoch: 35	train loss: 4246.859375	(24.8s)
epoch: 36	train loss: 4014.190673828125	(24.8s)
epoch: 37	train loss: 3235.289794921875	(24.7s)
epoch: 38	train loss: 3003.223388671875	(24.7s)
epoch: 39	train loss: 9947.4287109375	(24.9s)
epoch: 40	train loss: 5436.68310546875	(24.8s)
epoch: 41	train loss: 3806.052490234375	(24.7s)
epoch: 42	train loss: 8365.7236328125	(24.6s)
epoch: 43	train loss: 4333.91796875	(24.7s)
epoch: 44	train loss: 4065.178466796875	(24.6s)
epoch: 45	train loss: 3727.13720703125	(24.7s)
epoch: 46	train loss: 4899.2333984375	(24.7s)
epoch: 47	train loss: 5056.36376953125	(24.8s)
epoch: 48	train loss: 6773.56103515625	(24.8s)
epoch: 49	train loss: 3255.53173828125	(24.7s)
epoch: 50	train loss: 3757.667236328125	(24.7s)
epoch: 51	train loss: 4135.021484375	(24.8s)
epoch: 52	train loss: 3194.030517578125	(24.8s)
epoch: 53	train loss: 3032.28955078125	(24.7s)
epoch: 54	train loss: 4704.9833984375	(24.8s)
epoch: 55	train loss: 4904.6962890625	(24.9s)
epoch: 56	train loss: 4748.90625	(24.8s)
epoch: 57	train loss: 3368.492919921875	(24.7s)
epoch: 58	train loss: 3638.842041015625	(24.7s)
epoch: 59	train loss: 3185.03515625	(24.8s)
epoch: 60	train loss: 2659.2490234375	(24.8s)
epoch: 61	train loss: 3737.447998046875	(24.7s)
epoch: 62	train loss: 4416.36083984375	(24.7s)
epoch: 63	train loss: 5384.1484375	(24.7s)
epoch: 64	train loss: 4053.785888671875	(25.0s)
epoch: 65	train loss: 2687.717529296875	(24.8s)
epoch: 66	train loss: 3306.367919921875	(24.7s)
epoch: 67	train loss: 5139.9208984375	(24.7s)
epoch: 68	train loss: 3132.17724609375	(24.9s)
epoch: 69	train loss: 5439.615234375	(24.8s)
epoch: 70	train loss: 4295.93310546875	(24.7s)
epoch: 71	train loss: 2933.8154296875	(24.7s)
epoch: 72	train loss: 3365.17919921875	(24.9s)
epoch: 73	train loss: 2584.60107421875	(24.9s)
epoch: 74	train loss: 3986.27001953125	(24.7s)
epoch: 75	train loss: 5354.4658203125	(24.7s)
epoch: 76	train loss: 4097.6552734375	(24.8s)
epoch: 77	train loss: 4186.810546875	(24.9s)
epoch: 78	train loss: 3021.103759765625	(24.7s)
epoch: 79	train loss: 3265.656005859375	(24.7s)
epoch: 80	train loss: 3375.926513671875	(24.8s)
epoch: 81	train loss: 2637.56103515625	(24.8s)
epoch: 82	train loss: 2209.739990234375	(24.7s)
epoch: 83	train loss: 2403.745849609375	(24.8s)
epoch: 84	train loss: 2760.0068359375	(24.9s)
epoch: 85	train loss: 2703.026123046875	(24.8s)
epoch: 86	train loss: 3795.672119140625	(24.7s)
epoch: 87	train loss: 3348.179443359375	(24.7s)
epoch: 88	train loss: 5770.001953125	(24.7s)
epoch: 89	train loss: 2946.189453125	(24.9s)
epoch: 90	train loss: 4878.5439453125	(24.6s)
epoch: 91	train loss: 2716.4267578125	(24.6s)
epoch: 92	train loss: 3917.222900390625	(24.6s)
epoch: 93	train loss: 4902.55615234375	(24.8s)
epoch: 94	train loss: 4498.87255859375	(24.8s)
epoch: 95	train loss: 3011.72412109375	(24.7s)
epoch: 96	train loss: 3846.21533203125	(24.7s)
epoch: 97	train loss: 2969.61279296875	(24.9s)
epoch: 98	train loss: 3946.832275390625	(24.8s)
epoch: 99	train loss: 3744.03369140625	(24.7s)
Evaluating model on 200 episodes
Solved 149/200 episodes
Evaluated model in 25.2 seconds
Saved model for run
401585e1c032428894848bdaac632e49 with name round-6
Round 7
Generated trajectories in 75.7 seconds
epoch: 0	train loss: 11694.3232421875	(25.0s)
epoch: 1	train loss: 8141.45458984375	(24.9s)
epoch: 2	train loss: 6774.4228515625	(25.2s)
epoch: 3	train loss: 5304.68310546875	(25.3s)
epoch: 4	train loss: 4665.87890625	(25.2s)
epoch: 5	train loss: 4762.13525390625	(25.2s)
epoch: 6	train loss: 7979.94921875	(25.3s)
epoch: 7	train loss: 5890.80517578125	(25.3s)
epoch: 8	train loss: 4470.39990234375	(25.2s)
epoch: 9	train loss: 5609.1015625	(25.2s)
epoch: 10	train loss: 4805.27978515625	(25.3s)
epoch: 11	train loss: 3844.298828125	(25.2s)
epoch: 12	train loss: 4973.6298828125	(25.2s)
epoch: 13	train loss: 5767.46875	(25.2s)
epoch: 14	train loss: 5032.6015625	(25.2s)
epoch: 15	train loss: 4567.62744140625	(25.3s)
epoch: 16	train loss: 4256.2841796875	(25.2s)
epoch: 17	train loss: 3479.020263671875	(25.2s)
epoch: 18	train loss: 4562.9296875	(25.2s)
epoch: 19	train loss: 5836.43994140625	(25.3s)
epoch: 20	train loss: 5135.67529296875	(25.3s)
epoch: 21	train loss: 4674.38916015625	(25.2s)
epoch: 22	train loss: 4991.35546875	(25.2s)
epoch: 23	train loss: 4153.7275390625	(25.3s)
epoch: 24	train loss: 5061.5341796875	(25.3s)
epoch: 25	train loss: 7102.11328125	(25.2s)
epoch: 26	train loss: 5204.22265625	(25.2s)
epoch: 27	train loss: 4414.60595703125	(25.2s)
epoch: 28	train loss: 5154.01513671875	(25.3s)
epoch: 29	train loss: 4137.55126953125	(25.2s)
epoch: 30	train loss: 3008.89990234375	(25.2s)
epoch: 31	train loss: 6095.93505859375	(25.3s)
epoch: 32	train loss: 3883.3759765625	(25.2s)
epoch: 33	train loss: 3975.201171875	(25.0s)
epoch: 34	train loss: 3035.6044921875	(25.1s)
epoch: 35	train loss: 2612.864013671875	(25.1s)
epoch: 36	train loss: 2571.740478515625	(25.2s)
epoch: 37	train loss: 2542.387451171875	(25.2s)
epoch: 38	train loss: 4432.3359375	(25.2s)
epoch: 39	train loss: 3499.940185546875	(25.3s)
epoch: 40	train loss: 2590.014404296875	(25.3s)
epoch: 41	train loss: 2735.517333984375	(25.2s)
epoch: 42	train loss: 5474.427734375	(25.2s)
epoch: 43	train loss: 4388.76904296875	(25.3s)
epoch: 44	train loss: 4597.65673828125	(25.3s)
epoch: 45	train loss: 6311.455078125	(25.2s)
epoch: 46	train loss: 3990.44775390625	(25.2s)
epoch: 47	train loss: 3294.260498046875	(25.3s)
epoch: 48	train loss: 2984.355712890625	(25.3s)
epoch: 49	train loss: 10288.34375	(25.2s)
epoch: 50	train loss: 6041.8251953125	(25.2s)
epoch: 51	train loss: 8089.06884765625	(25.3s)
epoch: 52	train loss: 6506.46240234375	(25.3s)
epoch: 53	train loss: 3213.824951171875	(25.2s)
epoch: 54	train loss: 3109.939453125	(25.2s)
epoch: 55	train loss: 3449.58544921875	(25.3s)
epoch: 56	train loss: 2545.964111328125	(25.3s)
epoch: 57	train loss: 2653.705078125	(25.2s)
epoch: 58	train loss: 2893.78466796875	(25.2s)
epoch: 59	train loss: 2540.250732421875	(25.2s)
epoch: 60	train loss: 2515.56884765625	(25.3s)
epoch: 61	train loss: 4319.69140625	(25.2s)
epoch: 62	train loss: 5679.16064453125	(25.2s)
epoch: 63	train loss: 3790.142578125	(25.2s)
epoch: 64	train loss: 3538.34765625	(25.3s)
epoch: 65	train loss: 4471.4560546875	(25.3s)
epoch: 66	train loss: 4252.10888671875	(25.2s)
epoch: 67	train loss: 2545.905029296875	(25.2s)
epoch: 68	train loss: 2287.645751953125	(25.3s)
epoch: 69	train loss: 2482.03173828125	(25.3s)
epoch: 70	train loss: 2366.25	(25.2s)
epoch: 71	train loss: 2627.68017578125	(25.2s)
epoch: 72	train loss: 4770.54345703125	(25.3s)
epoch: 73	train loss: 4125.2890625	(25.3s)
epoch: 74	train loss: 3229.706787109375	(25.2s)
epoch: 75	train loss: 3981.150146484375	(25.2s)
epoch: 76	train loss: 2293.85107421875	(25.3s)
epoch: 77	train loss: 1903.492431640625	(25.3s)
epoch: 78	train loss: 2558.355712890625	(25.2s)
epoch: 79	train loss: 3692.741943359375	(25.1s)
epoch: 80	train loss: 2795.652099609375	(25.1s)
epoch: 81	train loss: 5214.96923828125	(25.1s)
epoch: 82	train loss: 3357.515869140625	(25.0s)
epoch: 83	train loss: 2536.259033203125	(25.2s)
epoch: 84	train loss: 3706.5498046875	(25.3s)
epoch: 85	train loss: 2500.48974609375	(25.3s)
epoch: 86	train loss: 2234.6416015625	(25.2s)
epoch: 87	train loss: 3140.324462890625	(25.2s)
epoch: 88	train loss: 3308.4775390625	(25.3s)
epoch: 89	train loss: 2921.41455078125	(25.3s)
epoch: 90	train loss: 4728.79296875	(25.2s)
epoch: 91	train loss: 5010.1650390625	(25.2s)
epoch: 92	train loss: 2564.128662109375	(25.2s)
epoch: 93	train loss: 2217.6494140625	(25.3s)
epoch: 94	train loss: 3763.886474609375	(25.2s)
epoch: 95	train loss: 2509.33544921875	(25.2s)
epoch: 96	train loss: 2490.50537109375	(25.2s)
epoch: 97	train loss: 2368.795166015625	(25.3s)
epoch: 98	train loss: 2303.98681640625	(25.2s)
epoch: 99	train loss: 2685.61572265625	(25.2s)
Evaluating model on 200 episodes
Solved 155/200 episodes
Evaluated model in 24.2 seconds
Saved model for run
401585e1c032428894848bdaac632e49 with name round-7
Round 8
Generated trajectories in 75.7 seconds
epoch: 0	train loss: 7672.53955078125	(24.8s)
epoch: 1	train loss: 5308.552734375	(25.0s)
epoch: 2	train loss: 4483.591796875	(25.0s)
epoch: 3	train loss: 4001.189697265625	(25.1s)
epoch: 4	train loss: 4954.986328125	(25.1s)
epoch: 5	train loss: 3903.84033203125	(25.3s)
epoch: 6	train loss: 3615.494384765625	(25.0s)
epoch: 7	train loss: 3710.014892578125	(25.1s)
epoch: 8	train loss: 4759.59375	(25.2s)
epoch: 9	train loss: 4550.02001953125	(25.2s)
epoch: 10	train loss: 3423.960693359375	(25.0s)
epoch: 11	train loss: 7906.43798828125	(25.1s)
epoch: 12	train loss: 4000.64208984375	(25.1s)
epoch: 13	train loss: 11439.5458984375	(25.2s)
epoch: 14	train loss: 6898.02734375	(25.1s)
epoch: 15	train loss: 3310.79443359375	(25.1s)
epoch: 16	train loss: 2855.4697265625	(25.1s)
epoch: 17	train loss: 2743.00732421875	(25.0s)
epoch: 18	train loss: 3048.3623046875	(25.2s)
epoch: 19	train loss: 2782.090087890625	(24.9s)
epoch: 20	train loss: 3324.7470703125	(25.1s)
epoch: 21	train loss: 3571.18896484375	(25.2s)
epoch: 22	train loss: 3078.00439453125	(25.1s)
epoch: 23	train loss: 3265.14013671875	(25.0s)
epoch: 24	train loss: 3214.150146484375	(24.9s)
epoch: 25	train loss: 2276.62353515625	(24.9s)
epoch: 26	train loss: 2436.287353515625	(24.9s)
epoch: 27	train loss: 2945.328369140625	(25.1s)
epoch: 28	train loss: 4095.15380859375	(25.1s)
epoch: 29	train loss: 5835.70361328125	(25.1s)
epoch: 30	train loss: 5039.5087890625	(25.2s)
epoch: 31	train loss: 3403.189453125	(25.2s)
epoch: 32	train loss: 3644.45849609375	(25.1s)
epoch: 33	train loss: 3574.869384765625	(25.1s)
epoch: 34	train loss: 2678.510986328125	(25.2s)
epoch: 35	train loss: 2022.8983154296875	(25.2s)
epoch: 36	train loss: 2241.86279296875	(25.0s)
epoch: 37	train loss: 4089.59716796875	(25.1s)
epoch: 38	train loss: 2508.74365234375	(25.2s)
epoch: 39	train loss: 2282.97119140625	(25.1s)
epoch: 40	train loss: 2377.439208984375	(25.1s)
epoch: 41	train loss: 3231.117919921875	(25.0s)
epoch: 42	train loss: 7003.82861328125	(25.3s)
epoch: 43	train loss: 2574.875244140625	(25.1s)
epoch: 44	train loss: 2799.762451171875	(24.9s)
epoch: 45	train loss: 2893.514404296875	(25.2s)
epoch: 46	train loss: 2093.60986328125	(25.2s)
epoch: 47	train loss: 2309.494140625	(25.1s)
epoch: 48	train loss: 3362.4736328125	(25.1s)
epoch: 49	train loss: 2757.9482421875	(25.0s)
epoch: 50	train loss: 2595.796142578125	(25.2s)
epoch: 51	train loss: 4246.7666015625	(25.1s)
epoch: 52	train loss: 3185.880615234375	(24.9s)
epoch: 53	train loss: 3856.962646484375	(25.1s)
epoch: 54	train loss: 3467.3212890625	(25.2s)
epoch: 55	train loss: 2124.092041015625	(25.2s)
epoch: 56	train loss: 1842.0863037109375	(25.1s)
epoch: 57	train loss: 2245.6279296875	(25.1s)
epoch: 58	train loss: 2577.201416015625	(25.2s)
epoch: 59	train loss: 1924.27099609375	(25.0s)
epoch: 60	train loss: 4046.51171875	(25.1s)
epoch: 61	train loss: 5240.37451171875	(25.0s)
epoch: 62	train loss: 2907.64453125	(25.3s)
epoch: 63	train loss: 2532.421875	(25.1s)
epoch: 64	train loss: 2018.923095703125	(25.0s)
epoch: 65	train loss: 3225.153076171875	(25.1s)
epoch: 66	train loss: 2118.017333984375	(25.1s)
epoch: 67	train loss: 2503.3837890625	(25.2s)
epoch: 68	train loss: 2536.748291015625	(25.1s)
epoch: 69	train loss: 2039.2060546875	(25.2s)
epoch: 70	train loss: 2124.775390625	(25.1s)
epoch: 71	train loss: 2238.26611328125	(25.0s)
epoch: 72	train loss: 3523.462646484375	(24.8s)
epoch: 73	train loss: 2696.763427734375	(25.0s)
epoch: 74	train loss: 3859.49609375	(25.2s)
epoch: 75	train loss: 4970.33642578125	(25.2s)
epoch: 76	train loss: 3287.786376953125	(25.1s)
epoch: 77	train loss: 2392.729736328125	(25.1s)
epoch: 78	train loss: 1881.5667724609375	(25.2s)
epoch: 79	train loss: 1997.5479736328125	(25.0s)
epoch: 80	train loss: 2663.71630859375	(25.1s)
epoch: 81	train loss: 3023.03662109375	(25.2s)
epoch: 82	train loss: 1818.209716796875	(25.3s)
epoch: 83	train loss: 1896.166015625	(25.2s)
epoch: 84	train loss: 6455.150390625	(25.0s)
epoch: 85	train loss: 2844.05859375	(24.9s)
epoch: 86	train loss: 2513.39306640625	(25.1s)
epoch: 87	train loss: 3632.3232421875	(25.1s)
epoch: 88	train loss: 1733.83251953125	(25.1s)
epoch: 89	train loss: 3317.826171875	(25.1s)
epoch: 90	train loss: 4594.32421875	(25.3s)
epoch: 91	train loss: 2592.00390625	(25.0s)
epoch: 92	train loss: 1793.1405029296875	(25.1s)
epoch: 93	train loss: 1684.878173828125	(24.9s)
epoch: 94	train loss: 1740.357421875	(25.1s)
epoch: 95	train loss: 1743.0087890625	(25.2s)
epoch: 96	train loss: 3251.926513671875	(25.0s)
epoch: 97	train loss: 3626.2119140625	(25.1s)
epoch: 98	train loss: 2604.15478515625	(25.2s)
epoch: 99	train loss: 2009.384521484375	(25.0s)
Evaluating model on 200 episodes
Solved 170/200 episodes
Evaluated model in 25.7 seconds
Saved model for run
401585e1c032428894848bdaac632e49 with name round-8
Round 9
Generated trajectories in 75.3 seconds
epoch: 0	train loss: 5773.7158203125	(25.1s)
epoch: 1	train loss: 4567.31396484375	(24.9s)
epoch: 2	train loss: 3554.55615234375	(25.2s)
epoch: 3	train loss: 3590.251953125	(25.3s)
epoch: 4	train loss: 3280.754150390625	(25.4s)
epoch: 5	train loss: 4951.0546875	(25.3s)
epoch: 6	train loss: 3559.471923828125	(25.3s)
epoch: 7	train loss: 2747.95849609375	(25.4s)
epoch: 8	train loss: 2716.769287109375	(25.4s)
epoch: 9	train loss: 3524.14404296875	(25.3s)
epoch: 10	train loss: 2880.134521484375	(25.3s)
epoch: 11	train loss: 3506.322265625	(25.4s)
epoch: 12	train loss: 2924.4052734375	(25.3s)
epoch: 13	train loss: 2635.708740234375	(25.2s)
epoch: 14	train loss: 3029.905029296875	(25.1s)
epoch: 15	train loss: 7672.9130859375	(25.1s)
epoch: 16	train loss: 4701.39697265625	(25.2s)
epoch: 17	train loss: 2795.958740234375	(25.1s)
epoch: 18	train loss: 2374.1826171875	(25.1s)
epoch: 19	train loss: 2442.603271484375	(25.1s)
epoch: 20	train loss: 2968.3017578125	(25.2s)
epoch: 21	train loss: 4586.75390625	(25.2s)
epoch: 22	train loss: 3773.253173828125	(25.7s)
epoch: 23	train loss: 2804.71923828125	(25.5s)
epoch: 24	train loss: 2456.394775390625	(25.2s)
epoch: 25	train loss: 2246.8798828125	(25.1s)
epoch: 26	train loss: 4377.7470703125	(25.1s)
epoch: 27	train loss: 2798.125732421875	(25.1s)
epoch: 28	train loss: 2396.638916015625	(25.2s)
epoch: 29	train loss: 2347.788818359375	(25.0s)
epoch: 30	train loss: 3403.277587890625	(25.1s)
epoch: 31	train loss: 2807.775146484375	(25.1s)
epoch: 32	train loss: 2512.10546875	(25.2s)
epoch: 33	train loss: 2295.688232421875	(25.2s)
epoch: 34	train loss: 2239.68994140625	(25.1s)
epoch: 35	train loss: 2465.345947265625	(25.1s)
epoch: 36	train loss: 2997.114013671875	(25.2s)
epoch: 37	train loss: 4043.515869140625	(25.1s)
epoch: 38	train loss: 2343.20849609375	(25.1s)
epoch: 39	train loss: 2119.503662109375	(25.1s)
epoch: 40	train loss: 1955.3212890625	(25.2s)
epoch: 41	train loss: 2247.751953125	(25.2s)
epoch: 42	train loss: 4500.498046875	(25.1s)
epoch: 43	train loss: 5569.0791015625	(25.1s)
epoch: 44	train loss: 3105.802734375	(25.1s)
epoch: 45	train loss: 2042.1036376953125	(25.2s)
epoch: 46	train loss: 1774.6546630859375	(25.1s)
epoch: 47	train loss: 2047.2454833984375	(25.1s)
epoch: 48	train loss: 2356.002685546875	(25.1s)
epoch: 49	train loss: 2478.835205078125	(25.1s)
epoch: 50	train loss: 2148.745849609375	(25.1s)
epoch: 51	train loss: 3259.4697265625	(25.1s)
epoch: 52	train loss: 7505.66259765625	(25.1s)
epoch: 53	train loss: 2900.398193359375	(25.1s)
epoch: 54	train loss: 2076.000732421875	(25.1s)
epoch: 55	train loss: 1631.1138916015625	(25.1s)
epoch: 56	train loss: 2055.13623046875	(25.1s)
epoch: 57	train loss: 3522.01123046875	(25.1s)
epoch: 58	train loss: 3305.70361328125	(25.2s)
epoch: 59	train loss: 3006.306884765625	(25.1s)
epoch: 60	train loss: 4300.96044921875	(25.1s)
epoch: 61	train loss: 2845.3828125	(25.2s)
epoch: 62	train loss: 1702.3507080078125	(25.1s)
epoch: 63	train loss: 1790.893310546875	(25.1s)
epoch: 64	train loss: 2391.392333984375	(25.1s)
epoch: 65	train loss: 2120.84912109375	(25.2s)
epoch: 66	train loss: 1623.4991455078125	(25.1s)
epoch: 67	train loss: 1588.8935546875	(25.1s)
epoch: 68	train loss: 1760.1690673828125	(25.1s)
epoch: 69	train loss: 2299.008544921875	(25.1s)
epoch: 70	train loss: 8774.1279296875	(25.1s)
epoch: 71	train loss: 3080.2216796875	(25.1s)
epoch: 72	train loss: 2003.117431640625	(25.1s)
epoch: 73	train loss: 1653.6026611328125	(25.2s)
epoch: 74	train loss: 1800.138916015625	(25.2s)
epoch: 75	train loss: 1579.8197021484375	(25.1s)
epoch: 76	train loss: 1851.287841796875	(25.1s)
epoch: 77	train loss: 2653.66357421875	(25.2s)
epoch: 78	train loss: 3435.83251953125	(25.2s)
epoch: 79	train loss: 2966.304931640625	(25.1s)
epoch: 80	train loss: 2525.8984375	(25.1s)
epoch: 81	train loss: 3402.541748046875	(25.2s)
epoch: 82	train loss: 2119.756103515625	(25.2s)
epoch: 83	train loss: 1750.5865478515625	(25.1s)
epoch: 84	train loss: 1738.01025390625	(25.1s)
epoch: 85	train loss: 2870.202880859375	(25.2s)
epoch: 86	train loss: 2837.499267578125	(25.2s)
epoch: 87	train loss: 1723.857666015625	(25.1s)
epoch: 88	train loss: 3052.41943359375	(25.1s)
epoch: 89	train loss: 2073.8623046875	(25.2s)
epoch: 90	train loss: 2296.453125	(25.2s)
epoch: 91	train loss: 2538.213623046875	(25.1s)
epoch: 92	train loss: 2008.454833984375	(25.1s)
epoch: 93	train loss: 3352.634521484375	(25.1s)
epoch: 94	train loss: 2555.017578125	(25.2s)
epoch: 95	train loss: 2944.37890625	(25.1s)
epoch: 96	train loss: 2684.56494140625	(25.1s)
epoch: 97	train loss: 2255.57470703125	(25.1s)
epoch: 98	train loss: 1976.570556640625	(25.1s)
epoch: 99	train loss: 4470.67138671875	(25.0s)
Evaluating model on 200 episodes
Solved 176/200 episodes
Evaluated model in 24.9 seconds
Saved model for run
401585e1c032428894848bdaac632e49 with name round-9
Round 10
Generated trajectories in 75.2 seconds
epoch: 0	train loss: 5596.1748046875	(24.6s)
epoch: 1	train loss: 3732.640625	(24.5s)
epoch: 2	train loss: 3082.4228515625	(24.6s)
epoch: 3	train loss: 2923.18603515625	(24.8s)
epoch: 4	train loss: 4497.2958984375	(24.6s)
epoch: 5	train loss: 5263.79052734375	(24.9s)
epoch: 6	train loss: 3207.897705078125	(24.9s)
epoch: 7	train loss: 3242.960205078125	(24.9s)
epoch: 8	train loss: 3388.7060546875	(24.8s)
epoch: 9	train loss: 2560.4033203125	(24.5s)
epoch: 10	train loss: 2560.186279296875	(24.2s)
epoch: 11	train loss: 2064.606201171875	(24.5s)
epoch: 12	train loss: 2365.335693359375	(24.2s)
epoch: 13	train loss: 3833.830322265625	(24.4s)
epoch: 14	train loss: 2731.793212890625	(24.2s)
epoch: 15	train loss: 6033.07568359375	(24.5s)
epoch: 16	train loss: 5313.31884765625	(24.2s)
epoch: 17	train loss: 2291.73876953125	(24.4s)
epoch: 18	train loss: 2403.717041015625	(24.2s)
epoch: 19	train loss: 4403.62255859375	(24.5s)
epoch: 20	train loss: 2521.535400390625	(24.3s)
epoch: 21	train loss: 1968.05859375	(24.4s)
epoch: 22	train loss: 1863.756591796875	(24.2s)
epoch: 23	train loss: 2008.2874755859375	(24.5s)
epoch: 24	train loss: 2937.52001953125	(24.4s)
epoch: 25	train loss: 1856.5465087890625	(24.4s)
epoch: 26	train loss: 2115.22265625	(24.4s)
epoch: 27	train loss: 2005.868896484375	(24.5s)
epoch: 28	train loss: 3800.99609375	(24.5s)
epoch: 29	train loss: 3378.6982421875	(24.4s)
epoch: 30	train loss: 5940.1689453125	(24.2s)
epoch: 31	train loss: 2597.235107421875	(24.4s)
epoch: 32	train loss: 2327.814697265625	(24.3s)
epoch: 33	train loss: 2006.3236083984375	(24.3s)
epoch: 34	train loss: 1826.412353515625	(24.3s)
epoch: 35	train loss: 2009.0616455078125	(24.4s)
epoch: 36	train loss: 2081.993896484375	(24.3s)
epoch: 37	train loss: 4748.09375	(24.4s)
epoch: 38	train loss: 2132.20654296875	(24.4s)
epoch: 39	train loss: 1977.0040283203125	(24.4s)
epoch: 40	train loss: 2202.19580078125	(24.3s)
epoch: 41	train loss: 2541.489013671875	(24.4s)
epoch: 42	train loss: 2230.587890625	(24.4s)
epoch: 43	train loss: 3143.838134765625	(24.3s)
epoch: 44	train loss: 4480.21923828125	(24.5s)
epoch: 45	train loss: 4059.41650390625	(24.4s)
epoch: 46	train loss: 2010.5189208984375	(24.2s)
epoch: 47	train loss: 2047.8055419921875	(24.4s)
epoch: 48	train loss: 2819.1650390625	(24.5s)
epoch: 49	train loss: 1960.9681396484375	(24.4s)
epoch: 50	train loss: 2003.452880859375	(24.4s)
epoch: 51	train loss: 2869.993408203125	(24.3s)
epoch: 52	train loss: 2303.045166015625	(24.5s)
epoch: 53	train loss: 1686.03466796875	(24.5s)
epoch: 54	train loss: 1787.4842529296875	(24.2s)
epoch: 55	train loss: 1955.1197509765625	(24.4s)
epoch: 56	train loss: 2474.866943359375	(24.2s)
epoch: 57	train loss: 2970.1416015625	(24.4s)
epoch: 58	train loss: 3467.13134765625	(24.2s)
epoch: 59	train loss: 2453.661865234375	(24.3s)
epoch: 60	train loss: 2635.091552734375	(24.4s)
epoch: 61	train loss: 1900.780517578125	(24.5s)
epoch: 62	train loss: 1470.9432373046875	(24.4s)
epoch: 63	train loss: 2504.692138671875	(24.3s)
epoch: 64	train loss: 1790.2198486328125	(24.3s)
epoch: 65	train loss: 1322.5809326171875	(24.6s)
epoch: 66	train loss: 1379.434326171875	(24.2s)
epoch: 67	train loss: 2311.4697265625	(24.3s)
epoch: 68	train loss: 1909.92529296875	(24.2s)
epoch: 69	train loss: 3376.584228515625	(24.5s)
epoch: 70	train loss: 4658.29052734375	(24.4s)
epoch: 71	train loss: 3164.46533203125	(24.2s)
epoch: 72	train loss: 4159.8212890625	(24.2s)
epoch: 73	train loss: 2189.37109375	(24.2s)
epoch: 74	train loss: 1688.0179443359375	(24.4s)
epoch: 75	train loss: 1375.712890625	(24.3s)
epoch: 76	train loss: 3804.056640625	(24.4s)
epoch: 77	train loss: 2776.239013671875	(24.2s)
epoch: 78	train loss: 2926.974365234375	(24.2s)
epoch: 79	train loss: 1901.7132568359375	(24.2s)
epoch: 80	train loss: 1937.300048828125	(24.3s)
epoch: 81	train loss: 1845.0609130859375	(24.3s)
epoch: 82	train loss: 4460.4765625	(24.4s)
epoch: 83	train loss: 3228.666015625	(24.4s)
epoch: 84	train loss: 2748.730712890625	(24.3s)
epoch: 85	train loss: 2202.3310546875	(24.2s)
epoch: 86	train loss: 1550.4188232421875	(24.3s)
epoch: 87	train loss: 2524.423583984375	(24.4s)
epoch: 88	train loss: 2100.715576171875	(24.2s)
epoch: 89	train loss: 1780.5374755859375	(24.4s)
epoch: 90	train loss: 1722.2305908203125	(24.4s)
epoch: 91	train loss: 3365.070068359375	(24.4s)
epoch: 92	train loss: 2439.857666015625	(24.4s)
epoch: 93	train loss: 2213.379638671875	(24.2s)
epoch: 94	train loss: 4671.11181640625	(24.3s)
epoch: 95	train loss: 2314.65869140625	(24.4s)
epoch: 96	train loss: 2514.243408203125	(24.2s)
epoch: 97	train loss: 1623.361328125	(24.3s)
epoch: 98	train loss: 1499.0726318359375	(24.4s)
epoch: 99	train loss: 2010.1446533203125	(24.3s)
Evaluating model on 200 episodes
Solved 178/200 episodes
Evaluated model in 24.0 seconds
Saved model for run
401585e1c032428894848bdaac632e49 with name round-10
Round 11
Generated trajectories in 72.7 seconds
epoch: 0	train loss: 5152.57861328125	(24.2s)
epoch: 1	train loss: 3291.513427734375	(24.2s)
epoch: 2	train loss: 4079.400390625	(24.3s)
epoch: 3	train loss: 3241.031982421875	(24.5s)
epoch: 4	train loss: 3410.98681640625	(24.5s)
epoch: 5	train loss: 2737.030029296875	(24.5s)
epoch: 6	train loss: 3698.560791015625	(24.4s)
epoch: 7	train loss: 3114.500732421875	(24.5s)
epoch: 8	train loss: 2396.87109375	(24.5s)
epoch: 9	train loss: 4766.06591796875	(24.6s)
epoch: 10	train loss: 5446.140625	(24.5s)
epoch: 11	train loss: 2857.712158203125	(24.5s)
epoch: 12	train loss: 2463.092529296875	(24.6s)
epoch: 13	train loss: 2327.7265625	(24.6s)
epoch: 14	train loss: 2177.103759765625	(24.5s)
epoch: 15	train loss: 2265.333251953125	(24.5s)
epoch: 16	train loss: 3671.091552734375	(24.6s)
epoch: 17	train loss: 3203.195556640625	(24.6s)
epoch: 18	train loss: 2847.577880859375	(24.5s)
epoch: 19	train loss: 2669.145751953125	(24.5s)
epoch: 20	train loss: 2143.79931640625	(24.6s)
epoch: 21	train loss: 2030.1336669921875	(24.6s)
epoch: 22	train loss: 2043.6220703125	(24.5s)
epoch: 23	train loss: 2056.519287109375	(24.5s)
epoch: 24	train loss: 1767.6326904296875	(24.5s)
epoch: 25	train loss: 3398.815185546875	(24.5s)
epoch: 26	train loss: 3883.697021484375	(24.5s)
epoch: 27	train loss: 3094.445556640625	(24.5s)
epoch: 28	train loss: 2358.0146484375	(24.5s)
epoch: 29	train loss: 3716.28515625	(24.6s)
epoch: 30	train loss: 2251.779052734375	(24.5s)
epoch: 31	train loss: 1845.4794921875	(24.5s)
epoch: 32	train loss: 1990.4412841796875	(24.5s)
epoch: 33	train loss: 2060.443603515625	(24.6s)
epoch: 34	train loss: 1906.54638671875	(24.5s)
epoch: 35	train loss: 2273.777099609375	(24.5s)
epoch: 36	train loss: 2079.728759765625	(24.5s)
epoch: 37	train loss: 4936.8125	(24.6s)
epoch: 38	train loss: 3290.10400390625	(24.5s)
epoch: 39	train loss: 2475.40185546875	(24.5s)
epoch: 40	train loss: 2156.346923828125	(24.5s)
epoch: 41	train loss: 2657.89453125	(24.6s)
epoch: 42	train loss: 2953.99755859375	(24.5s)
epoch: 43	train loss: 3118.603759765625	(24.5s)
epoch: 44	train loss: 2601.91064453125	(24.5s)
epoch: 45	train loss: 1862.2742919921875	(24.5s)
epoch: 46	train loss: 1729.115234375	(24.5s)
epoch: 47	train loss: 1728.264892578125	(24.4s)
epoch: 48	train loss: 1398.048095703125	(24.4s)
epoch: 49	train loss: 1815.610107421875	(24.5s)
epoch: 50	train loss: 2682.225830078125	(24.5s)
epoch: 51	train loss: 3877.231689453125	(24.4s)
epoch: 52	train loss: 2596.2119140625	(24.4s)
epoch: 53	train loss: 6360.8427734375	(24.5s)
epoch: 54	train loss: 2621.080810546875	(24.6s)
epoch: 55	train loss: 1899.7733154296875	(24.5s)
epoch: 56	train loss: 2403.710693359375	(24.5s)
epoch: 57	train loss: 2837.203125	(24.5s)
epoch: 58	train loss: 2253.187255859375	(24.6s)
epoch: 59	train loss: 2384.10400390625	(24.5s)
epoch: 60	train loss: 1645.7744140625	(24.4s)
epoch: 61	train loss: 1920.616455078125	(24.5s)
epoch: 62	train loss: 2136.265869140625	(24.5s)
epoch: 63	train loss: 3725.257080078125	(24.4s)
epoch: 64	train loss: 1637.3568115234375	(24.4s)
epoch: 65	train loss: 2635.236083984375	(24.5s)
epoch: 66	train loss: 2019.4078369140625	(24.5s)
epoch: 67	train loss: 1667.8775634765625	(24.4s)
epoch: 68	train loss: 1838.7056884765625	(24.4s)
epoch: 69	train loss: 3276.007568359375	(24.5s)
epoch: 70	train loss: 2347.60498046875	(24.5s)
epoch: 71	train loss: 2020.939697265625	(24.5s)
epoch: 72	train loss: 1851.8712158203125	(24.4s)
epoch: 73	train loss: 1390.7518310546875	(24.5s)
epoch: 74	train loss: 1844.8287353515625	(24.5s)
epoch: 75	train loss: 1746.2093505859375	(24.5s)
epoch: 76	train loss: 1378.057861328125	(24.4s)
epoch: 77	train loss: 1467.8560791015625	(24.4s)
epoch: 78	train loss: 4009.25390625	(24.5s)
epoch: 79	train loss: 3176.895751953125	(24.5s)
epoch: 80	train loss: 1774.4195556640625	(24.4s)
epoch: 81	train loss: 1829.2913818359375	(24.5s)
epoch: 82	train loss: 1470.876953125	(24.5s)
epoch: 83	train loss: 2060.379150390625	(24.5s)
epoch: 84	train loss: 2871.810546875	(24.5s)
epoch: 85	train loss: 1735.7054443359375	(24.5s)
epoch: 86	train loss: 1490.3878173828125	(24.5s)
epoch: 87	train loss: 1592.5360107421875	(24.5s)
epoch: 88	train loss: 2578.9541015625	(24.5s)
epoch: 89	train loss: 4592.83203125	(24.5s)
epoch: 90	train loss: 2671.500732421875	(24.5s)
epoch: 91	train loss: 1487.883544921875	(24.6s)
epoch: 92	train loss: 1970.1259765625	(24.5s)
epoch: 93	train loss: 1879.9464111328125	(24.5s)
epoch: 94	train loss: 2369.9482421875	(24.5s)
epoch: 95	train loss: 1496.4945068359375	(24.5s)
epoch: 96	train loss: 2699.031005859375	(24.4s)
epoch: 97	train loss: 1278.1124267578125	(24.4s)
epoch: 98	train loss: 2545.340576171875	(24.4s)
epoch: 99	train loss: 1280.71923828125	(24.4s)
Evaluating model on 200 episodes
Solved 176/200 episodes
Evaluated model in 25.4 seconds
Saved model for run
401585e1c032428894848bdaac632e49 with name round-11
Round 12
Generated trajectories in 73.8 seconds
epoch: 0	train loss: 4630.34716796875	(24.4s)
epoch: 1	train loss: 3929.370849609375	(24.3s)
epoch: 2	train loss: 4244.97314453125	(24.6s)
epoch: 3	train loss: 3030.618896484375	(24.7s)
epoch: 4	train loss: 2725.009521484375	(24.6s)
epoch: 5	train loss: 2499.410888671875	(24.6s)
epoch: 6	train loss: 2406.914794921875	(24.6s)
epoch: 7	train loss: 2069.887939453125	(24.7s)
epoch: 8	train loss: 3666.857666015625	(24.7s)
epoch: 9	train loss: 3290.130126953125	(24.6s)
epoch: 10	train loss: 2217.22802734375	(24.7s)
epoch: 11	train loss: 2024.50244140625	(24.6s)
epoch: 12	train loss: 3759.4921875	(24.7s)
epoch: 13	train loss: 5127.984375	(24.4s)
epoch: 14	train loss: 2412.609130859375	(24.6s)
epoch: 15	train loss: 3157.83837890625	(24.8s)
epoch: 16	train loss: 2499.1005859375	(24.7s)
epoch: 17	train loss: 2907.336669921875	(24.6s)
epoch: 18	train loss: 2322.510986328125	(24.6s)
epoch: 19	train loss: 1775.029541015625	(24.6s)
epoch: 20	train loss: 1784.1658935546875	(24.7s)
epoch: 21	train loss: 1995.460205078125	(24.4s)
epoch: 22	train loss: 5530.6259765625	(24.6s)
epoch: 23	train loss: 3551.386962890625	(24.6s)
epoch: 24	train loss: 2558.552490234375	(24.7s)
epoch: 25	train loss: 1727.9923095703125	(24.4s)
epoch: 26	train loss: 2195.822265625	(24.6s)
epoch: 27	train loss: 3822.865478515625	(24.8s)
epoch: 28	train loss: 2138.988037109375	(24.6s)
epoch: 29	train loss: 1990.72607421875	(24.6s)
epoch: 30	train loss: 1866.9556884765625	(24.6s)
epoch: 31	train loss: 1985.9700927734375	(24.7s)
epoch: 32	train loss: 3149.007080078125	(24.6s)
epoch: 33	train loss: 1734.662109375	(24.6s)
epoch: 34	train loss: 2104.785400390625	(24.6s)
epoch: 35	train loss: 1994.414306640625	(24.7s)
epoch: 36	train loss: 1690.891845703125	(24.6s)
epoch: 37	train loss: 1891.128662109375	(24.6s)
epoch: 38	train loss: 3267.09033203125	(24.5s)
epoch: 39	train loss: 3805.82080078125	(24.5s)
epoch: 40	train loss: 3693.7373046875	(24.6s)
epoch: 41	train loss: 1984.808837890625	(24.6s)
epoch: 42	train loss: 1499.3167724609375	(24.4s)
epoch: 43	train loss: 1350.5006103515625	(24.7s)
epoch: 44	train loss: 1631.0440673828125	(24.6s)
epoch: 45	train loss: 2245.619384765625	(24.6s)
epoch: 46	train loss: 2678.27783203125	(24.6s)
epoch: 47	train loss: 3668.379638671875	(24.7s)
epoch: 48	train loss: 2678.91552734375	(24.7s)
epoch: 49	train loss: 1963.611083984375	(24.5s)
epoch: 50	train loss: 1685.4061279296875	(24.6s)
epoch: 51	train loss: 2209.679931640625	(24.6s)
epoch: 52	train loss: 3492.4345703125	(24.7s)
epoch: 53	train loss: 1969.564453125	(24.6s)
epoch: 54	train loss: 1411.85302734375	(24.6s)
epoch: 55	train loss: 1329.2906494140625	(24.6s)
epoch: 56	train loss: 2665.97509765625	(24.7s)
epoch: 57	train loss: 2276.696533203125	(24.6s)
epoch: 58	train loss: 1632.409423828125	(24.6s)
epoch: 59	train loss: 1317.8271484375	(24.7s)
epoch: 60	train loss: 2494.600341796875	(24.7s)
epoch: 61	train loss: 3289.129150390625	(24.6s)
epoch: 62	train loss: 3003.237548828125	(24.6s)
epoch: 63	train loss: 3731.9833984375	(24.5s)
epoch: 64	train loss: 1855.6876220703125	(24.8s)
epoch: 65	train loss: 1528.2042236328125	(24.7s)
epoch: 66	train loss: 1281.3907470703125	(24.6s)
epoch: 67	train loss: 1192.5472412109375	(24.7s)
epoch: 68	train loss: 2212.883544921875	(24.7s)
epoch: 69	train loss: 1664.9727783203125	(24.7s)
epoch: 70	train loss: 3657.618408203125	(24.6s)
epoch: 71	train loss: 1921.6456298828125	(24.7s)
epoch: 72	train loss: 1511.6124267578125	(24.8s)
epoch: 73	train loss: 1337.125244140625	(24.6s)
epoch: 74	train loss: 2292.684814453125	(24.6s)
epoch: 75	train loss: 2227.735107421875	(24.6s)
epoch: 76	train loss: 1549.4892578125	(24.7s)
epoch: 77	train loss: 2408.637451171875	(24.5s)
epoch: 78	train loss: 3602.038818359375	(24.6s)
epoch: 79	train loss: 1833.4896240234375	(24.7s)
epoch: 80	train loss: 1226.43115234375	(24.8s)
epoch: 81	train loss: 1280.52392578125	(24.7s)
epoch: 82	train loss: 1427.83447265625	(24.6s)
epoch: 83	train loss: 1399.90087890625	(24.5s)
epoch: 84	train loss: 2027.8724365234375	(24.8s)
epoch: 85	train loss: 1410.8050537109375	(24.7s)
epoch: 86	train loss: 1212.6103515625	(24.6s)
epoch: 87	train loss: 1454.85009765625	(24.6s)
epoch: 88	train loss: 1964.8939208984375	(24.8s)
epoch: 89	train loss: 5985.79541015625	(24.7s)
epoch: 90	train loss: 2480.0634765625	(24.6s)
epoch: 91	train loss: 1740.099365234375	(24.6s)
epoch: 92	train loss: 1511.2904052734375	(24.8s)
epoch: 93	train loss: 2369.08251953125	(24.5s)
epoch: 94	train loss: 1543.0150146484375	(24.6s)
epoch: 95	train loss: 2622.35595703125	(24.4s)
epoch: 96	train loss: 1957.78759765625	(24.8s)
epoch: 97	train loss: 1099.923828125	(24.6s)
epoch: 98	train loss: 1123.631591796875	(24.5s)
epoch: 99	train loss: 1394.7564697265625	(24.5s)
Evaluating model on 200 episodes
Solved 191/200 episodes
Evaluated model in 24.5 seconds
Saved model for run
401585e1c032428894848bdaac632e49 with name round-12
Round 13
Generated trajectories in 73.6 seconds
epoch: 0	train loss: 4108.18310546875	(24.2s)
epoch: 1	train loss: 2475.9130859375	(24.3s)
epoch: 2	train loss: 2985.74072265625	(24.5s)
epoch: 3	train loss: 2920.67919921875	(24.5s)
epoch: 4	train loss: 2965.060302734375	(24.5s)
epoch: 5	train loss: 4456.15625	(24.6s)
epoch: 6	train loss: 2418.368896484375	(24.6s)
epoch: 7	train loss: 1771.55078125	(24.5s)
epoch: 8	train loss: 1825.2822265625	(24.5s)
epoch: 9	train loss: 1964.612060546875	(24.6s)
epoch: 10	train loss: 1887.587158203125	(24.6s)
epoch: 11	train loss: 1692.0479736328125	(24.5s)
epoch: 12	train loss: 1764.80078125	(24.5s)
epoch: 13	train loss: 4508.1669921875	(24.6s)
epoch: 14	train loss: 2016.566162109375	(24.6s)
epoch: 15	train loss: 2491.2568359375	(24.6s)
epoch: 16	train loss: 1848.212646484375	(24.5s)
epoch: 17	train loss: 1826.9329833984375	(24.6s)
epoch: 18	train loss: 1625.99609375	(24.6s)
epoch: 19	train loss: 2106.001708984375	(24.6s)
epoch: 20	train loss: 3886.35546875	(24.5s)
epoch: 21	train loss: 4060.7197265625	(24.5s)
epoch: 22	train loss: 2219.22021484375	(24.6s)
epoch: 23	train loss: 3902.096435546875	(24.6s)
epoch: 24	train loss: 2329.662841796875	(24.5s)
epoch: 25	train loss: 2063.903076171875	(24.5s)
epoch: 26	train loss: 1433.6402587890625	(24.6s)
epoch: 27	train loss: 1531.526611328125	(24.6s)
epoch: 28	train loss: 1607.21044921875	(24.5s)
epoch: 29	train loss: 1814.890380859375	(24.5s)
epoch: 30	train loss: 4086.2548828125	(24.6s)
epoch: 31	train loss: 2233.97216796875	(24.6s)
epoch: 32	train loss: 2100.847412109375	(24.5s)
epoch: 33	train loss: 1788.1395263671875	(24.5s)
epoch: 34	train loss: 2794.659423828125	(24.6s)
epoch: 35	train loss: 2209.01123046875	(24.6s)
epoch: 36	train loss: 1392.903564453125	(24.5s)
epoch: 37	train loss: 1839.866943359375	(24.5s)
epoch: 38	train loss: 2003.4842529296875	(24.6s)
epoch: 39	train loss: 1783.14892578125	(24.6s)
epoch: 40	train loss: 1309.8878173828125	(24.5s)
epoch: 41	train loss: 1479.75439453125	(24.5s)
epoch: 42	train loss: 1174.9385986328125	(24.6s)
epoch: 43	train loss: 2932.765380859375	(24.6s)
epoch: 44	train loss: 3521.500732421875	(24.5s)
epoch: 45	train loss: 3404.633544921875	(24.5s)
epoch: 46	train loss: 2243.20068359375	(24.6s)
epoch: 47	train loss: 1521.1658935546875	(24.6s)
epoch: 48	train loss: 1863.5693359375	(24.5s)
epoch: 49	train loss: 1161.405029296875	(24.5s)
epoch: 50	train loss: 1379.8397216796875	(24.6s)
epoch: 51	train loss: 1641.817626953125	(24.6s)
epoch: 52	train loss: 1670.5552978515625	(24.5s)
epoch: 53	train loss: 2231.550537109375	(24.5s)
epoch: 54	train loss: 1256.224365234375	(24.6s)
epoch: 55	train loss: 2239.108154296875	(24.6s)
epoch: 56	train loss: 6075.826171875	(24.5s)
epoch: 57	train loss: 2702.95654296875	(24.5s)
epoch: 58	train loss: 1669.8475341796875	(24.6s)
epoch: 59	train loss: 1408.63330078125	(24.6s)
epoch: 60	train loss: 1173.661865234375	(24.5s)
epoch: 61	train loss: 1106.177001953125	(24.5s)
epoch: 62	train loss: 4226.93408203125	(24.6s)
epoch: 63	train loss: 2719.72021484375	(24.6s)
epoch: 64	train loss: 1997.6025390625	(24.5s)
epoch: 65	train loss: 1195.1815185546875	(24.5s)
epoch: 66	train loss: 1363.9007568359375	(24.6s)
epoch: 67	train loss: 1804.9989013671875	(24.6s)
epoch: 68	train loss: 1309.5264892578125	(24.6s)
epoch: 69	train loss: 1220.622314453125	(24.5s)
epoch: 70	train loss: 2236.96435546875	(24.6s)
epoch: 71	train loss: 1592.4935302734375	(24.6s)
epoch: 72	train loss: 2022.856201171875	(24.5s)
epoch: 73	train loss: 1097.92822265625	(24.5s)
epoch: 74	train loss: 2009.4376220703125	(24.5s)
epoch: 75	train loss: 1990.064697265625	(24.6s)
epoch: 76	train loss: 1943.4691162109375	(24.6s)
epoch: 77	train loss: 3591.7724609375	(24.5s)
epoch: 78	train loss: 3530.191162109375	(24.5s)
epoch: 79	train loss: 1674.2698974609375	(24.5s)
epoch: 80	train loss: 2548.909423828125	(24.5s)
epoch: 81	train loss: 3266.599365234375	(24.5s)
epoch: 82	train loss: 1464.9794921875	(24.5s)
epoch: 83	train loss: 1118.3277587890625	(24.6s)
epoch: 84	train loss: 1377.0098876953125	(24.6s)
epoch: 85	train loss: 1013.088623046875	(24.5s)
epoch: 86	train loss: 1708.72265625	(24.5s)
epoch: 87	train loss: 887.0220947265625	(24.6s)
epoch: 88	train loss: 1125.9805908203125	(24.6s)
epoch: 89	train loss: 1816.723876953125	(24.5s)
epoch: 90	train loss: 1026.6251220703125	(24.5s)
epoch: 91	train loss: 2670.41650390625	(24.6s)
epoch: 92	train loss: 2663.171875	(24.6s)
epoch: 93	train loss: 1085.4649658203125	(24.5s)
epoch: 94	train loss: 968.0025024414062	(24.5s)
epoch: 95	train loss: 996.4856567382812	(24.6s)
epoch: 96	train loss: 2589.3212890625	(24.6s)
epoch: 97	train loss: 2686.099365234375	(24.5s)
epoch: 98	train loss: 1371.99365234375	(24.4s)
epoch: 99	train loss: 859.1533203125	(24.5s)
Evaluating model on 200 episodes
Solved 191/200 episodes
Evaluated model in 24.0 seconds
Saved model for run
401585e1c032428894848bdaac632e49 with name round-13
Round 14
Generated trajectories in 74.0 seconds
epoch: 0	train loss: 3584.642578125	(24.5s)
epoch: 1	train loss: 2721.3857421875	(24.4s)
epoch: 2	train loss: 2642.400634765625	(24.6s)
epoch: 3	train loss: 2176.32373046875	(24.7s)
epoch: 4	train loss: 2517.454345703125	(24.8s)
epoch: 5	train loss: 3325.06201171875	(24.8s)
epoch: 6	train loss: 4696.1416015625	(24.7s)
epoch: 7	train loss: 4364.07958984375	(24.7s)
epoch: 8	train loss: 1884.7071533203125	(24.8s)
epoch: 9	train loss: 1808.6160888671875	(24.7s)
epoch: 10	train loss: 1607.17138671875	(24.7s)
epoch: 11	train loss: 1435.1019287109375	(24.7s)
epoch: 12	train loss: 1884.6217041015625	(24.8s)
epoch: 13	train loss: 2966.198486328125	(24.8s)
epoch: 14	train loss: 4044.372802734375	(24.4s)
epoch: 15	train loss: 4423.76220703125	(24.7s)
epoch: 16	train loss: 2222.24755859375	(24.8s)
epoch: 17	train loss: 2242.467041015625	(24.7s)
epoch: 18	train loss: 2614.197509765625	(24.6s)
epoch: 19	train loss: 1537.8760986328125	(24.7s)
epoch: 20	train loss: 1722.236328125	(24.8s)
epoch: 21	train loss: 2371.173583984375	(24.7s)
epoch: 22	train loss: 2744.42431640625	(24.6s)
epoch: 23	train loss: 1740.56201171875	(24.6s)
epoch: 24	train loss: 1532.104736328125	(24.8s)
epoch: 25	train loss: 1431.4053955078125	(24.7s)
epoch: 26	train loss: 2095.010986328125	(24.6s)
epoch: 27	train loss: 2757.931884765625	(24.6s)
epoch: 28	train loss: 2620.5546875	(24.6s)
epoch: 29	train loss: 5135.3388671875	(24.7s)
epoch: 30	train loss: 1603.3309326171875	(24.4s)
epoch: 31	train loss: 1149.8707275390625	(24.7s)
epoch: 32	train loss: 1160.5084228515625	(24.6s)
epoch: 33	train loss: 1692.6524658203125	(24.7s)
epoch: 34	train loss: 1247.3768310546875	(24.4s)
epoch: 35	train loss: 1345.0499267578125	(24.6s)
epoch: 36	train loss: 1680.728759765625	(24.8s)
epoch: 37	train loss: 1320.25830078125	(24.7s)
epoch: 38	train loss: 2257.8203125	(24.5s)
epoch: 39	train loss: 3318.29541015625	(24.7s)
epoch: 40	train loss: 2817.55078125	(24.9s)
epoch: 41	train loss: 1749.05322265625	(24.8s)
epoch: 42	train loss: 1124.12353515625	(24.7s)
epoch: 43	train loss: 1447.85302734375	(24.7s)
epoch: 44	train loss: 1153.1441650390625	(24.9s)
epoch: 45	train loss: 2132.879150390625	(24.8s)
epoch: 46	train loss: 1435.5609130859375	(24.7s)
epoch: 47	train loss: 1675.8055419921875	(24.7s)
epoch: 48	train loss: 1463.69140625	(24.8s)
epoch: 49	train loss: 1921.044921875	(24.8s)
epoch: 50	train loss: 1235.1048583984375	(24.7s)
epoch: 51	train loss: 1066.909912109375	(24.7s)
epoch: 52	train loss: 1028.97607421875	(24.8s)
epoch: 53	train loss: 1750.2867431640625	(24.8s)
epoch: 54	train loss: 1088.115966796875	(24.7s)
epoch: 55	train loss: 2169.51708984375	(24.7s)
epoch: 56	train loss: 3643.78955078125	(24.8s)
epoch: 57	train loss: 2500.22998046875	(24.8s)
epoch: 58	train loss: 1980.3660888671875	(24.5s)
epoch: 59	train loss: 3790.09033203125	(24.7s)
epoch: 60	train loss: 3024.237060546875	(24.8s)
epoch: 61	train loss: 1407.4425048828125	(24.8s)
epoch: 62	train loss: 1044.61181640625	(24.7s)
epoch: 63	train loss: 1176.0196533203125	(24.7s)
epoch: 64	train loss: 1282.4581298828125	(24.8s)
epoch: 65	train loss: 1243.2835693359375	(24.8s)
epoch: 66	train loss: 3904.251953125	(24.8s)
epoch: 67	train loss: 3073.642333984375	(24.7s)
epoch: 68	train loss: 1453.5653076171875	(24.6s)
epoch: 69	train loss: 1259.34033203125	(24.8s)
epoch: 70	train loss: 1099.9874267578125	(24.7s)
epoch: 71	train loss: 1947.048828125	(24.7s)
epoch: 72	train loss: 1471.6209716796875	(24.8s)
epoch: 73	train loss: 2442.328125	(24.8s)
epoch: 74	train loss: 1093.47216796875	(24.7s)
epoch: 75	train loss: 1762.608642578125	(24.7s)
epoch: 76	train loss: 896.4454956054688	(24.8s)
epoch: 77	train loss: 1537.6009521484375	(24.8s)
epoch: 78	train loss: 2675.005859375	(24.8s)
epoch: 79	train loss: 2803.609130859375	(24.7s)
epoch: 80	train loss: 2304.77783203125	(24.7s)
epoch: 81	train loss: 2862.572021484375	(24.8s)
epoch: 82	train loss: 1273.7708740234375	(24.7s)
epoch: 83	train loss: 1195.486083984375	(24.7s)
epoch: 84	train loss: 869.3453979492188	(24.8s)
epoch: 85	train loss: 1121.88818359375	(24.9s)
epoch: 86	train loss: 1353.6341552734375	(24.7s)
epoch: 87	train loss: 862.3524780273438	(24.7s)
epoch: 88	train loss: 926.0087890625	(24.8s)
epoch: 89	train loss: 1344.6856689453125	(24.8s)
epoch: 90	train loss: 1469.81103515625	(24.7s)
epoch: 91	train loss: 3834.86279296875	(24.7s)
epoch: 92	train loss: 2241.621337890625	(24.8s)
epoch: 93	train loss: 2584.08203125	(24.8s)
epoch: 94	train loss: 1195.3680419921875	(24.7s)
epoch: 95	train loss: 1174.4453125	(24.7s)
epoch: 96	train loss: 1200.2745361328125	(24.7s)
epoch: 97	train loss: 885.8805541992188	(24.7s)
epoch: 98	train loss: 1260.67431640625	(24.6s)
epoch: 99	train loss: 1993.8990478515625	(24.5s)
Evaluating model on 200 episodes
Solved 191/200 episodes
Evaluated model in 26.3 seconds
Saved model for run
401585e1c032428894848bdaac632e49 with name round-14
Round 15
Generated trajectories in 72.7 seconds
epoch: 0	train loss: 3610.04541015625	(24.1s)
epoch: 1	train loss: 2853.588623046875	(24.1s)
epoch: 2	train loss: 2108.969970703125	(24.4s)
epoch: 3	train loss: 2261.917724609375	(24.5s)
epoch: 4	train loss: 2154.286865234375	(24.4s)
epoch: 5	train loss: 1829.4400634765625	(24.4s)
epoch: 6	train loss: 2024.45458984375	(24.5s)
epoch: 7	train loss: 3598.71728515625	(24.5s)
epoch: 8	train loss: 2290.82177734375	(24.4s)
epoch: 9	train loss: 2015.81298828125	(24.4s)
epoch: 10	train loss: 2186.112548828125	(24.5s)
epoch: 11	train loss: 1623.3160400390625	(24.5s)
epoch: 12	train loss: 1427.3148193359375	(24.4s)
epoch: 13	train loss: 1674.2861328125	(24.4s)
epoch: 14	train loss: 1602.302734375	(24.5s)
epoch: 15	train loss: 1220.1173095703125	(24.5s)
epoch: 16	train loss: 2222.655029296875	(24.4s)
epoch: 17	train loss: 5271.50732421875	(24.4s)
epoch: 18	train loss: 3526.670166015625	(24.5s)
epoch: 19	train loss: 1891.3477783203125	(24.5s)
epoch: 20	train loss: 1197.679931640625	(24.4s)
epoch: 21	train loss: 1196.1109619140625	(24.4s)
epoch: 22	train loss: 1390.4649658203125	(24.5s)
epoch: 23	train loss: 1271.540283203125	(24.5s)
epoch: 24	train loss: 2137.6142578125	(24.4s)
epoch: 25	train loss: 2627.19580078125	(24.4s)
epoch: 26	train loss: 2000.9219970703125	(24.4s)
epoch: 27	train loss: 1415.002197265625	(24.5s)
epoch: 28	train loss: 3920.28662109375	(24.4s)
epoch: 29	train loss: 3724.558349609375	(24.4s)
epoch: 30	train loss: 1663.2362060546875	(24.4s)
epoch: 31	train loss: 1388.150146484375	(24.5s)
epoch: 32	train loss: 1307.0318603515625	(24.4s)
epoch: 33	train loss: 1191.4207763671875	(24.4s)
epoch: 34	train loss: 1116.761962890625	(24.4s)
epoch: 35	train loss: 2292.96826171875	(24.5s)
epoch: 36	train loss: 5350.0458984375	(24.5s)
epoch: 37	train loss: 1749.593994140625	(24.4s)
epoch: 38	train loss: 1396.1976318359375	(24.4s)
epoch: 39	train loss: 1456.1038818359375	(24.5s)
epoch: 40	train loss: 1273.1390380859375	(24.5s)
epoch: 41	train loss: 1322.13525390625	(24.4s)
epoch: 42	train loss: 926.1499633789062	(24.4s)
epoch: 43	train loss: 1193.7652587890625	(24.5s)
epoch: 44	train loss: 1284.9410400390625	(24.5s)
epoch: 45	train loss: 1559.748291015625	(24.4s)
epoch: 46	train loss: 1251.483154296875	(24.4s)
epoch: 47	train loss: 2499.56591796875	(24.5s)
epoch: 48	train loss: 2361.57763671875	(24.5s)
epoch: 49	train loss: 9751.9755859375	(24.4s)
epoch: 50	train loss: 4228.3828125	(24.4s)
epoch: 51	train loss: 2084.5126953125	(24.5s)
epoch: 52	train loss: 1571.0450439453125	(24.5s)
epoch: 53	train loss: 2912.413330078125	(24.4s)
epoch: 54	train loss: 2265.8046875	(24.4s)
epoch: 55	train loss: 1742.638916015625	(24.5s)
epoch: 56	train loss: 1337.547119140625	(24.5s)
epoch: 57	train loss: 2106.66650390625	(24.4s)
epoch: 58	train loss: 2649.709228515625	(24.4s)
epoch: 59	train loss: 1478.7301025390625	(24.5s)
epoch: 60	train loss: 1547.6641845703125	(24.5s)
epoch: 61	train loss: 3856.10595703125	(24.4s)
epoch: 62	train loss: 1709.0963134765625	(24.4s)
epoch: 63	train loss: 1891.4908447265625	(24.5s)
epoch: 64	train loss: 2731.703125	(24.5s)
epoch: 65	train loss: 2265.08349609375	(24.4s)
epoch: 66	train loss: 1669.7017822265625	(24.4s)
epoch: 67	train loss: 1388.817138671875	(24.4s)
epoch: 68	train loss: 1476.210205078125	(24.5s)
epoch: 69	train loss: 1343.69482421875	(24.4s)
epoch: 70	train loss: 1387.1416015625	(24.4s)
epoch: 71	train loss: 1120.9072265625	(24.4s)
epoch: 72	train loss: 3806.0341796875	(24.5s)
epoch: 73	train loss: 2684.6748046875	(24.5s)
epoch: 74	train loss: 2734.50048828125	(24.4s)
epoch: 75	train loss: 1790.7353515625	(24.4s)
epoch: 76	train loss: 1766.709716796875	(24.5s)
epoch: 77	train loss: 1419.142333984375	(24.5s)
epoch: 78	train loss: 1467.992919921875	(24.4s)
epoch: 79	train loss: 1515.968994140625	(24.4s)
epoch: 80	train loss: 1044.142822265625	(24.5s)
epoch: 81	train loss: 947.8035888671875	(24.5s)
epoch: 82	train loss: 982.9315185546875	(24.4s)
epoch: 83	train loss: 1026.2884521484375	(24.5s)
epoch: 84	train loss: 1151.552490234375	(24.5s)
epoch: 85	train loss: 2335.47705078125	(24.5s)
epoch: 86	train loss: 1446.85595703125	(24.4s)
epoch: 87	train loss: 1784.8919677734375	(24.5s)
epoch: 88	train loss: 2378.339599609375	(24.5s)
epoch: 89	train loss: 2132.1337890625	(24.5s)
epoch: 90	train loss: 1437.130126953125	(24.5s)
epoch: 91	train loss: 1220.6392822265625	(24.5s)
epoch: 92	train loss: 1301.4200439453125	(24.6s)
epoch: 93	train loss: 1654.327880859375	(24.6s)
epoch: 94	train loss: 943.3284912109375	(24.5s)
epoch: 95	train loss: 933.8824462890625	(24.5s)
epoch: 96	train loss: 1165.7392578125	(24.6s)
epoch: 97	train loss: 1507.7060546875	(24.6s)
epoch: 98	train loss: 5651.4873046875	(24.4s)
epoch: 99	train loss: 1496.9932861328125	(24.4s)
Evaluating model on 200 episodes
Solved 188/200 episodes
Evaluated model in 26.0 seconds
Saved model for run
401585e1c032428894848bdaac632e49 with name round-15
Round 16
Generated trajectories in 73.7 seconds
epoch: 0	train loss: 3534.63134765625	(24.4s)
epoch: 1	train loss: 2219.56591796875	(24.4s)
epoch: 2	train loss: 2187.802001953125	(24.6s)
epoch: 3	train loss: 2137.64697265625	(24.4s)
epoch: 4	train loss: 1555.653564453125	(24.7s)
epoch: 5	train loss: 1633.918212890625	(24.5s)
epoch: 6	train loss: 1807.722900390625	(24.6s)
epoch: 7	train loss: 2214.5068359375	(24.6s)
epoch: 8	train loss: 1986.1217041015625	(24.4s)
epoch: 9	train loss: 2312.453125	(24.7s)
epoch: 10	train loss: 4049.06787109375	(24.4s)
epoch: 11	train loss: 2460.45654296875	(24.5s)
epoch: 12	train loss: 2840.853515625	(24.4s)
epoch: 13	train loss: 3644.311767578125	(24.7s)
epoch: 14	train loss: 3267.920166015625	(24.6s)
epoch: 15	train loss: 1765.4801025390625	(24.6s)
epoch: 16	train loss: 1223.45458984375	(24.4s)
epoch: 17	train loss: 1359.7127685546875	(24.8s)
epoch: 18	train loss: 1515.631591796875	(24.4s)
epoch: 19	train loss: 1374.9805908203125	(24.6s)
epoch: 20	train loss: 1505.1737060546875	(24.6s)
epoch: 21	train loss: 2184.504638671875	(24.7s)
epoch: 22	train loss: 1166.588134765625	(24.5s)
epoch: 23	train loss: 1053.763916015625	(24.5s)
epoch: 24	train loss: 2416.80419921875	(24.3s)
epoch: 25	train loss: 3312.386474609375	(24.8s)
epoch: 26	train loss: 2495.5810546875	(24.4s)
epoch: 27	train loss: 3514.090576171875	(24.5s)
epoch: 28	train loss: 2874.341552734375	(24.4s)
epoch: 29	train loss: 2214.179931640625	(24.8s)
epoch: 30	train loss: 1291.61767578125	(24.7s)
epoch: 31	train loss: 1893.6331787109375	(24.4s)
epoch: 32	train loss: 1145.4432373046875	(24.6s)
epoch: 33	train loss: 1290.9627685546875	(24.6s)
epoch: 34	train loss: 1011.619140625	(24.7s)
epoch: 35	train loss: 1463.9765625	(24.4s)
epoch: 36	train loss: 1195.29296875	(24.6s)
epoch: 37	train loss: 4599.26708984375	(24.5s)
epoch: 38	train loss: 2153.61962890625	(24.7s)
epoch: 39	train loss: 1437.02734375	(24.5s)
epoch: 40	train loss: 936.0717163085938	(24.4s)
epoch: 41	train loss: 1088.142578125	(24.7s)
epoch: 42	train loss: 1716.1932373046875	(24.4s)
epoch: 43	train loss: 1894.3123779296875	(24.6s)
epoch: 44	train loss: 1852.9036865234375	(24.4s)
epoch: 45	train loss: 2377.7314453125	(24.7s)
epoch: 46	train loss: 1263.29638671875	(24.6s)
epoch: 47	train loss: 3610.785888671875	(24.6s)
epoch: 48	train loss: 2865.071044921875	(24.4s)
epoch: 49	train loss: 1945.650634765625	(24.7s)
epoch: 50	train loss: 1417.5238037109375	(24.6s)
epoch: 51	train loss: 1516.9566650390625	(24.4s)
epoch: 52	train loss: 1225.9830322265625	(24.6s)
epoch: 53	train loss: 1553.6463623046875	(24.7s)
epoch: 54	train loss: 1287.4608154296875	(24.4s)
epoch: 55	train loss: 1274.5858154296875	(24.6s)
epoch: 56	train loss: 1194.1094970703125	(24.4s)
epoch: 57	train loss: 1620.08203125	(24.7s)
epoch: 58	train loss: 962.8790283203125	(24.5s)
epoch: 59	train loss: 1223.0059814453125	(24.6s)
epoch: 60	train loss: 4024.25537109375	(24.5s)
epoch: 61	train loss: 1960.1728515625	(24.3s)
epoch: 62	train loss: 1065.5657958984375	(24.5s)
epoch: 63	train loss: 1193.1229248046875	(24.4s)
epoch: 64	train loss: 1490.1119384765625	(24.6s)
epoch: 65	train loss: 2164.02197265625	(24.6s)
epoch: 66	train loss: 1541.6824951171875	(24.6s)
epoch: 67	train loss: 2233.46728515625	(24.4s)
epoch: 68	train loss: 2028.3824462890625	(24.6s)
epoch: 69	train loss: 1490.374267578125	(24.6s)
epoch: 70	train loss: 2445.3212890625	(24.7s)
epoch: 71	train loss: 1197.961669921875	(24.4s)
epoch: 72	train loss: 1504.72021484375	(24.5s)
epoch: 73	train loss: 1122.6834716796875	(24.4s)
epoch: 74	train loss: 4308.009765625	(24.7s)
epoch: 75	train loss: 1774.3466796875	(24.6s)
epoch: 76	train loss: 2774.486083984375	(24.4s)
epoch: 77	train loss: 1159.696044921875	(24.6s)
epoch: 78	train loss: 2852.11328125	(24.7s)
epoch: 79	train loss: 1878.989013671875	(24.4s)
epoch: 80	train loss: 798.5634765625	(24.6s)
epoch: 81	train loss: 1728.738037109375	(24.4s)
epoch: 82	train loss: 2211.8046875	(24.7s)
epoch: 83	train loss: 1672.4844970703125	(24.6s)
epoch: 84	train loss: 1092.70849609375	(24.6s)
epoch: 85	train loss: 1116.0562744140625	(24.4s)
epoch: 86	train loss: 1063.720947265625	(24.7s)
epoch: 87	train loss: 1855.52099609375	(24.4s)
epoch: 88	train loss: 1918.005615234375	(24.6s)
epoch: 89	train loss: 5276.78466796875	(24.6s)
epoch: 90	train loss: 2054.800537109375	(24.5s)
epoch: 91	train loss: 1542.2008056640625	(24.7s)
epoch: 92	train loss: 1226.6632080078125	(24.4s)
epoch: 93	train loss: 899.6469116210938	(24.6s)
epoch: 94	train loss: 846.587890625	(24.5s)
epoch: 95	train loss: 1282.6689453125	(24.7s)
epoch: 96	train loss: 1801.855224609375	(24.6s)
epoch: 97	train loss: 2020.5501708984375	(24.5s)
epoch: 98	train loss: 1262.5133056640625	(24.6s)
epoch: 99	train loss: 1048.236572265625	(24.2s)
Evaluating model on 200 episodes
Solved 193/200 episodes
Evaluated model in 26.4 seconds
Saved model for run
401585e1c032428894848bdaac632e49 with name round-16
Round 17
Generated trajectories in 73.8 seconds
epoch: 0	train loss: 2960.32763671875	(24.6s)
epoch: 1	train loss: 2106.155029296875	(24.4s)
epoch: 2	train loss: 2231.06298828125	(24.8s)
epoch: 3	train loss: 3117.93994140625	(24.9s)
epoch: 4	train loss: 1837.1583251953125	(24.9s)
epoch: 5	train loss: 2016.843017578125	(24.8s)
epoch: 6	train loss: 1469.396240234375	(24.8s)
epoch: 7	train loss: 1548.94677734375	(24.9s)
epoch: 8	train loss: 1468.940185546875	(24.9s)
epoch: 9	train loss: 1734.54638671875	(24.8s)
epoch: 10	train loss: 2074.394287109375	(24.8s)
epoch: 11	train loss: 2651.1630859375	(24.9s)
epoch: 12	train loss: 1778.070556640625	(24.9s)
epoch: 13	train loss: 2503.9140625	(24.8s)
epoch: 14	train loss: 1859.79736328125	(24.8s)
epoch: 15	train loss: 1842.2230224609375	(24.9s)
epoch: 16	train loss: 1284.7159423828125	(24.9s)
epoch: 17	train loss: 2174.741943359375	(24.8s)
epoch: 18	train loss: 2679.77978515625	(24.8s)
epoch: 19	train loss: 2277.952880859375	(24.9s)
epoch: 20	train loss: 1487.1986083984375	(24.9s)
epoch: 21	train loss: 1446.547607421875	(24.8s)
epoch: 22	train loss: 2869.1455078125	(24.7s)
epoch: 23	train loss: 3734.962158203125	(24.9s)
epoch: 24	train loss: 3085.26904296875	(24.9s)
epoch: 25	train loss: 1447.8802490234375	(24.8s)
epoch: 26	train loss: 1611.0455322265625	(24.8s)
epoch: 27	train loss: 1553.3533935546875	(24.9s)
epoch: 28	train loss: 1194.2916259765625	(24.9s)
epoch: 29	train loss: 1069.42236328125	(24.8s)
epoch: 30	train loss: 1716.5047607421875	(24.8s)
epoch: 31	train loss: 1874.696044921875	(24.9s)
epoch: 32	train loss: 1147.181884765625	(24.9s)
epoch: 33	train loss: 867.3672485351562	(24.7s)
epoch: 34	train loss: 1784.03955078125	(24.7s)
epoch: 35	train loss: 1018.0321044921875	(24.8s)
epoch: 36	train loss: 1898.696533203125	(24.9s)
epoch: 37	train loss: 1558.4410400390625	(24.8s)
epoch: 38	train loss: 1114.0872802734375	(24.8s)
epoch: 39	train loss: 1568.1497802734375	(24.9s)
epoch: 40	train loss: 5102.50146484375	(24.9s)
epoch: 41	train loss: 2216.94873046875	(24.8s)
epoch: 42	train loss: 1428.1531982421875	(24.8s)
epoch: 43	train loss: 1382.2315673828125	(24.9s)
epoch: 44	train loss: 1360.075927734375	(24.9s)
epoch: 45	train loss: 1257.8424072265625	(24.8s)
epoch: 46	train loss: 3100.009765625	(24.8s)
epoch: 47	train loss: 2808.168701171875	(24.9s)
epoch: 48	train loss: 1680.0732421875	(24.9s)
epoch: 49	train loss: 2121.447021484375	(24.8s)
epoch: 50	train loss: 1350.9859619140625	(24.8s)
epoch: 51	train loss: 819.7101440429688	(24.9s)
epoch: 52	train loss: 1980.3724365234375	(24.9s)
epoch: 53	train loss: 2115.50146484375	(24.8s)
epoch: 54	train loss: 1141.0743408203125	(24.8s)
epoch: 55	train loss: 1321.759521484375	(24.9s)
epoch: 56	train loss: 1915.75146484375	(24.9s)
epoch: 57	train loss: 2049.04345703125	(24.8s)
epoch: 58	train loss: 914.5299682617188	(24.8s)
epoch: 59	train loss: 1159.04833984375	(24.9s)
epoch: 60	train loss: 811.8379516601562	(24.9s)
epoch: 61	train loss: 854.5974731445312	(24.8s)
epoch: 62	train loss: 1456.4124755859375	(24.8s)
epoch: 63	train loss: 1148.0860595703125	(24.9s)
epoch: 64	train loss: 1964.11669921875	(24.9s)
epoch: 65	train loss: 2650.721435546875	(24.8s)
epoch: 66	train loss: 3317.541015625	(24.8s)
epoch: 67	train loss: 1634.0540771484375	(24.9s)
epoch: 68	train loss: 2001.6495361328125	(24.9s)
epoch: 69	train loss: 1179.7032470703125	(24.8s)
epoch: 70	train loss: 648.5833129882812	(24.8s)
epoch: 71	train loss: 776.9884033203125	(24.8s)
epoch: 72	train loss: 1158.915771484375	(24.7s)
epoch: 73	train loss: 1426.315185546875	(24.7s)
epoch: 74	train loss: 2374.302734375	(24.7s)
epoch: 75	train loss: 2065.039794921875	(24.9s)
epoch: 76	train loss: 1875.984375	(24.9s)
epoch: 77	train loss: 1768.3336181640625	(24.8s)
epoch: 78	train loss: 852.8800659179688	(24.8s)
epoch: 79	train loss: 940.6826171875	(24.9s)
epoch: 80	train loss: 1363.27587890625	(24.9s)
epoch: 81	train loss: 1243.0794677734375	(24.8s)
epoch: 82	train loss: 1062.6678466796875	(24.8s)
epoch: 83	train loss: 4186.60009765625	(24.9s)
epoch: 84	train loss: 2327.450439453125	(24.9s)
epoch: 85	train loss: 1831.131103515625	(24.8s)
epoch: 86	train loss: 1004.2674560546875	(24.8s)
epoch: 87	train loss: 1006.6366577148438	(24.8s)
epoch: 88	train loss: 615.7978515625	(24.9s)
epoch: 89	train loss: 799.2135620117188	(24.8s)
epoch: 90	train loss: 1823.8006591796875	(24.8s)
epoch: 91	train loss: 736.4297485351562	(24.8s)
epoch: 92	train loss: 1197.9945068359375	(24.9s)
epoch: 93	train loss: 1966.74365234375	(24.8s)
epoch: 94	train loss: 2690.388671875	(24.8s)
epoch: 95	train loss: 2784.925048828125	(24.8s)
epoch: 96	train loss: 1462.8905029296875	(24.9s)
epoch: 97	train loss: 1088.1890869140625	(24.7s)
epoch: 98	train loss: 881.4319458007812	(24.7s)
epoch: 99	train loss: 897.3421020507812	(24.8s)
Evaluating model on 200 episodes
Solved 189/200 episodes
Evaluated model in 25.5 seconds
Saved model for run
401585e1c032428894848bdaac632e49 with name round-17
Round 18
Generated trajectories in 73.1 seconds
epoch: 0	train loss: 2528.287841796875	(24.5s)
epoch: 1	train loss: 2103.0556640625	(24.3s)
epoch: 2	train loss: 2158.75927734375	(24.6s)
epoch: 3	train loss: 1847.942138671875	(24.6s)
epoch: 4	train loss: 3108.70849609375	(24.8s)
epoch: 5	train loss: 2307.9541015625	(24.6s)
epoch: 6	train loss: 1755.5855712890625	(24.5s)
epoch: 7	train loss: 1467.852783203125	(24.5s)
epoch: 8	train loss: 1402.55615234375	(24.7s)
epoch: 9	train loss: 3282.77880859375	(24.6s)
epoch: 10	train loss: 1868.7972412109375	(24.6s)
epoch: 11	train loss: 2394.97265625	(24.6s)
epoch: 12	train loss: 1407.6890869140625	(24.8s)
epoch: 13	train loss: 1674.9327392578125	(24.7s)
epoch: 14	train loss: 968.0494995117188	(24.6s)
epoch: 15	train loss: 1391.244873046875	(24.4s)
epoch: 16	train loss: 2116.0634765625	(24.7s)
epoch: 17	train loss: 1775.4278564453125	(24.4s)
epoch: 18	train loss: 1539.9942626953125	(24.6s)
epoch: 19	train loss: 1062.19775390625	(24.6s)
epoch: 20	train loss: 737.4627685546875	(24.7s)
epoch: 21	train loss: 4151.49755859375	(24.6s)
epoch: 22	train loss: 2993.51708984375	(24.6s)
epoch: 23	train loss: 1591.8404541015625	(24.6s)
epoch: 24	train loss: 1035.8255615234375	(24.7s)
epoch: 25	train loss: 1245.5838623046875	(24.6s)
epoch: 26	train loss: 1331.4500732421875	(24.4s)
epoch: 27	train loss: 874.750244140625	(24.4s)
epoch: 28	train loss: 1753.6239013671875	(24.7s)
epoch: 29	train loss: 1182.1046142578125	(24.6s)
epoch: 30	train loss: 1143.421142578125	(24.6s)
epoch: 31	train loss: 2869.3798828125	(24.6s)
epoch: 32	train loss: 2762.87646484375	(24.7s)
epoch: 33	train loss: 1117.3585205078125	(24.7s)
epoch: 34	train loss: 1192.853759765625	(24.6s)
epoch: 35	train loss: 2167.978271484375	(24.6s)
epoch: 36	train loss: 1541.3367919921875	(24.7s)
epoch: 37	train loss: 890.9539794921875	(24.7s)
epoch: 38	train loss: 1306.8759765625	(24.6s)
epoch: 39	train loss: 943.2333984375	(24.6s)
epoch: 40	train loss: 896.6575927734375	(24.7s)
epoch: 41	train loss: 625.6777954101562	(24.4s)
epoch: 42	train loss: 1323.760986328125	(24.6s)
epoch: 43	train loss: 896.9046630859375	(24.6s)
epoch: 44	train loss: 2447.962890625	(24.6s)
epoch: 45	train loss: 1119.86474609375	(24.6s)
epoch: 46	train loss: 2002.068603515625	(24.5s)
epoch: 47	train loss: 5008.541015625	(24.5s)
epoch: 48	train loss: 2349.80419921875	(24.7s)
epoch: 49	train loss: 1613.9974365234375	(24.7s)
epoch: 50	train loss: 2032.526123046875	(24.6s)
epoch: 51	train loss: 2077.2587890625	(24.6s)
epoch: 52	train loss: 868.7073364257812	(24.6s)
epoch: 53	train loss: 755.4628295898438	(24.7s)
epoch: 54	train loss: 1149.3138427734375	(24.6s)
epoch: 55	train loss: 1552.2332763671875	(24.6s)
epoch: 56	train loss: 868.9674682617188	(24.6s)
epoch: 57	train loss: 2266.322265625	(24.7s)
epoch: 58	train loss: 911.7935180664062	(24.6s)
epoch: 59	train loss: 3750.940185546875	(24.6s)
epoch: 60	train loss: 1614.5897216796875	(24.6s)
epoch: 61	train loss: 1264.05126953125	(24.7s)
epoch: 62	train loss: 1237.915283203125	(24.6s)
epoch: 63	train loss: 697.7694702148438	(24.6s)
epoch: 64	train loss: 805.03076171875	(24.4s)
epoch: 65	train loss: 954.7972412109375	(24.8s)
epoch: 66	train loss: 2155.039794921875	(24.7s)
epoch: 67	train loss: 842.8429565429688	(24.6s)
epoch: 68	train loss: 980.6155395507812	(24.6s)
epoch: 69	train loss: 1591.8447265625	(24.8s)
epoch: 70	train loss: 1145.5528564453125	(24.7s)
epoch: 71	train loss: 2671.394775390625	(24.6s)
epoch: 72	train loss: 3742.531982421875	(24.6s)
epoch: 73	train loss: 3103.4521484375	(24.8s)
epoch: 74	train loss: 1043.9295654296875	(24.7s)
epoch: 75	train loss: 1246.87890625	(24.6s)
epoch: 76	train loss: 1951.8177490234375	(24.4s)
epoch: 77	train loss: 1214.975341796875	(24.8s)
epoch: 78	train loss: 1751.3912353515625	(24.7s)
epoch: 79	train loss: 1447.1468505859375	(24.6s)
epoch: 80	train loss: 971.2774047851562	(24.6s)
epoch: 81	train loss: 738.120361328125	(24.8s)
epoch: 82	train loss: 757.4013061523438	(24.7s)
epoch: 83	train loss: 1450.4520263671875	(24.6s)
epoch: 84	train loss: 2508.123291015625	(24.5s)
epoch: 85	train loss: 1215.590576171875	(24.7s)
epoch: 86	train loss: 1185.8218994140625	(24.6s)
epoch: 87	train loss: 766.8506469726562	(24.6s)
epoch: 88	train loss: 777.208740234375	(24.6s)
epoch: 89	train loss: 1304.2847900390625	(24.8s)
epoch: 90	train loss: 732.6051635742188	(24.6s)
epoch: 91	train loss: 1364.05419921875	(24.6s)
epoch: 92	train loss: 728.441162109375	(24.6s)
epoch: 93	train loss: 2364.66845703125	(24.7s)
epoch: 94	train loss: 4800.50732421875	(24.6s)
epoch: 95	train loss: 1229.946533203125	(24.6s)
epoch: 96	train loss: 1563.7264404296875	(24.5s)
epoch: 97	train loss: 1224.5267333984375	(24.6s)
epoch: 98	train loss: 1578.060302734375	(24.3s)
epoch: 99	train loss: 1551.7568359375	(24.5s)
Evaluating model on 200 episodes
Solved 194/200 episodes
Evaluated model in 26.3 seconds
Saved model for run
401585e1c032428894848bdaac632e49 with name round-18
Round 19
Generated trajectories in 74.1 seconds
epoch: 0	train loss: 2662.687255859375	(24.6s)
epoch: 1	train loss: 2378.34521484375	(24.5s)
epoch: 2	train loss: 1551.3895263671875	(24.9s)
epoch: 3	train loss: 2213.956298828125	(24.9s)
epoch: 4	train loss: 3644.1259765625	(24.8s)
epoch: 5	train loss: 2468.345947265625	(24.8s)
epoch: 6	train loss: 2728.811767578125	(24.9s)
epoch: 7	train loss: 1617.7330322265625	(24.9s)
epoch: 8	train loss: 1382.86474609375	(24.8s)
epoch: 9	train loss: 943.6144409179688	(24.8s)
epoch: 10	train loss: 791.9620361328125	(24.9s)
epoch: 11	train loss: 1757.60400390625	(24.9s)
epoch: 12	train loss: 1219.650390625	(24.8s)
epoch: 13	train loss: 1037.160888671875	(24.8s)
epoch: 14	train loss: 1408.616943359375	(24.9s)
epoch: 15	train loss: 2473.1484375	(24.9s)
epoch: 16	train loss: 3439.91162109375	(24.8s)
epoch: 17	train loss: 1654.1693115234375	(24.8s)
epoch: 18	train loss: 1265.6832275390625	(24.8s)
epoch: 19	train loss: 1110.3671875	(24.7s)
epoch: 20	train loss: 1500.243408203125	(24.7s)
epoch: 21	train loss: 1393.2510986328125	(24.7s)
epoch: 22	train loss: 1838.71875	(24.9s)
epoch: 23	train loss: 5327.7373046875	(24.9s)
epoch: 24	train loss: 2370.6884765625	(24.8s)
epoch: 25	train loss: 1424.9061279296875	(24.8s)
epoch: 26	train loss: 1345.5865478515625	(24.9s)
epoch: 27	train loss: 1119.4268798828125	(24.9s)
epoch: 28	train loss: 1578.261474609375	(24.8s)
epoch: 29	train loss: 1080.2032470703125	(24.8s)
epoch: 30	train loss: 1989.794677734375	(24.9s)
epoch: 31	train loss: 1360.159912109375	(24.9s)
epoch: 32	train loss: 1057.501953125	(24.8s)
epoch: 33	train loss: 2050.54931640625	(24.8s)
epoch: 34	train loss: 2649.23193359375	(24.9s)
epoch: 35	train loss: 1422.4932861328125	(24.9s)
epoch: 36	train loss: 1555.7708740234375	(24.8s)
epoch: 37	train loss: 1157.3590087890625	(24.8s)
epoch: 38	train loss: 4096.30078125	(24.8s)
epoch: 39	train loss: 1770.4312744140625	(24.9s)
epoch: 40	train loss: 1466.9183349609375	(24.8s)
epoch: 41	train loss: 1125.21435546875	(24.8s)
epoch: 42	train loss: 989.0152587890625	(24.8s)
epoch: 43	train loss: 899.6846313476562	(24.9s)
epoch: 44	train loss: 888.8895874023438	(24.8s)
epoch: 45	train loss: 1821.6446533203125	(24.8s)
epoch: 46	train loss: 1369.19091796875	(24.8s)
epoch: 47	train loss: 1365.0963134765625	(24.9s)
epoch: 48	train loss: 1202.514892578125	(24.8s)
epoch: 49	train loss: 758.0465698242188	(24.8s)
epoch: 50	train loss: 2196.91748046875	(24.8s)
epoch: 51	train loss: 1698.711669921875	(24.9s)
epoch: 52	train loss: 2326.80859375	(24.8s)
epoch: 53	train loss: 1631.433349609375	(24.8s)
epoch: 54	train loss: 848.9823608398438	(24.8s)
epoch: 55	train loss: 3313.206787109375	(24.9s)
epoch: 56	train loss: 1224.8726806640625	(24.8s)
epoch: 57	train loss: 1794.6138916015625	(24.6s)
epoch: 58	train loss: 1251.80078125	(24.7s)
epoch: 59	train loss: 1560.8704833984375	(24.7s)
epoch: 60	train loss: 1131.609375	(24.8s)
epoch: 61	train loss: 1121.0885009765625	(24.8s)
epoch: 62	train loss: 737.5612182617188	(24.8s)
epoch: 63	train loss: 902.2939453125	(24.9s)
epoch: 64	train loss: 1283.5189208984375	(24.8s)
epoch: 65	train loss: 614.9257202148438	(24.8s)
epoch: 66	train loss: 999.9346313476562	(24.8s)
epoch: 67	train loss: 1091.04541015625	(24.9s)
epoch: 68	train loss: 4716.9130859375	(24.8s)
epoch: 69	train loss: 2184.01611328125	(24.8s)
epoch: 70	train loss: 1879.1134033203125	(24.8s)
epoch: 71	train loss: 1348.95556640625	(24.8s)
epoch: 72	train loss: 2927.425048828125	(24.8s)
epoch: 73	train loss: 1514.3717041015625	(24.8s)
epoch: 74	train loss: 1406.7733154296875	(24.8s)
epoch: 75	train loss: 1015.075927734375	(24.9s)
epoch: 76	train loss: 1199.9117431640625	(24.8s)
epoch: 77	train loss: 1605.21728515625	(24.8s)
epoch: 78	train loss: 1874.6463623046875	(24.8s)
epoch: 79	train loss: 710.13232421875	(24.9s)
epoch: 80	train loss: 1798.377197265625	(24.9s)
epoch: 81	train loss: 1605.1966552734375	(24.8s)
epoch: 82	train loss: 959.7127075195312	(24.8s)
epoch: 83	train loss: 630.704345703125	(24.8s)
epoch: 84	train loss: 698.3875732421875	(24.8s)
epoch: 85	train loss: 1490.1778564453125	(24.8s)
epoch: 86	train loss: 4005.067138671875	(24.8s)
epoch: 87	train loss: 2545.232666015625	(24.9s)
epoch: 88	train loss: 1395.08740234375	(24.8s)
epoch: 89	train loss: 1551.7772216796875	(24.8s)
epoch: 90	train loss: 1194.7510986328125	(24.8s)
epoch: 91	train loss: 1128.51123046875	(24.9s)
epoch: 92	train loss: 2108.48095703125	(24.9s)
epoch: 93	train loss: 1108.70556640625	(24.8s)
epoch: 94	train loss: 1439.0250244140625	(24.7s)
epoch: 95	train loss: 763.4276123046875	(24.8s)
epoch: 96	train loss: 1108.0643310546875	(24.7s)
epoch: 97	train loss: 2917.03125	(24.5s)
epoch: 98	train loss: 2584.33935546875	(24.6s)
epoch: 99	train loss: 2160.515380859375	(24.8s)
Evaluating model on 200 episodes
Solved 190/200 episodes
Evaluated model in 27.6 seconds
Saved model for run
401585e1c032428894848bdaac632e49 with name round-19
Completed training in 52106.6 seconds
