Using torch device NVIDIA GeForce RTX 3090
homo controller
net: causal
cc_weight: 0.0
params: {'epochs': 100, 'lr': 0.0008, 'n': 5000}
Net has 207442 parameters
Round 0
Generated trajectories in 72.1 seconds
warning: fw and bw disagree by 1.1444091796875e-05
warning: fw and bw disagree by 1.1444091796875e-05
warning: fw and bw disagree by 1.33514404296875e-05
warning: fw and bw disagree by 1.1444091796875e-05
warning: fw and bw disagree by 1.33514404296875e-05
warning: fw and bw disagree by 1.1444091796875e-05
warning: fw and bw disagree by 1.1444091796875e-05
warning: fw and bw disagree by 1.1444091796875e-05
warning: fw and bw disagree by 1.1444091796875e-05
warning: fw and bw disagree by 1.33514404296875e-05
warning: fw and bw disagree by 1.1444091796875e-05
warning: fw and bw disagree by 1.1444091796875e-05
warning: fw and bw disagree by 1.33514404296875e-05
warning: fw and bw disagree by 1.9073486328125e-05
warning: fw and bw disagree by 1.1444091796875e-05
warning: fw and bw disagree by 1.1444091796875e-05
warning: fw and bw disagree by 1.33514404296875e-05
warning: fw and bw disagree by 1.52587890625e-05
warning: fw and bw disagree by 1.1444091796875e-05
warning: fw and bw disagree by 1.1444091796875e-05
warning: fw and bw disagree by 1.1444091796875e-05
warning: fw and bw disagree by 1.33514404296875e-05
warning: fw and bw disagree by 1.1444091796875e-05
warning: fw and bw disagree by 1.1444091796875e-05
warning: fw and bw disagree by 1.1444091796875e-05
warning: fw and bw disagree by 1.33514404296875e-05
warning: fw and bw disagree by 1.1444091796875e-05
warning: fw and bw disagree by 1.52587890625e-05
warning: fw and bw disagree by 1.1444091796875e-05
warning: fw and bw disagree by 1.52587890625e-05
warning: fw and bw disagree by 1.1444091796875e-05
warning: fw and bw disagree by 1.9073486328125e-05
warning: fw and bw disagree by 1.1444091796875e-05
warning: fw and bw disagree by 1.1444091796875e-05
epoch: 0	train loss: 95910.7578125	(261.0s)
warning: fw and bw disagree by 1.1444091796875e-05
warning: fw and bw disagree by 1.1444091796875e-05
warning: fw and bw disagree by 1.1444091796875e-05
warning: fw and bw disagree by 1.1444091796875e-05
warning: fw and bw disagree by 1.52587890625e-05
warning: fw and bw disagree by 1.33514404296875e-05
warning: fw and bw disagree by 1.1444091796875e-05
warning: fw and bw disagree by 1.1444091796875e-05
warning: fw and bw disagree by 1.1444091796875e-05
warning: fw and bw disagree by 1.1444091796875e-05
warning: fw and bw disagree by 1.1444091796875e-05
warning: fw and bw disagree by 1.1444091796875e-05
warning: fw and bw disagree by 1.1444091796875e-05
warning: fw and bw disagree by 1.1444091796875e-05
warning: fw and bw disagree by 1.1444091796875e-05
warning: fw and bw disagree by 1.9073486328125e-05
warning: fw and bw disagree by 1.1444091796875e-05
warning: fw and bw disagree by 1.33514404296875e-05
warning: fw and bw disagree by 1.1444091796875e-05
warning: fw and bw disagree by 1.33514404296875e-05
warning: fw and bw disagree by 1.1444091796875e-05
warning: fw and bw disagree by 1.049041748046875e-05
warning: fw and bw disagree by 1.1444091796875e-05
warning: fw and bw disagree by 1.1444091796875e-05
warning: fw and bw disagree by 1.1444091796875e-05
warning: fw and bw disagree by 1.33514404296875e-05
warning: fw and bw disagree by 1.33514404296875e-05
warning: fw and bw disagree by 1.1444091796875e-05
warning: fw and bw disagree by 1.1444091796875e-05
warning: fw and bw disagree by 1.1444091796875e-05
warning: fw and bw disagree by 1.33514404296875e-05
warning: fw and bw disagree by 1.1444091796875e-05
warning: fw and bw disagree by 1.33514404296875e-05
warning: fw and bw disagree by 1.33514404296875e-05
warning: fw and bw disagree by 1.1444091796875e-05
warning: fw and bw disagree by 1.33514404296875e-05
warning: fw and bw disagree by 1.1444091796875e-05
warning: fw and bw disagree by 1.1444091796875e-05
warning: fw and bw disagree by 1.1444091796875e-05
warning: fw and bw disagree by 1.239776611328125e-05
warning: fw and bw disagree by 1.1444091796875e-05
warning: fw and bw disagree by 1.52587890625e-05
warning: fw and bw disagree by 1.1444091796875e-05
warning: fw and bw disagree by 1.1444091796875e-05
warning: fw and bw disagree by 1.1444091796875e-05
epoch: 20	train loss: 23594.07421875	(268.3s)
warning: fw and bw disagree by 1.1444091796875e-05
epoch: 40	train loss: 19571.19140625	(270.9s)
warning: fw and bw disagree by 1.1444091796875e-05
warning: fw and bw disagree by 1.1444091796875e-05
epoch: 60	train loss: 17906.203125	(268.4s)
epoch: 80	train loss: 16694.765625	(268.3s)
warning: fw and bw disagree by 1.1444091796875e-05
Evaluating model on 200 episodes
Solved 41/200 episodes
Evaluated model in 20.8 seconds
Saved model for run
b1cea11bdfc249d59f0fe4c83959af84 with name round-0
Round 1
Generated trajectories in 71.4 seconds
warning: fw and bw disagree by 1.52587890625e-05
warning: fw and bw disagree by 1.1444091796875e-05
warning: fw and bw disagree by 1.1444091796875e-05
warning: fw and bw disagree by 1.1444091796875e-05
warning: fw and bw disagree by 1.52587890625e-05
warning: fw and bw disagree by 1.33514404296875e-05
warning: fw and bw disagree by 1.52587890625e-05
warning: fw and bw disagree by 1.1444091796875e-05
warning: fw and bw disagree by 1.1444091796875e-05
warning: fw and bw disagree by 1.1444091796875e-05
warning: fw and bw disagree by 1.1444091796875e-05
warning: fw and bw disagree by 2.6702880859375e-05
warning: fw and bw disagree by 1.52587890625e-05
warning: fw and bw disagree by 1.52587890625e-05
warning: fw and bw disagree by 1.1444091796875e-05
warning: fw and bw disagree by 1.52587890625e-05
warning: fw and bw disagree by 1.52587890625e-05
epoch: 0	train loss: 44255.6171875	(266.6s)
warning: fw and bw disagree by 1.1444091796875e-05
warning: fw and bw disagree by 1.33514404296875e-05
warning: fw and bw disagree by 1.33514404296875e-05
warning: fw and bw disagree by 1.52587890625e-05
warning: fw and bw disagree by 1.1444091796875e-05
warning: fw and bw disagree by 1.1444091796875e-05
warning: fw and bw disagree by 1.1444091796875e-05
warning: fw and bw disagree by 1.1444091796875e-05
epoch: 20	train loss: 20351.138671875	(269.5s)
warning: fw and bw disagree by 1.1444091796875e-05
warning: fw and bw disagree by 1.1444091796875e-05
warning: fw and bw disagree by 1.1444091796875e-05
warning: fw and bw disagree by 1.52587890625e-05
warning: fw and bw disagree by 1.52587890625e-05
epoch: 40	train loss: 18692.0625	(269.4s)
warning: fw and bw disagree by 1.1444091796875e-05
warning: fw and bw disagree by 1.1444091796875e-05
warning: fw and bw disagree by 1.1444091796875e-05
warning: fw and bw disagree by 1.1444091796875e-05
epoch: 60	train loss: 18061.548828125	(269.5s)
warning: fw and bw disagree by 1.52587890625e-05
epoch: 80	train loss: 18513.001953125	(269.2s)
warning: fw and bw disagree by 1.52587890625e-05
warning: fw and bw disagree by 1.1444091796875e-05
warning: fw and bw disagree by 1.1444091796875e-05
warning: fw and bw disagree by 1.1444091796875e-05
warning: fw and bw disagree by 1.1444091796875e-05
warning: fw and bw disagree by 1.1444091796875e-05
warning: fw and bw disagree by 3.0517578125e-05
warning: fw and bw disagree by 1.1444091796875e-05
warning: fw and bw disagree by 1.1444091796875e-05
warning: fw and bw disagree by 1.1444091796875e-05
warning: fw and bw disagree by 1.1444091796875e-05
warning: fw and bw disagree by 1.1444091796875e-05
Evaluating model on 200 episodes
Solved 37/200 episodes
Evaluated model in 22.1 seconds
Saved model for run
b1cea11bdfc249d59f0fe4c83959af84 with name round-1
Round 2
Generated trajectories in 71.7 seconds
warning: fw and bw disagree by 1.1444091796875e-05
warning: fw and bw disagree by 1.52587890625e-05
warning: fw and bw disagree by 1.52587890625e-05
warning: fw and bw disagree by 1.52587890625e-05
warning: fw and bw disagree by 1.52587890625e-05
warning: fw and bw disagree by 1.52587890625e-05
warning: fw and bw disagree by 1.1444091796875e-05
warning: fw and bw disagree by 2.288818359375e-05
warning: fw and bw disagree by 1.1444091796875e-05
warning: fw and bw disagree by 1.1444091796875e-05
warning: fw and bw disagree by 1.1444091796875e-05
warning: fw and bw disagree by 1.1444091796875e-05
warning: fw and bw disagree by 1.1444091796875e-05
warning: fw and bw disagree by 3.0517578125e-05
warning: fw and bw disagree by 1.1444091796875e-05
warning: fw and bw disagree by 1.1444091796875e-05
warning: fw and bw disagree by 1.1444091796875e-05
warning: fw and bw disagree by 1.52587890625e-05
warning: fw and bw disagree by 2.288818359375e-05
warning: fw and bw disagree by 1.1444091796875e-05
warning: fw and bw disagree by 1.9073486328125e-05
warning: fw and bw disagree by 1.52587890625e-05
warning: fw and bw disagree by 1.52587890625e-05
warning: fw and bw disagree by 1.52587890625e-05
warning: fw and bw disagree by 1.52587890625e-05
epoch: 0	train loss: 56105.2890625	(267.5s)
warning: fw and bw disagree by 1.1444091796875e-05
warning: fw and bw disagree by 1.52587890625e-05
warning: fw and bw disagree by 1.1444091796875e-05
warning: fw and bw disagree by 1.1444091796875e-05
warning: fw and bw disagree by 1.52587890625e-05
warning: fw and bw disagree by 1.1444091796875e-05
warning: fw and bw disagree by 3.814697265625e-05
warning: fw and bw disagree by 1.1444091796875e-05
warning: fw and bw disagree by 1.1444091796875e-05
warning: fw and bw disagree by 1.33514404296875e-05
warning: fw and bw disagree by 1.33514404296875e-05
warning: fw and bw disagree by 1.1444091796875e-05
warning: fw and bw disagree by 1.1444091796875e-05
warning: fw and bw disagree by 1.1444091796875e-05
warning: fw and bw disagree by 1.1444091796875e-05
warning: fw and bw disagree by 1.1444091796875e-05
warning: fw and bw disagree by 1.1444091796875e-05
warning: fw and bw disagree by 1.1444091796875e-05
warning: fw and bw disagree by 1.52587890625e-05
warning: fw and bw disagree by 1.1444091796875e-05
warning: fw and bw disagree by 1.52587890625e-05
warning: fw and bw disagree by 1.1444091796875e-05
warning: fw and bw disagree by 1.1444091796875e-05
warning: fw and bw disagree by 1.1444091796875e-05
warning: fw and bw disagree by 1.1444091796875e-05
warning: fw and bw disagree by 1.1444091796875e-05
warning: fw and bw disagree by 1.33514404296875e-05
warning: fw and bw disagree by 1.52587890625e-05
warning: fw and bw disagree by 1.1444091796875e-05
warning: fw and bw disagree by 1.52587890625e-05
warning: fw and bw disagree by 1.1444091796875e-05
warning: fw and bw disagree by 1.1444091796875e-05
warning: fw and bw disagree by 1.9073486328125e-05
warning: fw and bw disagree by 1.52587890625e-05
warning: fw and bw disagree by 1.52587890625e-05
warning: fw and bw disagree by 1.1444091796875e-05
warning: fw and bw disagree by 1.1444091796875e-05
warning: fw and bw disagree by 1.1444091796875e-05
warning: fw and bw disagree by 2.288818359375e-05
epoch: 20	train loss: 29443.51953125	(270.0s)
warning: fw and bw disagree by 1.52587890625e-05
warning: fw and bw disagree by 1.1444091796875e-05
warning: fw and bw disagree by 1.1444091796875e-05
warning: fw and bw disagree by 1.1444091796875e-05
warning: fw and bw disagree by 1.1444091796875e-05
warning: fw and bw disagree by 1.52587890625e-05
warning: fw and bw disagree by 4.57763671875e-05
warning: fw and bw disagree by 2.288818359375e-05
warning: fw and bw disagree by 3.0517578125e-05
epoch: 40	train loss: 25556.025390625	(270.1s)
warning: fw and bw disagree by 1.52587890625e-05
warning: fw and bw disagree by 1.9073486328125e-05
warning: fw and bw disagree by 1.52587890625e-05
warning: fw and bw disagree by 1.1444091796875e-05
warning: fw and bw disagree by 1.1444091796875e-05
warning: fw and bw disagree by 1.52587890625e-05
warning: fw and bw disagree by 1.1444091796875e-05
warning: fw and bw disagree by 1.52587890625e-05
warning: fw and bw disagree by 1.52587890625e-05
warning: fw and bw disagree by 1.52587890625e-05
warning: fw and bw disagree by 1.1444091796875e-05
epoch: 60	train loss: 23749.12890625	(270.1s)
warning: fw and bw disagree by 1.1444091796875e-05
warning: fw and bw disagree by 1.52587890625e-05
warning: fw and bw disagree by 3.0517578125e-05
warning: fw and bw disagree by 1.1444091796875e-05
warning: fw and bw disagree by 1.52587890625e-05
warning: fw and bw disagree by 1.1444091796875e-05
warning: fw and bw disagree by 2.288818359375e-05
warning: fw and bw disagree by 1.52587890625e-05
warning: fw and bw disagree by 1.1444091796875e-05
warning: fw and bw disagree by 1.1444091796875e-05
warning: fw and bw disagree by 1.1444091796875e-05
warning: fw and bw disagree by 1.52587890625e-05
warning: fw and bw disagree by 1.1444091796875e-05
warning: fw and bw disagree by 1.52587890625e-05
warning: fw and bw disagree by 2.288818359375e-05
epoch: 80	train loss: 24232.76171875	(270.8s)
warning: fw and bw disagree by 1.52587890625e-05
warning: fw and bw disagree by 1.52587890625e-05
warning: fw and bw disagree by 1.52587890625e-05
warning: fw and bw disagree by 3.0517578125e-05
warning: fw and bw disagree by 1.1444091796875e-05
warning: fw and bw disagree by 1.1444091796875e-05
warning: fw and bw disagree by 1.1444091796875e-05
warning: fw and bw disagree by 1.52587890625e-05
warning: fw and bw disagree by 1.52587890625e-05
warning: fw and bw disagree by 4.57763671875e-05
warning: fw and bw disagree by 1.52587890625e-05
warning: fw and bw disagree by 1.1444091796875e-05
warning: fw and bw disagree by 1.1444091796875e-05
warning: fw and bw disagree by 1.1444091796875e-05
warning: fw and bw disagree by 1.52587890625e-05
warning: fw and bw disagree by 2.288818359375e-05
warning: fw and bw disagree by 1.52587890625e-05
warning: fw and bw disagree by 1.1444091796875e-05
warning: fw and bw disagree by 1.1444091796875e-05
warning: fw and bw disagree by 1.52587890625e-05
warning: fw and bw disagree by 1.1444091796875e-05
warning: fw and bw disagree by 1.1444091796875e-05
warning: fw and bw disagree by 4.57763671875e-05
warning: fw and bw disagree by 1.1444091796875e-05
warning: fw and bw disagree by 1.1444091796875e-05
warning: fw and bw disagree by 2.288818359375e-05
Evaluating model on 200 episodes
Solved 31/200 episodes
Evaluated model in 22.4 seconds
Saved model for run
b1cea11bdfc249d59f0fe4c83959af84 with name round-2
Round 3
Generated trajectories in 72.9 seconds
warning: fw and bw disagree by 3.0517578125e-05
warning: fw and bw disagree by 1.52587890625e-05
warning: fw and bw disagree by 1.52587890625e-05
warning: fw and bw disagree by 1.1444091796875e-05
warning: fw and bw disagree by 1.52587890625e-05
warning: fw and bw disagree by 2.288818359375e-05
warning: fw and bw disagree by 1.52587890625e-05
warning: fw and bw disagree by 3.0517578125e-05
warning: fw and bw disagree by 1.52587890625e-05
warning: fw and bw disagree by 2.288818359375e-05
warning: fw and bw disagree by 1.1444091796875e-05
warning: fw and bw disagree by 1.1444091796875e-05
warning: fw and bw disagree by 1.1444091796875e-05
warning: fw and bw disagree by 1.1444091796875e-05
warning: fw and bw disagree by 1.1444091796875e-05
warning: fw and bw disagree by 1.52587890625e-05
warning: fw and bw disagree by 1.52587890625e-05
warning: fw and bw disagree by 1.1444091796875e-05
warning: fw and bw disagree by 1.1444091796875e-05
warning: fw and bw disagree by 1.1444091796875e-05
warning: fw and bw disagree by 1.1444091796875e-05
warning: fw and bw disagree by 1.1444091796875e-05
warning: fw and bw disagree by 1.52587890625e-05
epoch: 0	train loss: 48730.52734375	(270.1s)
warning: fw and bw disagree by 3.0517578125e-05
warning: fw and bw disagree by 1.52587890625e-05
warning: fw and bw disagree by 1.52587890625e-05
warning: fw and bw disagree by 1.52587890625e-05
warning: fw and bw disagree by 1.1444091796875e-05
warning: fw and bw disagree by 1.1444091796875e-05
warning: fw and bw disagree by 1.1444091796875e-05
warning: fw and bw disagree by 1.52587890625e-05
warning: fw and bw disagree by 6.103515625e-05
warning: fw and bw disagree by 1.52587890625e-05
warning: fw and bw disagree by 1.1444091796875e-05
warning: fw and bw disagree by 1.1444091796875e-05
warning: fw and bw disagree by 1.1444091796875e-05
warning: fw and bw disagree by 1.9073486328125e-05
warning: fw and bw disagree by 1.1444091796875e-05
warning: fw and bw disagree by 1.1444091796875e-05
warning: fw and bw disagree by 1.1444091796875e-05
warning: fw and bw disagree by 3.0517578125e-05
warning: fw and bw disagree by 4.57763671875e-05
warning: fw and bw disagree by 1.52587890625e-05
warning: fw and bw disagree by 1.1444091796875e-05
warning: fw and bw disagree by 1.52587890625e-05
warning: fw and bw disagree by 6.103515625e-05
warning: fw and bw disagree by 2.288818359375e-05
warning: fw and bw disagree by 1.1444091796875e-05
warning: fw and bw disagree by 1.1444091796875e-05
warning: fw and bw disagree by 1.1444091796875e-05
warning: fw and bw disagree by 1.1444091796875e-05
warning: fw and bw disagree by 1.52587890625e-05
warning: fw and bw disagree by 1.1444091796875e-05
warning: fw and bw disagree by 1.9073486328125e-05
warning: fw and bw disagree by 1.1444091796875e-05
warning: fw and bw disagree by 1.52587890625e-05
warning: fw and bw disagree by 1.52587890625e-05
warning: fw and bw disagree by 1.1444091796875e-05
warning: fw and bw disagree by 1.1444091796875e-05
warning: fw and bw disagree by 1.1444091796875e-05
warning: fw and bw disagree by 1.1444091796875e-05
warning: fw and bw disagree by 1.52587890625e-05
warning: fw and bw disagree by 1.1444091796875e-05
warning: fw and bw disagree by 1.1444091796875e-05
warning: fw and bw disagree by 1.1444091796875e-05
warning: fw and bw disagree by 1.52587890625e-05
warning: fw and bw disagree by 3.0517578125e-05
warning: fw and bw disagree by 3.0517578125e-05
warning: fw and bw disagree by 1.52587890625e-05
warning: fw and bw disagree by 1.52587890625e-05
warning: fw and bw disagree by 1.52587890625e-05
warning: fw and bw disagree by 4.57763671875e-05
warning: fw and bw disagree by 4.57763671875e-05
warning: fw and bw disagree by 1.33514404296875e-05
warning: fw and bw disagree by 3.0517578125e-05
warning: fw and bw disagree by 1.1444091796875e-05
warning: fw and bw disagree by 1.1444091796875e-05
warning: fw and bw disagree by 2.288818359375e-05
warning: fw and bw disagree by 1.52587890625e-05
warning: fw and bw disagree by 1.1444091796875e-05
warning: fw and bw disagree by 1.1444091796875e-05
epoch: 20	train loss: 30361.09375	(270.4s)
warning: fw and bw disagree by 1.1444091796875e-05
warning: fw and bw disagree by 1.52587890625e-05
warning: fw and bw disagree by 2.288818359375e-05
warning: fw and bw disagree by 3.0517578125e-05
warning: fw and bw disagree by 1.1444091796875e-05
warning: fw and bw disagree by 1.52587890625e-05
warning: fw and bw disagree by 1.52587890625e-05
warning: fw and bw disagree by 1.52587890625e-05
warning: fw and bw disagree by 1.52587890625e-05
warning: fw and bw disagree by 1.52587890625e-05
warning: fw and bw disagree by 1.52587890625e-05
warning: fw and bw disagree by 1.52587890625e-05
warning: fw and bw disagree by 1.52587890625e-05
warning: fw and bw disagree by 1.52587890625e-05
warning: fw and bw disagree by 1.1444091796875e-05
warning: fw and bw disagree by 1.33514404296875e-05
warning: fw and bw disagree by 1.52587890625e-05
warning: fw and bw disagree by 1.52587890625e-05
warning: fw and bw disagree by 1.52587890625e-05
warning: fw and bw disagree by 3.0517578125e-05
warning: fw and bw disagree by 1.1444091796875e-05
warning: fw and bw disagree by 1.52587890625e-05
warning: fw and bw disagree by 1.1444091796875e-05
warning: fw and bw disagree by 3.0517578125e-05
warning: fw and bw disagree by 1.52587890625e-05
warning: fw and bw disagree by 3.0517578125e-05
warning: fw and bw disagree by 1.1444091796875e-05
warning: fw and bw disagree by 3.0517578125e-05
warning: fw and bw disagree by 1.52587890625e-05
warning: fw and bw disagree by 2.288818359375e-05
warning: fw and bw disagree by 1.52587890625e-05
warning: fw and bw disagree by 1.52587890625e-05
warning: fw and bw disagree by 1.52587890625e-05
warning: fw and bw disagree by 1.9073486328125e-05
warning: fw and bw disagree by 1.1444091796875e-05
warning: fw and bw disagree by 1.52587890625e-05
warning: fw and bw disagree by 1.52587890625e-05
warning: fw and bw disagree by 3.0517578125e-05
warning: fw and bw disagree by 1.52587890625e-05
warning: fw and bw disagree by 1.52587890625e-05
warning: fw and bw disagree by 1.1444091796875e-05
warning: fw and bw disagree by 1.52587890625e-05
warning: fw and bw disagree by 1.52587890625e-05
warning: fw and bw disagree by 6.103515625e-05
warning: fw and bw disagree by 2.288818359375e-05
warning: fw and bw disagree by 1.1444091796875e-05
warning: fw and bw disagree by 2.288818359375e-05
warning: fw and bw disagree by 1.52587890625e-05
epoch: 40	train loss: 33952.69140625	(270.3s)
warning: fw and bw disagree by 1.52587890625e-05
warning: fw and bw disagree by 1.52587890625e-05
warning: fw and bw disagree by 1.52587890625e-05
warning: fw and bw disagree by 3.0517578125e-05
warning: fw and bw disagree by 3.0517578125e-05
warning: fw and bw disagree by 1.1444091796875e-05
warning: fw and bw disagree by 1.52587890625e-05
warning: fw and bw disagree by 3.0517578125e-05
warning: fw and bw disagree by 1.52587890625e-05
warning: fw and bw disagree by 1.1444091796875e-05
warning: fw and bw disagree by 3.0517578125e-05
warning: fw and bw disagree by 3.0517578125e-05
warning: fw and bw disagree by 1.52587890625e-05
warning: fw and bw disagree by 4.57763671875e-05
warning: fw and bw disagree by 2.288818359375e-05
warning: fw and bw disagree by 4.57763671875e-05
warning: fw and bw disagree by 1.1444091796875e-05
warning: fw and bw disagree by 1.1444091796875e-05
warning: fw and bw disagree by 1.1444091796875e-05
warning: fw and bw disagree by 1.52587890625e-05
warning: fw and bw disagree by 1.52587890625e-05
warning: fw and bw disagree by 1.1444091796875e-05
warning: fw and bw disagree by 1.1444091796875e-05
warning: fw and bw disagree by 3.0517578125e-05
warning: fw and bw disagree by 1.52587890625e-05
warning: fw and bw disagree by 2.288818359375e-05
warning: fw and bw disagree by 1.52587890625e-05
warning: fw and bw disagree by 1.1444091796875e-05
warning: fw and bw disagree by 6.103515625e-05
warning: fw and bw disagree by 0.0001220703125
warning: fw and bw disagree by 1.52587890625e-05
warning: fw and bw disagree by 2.288818359375e-05
warning: fw and bw disagree by 1.52587890625e-05
warning: fw and bw disagree by 1.52587890625e-05
warning: fw and bw disagree by 3.0517578125e-05
warning: fw and bw disagree by 1.1444091796875e-05
warning: fw and bw disagree by 6.103515625e-05
warning: fw and bw disagree by 3.0517578125e-05
epoch: 60	train loss: 32227.1015625	(266.7s)
warning: fw and bw disagree by 1.1444091796875e-05
warning: fw and bw disagree by 1.52587890625e-05
warning: fw and bw disagree by 3.0517578125e-05
warning: fw and bw disagree by 1.1444091796875e-05
warning: fw and bw disagree by 3.0517578125e-05
warning: fw and bw disagree by 1.52587890625e-05
warning: fw and bw disagree by 1.1444091796875e-05
warning: fw and bw disagree by 1.1444091796875e-05
warning: fw and bw disagree by 3.0517578125e-05
warning: fw and bw disagree by 1.52587890625e-05
warning: fw and bw disagree by 1.1444091796875e-05
warning: fw and bw disagree by 3.0517578125e-05
warning: fw and bw disagree by 1.52587890625e-05
warning: fw and bw disagree by 1.52587890625e-05
warning: fw and bw disagree by 3.0517578125e-05
warning: fw and bw disagree by 3.0517578125e-05
warning: fw and bw disagree by 4.57763671875e-05
warning: fw and bw disagree by 3.0517578125e-05
warning: fw and bw disagree by 1.1444091796875e-05
warning: fw and bw disagree by 1.52587890625e-05
warning: fw and bw disagree by 1.52587890625e-05
warning: fw and bw disagree by 1.52587890625e-05
warning: fw and bw disagree by 1.1444091796875e-05
warning: fw and bw disagree by 3.0517578125e-05
warning: fw and bw disagree by 1.52587890625e-05
warning: fw and bw disagree by 1.52587890625e-05
warning: fw and bw disagree by 1.52587890625e-05
warning: fw and bw disagree by 1.52587890625e-05
warning: fw and bw disagree by 1.52587890625e-05
warning: fw and bw disagree by 1.52587890625e-05
warning: fw and bw disagree by 1.52587890625e-05
warning: fw and bw disagree by 1.52587890625e-05
warning: fw and bw disagree by 1.1444091796875e-05
warning: fw and bw disagree by 1.52587890625e-05
warning: fw and bw disagree by 1.52587890625e-05
warning: fw and bw disagree by 6.103515625e-05
warning: fw and bw disagree by 1.52587890625e-05
warning: fw and bw disagree by 1.52587890625e-05
warning: fw and bw disagree by 4.57763671875e-05
warning: fw and bw disagree by 1.1444091796875e-05
warning: fw and bw disagree by 1.52587890625e-05
warning: fw and bw disagree by 1.52587890625e-05
warning: fw and bw disagree by 1.52587890625e-05
warning: fw and bw disagree by 1.52587890625e-05
warning: fw and bw disagree by 3.0517578125e-05
warning: fw and bw disagree by 1.52587890625e-05
warning: fw and bw disagree by 3.0517578125e-05
warning: fw and bw disagree by 1.1444091796875e-05
warning: fw and bw disagree by 3.0517578125e-05
warning: fw and bw disagree by 1.9073486328125e-05
warning: fw and bw disagree by 1.1444091796875e-05
warning: fw and bw disagree by 1.9073486328125e-05
epoch: 80	train loss: 33769.40625	(266.6s)
warning: fw and bw disagree by 2.288818359375e-05
warning: fw and bw disagree by 1.52587890625e-05
warning: fw and bw disagree by 1.52587890625e-05
warning: fw and bw disagree by 1.1444091796875e-05
warning: fw and bw disagree by 3.0517578125e-05
warning: fw and bw disagree by 3.0517578125e-05
warning: fw and bw disagree by 1.1444091796875e-05
warning: fw and bw disagree by 1.1444091796875e-05
warning: fw and bw disagree by 0.0001220703125
warning: fw and bw disagree by 0.0001220703125
warning: fw and bw disagree by 6.103515625e-05
warning: fw and bw disagree by 1.52587890625e-05
warning: fw and bw disagree by 1.33514404296875e-05
warning: fw and bw disagree by 1.52587890625e-05
warning: fw and bw disagree by 1.1444091796875e-05
warning: fw and bw disagree by 6.103515625e-05
warning: fw and bw disagree by 1.33514404296875e-05
warning: fw and bw disagree by 6.103515625e-05
warning: fw and bw disagree by 1.52587890625e-05
warning: fw and bw disagree by 4.57763671875e-05
warning: fw and bw disagree by 1.52587890625e-05
warning: fw and bw disagree by 3.0517578125e-05
warning: fw and bw disagree by 1.52587890625e-05
warning: fw and bw disagree by 1.1444091796875e-05
warning: fw and bw disagree by 1.1444091796875e-05
warning: fw and bw disagree by 1.52587890625e-05
warning: fw and bw disagree by 1.52587890625e-05
warning: fw and bw disagree by 1.1444091796875e-05
warning: fw and bw disagree by 1.52587890625e-05
warning: fw and bw disagree by 1.52587890625e-05
warning: fw and bw disagree by 1.52587890625e-05
warning: fw and bw disagree by 3.0517578125e-05
warning: fw and bw disagree by 2.288818359375e-05
warning: fw and bw disagree by 1.52587890625e-05
warning: fw and bw disagree by 0.0001220703125
warning: fw and bw disagree by 1.1444091796875e-05
warning: fw and bw disagree by 3.0517578125e-05
warning: fw and bw disagree by 3.0517578125e-05
warning: fw and bw disagree by 2.288818359375e-05
warning: fw and bw disagree by 4.57763671875e-05
warning: fw and bw disagree by 1.1444091796875e-05
warning: fw and bw disagree by 1.1444091796875e-05
warning: fw and bw disagree by 3.0517578125e-05
warning: fw and bw disagree by 1.52587890625e-05
warning: fw and bw disagree by 3.0517578125e-05
warning: fw and bw disagree by 3.0517578125e-05
warning: fw and bw disagree by 1.52587890625e-05
warning: fw and bw disagree by 1.52587890625e-05
warning: fw and bw disagree by 1.52587890625e-05
warning: fw and bw disagree by 1.52587890625e-05
warning: fw and bw disagree by 1.1444091796875e-05
warning: fw and bw disagree by 1.1444091796875e-05
warning: fw and bw disagree by 3.814697265625e-05
warning: fw and bw disagree by 3.0517578125e-05
warning: fw and bw disagree by 1.1444091796875e-05
warning: fw and bw disagree by 1.1444091796875e-05
warning: fw and bw disagree by 1.1444091796875e-05
warning: fw and bw disagree by 6.103515625e-05
warning: fw and bw disagree by 1.52587890625e-05
warning: fw and bw disagree by 1.52587890625e-05
warning: fw and bw disagree by 1.1444091796875e-05
warning: fw and bw disagree by 2.288818359375e-05
warning: fw and bw disagree by 1.1444091796875e-05
Evaluating model on 200 episodes
Solved 30/200 episodes
Evaluated model in 21.9 seconds
Saved model for run
b1cea11bdfc249d59f0fe4c83959af84 with name round-3
Round 4
Generated trajectories in 71.6 seconds
warning: fw and bw disagree by 1.52587890625e-05
warning: fw and bw disagree by 3.0517578125e-05
warning: fw and bw disagree by 1.52587890625e-05
warning: fw and bw disagree by 0.0003662109375
warning: fw and bw disagree by 1.1444091796875e-05
warning: fw and bw disagree by 1.1444091796875e-05
warning: fw and bw disagree by 2.288818359375e-05
warning: fw and bw disagree by 1.1444091796875e-05
warning: fw and bw disagree by 1.52587890625e-05
warning: fw and bw disagree by 0.0003662109375
warning: fw and bw disagree by 1.9073486328125e-05
warning: fw and bw disagree by 1.52587890625e-05
warning: fw and bw disagree by 1.1444091796875e-05
epoch: 0	train loss: 53426.03515625	(265.2s)
warning: fw and bw disagree by 3.0517578125e-05
warning: fw and bw disagree by 1.52587890625e-05
warning: fw and bw disagree by 1.52587890625e-05
warning: fw and bw disagree by 4.57763671875e-05
warning: fw and bw disagree by 2.288818359375e-05
warning: fw and bw disagree by 3.0517578125e-05
warning: fw and bw disagree by 1.52587890625e-05
warning: fw and bw disagree by 1.1444091796875e-05
warning: fw and bw disagree by 3.0517578125e-05
warning: fw and bw disagree by 1.1444091796875e-05
warning: fw and bw disagree by 1.1444091796875e-05
warning: fw and bw disagree by 1.52587890625e-05
warning: fw and bw disagree by 1.52587890625e-05
warning: fw and bw disagree by 1.52587890625e-05
warning: fw and bw disagree by 1.1444091796875e-05
warning: fw and bw disagree by 1.52587890625e-05
warning: fw and bw disagree by 1.52587890625e-05
warning: fw and bw disagree by 1.52587890625e-05
warning: fw and bw disagree by 1.52587890625e-05
warning: fw and bw disagree by 1.1444091796875e-05
warning: fw and bw disagree by 1.52587890625e-05
warning: fw and bw disagree by 1.52587890625e-05
warning: fw and bw disagree by 1.1444091796875e-05
warning: fw and bw disagree by 1.1444091796875e-05
warning: fw and bw disagree by 1.1444091796875e-05
warning: fw and bw disagree by 1.52587890625e-05
warning: fw and bw disagree by 1.52587890625e-05
warning: fw and bw disagree by 1.1444091796875e-05
warning: fw and bw disagree by 1.1444091796875e-05
warning: fw and bw disagree by 1.1444091796875e-05
warning: fw and bw disagree by 0.0001220703125
warning: fw and bw disagree by 3.0517578125e-05
warning: fw and bw disagree by 1.52587890625e-05
warning: fw and bw disagree by 1.1444091796875e-05
warning: fw and bw disagree by 1.52587890625e-05
warning: fw and bw disagree by 3.0517578125e-05
warning: fw and bw disagree by 3.0517578125e-05
warning: fw and bw disagree by 3.0517578125e-05
warning: fw and bw disagree by 1.1444091796875e-05
warning: fw and bw disagree by 1.1444091796875e-05
warning: fw and bw disagree by 1.1444091796875e-05
warning: fw and bw disagree by 1.52587890625e-05
warning: fw and bw disagree by 3.0517578125e-05
warning: fw and bw disagree by 2.288818359375e-05
warning: fw and bw disagree by 1.1444091796875e-05
warning: fw and bw disagree by 1.1444091796875e-05
warning: fw and bw disagree by 1.52587890625e-05
warning: fw and bw disagree by 1.52587890625e-05
warning: fw and bw disagree by 1.1444091796875e-05
warning: fw and bw disagree by 2.288818359375e-05
warning: fw and bw disagree by 1.52587890625e-05
warning: fw and bw disagree by 1.1444091796875e-05
warning: fw and bw disagree by 1.52587890625e-05
warning: fw and bw disagree by 2.288818359375e-05
warning: fw and bw disagree by 1.52587890625e-05
warning: fw and bw disagree by 1.1444091796875e-05
warning: fw and bw disagree by 1.1444091796875e-05
warning: fw and bw disagree by 1.52587890625e-05
warning: fw and bw disagree by 2.288818359375e-05
warning: fw and bw disagree by 1.1444091796875e-05
warning: fw and bw disagree by 1.52587890625e-05
warning: fw and bw disagree by 1.1444091796875e-05
warning: fw and bw disagree by 2.288818359375e-05
warning: fw and bw disagree by 1.33514404296875e-05
warning: fw and bw disagree by 1.1444091796875e-05
warning: fw and bw disagree by 1.1444091796875e-05
warning: fw and bw disagree by 1.52587890625e-05
warning: fw and bw disagree by 1.52587890625e-05
warning: fw and bw disagree by 1.33514404296875e-05
warning: fw and bw disagree by 4.57763671875e-05
warning: fw and bw disagree by 1.1444091796875e-05
warning: fw and bw disagree by 1.1444091796875e-05
warning: fw and bw disagree by 1.1444091796875e-05
warning: fw and bw disagree by 1.52587890625e-05
warning: fw and bw disagree by 1.52587890625e-05
warning: fw and bw disagree by 1.52587890625e-05
warning: fw and bw disagree by 1.1444091796875e-05
warning: fw and bw disagree by 2.288818359375e-05
warning: fw and bw disagree by 1.52587890625e-05
warning: fw and bw disagree by 1.1444091796875e-05
warning: fw and bw disagree by 1.52587890625e-05
warning: fw and bw disagree by 1.52587890625e-05
warning: fw and bw disagree by 1.52587890625e-05
warning: fw and bw disagree by 1.52587890625e-05
warning: fw and bw disagree by 9.1552734375e-05
warning: fw and bw disagree by 1.52587890625e-05
warning: fw and bw disagree by 1.52587890625e-05
warning: fw and bw disagree by 1.52587890625e-05
warning: fw and bw disagree by 1.52587890625e-05
warning: fw and bw disagree by 1.1444091796875e-05
warning: fw and bw disagree by 1.1444091796875e-05
warning: fw and bw disagree by 1.1444091796875e-05
warning: fw and bw disagree by 1.1444091796875e-05
warning: fw and bw disagree by 3.0517578125e-05
warning: fw and bw disagree by 1.52587890625e-05
warning: fw and bw disagree by 1.1444091796875e-05
warning: fw and bw disagree by 1.52587890625e-05
warning: fw and bw disagree by 1.1444091796875e-05
warning: fw and bw disagree by 1.1444091796875e-05
warning: fw and bw disagree by 1.52587890625e-05
warning: fw and bw disagree by 0.0001220703125
warning: fw and bw disagree by 1.52587890625e-05
warning: fw and bw disagree by 1.52587890625e-05
warning: fw and bw disagree by 1.52587890625e-05
warning: fw and bw disagree by 1.52587890625e-05
warning: fw and bw disagree by 1.1444091796875e-05
warning: fw and bw disagree by 3.0517578125e-05
warning: fw and bw disagree by 1.52587890625e-05
warning: fw and bw disagree by 2.288818359375e-05
warning: fw and bw disagree by 4.57763671875e-05
warning: fw and bw disagree by 0.0001220703125
warning: fw and bw disagree by 1.33514404296875e-05
warning: fw and bw disagree by 1.52587890625e-05
warning: fw and bw disagree by 1.1444091796875e-05
warning: fw and bw disagree by 1.1444091796875e-05
warning: fw and bw disagree by 1.9073486328125e-05
warning: fw and bw disagree by 6.103515625e-05
warning: fw and bw disagree by 1.9073486328125e-05
warning: fw and bw disagree by 1.52587890625e-05
warning: fw and bw disagree by 2.288818359375e-05
warning: fw and bw disagree by 1.52587890625e-05
warning: fw and bw disagree by 1.1444091796875e-05
warning: fw and bw disagree by 1.52587890625e-05
warning: fw and bw disagree by 1.52587890625e-05
warning: fw and bw disagree by 1.1444091796875e-05
warning: fw and bw disagree by 9.1552734375e-05
warning: fw and bw disagree by 3.0517578125e-05
warning: fw and bw disagree by 1.1444091796875e-05
warning: fw and bw disagree by 1.52587890625e-05
warning: fw and bw disagree by 1.52587890625e-05
warning: fw and bw disagree by 4.57763671875e-05
warning: fw and bw disagree by 1.52587890625e-05
warning: fw and bw disagree by 1.52587890625e-05
warning: fw and bw disagree by 1.1444091796875e-05
warning: fw and bw disagree by 2.288818359375e-05
warning: fw and bw disagree by 2.288818359375e-05
warning: fw and bw disagree by 1.52587890625e-05
warning: fw and bw disagree by 1.1444091796875e-05
warning: fw and bw disagree by 1.1444091796875e-05
warning: fw and bw disagree by 1.52587890625e-05
warning: fw and bw disagree by 0.0001220703125
warning: fw and bw disagree by 1.52587890625e-05
warning: fw and bw disagree by 1.52587890625e-05
epoch: 20	train loss: 38379.21875	(268.0s)
warning: fw and bw disagree by 1.52587890625e-05
warning: fw and bw disagree by 1.52587890625e-05
warning: fw and bw disagree by 1.1444091796875e-05
warning: fw and bw disagree by 1.1444091796875e-05
warning: fw and bw disagree by 1.52587890625e-05
warning: fw and bw disagree by 1.1444091796875e-05
warning: fw and bw disagree by 1.1444091796875e-05
warning: fw and bw disagree by 3.0517578125e-05
warning: fw and bw disagree by 1.1444091796875e-05
warning: fw and bw disagree by 1.1444091796875e-05
warning: fw and bw disagree by 0.0001220703125
warning: fw and bw disagree by 1.52587890625e-05
warning: fw and bw disagree by 1.1444091796875e-05
warning: fw and bw disagree by 1.52587890625e-05
warning: fw and bw disagree by 1.52587890625e-05
warning: fw and bw disagree by 4.57763671875e-05
warning: fw and bw disagree by 6.103515625e-05
warning: fw and bw disagree by 1.52587890625e-05
warning: fw and bw disagree by 3.0517578125e-05
warning: fw and bw disagree by 1.52587890625e-05
warning: fw and bw disagree by 4.57763671875e-05
warning: fw and bw disagree by 1.1444091796875e-05
warning: fw and bw disagree by 1.1444091796875e-05
warning: fw and bw disagree by 1.52587890625e-05
warning: fw and bw disagree by 3.0517578125e-05
warning: fw and bw disagree by 1.52587890625e-05
warning: fw and bw disagree by 3.0517578125e-05
warning: fw and bw disagree by 1.52587890625e-05
warning: fw and bw disagree by 1.52587890625e-05
warning: fw and bw disagree by 1.52587890625e-05
warning: fw and bw disagree by 1.52587890625e-05
warning: fw and bw disagree by 0.000213623046875
warning: fw and bw disagree by 3.0517578125e-05
warning: fw and bw disagree by 1.52587890625e-05
warning: fw and bw disagree by 2.288818359375e-05
warning: fw and bw disagree by 1.1444091796875e-05
warning: fw and bw disagree by 2.288818359375e-05
warning: fw and bw disagree by 3.0517578125e-05
warning: fw and bw disagree by 1.52587890625e-05
warning: fw and bw disagree by 1.52587890625e-05
warning: fw and bw disagree by 1.52587890625e-05
warning: fw and bw disagree by 1.52587890625e-05
warning: fw and bw disagree by 1.52587890625e-05
warning: fw and bw disagree by 1.1444091796875e-05
warning: fw and bw disagree by 1.1444091796875e-05
warning: fw and bw disagree by 1.1444091796875e-05
warning: fw and bw disagree by 1.52587890625e-05
warning: fw and bw disagree by 1.52587890625e-05
warning: fw and bw disagree by 0.0001220703125
warning: fw and bw disagree by 1.1444091796875e-05
warning: fw and bw disagree by 1.1444091796875e-05
warning: fw and bw disagree by 2.288818359375e-05
warning: fw and bw disagree by 9.1552734375e-05
warning: fw and bw disagree by 2.288818359375e-05
warning: fw and bw disagree by 0.0001220703125
warning: fw and bw disagree by 1.52587890625e-05
warning: fw and bw disagree by 4.57763671875e-05
warning: fw and bw disagree by 1.1444091796875e-05
warning: fw and bw disagree by 1.52587890625e-05
warning: fw and bw disagree by 3.0517578125e-05
warning: fw and bw disagree by 1.1444091796875e-05
warning: fw and bw disagree by 1.1444091796875e-05
warning: fw and bw disagree by 1.52587890625e-05
warning: fw and bw disagree by 1.52587890625e-05
warning: fw and bw disagree by 3.0517578125e-05
warning: fw and bw disagree by 1.9073486328125e-05
epoch: 40	train loss: 36479.91796875	(271.6s)
warning: fw and bw disagree by 1.1444091796875e-05
warning: fw and bw disagree by 1.52587890625e-05
warning: fw and bw disagree by 1.1444091796875e-05
warning: fw and bw disagree by 2.288818359375e-05
warning: fw and bw disagree by 1.1444091796875e-05
warning: fw and bw disagree by 1.1444091796875e-05
warning: fw and bw disagree by 1.1444091796875e-05
warning: fw and bw disagree by 6.103515625e-05
warning: fw and bw disagree by 1.1444091796875e-05
warning: fw and bw disagree by 3.0517578125e-05
warning: fw and bw disagree by 3.0517578125e-05
warning: fw and bw disagree by 1.52587890625e-05
warning: fw and bw disagree by 1.1444091796875e-05
warning: fw and bw disagree by 2.288818359375e-05
warning: fw and bw disagree by 1.52587890625e-05
warning: fw and bw disagree by 1.9073486328125e-05
warning: fw and bw disagree by 3.0517578125e-05
warning: fw and bw disagree by 1.1444091796875e-05
warning: fw and bw disagree by 1.52587890625e-05
warning: fw and bw disagree by 3.0517578125e-05
warning: fw and bw disagree by 3.0517578125e-05
warning: fw and bw disagree by 1.1444091796875e-05
warning: fw and bw disagree by 2.288818359375e-05
warning: fw and bw disagree by 1.1444091796875e-05
warning: fw and bw disagree by 1.1444091796875e-05
warning: fw and bw disagree by 3.0517578125e-05
warning: fw and bw disagree by 1.1444091796875e-05
warning: fw and bw disagree by 6.103515625e-05
warning: fw and bw disagree by 1.52587890625e-05
warning: fw and bw disagree by 1.52587890625e-05
warning: fw and bw disagree by 1.52587890625e-05
warning: fw and bw disagree by 6.103515625e-05
warning: fw and bw disagree by 3.814697265625e-05
warning: fw and bw disagree by 1.33514404296875e-05
warning: fw and bw disagree by 1.1444091796875e-05
warning: fw and bw disagree by 1.52587890625e-05
warning: fw and bw disagree by 3.0517578125e-05
warning: fw and bw disagree by 6.103515625e-05
warning: fw and bw disagree by 1.1444091796875e-05
warning: fw and bw disagree by 1.1444091796875e-05
warning: fw and bw disagree by 1.52587890625e-05
warning: fw and bw disagree by 1.52587890625e-05
warning: fw and bw disagree by 1.1444091796875e-05
warning: fw and bw disagree by 3.814697265625e-05
warning: fw and bw disagree by 1.52587890625e-05
warning: fw and bw disagree by 1.52587890625e-05
warning: fw and bw disagree by 1.1444091796875e-05
warning: fw and bw disagree by 3.0517578125e-05
warning: fw and bw disagree by 6.103515625e-05
warning: fw and bw disagree by 3.0517578125e-05
warning: fw and bw disagree by 0.0001220703125
warning: fw and bw disagree by 1.52587890625e-05
warning: fw and bw disagree by 9.1552734375e-05
warning: fw and bw disagree by 6.103515625e-05
warning: fw and bw disagree by 4.57763671875e-05
warning: fw and bw disagree by 2.288818359375e-05
warning: fw and bw disagree by 1.52587890625e-05
warning: fw and bw disagree by 2.288818359375e-05
warning: fw and bw disagree by 1.1444091796875e-05
warning: fw and bw disagree by 1.33514404296875e-05
warning: fw and bw disagree by 1.1444091796875e-05
warning: fw and bw disagree by 1.1444091796875e-05
warning: fw and bw disagree by 1.52587890625e-05
warning: fw and bw disagree by 3.0517578125e-05
warning: fw and bw disagree by 3.0517578125e-05
warning: fw and bw disagree by 1.52587890625e-05
warning: fw and bw disagree by 3.0517578125e-05
warning: fw and bw disagree by 1.1444091796875e-05
warning: fw and bw disagree by 2.288818359375e-05
warning: fw and bw disagree by 1.52587890625e-05
warning: fw and bw disagree by 1.52587890625e-05
warning: fw and bw disagree by 3.0517578125e-05
warning: fw and bw disagree by 1.52587890625e-05
warning: fw and bw disagree by 1.52587890625e-05
warning: fw and bw disagree by 1.52587890625e-05
warning: fw and bw disagree by 1.52587890625e-05
warning: fw and bw disagree by 1.1444091796875e-05
warning: fw and bw disagree by 1.1444091796875e-05
warning: fw and bw disagree by 2.288818359375e-05
warning: fw and bw disagree by 1.1444091796875e-05
warning: fw and bw disagree by 1.1444091796875e-05
warning: fw and bw disagree by 1.1444091796875e-05
warning: fw and bw disagree by 1.1444091796875e-05
epoch: 60	train loss: 33853.953125	(271.4s)
warning: fw and bw disagree by 1.52587890625e-05
warning: fw and bw disagree by 1.1444091796875e-05
warning: fw and bw disagree by 1.52587890625e-05
warning: fw and bw disagree by 1.52587890625e-05
warning: fw and bw disagree by 1.9073486328125e-05
warning: fw and bw disagree by 1.52587890625e-05
warning: fw and bw disagree by 3.0517578125e-05
warning: fw and bw disagree by 1.52587890625e-05
warning: fw and bw disagree by 1.1444091796875e-05
warning: fw and bw disagree by 1.1444091796875e-05
warning: fw and bw disagree by 1.52587890625e-05
warning: fw and bw disagree by 1.52587890625e-05
warning: fw and bw disagree by 6.103515625e-05
warning: fw and bw disagree by 1.52587890625e-05
warning: fw and bw disagree by 1.52587890625e-05
warning: fw and bw disagree by 6.103515625e-05
warning: fw and bw disagree by 1.52587890625e-05
warning: fw and bw disagree by 1.1444091796875e-05
warning: fw and bw disagree by 1.9073486328125e-05
warning: fw and bw disagree by 2.288818359375e-05
warning: fw and bw disagree by 1.1444091796875e-05
warning: fw and bw disagree by 1.52587890625e-05
warning: fw and bw disagree by 1.52587890625e-05
warning: fw and bw disagree by 1.52587890625e-05
warning: fw and bw disagree by 3.0517578125e-05
warning: fw and bw disagree by 1.52587890625e-05
warning: fw and bw disagree by 4.57763671875e-05
warning: fw and bw disagree by 1.52587890625e-05
warning: fw and bw disagree by 1.52587890625e-05
warning: fw and bw disagree by 1.1444091796875e-05
warning: fw and bw disagree by 3.0517578125e-05
warning: fw and bw disagree by 1.1444091796875e-05
warning: fw and bw disagree by 1.52587890625e-05
warning: fw and bw disagree by 9.1552734375e-05
warning: fw and bw disagree by 3.814697265625e-05
warning: fw and bw disagree by 1.52587890625e-05
warning: fw and bw disagree by 6.103515625e-05
warning: fw and bw disagree by 2.288818359375e-05
warning: fw and bw disagree by 1.1444091796875e-05
warning: fw and bw disagree by 1.52587890625e-05
warning: fw and bw disagree by 1.1444091796875e-05
warning: fw and bw disagree by 1.52587890625e-05
warning: fw and bw disagree by 1.52587890625e-05
warning: fw and bw disagree by 1.52587890625e-05
warning: fw and bw disagree by 1.52587890625e-05
warning: fw and bw disagree by 2.288818359375e-05
warning: fw and bw disagree by 9.1552734375e-05
warning: fw and bw disagree by 1.1444091796875e-05
warning: fw and bw disagree by 1.1444091796875e-05
warning: fw and bw disagree by 1.52587890625e-05
warning: fw and bw disagree by 0.0001220703125
warning: fw and bw disagree by 1.52587890625e-05
warning: fw and bw disagree by 1.52587890625e-05
warning: fw and bw disagree by 0.0001220703125
warning: fw and bw disagree by 1.52587890625e-05
warning: fw and bw disagree by 1.1444091796875e-05
warning: fw and bw disagree by 1.52587890625e-05
warning: fw and bw disagree by 2.288818359375e-05
warning: fw and bw disagree by 1.1444091796875e-05
warning: fw and bw disagree by 0.0001220703125
warning: fw and bw disagree by 1.52587890625e-05
warning: fw and bw disagree by 0.0001220703125
warning: fw and bw disagree by 1.1444091796875e-05
warning: fw and bw disagree by 2.288818359375e-05
warning: fw and bw disagree by 3.0517578125e-05
warning: fw and bw disagree by 1.52587890625e-05
warning: fw and bw disagree by 1.52587890625e-05
warning: fw and bw disagree by 1.1444091796875e-05
warning: fw and bw disagree by 1.1444091796875e-05
warning: fw and bw disagree by 1.1444091796875e-05
warning: fw and bw disagree by 3.0517578125e-05
warning: fw and bw disagree by 3.0517578125e-05
warning: fw and bw disagree by 1.1444091796875e-05
warning: fw and bw disagree by 1.52587890625e-05
warning: fw and bw disagree by 1.1444091796875e-05
warning: fw and bw disagree by 1.1444091796875e-05
epoch: 80	train loss: 33632.33203125	(271.5s)
warning: fw and bw disagree by 1.52587890625e-05
warning: fw and bw disagree by 4.57763671875e-05
warning: fw and bw disagree by 3.0517578125e-05
warning: fw and bw disagree by 1.1444091796875e-05
warning: fw and bw disagree by 1.1444091796875e-05
warning: fw and bw disagree by 1.1444091796875e-05
warning: fw and bw disagree by 2.288818359375e-05
warning: fw and bw disagree by 1.1444091796875e-05
warning: fw and bw disagree by 1.33514404296875e-05
warning: fw and bw disagree by 1.52587890625e-05
warning: fw and bw disagree by 1.52587890625e-05
warning: fw and bw disagree by 1.52587890625e-05
warning: fw and bw disagree by 1.52587890625e-05
warning: fw and bw disagree by 1.52587890625e-05
warning: fw and bw disagree by 4.57763671875e-05
warning: fw and bw disagree by 3.0517578125e-05
warning: fw and bw disagree by 1.52587890625e-05
warning: fw and bw disagree by 2.288818359375e-05
warning: fw and bw disagree by 1.52587890625e-05
warning: fw and bw disagree by 1.52587890625e-05
warning: fw and bw disagree by 1.52587890625e-05
warning: fw and bw disagree by 1.1444091796875e-05
warning: fw and bw disagree by 1.1444091796875e-05
warning: fw and bw disagree by 6.103515625e-05
warning: fw and bw disagree by 9.1552734375e-05
warning: fw and bw disagree by 3.0517578125e-05
warning: fw and bw disagree by 1.52587890625e-05
warning: fw and bw disagree by 1.52587890625e-05
warning: fw and bw disagree by 1.9073486328125e-05
warning: fw and bw disagree by 1.52587890625e-05
warning: fw and bw disagree by 1.52587890625e-05
warning: fw and bw disagree by 1.52587890625e-05
warning: fw and bw disagree by 1.1444091796875e-05
warning: fw and bw disagree by 1.1444091796875e-05
warning: fw and bw disagree by 1.1444091796875e-05
warning: fw and bw disagree by 1.1444091796875e-05
warning: fw and bw disagree by 1.1444091796875e-05
warning: fw and bw disagree by 1.1444091796875e-05
warning: fw and bw disagree by 1.1444091796875e-05
warning: fw and bw disagree by 1.52587890625e-05
warning: fw and bw disagree by 4.57763671875e-05
warning: fw and bw disagree by 1.52587890625e-05
warning: fw and bw disagree by 4.57763671875e-05
warning: fw and bw disagree by 2.288818359375e-05
warning: fw and bw disagree by 2.288818359375e-05
warning: fw and bw disagree by 1.9073486328125e-05
warning: fw and bw disagree by 1.1444091796875e-05
warning: fw and bw disagree by 3.0517578125e-05
warning: fw and bw disagree by 1.52587890625e-05
warning: fw and bw disagree by 1.1444091796875e-05
warning: fw and bw disagree by 1.1444091796875e-05
warning: fw and bw disagree by 1.1444091796875e-05
warning: fw and bw disagree by 1.1444091796875e-05
warning: fw and bw disagree by 1.52587890625e-05
warning: fw and bw disagree by 1.52587890625e-05
warning: fw and bw disagree by 6.103515625e-05
warning: fw and bw disagree by 6.103515625e-05
warning: fw and bw disagree by 1.52587890625e-05
warning: fw and bw disagree by 1.33514404296875e-05
warning: fw and bw disagree by 1.1444091796875e-05
warning: fw and bw disagree by 1.1444091796875e-05
warning: fw and bw disagree by 1.52587890625e-05
warning: fw and bw disagree by 4.57763671875e-05
warning: fw and bw disagree by 2.288818359375e-05
warning: fw and bw disagree by 1.52587890625e-05
warning: fw and bw disagree by 7.62939453125e-05
warning: fw and bw disagree by 1.1444091796875e-05
warning: fw and bw disagree by 3.0517578125e-05
warning: fw and bw disagree by 1.52587890625e-05
warning: fw and bw disagree by 1.52587890625e-05
warning: fw and bw disagree by 1.52587890625e-05
warning: fw and bw disagree by 1.52587890625e-05
warning: fw and bw disagree by 1.52587890625e-05
warning: fw and bw disagree by 1.1444091796875e-05
warning: fw and bw disagree by 1.52587890625e-05
warning: fw and bw disagree by 3.0517578125e-05
warning: fw and bw disagree by 3.0517578125e-05
warning: fw and bw disagree by 1.1444091796875e-05
warning: fw and bw disagree by 3.0517578125e-05
warning: fw and bw disagree by 1.1444091796875e-05
warning: fw and bw disagree by 1.1444091796875e-05
warning: fw and bw disagree by 1.52587890625e-05
warning: fw and bw disagree by 1.1444091796875e-05
warning: fw and bw disagree by 1.52587890625e-05
warning: fw and bw disagree by 3.0517578125e-05
warning: fw and bw disagree by 1.1444091796875e-05
warning: fw and bw disagree by 1.52587890625e-05
warning: fw and bw disagree by 1.1444091796875e-05
warning: fw and bw disagree by 1.1444091796875e-05
warning: fw and bw disagree by 1.1444091796875e-05
Evaluating model on 200 episodes
Solved 19/200 episodes
Evaluated model in 28.3 seconds
Saved model for run
b1cea11bdfc249d59f0fe4c83959af84 with name round-4
Round 5
Generated trajectories in 71.7 seconds
warning: fw and bw disagree by 9.1552734375e-05
warning: fw and bw disagree by 3.0517578125e-05
warning: fw and bw disagree by 0.0003662109375
warning: fw and bw disagree by 1.1444091796875e-05
warning: fw and bw disagree by 1.52587890625e-05
warning: fw and bw disagree by 1.1444091796875e-05
epoch: 0	train loss: 49983.8828125	(268.1s)
warning: fw and bw disagree by 3.0517578125e-05
warning: fw and bw disagree by 1.52587890625e-05
warning: fw and bw disagree by 3.0517578125e-05
warning: fw and bw disagree by 1.52587890625e-05
warning: fw and bw disagree by 1.1444091796875e-05
warning: fw and bw disagree by 1.52587890625e-05
warning: fw and bw disagree by 1.52587890625e-05
warning: fw and bw disagree by 1.52587890625e-05
warning: fw and bw disagree by 1.1444091796875e-05
warning: fw and bw disagree by 1.52587890625e-05
warning: fw and bw disagree by 1.1444091796875e-05
warning: fw and bw disagree by 1.1444091796875e-05
warning: fw and bw disagree by 1.52587890625e-05
warning: fw and bw disagree by 1.1444091796875e-05
warning: fw and bw disagree by 1.1444091796875e-05
warning: fw and bw disagree by 3.0517578125e-05
warning: fw and bw disagree by 1.1444091796875e-05
warning: fw and bw disagree by 1.52587890625e-05
warning: fw and bw disagree by 1.1444091796875e-05
warning: fw and bw disagree by 1.1444091796875e-05
warning: fw and bw disagree by 1.1444091796875e-05
warning: fw and bw disagree by 1.52587890625e-05
warning: fw and bw disagree by 2.288818359375e-05
warning: fw and bw disagree by 1.52587890625e-05
warning: fw and bw disagree by 1.52587890625e-05
warning: fw and bw disagree by 1.1444091796875e-05
warning: fw and bw disagree by 1.1444091796875e-05
warning: fw and bw disagree by 1.52587890625e-05
warning: fw and bw disagree by 1.1444091796875e-05
warning: fw and bw disagree by 1.52587890625e-05
warning: fw and bw disagree by 2.288818359375e-05
warning: fw and bw disagree by 3.0517578125e-05
warning: fw and bw disagree by 1.52587890625e-05
warning: fw and bw disagree by 1.1444091796875e-05
warning: fw and bw disagree by 3.0517578125e-05
warning: fw and bw disagree by 3.0517578125e-05
warning: fw and bw disagree by 1.1444091796875e-05
warning: fw and bw disagree by 1.1444091796875e-05
warning: fw and bw disagree by 1.1444091796875e-05
warning: fw and bw disagree by 3.814697265625e-05
warning: fw and bw disagree by 1.1444091796875e-05
warning: fw and bw disagree by 1.1444091796875e-05
warning: fw and bw disagree by 1.1444091796875e-05
warning: fw and bw disagree by 1.52587890625e-05
warning: fw and bw disagree by 3.0517578125e-05
warning: fw and bw disagree by 6.103515625e-05
warning: fw and bw disagree by 1.52587890625e-05
warning: fw and bw disagree by 3.0517578125e-05
warning: fw and bw disagree by 1.9073486328125e-05
warning: fw and bw disagree by 1.1444091796875e-05
warning: fw and bw disagree by 1.52587890625e-05
warning: fw and bw disagree by 1.1444091796875e-05
warning: fw and bw disagree by 1.52587890625e-05
warning: fw and bw disagree by 1.52587890625e-05
warning: fw and bw disagree by 1.52587890625e-05
warning: fw and bw disagree by 1.52587890625e-05
warning: fw and bw disagree by 1.1444091796875e-05
warning: fw and bw disagree by 6.103515625e-05
warning: fw and bw disagree by 1.1444091796875e-05
warning: fw and bw disagree by 1.1444091796875e-05
warning: fw and bw disagree by 0.0001220703125
warning: fw and bw disagree by 1.52587890625e-05
warning: fw and bw disagree by 3.0517578125e-05
warning: fw and bw disagree by 2.288818359375e-05
warning: fw and bw disagree by 0.000244140625
warning: fw and bw disagree by 1.52587890625e-05
warning: fw and bw disagree by 1.1444091796875e-05
warning: fw and bw disagree by 1.1444091796875e-05
warning: fw and bw disagree by 1.1444091796875e-05
warning: fw and bw disagree by 3.0517578125e-05
warning: fw and bw disagree by 1.1444091796875e-05
warning: fw and bw disagree by 1.52587890625e-05
warning: fw and bw disagree by 1.1444091796875e-05
warning: fw and bw disagree by 2.288818359375e-05
warning: fw and bw disagree by 1.52587890625e-05
warning: fw and bw disagree by 1.52587890625e-05
warning: fw and bw disagree by 1.1444091796875e-05
warning: fw and bw disagree by 1.1444091796875e-05
warning: fw and bw disagree by 6.103515625e-05
warning: fw and bw disagree by 1.1444091796875e-05
warning: fw and bw disagree by 1.1444091796875e-05
warning: fw and bw disagree by 1.1444091796875e-05
warning: fw and bw disagree by 1.52587890625e-05
warning: fw and bw disagree by 1.52587890625e-05
warning: fw and bw disagree by 1.52587890625e-05
warning: fw and bw disagree by 6.103515625e-05
warning: fw and bw disagree by 1.1444091796875e-05
warning: fw and bw disagree by 1.1444091796875e-05
warning: fw and bw disagree by 1.1444091796875e-05
warning: fw and bw disagree by 2.288818359375e-05
warning: fw and bw disagree by 1.1444091796875e-05
warning: fw and bw disagree by 1.52587890625e-05
warning: fw and bw disagree by 3.0517578125e-05
warning: fw and bw disagree by 1.1444091796875e-05
warning: fw and bw disagree by 1.1444091796875e-05
warning: fw and bw disagree by 6.103515625e-05
warning: fw and bw disagree by 0.0001220703125
warning: fw and bw disagree by 3.0517578125e-05
warning: fw and bw disagree by 1.52587890625e-05
warning: fw and bw disagree by 1.1444091796875e-05
warning: fw and bw disagree by 1.52587890625e-05
warning: fw and bw disagree by 1.1444091796875e-05
warning: fw and bw disagree by 1.1444091796875e-05
warning: fw and bw disagree by 1.1444091796875e-05
warning: fw and bw disagree by 1.1444091796875e-05
warning: fw and bw disagree by 6.103515625e-05
warning: fw and bw disagree by 1.52587890625e-05
warning: fw and bw disagree by 1.1444091796875e-05
warning: fw and bw disagree by 1.1444091796875e-05
warning: fw and bw disagree by 1.52587890625e-05
warning: fw and bw disagree by 1.1444091796875e-05
warning: fw and bw disagree by 1.9073486328125e-05
warning: fw and bw disagree by 1.1444091796875e-05
warning: fw and bw disagree by 6.103515625e-05
warning: fw and bw disagree by 1.52587890625e-05
warning: fw and bw disagree by 3.0517578125e-05
warning: fw and bw disagree by 3.0517578125e-05
warning: fw and bw disagree by 1.1444091796875e-05
warning: fw and bw disagree by 3.0517578125e-05
warning: fw and bw disagree by 1.52587890625e-05
warning: fw and bw disagree by 1.1444091796875e-05
warning: fw and bw disagree by 1.52587890625e-05
warning: fw and bw disagree by 1.1444091796875e-05
warning: fw and bw disagree by 1.52587890625e-05
warning: fw and bw disagree by 1.1444091796875e-05
warning: fw and bw disagree by 1.1444091796875e-05
warning: fw and bw disagree by 2.288818359375e-05
warning: fw and bw disagree by 1.1444091796875e-05
warning: fw and bw disagree by 3.0517578125e-05
warning: fw and bw disagree by 1.1444091796875e-05
warning: fw and bw disagree by 3.0517578125e-05
warning: fw and bw disagree by 1.52587890625e-05
warning: fw and bw disagree by 2.288818359375e-05
warning: fw and bw disagree by 3.0517578125e-05
warning: fw and bw disagree by 1.52587890625e-05
warning: fw and bw disagree by 1.1444091796875e-05
warning: fw and bw disagree by 1.1444091796875e-05
warning: fw and bw disagree by 4.57763671875e-05
warning: fw and bw disagree by 1.1444091796875e-05
warning: fw and bw disagree by 6.103515625e-05
warning: fw and bw disagree by 2.288818359375e-05
warning: fw and bw disagree by 3.0517578125e-05
warning: fw and bw disagree by 2.288818359375e-05
warning: fw and bw disagree by 1.33514404296875e-05
warning: fw and bw disagree by 1.52587890625e-05
warning: fw and bw disagree by 1.9073486328125e-05
warning: fw and bw disagree by 1.1444091796875e-05
warning: fw and bw disagree by 1.1444091796875e-05
warning: fw and bw disagree by 1.1444091796875e-05
warning: fw and bw disagree by 1.1444091796875e-05
warning: fw and bw disagree by 3.0517578125e-05
epoch: 20	train loss: 42628.81640625	(270.4s)
warning: fw and bw disagree by 3.0517578125e-05
warning: fw and bw disagree by 1.52587890625e-05
warning: fw and bw disagree by 6.103515625e-05
warning: fw and bw disagree by 1.52587890625e-05
warning: fw and bw disagree by 0.0001220703125
warning: fw and bw disagree by 1.1444091796875e-05
warning: fw and bw disagree by 1.1444091796875e-05
warning: fw and bw disagree by 6.103515625e-05
warning: fw and bw disagree by 4.57763671875e-05
warning: fw and bw disagree by 1.1444091796875e-05
warning: fw and bw disagree by 1.52587890625e-05
warning: fw and bw disagree by 3.0517578125e-05
warning: fw and bw disagree by 1.52587890625e-05
warning: fw and bw disagree by 1.52587890625e-05
warning: fw and bw disagree by 1.1444091796875e-05
warning: fw and bw disagree by 2.288818359375e-05
warning: fw and bw disagree by 1.1444091796875e-05
warning: fw and bw disagree by 1.52587890625e-05
warning: fw and bw disagree by 1.52587890625e-05
warning: fw and bw disagree by 1.52587890625e-05
warning: fw and bw disagree by 3.0517578125e-05
warning: fw and bw disagree by 3.0517578125e-05
warning: fw and bw disagree by 2.288818359375e-05
warning: fw and bw disagree by 3.0517578125e-05
warning: fw and bw disagree by 1.1444091796875e-05
warning: fw and bw disagree by 3.0517578125e-05
warning: fw and bw disagree by 1.52587890625e-05
warning: fw and bw disagree by 3.0517578125e-05
warning: fw and bw disagree by 3.814697265625e-05
warning: fw and bw disagree by 1.52587890625e-05
warning: fw and bw disagree by 1.52587890625e-05
warning: fw and bw disagree by 1.52587890625e-05
warning: fw and bw disagree by 2.288818359375e-05
warning: fw and bw disagree by 0.0001220703125
warning: fw and bw disagree by 1.52587890625e-05
warning: fw and bw disagree by 1.52587890625e-05
warning: fw and bw disagree by 3.0517578125e-05
warning: fw and bw disagree by 1.1444091796875e-05
warning: fw and bw disagree by 1.52587890625e-05
warning: fw and bw disagree by 3.0517578125e-05
warning: fw and bw disagree by 1.1444091796875e-05
warning: fw and bw disagree by 0.000244140625
warning: fw and bw disagree by 1.52587890625e-05
warning: fw and bw disagree by 1.52587890625e-05
warning: fw and bw disagree by 1.1444091796875e-05
warning: fw and bw disagree by 6.103515625e-05
warning: fw and bw disagree by 1.1444091796875e-05
warning: fw and bw disagree by 1.52587890625e-05
warning: fw and bw disagree by 1.52587890625e-05
warning: fw and bw disagree by 1.52587890625e-05
warning: fw and bw disagree by 1.52587890625e-05
warning: fw and bw disagree by 1.1444091796875e-05
warning: fw and bw disagree by 1.52587890625e-05
warning: fw and bw disagree by 1.52587890625e-05
warning: fw and bw disagree by 1.52587890625e-05
warning: fw and bw disagree by 4.57763671875e-05
warning: fw and bw disagree by 6.103515625e-05
warning: fw and bw disagree by 1.52587890625e-05
warning: fw and bw disagree by 2.288818359375e-05
warning: fw and bw disagree by 0.0001220703125
warning: fw and bw disagree by 3.814697265625e-05
warning: fw and bw disagree by 1.52587890625e-05
warning: fw and bw disagree by 1.52587890625e-05
warning: fw and bw disagree by 1.52587890625e-05
warning: fw and bw disagree by 2.288818359375e-05
warning: fw and bw disagree by 1.52587890625e-05
warning: fw and bw disagree by 1.1444091796875e-05
warning: fw and bw disagree by 1.52587890625e-05
warning: fw and bw disagree by 1.1444091796875e-05
warning: fw and bw disagree by 1.1444091796875e-05
warning: fw and bw disagree by 1.52587890625e-05
warning: fw and bw disagree by 2.288818359375e-05
warning: fw and bw disagree by 2.288818359375e-05
warning: fw and bw disagree by 1.33514404296875e-05
warning: fw and bw disagree by 3.0517578125e-05
warning: fw and bw disagree by 1.52587890625e-05
warning: fw and bw disagree by 2.288818359375e-05
warning: fw and bw disagree by 2.288818359375e-05
warning: fw and bw disagree by 2.288818359375e-05
warning: fw and bw disagree by 1.1444091796875e-05
warning: fw and bw disagree by 1.52587890625e-05
warning: fw and bw disagree by 1.1444091796875e-05
warning: fw and bw disagree by 1.1444091796875e-05
warning: fw and bw disagree by 1.52587890625e-05
warning: fw and bw disagree by 9.1552734375e-05
warning: fw and bw disagree by 3.0517578125e-05
warning: fw and bw disagree by 1.1444091796875e-05
warning: fw and bw disagree by 1.52587890625e-05
warning: fw and bw disagree by 4.57763671875e-05
warning: fw and bw disagree by 1.1444091796875e-05
warning: fw and bw disagree by 1.52587890625e-05
warning: fw and bw disagree by 3.0517578125e-05
warning: fw and bw disagree by 6.103515625e-05
warning: fw and bw disagree by 1.52587890625e-05
warning: fw and bw disagree by 1.52587890625e-05
warning: fw and bw disagree by 1.52587890625e-05
warning: fw and bw disagree by 2.288818359375e-05
warning: fw and bw disagree by 1.1444091796875e-05
warning: fw and bw disagree by 1.52587890625e-05
warning: fw and bw disagree by 1.52587890625e-05
warning: fw and bw disagree by 4.57763671875e-05
warning: fw and bw disagree by 2.288818359375e-05
epoch: 40	train loss: 37568.4140625	(270.6s)
warning: fw and bw disagree by 0.0001220703125
warning: fw and bw disagree by 4.57763671875e-05
warning: fw and bw disagree by 1.1444091796875e-05
warning: fw and bw disagree by 1.52587890625e-05
warning: fw and bw disagree by 0.0001220703125
warning: fw and bw disagree by 1.52587890625e-05
warning: fw and bw disagree by 3.0517578125e-05
warning: fw and bw disagree by 2.288818359375e-05
warning: fw and bw disagree by 6.103515625e-05
warning: fw and bw disagree by 1.52587890625e-05
warning: fw and bw disagree by 1.1444091796875e-05
warning: fw and bw disagree by 2.288818359375e-05
warning: fw and bw disagree by 1.1444091796875e-05
warning: fw and bw disagree by 1.1444091796875e-05
warning: fw and bw disagree by 2.288818359375e-05
warning: fw and bw disagree by 1.1444091796875e-05
warning: fw and bw disagree by 1.52587890625e-05
warning: fw and bw disagree by 2.288818359375e-05
warning: fw and bw disagree by 1.52587890625e-05
warning: fw and bw disagree by 1.52587890625e-05
warning: fw and bw disagree by 3.0517578125e-05
warning: fw and bw disagree by 1.52587890625e-05
warning: fw and bw disagree by 2.288818359375e-05
warning: fw and bw disagree by 1.52587890625e-05
warning: fw and bw disagree by 6.103515625e-05
warning: fw and bw disagree by 1.52587890625e-05
warning: fw and bw disagree by 1.1444091796875e-05
warning: fw and bw disagree by 1.1444091796875e-05
warning: fw and bw disagree by 1.52587890625e-05
warning: fw and bw disagree by 1.52587890625e-05
warning: fw and bw disagree by 1.1444091796875e-05
warning: fw and bw disagree by 1.52587890625e-05
warning: fw and bw disagree by 1.9073486328125e-05
warning: fw and bw disagree by 3.814697265625e-05
warning: fw and bw disagree by 2.288818359375e-05
warning: fw and bw disagree by 1.52587890625e-05
warning: fw and bw disagree by 1.1444091796875e-05
warning: fw and bw disagree by 1.52587890625e-05
warning: fw and bw disagree by 6.103515625e-05
warning: fw and bw disagree by 1.52587890625e-05
warning: fw and bw disagree by 1.1444091796875e-05
warning: fw and bw disagree by 2.288818359375e-05
warning: fw and bw disagree by 1.52587890625e-05
warning: fw and bw disagree by 3.0517578125e-05
warning: fw and bw disagree by 1.1444091796875e-05
warning: fw and bw disagree by 1.1444091796875e-05
warning: fw and bw disagree by 4.57763671875e-05
warning: fw and bw disagree by 3.0517578125e-05
warning: fw and bw disagree by 1.33514404296875e-05
warning: fw and bw disagree by 1.52587890625e-05
warning: fw and bw disagree by 1.52587890625e-05
warning: fw and bw disagree by 1.1444091796875e-05
warning: fw and bw disagree by 1.52587890625e-05
warning: fw and bw disagree by 3.0517578125e-05
warning: fw and bw disagree by 6.103515625e-05
warning: fw and bw disagree by 1.1444091796875e-05
warning: fw and bw disagree by 1.52587890625e-05
warning: fw and bw disagree by 1.52587890625e-05
warning: fw and bw disagree by 1.1444091796875e-05
warning: fw and bw disagree by 2.288818359375e-05
warning: fw and bw disagree by 1.52587890625e-05
warning: fw and bw disagree by 1.1444091796875e-05
warning: fw and bw disagree by 1.9073486328125e-05
warning: fw and bw disagree by 1.1444091796875e-05
warning: fw and bw disagree by 1.1444091796875e-05
warning: fw and bw disagree by 1.52587890625e-05
warning: fw and bw disagree by 1.52587890625e-05
warning: fw and bw disagree by 6.103515625e-05
warning: fw and bw disagree by 1.52587890625e-05
warning: fw and bw disagree by 1.52587890625e-05
warning: fw and bw disagree by 1.9073486328125e-05
warning: fw and bw disagree by 4.57763671875e-05
warning: fw and bw disagree by 3.0517578125e-05
warning: fw and bw disagree by 1.52587890625e-05
warning: fw and bw disagree by 1.52587890625e-05
warning: fw and bw disagree by 1.1444091796875e-05
warning: fw and bw disagree by 1.52587890625e-05
warning: fw and bw disagree by 1.1444091796875e-05
warning: fw and bw disagree by 1.1444091796875e-05
warning: fw and bw disagree by 1.52587890625e-05
warning: fw and bw disagree by 1.33514404296875e-05
warning: fw and bw disagree by 1.1444091796875e-05
warning: fw and bw disagree by 1.1444091796875e-05
warning: fw and bw disagree by 1.1444091796875e-05
warning: fw and bw disagree by 3.0517578125e-05
warning: fw and bw disagree by 1.1444091796875e-05
warning: fw and bw disagree by 1.52587890625e-05
warning: fw and bw disagree by 1.1444091796875e-05
warning: fw and bw disagree by 1.52587890625e-05
warning: fw and bw disagree by 1.1444091796875e-05
warning: fw and bw disagree by 1.1444091796875e-05
warning: fw and bw disagree by 1.52587890625e-05
warning: fw and bw disagree by 1.52587890625e-05
warning: fw and bw disagree by 1.1444091796875e-05
warning: fw and bw disagree by 1.52587890625e-05
warning: fw and bw disagree by 1.1444091796875e-05
warning: fw and bw disagree by 0.0001220703125
warning: fw and bw disagree by 1.52587890625e-05
warning: fw and bw disagree by 1.1444091796875e-05
warning: fw and bw disagree by 1.52587890625e-05
warning: fw and bw disagree by 1.52587890625e-05
warning: fw and bw disagree by 1.1444091796875e-05
epoch: 60	train loss: 39217.4140625	(270.4s)
warning: fw and bw disagree by 3.0517578125e-05
warning: fw and bw disagree by 1.1444091796875e-05
warning: fw and bw disagree by 1.1444091796875e-05
warning: fw and bw disagree by 1.1444091796875e-05
warning: fw and bw disagree by 1.1444091796875e-05
warning: fw and bw disagree by 1.52587890625e-05
warning: fw and bw disagree by 3.0517578125e-05
warning: fw and bw disagree by 4.57763671875e-05
warning: fw and bw disagree by 1.52587890625e-05
warning: fw and bw disagree by 1.1444091796875e-05
warning: fw and bw disagree by 1.52587890625e-05
warning: fw and bw disagree by 1.1444091796875e-05
warning: fw and bw disagree by 1.1444091796875e-05
warning: fw and bw disagree by 1.52587890625e-05
warning: fw and bw disagree by 1.52587890625e-05
warning: fw and bw disagree by 1.52587890625e-05
warning: fw and bw disagree by 2.288818359375e-05
warning: fw and bw disagree by 3.0517578125e-05
warning: fw and bw disagree by 1.52587890625e-05
warning: fw and bw disagree by 1.1444091796875e-05
warning: fw and bw disagree by 6.103515625e-05
warning: fw and bw disagree by 1.52587890625e-05
warning: fw and bw disagree by 1.1444091796875e-05
warning: fw and bw disagree by 1.52587890625e-05
warning: fw and bw disagree by 9.1552734375e-05
warning: fw and bw disagree by 0.000244140625
warning: fw and bw disagree by 1.52587890625e-05
warning: fw and bw disagree by 1.52587890625e-05
warning: fw and bw disagree by 1.52587890625e-05
warning: fw and bw disagree by 6.103515625e-05
warning: fw and bw disagree by 1.52587890625e-05
warning: fw and bw disagree by 1.52587890625e-05
warning: fw and bw disagree by 1.52587890625e-05
warning: fw and bw disagree by 1.33514404296875e-05
warning: fw and bw disagree by 1.1444091796875e-05
warning: fw and bw disagree by 2.288818359375e-05
warning: fw and bw disagree by 1.1444091796875e-05
warning: fw and bw disagree by 9.1552734375e-05
warning: fw and bw disagree by 1.33514404296875e-05
warning: fw and bw disagree by 1.1444091796875e-05
warning: fw and bw disagree by 1.1444091796875e-05
warning: fw and bw disagree by 0.000244140625
warning: fw and bw disagree by 1.1444091796875e-05
warning: fw and bw disagree by 1.52587890625e-05
warning: fw and bw disagree by 2.288818359375e-05
warning: fw and bw disagree by 2.288818359375e-05
warning: fw and bw disagree by 1.1444091796875e-05
warning: fw and bw disagree by 1.1444091796875e-05
warning: fw and bw disagree by 1.1444091796875e-05
warning: fw and bw disagree by 1.1444091796875e-05
warning: fw and bw disagree by 1.52587890625e-05
warning: fw and bw disagree by 4.57763671875e-05
warning: fw and bw disagree by 1.1444091796875e-05
warning: fw and bw disagree by 3.0517578125e-05
warning: fw and bw disagree by 3.0517578125e-05
warning: fw and bw disagree by 4.57763671875e-05
warning: fw and bw disagree by 1.52587890625e-05
warning: fw and bw disagree by 1.52587890625e-05
warning: fw and bw disagree by 1.52587890625e-05
warning: fw and bw disagree by 1.52587890625e-05
warning: fw and bw disagree by 0.0001220703125
warning: fw and bw disagree by 1.1444091796875e-05
warning: fw and bw disagree by 1.1444091796875e-05
warning: fw and bw disagree by 1.52587890625e-05
warning: fw and bw disagree by 1.1444091796875e-05
warning: fw and bw disagree by 7.62939453125e-05
warning: fw and bw disagree by 3.0517578125e-05
warning: fw and bw disagree by 4.57763671875e-05
warning: fw and bw disagree by 1.52587890625e-05
warning: fw and bw disagree by 2.288818359375e-05
warning: fw and bw disagree by 6.103515625e-05
warning: fw and bw disagree by 1.1444091796875e-05
warning: fw and bw disagree by 1.1444091796875e-05
warning: fw and bw disagree by 1.1444091796875e-05
warning: fw and bw disagree by 1.52587890625e-05
warning: fw and bw disagree by 3.0517578125e-05
warning: fw and bw disagree by 1.52587890625e-05
warning: fw and bw disagree by 1.52587890625e-05
warning: fw and bw disagree by 1.52587890625e-05
warning: fw and bw disagree by 1.52587890625e-05
warning: fw and bw disagree by 1.1444091796875e-05
warning: fw and bw disagree by 1.52587890625e-05
warning: fw and bw disagree by 1.1444091796875e-05
warning: fw and bw disagree by 1.1444091796875e-05
warning: fw and bw disagree by 1.1444091796875e-05
epoch: 80	train loss: 40940.4296875	(279.3s)
warning: fw and bw disagree by 1.1444091796875e-05
warning: fw and bw disagree by 1.1444091796875e-05
warning: fw and bw disagree by 2.288818359375e-05
warning: fw and bw disagree by 9.1552734375e-05
warning: fw and bw disagree by 3.0517578125e-05
warning: fw and bw disagree by 3.0517578125e-05
warning: fw and bw disagree by 1.1444091796875e-05
warning: fw and bw disagree by 1.1444091796875e-05
warning: fw and bw disagree by 1.1444091796875e-05
warning: fw and bw disagree by 1.1444091796875e-05
warning: fw and bw disagree by 6.103515625e-05
warning: fw and bw disagree by 6.103515625e-05
warning: fw and bw disagree by 3.0517578125e-05
warning: fw and bw disagree by 1.9073486328125e-05
warning: fw and bw disagree by 1.52587890625e-05
warning: fw and bw disagree by 1.52587890625e-05
warning: fw and bw disagree by 1.1444091796875e-05
warning: fw and bw disagree by 1.1444091796875e-05
warning: fw and bw disagree by 3.0517578125e-05
warning: fw and bw disagree by 1.52587890625e-05
warning: fw and bw disagree by 1.52587890625e-05
warning: fw and bw disagree by 1.1444091796875e-05
warning: fw and bw disagree by 2.6702880859375e-05
warning: fw and bw disagree by 1.1444091796875e-05
warning: fw and bw disagree by 1.1444091796875e-05
warning: fw and bw disagree by 1.52587890625e-05
warning: fw and bw disagree by 1.52587890625e-05
warning: fw and bw disagree by 3.0517578125e-05
warning: fw and bw disagree by 1.1444091796875e-05
warning: fw and bw disagree by 1.52587890625e-05
warning: fw and bw disagree by 1.1444091796875e-05
warning: fw and bw disagree by 1.52587890625e-05
warning: fw and bw disagree by 6.103515625e-05
warning: fw and bw disagree by 1.52587890625e-05
warning: fw and bw disagree by 1.52587890625e-05
warning: fw and bw disagree by 9.1552734375e-05
warning: fw and bw disagree by 1.1444091796875e-05
warning: fw and bw disagree by 1.52587890625e-05
warning: fw and bw disagree by 1.1444091796875e-05
warning: fw and bw disagree by 1.52587890625e-05
warning: fw and bw disagree by 1.1444091796875e-05
warning: fw and bw disagree by 1.1444091796875e-05
warning: fw and bw disagree by 1.1444091796875e-05
warning: fw and bw disagree by 1.1444091796875e-05
warning: fw and bw disagree by 1.52587890625e-05
warning: fw and bw disagree by 1.52587890625e-05
warning: fw and bw disagree by 3.0517578125e-05
warning: fw and bw disagree by 1.1444091796875e-05
warning: fw and bw disagree by 1.52587890625e-05
warning: fw and bw disagree by 1.52587890625e-05
warning: fw and bw disagree by 1.1444091796875e-05
warning: fw and bw disagree by 2.288818359375e-05
warning: fw and bw disagree by 1.33514404296875e-05
warning: fw and bw disagree by 2.288818359375e-05
warning: fw and bw disagree by 1.52587890625e-05
warning: fw and bw disagree by 1.1444091796875e-05
warning: fw and bw disagree by 1.1444091796875e-05
warning: fw and bw disagree by 1.52587890625e-05
warning: fw and bw disagree by 1.52587890625e-05
warning: fw and bw disagree by 1.52587890625e-05
warning: fw and bw disagree by 1.52587890625e-05
warning: fw and bw disagree by 1.52587890625e-05
warning: fw and bw disagree by 1.1444091796875e-05
warning: fw and bw disagree by 1.1444091796875e-05
warning: fw and bw disagree by 2.288818359375e-05
warning: fw and bw disagree by 1.52587890625e-05
warning: fw and bw disagree by 1.52587890625e-05
warning: fw and bw disagree by 1.1444091796875e-05
warning: fw and bw disagree by 0.0001220703125
warning: fw and bw disagree by 1.52587890625e-05
warning: fw and bw disagree by 1.1444091796875e-05
warning: fw and bw disagree by 1.1444091796875e-05
warning: fw and bw disagree by 1.1444091796875e-05
warning: fw and bw disagree by 1.1444091796875e-05
warning: fw and bw disagree by 1.52587890625e-05
warning: fw and bw disagree by 1.52587890625e-05
warning: fw and bw disagree by 1.1444091796875e-05
warning: fw and bw disagree by 1.1444091796875e-05
warning: fw and bw disagree by 1.1444091796875e-05
Evaluating model on 200 episodes
Solved 30/200 episodes
Evaluated model in 25.6 seconds
Saved model for run
b1cea11bdfc249d59f0fe4c83959af84 with name round-5
Round 6
Generated trajectories in 86.2 seconds
warning: fw and bw disagree by 1.52587890625e-05
warning: fw and bw disagree by 3.0517578125e-05
warning: fw and bw disagree by 1.1444091796875e-05
warning: fw and bw disagree by 1.52587890625e-05
warning: fw and bw disagree by 1.52587890625e-05
warning: fw and bw disagree by 2.288818359375e-05
warning: fw and bw disagree by 1.52587890625e-05
warning: fw and bw disagree by 6.103515625e-05
warning: fw and bw disagree by 1.52587890625e-05
warning: fw and bw disagree by 1.1444091796875e-05
warning: fw and bw disagree by 0.0001220703125
warning: fw and bw disagree by 1.52587890625e-05
warning: fw and bw disagree by 1.1444091796875e-05
warning: fw and bw disagree by 1.1444091796875e-05
warning: fw and bw disagree by 6.103515625e-05
warning: fw and bw disagree by 4.57763671875e-05
warning: fw and bw disagree by 1.1444091796875e-05
warning: fw and bw disagree by 2.288818359375e-05
warning: fw and bw disagree by 1.1444091796875e-05
warning: fw and bw disagree by 1.9073486328125e-05
epoch: 0	train loss: 54486.12109375	(322.7s)
warning: fw and bw disagree by 1.52587890625e-05
warning: fw and bw disagree by 1.52587890625e-05
warning: fw and bw disagree by 1.1444091796875e-05
warning: fw and bw disagree by 1.52587890625e-05
warning: fw and bw disagree by 3.0517578125e-05
warning: fw and bw disagree by 1.1444091796875e-05
warning: fw and bw disagree by 1.52587890625e-05
warning: fw and bw disagree by 1.1444091796875e-05
warning: fw and bw disagree by 1.1444091796875e-05
warning: fw and bw disagree by 1.1444091796875e-05
warning: fw and bw disagree by 1.1444091796875e-05
warning: fw and bw disagree by 1.9073486328125e-05
warning: fw and bw disagree by 1.1444091796875e-05
warning: fw and bw disagree by 1.1444091796875e-05
warning: fw and bw disagree by 1.1444091796875e-05
warning: fw and bw disagree by 1.52587890625e-05
warning: fw and bw disagree by 6.103515625e-05
warning: fw and bw disagree by 1.52587890625e-05
warning: fw and bw disagree by 1.9073486328125e-05
warning: fw and bw disagree by 1.1444091796875e-05
warning: fw and bw disagree by 1.52587890625e-05
warning: fw and bw disagree by 1.52587890625e-05
warning: fw and bw disagree by 2.288818359375e-05
warning: fw and bw disagree by 1.1444091796875e-05
warning: fw and bw disagree by 1.52587890625e-05
warning: fw and bw disagree by 1.1444091796875e-05
warning: fw and bw disagree by 1.52587890625e-05
warning: fw and bw disagree by 1.52587890625e-05
warning: fw and bw disagree by 1.52587890625e-05
warning: fw and bw disagree by 2.288818359375e-05
warning: fw and bw disagree by 1.52587890625e-05
warning: fw and bw disagree by 1.52587890625e-05
warning: fw and bw disagree by 3.0517578125e-05
warning: fw and bw disagree by 2.288818359375e-05
warning: fw and bw disagree by 4.57763671875e-05
warning: fw and bw disagree by 1.52587890625e-05
warning: fw and bw disagree by 1.1444091796875e-05
warning: fw and bw disagree by 1.33514404296875e-05
warning: fw and bw disagree by 3.0517578125e-05
warning: fw and bw disagree by 1.33514404296875e-05
warning: fw and bw disagree by 1.1444091796875e-05
warning: fw and bw disagree by 1.1444091796875e-05
warning: fw and bw disagree by 1.52587890625e-05
warning: fw and bw disagree by 1.1444091796875e-05
warning: fw and bw disagree by 1.1444091796875e-05
warning: fw and bw disagree by 1.33514404296875e-05
warning: fw and bw disagree by 1.1444091796875e-05
warning: fw and bw disagree by 0.00042724609375
warning: fw and bw disagree by 1.1444091796875e-05
warning: fw and bw disagree by 3.0517578125e-05
warning: fw and bw disagree by 1.1444091796875e-05
warning: fw and bw disagree by 1.52587890625e-05
warning: fw and bw disagree by 1.52587890625e-05
warning: fw and bw disagree by 4.57763671875e-05
warning: fw and bw disagree by 1.52587890625e-05
warning: fw and bw disagree by 1.52587890625e-05
warning: fw and bw disagree by 3.0517578125e-05
warning: fw and bw disagree by 1.1444091796875e-05
warning: fw and bw disagree by 1.1444091796875e-05
warning: fw and bw disagree by 1.1444091796875e-05
warning: fw and bw disagree by 1.33514404296875e-05
warning: fw and bw disagree by 1.52587890625e-05
warning: fw and bw disagree by 2.6702880859375e-05
warning: fw and bw disagree by 3.0517578125e-05
warning: fw and bw disagree by 1.52587890625e-05
warning: fw and bw disagree by 3.0517578125e-05
warning: fw and bw disagree by 2.288818359375e-05
warning: fw and bw disagree by 1.52587890625e-05
warning: fw and bw disagree by 1.1444091796875e-05
warning: fw and bw disagree by 1.52587890625e-05
warning: fw and bw disagree by 1.52587890625e-05
warning: fw and bw disagree by 1.52587890625e-05
warning: fw and bw disagree by 1.52587890625e-05
warning: fw and bw disagree by 1.52587890625e-05
warning: fw and bw disagree by 1.52587890625e-05
warning: fw and bw disagree by 1.1444091796875e-05
warning: fw and bw disagree by 3.0517578125e-05
warning: fw and bw disagree by 1.1444091796875e-05
warning: fw and bw disagree by 1.52587890625e-05
warning: fw and bw disagree by 0.00018310546875
warning: fw and bw disagree by 1.1444091796875e-05
warning: fw and bw disagree by 6.103515625e-05
warning: fw and bw disagree by 1.52587890625e-05
warning: fw and bw disagree by 1.52587890625e-05
warning: fw and bw disagree by 6.103515625e-05
warning: fw and bw disagree by 1.1444091796875e-05
warning: fw and bw disagree by 1.1444091796875e-05
warning: fw and bw disagree by 3.0517578125e-05
warning: fw and bw disagree by 1.1444091796875e-05
warning: fw and bw disagree by 1.52587890625e-05
warning: fw and bw disagree by 1.1444091796875e-05
warning: fw and bw disagree by 3.0517578125e-05
warning: fw and bw disagree by 1.1444091796875e-05
warning: fw and bw disagree by 2.288818359375e-05
warning: fw and bw disagree by 1.1444091796875e-05
warning: fw and bw disagree by 6.103515625e-05
warning: fw and bw disagree by 1.52587890625e-05
warning: fw and bw disagree by 2.288818359375e-05
warning: fw and bw disagree by 1.52587890625e-05
warning: fw and bw disagree by 3.0517578125e-05
warning: fw and bw disagree by 1.1444091796875e-05
warning: fw and bw disagree by 1.9073486328125e-05
warning: fw and bw disagree by 1.1444091796875e-05
warning: fw and bw disagree by 1.52587890625e-05
warning: fw and bw disagree by 1.1444091796875e-05
warning: fw and bw disagree by 3.0517578125e-05
warning: fw and bw disagree by 1.52587890625e-05
warning: fw and bw disagree by 1.52587890625e-05
warning: fw and bw disagree by 1.52587890625e-05
warning: fw and bw disagree by 1.52587890625e-05
warning: fw and bw disagree by 2.6702880859375e-05
warning: fw and bw disagree by 1.33514404296875e-05
warning: fw and bw disagree by 1.52587890625e-05
warning: fw and bw disagree by 1.1444091796875e-05
warning: fw and bw disagree by 1.1444091796875e-05
warning: fw and bw disagree by 1.52587890625e-05
warning: fw and bw disagree by 1.52587890625e-05
warning: fw and bw disagree by 1.52587890625e-05
warning: fw and bw disagree by 1.52587890625e-05
warning: fw and bw disagree by 1.52587890625e-05
warning: fw and bw disagree by 1.9073486328125e-05
warning: fw and bw disagree by 1.52587890625e-05
warning: fw and bw disagree by 1.1444091796875e-05
warning: fw and bw disagree by 1.1444091796875e-05
warning: fw and bw disagree by 1.52587890625e-05
warning: fw and bw disagree by 3.0517578125e-05
warning: fw and bw disagree by 1.52587890625e-05
warning: fw and bw disagree by 3.0517578125e-05
warning: fw and bw disagree by 2.288818359375e-05
warning: fw and bw disagree by 1.52587890625e-05
warning: fw and bw disagree by 1.1444091796875e-05
warning: fw and bw disagree by 1.52587890625e-05
warning: fw and bw disagree by 0.0003662109375
warning: fw and bw disagree by 1.1444091796875e-05
warning: fw and bw disagree by 1.1444091796875e-05
warning: fw and bw disagree by 1.1444091796875e-05
warning: fw and bw disagree by 2.288818359375e-05
warning: fw and bw disagree by 1.1444091796875e-05
warning: fw and bw disagree by 3.0517578125e-05
epoch: 20	train loss: 39400.6328125	(271.5s)
warning: fw and bw disagree by 1.1444091796875e-05
warning: fw and bw disagree by 1.1444091796875e-05
warning: fw and bw disagree by 1.52587890625e-05
warning: fw and bw disagree by 3.0517578125e-05
warning: fw and bw disagree by 1.52587890625e-05
warning: fw and bw disagree by 3.0517578125e-05
warning: fw and bw disagree by 3.0517578125e-05
warning: fw and bw disagree by 1.1444091796875e-05
warning: fw and bw disagree by 2.288818359375e-05
warning: fw and bw disagree by 1.52587890625e-05
warning: fw and bw disagree by 1.52587890625e-05
warning: fw and bw disagree by 1.1444091796875e-05
warning: fw and bw disagree by 1.52587890625e-05
warning: fw and bw disagree by 1.1444091796875e-05
warning: fw and bw disagree by 1.1444091796875e-05
warning: fw and bw disagree by 1.52587890625e-05
warning: fw and bw disagree by 1.52587890625e-05
warning: fw and bw disagree by 2.288818359375e-05
warning: fw and bw disagree by 1.1444091796875e-05
warning: fw and bw disagree by 1.33514404296875e-05
warning: fw and bw disagree by 1.1444091796875e-05
warning: fw and bw disagree by 1.52587890625e-05
warning: fw and bw disagree by 3.0517578125e-05
warning: fw and bw disagree by 1.52587890625e-05
warning: fw and bw disagree by 1.52587890625e-05
warning: fw and bw disagree by 1.52587890625e-05
slurmstepd: error: *** JOB 432632 ON ellis-compute-01 CANCELLED AT 2022-03-01T16:56:57 DUE TO TIME LIMIT ***
