Using torch device NVIDIA GeForce RTX 3090
homo controller
net: hmm
cc_weight: 1
params: {'epochs': 100, 'lr': 0.0008, 'n': 5000}
Net has 41898 parameters
Round 0
Generated trajectories in 78.7 seconds
epoch: 0	train loss: 125268.9140625	(11.7s)
epoch: 1	train loss: 98106.6640625	(11.1s)
epoch: 2	train loss: 93583.9296875	(11.1s)
epoch: 3	train loss: 84262.328125	(11.1s)
epoch: 4	train loss: 75327.9453125	(11.1s)
epoch: 5	train loss: 64629.0546875	(11.1s)
epoch: 6	train loss: 59773.75	(11.0s)
epoch: 7	train loss: 53254.52734375	(11.1s)
epoch: 8	train loss: 50390.37890625	(11.1s)
epoch: 9	train loss: 47747.62109375	(11.1s)
epoch: 10	train loss: 45784.98828125	(11.1s)
epoch: 11	train loss: 44747.38671875	(11.1s)
epoch: 12	train loss: 43552.90234375	(11.1s)
epoch: 13	train loss: 42607.953125	(11.1s)
epoch: 14	train loss: 41802.01171875	(11.1s)
epoch: 15	train loss: 41316.71484375	(10.9s)
epoch: 16	train loss: 40019.37109375	(11.0s)
epoch: 17	train loss: 39425.59375	(10.9s)
epoch: 18	train loss: 39121.4765625	(10.9s)
epoch: 19	train loss: 38539.2578125	(10.9s)
epoch: 20	train loss: 37568.578125	(10.9s)
epoch: 21	train loss: 37378.39453125	(10.9s)
epoch: 22	train loss: 36618.75390625	(11.0s)
epoch: 23	train loss: 36814.2734375	(11.0s)
epoch: 24	train loss: 35654.44140625	(10.9s)
epoch: 25	train loss: 35482.55078125	(10.9s)
epoch: 26	train loss: 35165.71875	(10.9s)
epoch: 27	train loss: 34792.91015625	(10.9s)
epoch: 28	train loss: 34352.71484375	(10.9s)
epoch: 29	train loss: 34442.625	(11.0s)
epoch: 30	train loss: 34251.26953125	(11.0s)
epoch: 31	train loss: 34152.08203125	(10.9s)
epoch: 32	train loss: 33610.546875	(10.9s)
epoch: 33	train loss: 33109.31640625	(10.9s)
epoch: 34	train loss: 33268.40234375	(10.9s)
epoch: 35	train loss: 32789.37890625	(10.9s)
epoch: 36	train loss: 32541.671875	(10.9s)
epoch: 37	train loss: 32562.828125	(10.9s)
epoch: 38	train loss: 32385.71875	(10.9s)
epoch: 39	train loss: 31621.5	(10.9s)
epoch: 40	train loss: 31675.109375	(10.9s)
epoch: 41	train loss: 31518.34765625	(10.9s)
epoch: 42	train loss: 31193.890625	(10.9s)
epoch: 43	train loss: 31108.287109375	(11.0s)
epoch: 44	train loss: 30948.38671875	(10.9s)
epoch: 45	train loss: 32646.720703125	(10.9s)
epoch: 46	train loss: 31073.4296875	(10.9s)
epoch: 47	train loss: 30819.32421875	(10.9s)
epoch: 48	train loss: 30628.029296875	(10.9s)
epoch: 49	train loss: 30433.140625	(11.0s)
epoch: 50	train loss: 30147.228515625	(11.0s)
epoch: 51	train loss: 30573.458984375	(10.9s)
epoch: 52	train loss: 30175.951171875	(10.9s)
epoch: 53	train loss: 30071.306640625	(10.9s)
epoch: 54	train loss: 29876.494140625	(10.9s)
epoch: 55	train loss: 29574.70703125	(10.9s)
epoch: 56	train loss: 29944.166015625	(10.9s)
epoch: 57	train loss: 29606.166015625	(10.9s)
epoch: 58	train loss: 29369.185546875	(10.9s)
epoch: 59	train loss: 29567.986328125	(10.9s)
epoch: 60	train loss: 29094.833984375	(10.9s)
epoch: 61	train loss: 28951.18359375	(10.9s)
epoch: 62	train loss: 28912.66796875	(10.9s)
epoch: 63	train loss: 29463.609375	(10.9s)
epoch: 64	train loss: 29273.318359375	(10.9s)
epoch: 65	train loss: 28765.369140625	(10.9s)
epoch: 66	train loss: 28766.044921875	(10.9s)
epoch: 67	train loss: 28438.521484375	(10.9s)
epoch: 68	train loss: 28071.408203125	(10.9s)
epoch: 69	train loss: 28058.251953125	(11.0s)
epoch: 70	train loss: 28187.74609375	(11.0s)
epoch: 71	train loss: 27862.31640625	(10.9s)
epoch: 72	train loss: 28214.24609375	(10.9s)
epoch: 73	train loss: 27890.09765625	(10.9s)
epoch: 74	train loss: 28121.26171875	(10.9s)
epoch: 75	train loss: 28178.828125	(10.9s)
epoch: 76	train loss: 27737.376953125	(11.0s)
epoch: 77	train loss: 27914.6953125	(11.0s)
epoch: 78	train loss: 27327.896484375	(10.9s)
epoch: 79	train loss: 27629.775390625	(10.9s)
epoch: 80	train loss: 27185.06640625	(10.9s)
epoch: 81	train loss: 26850.796875	(10.9s)
epoch: 82	train loss: 27271.9140625	(10.9s)
epoch: 83	train loss: 27092.857421875	(10.9s)
epoch: 84	train loss: 26847.04296875	(10.9s)
epoch: 85	train loss: 27301.44140625	(10.9s)
epoch: 86	train loss: 27145.37109375	(10.9s)
epoch: 87	train loss: 26882.78125	(10.9s)
epoch: 88	train loss: 27833.2109375	(10.9s)
epoch: 89	train loss: 26638.212890625	(11.0s)
epoch: 90	train loss: 27010.984375	(10.9s)
epoch: 91	train loss: 27024.29296875	(10.9s)
epoch: 92	train loss: 26352.875	(10.9s)
epoch: 93	train loss: 26555.326171875	(10.9s)
epoch: 94	train loss: 26312.83984375	(10.9s)
epoch: 95	train loss: 26330.1796875	(10.9s)
epoch: 96	train loss: 25968.90625	(10.9s)
epoch: 97	train loss: 25948.375	(10.9s)
epoch: 98	train loss: 26494.171875	(10.9s)
epoch: 99	train loss: 26159.58203125	(10.9s)
Evaluating model on 200 episodes
Solved 33/200 episodes
Evaluated model in 15.8 seconds
Saved model for run
900c9db02eb44445803d931b715cd509 with name round-0
Round 1
Generated trajectories in 75.3 seconds
epoch: 0	train loss: 28659.18359375	(10.8s)
epoch: 1	train loss: 27508.6953125	(10.8s)
epoch: 2	train loss: 27143.34765625	(10.8s)
epoch: 3	train loss: 26897.1640625	(10.9s)
epoch: 4	train loss: 26387.611328125	(10.9s)
epoch: 5	train loss: 26267.427734375	(10.9s)
epoch: 6	train loss: 26419.720703125	(10.9s)
epoch: 7	train loss: 26808.482421875	(10.9s)
epoch: 8	train loss: 25779.294921875	(10.9s)
epoch: 9	train loss: 25759.79296875	(10.9s)
epoch: 10	train loss: 26304.921875	(10.9s)
epoch: 11	train loss: 25369.76953125	(10.9s)
epoch: 12	train loss: 25323.005859375	(10.9s)
epoch: 13	train loss: 25071.05859375	(10.9s)
epoch: 14	train loss: 24835.0859375	(10.9s)
epoch: 15	train loss: 24875.568359375	(10.9s)
epoch: 16	train loss: 25274.15234375	(10.9s)
epoch: 17	train loss: 24764.212890625	(10.9s)
epoch: 18	train loss: 25239.611328125	(10.9s)
epoch: 19	train loss: 24884.443359375	(10.9s)
epoch: 20	train loss: 24571.884765625	(10.9s)
epoch: 21	train loss: 24666.31640625	(10.9s)
epoch: 22	train loss: 24436.26171875	(10.9s)
epoch: 23	train loss: 25111.3203125	(10.9s)
epoch: 24	train loss: 24077.771484375	(10.9s)
epoch: 25	train loss: 23991.595703125	(10.9s)
epoch: 26	train loss: 24279.923828125	(10.9s)
epoch: 27	train loss: 24129.421875	(10.9s)
epoch: 28	train loss: 24143.888671875	(10.9s)
epoch: 29	train loss: 24349.970703125	(10.9s)
epoch: 30	train loss: 24079.048828125	(10.9s)
epoch: 31	train loss: 24066.146484375	(10.9s)
epoch: 32	train loss: 24676.19921875	(10.9s)
epoch: 33	train loss: 24497.25390625	(10.9s)
epoch: 34	train loss: 23975.392578125	(10.9s)
epoch: 35	train loss: 23593.591796875	(10.9s)
epoch: 36	train loss: 23812.546875	(10.9s)
epoch: 37	train loss: 23558.70703125	(10.9s)
epoch: 38	train loss: 23345.12109375	(10.9s)
epoch: 39	train loss: 23537.369140625	(10.9s)
epoch: 40	train loss: 23301.15625	(10.9s)
epoch: 41	train loss: 23459.9296875	(10.9s)
epoch: 42	train loss: 23608.908203125	(10.9s)
epoch: 43	train loss: 23508.916015625	(10.9s)
epoch: 44	train loss: 22798.466796875	(10.9s)
epoch: 45	train loss: 22942.759765625	(10.9s)
epoch: 46	train loss: 23089.533203125	(10.9s)
epoch: 47	train loss: 24447.298828125	(10.9s)
epoch: 48	train loss: 23251.224609375	(10.9s)
epoch: 49	train loss: 23124.30859375	(10.9s)
epoch: 50	train loss: 23088.65625	(10.9s)
epoch: 51	train loss: 22976.68359375	(10.9s)
epoch: 52	train loss: 22671.75390625	(10.9s)
epoch: 53	train loss: 23065.166015625	(10.9s)
epoch: 54	train loss: 24477.923828125	(10.9s)
epoch: 55	train loss: 22904.767578125	(10.9s)
epoch: 56	train loss: 22611.435546875	(10.9s)
epoch: 57	train loss: 23020.740234375	(10.9s)
epoch: 58	train loss: 23030.89453125	(10.9s)
epoch: 59	train loss: 22706.19140625	(10.9s)
epoch: 60	train loss: 22945.880859375	(10.9s)
epoch: 61	train loss: 22534.443359375	(10.9s)
epoch: 62	train loss: 22472.025390625	(10.9s)
epoch: 63	train loss: 22881.716796875	(10.9s)
epoch: 64	train loss: 22953.462890625	(10.9s)
epoch: 65	train loss: 22624.943359375	(10.9s)
epoch: 66	train loss: 22023.732421875	(10.9s)
epoch: 67	train loss: 22895.85546875	(10.9s)
epoch: 68	train loss: 22180.6484375	(10.9s)
epoch: 69	train loss: 21966.966796875	(10.9s)
epoch: 70	train loss: 21997.224609375	(10.9s)
epoch: 71	train loss: 22304.05078125	(10.9s)
epoch: 72	train loss: 22278.025390625	(10.9s)
epoch: 73	train loss: 22114.38671875	(10.9s)
epoch: 74	train loss: 22291.59375	(10.9s)
epoch: 75	train loss: 22157.34765625	(10.9s)
epoch: 76	train loss: 21763.53125	(10.9s)
epoch: 77	train loss: 21969.69140625	(10.9s)
epoch: 78	train loss: 22340.97265625	(10.9s)
epoch: 79	train loss: 21907.904296875	(10.9s)
epoch: 80	train loss: 21680.24609375	(10.9s)
epoch: 81	train loss: 21578.705078125	(10.9s)
epoch: 82	train loss: 21937.6953125	(10.9s)
epoch: 83	train loss: 21860.572265625	(10.9s)
epoch: 84	train loss: 21726.328125	(10.9s)
epoch: 85	train loss: 22180.380859375	(10.9s)
epoch: 86	train loss: 21815.591796875	(10.9s)
epoch: 87	train loss: 22513.02734375	(10.9s)
epoch: 88	train loss: 21309.146484375	(10.9s)
epoch: 89	train loss: 21201.337890625	(10.9s)
epoch: 90	train loss: 21186.7890625	(10.9s)
epoch: 91	train loss: 21509.865234375	(10.9s)
epoch: 92	train loss: 24495.59765625	(10.9s)
epoch: 93	train loss: 21389.47265625	(10.9s)
epoch: 94	train loss: 21119.61328125	(10.9s)
epoch: 95	train loss: 21686.71875	(10.9s)
epoch: 96	train loss: 21311.41015625	(10.9s)
epoch: 97	train loss: 21659.791015625	(10.9s)
epoch: 98	train loss: 21503.74609375	(10.9s)
epoch: 99	train loss: 21761.109375	(10.9s)
Evaluating model on 200 episodes
Solved 40/200 episodes
Evaluated model in 14.9 seconds
Saved model for run
900c9db02eb44445803d931b715cd509 with name round-1
Round 2
Generated trajectories in 74.8 seconds
epoch: 0	train loss: 26583.275390625	(10.8s)
epoch: 1	train loss: 25576.78515625	(10.8s)
epoch: 2	train loss: 24909.322265625	(10.8s)
epoch: 3	train loss: 25021.466796875	(10.9s)
epoch: 4	train loss: 24482.263671875	(10.9s)
epoch: 5	train loss: 24252.6953125	(10.9s)
epoch: 6	train loss: 23865.095703125	(10.9s)
epoch: 7	train loss: 23488.3828125	(10.9s)
epoch: 8	train loss: 23567.390625	(10.9s)
epoch: 9	train loss: 23627.224609375	(10.9s)
epoch: 10	train loss: 23291.3203125	(10.9s)
epoch: 11	train loss: 22990.5078125	(10.8s)
epoch: 12	train loss: 23736.041015625	(10.8s)
epoch: 13	train loss: 22917.98046875	(10.8s)
epoch: 14	train loss: 22690.302734375	(10.8s)
epoch: 15	train loss: 22972.01171875	(10.8s)
epoch: 16	train loss: 22736.875	(10.8s)
epoch: 17	train loss: 22998.23046875	(10.8s)
epoch: 18	train loss: 22570.974609375	(10.8s)
epoch: 19	train loss: 22543.30859375	(10.9s)
epoch: 20	train loss: 22507.59375	(10.9s)
epoch: 21	train loss: 22807.6171875	(10.9s)
epoch: 22	train loss: 22090.62109375	(10.9s)
epoch: 23	train loss: 22531.8828125	(10.9s)
epoch: 24	train loss: 22153.83203125	(10.9s)
epoch: 25	train loss: 23140.69140625	(10.9s)
epoch: 26	train loss: 21956.38671875	(10.9s)
epoch: 27	train loss: 21784.361328125	(10.9s)
epoch: 28	train loss: 21866.890625	(10.9s)
epoch: 29	train loss: 23849.541015625	(10.9s)
epoch: 30	train loss: 21603.6328125	(10.9s)
epoch: 31	train loss: 21500.033203125	(10.9s)
epoch: 32	train loss: 21867.5625	(10.9s)
epoch: 33	train loss: 21459.41015625	(10.9s)
epoch: 34	train loss: 23191.09375	(10.9s)
epoch: 35	train loss: 21640.57421875	(10.9s)
epoch: 36	train loss: 21572.818359375	(10.9s)
epoch: 37	train loss: 21281.615234375	(10.9s)
epoch: 38	train loss: 21743.068359375	(10.9s)
epoch: 39	train loss: 21666.869140625	(10.9s)
epoch: 40	train loss: 21465.2734375	(10.9s)
epoch: 41	train loss: 21223.216796875	(10.9s)
epoch: 42	train loss: 21127.98046875	(10.9s)
epoch: 43	train loss: 21264.380859375	(10.9s)
epoch: 44	train loss: 21417.794921875	(10.9s)
epoch: 45	train loss: 21256.708984375	(10.9s)
epoch: 46	train loss: 23078.1796875	(10.9s)
epoch: 47	train loss: 21075.05859375	(10.9s)
epoch: 48	train loss: 20972.04296875	(10.9s)
epoch: 49	train loss: 20742.77734375	(10.9s)
epoch: 50	train loss: 21058.056640625	(10.9s)
epoch: 51	train loss: 20877.6015625	(10.9s)
epoch: 52	train loss: 20889.0234375	(10.9s)
epoch: 53	train loss: 20899.8359375	(10.9s)
epoch: 54	train loss: 21064.541015625	(10.9s)
epoch: 55	train loss: 20691.203125	(10.9s)
epoch: 56	train loss: 20919.908203125	(10.9s)
epoch: 57	train loss: 20696.931640625	(10.9s)
epoch: 58	train loss: 20920.119140625	(10.9s)
epoch: 59	train loss: 20620.228515625	(10.9s)
epoch: 60	train loss: 20967.291015625	(10.9s)
epoch: 61	train loss: 20605.802734375	(10.9s)
epoch: 62	train loss: 20978.03125	(10.9s)
epoch: 63	train loss: 20231.22265625	(10.9s)
epoch: 64	train loss: 20567.228515625	(10.9s)
epoch: 65	train loss: 20270.560546875	(10.9s)
epoch: 66	train loss: 20377.298828125	(10.9s)
epoch: 67	train loss: 20338.4609375	(10.9s)
epoch: 68	train loss: 20178.76953125	(10.9s)
epoch: 69	train loss: 20327.4765625	(10.9s)
epoch: 70	train loss: 20275.35546875	(10.9s)
epoch: 71	train loss: 20042.693359375	(10.9s)
epoch: 72	train loss: 20025.400390625	(10.9s)
epoch: 73	train loss: 20489.3125	(10.9s)
epoch: 74	train loss: 20165.736328125	(10.9s)
epoch: 75	train loss: 20595.33203125	(10.9s)
epoch: 76	train loss: 20022.556640625	(10.9s)
epoch: 77	train loss: 20016.494140625	(10.9s)
epoch: 78	train loss: 20635.083984375	(10.9s)
epoch: 79	train loss: 19867.591796875	(10.9s)
epoch: 80	train loss: 19923.1484375	(10.9s)
epoch: 81	train loss: 19868.83203125	(10.9s)
epoch: 82	train loss: 20044.99609375	(10.9s)
epoch: 83	train loss: 19961.291015625	(10.9s)
epoch: 84	train loss: 19637.046875	(10.9s)
epoch: 85	train loss: 19905.04296875	(10.9s)
epoch: 86	train loss: 19690.56640625	(10.9s)
epoch: 87	train loss: 19678.150390625	(10.9s)
epoch: 88	train loss: 19747.189453125	(10.9s)
epoch: 89	train loss: 19708.8984375	(10.9s)
epoch: 90	train loss: 19657.9296875	(10.9s)
epoch: 91	train loss: 19586.892578125	(10.9s)
epoch: 92	train loss: 19676.587890625	(10.9s)
epoch: 93	train loss: 19439.822265625	(10.9s)
epoch: 94	train loss: 20231.025390625	(10.9s)
epoch: 95	train loss: 19015.40625	(10.9s)
epoch: 96	train loss: 19207.32421875	(10.9s)
epoch: 97	train loss: 19315.818359375	(10.9s)
epoch: 98	train loss: 19764.3515625	(10.9s)
epoch: 99	train loss: 19313.66796875	(11.0s)
Evaluating model on 200 episodes
Solved 36/200 episodes
Evaluated model in 13.3 seconds
Saved model for run
900c9db02eb44445803d931b715cd509 with name round-2
Round 3
Generated trajectories in 75.7 seconds
epoch: 0	train loss: 26065.90234375	(10.9s)
epoch: 1	train loss: 24612.5390625	(10.9s)
epoch: 2	train loss: 24047.83984375	(11.0s)
epoch: 3	train loss: 23524.7890625	(11.0s)
epoch: 4	train loss: 23129.30859375	(11.0s)
epoch: 5	train loss: 23039.576171875	(11.0s)
epoch: 6	train loss: 22525.939453125	(11.0s)
epoch: 7	train loss: 22814.16796875	(11.0s)
epoch: 8	train loss: 22326.35546875	(11.0s)
epoch: 9	train loss: 22834.298828125	(11.0s)
epoch: 10	train loss: 21678.02734375	(11.0s)
epoch: 11	train loss: 21798.25	(11.0s)
epoch: 12	train loss: 21472.14453125	(11.0s)
epoch: 13	train loss: 21769.37890625	(11.0s)
epoch: 14	train loss: 21247.15234375	(11.0s)
epoch: 15	train loss: 21391.123046875	(11.0s)
epoch: 16	train loss: 21179.046875	(11.0s)
epoch: 17	train loss: 21161.576171875	(11.0s)
epoch: 18	train loss: 21061.859375	(11.0s)
epoch: 19	train loss: 20948.306640625	(11.0s)
epoch: 20	train loss: 20957.380859375	(11.0s)
epoch: 21	train loss: 21041.09375	(11.1s)
epoch: 22	train loss: 20899.55078125	(11.0s)
epoch: 23	train loss: 20652.751953125	(11.0s)
epoch: 24	train loss: 20768.76953125	(11.0s)
epoch: 25	train loss: 20593.0625	(11.0s)
epoch: 26	train loss: 22733.619140625	(11.0s)
epoch: 27	train loss: 20593.548828125	(11.0s)
epoch: 28	train loss: 20097.77734375	(11.1s)
epoch: 29	train loss: 19994.0	(11.0s)
epoch: 30	train loss: 20288.84375	(11.0s)
epoch: 31	train loss: 20150.078125	(11.0s)
epoch: 32	train loss: 20249.1640625	(11.0s)
epoch: 33	train loss: 20030.10546875	(11.0s)
epoch: 34	train loss: 20023.77734375	(11.0s)
epoch: 35	train loss: 20932.431640625	(11.1s)
epoch: 36	train loss: 20004.67578125	(11.0s)
epoch: 37	train loss: 19924.181640625	(11.0s)
epoch: 38	train loss: 19851.228515625	(11.0s)
epoch: 39	train loss: 19774.123046875	(11.0s)
epoch: 40	train loss: 19832.41796875	(11.0s)
epoch: 41	train loss: 19770.455078125	(11.0s)
epoch: 42	train loss: 19474.455078125	(11.1s)
epoch: 43	train loss: 19310.64453125	(11.0s)
epoch: 44	train loss: 19799.9140625	(11.0s)
epoch: 45	train loss: 19528.7109375	(11.0s)
epoch: 46	train loss: 19496.333984375	(11.0s)
epoch: 47	train loss: 19489.986328125	(11.0s)
epoch: 48	train loss: 19485.287109375	(11.0s)
epoch: 49	train loss: 19344.37109375	(11.1s)
epoch: 50	train loss: 19353.794921875	(11.0s)
epoch: 51	train loss: 19345.80078125	(11.0s)
epoch: 52	train loss: 19490.302734375	(11.0s)
epoch: 53	train loss: 19305.13671875	(11.0s)
epoch: 54	train loss: 18868.736328125	(11.0s)
epoch: 55	train loss: 19849.84375	(11.0s)
epoch: 56	train loss: 19441.9453125	(11.1s)
epoch: 57	train loss: 19606.240234375	(11.0s)
epoch: 58	train loss: 18861.083984375	(11.0s)
epoch: 59	train loss: 18782.6171875	(11.0s)
epoch: 60	train loss: 20004.447265625	(11.0s)
epoch: 61	train loss: 18505.9296875	(11.0s)
epoch: 62	train loss: 18443.13671875	(11.0s)
epoch: 63	train loss: 19238.228515625	(11.0s)
epoch: 64	train loss: 18628.021484375	(11.0s)
epoch: 65	train loss: 18807.693359375	(11.0s)
epoch: 66	train loss: 18883.236328125	(11.0s)
epoch: 67	train loss: 18996.81640625	(11.0s)
epoch: 68	train loss: 18312.109375	(11.0s)
epoch: 69	train loss: 18674.001953125	(11.0s)
epoch: 70	train loss: 18916.00390625	(11.1s)
epoch: 71	train loss: 18649.923828125	(11.0s)
epoch: 72	train loss: 18463.4296875	(11.0s)
epoch: 73	train loss: 18830.31640625	(11.0s)
epoch: 74	train loss: 22650.4765625	(11.0s)
epoch: 75	train loss: 18858.080078125	(11.0s)
epoch: 76	train loss: 18276.80078125	(11.0s)
epoch: 77	train loss: 18785.701171875	(11.1s)
epoch: 78	train loss: 18105.0078125	(11.0s)
epoch: 79	train loss: 18160.85546875	(11.0s)
epoch: 80	train loss: 18413.8125	(11.0s)
epoch: 81	train loss: 18709.787109375	(11.0s)
epoch: 82	train loss: 17947.73828125	(11.0s)
epoch: 83	train loss: 17906.166015625	(11.0s)
epoch: 84	train loss: 18104.484375	(11.1s)
epoch: 85	train loss: 17905.15234375	(11.0s)
epoch: 86	train loss: 17917.130859375	(11.0s)
epoch: 87	train loss: 18459.146484375	(11.0s)
epoch: 88	train loss: 18085.181640625	(11.0s)
epoch: 89	train loss: 18119.466796875	(11.0s)
epoch: 90	train loss: 17831.0234375	(11.0s)
epoch: 91	train loss: 18028.337890625	(11.0s)
epoch: 92	train loss: 18324.23046875	(11.0s)
epoch: 93	train loss: 19228.0546875	(11.0s)
epoch: 94	train loss: 18983.693359375	(11.0s)
epoch: 95	train loss: 17889.015625	(11.0s)
epoch: 96	train loss: 17929.59375	(11.0s)
epoch: 97	train loss: 17743.859375	(11.0s)
epoch: 98	train loss: 17868.939453125	(11.1s)
epoch: 99	train loss: 17653.3046875	(11.0s)
Evaluating model on 200 episodes
Solved 37/200 episodes
Evaluated model in 12.6 seconds
Saved model for run
900c9db02eb44445803d931b715cd509 with name round-3
Round 4
Generated trajectories in 74.7 seconds
epoch: 0	train loss: 24981.775390625	(10.9s)
epoch: 1	train loss: 23117.599609375	(10.9s)
epoch: 2	train loss: 22605.029296875	(10.9s)
epoch: 3	train loss: 21918.875	(10.9s)
epoch: 4	train loss: 21782.69140625	(10.9s)
epoch: 5	train loss: 21606.48046875	(10.9s)
epoch: 6	train loss: 21053.26171875	(10.9s)
epoch: 7	train loss: 21164.353515625	(11.0s)
epoch: 8	train loss: 21004.73828125	(10.9s)
epoch: 9	train loss: 20867.62890625	(10.9s)
epoch: 10	train loss: 20754.931640625	(10.9s)
epoch: 11	train loss: 20626.525390625	(10.9s)
epoch: 12	train loss: 20304.79296875	(10.9s)
epoch: 13	train loss: 20368.474609375	(11.0s)
epoch: 14	train loss: 20584.990234375	(10.9s)
epoch: 15	train loss: 20197.693359375	(10.9s)
epoch: 16	train loss: 20105.283203125	(10.9s)
epoch: 17	train loss: 19803.8203125	(10.9s)
epoch: 18	train loss: 20030.23046875	(10.9s)
epoch: 19	train loss: 19617.40625	(10.9s)
epoch: 20	train loss: 19600.408203125	(11.0s)
epoch: 21	train loss: 19901.9921875	(10.9s)
epoch: 22	train loss: 19252.865234375	(10.9s)
epoch: 23	train loss: 19899.66015625	(10.9s)
epoch: 24	train loss: 19535.943359375	(10.9s)
epoch: 25	train loss: 19166.228515625	(10.9s)
epoch: 26	train loss: 19159.828125	(11.0s)
epoch: 27	train loss: 18675.142578125	(10.9s)
epoch: 28	train loss: 19165.69921875	(10.9s)
epoch: 29	train loss: 19285.79296875	(10.9s)
epoch: 30	train loss: 19271.302734375	(10.9s)
epoch: 31	train loss: 19356.802734375	(10.9s)
epoch: 32	train loss: 18735.025390625	(10.9s)
epoch: 33	train loss: 18991.3828125	(10.9s)
epoch: 34	train loss: 18635.109375	(10.9s)
epoch: 35	train loss: 18912.947265625	(10.9s)
epoch: 36	train loss: 18771.5546875	(10.9s)
epoch: 37	train loss: 18704.224609375	(10.9s)
epoch: 38	train loss: 18734.66015625	(10.9s)
epoch: 39	train loss: 18237.265625	(10.9s)
epoch: 40	train loss: 18254.59375	(11.0s)
epoch: 41	train loss: 18150.931640625	(10.9s)
epoch: 42	train loss: 18859.150390625	(10.9s)
epoch: 43	train loss: 18319.97265625	(10.9s)
epoch: 44	train loss: 18034.259765625	(10.9s)
epoch: 45	train loss: 18694.986328125	(10.9s)
epoch: 46	train loss: 18266.693359375	(11.0s)
epoch: 47	train loss: 18240.611328125	(10.9s)
epoch: 48	train loss: 17986.95703125	(10.9s)
epoch: 49	train loss: 17911.412109375	(10.9s)
epoch: 50	train loss: 17683.18359375	(10.9s)
epoch: 51	train loss: 17897.720703125	(10.9s)
epoch: 52	train loss: 18495.046875	(10.9s)
epoch: 53	train loss: 18335.5234375	(11.0s)
epoch: 54	train loss: 17515.044921875	(10.9s)
epoch: 55	train loss: 17513.65234375	(10.9s)
epoch: 56	train loss: 17639.2109375	(10.9s)
epoch: 57	train loss: 17640.689453125	(10.9s)
epoch: 58	train loss: 17631.18359375	(10.9s)
epoch: 59	train loss: 17245.685546875	(11.0s)
epoch: 60	train loss: 18085.337890625	(10.9s)
epoch: 61	train loss: 17402.634765625	(10.9s)
epoch: 62	train loss: 17793.421875	(10.9s)
epoch: 63	train loss: 17376.21484375	(10.9s)
epoch: 64	train loss: 17536.453125	(10.9s)
epoch: 65	train loss: 17243.734375	(10.9s)
epoch: 66	train loss: 17114.62109375	(11.0s)
epoch: 67	train loss: 17412.138671875	(10.9s)
epoch: 68	train loss: 18165.876953125	(10.9s)
epoch: 69	train loss: 17167.169921875	(10.9s)
epoch: 70	train loss: 16946.458984375	(10.9s)
epoch: 71	train loss: 17497.31640625	(10.9s)
epoch: 72	train loss: 17106.908203125	(11.0s)
epoch: 73	train loss: 18161.33203125	(10.9s)
epoch: 74	train loss: 17286.19921875	(10.9s)
epoch: 75	train loss: 16607.9375	(10.9s)
epoch: 76	train loss: 17068.865234375	(10.9s)
epoch: 77	train loss: 16680.4765625	(10.9s)
epoch: 78	train loss: 16898.9453125	(10.9s)
epoch: 79	train loss: 16864.5078125	(11.0s)
epoch: 80	train loss: 17119.46484375	(10.9s)
epoch: 81	train loss: 16996.84765625	(10.9s)
epoch: 82	train loss: 16906.123046875	(10.9s)
epoch: 83	train loss: 16796.431640625	(10.9s)
epoch: 84	train loss: 17040.736328125	(10.9s)
epoch: 85	train loss: 19196.3828125	(11.0s)
epoch: 86	train loss: 16529.08203125	(11.0s)
epoch: 87	train loss: 16700.111328125	(10.9s)
epoch: 88	train loss: 16885.966796875	(10.9s)
epoch: 89	train loss: 16423.03125	(10.9s)
epoch: 90	train loss: 16377.7353515625	(11.0s)
epoch: 91	train loss: 16572.5	(10.9s)
epoch: 92	train loss: 16329.40625	(11.0s)
epoch: 93	train loss: 17889.068359375	(10.9s)
epoch: 94	train loss: 17243.578125	(10.9s)
epoch: 95	train loss: 16128.1552734375	(10.9s)
epoch: 96	train loss: 16471.998046875	(10.9s)
epoch: 97	train loss: 16609.34375	(10.9s)
epoch: 98	train loss: 16147.2265625	(10.9s)
epoch: 99	train loss: 16253.802734375	(11.0s)
Evaluating model on 200 episodes
Solved 31/200 episodes
Evaluated model in 13.0 seconds
Saved model for run
900c9db02eb44445803d931b715cd509 with name round-4
Round 5
Generated trajectories in 74.5 seconds
epoch: 0	train loss: 24184.40234375	(10.9s)
epoch: 1	train loss: 22253.427734375	(10.8s)
epoch: 2	train loss: 21614.658203125	(10.9s)
epoch: 3	train loss: 21014.177734375	(10.9s)
epoch: 4	train loss: 20953.2890625	(10.9s)
epoch: 5	train loss: 20695.056640625	(10.9s)
epoch: 6	train loss: 20404.486328125	(11.0s)
epoch: 7	train loss: 20180.896484375	(11.0s)
epoch: 8	train loss: 20029.599609375	(11.0s)
epoch: 9	train loss: 20058.59375	(10.9s)
epoch: 10	train loss: 19802.115234375	(11.0s)
epoch: 11	train loss: 19427.34765625	(11.0s)
epoch: 12	train loss: 19595.373046875	(11.0s)
epoch: 13	train loss: 19655.396484375	(11.0s)
epoch: 14	train loss: 19456.28515625	(11.0s)
epoch: 15	train loss: 19148.9609375	(10.9s)
epoch: 16	train loss: 19053.03515625	(11.0s)
epoch: 17	train loss: 19154.39453125	(11.0s)
epoch: 18	train loss: 19660.23828125	(11.0s)
epoch: 19	train loss: 18750.705078125	(10.9s)
epoch: 20	train loss: 18676.470703125	(10.9s)
epoch: 21	train loss: 19162.005859375	(11.0s)
epoch: 22	train loss: 18553.921875	(10.9s)
epoch: 23	train loss: 18208.6328125	(11.0s)
epoch: 24	train loss: 18383.169921875	(11.0s)
epoch: 25	train loss: 18415.93359375	(11.0s)
epoch: 26	train loss: 18208.974609375	(11.0s)
epoch: 27	train loss: 18268.904296875	(11.0s)
epoch: 28	train loss: 17893.548828125	(11.0s)
epoch: 29	train loss: 17693.93359375	(11.0s)
epoch: 30	train loss: 17781.54296875	(11.0s)
epoch: 31	train loss: 19104.841796875	(11.0s)
epoch: 32	train loss: 18118.595703125	(11.0s)
epoch: 33	train loss: 17453.634765625	(11.0s)
epoch: 34	train loss: 17682.474609375	(11.0s)
epoch: 35	train loss: 17572.27734375	(11.0s)
epoch: 36	train loss: 17807.705078125	(11.0s)
epoch: 37	train loss: 17655.814453125	(11.0s)
epoch: 38	train loss: 18415.880859375	(10.9s)
epoch: 39	train loss: 17174.59375	(11.0s)
epoch: 40	train loss: 17367.5703125	(11.0s)
epoch: 41	train loss: 17751.41796875	(11.0s)
epoch: 42	train loss: 17909.7265625	(11.0s)
epoch: 43	train loss: 17798.072265625	(11.0s)
epoch: 44	train loss: 17074.501953125	(10.9s)
epoch: 45	train loss: 17138.890625	(10.9s)
epoch: 46	train loss: 16877.62890625	(11.0s)
epoch: 47	train loss: 17503.234375	(11.0s)
epoch: 48	train loss: 16798.546875	(11.0s)
epoch: 49	train loss: 16870.4296875	(10.9s)
epoch: 50	train loss: 17510.185546875	(11.0s)
epoch: 51	train loss: 17084.47265625	(11.0s)
epoch: 52	train loss: 17351.10546875	(11.0s)
epoch: 53	train loss: 16597.89453125	(11.0s)
epoch: 54	train loss: 16666.396484375	(11.0s)
epoch: 55	train loss: 17117.650390625	(11.0s)
epoch: 56	train loss: 17259.462890625	(11.0s)
epoch: 57	train loss: 16610.046875	(11.0s)
epoch: 58	train loss: 16344.671875	(11.0s)
epoch: 59	train loss: 16558.962890625	(10.9s)
epoch: 60	train loss: 16284.8173828125	(11.0s)
epoch: 61	train loss: 16484.57421875	(11.0s)
epoch: 62	train loss: 16558.1640625	(11.0s)
epoch: 63	train loss: 17177.830078125	(10.9s)
epoch: 64	train loss: 16632.64453125	(11.0s)
epoch: 65	train loss: 16062.3623046875	(10.9s)
epoch: 66	train loss: 16095.47265625	(11.0s)
epoch: 67	train loss: 16326.6181640625	(11.0s)
epoch: 68	train loss: 15926.720703125	(11.0s)
epoch: 69	train loss: 16362.5947265625	(11.0s)
epoch: 70	train loss: 17563.423828125	(11.0s)
epoch: 71	train loss: 16347.4521484375	(11.0s)
epoch: 72	train loss: 16300.9462890625	(11.0s)
epoch: 73	train loss: 16106.4580078125	(11.0s)
epoch: 74	train loss: 16489.52734375	(11.0s)
epoch: 75	train loss: 15783.966796875	(11.0s)
epoch: 76	train loss: 15768.857421875	(11.0s)
epoch: 77	train loss: 15857.4609375	(10.9s)
epoch: 78	train loss: 15892.8955078125	(11.0s)
epoch: 79	train loss: 16342.3466796875	(11.0s)
epoch: 80	train loss: 16005.2998046875	(11.0s)
epoch: 81	train loss: 16378.958984375	(10.9s)
epoch: 82	train loss: 15663.40234375	(11.0s)
epoch: 83	train loss: 15868.5751953125	(11.0s)
epoch: 84	train loss: 15706.69140625	(11.0s)
epoch: 85	train loss: 15450.798828125	(10.9s)
epoch: 86	train loss: 15966.4609375	(11.0s)
epoch: 87	train loss: 16980.53125	(11.0s)
epoch: 88	train loss: 15466.32421875	(10.9s)
epoch: 89	train loss: 15481.568359375	(11.0s)
epoch: 90	train loss: 16218.2587890625	(11.0s)
epoch: 91	train loss: 16016.1240234375	(11.0s)
epoch: 92	train loss: 15043.451171875	(11.0s)
epoch: 93	train loss: 15735.783203125	(11.0s)
epoch: 94	train loss: 15241.388671875	(11.0s)
epoch: 95	train loss: 15182.34765625	(10.9s)
epoch: 96	train loss: 15274.6787109375	(11.0s)
epoch: 97	train loss: 15594.0537109375	(11.0s)
epoch: 98	train loss: 16588.47265625	(11.0s)
epoch: 99	train loss: 15326.255859375	(10.9s)
Evaluating model on 200 episodes
Solved 37/200 episodes
Evaluated model in 12.1 seconds
Saved model for run
900c9db02eb44445803d931b715cd509 with name round-5
Round 6
Generated trajectories in 74.9 seconds
epoch: 0	train loss: 23867.919921875	(10.9s)
epoch: 1	train loss: 22066.40234375	(10.9s)
epoch: 2	train loss: 21206.931640625	(10.9s)
epoch: 3	train loss: 20974.458984375	(10.9s)
epoch: 4	train loss: 20696.14453125	(10.9s)
epoch: 5	train loss: 20389.873046875	(10.9s)
epoch: 6	train loss: 20220.2109375	(10.9s)
epoch: 7	train loss: 20013.63671875	(10.9s)
epoch: 8	train loss: 19590.896484375	(10.9s)
epoch: 9	train loss: 19596.333984375	(10.9s)
epoch: 10	train loss: 19286.072265625	(10.9s)
epoch: 11	train loss: 19232.630859375	(10.9s)
epoch: 12	train loss: 19286.185546875	(10.9s)
epoch: 13	train loss: 18968.140625	(10.9s)
epoch: 14	train loss: 19230.61328125	(10.9s)
epoch: 15	train loss: 19021.9765625	(10.9s)
epoch: 16	train loss: 18468.2734375	(10.9s)
epoch: 17	train loss: 18301.376953125	(11.0s)
epoch: 18	train loss: 18479.537109375	(10.9s)
epoch: 19	train loss: 18676.25390625	(10.9s)
epoch: 20	train loss: 18543.333984375	(10.9s)
epoch: 21	train loss: 19828.1953125	(10.9s)
epoch: 22	train loss: 18172.666015625	(10.9s)
epoch: 23	train loss: 18103.798828125	(10.9s)
epoch: 24	train loss: 17736.8203125	(10.9s)
epoch: 25	train loss: 18212.705078125	(10.9s)
epoch: 26	train loss: 17953.150390625	(10.9s)
epoch: 27	train loss: 17838.361328125	(10.9s)
epoch: 28	train loss: 17927.6171875	(10.9s)
epoch: 29	train loss: 17591.02734375	(10.9s)
epoch: 30	train loss: 17810.865234375	(10.9s)
epoch: 31	train loss: 18590.771484375	(10.9s)
epoch: 32	train loss: 17614.826171875	(10.9s)
epoch: 33	train loss: 17582.171875	(10.9s)
epoch: 34	train loss: 18282.2734375	(10.9s)
epoch: 35	train loss: 19409.9609375	(10.9s)
epoch: 36	train loss: 17369.876953125	(10.9s)
epoch: 37	train loss: 17018.541015625	(10.9s)
epoch: 38	train loss: 17005.126953125	(10.9s)
epoch: 39	train loss: 17302.9140625	(10.9s)
epoch: 40	train loss: 17796.703125	(10.9s)
epoch: 41	train loss: 17421.578125	(10.9s)
epoch: 42	train loss: 17074.142578125	(10.9s)
epoch: 43	train loss: 16953.8203125	(10.9s)
epoch: 44	train loss: 17249.689453125	(10.9s)
epoch: 45	train loss: 17044.380859375	(10.9s)
epoch: 46	train loss: 16718.56640625	(10.9s)
epoch: 47	train loss: 17778.462890625	(10.9s)
epoch: 48	train loss: 16802.6640625	(10.9s)
epoch: 49	train loss: 16932.8984375	(10.9s)
epoch: 50	train loss: 16672.87890625	(10.9s)
epoch: 51	train loss: 16768.48828125	(10.8s)
epoch: 52	train loss: 16591.298828125	(10.8s)
epoch: 53	train loss: 16610.4140625	(10.9s)
epoch: 54	train loss: 17418.775390625	(10.8s)
epoch: 55	train loss: 16566.79296875	(10.9s)
epoch: 56	train loss: 16507.6640625	(10.9s)
epoch: 57	train loss: 16680.01953125	(10.9s)
epoch: 58	train loss: 16647.05859375	(10.9s)
epoch: 59	train loss: 16747.9765625	(10.9s)
epoch: 60	train loss: 16476.83984375	(10.9s)
epoch: 61	train loss: 17725.19921875	(10.9s)
epoch: 62	train loss: 16810.927734375	(10.9s)
epoch: 63	train loss: 16082.4580078125	(10.9s)
epoch: 64	train loss: 15712.3291015625	(10.9s)
epoch: 65	train loss: 16795.701171875	(10.9s)
epoch: 66	train loss: 16032.439453125	(10.9s)
epoch: 67	train loss: 16451.033203125	(10.9s)
epoch: 68	train loss: 16192.0810546875	(10.9s)
epoch: 69	train loss: 16021.8955078125	(10.9s)
epoch: 70	train loss: 15871.591796875	(10.9s)
epoch: 71	train loss: 16252.765625	(10.9s)
epoch: 72	train loss: 15769.05859375	(10.9s)
epoch: 73	train loss: 15822.587890625	(10.9s)
epoch: 74	train loss: 16270.6953125	(10.9s)
epoch: 75	train loss: 15826.23046875	(10.9s)
epoch: 76	train loss: 15815.662109375	(10.9s)
epoch: 77	train loss: 15656.1728515625	(10.9s)
epoch: 78	train loss: 15873.845703125	(10.9s)
epoch: 79	train loss: 16304.7109375	(10.9s)
epoch: 80	train loss: 16107.048828125	(10.9s)
epoch: 81	train loss: 17228.9140625	(10.9s)
epoch: 82	train loss: 15495.689453125	(10.9s)
epoch: 83	train loss: 15769.59765625	(11.0s)
epoch: 84	train loss: 15419.693359375	(10.9s)
epoch: 85	train loss: 15736.3115234375	(10.9s)
epoch: 86	train loss: 15508.759765625	(10.9s)
epoch: 87	train loss: 15386.5810546875	(10.9s)
epoch: 88	train loss: 15462.0751953125	(10.9s)
epoch: 89	train loss: 16340.4384765625	(10.9s)
epoch: 90	train loss: 15288.736328125	(10.9s)
epoch: 91	train loss: 15133.8984375	(10.9s)
epoch: 92	train loss: 15177.7939453125	(10.9s)
epoch: 93	train loss: 14753.02734375	(10.9s)
epoch: 94	train loss: 15186.6669921875	(10.9s)
epoch: 95	train loss: 15083.962890625	(10.9s)
epoch: 96	train loss: 17207.888671875	(10.9s)
epoch: 97	train loss: 14973.6884765625	(10.9s)
epoch: 98	train loss: 15266.994140625	(10.9s)
epoch: 99	train loss: 15360.216796875	(10.9s)
Evaluating model on 200 episodes
Solved 37/200 episodes
Evaluated model in 12.4 seconds
Saved model for run
900c9db02eb44445803d931b715cd509 with name round-6
Round 7
Generated trajectories in 75.6 seconds
epoch: 0	train loss: 25005.59765625	(11.0s)
epoch: 1	train loss: 22758.888671875	(11.0s)
epoch: 2	train loss: 21855.556640625	(11.0s)
epoch: 3	train loss: 21319.06640625	(11.1s)
epoch: 4	train loss: 20950.046875	(11.1s)
epoch: 5	train loss: 20794.9453125	(11.1s)
epoch: 6	train loss: 20642.14453125	(11.1s)
epoch: 7	train loss: 20172.03125	(11.1s)
epoch: 8	train loss: 19979.521484375	(11.1s)
epoch: 9	train loss: 19906.267578125	(11.1s)
epoch: 10	train loss: 19702.064453125	(11.1s)
epoch: 11	train loss: 19725.498046875	(11.1s)
epoch: 12	train loss: 19440.765625	(11.1s)
epoch: 13	train loss: 19580.82421875	(11.1s)
epoch: 14	train loss: 20051.44140625	(11.1s)
epoch: 15	train loss: 19457.43359375	(11.1s)
epoch: 16	train loss: 18902.419921875	(11.1s)
epoch: 17	train loss: 18827.716796875	(11.1s)
epoch: 18	train loss: 18901.521484375	(11.1s)
epoch: 19	train loss: 18852.900390625	(11.1s)
epoch: 20	train loss: 18647.263671875	(11.1s)
epoch: 21	train loss: 18800.84765625	(11.1s)
epoch: 22	train loss: 18509.26953125	(11.1s)
epoch: 23	train loss: 18550.765625	(11.1s)
epoch: 24	train loss: 18364.5625	(11.1s)
epoch: 25	train loss: 18405.46484375	(11.1s)
epoch: 26	train loss: 18479.51953125	(11.1s)
epoch: 27	train loss: 18731.826171875	(11.1s)
epoch: 28	train loss: 19595.462890625	(11.1s)
epoch: 29	train loss: 18283.60546875	(11.1s)
epoch: 30	train loss: 17939.0390625	(11.1s)
epoch: 31	train loss: 17930.44140625	(11.1s)
epoch: 32	train loss: 18455.625	(11.1s)
epoch: 33	train loss: 17842.205078125	(11.1s)
epoch: 34	train loss: 18036.236328125	(11.1s)
epoch: 35	train loss: 17933.15625	(11.1s)
epoch: 36	train loss: 17812.8515625	(11.1s)
epoch: 37	train loss: 18410.818359375	(11.1s)
epoch: 38	train loss: 17843.576171875	(11.1s)
epoch: 39	train loss: 17412.296875	(11.1s)
epoch: 40	train loss: 17488.4765625	(11.1s)
epoch: 41	train loss: 17612.375	(11.1s)
epoch: 42	train loss: 17665.8515625	(11.1s)
epoch: 43	train loss: 17323.03125	(11.1s)
epoch: 44	train loss: 17634.09375	(11.1s)
epoch: 45	train loss: 19115.6875	(11.1s)
epoch: 46	train loss: 17331.66015625	(11.1s)
epoch: 47	train loss: 16909.462890625	(11.1s)
epoch: 48	train loss: 17834.71875	(11.1s)
epoch: 49	train loss: 17846.853515625	(11.1s)
epoch: 50	train loss: 17161.439453125	(11.1s)
epoch: 51	train loss: 17218.203125	(11.1s)
epoch: 52	train loss: 16922.931640625	(11.1s)
epoch: 53	train loss: 16698.080078125	(11.1s)
epoch: 54	train loss: 16789.765625	(11.1s)
epoch: 55	train loss: 17132.541015625	(11.1s)
epoch: 56	train loss: 17329.994140625	(11.1s)
epoch: 57	train loss: 17146.228515625	(11.1s)
epoch: 58	train loss: 17081.927734375	(11.1s)
epoch: 59	train loss: 17375.689453125	(11.1s)
epoch: 60	train loss: 16579.767578125	(11.1s)
epoch: 61	train loss: 16652.66796875	(11.1s)
epoch: 62	train loss: 17056.02734375	(11.1s)
epoch: 63	train loss: 16407.767578125	(11.1s)
epoch: 64	train loss: 16606.583984375	(11.1s)
epoch: 65	train loss: 16368.8671875	(11.1s)
epoch: 66	train loss: 16157.5751953125	(11.1s)
epoch: 67	train loss: 18844.623046875	(11.1s)
epoch: 68	train loss: 17518.6328125	(11.1s)
epoch: 69	train loss: 16358.4873046875	(11.1s)
epoch: 70	train loss: 15921.70703125	(11.1s)
epoch: 71	train loss: 16075.6181640625	(11.1s)
epoch: 72	train loss: 16512.75390625	(11.1s)
epoch: 73	train loss: 16178.265625	(11.1s)
epoch: 74	train loss: 17199.52734375	(11.1s)
epoch: 75	train loss: 16550.0078125	(11.1s)
epoch: 76	train loss: 15944.99609375	(11.1s)
epoch: 77	train loss: 16170.08203125	(11.1s)
epoch: 78	train loss: 16753.169921875	(11.1s)
epoch: 79	train loss: 17624.5078125	(11.1s)
epoch: 80	train loss: 16024.8125	(11.1s)
epoch: 81	train loss: 16716.109375	(11.1s)
epoch: 82	train loss: 15695.28125	(11.1s)
epoch: 83	train loss: 16016.4892578125	(11.1s)
epoch: 84	train loss: 15846.1943359375	(11.1s)
epoch: 85	train loss: 15556.6689453125	(11.1s)
epoch: 86	train loss: 17535.974609375	(11.1s)
epoch: 87	train loss: 15747.0625	(11.1s)
epoch: 88	train loss: 15533.2158203125	(11.1s)
epoch: 89	train loss: 16121.8779296875	(11.1s)
epoch: 90	train loss: 15280.61328125	(11.1s)
epoch: 91	train loss: 15385.0673828125	(11.1s)
epoch: 92	train loss: 15516.3515625	(11.1s)
epoch: 93	train loss: 16388.5546875	(11.1s)
epoch: 94	train loss: 15500.892578125	(11.1s)
epoch: 95	train loss: 15215.197265625	(11.1s)
epoch: 96	train loss: 15632.2919921875	(11.1s)
epoch: 97	train loss: 15824.9560546875	(11.1s)
epoch: 98	train loss: 16307.517578125	(11.1s)
epoch: 99	train loss: 15991.9404296875	(11.1s)
Evaluating model on 200 episodes
Solved 31/200 episodes
Evaluated model in 11.5 seconds
Saved model for run
900c9db02eb44445803d931b715cd509 with name round-7
Round 8
Generated trajectories in 75.6 seconds
epoch: 0	train loss: 24348.93359375	(11.0s)
epoch: 1	train loss: 22405.5859375	(10.9s)
epoch: 2	train loss: 21511.216796875	(11.0s)
epoch: 3	train loss: 20805.921875	(11.0s)
epoch: 4	train loss: 20661.927734375	(11.0s)
epoch: 5	train loss: 20567.591796875	(11.0s)
epoch: 6	train loss: 20153.37109375	(11.0s)
epoch: 7	train loss: 19890.935546875	(11.0s)
epoch: 8	train loss: 19643.662109375	(11.0s)
epoch: 9	train loss: 20250.646484375	(11.0s)
epoch: 10	train loss: 19427.521484375	(11.0s)
epoch: 11	train loss: 19368.578125	(11.0s)
epoch: 12	train loss: 20324.49609375	(11.0s)
epoch: 13	train loss: 18873.748046875	(11.0s)
epoch: 14	train loss: 18618.333984375	(11.0s)
epoch: 15	train loss: 18638.73828125	(11.0s)
epoch: 16	train loss: 18704.830078125	(11.0s)
epoch: 17	train loss: 18621.919921875	(11.0s)
epoch: 18	train loss: 18787.740234375	(11.0s)
epoch: 19	train loss: 20343.953125	(11.0s)
epoch: 20	train loss: 18534.88671875	(11.0s)
epoch: 21	train loss: 18113.673828125	(11.0s)
epoch: 22	train loss: 18564.083984375	(11.0s)
epoch: 23	train loss: 19529.72265625	(11.0s)
epoch: 24	train loss: 18131.255859375	(11.0s)
epoch: 25	train loss: 18172.89453125	(11.0s)
epoch: 26	train loss: 18049.31640625	(11.0s)
epoch: 27	train loss: 17877.55078125	(11.0s)
epoch: 28	train loss: 17830.822265625	(11.0s)
epoch: 29	train loss: 18427.9609375	(11.0s)
epoch: 30	train loss: 18210.296875	(11.0s)
epoch: 31	train loss: 17632.34375	(11.0s)
epoch: 32	train loss: 17613.94140625	(11.0s)
epoch: 33	train loss: 17479.84375	(11.0s)
epoch: 34	train loss: 17463.693359375	(11.0s)
epoch: 35	train loss: 17288.50390625	(11.0s)
epoch: 36	train loss: 17501.896484375	(11.0s)
epoch: 37	train loss: 17131.599609375	(11.0s)
epoch: 38	train loss: 17382.9765625	(11.0s)
epoch: 39	train loss: 17413.5234375	(11.0s)
epoch: 40	train loss: 21707.78125	(11.0s)
epoch: 41	train loss: 17503.1171875	(11.0s)
epoch: 42	train loss: 17104.828125	(11.0s)
epoch: 43	train loss: 16673.34765625	(11.0s)
epoch: 44	train loss: 16717.404296875	(11.0s)
epoch: 45	train loss: 16818.978515625	(11.0s)
epoch: 46	train loss: 17024.869140625	(11.0s)
epoch: 47	train loss: 16685.787109375	(11.0s)
epoch: 48	train loss: 16805.26953125	(11.0s)
epoch: 49	train loss: 17313.337890625	(11.0s)
epoch: 50	train loss: 16645.783203125	(11.0s)
epoch: 51	train loss: 16442.966796875	(11.0s)
epoch: 52	train loss: 16672.525390625	(11.0s)
epoch: 53	train loss: 16714.541015625	(11.0s)
epoch: 54	train loss: 17284.01953125	(11.0s)
epoch: 55	train loss: 16728.69921875	(11.0s)
epoch: 56	train loss: 16581.458984375	(11.0s)
epoch: 57	train loss: 16456.826171875	(11.0s)
epoch: 58	train loss: 16207.6630859375	(11.0s)
epoch: 59	train loss: 16260.9267578125	(11.0s)
epoch: 60	train loss: 17009.08984375	(11.0s)
epoch: 61	train loss: 16320.8974609375	(11.0s)
epoch: 62	train loss: 17542.23828125	(11.0s)
epoch: 63	train loss: 16287.365234375	(11.0s)
epoch: 64	train loss: 16299.412109375	(11.0s)
epoch: 65	train loss: 16323.0126953125	(11.0s)
epoch: 66	train loss: 16011.8291015625	(11.0s)
epoch: 67	train loss: 15908.7177734375	(11.0s)
epoch: 68	train loss: 15902.3564453125	(11.0s)
epoch: 69	train loss: 16397.634765625	(10.9s)
epoch: 70	train loss: 15799.1142578125	(10.9s)
epoch: 71	train loss: 17503.994140625	(10.9s)
epoch: 72	train loss: 16362.2587890625	(11.0s)
epoch: 73	train loss: 15800.330078125	(10.9s)
epoch: 74	train loss: 15933.0908203125	(10.9s)
epoch: 75	train loss: 15622.068359375	(11.0s)
epoch: 76	train loss: 16201.2919921875	(11.0s)
epoch: 77	train loss: 16037.4814453125	(10.9s)
epoch: 78	train loss: 15522.794921875	(11.0s)
epoch: 79	train loss: 15775.6103515625	(11.0s)
epoch: 80	train loss: 15891.7685546875	(11.0s)
epoch: 81	train loss: 15713.2177734375	(11.0s)
epoch: 82	train loss: 15783.890625	(11.0s)
epoch: 83	train loss: 17194.990234375	(11.0s)
epoch: 84	train loss: 15895.7099609375	(11.0s)
epoch: 85	train loss: 15523.2939453125	(11.0s)
epoch: 86	train loss: 15461.16015625	(11.0s)
epoch: 87	train loss: 15407.4267578125	(11.0s)
epoch: 88	train loss: 16207.1123046875	(11.0s)
epoch: 89	train loss: 15348.5	(11.0s)
epoch: 90	train loss: 15057.109375	(11.0s)
epoch: 91	train loss: 15168.7021484375	(11.0s)
epoch: 92	train loss: 15127.052734375	(11.0s)
epoch: 93	train loss: 14900.3017578125	(11.0s)
epoch: 94	train loss: 15446.8505859375	(11.0s)
epoch: 95	train loss: 15764.0615234375	(11.0s)
epoch: 96	train loss: 15563.6015625	(11.0s)
epoch: 97	train loss: 16559.0	(11.0s)
epoch: 98	train loss: 15289.322265625	(11.0s)
epoch: 99	train loss: 14973.388671875	(11.0s)
Evaluating model on 200 episodes
Solved 33/200 episodes
Evaluated model in 13.3 seconds
Saved model for run
900c9db02eb44445803d931b715cd509 with name round-8
Round 9
Generated trajectories in 75.7 seconds
epoch: 0	train loss: 24351.00390625	(11.0s)
epoch: 1	train loss: 22232.42578125	(11.0s)
epoch: 2	train loss: 21485.560546875	(11.1s)
epoch: 3	train loss: 20973.40234375	(11.1s)
epoch: 4	train loss: 20469.86328125	(11.1s)
epoch: 5	train loss: 20259.681640625	(11.1s)
epoch: 6	train loss: 20495.326171875	(11.1s)
epoch: 7	train loss: 19820.7265625	(11.1s)
epoch: 8	train loss: 19727.314453125	(11.1s)
epoch: 9	train loss: 19893.720703125	(11.1s)
epoch: 10	train loss: 19274.24609375	(11.1s)
epoch: 11	train loss: 19175.798828125	(11.1s)
epoch: 12	train loss: 18980.40234375	(11.1s)
epoch: 13	train loss: 18944.98828125	(11.1s)
epoch: 14	train loss: 19736.376953125	(11.1s)
epoch: 15	train loss: 18735.31640625	(11.1s)
epoch: 16	train loss: 18324.9140625	(11.1s)
epoch: 17	train loss: 18729.4375	(11.1s)
epoch: 18	train loss: 19060.91796875	(11.1s)
epoch: 19	train loss: 18572.931640625	(11.1s)
epoch: 20	train loss: 18298.73046875	(11.1s)
epoch: 21	train loss: 17958.072265625	(11.1s)
epoch: 22	train loss: 17803.90625	(11.1s)
epoch: 23	train loss: 18358.88671875	(11.1s)
epoch: 24	train loss: 17839.90234375	(11.1s)
epoch: 25	train loss: 19730.359375	(11.1s)
epoch: 26	train loss: 18145.33203125	(11.1s)
epoch: 27	train loss: 18097.4453125	(11.1s)
epoch: 28	train loss: 17492.4609375	(11.1s)
epoch: 29	train loss: 17279.291015625	(11.1s)
epoch: 30	train loss: 17488.375	(11.1s)
epoch: 31	train loss: 18561.669921875	(11.1s)
epoch: 32	train loss: 17774.228515625	(11.1s)
epoch: 33	train loss: 17375.15234375	(11.1s)
epoch: 34	train loss: 17071.95703125	(11.1s)
epoch: 35	train loss: 16921.552734375	(11.1s)
epoch: 36	train loss: 16774.677734375	(11.1s)
epoch: 37	train loss: 17208.611328125	(11.1s)
epoch: 38	train loss: 17485.0390625	(11.1s)
epoch: 39	train loss: 17424.18359375	(11.1s)
epoch: 40	train loss: 16963.134765625	(11.1s)
epoch: 41	train loss: 16888.890625	(11.1s)
epoch: 42	train loss: 17418.9765625	(11.1s)
epoch: 43	train loss: 17082.814453125	(11.1s)
epoch: 44	train loss: 20224.53515625	(11.1s)
epoch: 45	train loss: 17673.498046875	(11.1s)
epoch: 46	train loss: 16750.763671875	(11.1s)
epoch: 47	train loss: 16350.0810546875	(11.1s)
epoch: 48	train loss: 16233.2802734375	(11.1s)
epoch: 49	train loss: 16371.8056640625	(11.1s)
epoch: 50	train loss: 16310.3310546875	(11.1s)
epoch: 51	train loss: 16849.908203125	(11.1s)
epoch: 52	train loss: 16252.892578125	(11.1s)
epoch: 53	train loss: 16619.333984375	(11.1s)
epoch: 54	train loss: 16700.9375	(11.1s)
epoch: 55	train loss: 17098.07421875	(11.1s)
epoch: 56	train loss: 17865.22265625	(11.1s)
epoch: 57	train loss: 16379.6943359375	(11.1s)
epoch: 58	train loss: 16531.818359375	(11.1s)
epoch: 59	train loss: 16771.439453125	(11.1s)
epoch: 60	train loss: 16288.09375	(11.1s)
epoch: 61	train loss: 15813.01171875	(11.1s)
epoch: 62	train loss: 16159.5361328125	(11.1s)
epoch: 63	train loss: 17057.67578125	(11.1s)
epoch: 64	train loss: 16576.51953125	(11.1s)
epoch: 65	train loss: 15844.1298828125	(11.1s)
epoch: 66	train loss: 15574.7919921875	(11.1s)
epoch: 67	train loss: 16296.50390625	(11.1s)
epoch: 68	train loss: 16306.701171875	(11.1s)
epoch: 69	train loss: 15711.7958984375	(11.1s)
epoch: 70	train loss: 16371.0966796875	(11.1s)
epoch: 71	train loss: 15534.533203125	(11.1s)
epoch: 72	train loss: 15344.2021484375	(11.1s)
epoch: 73	train loss: 15663.5478515625	(11.1s)
epoch: 74	train loss: 15898.7470703125	(11.1s)
epoch: 75	train loss: 15492.296875	(11.1s)
epoch: 76	train loss: 15840.7802734375	(11.1s)
epoch: 77	train loss: 16356.0888671875	(11.1s)
epoch: 78	train loss: 16683.369140625	(11.1s)
epoch: 79	train loss: 15759.4326171875	(11.1s)
epoch: 80	train loss: 15919.978515625	(11.1s)
epoch: 81	train loss: 15518.197265625	(11.1s)
epoch: 82	train loss: 15578.9423828125	(11.1s)
epoch: 83	train loss: 15359.103515625	(11.1s)
epoch: 84	train loss: 15134.5791015625	(11.1s)
epoch: 85	train loss: 15171.7060546875	(11.1s)
epoch: 86	train loss: 15448.3046875	(11.1s)
epoch: 87	train loss: 15947.73046875	(11.1s)
epoch: 88	train loss: 14899.0732421875	(11.1s)
epoch: 89	train loss: 15988.330078125	(11.1s)
epoch: 90	train loss: 15241.275390625	(11.1s)
epoch: 91	train loss: 17247.068359375	(11.1s)
epoch: 92	train loss: 15351.603515625	(11.1s)
epoch: 93	train loss: 15039.09765625	(11.1s)
epoch: 94	train loss: 14470.2783203125	(11.1s)
epoch: 95	train loss: 14951.619140625	(11.1s)
epoch: 96	train loss: 15156.45703125	(11.1s)
epoch: 97	train loss: 15448.099609375	(11.1s)
epoch: 98	train loss: 15147.80078125	(11.1s)
epoch: 99	train loss: 14707.123046875	(11.1s)
Evaluating model on 200 episodes
Solved 38/200 episodes
Evaluated model in 11.5 seconds
Saved model for run
900c9db02eb44445803d931b715cd509 with name round-9
Round 10
Generated trajectories in 75.2 seconds
epoch: 0	train loss: 24071.64453125	(11.0s)
epoch: 1	train loss: 21921.669921875	(10.9s)
epoch: 2	train loss: 21203.8203125	(10.9s)
epoch: 3	train loss: 20608.658203125	(10.9s)
epoch: 4	train loss: 20160.212890625	(10.9s)
epoch: 5	train loss: 19887.849609375	(10.9s)
epoch: 6	train loss: 19956.638671875	(10.9s)
epoch: 7	train loss: 19582.0390625	(10.9s)
epoch: 8	train loss: 19784.658203125	(11.0s)
epoch: 9	train loss: 19269.49609375	(10.9s)
epoch: 10	train loss: 19744.71484375	(10.9s)
epoch: 11	train loss: 18847.134765625	(10.9s)
epoch: 12	train loss: 18610.025390625	(10.9s)
epoch: 13	train loss: 18823.0390625	(10.9s)
epoch: 14	train loss: 18425.431640625	(10.9s)
epoch: 15	train loss: 18325.84765625	(11.0s)
epoch: 16	train loss: 18148.25390625	(10.9s)
epoch: 17	train loss: 18111.888671875	(10.9s)
epoch: 18	train loss: 18675.220703125	(10.9s)
epoch: 19	train loss: 20350.71875	(10.9s)
epoch: 20	train loss: 18254.91015625	(10.9s)
epoch: 21	train loss: 18034.65234375	(11.0s)
epoch: 22	train loss: 17829.69140625	(10.9s)
epoch: 23	train loss: 17574.94921875	(10.9s)
epoch: 24	train loss: 17492.9453125	(11.0s)
epoch: 25	train loss: 18003.0546875	(10.9s)
epoch: 26	train loss: 17481.29296875	(10.9s)
epoch: 27	train loss: 17547.8828125	(10.9s)
epoch: 28	train loss: 17750.955078125	(11.0s)
epoch: 29	train loss: 17828.130859375	(10.9s)
epoch: 30	train loss: 17564.892578125	(10.9s)
epoch: 31	train loss: 18096.744140625	(10.9s)
epoch: 32	train loss: 18642.94921875	(10.9s)
epoch: 33	train loss: 17097.99609375	(11.0s)
epoch: 34	train loss: 17037.994140625	(10.9s)
epoch: 35	train loss: 16860.849609375	(11.0s)
epoch: 36	train loss: 16873.984375	(10.9s)
epoch: 37	train loss: 16804.99609375	(11.0s)
epoch: 38	train loss: 17742.375	(10.9s)
epoch: 39	train loss: 17051.638671875	(10.9s)
epoch: 40	train loss: 17158.763671875	(10.9s)
epoch: 41	train loss: 16997.359375	(11.0s)
epoch: 42	train loss: 16921.810546875	(10.9s)
epoch: 43	train loss: 17325.09765625	(10.9s)
epoch: 44	train loss: 16811.5390625	(11.0s)
epoch: 45	train loss: 16697.888671875	(10.9s)
epoch: 46	train loss: 16426.93359375	(10.9s)
epoch: 47	train loss: 18491.884765625	(10.9s)
epoch: 48	train loss: 16714.517578125	(11.0s)
epoch: 49	train loss: 16085.2080078125	(10.9s)
epoch: 50	train loss: 16888.39453125	(10.9s)
epoch: 51	train loss: 16767.501953125	(11.0s)
epoch: 52	train loss: 16742.333984375	(10.9s)
epoch: 53	train loss: 16654.466796875	(10.9s)
epoch: 54	train loss: 17314.0625	(11.0s)
epoch: 55	train loss: 16591.220703125	(11.0s)
epoch: 56	train loss: 16377.9033203125	(10.9s)
epoch: 57	train loss: 16729.470703125	(10.9s)
epoch: 58	train loss: 17125.939453125	(10.9s)
epoch: 59	train loss: 16660.345703125	(10.9s)
epoch: 60	train loss: 16207.47265625	(11.0s)
epoch: 61	train loss: 16294.9111328125	(11.0s)
epoch: 62	train loss: 17706.451171875	(10.9s)
epoch: 63	train loss: 16433.205078125	(10.9s)
epoch: 64	train loss: 15979.0556640625	(10.9s)
epoch: 65	train loss: 15807.2607421875	(10.9s)
epoch: 66	train loss: 16584.423828125	(10.9s)
epoch: 67	train loss: 15743.6318359375	(11.0s)
epoch: 68	train loss: 15901.453125	(11.0s)
epoch: 69	train loss: 16212.8916015625	(10.9s)
epoch: 70	train loss: 16403.224609375	(10.9s)
epoch: 71	train loss: 15826.8603515625	(11.0s)
epoch: 72	train loss: 15645.291015625	(10.9s)
epoch: 73	train loss: 15467.0439453125	(10.9s)
epoch: 74	train loss: 15615.1376953125	(11.0s)
epoch: 75	train loss: 15737.1220703125	(10.9s)
epoch: 76	train loss: 16016.5068359375	(10.9s)
epoch: 77	train loss: 16380.3291015625	(10.9s)
epoch: 78	train loss: 15550.5205078125	(10.9s)
epoch: 79	train loss: 15355.591796875	(10.9s)
epoch: 80	train loss: 15390.755859375	(11.0s)
epoch: 81	train loss: 15716.66015625	(11.0s)
epoch: 82	train loss: 15413.1337890625	(10.9s)
epoch: 83	train loss: 15122.4033203125	(11.0s)
epoch: 84	train loss: 15270.5537109375	(10.9s)
epoch: 85	train loss: 15148.82421875	(10.9s)
epoch: 86	train loss: 16030.39453125	(10.9s)
epoch: 87	train loss: 15382.548828125	(10.9s)
epoch: 88	train loss: 14931.33984375	(10.9s)
epoch: 89	train loss: 15516.5576171875	(10.9s)
epoch: 90	train loss: 15336.5146484375	(10.9s)
epoch: 91	train loss: 15573.669921875	(10.9s)
epoch: 92	train loss: 15635.484375	(10.9s)
epoch: 93	train loss: 15211.748046875	(10.9s)
epoch: 94	train loss: 16246.185546875	(11.0s)
epoch: 95	train loss: 15398.8759765625	(10.9s)
epoch: 96	train loss: 14909.4443359375	(10.9s)
epoch: 97	train loss: 14810.904296875	(10.9s)
epoch: 98	train loss: 14701.5458984375	(10.9s)
epoch: 99	train loss: 14553.2470703125	(10.9s)
Evaluating model on 200 episodes
Solved 37/200 episodes
Evaluated model in 13.3 seconds
Saved model for run
900c9db02eb44445803d931b715cd509 with name round-10
Round 11
Generated trajectories in 75.5 seconds
epoch: 0	train loss: 23549.740234375	(11.0s)
epoch: 1	train loss: 21430.5546875	(10.9s)
epoch: 2	train loss: 20696.025390625	(11.0s)
epoch: 3	train loss: 20347.06640625	(11.0s)
epoch: 4	train loss: 20106.994140625	(11.0s)
epoch: 5	train loss: 19593.486328125	(11.0s)
epoch: 6	train loss: 19414.302734375	(11.0s)
epoch: 7	train loss: 19409.96484375	(11.0s)
epoch: 8	train loss: 19350.42578125	(11.0s)
epoch: 9	train loss: 19067.1875	(11.0s)
epoch: 10	train loss: 18701.791015625	(11.0s)
epoch: 11	train loss: 18680.189453125	(11.0s)
epoch: 12	train loss: 18398.26171875	(11.0s)
epoch: 13	train loss: 18180.333984375	(11.0s)
epoch: 14	train loss: 18980.5078125	(11.0s)
epoch: 15	train loss: 18464.880859375	(11.0s)
epoch: 16	train loss: 18133.53125	(11.1s)
epoch: 17	train loss: 17885.62890625	(11.0s)
epoch: 18	train loss: 17961.01171875	(11.0s)
epoch: 19	train loss: 19429.21484375	(11.0s)
epoch: 20	train loss: 17888.392578125	(11.0s)
epoch: 21	train loss: 17629.5390625	(11.0s)
epoch: 22	train loss: 17525.265625	(11.0s)
epoch: 23	train loss: 17285.13671875	(11.0s)
epoch: 24	train loss: 17846.9375	(11.0s)
epoch: 25	train loss: 17670.130859375	(11.0s)
epoch: 26	train loss: 17334.541015625	(11.0s)
epoch: 27	train loss: 17175.345703125	(11.0s)
epoch: 28	train loss: 17194.9921875	(11.0s)
epoch: 29	train loss: 17405.02734375	(11.0s)
epoch: 30	train loss: 17068.169921875	(11.0s)
epoch: 31	train loss: 16990.1328125	(11.0s)
epoch: 32	train loss: 17103.001953125	(11.0s)
epoch: 33	train loss: 16925.9609375	(11.0s)
epoch: 34	train loss: 16892.966796875	(11.0s)
epoch: 35	train loss: 16527.724609375	(11.0s)
epoch: 36	train loss: 16795.83984375	(11.0s)
epoch: 37	train loss: 16454.111328125	(11.0s)
epoch: 38	train loss: 16727.4453125	(11.0s)
epoch: 39	train loss: 16475.677734375	(11.0s)
epoch: 40	train loss: 16275.5380859375	(11.0s)
epoch: 41	train loss: 16935.099609375	(11.0s)
epoch: 42	train loss: 16000.1328125	(11.0s)
epoch: 43	train loss: 16889.560546875	(11.0s)
epoch: 44	train loss: 16285.765625	(11.0s)
epoch: 45	train loss: 16489.673828125	(11.1s)
epoch: 46	train loss: 15930.23828125	(11.0s)
epoch: 47	train loss: 15953.3662109375	(11.0s)
epoch: 48	train loss: 15968.1455078125	(11.0s)
epoch: 49	train loss: 15712.6787109375	(11.0s)
epoch: 50	train loss: 16004.419921875	(11.0s)
epoch: 51	train loss: 16166.8701171875	(11.0s)
epoch: 52	train loss: 15749.134765625	(11.1s)
epoch: 53	train loss: 16133.13671875	(11.0s)
epoch: 54	train loss: 15954.6826171875	(11.0s)
epoch: 55	train loss: 15873.1953125	(11.0s)
epoch: 56	train loss: 15659.826171875	(11.0s)
epoch: 57	train loss: 15560.892578125	(11.0s)
epoch: 58	train loss: 15112.5615234375	(11.0s)
epoch: 59	train loss: 15498.0498046875	(11.0s)
epoch: 60	train loss: 17985.345703125	(11.0s)
epoch: 61	train loss: 15471.4375	(11.0s)
epoch: 62	train loss: 15047.1181640625	(11.0s)
epoch: 63	train loss: 15049.8447265625	(11.0s)
epoch: 64	train loss: 15540.1787109375	(11.0s)
epoch: 65	train loss: 15171.1845703125	(11.0s)
epoch: 66	train loss: 14723.0029296875	(11.0s)
epoch: 67	train loss: 15106.7568359375	(11.0s)
epoch: 68	train loss: 16349.6533203125	(11.0s)
epoch: 69	train loss: 15014.9833984375	(11.0s)
epoch: 70	train loss: 14805.7060546875	(11.0s)
epoch: 71	train loss: 15098.3134765625	(11.0s)
epoch: 72	train loss: 15200.9921875	(11.0s)
epoch: 73	train loss: 15126.390625	(11.0s)
epoch: 74	train loss: 14931.29296875	(11.1s)
epoch: 75	train loss: 14517.7626953125	(11.0s)
epoch: 76	train loss: 15148.158203125	(11.0s)
epoch: 77	train loss: 16837.091796875	(11.0s)
epoch: 78	train loss: 14735.9296875	(11.0s)
epoch: 79	train loss: 14142.1865234375	(11.0s)
epoch: 80	train loss: 15311.6474609375	(11.0s)
epoch: 81	train loss: 14337.142578125	(11.1s)
epoch: 82	train loss: 15192.5517578125	(11.0s)
epoch: 83	train loss: 15359.5771484375	(11.0s)
epoch: 84	train loss: 14493.875	(11.0s)
epoch: 85	train loss: 14692.642578125	(11.0s)
epoch: 86	train loss: 13967.1767578125	(11.0s)
epoch: 87	train loss: 14108.1083984375	(11.0s)
epoch: 88	train loss: 14234.87890625	(11.1s)
epoch: 89	train loss: 14676.255859375	(11.0s)
epoch: 90	train loss: 15354.59375	(11.0s)
epoch: 91	train loss: 14142.9423828125	(11.0s)
epoch: 92	train loss: 13801.2294921875	(11.0s)
epoch: 93	train loss: 14230.8935546875	(11.0s)
epoch: 94	train loss: 14497.0751953125	(11.0s)
epoch: 95	train loss: 14459.490234375	(11.0s)
epoch: 96	train loss: 18009.08203125	(11.0s)
epoch: 97	train loss: 14421.3818359375	(11.0s)
epoch: 98	train loss: 13614.6064453125	(11.0s)
epoch: 99	train loss: 13694.4169921875	(11.0s)
Evaluating model on 200 episodes
Solved 35/200 episodes
Evaluated model in 11.9 seconds
Saved model for run
900c9db02eb44445803d931b715cd509 with name round-11
Round 12
Generated trajectories in 75.8 seconds
epoch: 0	train loss: 23947.072265625	(11.1s)
epoch: 1	train loss: 21739.79296875	(11.1s)
epoch: 2	train loss: 21056.84375	(11.1s)
epoch: 3	train loss: 20903.361328125	(11.0s)
epoch: 4	train loss: 20162.623046875	(11.0s)
epoch: 5	train loss: 20005.908203125	(11.1s)
epoch: 6	train loss: 19617.478515625	(11.1s)
epoch: 7	train loss: 19441.7734375	(11.0s)
epoch: 8	train loss: 19337.744140625	(11.0s)
epoch: 9	train loss: 19206.638671875	(11.1s)
epoch: 10	train loss: 18784.751953125	(11.0s)
epoch: 11	train loss: 19041.298828125	(11.0s)
epoch: 12	train loss: 20434.421875	(11.1s)
epoch: 13	train loss: 19001.21875	(11.1s)
epoch: 14	train loss: 18621.859375	(11.1s)
epoch: 15	train loss: 18220.494140625	(11.0s)
epoch: 16	train loss: 18024.7421875	(11.1s)
epoch: 17	train loss: 18118.21875	(11.1s)
epoch: 18	train loss: 17967.220703125	(11.0s)
epoch: 19	train loss: 18109.640625	(11.1s)
epoch: 20	train loss: 17968.466796875	(11.1s)
epoch: 21	train loss: 18704.70703125	(11.0s)
epoch: 22	train loss: 18809.173828125	(11.0s)
epoch: 23	train loss: 17664.12109375	(11.1s)
epoch: 24	train loss: 17334.5390625	(11.1s)
epoch: 25	train loss: 17322.3046875	(11.1s)
epoch: 26	train loss: 17474.869140625	(11.1s)
epoch: 27	train loss: 18029.275390625	(11.1s)
epoch: 28	train loss: 17738.861328125	(11.0s)
epoch: 29	train loss: 17075.0859375	(11.1s)
epoch: 30	train loss: 17290.923828125	(11.1s)
epoch: 31	train loss: 17051.62109375	(11.1s)
epoch: 32	train loss: 18387.0078125	(11.1s)
epoch: 33	train loss: 17310.5234375	(11.1s)
epoch: 34	train loss: 17171.923828125	(11.1s)
epoch: 35	train loss: 17142.587890625	(11.1s)
epoch: 36	train loss: 16874.201171875	(11.1s)
epoch: 37	train loss: 16693.607421875	(11.1s)
epoch: 38	train loss: 17227.625	(11.1s)
epoch: 39	train loss: 16872.240234375	(11.0s)
epoch: 40	train loss: 17132.203125	(11.1s)
epoch: 41	train loss: 16434.052734375	(11.1s)
epoch: 42	train loss: 16419.736328125	(11.1s)
epoch: 43	train loss: 16311.369140625	(11.1s)
epoch: 44	train loss: 17034.443359375	(11.1s)
epoch: 45	train loss: 16249.4990234375	(11.0s)
epoch: 46	train loss: 16593.56640625	(11.0s)
epoch: 47	train loss: 17301.02734375	(11.1s)
epoch: 48	train loss: 16635.970703125	(11.1s)
epoch: 49	train loss: 17128.125	(11.1s)
epoch: 50	train loss: 16036.806640625	(11.1s)
epoch: 51	train loss: 15937.177734375	(11.1s)
epoch: 52	train loss: 16133.46484375	(11.1s)
epoch: 53	train loss: 15889.2802734375	(11.0s)
epoch: 54	train loss: 15859.85546875	(11.1s)
epoch: 55	train loss: 15959.0751953125	(11.1s)
epoch: 56	train loss: 16754.994140625	(11.1s)
epoch: 57	train loss: 16087.1875	(11.1s)
epoch: 58	train loss: 15668.806640625	(11.0s)
epoch: 59	train loss: 15675.3193359375	(11.1s)
epoch: 60	train loss: 15495.1279296875	(11.0s)
epoch: 61	train loss: 15448.0810546875	(11.1s)
epoch: 62	train loss: 15194.869140625	(11.1s)
epoch: 63	train loss: 15682.3369140625	(11.1s)
epoch: 64	train loss: 15421.1044921875	(11.0s)
epoch: 65	train loss: 15405.8876953125	(11.1s)
epoch: 66	train loss: 16642.103515625	(11.1s)
epoch: 67	train loss: 15702.755859375	(11.0s)
epoch: 68	train loss: 15499.220703125	(11.1s)
epoch: 69	train loss: 15855.74609375	(11.1s)
epoch: 70	train loss: 15530.771484375	(11.1s)
epoch: 71	train loss: 15042.921875	(11.0s)
epoch: 72	train loss: 15333.529296875	(11.1s)
epoch: 73	train loss: 15036.470703125	(11.1s)
epoch: 74	train loss: 15962.189453125	(11.1s)
epoch: 75	train loss: 14993.626953125	(11.1s)
epoch: 76	train loss: 14840.71875	(11.1s)
epoch: 77	train loss: 15081.2119140625	(11.0s)
epoch: 78	train loss: 15153.068359375	(11.1s)
epoch: 79	train loss: 15145.90234375	(11.1s)
epoch: 80	train loss: 14932.5478515625	(11.0s)
epoch: 81	train loss: 14828.287109375	(11.1s)
epoch: 82	train loss: 14875.00390625	(11.1s)
epoch: 83	train loss: 15174.822265625	(11.1s)
epoch: 84	train loss: 14751.5595703125	(11.1s)
epoch: 85	train loss: 15087.8505859375	(11.0s)
epoch: 86	train loss: 15822.8525390625	(11.1s)
epoch: 87	train loss: 14602.7890625	(11.0s)
epoch: 88	train loss: 14470.140625	(11.1s)
epoch: 89	train loss: 14572.6201171875	(11.1s)
epoch: 90	train loss: 15819.7470703125	(11.1s)
epoch: 91	train loss: 14578.013671875	(11.0s)
epoch: 92	train loss: 13833.41015625	(11.0s)
epoch: 93	train loss: 14654.7939453125	(11.1s)
epoch: 94	train loss: 14764.5751953125	(11.1s)
epoch: 95	train loss: 14931.8291015625	(11.0s)
epoch: 96	train loss: 14507.83984375	(11.1s)
epoch: 97	train loss: 14039.083984375	(11.1s)
epoch: 98	train loss: 15222.8271484375	(11.1s)
epoch: 99	train loss: 13812.0224609375	(11.1s)
Evaluating model on 200 episodes
Solved 30/200 episodes
Evaluated model in 10.8 seconds
Saved model for run
900c9db02eb44445803d931b715cd509 with name round-12
Round 13
Generated trajectories in 75.9 seconds
epoch: 0	train loss: 24294.447265625	(11.0s)
epoch: 1	train loss: 22069.462890625	(10.9s)
epoch: 2	train loss: 21382.181640625	(11.0s)
epoch: 3	train loss: 20554.892578125	(11.0s)
epoch: 4	train loss: 20195.8671875	(11.0s)
epoch: 5	train loss: 19975.869140625	(11.0s)
epoch: 6	train loss: 19420.556640625	(11.1s)
epoch: 7	train loss: 19676.11328125	(11.0s)
epoch: 8	train loss: 19211.234375	(11.0s)
epoch: 9	train loss: 18901.83984375	(11.0s)
epoch: 10	train loss: 18826.3125	(11.0s)
epoch: 11	train loss: 18587.95703125	(11.0s)
epoch: 12	train loss: 19616.5625	(11.0s)
epoch: 13	train loss: 18779.333984375	(11.1s)
epoch: 14	train loss: 18184.388671875	(11.0s)
epoch: 15	train loss: 18681.994140625	(11.0s)
epoch: 16	train loss: 18209.38671875	(11.1s)
epoch: 17	train loss: 18160.064453125	(11.0s)
epoch: 18	train loss: 18373.638671875	(11.0s)
epoch: 19	train loss: 17795.66015625	(11.0s)
epoch: 20	train loss: 17853.158203125	(11.1s)
epoch: 21	train loss: 17746.19140625	(11.0s)
epoch: 22	train loss: 18161.392578125	(11.0s)
epoch: 23	train loss: 17579.525390625	(11.1s)
epoch: 24	train loss: 17521.220703125	(11.0s)
epoch: 25	train loss: 18216.75	(11.0s)
epoch: 26	train loss: 18032.033203125	(11.0s)
epoch: 27	train loss: 17216.619140625	(11.1s)
epoch: 28	train loss: 17419.05078125	(11.0s)
epoch: 29	train loss: 16991.298828125	(11.0s)
epoch: 30	train loss: 17058.208984375	(11.1s)
epoch: 31	train loss: 17140.900390625	(11.0s)
epoch: 32	train loss: 17177.630859375	(11.0s)
epoch: 33	train loss: 17001.78125	(11.0s)
epoch: 34	train loss: 17048.5078125	(11.1s)
epoch: 35	train loss: 16743.5625	(11.0s)
epoch: 36	train loss: 16848.716796875	(11.0s)
epoch: 37	train loss: 16813.462890625	(11.1s)
epoch: 38	train loss: 16641.345703125	(11.0s)
epoch: 39	train loss: 17120.9296875	(11.0s)
epoch: 40	train loss: 17452.140625	(11.0s)
epoch: 41	train loss: 16342.7763671875	(11.0s)
epoch: 42	train loss: 16626.888671875	(11.0s)
epoch: 43	train loss: 16149.7265625	(11.0s)
epoch: 44	train loss: 16721.591796875	(11.0s)
epoch: 45	train loss: 16387.294921875	(11.1s)
epoch: 46	train loss: 16235.921875	(11.0s)
epoch: 47	train loss: 16087.0703125	(11.0s)
epoch: 48	train loss: 16154.26953125	(11.1s)
epoch: 49	train loss: 15939.5	(11.0s)
epoch: 50	train loss: 16110.1279296875	(11.0s)
epoch: 51	train loss: 16462.44921875	(11.0s)
epoch: 52	train loss: 16438.587890625	(11.1s)
epoch: 53	train loss: 16877.505859375	(11.0s)
epoch: 54	train loss: 15997.14453125	(11.0s)
epoch: 55	train loss: 16500.85546875	(11.1s)
epoch: 56	train loss: 15758.97265625	(11.1s)
epoch: 57	train loss: 16627.423828125	(11.0s)
epoch: 58	train loss: 15751.53125	(11.0s)
epoch: 59	train loss: 15489.5224609375	(11.1s)
epoch: 60	train loss: 15563.7861328125	(11.0s)
epoch: 61	train loss: 15679.6005859375	(11.0s)
epoch: 62	train loss: 15313.14453125	(11.1s)
epoch: 63	train loss: 15974.1337890625	(11.1s)
epoch: 64	train loss: 17505.90234375	(11.0s)
epoch: 65	train loss: 15738.880859375	(11.0s)
epoch: 66	train loss: 15233.24609375	(11.1s)
epoch: 67	train loss: 17059.94921875	(11.0s)
epoch: 68	train loss: 15401.640625	(11.0s)
epoch: 69	train loss: 14827.7353515625	(11.1s)
epoch: 70	train loss: 14834.271484375	(11.1s)
epoch: 71	train loss: 15140.5771484375	(11.0s)
epoch: 72	train loss: 18073.47265625	(11.0s)
epoch: 73	train loss: 15102.2822265625	(11.0s)
epoch: 74	train loss: 14577.3544921875	(11.0s)
epoch: 75	train loss: 14967.6787109375	(11.0s)
epoch: 76	train loss: 14785.759765625	(11.1s)
epoch: 77	train loss: 15259.669921875	(11.1s)
epoch: 78	train loss: 15936.251953125	(11.0s)
epoch: 79	train loss: 15333.9912109375	(11.0s)
epoch: 80	train loss: 15220.0791015625	(11.1s)
epoch: 81	train loss: 14511.7666015625	(11.0s)
epoch: 82	train loss: 14493.1162109375	(11.0s)
epoch: 83	train loss: 14648.9677734375	(11.0s)
epoch: 84	train loss: 14444.46875	(11.1s)
epoch: 85	train loss: 15661.44921875	(11.0s)
epoch: 86	train loss: 15636.6318359375	(11.0s)
epoch: 87	train loss: 16303.4990234375	(11.0s)
epoch: 88	train loss: 14521.423828125	(11.0s)
epoch: 89	train loss: 14175.5458984375	(11.0s)
epoch: 90	train loss: 15410.4677734375	(11.0s)
epoch: 91	train loss: 15242.646484375	(11.1s)
epoch: 92	train loss: 14871.02734375	(11.0s)
epoch: 93	train loss: 14227.369140625	(11.0s)
epoch: 94	train loss: 15283.38671875	(11.0s)
epoch: 95	train loss: 14375.8525390625	(11.0s)
epoch: 96	train loss: 17451.779296875	(11.0s)
epoch: 97	train loss: 14443.3232421875	(11.0s)
epoch: 98	train loss: 14160.6220703125	(11.1s)
epoch: 99	train loss: 14581.2880859375	(11.0s)
Evaluating model on 200 episodes
Solved 39/200 episodes
Evaluated model in 12.1 seconds
Saved model for run
900c9db02eb44445803d931b715cd509 with name round-13
Round 14
Generated trajectories in 76.1 seconds
epoch: 0	train loss: 23905.525390625	(11.1s)
epoch: 1	train loss: 21407.09375	(11.0s)
epoch: 2	train loss: 20620.330078125	(11.1s)
epoch: 3	train loss: 20499.80859375	(11.1s)
epoch: 4	train loss: 19981.205078125	(11.1s)
epoch: 5	train loss: 19614.873046875	(11.1s)
epoch: 6	train loss: 19658.951171875	(11.1s)
epoch: 7	train loss: 19227.044921875	(11.2s)
epoch: 8	train loss: 19478.6328125	(11.1s)
epoch: 9	train loss: 19299.880859375	(11.1s)
epoch: 10	train loss: 18986.208984375	(11.1s)
epoch: 11	train loss: 19567.0703125	(11.1s)
epoch: 12	train loss: 18677.9375	(11.1s)
epoch: 13	train loss: 18444.91796875	(11.1s)
epoch: 14	train loss: 18778.97265625	(11.2s)
epoch: 15	train loss: 18357.05859375	(11.1s)
epoch: 16	train loss: 18269.27734375	(11.1s)
epoch: 17	train loss: 18464.15625	(11.1s)
epoch: 18	train loss: 18207.3046875	(11.1s)
epoch: 19	train loss: 18539.923828125	(11.1s)
epoch: 20	train loss: 17897.0078125	(11.1s)
epoch: 21	train loss: 18159.892578125	(11.2s)
epoch: 22	train loss: 17673.0859375	(11.1s)
epoch: 23	train loss: 17439.83203125	(11.1s)
epoch: 24	train loss: 18000.291015625	(11.1s)
epoch: 25	train loss: 18304.7421875	(11.1s)
epoch: 26	train loss: 18148.283203125	(11.1s)
epoch: 27	train loss: 18570.236328125	(11.1s)
epoch: 28	train loss: 17733.8203125	(11.2s)
epoch: 29	train loss: 17276.56640625	(11.1s)
epoch: 30	train loss: 17129.75390625	(11.1s)
epoch: 31	train loss: 17117.404296875	(11.1s)
epoch: 32	train loss: 16846.751953125	(11.1s)
epoch: 33	train loss: 17801.052734375	(11.1s)
epoch: 34	train loss: 17220.591796875	(11.1s)
epoch: 35	train loss: 17291.32421875	(11.2s)
epoch: 36	train loss: 17090.0546875	(11.1s)
epoch: 37	train loss: 17221.65234375	(11.1s)
epoch: 38	train loss: 16685.4453125	(11.1s)
epoch: 39	train loss: 16392.158203125	(11.1s)
epoch: 40	train loss: 16639.7265625	(11.1s)
epoch: 41	train loss: 20642.59375	(11.1s)
epoch: 42	train loss: 17029.818359375	(11.2s)
epoch: 43	train loss: 16600.00390625	(11.1s)
epoch: 44	train loss: 16477.60546875	(11.1s)
epoch: 45	train loss: 16394.060546875	(11.1s)
epoch: 46	train loss: 15860.2373046875	(11.1s)
epoch: 47	train loss: 16838.318359375	(11.1s)
epoch: 48	train loss: 16128.234375	(11.1s)
epoch: 49	train loss: 16193.14453125	(11.1s)
epoch: 50	train loss: 16616.099609375	(11.1s)
epoch: 51	train loss: 15868.462890625	(11.1s)
epoch: 52	train loss: 16135.7919921875	(11.1s)
epoch: 53	train loss: 16592.88671875	(11.1s)
epoch: 54	train loss: 17123.916015625	(11.1s)
epoch: 55	train loss: 16116.1103515625	(11.1s)
epoch: 56	train loss: 15938.90625	(11.1s)
epoch: 57	train loss: 17653.4765625	(11.1s)
epoch: 58	train loss: 17841.373046875	(11.1s)
epoch: 59	train loss: 15984.0537109375	(11.1s)
epoch: 60	train loss: 15737.451171875	(11.1s)
epoch: 61	train loss: 15437.4677734375	(11.1s)
epoch: 62	train loss: 15378.98828125	(11.1s)
epoch: 63	train loss: 15266.044921875	(11.1s)
epoch: 64	train loss: 15800.2802734375	(11.1s)
epoch: 65	train loss: 15350.916015625	(11.1s)
epoch: 66	train loss: 16785.6953125	(11.1s)
epoch: 67	train loss: 15848.5009765625	(11.1s)
epoch: 68	train loss: 15527.5712890625	(11.1s)
epoch: 69	train loss: 15765.677734375	(11.1s)
epoch: 70	train loss: 15440.0810546875	(11.1s)
epoch: 71	train loss: 15738.708984375	(11.1s)
epoch: 72	train loss: 17029.068359375	(11.1s)
epoch: 73	train loss: 16063.7177734375	(11.1s)
epoch: 74	train loss: 15405.9873046875	(11.1s)
epoch: 75	train loss: 15255.2021484375	(11.1s)
epoch: 76	train loss: 15368.9150390625	(11.1s)
epoch: 77	train loss: 15657.19140625	(11.1s)
epoch: 78	train loss: 15666.0791015625	(11.1s)
epoch: 79	train loss: 14917.44921875	(11.1s)
epoch: 80	train loss: 15326.806640625	(11.1s)
epoch: 81	train loss: 15496.8154296875	(11.1s)
epoch: 82	train loss: 15338.962890625	(11.1s)
epoch: 83	train loss: 15328.4453125	(11.1s)
epoch: 84	train loss: 15857.451171875	(11.1s)
epoch: 85	train loss: 15267.091796875	(11.1s)
epoch: 86	train loss: 14815.0390625	(11.1s)
epoch: 87	train loss: 18643.203125	(11.1s)
epoch: 88	train loss: 15939.896484375	(11.1s)
epoch: 89	train loss: 14969.3212890625	(11.1s)
epoch: 90	train loss: 14529.59375	(11.1s)
epoch: 91	train loss: 14873.7119140625	(11.1s)
epoch: 92	train loss: 14460.5048828125	(11.1s)
epoch: 93	train loss: 14803.732421875	(11.1s)
epoch: 94	train loss: 15633.146484375	(11.1s)
epoch: 95	train loss: 14696.84765625	(11.1s)
epoch: 96	train loss: 15465.974609375	(11.1s)
epoch: 97	train loss: 14670.087890625	(11.1s)
epoch: 98	train loss: 14728.060546875	(11.2s)
epoch: 99	train loss: 14917.7373046875	(11.1s)
Evaluating model on 200 episodes
Solved 36/200 episodes
Evaluated model in 12.5 seconds
Saved model for run
900c9db02eb44445803d931b715cd509 with name round-14
Round 15
Generated trajectories in 74.7 seconds
epoch: 0	train loss: 22957.052734375	(11.0s)
epoch: 1	train loss: 20728.7890625	(10.9s)
epoch: 2	train loss: 20128.6484375	(10.9s)
epoch: 3	train loss: 19846.431640625	(11.0s)
epoch: 4	train loss: 19459.2578125	(11.0s)
epoch: 5	train loss: 19159.375	(11.0s)
epoch: 6	train loss: 18815.265625	(11.0s)
epoch: 7	train loss: 19017.306640625	(11.0s)
epoch: 8	train loss: 18692.546875	(11.0s)
epoch: 9	train loss: 18290.306640625	(11.0s)
epoch: 10	train loss: 18187.15234375	(11.0s)
epoch: 11	train loss: 18002.201171875	(11.0s)
epoch: 12	train loss: 18340.212890625	(11.0s)
epoch: 13	train loss: 18026.4375	(11.0s)
epoch: 14	train loss: 17732.73828125	(11.0s)
epoch: 15	train loss: 17631.318359375	(11.0s)
epoch: 16	train loss: 17650.759765625	(10.9s)
epoch: 17	train loss: 17711.373046875	(10.9s)
epoch: 18	train loss: 17544.904296875	(10.9s)
epoch: 19	train loss: 17960.5703125	(10.9s)
epoch: 20	train loss: 17051.884765625	(10.9s)
epoch: 21	train loss: 16995.060546875	(11.0s)
epoch: 22	train loss: 16886.806640625	(11.0s)
epoch: 23	train loss: 16718.875	(10.9s)
epoch: 24	train loss: 16634.787109375	(10.9s)
epoch: 25	train loss: 17997.3359375	(11.0s)
epoch: 26	train loss: 16868.408203125	(11.0s)
epoch: 27	train loss: 16477.619140625	(10.9s)
epoch: 28	train loss: 16734.556640625	(11.0s)
epoch: 29	train loss: 16822.8125	(11.0s)
epoch: 30	train loss: 16851.708984375	(10.9s)
epoch: 31	train loss: 16422.013671875	(11.0s)
epoch: 32	train loss: 16440.98828125	(11.0s)
epoch: 33	train loss: 15991.2548828125	(11.0s)
epoch: 34	train loss: 16664.21484375	(11.0s)
epoch: 35	train loss: 16735.640625	(11.0s)
epoch: 36	train loss: 16018.3896484375	(11.0s)
epoch: 37	train loss: 15839.6103515625	(11.0s)
epoch: 38	train loss: 15885.767578125	(11.0s)
epoch: 39	train loss: 15901.0810546875	(11.0s)
epoch: 40	train loss: 16563.814453125	(11.0s)
epoch: 41	train loss: 16149.259765625	(11.0s)
epoch: 42	train loss: 15902.6435546875	(11.0s)
epoch: 43	train loss: 16057.505859375	(11.0s)
epoch: 44	train loss: 15743.19921875	(11.0s)
epoch: 45	train loss: 15775.91796875	(11.0s)
epoch: 46	train loss: 17095.189453125	(11.0s)
epoch: 47	train loss: 16010.736328125	(11.0s)
epoch: 48	train loss: 16022.24609375	(11.0s)
epoch: 49	train loss: 15320.564453125	(11.0s)
epoch: 50	train loss: 14980.1328125	(11.0s)
epoch: 51	train loss: 15143.4091796875	(11.0s)
epoch: 52	train loss: 15289.248046875	(11.0s)
epoch: 53	train loss: 16808.58203125	(11.0s)
epoch: 54	train loss: 15245.0625	(11.0s)
epoch: 55	train loss: 14931.0654296875	(11.0s)
epoch: 56	train loss: 15060.96875	(11.0s)
epoch: 57	train loss: 14953.7109375	(11.0s)
epoch: 58	train loss: 14916.62890625	(11.0s)
epoch: 59	train loss: 15586.0361328125	(11.0s)
epoch: 60	train loss: 15599.1279296875	(11.0s)
epoch: 61	train loss: 15441.9521484375	(11.0s)
epoch: 62	train loss: 15316.73828125	(11.0s)
epoch: 63	train loss: 14672.142578125	(11.0s)
epoch: 64	train loss: 14961.76171875	(11.0s)
epoch: 65	train loss: 14545.9990234375	(11.0s)
epoch: 66	train loss: 14958.5830078125	(11.0s)
epoch: 67	train loss: 14761.671875	(11.0s)
epoch: 68	train loss: 14229.0390625	(11.0s)
epoch: 69	train loss: 14550.966796875	(11.0s)
epoch: 70	train loss: 14735.4482421875	(11.0s)
epoch: 71	train loss: 14697.63671875	(11.0s)
epoch: 72	train loss: 15250.5302734375	(11.0s)
epoch: 73	train loss: 15360.2294921875	(11.0s)
epoch: 74	train loss: 14702.8935546875	(11.0s)
epoch: 75	train loss: 14968.765625	(11.0s)
epoch: 76	train loss: 14115.0439453125	(11.0s)
epoch: 77	train loss: 14534.9560546875	(11.0s)
epoch: 78	train loss: 14373.3359375	(11.0s)
epoch: 79	train loss: 18119.869140625	(11.0s)
epoch: 80	train loss: 15292.1171875	(11.0s)
epoch: 81	train loss: 14319.005859375	(11.0s)
epoch: 82	train loss: 13728.01171875	(11.0s)
epoch: 83	train loss: 15031.6748046875	(11.0s)
epoch: 84	train loss: 14185.9755859375	(11.0s)
epoch: 85	train loss: 13806.947265625	(11.0s)
epoch: 86	train loss: 13670.7001953125	(11.0s)
epoch: 87	train loss: 14217.5947265625	(11.0s)
epoch: 88	train loss: 14311.513671875	(11.0s)
epoch: 89	train loss: 13994.21484375	(11.0s)
epoch: 90	train loss: 14392.044921875	(11.0s)
epoch: 91	train loss: 14162.7548828125	(11.0s)
epoch: 92	train loss: 14505.359375	(11.0s)
epoch: 93	train loss: 13975.099609375	(11.0s)
epoch: 94	train loss: 14655.5263671875	(11.0s)
epoch: 95	train loss: 14082.43359375	(11.0s)
epoch: 96	train loss: 13648.5048828125	(11.0s)
epoch: 97	train loss: 15710.0341796875	(11.0s)
epoch: 98	train loss: 13717.1943359375	(11.0s)
epoch: 99	train loss: 13449.40625	(11.0s)
Evaluating model on 200 episodes
Solved 37/200 episodes
Evaluated model in 11.6 seconds
Saved model for run
900c9db02eb44445803d931b715cd509 with name round-15
Round 16
Generated trajectories in 76.0 seconds
epoch: 0	train loss: 23257.513671875	(11.0s)
epoch: 1	train loss: 21087.998046875	(10.9s)
epoch: 2	train loss: 20282.927734375	(11.0s)
epoch: 3	train loss: 19733.912109375	(11.0s)
epoch: 4	train loss: 19477.4609375	(11.0s)
epoch: 5	train loss: 19117.537109375	(11.0s)
epoch: 6	train loss: 19052.56640625	(11.0s)
epoch: 7	train loss: 18647.17578125	(11.0s)
epoch: 8	train loss: 18468.90234375	(11.0s)
epoch: 9	train loss: 18784.185546875	(11.0s)
epoch: 10	train loss: 18279.1328125	(11.1s)
epoch: 11	train loss: 18142.34765625	(11.0s)
epoch: 12	train loss: 17981.0234375	(11.0s)
epoch: 13	train loss: 18287.1640625	(11.0s)
epoch: 14	train loss: 18168.349609375	(11.0s)
epoch: 15	train loss: 18928.556640625	(11.0s)
epoch: 16	train loss: 17550.6015625	(11.0s)
epoch: 17	train loss: 17439.671875	(11.1s)
epoch: 18	train loss: 17242.9921875	(11.0s)
epoch: 19	train loss: 17751.73046875	(11.0s)
epoch: 20	train loss: 17327.283203125	(11.0s)
epoch: 21	train loss: 17254.5234375	(11.0s)
epoch: 22	train loss: 17471.439453125	(11.0s)
epoch: 23	train loss: 17323.283203125	(11.0s)
epoch: 24	train loss: 17266.744140625	(11.0s)
epoch: 25	train loss: 16946.078125	(11.0s)
epoch: 26	train loss: 17674.6796875	(11.0s)
epoch: 27	train loss: 17688.71875	(11.0s)
epoch: 28	train loss: 16989.734375	(11.0s)
epoch: 29	train loss: 16947.119140625	(11.0s)
epoch: 30	train loss: 16654.494140625	(11.0s)
epoch: 31	train loss: 17136.009765625	(11.0s)
epoch: 32	train loss: 17136.60546875	(11.0s)
epoch: 33	train loss: 16957.517578125	(11.0s)
epoch: 34	train loss: 16933.99609375	(11.0s)
epoch: 35	train loss: 16405.552734375	(11.0s)
epoch: 36	train loss: 16408.099609375	(11.0s)
epoch: 37	train loss: 16907.791015625	(11.0s)
epoch: 38	train loss: 16768.884765625	(11.0s)
epoch: 39	train loss: 16406.630859375	(11.0s)
epoch: 40	train loss: 16050.78125	(11.0s)
epoch: 41	train loss: 15986.90234375	(11.0s)
epoch: 42	train loss: 18412.521484375	(11.0s)
epoch: 43	train loss: 16096.671875	(11.0s)
epoch: 44	train loss: 15960.7666015625	(11.0s)
epoch: 45	train loss: 15786.677734375	(11.0s)
epoch: 46	train loss: 15839.7587890625	(11.0s)
epoch: 47	train loss: 16062.5400390625	(11.0s)
epoch: 48	train loss: 15873.6396484375	(11.0s)
epoch: 49	train loss: 15858.38671875	(11.0s)
epoch: 50	train loss: 15358.125	(11.0s)
epoch: 51	train loss: 16469.001953125	(11.0s)
epoch: 52	train loss: 15987.0361328125	(11.1s)
epoch: 53	train loss: 15706.697265625	(11.0s)
epoch: 54	train loss: 16797.384765625	(11.0s)
epoch: 55	train loss: 16626.12890625	(11.0s)
epoch: 56	train loss: 15576.1484375	(11.0s)
epoch: 57	train loss: 15187.0498046875	(11.0s)
epoch: 58	train loss: 15437.2412109375	(11.0s)
epoch: 59	train loss: 15540.494140625	(11.0s)
epoch: 60	train loss: 15569.013671875	(11.0s)
epoch: 61	train loss: 15328.9814453125	(11.0s)
epoch: 62	train loss: 15547.119140625	(11.0s)
epoch: 63	train loss: 15442.8408203125	(11.0s)
epoch: 64	train loss: 15123.248046875	(11.0s)
epoch: 65	train loss: 15769.2978515625	(11.0s)
epoch: 66	train loss: 16773.572265625	(11.0s)
epoch: 67	train loss: 15499.828125	(11.0s)
epoch: 68	train loss: 14942.359375	(11.0s)
epoch: 69	train loss: 14711.9931640625	(11.0s)
epoch: 70	train loss: 15551.8154296875	(11.0s)
epoch: 71	train loss: 14963.107421875	(11.0s)
epoch: 72	train loss: 15730.939453125	(11.0s)
epoch: 73	train loss: 14980.49609375	(11.0s)
epoch: 74	train loss: 17415.1796875	(11.0s)
epoch: 75	train loss: 15511.560546875	(11.0s)
epoch: 76	train loss: 14600.9267578125	(11.0s)
epoch: 77	train loss: 14310.9638671875	(11.0s)
epoch: 78	train loss: 15273.783203125	(11.0s)
epoch: 79	train loss: 14716.0224609375	(11.0s)
epoch: 80	train loss: 14378.8134765625	(11.0s)
epoch: 81	train loss: 14504.322265625	(11.1s)
epoch: 82	train loss: 14685.0322265625	(11.0s)
epoch: 83	train loss: 15891.2587890625	(11.0s)
epoch: 84	train loss: 14944.279296875	(11.0s)
epoch: 85	train loss: 14383.28125	(11.0s)
epoch: 86	train loss: 14427.1982421875	(11.0s)
epoch: 87	train loss: 14852.583984375	(11.0s)
epoch: 88	train loss: 14256.982421875	(11.0s)
epoch: 89	train loss: 16525.16796875	(11.0s)
epoch: 90	train loss: 14519.23046875	(11.0s)
epoch: 91	train loss: 14931.080078125	(11.0s)
epoch: 92	train loss: 15790.2568359375	(11.0s)
epoch: 93	train loss: 14032.4873046875	(11.0s)
epoch: 94	train loss: 13797.2421875	(11.0s)
epoch: 95	train loss: 13848.2109375	(11.1s)
epoch: 96	train loss: 13961.892578125	(11.0s)
epoch: 97	train loss: 14451.4599609375	(11.0s)
epoch: 98	train loss: 14354.9345703125	(11.0s)
epoch: 99	train loss: 14236.57421875	(11.0s)
Evaluating model on 200 episodes
Solved 49/200 episodes
Evaluated model in 12.9 seconds
Saved model for run
900c9db02eb44445803d931b715cd509 with name round-16
Round 17
Generated trajectories in 75.6 seconds
epoch: 0	train loss: 23416.61328125	(11.0s)
epoch: 1	train loss: 21069.560546875	(11.0s)
epoch: 2	train loss: 20284.080078125	(11.1s)
epoch: 3	train loss: 19712.25390625	(11.0s)
epoch: 4	train loss: 19631.787109375	(11.1s)
epoch: 5	train loss: 19190.671875	(11.1s)
epoch: 6	train loss: 19117.55859375	(11.1s)
epoch: 7	train loss: 18665.859375	(11.1s)
epoch: 8	train loss: 18677.248046875	(11.1s)
epoch: 9	train loss: 18432.802734375	(11.1s)
epoch: 10	train loss: 18207.701171875	(11.1s)
epoch: 11	train loss: 18297.298828125	(11.1s)
epoch: 12	train loss: 18030.439453125	(11.1s)
epoch: 13	train loss: 18073.005859375	(11.1s)
epoch: 14	train loss: 19452.486328125	(11.1s)
epoch: 15	train loss: 17992.2109375	(11.1s)
epoch: 16	train loss: 17628.431640625	(11.1s)
epoch: 17	train loss: 17398.04296875	(11.1s)
epoch: 18	train loss: 17604.732421875	(11.1s)
epoch: 19	train loss: 17535.328125	(11.1s)
epoch: 20	train loss: 17208.658203125	(11.1s)
epoch: 21	train loss: 17185.013671875	(11.1s)
epoch: 22	train loss: 17301.50390625	(11.1s)
epoch: 23	train loss: 17276.501953125	(11.1s)
epoch: 24	train loss: 17347.22265625	(11.1s)
epoch: 25	train loss: 16845.390625	(11.1s)
epoch: 26	train loss: 19021.103515625	(11.1s)
epoch: 27	train loss: 16932.099609375	(11.1s)
epoch: 28	train loss: 16889.56640625	(11.1s)
epoch: 29	train loss: 16869.158203125	(11.1s)
epoch: 30	train loss: 16418.13671875	(11.1s)
epoch: 31	train loss: 16382.8427734375	(11.1s)
epoch: 32	train loss: 16636.263671875	(11.1s)
epoch: 33	train loss: 16241.482421875	(11.1s)
epoch: 34	train loss: 16743.36328125	(11.1s)
epoch: 35	train loss: 16351.49609375	(11.1s)
epoch: 36	train loss: 16454.00390625	(11.1s)
epoch: 37	train loss: 16544.2578125	(11.1s)
epoch: 38	train loss: 16303.587890625	(11.1s)
epoch: 39	train loss: 16999.384765625	(11.0s)
epoch: 40	train loss: 17295.88671875	(11.1s)
epoch: 41	train loss: 16154.810546875	(11.0s)
epoch: 42	train loss: 15941.4833984375	(11.0s)
epoch: 43	train loss: 15729.8232421875	(11.0s)
epoch: 44	train loss: 16253.509765625	(11.0s)
epoch: 45	train loss: 15791.1318359375	(11.0s)
epoch: 46	train loss: 15831.3935546875	(11.0s)
epoch: 47	train loss: 18549.650390625	(11.1s)
epoch: 48	train loss: 16116.2724609375	(11.1s)
epoch: 49	train loss: 15543.9111328125	(11.0s)
epoch: 50	train loss: 15444.275390625	(11.1s)
epoch: 51	train loss: 15546.2021484375	(11.1s)
epoch: 52	train loss: 15308.033203125	(11.1s)
epoch: 53	train loss: 17498.349609375	(11.1s)
epoch: 54	train loss: 15919.0419921875	(11.1s)
epoch: 55	train loss: 15641.32421875	(11.1s)
epoch: 56	train loss: 15860.0791015625	(11.1s)
epoch: 57	train loss: 15318.6435546875	(11.1s)
epoch: 58	train loss: 15366.4833984375	(11.1s)
epoch: 59	train loss: 15206.822265625	(11.1s)
epoch: 60	train loss: 15082.751953125	(11.1s)
epoch: 61	train loss: 15345.0380859375	(11.1s)
epoch: 62	train loss: 16484.349609375	(11.1s)
epoch: 63	train loss: 16122.6572265625	(11.1s)
epoch: 64	train loss: 15361.7509765625	(11.1s)
epoch: 65	train loss: 15058.6572265625	(11.1s)
epoch: 66	train loss: 15335.6328125	(11.1s)
epoch: 67	train loss: 15244.6064453125	(11.1s)
epoch: 68	train loss: 15173.6142578125	(11.1s)
epoch: 69	train loss: 14952.8017578125	(11.1s)
epoch: 70	train loss: 15164.8505859375	(11.1s)
epoch: 71	train loss: 14813.2978515625	(11.1s)
epoch: 72	train loss: 15185.14453125	(11.1s)
epoch: 73	train loss: 15027.6748046875	(11.1s)
epoch: 74	train loss: 15343.916015625	(11.1s)
epoch: 75	train loss: 14948.365234375	(11.1s)
epoch: 76	train loss: 14687.6015625	(11.1s)
epoch: 77	train loss: 14611.8251953125	(11.1s)
epoch: 78	train loss: 15635.984375	(11.1s)
epoch: 79	train loss: 15697.0625	(11.1s)
epoch: 80	train loss: 15639.0078125	(11.1s)
epoch: 81	train loss: 14517.3134765625	(11.1s)
epoch: 82	train loss: 14636.9033203125	(11.1s)
epoch: 83	train loss: 14709.80859375	(11.1s)
epoch: 84	train loss: 14412.0615234375	(11.1s)
epoch: 85	train loss: 14585.8505859375	(11.1s)
epoch: 86	train loss: 14554.095703125	(11.1s)
epoch: 87	train loss: 14652.986328125	(11.1s)
epoch: 88	train loss: 14117.1748046875	(11.1s)
epoch: 89	train loss: 14740.66015625	(11.1s)
epoch: 90	train loss: 14413.7177734375	(11.1s)
epoch: 91	train loss: 14172.2275390625	(11.1s)
epoch: 92	train loss: 14611.833984375	(11.1s)
epoch: 93	train loss: 14493.1669921875	(11.1s)
epoch: 94	train loss: 14444.9423828125	(11.1s)
epoch: 95	train loss: 14302.46875	(11.1s)
epoch: 96	train loss: 14104.7509765625	(11.1s)
epoch: 97	train loss: 13751.9990234375	(11.1s)
epoch: 98	train loss: 14149.6083984375	(11.1s)
epoch: 99	train loss: 14467.4951171875	(11.1s)
Evaluating model on 200 episodes
Solved 38/200 episodes
Evaluated model in 11.7 seconds
Saved model for run
900c9db02eb44445803d931b715cd509 with name round-17
Round 18
Generated trajectories in 76.0 seconds
epoch: 0	train loss: 22828.8125	(11.0s)
epoch: 1	train loss: 20613.25	(10.9s)
epoch: 2	train loss: 20139.25	(10.9s)
epoch: 3	train loss: 19628.822265625	(11.0s)
epoch: 4	train loss: 19016.41796875	(11.0s)
epoch: 5	train loss: 20143.974609375	(11.0s)
epoch: 6	train loss: 18789.0703125	(11.0s)
epoch: 7	train loss: 18399.64453125	(11.0s)
epoch: 8	train loss: 18234.55078125	(11.0s)
epoch: 9	train loss: 18619.92578125	(11.0s)
epoch: 10	train loss: 18430.841796875	(11.0s)
epoch: 11	train loss: 18106.779296875	(11.0s)
epoch: 12	train loss: 17957.48828125	(11.0s)
epoch: 13	train loss: 18202.986328125	(11.0s)
epoch: 14	train loss: 18169.65234375	(11.0s)
epoch: 15	train loss: 17615.39453125	(11.0s)
epoch: 16	train loss: 17545.111328125	(11.0s)
epoch: 17	train loss: 17261.12890625	(11.0s)
epoch: 18	train loss: 17856.607421875	(11.0s)
epoch: 19	train loss: 17222.126953125	(11.0s)
epoch: 20	train loss: 17211.40625	(11.1s)
epoch: 21	train loss: 19441.923828125	(11.0s)
epoch: 22	train loss: 17246.31640625	(11.0s)
epoch: 23	train loss: 17713.580078125	(11.0s)
epoch: 24	train loss: 17127.80859375	(11.0s)
epoch: 25	train loss: 16771.359375	(11.0s)
epoch: 26	train loss: 16604.357421875	(11.0s)
epoch: 27	train loss: 16574.052734375	(11.0s)
epoch: 28	train loss: 16605.896484375	(11.0s)
epoch: 29	train loss: 17126.9296875	(11.0s)
epoch: 30	train loss: 17439.99609375	(11.0s)
epoch: 31	train loss: 16771.056640625	(11.0s)
epoch: 32	train loss: 16717.212890625	(11.0s)
epoch: 33	train loss: 16392.744140625	(11.0s)
epoch: 34	train loss: 15944.93359375	(11.1s)
epoch: 35	train loss: 16958.943359375	(11.0s)
epoch: 36	train loss: 16479.03125	(11.0s)
epoch: 37	train loss: 16144.697265625	(11.0s)
epoch: 38	train loss: 16723.58203125	(11.0s)
epoch: 39	train loss: 16143.365234375	(11.0s)
epoch: 40	train loss: 16033.5927734375	(11.0s)
epoch: 41	train loss: 16169.2763671875	(11.1s)
epoch: 42	train loss: 16211.078125	(11.0s)
epoch: 43	train loss: 16645.9453125	(11.0s)
epoch: 44	train loss: 15976.267578125	(11.0s)
epoch: 45	train loss: 15786.5888671875	(11.0s)
epoch: 46	train loss: 18369.17578125	(11.0s)
epoch: 47	train loss: 15877.6904296875	(11.0s)
epoch: 48	train loss: 15617.2529296875	(11.0s)
epoch: 49	train loss: 15417.8876953125	(11.0s)
epoch: 50	train loss: 15744.7451171875	(11.0s)
epoch: 51	train loss: 15552.38671875	(11.0s)
epoch: 52	train loss: 15741.6875	(11.0s)
epoch: 53	train loss: 16855.373046875	(11.0s)
epoch: 54	train loss: 15789.5927734375	(11.0s)
epoch: 55	train loss: 15748.208984375	(11.0s)
epoch: 56	train loss: 15180.505859375	(11.0s)
epoch: 57	train loss: 14955.22265625	(11.0s)
epoch: 58	train loss: 15252.3837890625	(11.0s)
epoch: 59	train loss: 15166.3642578125	(11.0s)
epoch: 60	train loss: 18717.525390625	(11.0s)
epoch: 61	train loss: 15695.197265625	(11.0s)
epoch: 62	train loss: 15621.5712890625	(11.0s)
epoch: 63	train loss: 14961.482421875	(11.0s)
epoch: 64	train loss: 14951.57421875	(11.0s)
epoch: 65	train loss: 15059.85546875	(11.0s)
epoch: 66	train loss: 15399.7724609375	(11.0s)
epoch: 67	train loss: 15354.2509765625	(11.0s)
epoch: 68	train loss: 15289.48046875	(11.0s)
epoch: 69	train loss: 15811.2880859375	(11.0s)
epoch: 70	train loss: 14852.9462890625	(11.0s)
epoch: 71	train loss: 14974.712890625	(11.0s)
epoch: 72	train loss: 14677.7529296875	(11.0s)
epoch: 73	train loss: 15540.5771484375	(11.0s)
epoch: 74	train loss: 15060.591796875	(11.0s)
epoch: 75	train loss: 15566.3798828125	(11.0s)
epoch: 76	train loss: 15767.8837890625	(11.0s)
epoch: 77	train loss: 14367.90625	(11.0s)
epoch: 78	train loss: 15076.3876953125	(11.0s)
epoch: 79	train loss: 14292.916015625	(11.0s)
epoch: 80	train loss: 14349.939453125	(11.0s)
epoch: 81	train loss: 15490.96875	(11.0s)
epoch: 82	train loss: 14827.212890625	(11.0s)
epoch: 83	train loss: 14157.677734375	(11.0s)
epoch: 84	train loss: 14894.5078125	(11.0s)
epoch: 85	train loss: 14442.853515625	(11.0s)
epoch: 86	train loss: 15123.0966796875	(11.0s)
epoch: 87	train loss: 16481.251953125	(11.0s)
epoch: 88	train loss: 15208.7001953125	(11.0s)
epoch: 89	train loss: 14130.4677734375	(11.0s)
epoch: 90	train loss: 14445.6083984375	(11.0s)
epoch: 91	train loss: 14274.46484375	(11.1s)
epoch: 92	train loss: 14535.3427734375	(11.0s)
epoch: 93	train loss: 13770.6767578125	(11.0s)
epoch: 94	train loss: 13869.3349609375	(11.0s)
epoch: 95	train loss: 13650.5751953125	(11.0s)
epoch: 96	train loss: 14481.3828125	(11.0s)
epoch: 97	train loss: 13972.2578125	(11.0s)
epoch: 98	train loss: 13806.755859375	(11.0s)
epoch: 99	train loss: 13912.888671875	(11.0s)
Evaluating model on 200 episodes
Solved 38/200 episodes
Evaluated model in 12.0 seconds
Saved model for run
900c9db02eb44445803d931b715cd509 with name round-18
Round 19
Generated trajectories in 75.8 seconds
epoch: 0	train loss: 22873.650390625	(11.1s)
epoch: 1	train loss: 20869.947265625	(11.0s)
epoch: 2	train loss: 20070.94140625	(11.1s)
epoch: 3	train loss: 19811.236328125	(11.1s)
epoch: 4	train loss: 19240.017578125	(11.1s)
epoch: 5	train loss: 18996.625	(11.1s)
epoch: 6	train loss: 18836.556640625	(11.1s)
epoch: 7	train loss: 18762.40625	(11.1s)
epoch: 8	train loss: 18397.42578125	(11.1s)
epoch: 9	train loss: 18415.255859375	(11.1s)
epoch: 10	train loss: 18275.23828125	(11.1s)
epoch: 11	train loss: 17912.12890625	(11.1s)
epoch: 12	train loss: 17906.212890625	(11.1s)
epoch: 13	train loss: 18098.021484375	(11.1s)
epoch: 14	train loss: 17768.458984375	(11.1s)
epoch: 15	train loss: 17681.041015625	(11.1s)
epoch: 16	train loss: 19535.669921875	(11.1s)
epoch: 17	train loss: 18261.375	(11.1s)
epoch: 18	train loss: 17691.42578125	(11.1s)
epoch: 19	train loss: 18056.037109375	(11.1s)
epoch: 20	train loss: 17226.32421875	(11.1s)
epoch: 21	train loss: 17015.126953125	(11.1s)
epoch: 22	train loss: 16809.439453125	(11.1s)
epoch: 23	train loss: 16889.2265625	(11.1s)
epoch: 24	train loss: 16768.234375	(11.1s)
epoch: 25	train loss: 17185.279296875	(11.1s)
epoch: 26	train loss: 18484.689453125	(11.1s)
epoch: 27	train loss: 16861.3515625	(11.1s)
epoch: 28	train loss: 17072.373046875	(11.1s)
epoch: 29	train loss: 17764.677734375	(11.0s)
epoch: 30	train loss: 16792.33203125	(11.1s)
epoch: 31	train loss: 16359.9658203125	(11.1s)
epoch: 32	train loss: 16078.890625	(11.1s)
epoch: 33	train loss: 16363.4375	(11.1s)
epoch: 34	train loss: 16604.076171875	(11.1s)
epoch: 35	train loss: 16284.6357421875	(11.1s)
epoch: 36	train loss: 16534.150390625	(11.1s)
epoch: 37	train loss: 15967.482421875	(11.1s)
epoch: 38	train loss: 16396.29296875	(11.1s)
epoch: 39	train loss: 16648.916015625	(11.1s)
epoch: 40	train loss: 16695.208984375	(11.1s)
epoch: 41	train loss: 15953.65234375	(11.1s)
epoch: 42	train loss: 16462.39453125	(11.2s)
epoch: 43	train loss: 17338.931640625	(11.1s)
epoch: 44	train loss: 15931.2109375	(11.1s)
epoch: 45	train loss: 15630.708984375	(11.1s)
epoch: 46	train loss: 15657.7080078125	(11.1s)
epoch: 47	train loss: 15814.98046875	(11.1s)
epoch: 48	train loss: 15893.2880859375	(11.1s)
epoch: 49	train loss: 15379.7294921875	(11.2s)
epoch: 50	train loss: 15293.416015625	(11.1s)
epoch: 51	train loss: 17628.169921875	(11.1s)
epoch: 52	train loss: 15689.7216796875	(11.1s)
epoch: 53	train loss: 15211.7490234375	(11.1s)
epoch: 54	train loss: 15669.8193359375	(11.1s)
epoch: 55	train loss: 15614.8837890625	(11.1s)
epoch: 56	train loss: 16893.533203125	(11.1s)
epoch: 57	train loss: 15582.806640625	(11.1s)
epoch: 58	train loss: 15520.5537109375	(11.1s)
epoch: 59	train loss: 15442.888671875	(11.1s)
epoch: 60	train loss: 15098.5341796875	(11.1s)
epoch: 61	train loss: 15822.7783203125	(11.0s)
epoch: 62	train loss: 15313.3046875	(11.1s)
epoch: 63	train loss: 15592.1357421875	(11.1s)
epoch: 64	train loss: 16814.244140625	(11.0s)
epoch: 65	train loss: 15074.392578125	(11.0s)
epoch: 66	train loss: 15078.3662109375	(11.1s)
epoch: 67	train loss: 14826.6015625	(11.1s)
epoch: 68	train loss: 14724.6455078125	(11.1s)
epoch: 69	train loss: 14979.615234375	(11.1s)
epoch: 70	train loss: 15037.6015625	(11.1s)
epoch: 71	train loss: 15944.423828125	(11.1s)
epoch: 72	train loss: 15141.521484375	(11.1s)
epoch: 73	train loss: 14921.2353515625	(11.1s)
epoch: 74	train loss: 14831.181640625	(11.1s)
epoch: 75	train loss: 14653.6552734375	(11.1s)
epoch: 76	train loss: 14760.84765625	(11.1s)
epoch: 77	train loss: 17880.326171875	(11.1s)
epoch: 78	train loss: 15009.9541015625	(11.1s)
epoch: 79	train loss: 14608.962890625	(11.1s)
epoch: 80	train loss: 14187.244140625	(11.1s)
epoch: 81	train loss: 14021.9638671875	(11.1s)
epoch: 82	train loss: 16268.7333984375	(11.1s)
epoch: 83	train loss: 14490.5537109375	(11.1s)
epoch: 84	train loss: 14416.2607421875	(11.1s)
epoch: 85	train loss: 14109.8330078125	(11.1s)
epoch: 86	train loss: 15803.9384765625	(11.1s)
epoch: 87	train loss: 14741.2041015625	(11.1s)
epoch: 88	train loss: 14211.806640625	(11.1s)
epoch: 89	train loss: 14586.7998046875	(11.1s)
epoch: 90	train loss: 14144.4638671875	(11.1s)
epoch: 91	train loss: 14112.9130859375	(11.1s)
epoch: 92	train loss: 14665.841796875	(11.1s)
epoch: 93	train loss: 14293.2041015625	(11.1s)
epoch: 94	train loss: 14304.111328125	(11.1s)
epoch: 95	train loss: 17042.087890625	(11.1s)
epoch: 96	train loss: 14578.162109375	(11.1s)
epoch: 97	train loss: 13925.89453125	(11.1s)
epoch: 98	train loss: 13538.5859375	(11.1s)
epoch: 99	train loss: 14274.3388671875	(11.1s)
Evaluating model on 200 episodes
Solved 32/200 episodes
Evaluated model in 11.4 seconds
Saved model for run
900c9db02eb44445803d931b715cd509 with name round-19
Completed training in 23977.7 seconds
