Using torch device NVIDIA GeForce RTX 3090
homo controller
net: causal
cc_weight: 1.0
params: {'epochs': 100, 'lr': 0.0008, 'n': 5000}
Net has 207442 parameters
Round 0
Generated trajectories in 77.4 seconds
epoch: 0	train loss: 142412.21875	(26.0s)
epoch: 1	train loss: 115010.734375	(25.4s)
epoch: 2	train loss: 92905.1875	(25.5s)
epoch: 3	train loss: 84432.8984375	(25.3s)
epoch: 4	train loss: 77311.6171875	(25.3s)
epoch: 5	train loss: 71700.484375	(25.5s)
epoch: 6	train loss: 68153.1953125	(25.0s)
epoch: 7	train loss: 66102.4140625	(24.9s)
epoch: 8	train loss: 63807.87109375	(24.8s)
epoch: 9	train loss: 61816.640625	(24.9s)
epoch: 10	train loss: 59949.40625	(24.8s)
epoch: 11	train loss: 55801.9296875	(24.9s)
epoch: 12	train loss: 52614.48046875	(24.7s)
epoch: 13	train loss: 50381.1953125	(24.9s)
epoch: 14	train loss: 48556.6015625	(24.9s)
epoch: 15	train loss: 46594.25390625	(24.9s)
epoch: 16	train loss: 44477.61328125	(24.8s)
epoch: 17	train loss: 42280.63671875	(24.9s)
epoch: 18	train loss: 40327.07421875	(24.7s)
epoch: 19	train loss: 39263.8515625	(24.9s)
epoch: 20	train loss: 38496.953125	(24.7s)
epoch: 21	train loss: 36857.36328125	(24.9s)
epoch: 22	train loss: 37165.91015625	(24.9s)
epoch: 23	train loss: 36573.60546875	(24.9s)
epoch: 24	train loss: 35659.76171875	(24.8s)
epoch: 25	train loss: 35164.0625	(24.9s)
epoch: 26	train loss: 35210.3046875	(24.9s)
epoch: 27	train loss: 34737.32421875	(24.9s)
epoch: 28	train loss: 34081.5234375	(24.8s)
epoch: 29	train loss: 32918.0234375	(24.9s)
epoch: 30	train loss: 33708.96484375	(24.9s)
epoch: 31	train loss: 34124.21875	(24.9s)
epoch: 32	train loss: 32116.337890625	(24.9s)
epoch: 33	train loss: 31876.1015625	(24.9s)
epoch: 34	train loss: 34716.53125	(24.9s)
epoch: 35	train loss: 33062.3359375	(24.7s)
epoch: 36	train loss: 32211.076171875	(24.8s)
epoch: 37	train loss: 31876.720703125	(24.7s)
epoch: 38	train loss: 30396.265625	(24.9s)
epoch: 39	train loss: 31208.376953125	(24.8s)
epoch: 40	train loss: 31858.73046875	(24.8s)
epoch: 41	train loss: 30969.37109375	(24.9s)
epoch: 42	train loss: 29881.16796875	(24.9s)
epoch: 43	train loss: 28829.892578125	(24.8s)
epoch: 44	train loss: 29105.87109375	(24.7s)
epoch: 45	train loss: 28785.2421875	(24.7s)
epoch: 46	train loss: 27915.146484375	(24.8s)
epoch: 47	train loss: 30564.873046875	(24.8s)
epoch: 48	train loss: 28136.841796875	(24.8s)
epoch: 49	train loss: 27957.791015625	(24.9s)
epoch: 50	train loss: 28056.5546875	(24.9s)
epoch: 51	train loss: 27860.630859375	(24.9s)
epoch: 52	train loss: 27316.5	(24.9s)
epoch: 53	train loss: 27626.884765625	(24.9s)
epoch: 54	train loss: 26806.646484375	(24.9s)
epoch: 55	train loss: 27046.89453125	(24.9s)
epoch: 56	train loss: 26935.044921875	(24.9s)
epoch: 57	train loss: 26204.5625	(24.9s)
epoch: 58	train loss: 25822.587890625	(24.9s)
epoch: 59	train loss: 26178.01171875	(24.9s)
epoch: 60	train loss: 26456.93359375	(24.7s)
epoch: 61	train loss: 25652.478515625	(24.8s)
epoch: 62	train loss: 25494.427734375	(24.7s)
epoch: 63	train loss: 25436.865234375	(24.9s)
epoch: 64	train loss: 25148.166015625	(24.9s)
epoch: 65	train loss: 25046.498046875	(24.9s)
epoch: 66	train loss: 25189.61328125	(24.9s)
epoch: 67	train loss: 24957.291015625	(24.8s)
epoch: 68	train loss: 24800.9375	(24.9s)
epoch: 69	train loss: 24105.400390625	(24.9s)
epoch: 70	train loss: 24099.74609375	(24.9s)
epoch: 71	train loss: 23851.0390625	(24.9s)
epoch: 72	train loss: 23568.205078125	(24.9s)
epoch: 73	train loss: 23416.380859375	(24.9s)
epoch: 74	train loss: 23424.37890625	(24.9s)
epoch: 75	train loss: 25307.447265625	(24.9s)
epoch: 76	train loss: 23106.28125	(24.9s)
epoch: 77	train loss: 22660.6015625	(24.9s)
epoch: 78	train loss: 22546.63671875	(24.9s)
epoch: 79	train loss: 23987.087890625	(24.9s)
epoch: 80	train loss: 23076.314453125	(24.9s)
epoch: 81	train loss: 22308.51953125	(24.9s)
epoch: 82	train loss: 22379.220703125	(24.9s)
epoch: 83	train loss: 21866.8046875	(24.9s)
epoch: 84	train loss: 22213.482421875	(24.9s)
epoch: 85	train loss: 22084.404296875	(24.9s)
epoch: 86	train loss: 21777.494140625	(24.9s)
epoch: 87	train loss: 21812.607421875	(24.8s)
epoch: 88	train loss: 22775.521484375	(24.9s)
epoch: 89	train loss: 21282.17578125	(24.7s)
epoch: 90	train loss: 20832.375	(24.9s)
epoch: 91	train loss: 20503.939453125	(24.8s)
epoch: 92	train loss: 20568.486328125	(24.7s)
epoch: 93	train loss: 20414.576171875	(24.8s)
epoch: 94	train loss: 21177.556640625	(24.7s)
epoch: 95	train loss: 20867.37109375	(24.8s)
epoch: 96	train loss: 20671.587890625	(24.9s)
epoch: 97	train loss: 20487.9375	(24.9s)
epoch: 98	train loss: 20058.685546875	(24.9s)
epoch: 99	train loss: 20520.611328125	(24.8s)
Evaluating model on 200 episodes
Solved 34/200 episodes
Evaluated model in 17.8 seconds
Saved model for run
5ba29de160934f16910023ff39507702 with name round-0
Round 1
Generated trajectories in 74.5 seconds
epoch: 0	train loss: 36824.98828125	(24.6s)
epoch: 1	train loss: 32477.876953125	(24.6s)
epoch: 2	train loss: 30554.24609375	(24.6s)
epoch: 3	train loss: 29187.931640625	(24.7s)
epoch: 4	train loss: 28174.658203125	(24.7s)
epoch: 5	train loss: 27311.71875	(24.8s)
epoch: 6	train loss: 26764.296875	(24.7s)
epoch: 7	train loss: 26095.076171875	(24.7s)
epoch: 8	train loss: 26137.27734375	(24.7s)
epoch: 9	train loss: 25219.17578125	(24.8s)
epoch: 10	train loss: 24501.990234375	(24.7s)
epoch: 11	train loss: 24479.513671875	(24.7s)
epoch: 12	train loss: 23816.90234375	(24.7s)
epoch: 13	train loss: 23563.2421875	(24.8s)
epoch: 14	train loss: 23645.58984375	(24.7s)
epoch: 15	train loss: 23751.654296875	(24.7s)
epoch: 16	train loss: 23136.44921875	(24.7s)
epoch: 17	train loss: 22832.951171875	(24.8s)
epoch: 18	train loss: 22640.4921875	(24.7s)
epoch: 19	train loss: 22379.005859375	(24.7s)
epoch: 20	train loss: 22439.05078125	(24.7s)
epoch: 21	train loss: 21783.478515625	(24.8s)
epoch: 22	train loss: 22107.19140625	(24.7s)
epoch: 23	train loss: 21553.474609375	(24.7s)
epoch: 24	train loss: 21077.2421875	(24.7s)
epoch: 25	train loss: 20959.287109375	(24.8s)
epoch: 26	train loss: 21227.568359375	(24.8s)
epoch: 27	train loss: 20764.501953125	(24.7s)
epoch: 28	train loss: 21151.6796875	(24.7s)
epoch: 29	train loss: 20640.63671875	(24.8s)
epoch: 30	train loss: 20720.412109375	(24.8s)
epoch: 31	train loss: 20316.734375	(24.7s)
epoch: 32	train loss: 20526.23046875	(24.7s)
epoch: 33	train loss: 20079.755859375	(24.8s)
epoch: 34	train loss: 20396.529296875	(25.0s)
epoch: 35	train loss: 20143.55078125	(24.6s)
epoch: 36	train loss: 19790.09375	(24.6s)
epoch: 37	train loss: 20027.296875	(24.6s)
epoch: 38	train loss: 19728.85546875	(24.8s)
epoch: 39	train loss: 19657.958984375	(24.7s)
epoch: 40	train loss: 20264.349609375	(24.7s)
epoch: 41	train loss: 19420.205078125	(24.7s)
epoch: 42	train loss: 19341.93359375	(24.8s)
epoch: 43	train loss: 18716.63671875	(24.7s)
epoch: 44	train loss: 18495.6640625	(24.7s)
epoch: 45	train loss: 18846.662109375	(24.7s)
epoch: 46	train loss: 18076.109375	(24.8s)
epoch: 47	train loss: 18482.265625	(24.7s)
epoch: 48	train loss: 18144.642578125	(24.7s)
epoch: 49	train loss: 18026.466796875	(24.8s)
epoch: 50	train loss: 18213.494140625	(24.8s)
epoch: 51	train loss: 18646.923828125	(24.7s)
epoch: 52	train loss: 17909.5078125	(24.7s)
epoch: 53	train loss: 17863.00390625	(24.7s)
epoch: 54	train loss: 17866.841796875	(24.8s)
epoch: 55	train loss: 17478.494140625	(24.7s)
epoch: 56	train loss: 17276.708984375	(24.7s)
epoch: 57	train loss: 17328.28515625	(24.8s)
epoch: 58	train loss: 17313.255859375	(24.8s)
epoch: 59	train loss: 17323.91796875	(24.7s)
epoch: 60	train loss: 17317.44140625	(24.7s)
epoch: 61	train loss: 17150.080078125	(24.7s)
epoch: 62	train loss: 16969.962890625	(24.8s)
epoch: 63	train loss: 16833.904296875	(24.7s)
epoch: 64	train loss: 16567.490234375	(24.7s)
epoch: 65	train loss: 16577.431640625	(24.8s)
epoch: 66	train loss: 17363.89453125	(24.8s)
epoch: 67	train loss: 17574.87109375	(24.7s)
epoch: 68	train loss: 17281.794921875	(24.7s)
epoch: 69	train loss: 18129.41015625	(24.7s)
epoch: 70	train loss: 16783.78125	(24.8s)
epoch: 71	train loss: 16717.15625	(24.7s)
epoch: 72	train loss: 16461.423828125	(24.7s)
epoch: 73	train loss: 16159.8916015625	(24.8s)
epoch: 74	train loss: 16024.916015625	(24.8s)
epoch: 75	train loss: 16432.462890625	(24.7s)
epoch: 76	train loss: 16531.41015625	(24.7s)
epoch: 77	train loss: 15910.02734375	(24.7s)
epoch: 78	train loss: 16286.4521484375	(24.8s)
epoch: 79	train loss: 17209.12109375	(24.7s)
epoch: 80	train loss: 16324.0810546875	(24.7s)
epoch: 81	train loss: 15723.2333984375	(24.7s)
epoch: 82	train loss: 15777.4013671875	(24.7s)
epoch: 83	train loss: 15457.9873046875	(24.6s)
epoch: 84	train loss: 15504.74609375	(24.6s)
epoch: 85	train loss: 16452.40625	(24.6s)
epoch: 86	train loss: 15915.513671875	(24.8s)
epoch: 87	train loss: 15603.6123046875	(24.7s)
epoch: 88	train loss: 15853.39453125	(24.7s)
epoch: 89	train loss: 15445.755859375	(24.7s)
epoch: 90	train loss: 15760.591796875	(24.8s)
epoch: 91	train loss: 15607.759765625	(24.7s)
epoch: 92	train loss: 15798.3037109375	(24.7s)
epoch: 93	train loss: 15548.814453125	(24.7s)
epoch: 94	train loss: 15121.5283203125	(24.8s)
epoch: 95	train loss: 15108.79296875	(24.7s)
epoch: 96	train loss: 14999.884765625	(24.7s)
epoch: 97	train loss: 15678.6796875	(24.7s)
epoch: 98	train loss: 15246.8115234375	(24.8s)
epoch: 99	train loss: 14902.408203125	(24.5s)
Evaluating model on 200 episodes
Solved 32/200 episodes
Evaluated model in 18.3 seconds
Saved model for run
5ba29de160934f16910023ff39507702 with name round-1
Round 2
Generated trajectories in 74.1 seconds
epoch: 0	train loss: 42077.765625	(24.7s)
epoch: 1	train loss: 34964.26953125	(24.7s)
epoch: 2	train loss: 31666.5390625	(24.7s)
epoch: 3	train loss: 29610.12109375	(24.8s)
epoch: 4	train loss: 28222.650390625	(24.7s)
epoch: 5	train loss: 27094.478515625	(24.7s)
epoch: 6	train loss: 26247.759765625	(24.7s)
epoch: 7	train loss: 25470.005859375	(24.9s)
epoch: 8	train loss: 24777.431640625	(24.7s)
epoch: 9	train loss: 24216.23828125	(24.7s)
epoch: 10	train loss: 23450.7734375	(24.7s)
epoch: 11	train loss: 23595.4296875	(24.8s)
epoch: 12	train loss: 23017.21484375	(24.8s)
epoch: 13	train loss: 22213.91015625	(24.7s)
epoch: 14	train loss: 21824.91796875	(24.7s)
epoch: 15	train loss: 21347.91796875	(24.8s)
epoch: 16	train loss: 21202.7890625	(24.8s)
epoch: 17	train loss: 20844.84375	(24.7s)
epoch: 18	train loss: 21629.068359375	(24.8s)
epoch: 19	train loss: 20539.984375	(24.8s)
epoch: 20	train loss: 20309.927734375	(24.7s)
epoch: 21	train loss: 19769.064453125	(24.7s)
epoch: 22	train loss: 19439.45703125	(24.8s)
epoch: 23	train loss: 19145.197265625	(24.7s)
epoch: 24	train loss: 18798.572265625	(24.7s)
epoch: 25	train loss: 19012.083984375	(24.7s)
epoch: 26	train loss: 18556.453125	(24.8s)
epoch: 27	train loss: 18278.279296875	(24.6s)
epoch: 28	train loss: 17712.658203125	(24.6s)
epoch: 29	train loss: 17507.92578125	(24.6s)
epoch: 30	train loss: 17196.41796875	(24.9s)
epoch: 31	train loss: 17431.71875	(24.7s)
epoch: 32	train loss: 16683.173828125	(24.7s)
epoch: 33	train loss: 17199.873046875	(24.8s)
epoch: 34	train loss: 16366.3125	(24.9s)
epoch: 35	train loss: 16020.2177734375	(24.7s)
epoch: 36	train loss: 16139.8603515625	(24.7s)
epoch: 37	train loss: 15922.587890625	(24.8s)
epoch: 38	train loss: 15997.556640625	(24.9s)
epoch: 39	train loss: 16081.0439453125	(24.7s)
epoch: 40	train loss: 15649.2265625	(24.7s)
epoch: 41	train loss: 15781.216796875	(24.8s)
epoch: 42	train loss: 15641.375	(24.8s)
epoch: 43	train loss: 15109.9951171875	(24.7s)
epoch: 44	train loss: 14871.7509765625	(24.7s)
epoch: 45	train loss: 15245.646484375	(24.9s)
epoch: 46	train loss: 14668.7763671875	(24.7s)
epoch: 47	train loss: 14798.9375	(24.7s)
epoch: 48	train loss: 14775.3720703125	(24.7s)
epoch: 49	train loss: 14582.8818359375	(24.9s)
epoch: 50	train loss: 14144.4990234375	(24.7s)
epoch: 51	train loss: 13842.087890625	(24.7s)
epoch: 52	train loss: 13440.2041015625	(24.7s)
epoch: 53	train loss: 13259.18359375	(24.9s)
epoch: 54	train loss: 13352.6103515625	(24.7s)
epoch: 55	train loss: 13367.1865234375	(24.7s)
epoch: 56	train loss: 13698.1142578125	(24.7s)
epoch: 57	train loss: 13069.4970703125	(24.8s)
epoch: 58	train loss: 13078.130859375	(24.7s)
epoch: 59	train loss: 12936.00390625	(24.7s)
epoch: 60	train loss: 12756.7626953125	(24.7s)
epoch: 61	train loss: 13002.9287109375	(24.8s)
epoch: 62	train loss: 13325.482421875	(24.7s)
epoch: 63	train loss: 12390.724609375	(24.7s)
epoch: 64	train loss: 11932.92578125	(24.8s)
epoch: 65	train loss: 12478.17578125	(24.7s)
epoch: 66	train loss: 12080.8076171875	(24.7s)
epoch: 67	train loss: 13293.9609375	(24.7s)
epoch: 68	train loss: 12420.5	(24.8s)
epoch: 69	train loss: 11959.2578125	(24.7s)
epoch: 70	train loss: 11752.9677734375	(24.8s)
epoch: 71	train loss: 12039.8603515625	(24.7s)
epoch: 72	train loss: 11630.712890625	(24.8s)
epoch: 73	train loss: 11520.5615234375	(24.7s)
epoch: 74	train loss: 11693.1435546875	(24.6s)
epoch: 75	train loss: 11286.052734375	(24.6s)
epoch: 76	train loss: 11013.6064453125	(24.7s)
epoch: 77	train loss: 11258.3203125	(24.7s)
epoch: 78	train loss: 11393.9150390625	(24.7s)
epoch: 79	train loss: 11418.2060546875	(24.7s)
epoch: 80	train loss: 11185.0625	(24.8s)
epoch: 81	train loss: 10804.986328125	(24.8s)
epoch: 82	train loss: 10740.7275390625	(24.7s)
epoch: 83	train loss: 10548.08984375	(24.8s)
epoch: 84	train loss: 10628.37890625	(24.9s)
epoch: 85	train loss: 12429.53515625	(24.7s)
epoch: 86	train loss: 10716.5634765625	(24.7s)
epoch: 87	train loss: 9844.3740234375	(24.8s)
epoch: 88	train loss: 10881.3154296875	(24.8s)
epoch: 89	train loss: 11296.19140625	(24.7s)
epoch: 90	train loss: 10449.1865234375	(24.7s)
epoch: 91	train loss: 10361.7216796875	(24.9s)
epoch: 92	train loss: 10117.0361328125	(24.7s)
epoch: 93	train loss: 11078.7021484375	(24.7s)
epoch: 94	train loss: 10244.9345703125	(24.7s)
epoch: 95	train loss: 10204.3671875	(24.9s)
epoch: 96	train loss: 9581.28515625	(24.7s)
epoch: 97	train loss: 9463.4736328125	(24.7s)
epoch: 98	train loss: 9597.263671875	(24.6s)
epoch: 99	train loss: 9998.755859375	(24.7s)
Evaluating model on 200 episodes
Solved 51/200 episodes
Evaluated model in 20.4 seconds
Saved model for run
5ba29de160934f16910023ff39507702 with name round-2
Round 3
Generated trajectories in 74.7 seconds
epoch: 0	train loss: 35892.57421875	(24.9s)
epoch: 1	train loss: 28435.662109375	(24.8s)
epoch: 2	train loss: 25296.560546875	(24.9s)
epoch: 3	train loss: 22790.755859375	(25.1s)
epoch: 4	train loss: 21125.787109375	(24.9s)
epoch: 5	train loss: 20208.431640625	(25.0s)
epoch: 6	train loss: 18772.396484375	(25.0s)
epoch: 7	train loss: 18667.802734375	(25.1s)
epoch: 8	train loss: 18004.9140625	(24.9s)
epoch: 9	train loss: 17007.572265625	(25.0s)
epoch: 10	train loss: 17070.037109375	(25.0s)
epoch: 11	train loss: 16202.0673828125	(25.1s)
epoch: 12	train loss: 15839.1396484375	(24.9s)
epoch: 13	train loss: 15382.7529296875	(24.9s)
epoch: 14	train loss: 15060.638671875	(25.0s)
epoch: 15	train loss: 14796.255859375	(25.1s)
epoch: 16	train loss: 14374.15234375	(24.9s)
epoch: 17	train loss: 14216.232421875	(24.9s)
epoch: 18	train loss: 14806.3466796875	(24.7s)
epoch: 19	train loss: 13194.697265625	(25.0s)
epoch: 20	train loss: 14321.041015625	(24.8s)
epoch: 21	train loss: 12999.548828125	(25.0s)
epoch: 22	train loss: 12733.439453125	(24.9s)
epoch: 23	train loss: 12539.5390625	(25.1s)
epoch: 24	train loss: 11861.31640625	(25.1s)
epoch: 25	train loss: 12874.0185546875	(24.9s)
epoch: 26	train loss: 12110.1552734375	(25.0s)
epoch: 27	train loss: 12099.09375	(25.1s)
epoch: 28	train loss: 11408.84375	(25.0s)
epoch: 29	train loss: 11281.3203125	(24.9s)
epoch: 30	train loss: 11233.884765625	(24.9s)
epoch: 31	train loss: 11101.1650390625	(25.1s)
epoch: 32	train loss: 11657.7890625	(24.9s)
epoch: 33	train loss: 10619.05859375	(24.9s)
epoch: 34	train loss: 10661.375	(25.0s)
epoch: 35	train loss: 10242.3896484375	(25.1s)
epoch: 36	train loss: 10723.0166015625	(24.9s)
epoch: 37	train loss: 10708.0498046875	(25.1s)
epoch: 38	train loss: 9994.3896484375	(24.9s)
epoch: 39	train loss: 10551.845703125	(25.1s)
epoch: 40	train loss: 10323.3271484375	(24.9s)
epoch: 41	train loss: 10176.2626953125	(24.9s)
epoch: 42	train loss: 10593.7119140625	(24.9s)
epoch: 43	train loss: 9933.4638671875	(25.1s)
epoch: 44	train loss: 9933.69140625	(24.9s)
epoch: 45	train loss: 9365.0595703125	(24.9s)
epoch: 46	train loss: 9357.0703125	(25.0s)
epoch: 47	train loss: 9555.2822265625	(25.1s)
epoch: 48	train loss: 11239.6181640625	(24.9s)
epoch: 49	train loss: 9434.451171875	(25.0s)
epoch: 50	train loss: 9110.759765625	(25.0s)
epoch: 51	train loss: 11047.8173828125	(25.1s)
epoch: 52	train loss: 9222.0078125	(24.9s)
epoch: 53	train loss: 8708.435546875	(25.0s)
epoch: 54	train loss: 8671.642578125	(25.0s)
epoch: 55	train loss: 9286.892578125	(25.1s)
epoch: 56	train loss: 8734.380859375	(24.9s)
epoch: 57	train loss: 8849.8896484375	(25.0s)
epoch: 58	train loss: 8278.4365234375	(25.0s)
epoch: 59	train loss: 8541.3232421875	(25.1s)
epoch: 60	train loss: 8681.384765625	(24.9s)
epoch: 61	train loss: 8525.3896484375	(25.0s)
epoch: 62	train loss: 8661.466796875	(25.0s)
epoch: 63	train loss: 8584.4248046875	(25.1s)
epoch: 64	train loss: 8203.9638671875	(25.1s)
epoch: 65	train loss: 7695.2431640625	(24.8s)
epoch: 66	train loss: 8044.72998046875	(24.8s)
epoch: 67	train loss: 7953.46875	(24.9s)
epoch: 68	train loss: 8102.31689453125	(24.9s)
epoch: 69	train loss: 8334.60546875	(25.0s)
epoch: 70	train loss: 8163.07568359375	(25.0s)
epoch: 71	train loss: 7730.26904296875	(25.1s)
epoch: 72	train loss: 8331.19921875	(25.1s)
epoch: 73	train loss: 7666.93310546875	(25.0s)
epoch: 74	train loss: 7376.03564453125	(24.9s)
epoch: 75	train loss: 7582.2685546875	(25.1s)
epoch: 76	train loss: 7726.05859375	(25.0s)
epoch: 77	train loss: 7684.92529296875	(25.0s)
epoch: 78	train loss: 7975.33544921875	(24.9s)
epoch: 79	train loss: 8046.0849609375	(25.1s)
epoch: 80	train loss: 7255.78076171875	(24.9s)
epoch: 81	train loss: 7440.3232421875	(25.0s)
epoch: 82	train loss: 8637.6796875	(24.9s)
epoch: 83	train loss: 7114.9951171875	(25.1s)
epoch: 84	train loss: 6768.27001953125	(24.9s)
epoch: 85	train loss: 6602.9990234375	(25.0s)
epoch: 86	train loss: 7118.49267578125	(25.0s)
epoch: 87	train loss: 6847.806640625	(25.1s)
epoch: 88	train loss: 6927.97509765625	(24.9s)
epoch: 89	train loss: 7127.1923828125	(24.9s)
epoch: 90	train loss: 7668.8017578125	(24.9s)
epoch: 91	train loss: 6827.4306640625	(25.0s)
epoch: 92	train loss: 6689.3701171875	(24.9s)
epoch: 93	train loss: 6390.4658203125	(24.9s)
epoch: 94	train loss: 6873.11865234375	(24.9s)
epoch: 95	train loss: 7343.21630859375	(25.1s)
epoch: 96	train loss: 7027.11376953125	(24.9s)
epoch: 97	train loss: 7166.19140625	(24.9s)
epoch: 98	train loss: 6772.55419921875	(24.8s)
epoch: 99	train loss: 7164.564453125	(24.9s)
Evaluating model on 200 episodes
Solved 78/200 episodes
Evaluated model in 20.8 seconds
Saved model for run
5ba29de160934f16910023ff39507702 with name round-3
Round 4
Generated trajectories in 73.8 seconds
epoch: 0	train loss: 28939.63671875	(24.8s)
epoch: 1	train loss: 23387.75390625	(24.8s)
epoch: 2	train loss: 19377.427734375	(24.8s)
epoch: 3	train loss: 18806.73046875	(24.8s)
epoch: 4	train loss: 16993.02734375	(24.9s)
epoch: 5	train loss: 16053.3525390625	(24.9s)
epoch: 6	train loss: 15705.884765625	(24.8s)
epoch: 7	train loss: 14327.9794921875	(24.9s)
epoch: 8	train loss: 14073.75	(24.8s)
epoch: 9	train loss: 14214.484375	(24.7s)
epoch: 10	train loss: 14126.4375	(24.7s)
epoch: 11	train loss: 12611.9765625	(24.8s)
epoch: 12	train loss: 12414.4765625	(24.8s)
epoch: 13	train loss: 12387.0810546875	(24.9s)
epoch: 14	train loss: 12305.71484375	(24.9s)
epoch: 15	train loss: 12569.9580078125	(24.9s)
epoch: 16	train loss: 11447.693359375	(24.9s)
epoch: 17	train loss: 11229.841796875	(24.8s)
epoch: 18	train loss: 11020.779296875	(25.0s)
epoch: 19	train loss: 11509.669921875	(24.9s)
epoch: 20	train loss: 10488.314453125	(24.9s)
epoch: 21	train loss: 11015.439453125	(24.9s)
epoch: 22	train loss: 10462.9228515625	(25.0s)
epoch: 23	train loss: 10014.8916015625	(24.8s)
epoch: 24	train loss: 9895.3046875	(24.8s)
epoch: 25	train loss: 9394.283203125	(24.9s)
epoch: 26	train loss: 9353.1279296875	(25.0s)
epoch: 27	train loss: 9322.6064453125	(24.8s)
epoch: 28	train loss: 9070.970703125	(24.9s)
epoch: 29	train loss: 9305.48046875	(25.0s)
epoch: 30	train loss: 9432.48046875	(24.9s)
epoch: 31	train loss: 8887.015625	(24.8s)
epoch: 32	train loss: 8884.326171875	(24.9s)
epoch: 33	train loss: 8955.2333984375	(25.0s)
epoch: 34	train loss: 8392.6845703125	(24.9s)
epoch: 35	train loss: 8511.705078125	(24.8s)
epoch: 36	train loss: 8440.8203125	(25.0s)
epoch: 37	train loss: 8592.626953125	(24.9s)
epoch: 38	train loss: 8389.1435546875	(24.8s)
epoch: 39	train loss: 7847.947265625	(24.9s)
epoch: 40	train loss: 10359.7607421875	(25.0s)
epoch: 41	train loss: 8563.5595703125	(24.9s)
epoch: 42	train loss: 8974.3486328125	(24.9s)
epoch: 43	train loss: 7580.1650390625	(24.9s)
epoch: 44	train loss: 9993.3916015625	(25.0s)
epoch: 45	train loss: 7714.80908203125	(24.9s)
epoch: 46	train loss: 7510.60107421875	(24.9s)
epoch: 47	train loss: 8076.3291015625	(24.9s)
epoch: 48	train loss: 7251.05419921875	(24.8s)
epoch: 49	train loss: 7512.85107421875	(24.9s)
epoch: 50	train loss: 6614.953125	(24.8s)
epoch: 51	train loss: 8364.3623046875	(24.9s)
epoch: 52	train loss: 7063.2783203125	(24.9s)
epoch: 53	train loss: 6872.46533203125	(24.8s)
epoch: 54	train loss: 7588.2021484375	(24.9s)
epoch: 55	train loss: 7247.5048828125	(25.0s)
epoch: 56	train loss: 6461.5	(24.8s)
epoch: 57	train loss: 7328.13916015625	(24.7s)
epoch: 58	train loss: 6884.609375	(24.8s)
epoch: 59	train loss: 7119.5341796875	(24.8s)
epoch: 60	train loss: 7624.89501953125	(24.9s)
epoch: 61	train loss: 6994.8720703125	(24.9s)
epoch: 62	train loss: 6623.89892578125	(25.0s)
epoch: 63	train loss: 6868.61962890625	(24.9s)
epoch: 64	train loss: 6507.54296875	(24.8s)
epoch: 65	train loss: 6586.80126953125	(24.9s)
epoch: 66	train loss: 6143.45263671875	(24.9s)
epoch: 67	train loss: 6321.5517578125	(24.8s)
epoch: 68	train loss: 5980.732421875	(24.9s)
epoch: 69	train loss: 6158.7685546875	(25.0s)
epoch: 70	train loss: 7442.16357421875	(24.9s)
epoch: 71	train loss: 6564.9326171875	(24.9s)
epoch: 72	train loss: 6265.8154296875	(24.9s)
epoch: 73	train loss: 5866.59912109375	(25.0s)
epoch: 74	train loss: 5979.1728515625	(24.9s)
epoch: 75	train loss: 5886.8232421875	(24.8s)
epoch: 76	train loss: 8394.994140625	(24.9s)
epoch: 77	train loss: 5886.65625	(24.9s)
epoch: 78	train loss: 5259.158203125	(24.9s)
epoch: 79	train loss: 9216.54296875	(24.8s)
epoch: 80	train loss: 5817.646484375	(25.0s)
epoch: 81	train loss: 6575.7080078125	(24.8s)
epoch: 82	train loss: 5512.58203125	(24.9s)
epoch: 83	train loss: 5608.8994140625	(24.9s)
epoch: 84	train loss: 5453.77783203125	(25.0s)
epoch: 85	train loss: 6027.08251953125	(24.8s)
epoch: 86	train loss: 5322.4482421875	(24.9s)
epoch: 87	train loss: 5486.3154296875	(24.9s)
epoch: 88	train loss: 5761.087890625	(25.0s)
epoch: 89	train loss: 5402.19287109375	(24.9s)
epoch: 90	train loss: 6868.5654296875	(24.8s)
epoch: 91	train loss: 5459.3203125	(25.0s)
epoch: 92	train loss: 6979.41455078125	(24.9s)
epoch: 93	train loss: 5320.451171875	(24.9s)
epoch: 94	train loss: 4947.70361328125	(24.9s)
epoch: 95	train loss: 4884.7783203125	(25.0s)
epoch: 96	train loss: 5913.900390625	(24.9s)
epoch: 97	train loss: 5732.32470703125	(24.8s)
epoch: 98	train loss: 5001.0537109375	(24.7s)
epoch: 99	train loss: 5237.1318359375	(24.8s)
Evaluating model on 200 episodes
Solved 96/200 episodes
Evaluated model in 22.9 seconds
Saved model for run
5ba29de160934f16910023ff39507702 with name round-4
Round 5
Generated trajectories in 73.9 seconds
epoch: 0	train loss: 22181.919921875	(24.6s)
epoch: 1	train loss: 17169.205078125	(24.5s)
epoch: 2	train loss: 15097.4033203125	(24.6s)
epoch: 3	train loss: 13998.5185546875	(24.8s)
epoch: 4	train loss: 12904.640625	(24.8s)
epoch: 5	train loss: 12208.44140625	(24.8s)
epoch: 6	train loss: 11212.0458984375	(24.8s)
epoch: 7	train loss: 11652.6015625	(24.9s)
epoch: 8	train loss: 11349.501953125	(24.8s)
epoch: 9	train loss: 10151.3974609375	(24.8s)
epoch: 10	train loss: 9531.3837890625	(24.8s)
epoch: 11	train loss: 10267.5419921875	(24.9s)
epoch: 12	train loss: 9427.18359375	(24.8s)
epoch: 13	train loss: 8874.1015625	(24.8s)
epoch: 14	train loss: 9162.3271484375	(24.8s)
epoch: 15	train loss: 8900.1220703125	(24.9s)
epoch: 16	train loss: 8482.634765625	(24.8s)
epoch: 17	train loss: 8282.884765625	(24.8s)
epoch: 18	train loss: 8637.3486328125	(24.8s)
epoch: 19	train loss: 9360.853515625	(24.9s)
epoch: 20	train loss: 8071.6845703125	(24.8s)
epoch: 21	train loss: 8227.9091796875	(24.8s)
epoch: 22	train loss: 7972.76416015625	(24.8s)
epoch: 23	train loss: 7399.92578125	(24.9s)
epoch: 24	train loss: 6983.37646484375	(24.7s)
epoch: 25	train loss: 6886.2265625	(24.8s)
epoch: 26	train loss: 8567.2724609375	(24.8s)
epoch: 27	train loss: 7571.7587890625	(24.8s)
epoch: 28	train loss: 6766.015625	(24.8s)
epoch: 29	train loss: 6434.64990234375	(24.8s)
epoch: 30	train loss: 7593.81689453125	(24.8s)
epoch: 31	train loss: 7272.8115234375	(24.8s)
epoch: 32	train loss: 5959.17822265625	(24.8s)
epoch: 33	train loss: 6436.09619140625	(24.7s)
epoch: 34	train loss: 6145.61083984375	(24.8s)
epoch: 35	train loss: 7312.5986328125	(24.8s)
epoch: 36	train loss: 6585.9970703125	(24.9s)
epoch: 37	train loss: 6899.375	(24.8s)
epoch: 38	train loss: 5732.43505859375	(24.8s)
epoch: 39	train loss: 5754.02880859375	(24.7s)
epoch: 40	train loss: 6089.8134765625	(24.8s)
epoch: 41	train loss: 5540.16552734375	(24.8s)
epoch: 42	train loss: 5779.30322265625	(24.7s)
epoch: 43	train loss: 5666.88818359375	(24.8s)
epoch: 44	train loss: 5556.5	(24.9s)
epoch: 45	train loss: 5719.5986328125	(24.8s)
epoch: 46	train loss: 5620.6650390625	(24.8s)
epoch: 47	train loss: 6117.564453125	(24.7s)
epoch: 48	train loss: 5360.41162109375	(24.7s)
epoch: 49	train loss: 6446.81201171875	(24.7s)
epoch: 50	train loss: 5266.7470703125	(24.7s)
epoch: 51	train loss: 4837.255859375	(24.8s)
epoch: 52	train loss: 4520.9443359375	(24.9s)
epoch: 53	train loss: 5215.89208984375	(24.8s)
epoch: 54	train loss: 5362.4599609375	(24.8s)
epoch: 55	train loss: 5044.3828125	(24.8s)
epoch: 56	train loss: 5339.37841796875	(24.9s)
epoch: 57	train loss: 4960.84130859375	(24.8s)
epoch: 58	train loss: 5178.4189453125	(24.8s)
epoch: 59	train loss: 4917.80419921875	(24.7s)
epoch: 60	train loss: 4392.83349609375	(24.9s)
epoch: 61	train loss: 5053.5927734375	(24.8s)
epoch: 62	train loss: 5614.42919921875	(24.8s)
epoch: 63	train loss: 5122.84912109375	(24.8s)
epoch: 64	train loss: 4454.826171875	(24.9s)
epoch: 65	train loss: 4747.23291015625	(24.8s)
epoch: 66	train loss: 4093.10205078125	(24.8s)
epoch: 67	train loss: 8265.61328125	(24.7s)
epoch: 68	train loss: 4412.1435546875	(24.9s)
epoch: 69	train loss: 5063.759765625	(24.8s)
epoch: 70	train loss: 4578.66455078125	(24.8s)
epoch: 71	train loss: 4535.72265625	(24.7s)
epoch: 72	train loss: 4375.99755859375	(24.8s)
epoch: 73	train loss: 4029.14990234375	(24.9s)
epoch: 74	train loss: 5138.87939453125	(24.8s)
epoch: 75	train loss: 4363.00048828125	(24.8s)
epoch: 76	train loss: 4173.74951171875	(24.7s)
epoch: 77	train loss: 4838.94140625	(24.9s)
epoch: 78	train loss: 4569.658203125	(24.8s)
epoch: 79	train loss: 4293.64306640625	(24.7s)
epoch: 80	train loss: 4340.3056640625	(24.8s)
epoch: 81	train loss: 4634.3681640625	(24.9s)
epoch: 82	train loss: 4019.86962890625	(24.8s)
epoch: 83	train loss: 7061.29736328125	(24.8s)
epoch: 84	train loss: 3969.826416015625	(24.8s)
epoch: 85	train loss: 3737.213134765625	(24.9s)
epoch: 86	train loss: 4249.00048828125	(24.8s)
epoch: 87	train loss: 5261.35302734375	(24.8s)
epoch: 88	train loss: 3656.10791015625	(24.8s)
epoch: 89	train loss: 3734.068603515625	(24.9s)
epoch: 90	train loss: 4556.916015625	(24.7s)
epoch: 91	train loss: 3698.228759765625	(24.8s)
epoch: 92	train loss: 4528.08056640625	(24.7s)
epoch: 93	train loss: 3758.0771484375	(24.9s)
epoch: 94	train loss: 5173.37548828125	(24.8s)
epoch: 95	train loss: 4192.310546875	(24.8s)
epoch: 96	train loss: 3868.334716796875	(24.6s)
epoch: 97	train loss: 4145.6923828125	(24.6s)
epoch: 98	train loss: 3423.18798828125	(24.5s)
epoch: 99	train loss: 4026.148193359375	(24.7s)
Evaluating model on 200 episodes
Solved 127/200 episodes
Evaluated model in 22.2 seconds
Saved model for run
5ba29de160934f16910023ff39507702 with name round-5
Round 6
Generated trajectories in 73.8 seconds
epoch: 0	train loss: 15924.4921875	(24.9s)
epoch: 1	train loss: 12245.6962890625	(24.8s)
epoch: 2	train loss: 10612.900390625	(24.9s)
epoch: 3	train loss: 9288.609375	(24.8s)
epoch: 4	train loss: 9039.3251953125	(24.8s)
epoch: 5	train loss: 8651.3525390625	(24.8s)
epoch: 6	train loss: 8340.794921875	(24.9s)
epoch: 7	train loss: 7930.71240234375	(25.0s)
epoch: 8	train loss: 7662.60107421875	(24.9s)
epoch: 9	train loss: 7169.16064453125	(24.9s)
epoch: 10	train loss: 6760.33056640625	(24.9s)
epoch: 11	train loss: 6872.33056640625	(24.9s)
epoch: 12	train loss: 6820.76513671875	(24.8s)
epoch: 13	train loss: 6779.69384765625	(24.8s)
epoch: 14	train loss: 6495.0771484375	(25.0s)
epoch: 15	train loss: 5911.75244140625	(24.9s)
epoch: 16	train loss: 6031.0791015625	(24.8s)
epoch: 17	train loss: 6725.212890625	(24.8s)
epoch: 18	train loss: 5676.75244140625	(25.0s)
epoch: 19	train loss: 8024.54638671875	(25.0s)
epoch: 20	train loss: 5185.111328125	(24.8s)
epoch: 21	train loss: 5504.64599609375	(25.0s)
epoch: 22	train loss: 5431.595703125	(25.0s)
epoch: 23	train loss: 6589.21240234375	(24.9s)
epoch: 24	train loss: 4937.46728515625	(24.8s)
epoch: 25	train loss: 4607.15234375	(24.9s)
epoch: 26	train loss: 5139.2626953125	(25.0s)
epoch: 27	train loss: 5592.52880859375	(24.9s)
epoch: 28	train loss: 5226.0712890625	(24.9s)
epoch: 29	train loss: 5557.83837890625	(25.0s)
epoch: 30	train loss: 4687.87841796875	(24.9s)
epoch: 31	train loss: 4971.31005859375	(24.9s)
epoch: 32	train loss: 3942.900146484375	(24.9s)
epoch: 33	train loss: 4104.49365234375	(24.9s)
epoch: 34	train loss: 5238.47412109375	(24.9s)
epoch: 35	train loss: 5226.22998046875	(24.8s)
epoch: 36	train loss: 4736.9541015625	(24.8s)
epoch: 37	train loss: 3975.839111328125	(24.9s)
epoch: 38	train loss: 5376.82666015625	(24.9s)
epoch: 39	train loss: 4202.98388671875	(24.8s)
epoch: 40	train loss: 3976.361083984375	(24.8s)
epoch: 41	train loss: 4877.98046875	(24.8s)
epoch: 42	train loss: 5238.6728515625	(24.9s)
epoch: 43	train loss: 4128.3427734375	(24.9s)
epoch: 44	train loss: 3705.42919921875	(24.9s)
epoch: 45	train loss: 3947.514404296875	(25.0s)
epoch: 46	train loss: 4071.82275390625	(24.9s)
epoch: 47	train loss: 4319.11181640625	(24.9s)
epoch: 48	train loss: 3626.170654296875	(24.9s)
epoch: 49	train loss: 4517.41357421875	(25.0s)
epoch: 50	train loss: 4044.44384765625	(24.9s)
epoch: 51	train loss: 4516.2939453125	(24.9s)
epoch: 52	train loss: 3310.523681640625	(25.0s)
epoch: 53	train loss: 4137.5947265625	(25.0s)
epoch: 54	train loss: 3451.672607421875	(24.9s)
epoch: 55	train loss: 3682.814697265625	(24.8s)
epoch: 56	train loss: 3728.042236328125	(24.9s)
epoch: 57	train loss: 5089.7373046875	(24.9s)
epoch: 58	train loss: 3526.00927734375	(24.9s)
epoch: 59	train loss: 3162.55322265625	(24.8s)
epoch: 60	train loss: 3174.014404296875	(24.9s)
epoch: 61	train loss: 3807.121826171875	(25.0s)
epoch: 62	train loss: 3377.088623046875	(24.9s)
epoch: 63	train loss: 4544.73828125	(24.8s)
epoch: 64	train loss: 2953.382080078125	(24.9s)
epoch: 65	train loss: 3101.449951171875	(25.0s)
epoch: 66	train loss: 3351.5927734375	(24.8s)
epoch: 67	train loss: 4303.54150390625	(24.8s)
epoch: 68	train loss: 3239.386474609375	(24.9s)
epoch: 69	train loss: 2972.0732421875	(24.9s)
epoch: 70	train loss: 3551.2451171875	(24.9s)
epoch: 71	train loss: 2881.88427734375	(24.8s)
epoch: 72	train loss: 3200.514404296875	(25.0s)
epoch: 73	train loss: 3914.076171875	(25.0s)
epoch: 74	train loss: 2873.785888671875	(24.8s)
epoch: 75	train loss: 3274.078369140625	(24.9s)
epoch: 76	train loss: 2679.347900390625	(25.0s)
epoch: 77	train loss: 3650.184326171875	(24.8s)
epoch: 78	train loss: 3335.626953125	(24.8s)
epoch: 79	train loss: 3372.743408203125	(25.0s)
epoch: 80	train loss: 2604.97509765625	(24.9s)
epoch: 81	train loss: 3051.816650390625	(24.8s)
epoch: 82	train loss: 3263.40576171875	(24.9s)
epoch: 83	train loss: 3434.27587890625	(25.0s)
epoch: 84	train loss: 3550.538330078125	(24.9s)
epoch: 85	train loss: 2841.626708984375	(24.8s)
epoch: 86	train loss: 2398.5185546875	(24.8s)
epoch: 87	train loss: 3268.361572265625	(24.8s)
epoch: 88	train loss: 2362.341796875	(24.8s)
epoch: 89	train loss: 3551.595947265625	(24.7s)
epoch: 90	train loss: 2642.054443359375	(24.7s)
epoch: 91	train loss: 2781.051513671875	(24.9s)
epoch: 92	train loss: 2644.10546875	(24.9s)
epoch: 93	train loss: 2605.255126953125	(24.8s)
epoch: 94	train loss: 3920.623291015625	(24.8s)
epoch: 95	train loss: 3030.213623046875	(24.9s)
epoch: 96	train loss: 2819.65087890625	(24.9s)
epoch: 97	train loss: 2813.66357421875	(24.8s)
epoch: 98	train loss: 2384.4091796875	(24.7s)
epoch: 99	train loss: 3340.53173828125	(24.8s)
Evaluating model on 200 episodes
Solved 165/200 episodes
Evaluated model in 24.8 seconds
Saved model for run
5ba29de160934f16910023ff39507702 with name round-6
Round 7
Generated trajectories in 74.9 seconds
epoch: 0	train loss: 10443.0087890625	(25.0s)
epoch: 1	train loss: 8668.8583984375	(25.0s)
epoch: 2	train loss: 6905.44091796875	(25.0s)
epoch: 3	train loss: 6235.19775390625	(25.1s)
epoch: 4	train loss: 6129.26220703125	(25.1s)
epoch: 5	train loss: 5784.37060546875	(25.2s)
epoch: 6	train loss: 4950.33349609375	(25.1s)
epoch: 7	train loss: 6205.31396484375	(25.2s)
epoch: 8	train loss: 4494.884765625	(25.1s)
epoch: 9	train loss: 4602.4091796875	(25.2s)
epoch: 10	train loss: 5685.8447265625	(25.2s)
epoch: 11	train loss: 7114.47119140625	(25.2s)
epoch: 12	train loss: 4727.3046875	(25.2s)
epoch: 13	train loss: 4289.560546875	(25.2s)
epoch: 14	train loss: 5106.98681640625	(25.0s)
epoch: 15	train loss: 3664.327880859375	(25.2s)
epoch: 16	train loss: 4304.92626953125	(25.1s)
epoch: 17	train loss: 3482.047119140625	(25.2s)
epoch: 18	train loss: 4029.32470703125	(25.0s)
epoch: 19	train loss: 4354.61572265625	(25.2s)
epoch: 20	train loss: 4590.68310546875	(25.2s)
epoch: 21	train loss: 3359.791748046875	(25.2s)
epoch: 22	train loss: 3573.105712890625	(25.1s)
epoch: 23	train loss: 3222.264892578125	(25.2s)
epoch: 24	train loss: 3726.998046875	(25.1s)
epoch: 25	train loss: 2865.127685546875	(25.2s)
epoch: 26	train loss: 3861.976318359375	(25.1s)
epoch: 27	train loss: 3165.947021484375	(25.3s)
epoch: 28	train loss: 3094.355712890625	(25.0s)
epoch: 29	train loss: 5573.87353515625	(25.2s)
epoch: 30	train loss: 3328.444091796875	(24.9s)
epoch: 31	train loss: 2651.80126953125	(25.1s)
epoch: 32	train loss: 3083.48486328125	(25.0s)
epoch: 33	train loss: 2834.30712890625	(25.3s)
epoch: 34	train loss: 5741.2822265625	(25.1s)
epoch: 35	train loss: 2674.47705078125	(25.2s)
epoch: 36	train loss: 2548.736572265625	(25.1s)
epoch: 37	train loss: 3499.529541015625	(25.2s)
epoch: 38	train loss: 2888.669677734375	(25.2s)
epoch: 39	train loss: 2886.82275390625	(25.2s)
epoch: 40	train loss: 2336.447998046875	(25.1s)
epoch: 41	train loss: 4873.0107421875	(25.3s)
epoch: 42	train loss: 3081.80615234375	(25.0s)
epoch: 43	train loss: 3048.165771484375	(25.1s)
epoch: 44	train loss: 2276.54296875	(25.1s)
epoch: 45	train loss: 2870.758544921875	(25.1s)
epoch: 46	train loss: 3295.83984375	(25.1s)
epoch: 47	train loss: 4249.603515625	(25.3s)
epoch: 48	train loss: 2350.643798828125	(25.1s)
epoch: 49	train loss: 2113.33837890625	(25.2s)
epoch: 50	train loss: 3805.167236328125	(25.2s)
epoch: 51	train loss: 2765.551025390625	(25.2s)
epoch: 52	train loss: 2051.710205078125	(25.0s)
epoch: 53	train loss: 2076.825927734375	(25.2s)
epoch: 54	train loss: 3674.31640625	(25.1s)
epoch: 55	train loss: 2354.923095703125	(25.0s)
epoch: 56	train loss: 2595.7265625	(25.2s)
epoch: 57	train loss: 2999.302490234375	(25.2s)
epoch: 58	train loss: 2041.943115234375	(25.1s)
epoch: 59	train loss: 3056.787841796875	(25.1s)
epoch: 60	train loss: 2061.51904296875	(25.1s)
epoch: 61	train loss: 2771.00439453125	(25.1s)
epoch: 62	train loss: 3108.839599609375	(25.2s)
epoch: 63	train loss: 2435.669921875	(25.0s)
epoch: 64	train loss: 3554.835205078125	(25.2s)
epoch: 65	train loss: 2294.976318359375	(25.2s)
epoch: 66	train loss: 2656.17529296875	(25.2s)
epoch: 67	train loss: 2319.5009765625	(25.2s)
epoch: 68	train loss: 1899.5828857421875	(25.1s)
epoch: 69	train loss: 2660.567626953125	(25.2s)
epoch: 70	train loss: 3036.403564453125	(25.1s)
epoch: 71	train loss: 3214.20849609375	(25.1s)
epoch: 72	train loss: 1988.2088623046875	(25.2s)
epoch: 73	train loss: 2083.564697265625	(25.2s)
epoch: 74	train loss: 1413.951416015625	(25.1s)
epoch: 75	train loss: 2393.967041015625	(25.1s)
epoch: 76	train loss: 2266.572021484375	(25.1s)
epoch: 77	train loss: 2820.04443359375	(25.0s)
epoch: 78	train loss: 2204.658203125	(25.0s)
epoch: 79	train loss: 3267.508544921875	(25.0s)
epoch: 80	train loss: 3013.650634765625	(25.0s)
epoch: 81	train loss: 1508.88623046875	(25.2s)
epoch: 82	train loss: 4506.39990234375	(25.1s)
epoch: 83	train loss: 1561.4727783203125	(25.1s)
epoch: 84	train loss: 2112.730712890625	(25.1s)
epoch: 85	train loss: 2138.189453125	(25.1s)
epoch: 86	train loss: 1786.095458984375	(25.2s)
epoch: 87	train loss: 2507.414306640625	(25.1s)
epoch: 88	train loss: 2104.255859375	(25.2s)
epoch: 89	train loss: 1992.880859375	(25.1s)
epoch: 90	train loss: 2633.197265625	(25.2s)
epoch: 91	train loss: 1769.5980224609375	(25.1s)
epoch: 92	train loss: 2640.92919921875	(25.2s)
epoch: 93	train loss: 1605.4993896484375	(25.0s)
epoch: 94	train loss: 2338.541259765625	(25.2s)
epoch: 95	train loss: 1383.6075439453125	(25.0s)
epoch: 96	train loss: 1123.5828857421875	(25.1s)
epoch: 97	train loss: 3083.54150390625	(25.0s)
epoch: 98	train loss: 2416.87451171875	(25.0s)
epoch: 99	train loss: 1827.469970703125	(24.9s)
Evaluating model on 200 episodes
Solved 173/200 episodes
Evaluated model in 26.3 seconds
Saved model for run
5ba29de160934f16910023ff39507702 with name round-7
Round 8
Generated trajectories in 74.8 seconds
epoch: 0	train loss: 6938.5673828125	(25.0s)
epoch: 1	train loss: 5330.1201171875	(25.0s)
epoch: 2	train loss: 3936.888427734375	(25.0s)
epoch: 3	train loss: 3974.824462890625	(24.9s)
epoch: 4	train loss: 4304.3408203125	(25.1s)
epoch: 5	train loss: 3625.540283203125	(25.0s)
epoch: 6	train loss: 4336.60546875	(25.1s)
epoch: 7	train loss: 3467.595703125	(25.2s)
epoch: 8	train loss: 3658.218505859375	(25.3s)
epoch: 9	train loss: 3421.511962890625	(25.0s)
epoch: 10	train loss: 3368.81494140625	(25.1s)
epoch: 11	train loss: 3500.5703125	(25.1s)
epoch: 12	train loss: 2664.262451171875	(25.1s)
epoch: 13	train loss: 3174.78564453125	(25.1s)
epoch: 14	train loss: 5642.6484375	(25.1s)
epoch: 15	train loss: 3420.77490234375	(25.0s)
epoch: 16	train loss: 3460.95361328125	(25.2s)
epoch: 17	train loss: 3490.3466796875	(25.1s)
epoch: 18	train loss: 2153.21923828125	(25.1s)
epoch: 19	train loss: 2044.1031494140625	(25.2s)
epoch: 20	train loss: 2591.75927734375	(25.0s)
epoch: 21	train loss: 2107.193603515625	(25.0s)
epoch: 22	train loss: 3700.417724609375	(25.0s)
epoch: 23	train loss: 2507.328857421875	(25.1s)
epoch: 24	train loss: 2424.151611328125	(25.2s)
epoch: 25	train loss: 2353.187744140625	(25.1s)
epoch: 26	train loss: 3580.5244140625	(25.1s)
epoch: 27	train loss: 3281.611328125	(25.2s)
epoch: 28	train loss: 2679.88134765625	(25.0s)
epoch: 29	train loss: 1915.651123046875	(25.0s)
epoch: 30	train loss: 2571.245361328125	(25.1s)
epoch: 31	train loss: 1996.5843505859375	(25.2s)
epoch: 32	train loss: 2147.241943359375	(25.1s)
epoch: 33	train loss: 2104.404541015625	(25.1s)
epoch: 34	train loss: 2760.248779296875	(25.1s)
epoch: 35	train loss: 2817.77392578125	(25.1s)
epoch: 36	train loss: 2567.6875	(25.2s)
epoch: 37	train loss: 1740.05615234375	(25.0s)
epoch: 38	train loss: 2794.5869140625	(25.0s)
epoch: 39	train loss: 2385.000732421875	(25.1s)
epoch: 40	train loss: 3081.36865234375	(25.1s)
epoch: 41	train loss: 2424.863525390625	(25.1s)
epoch: 42	train loss: 1393.2628173828125	(25.2s)
epoch: 43	train loss: 2751.145263671875	(25.1s)
epoch: 44	train loss: 1731.9957275390625	(25.2s)
epoch: 45	train loss: 2620.544677734375	(25.2s)
epoch: 46	train loss: 1460.071044921875	(25.2s)
epoch: 47	train loss: 1705.9676513671875	(25.2s)
epoch: 48	train loss: 2046.3497314453125	(25.2s)
epoch: 49	train loss: 2244.615234375	(25.1s)
epoch: 50	train loss: 2326.8095703125	(25.2s)
epoch: 51	train loss: 1551.889892578125	(25.0s)
epoch: 52	train loss: 2311.481201171875	(25.1s)
epoch: 53	train loss: 1730.6654052734375	(25.1s)
epoch: 54	train loss: 1400.367431640625	(25.1s)
epoch: 55	train loss: 2907.1181640625	(25.2s)
epoch: 56	train loss: 2246.62109375	(25.2s)
epoch: 57	train loss: 1784.400390625	(25.2s)
epoch: 58	train loss: 1463.5604248046875	(25.2s)
epoch: 59	train loss: 3539.935302734375	(25.2s)
epoch: 60	train loss: 2081.283447265625	(25.2s)
epoch: 61	train loss: 1460.630126953125	(25.2s)
epoch: 62	train loss: 1832.7921142578125	(25.2s)
epoch: 63	train loss: 1276.610107421875	(25.2s)
epoch: 64	train loss: 2434.224365234375	(25.1s)
epoch: 65	train loss: 1464.287109375	(25.1s)
epoch: 66	train loss: 3256.58251953125	(25.0s)
epoch: 67	train loss: 1475.515869140625	(25.0s)
epoch: 68	train loss: 1730.220703125	(24.8s)
epoch: 69	train loss: 1268.7919921875	(25.1s)
epoch: 70	train loss: 1641.8116455078125	(25.1s)
epoch: 71	train loss: 2680.4775390625	(25.2s)
epoch: 72	train loss: 2166.10107421875	(25.1s)
epoch: 73	train loss: 1889.5550537109375	(25.2s)
epoch: 74	train loss: 1464.807861328125	(25.2s)
epoch: 75	train loss: 1249.6806640625	(25.0s)
epoch: 76	train loss: 1349.4398193359375	(25.2s)
epoch: 77	train loss: 1857.048828125	(25.2s)
epoch: 78	train loss: 1579.028076171875	(25.2s)
epoch: 79	train loss: 2216.533203125	(25.1s)
epoch: 80	train loss: 1631.45703125	(25.2s)
epoch: 81	train loss: 2054.234130859375	(25.1s)
epoch: 82	train loss: 1851.531494140625	(25.1s)
epoch: 83	train loss: 1912.1712646484375	(24.9s)
epoch: 84	train loss: 1670.780517578125	(25.2s)
epoch: 85	train loss: 1357.8741455078125	(25.2s)
epoch: 86	train loss: 1654.0452880859375	(25.1s)
epoch: 87	train loss: 1172.853759765625	(25.1s)
epoch: 88	train loss: 1206.108642578125	(25.2s)
epoch: 89	train loss: 1630.1077880859375	(25.1s)
epoch: 90	train loss: 3115.5087890625	(25.2s)
epoch: 91	train loss: 1239.5264892578125	(25.1s)
epoch: 92	train loss: 1001.9711303710938	(25.1s)
epoch: 93	train loss: 2368.885986328125	(25.0s)
epoch: 94	train loss: 2438.70849609375	(25.1s)
epoch: 95	train loss: 1221.3084716796875	(25.0s)
epoch: 96	train loss: 1716.777587890625	(25.1s)
epoch: 97	train loss: 1892.8448486328125	(25.0s)
epoch: 98	train loss: 1205.039794921875	(24.9s)
epoch: 99	train loss: 1991.5902099609375	(25.1s)
Evaluating model on 200 episodes
Solved 174/200 episodes
Evaluated model in 25.7 seconds
Saved model for run
5ba29de160934f16910023ff39507702 with name round-8
Round 9
Generated trajectories in 75.0 seconds
epoch: 0	train loss: 5112.69287109375	(25.0s)
epoch: 1	train loss: 3441.296875	(25.0s)
epoch: 2	train loss: 3560.201171875	(25.2s)
epoch: 3	train loss: 2792.619384765625	(25.1s)
epoch: 4	train loss: 2630.990478515625	(25.2s)
epoch: 5	train loss: 3398.451171875	(25.1s)
epoch: 6	train loss: 3295.742919921875	(25.1s)
epoch: 7	train loss: 2718.177001953125	(25.2s)
epoch: 8	train loss: 2436.48095703125	(25.2s)
epoch: 9	train loss: 2590.3056640625	(25.2s)
epoch: 10	train loss: 2796.232177734375	(25.2s)
epoch: 11	train loss: 2377.526611328125	(25.1s)
epoch: 12	train loss: 2657.31201171875	(25.0s)
epoch: 13	train loss: 2418.8408203125	(25.0s)
epoch: 14	train loss: 2318.400634765625	(24.9s)
epoch: 15	train loss: 1737.91015625	(25.0s)
epoch: 16	train loss: 1793.283935546875	(25.0s)
epoch: 17	train loss: 1615.02392578125	(25.0s)
epoch: 18	train loss: 3726.68408203125	(25.1s)
epoch: 19	train loss: 2259.85595703125	(25.5s)
epoch: 20	train loss: 1985.25634765625	(25.4s)
epoch: 21	train loss: 2600.03076171875	(24.9s)
epoch: 22	train loss: 1840.470703125	(25.0s)
epoch: 23	train loss: 2210.88427734375	(25.1s)
epoch: 24	train loss: 1423.221923828125	(24.9s)
epoch: 25	train loss: 1311.9825439453125	(25.0s)
epoch: 26	train loss: 1676.4873046875	(24.8s)
epoch: 27	train loss: 3342.789306640625	(24.9s)
epoch: 28	train loss: 1819.520751953125	(24.9s)
epoch: 29	train loss: 1711.762939453125	(25.0s)
epoch: 30	train loss: 1762.3302001953125	(25.0s)
epoch: 31	train loss: 1968.5909423828125	(25.0s)
epoch: 32	train loss: 1768.9764404296875	(24.9s)
epoch: 33	train loss: 1405.5687255859375	(25.0s)
epoch: 34	train loss: 3184.667236328125	(25.0s)
epoch: 35	train loss: 1552.9075927734375	(25.0s)
epoch: 36	train loss: 2021.324462890625	(24.9s)
epoch: 37	train loss: 1524.015625	(25.0s)
epoch: 38	train loss: 1269.322265625	(25.0s)
epoch: 39	train loss: 1964.4869384765625	(24.9s)
epoch: 40	train loss: 3021.716552734375	(24.9s)
epoch: 41	train loss: 1238.1788330078125	(25.0s)
epoch: 42	train loss: 1206.0333251953125	(24.9s)
epoch: 43	train loss: 3449.8056640625	(25.0s)
epoch: 44	train loss: 1951.221923828125	(25.0s)
epoch: 45	train loss: 1513.747314453125	(25.0s)
epoch: 46	train loss: 1414.281494140625	(25.0s)
epoch: 47	train loss: 1486.1312255859375	(25.1s)
epoch: 48	train loss: 2707.06982421875	(25.0s)
epoch: 49	train loss: 1994.5950927734375	(25.0s)
epoch: 50	train loss: 1349.425537109375	(25.0s)
epoch: 51	train loss: 1492.1820068359375	(24.9s)
epoch: 52	train loss: 1788.450439453125	(24.8s)
epoch: 53	train loss: 1233.3856201171875	(25.0s)
epoch: 54	train loss: 1183.3553466796875	(24.9s)
epoch: 55	train loss: 1802.2073974609375	(25.0s)
epoch: 56	train loss: 2246.010498046875	(25.0s)
epoch: 57	train loss: 1484.7022705078125	(25.0s)
epoch: 58	train loss: 1423.214111328125	(24.9s)
epoch: 59	train loss: 1265.121826171875	(25.1s)
epoch: 60	train loss: 973.5418090820312	(25.0s)
epoch: 61	train loss: 2252.53662109375	(25.0s)
epoch: 62	train loss: 1033.35986328125	(24.9s)
epoch: 63	train loss: 1921.3592529296875	(24.9s)
epoch: 64	train loss: 2254.4248046875	(24.9s)
epoch: 65	train loss: 1241.0107421875	(25.1s)
epoch: 66	train loss: 1251.5078125	(25.0s)
epoch: 67	train loss: 2141.47314453125	(24.9s)
epoch: 68	train loss: 1738.5302734375	(25.1s)
epoch: 69	train loss: 1443.8656005859375	(25.0s)
epoch: 70	train loss: 1339.80810546875	(25.0s)
epoch: 71	train loss: 1679.7237548828125	(24.9s)
epoch: 72	train loss: 1003.5564575195312	(25.0s)
epoch: 73	train loss: 1004.246826171875	(25.0s)
epoch: 74	train loss: 1159.284423828125	(24.9s)
epoch: 75	train loss: 2521.3935546875	(24.9s)
epoch: 76	train loss: 2057.274658203125	(24.9s)
epoch: 77	train loss: 1204.7669677734375	(25.0s)
epoch: 78	train loss: 1236.952392578125	(25.0s)
epoch: 79	train loss: 1860.1802978515625	(25.0s)
epoch: 80	train loss: 1700.8795166015625	(24.9s)
epoch: 81	train loss: 2227.966552734375	(25.0s)
epoch: 82	train loss: 1348.9627685546875	(24.9s)
epoch: 83	train loss: 947.82275390625	(24.9s)
epoch: 84	train loss: 1375.6163330078125	(25.0s)
epoch: 85	train loss: 971.6475830078125	(25.1s)
epoch: 86	train loss: 807.5059814453125	(24.9s)
epoch: 87	train loss: 2450.154541015625	(25.0s)
epoch: 88	train loss: 1244.1885986328125	(25.0s)
epoch: 89	train loss: 1350.4273681640625	(24.9s)
epoch: 90	train loss: 1582.0927734375	(25.0s)
epoch: 91	train loss: 1370.9495849609375	(25.0s)
epoch: 92	train loss: 1490.148681640625	(24.9s)
epoch: 93	train loss: 670.2701416015625	(24.9s)
epoch: 94	train loss: 1747.00341796875	(25.0s)
epoch: 95	train loss: 1209.2864990234375	(25.0s)
epoch: 96	train loss: 1292.53955078125	(24.8s)
epoch: 97	train loss: 1370.550048828125	(24.8s)
epoch: 98	train loss: 679.2363891601562	(24.7s)
epoch: 99	train loss: 1831.130126953125	(24.8s)
Evaluating model on 200 episodes
Solved 185/200 episodes
Evaluated model in 25.2 seconds
Saved model for run
5ba29de160934f16910023ff39507702 with name round-9
Round 10
Generated trajectories in 74.7 seconds
epoch: 0	train loss: 3857.936767578125	(24.8s)
epoch: 1	train loss: 2875.267333984375	(24.7s)
epoch: 2	train loss: 3739.921630859375	(24.7s)
epoch: 3	train loss: 2298.808349609375	(24.7s)
epoch: 4	train loss: 1987.0169677734375	(24.8s)
epoch: 5	train loss: 1937.255126953125	(24.7s)
epoch: 6	train loss: 1851.0811767578125	(24.6s)
epoch: 7	train loss: 3206.99267578125	(24.2s)
epoch: 8	train loss: 2858.2353515625	(24.3s)
epoch: 9	train loss: 1547.423828125	(24.4s)
epoch: 10	train loss: 1451.1920166015625	(24.2s)
epoch: 11	train loss: 1924.1658935546875	(24.3s)
epoch: 12	train loss: 2162.877197265625	(24.3s)
epoch: 13	train loss: 1605.471923828125	(24.4s)
epoch: 14	train loss: 1491.9324951171875	(24.2s)
epoch: 15	train loss: 1432.0948486328125	(24.5s)
epoch: 16	train loss: 3002.23974609375	(24.3s)
epoch: 17	train loss: 2422.178466796875	(24.3s)
epoch: 18	train loss: 1569.942138671875	(24.2s)
epoch: 19	train loss: 1298.5389404296875	(24.3s)
epoch: 20	train loss: 1819.1923828125	(24.3s)
epoch: 21	train loss: 1895.529052734375	(24.3s)
epoch: 22	train loss: 2026.996826171875	(24.2s)
epoch: 23	train loss: 1524.8681640625	(24.4s)
epoch: 24	train loss: 1376.782958984375	(24.3s)
epoch: 25	train loss: 1148.5389404296875	(24.2s)
epoch: 26	train loss: 1704.4718017578125	(24.3s)
epoch: 27	train loss: 1773.2781982421875	(24.5s)
epoch: 28	train loss: 2699.960693359375	(24.3s)
epoch: 29	train loss: 1268.153076171875	(24.2s)
epoch: 30	train loss: 998.7937622070312	(24.2s)
epoch: 31	train loss: 1554.2540283203125	(24.3s)
epoch: 32	train loss: 1890.0772705078125	(24.4s)
epoch: 33	train loss: 2238.62890625	(24.2s)
epoch: 34	train loss: 2659.04052734375	(24.3s)
epoch: 35	train loss: 1511.0755615234375	(24.4s)
epoch: 36	train loss: 1465.1798095703125	(24.3s)
epoch: 37	train loss: 1271.9642333984375	(24.2s)
epoch: 38	train loss: 1075.29931640625	(24.3s)
epoch: 39	train loss: 1915.394775390625	(24.3s)
epoch: 40	train loss: 1349.1806640625	(24.3s)
epoch: 41	train loss: 1445.1446533203125	(24.2s)
epoch: 42	train loss: 1279.5767822265625	(24.3s)
epoch: 43	train loss: 1145.10205078125	(24.3s)
epoch: 44	train loss: 3065.904296875	(24.3s)
epoch: 45	train loss: 1305.1436767578125	(24.2s)
epoch: 46	train loss: 944.8052368164062	(24.3s)
epoch: 47	train loss: 939.5302124023438	(24.4s)
epoch: 48	train loss: 1341.831787109375	(24.3s)
epoch: 49	train loss: 1767.461181640625	(24.4s)
epoch: 50	train loss: 1012.4185180664062	(24.3s)
epoch: 51	train loss: 1155.6475830078125	(24.2s)
epoch: 52	train loss: 1616.5103759765625	(24.2s)
epoch: 53	train loss: 1044.1815185546875	(24.2s)
epoch: 54	train loss: 2198.07861328125	(24.3s)
epoch: 55	train loss: 1663.4400634765625	(24.3s)
epoch: 56	train loss: 960.10546875	(24.4s)
epoch: 57	train loss: 828.4308471679688	(24.2s)
epoch: 58	train loss: 1225.51904296875	(24.3s)
epoch: 59	train loss: 1143.1024169921875	(24.4s)
epoch: 60	train loss: 2263.53466796875	(24.2s)
epoch: 61	train loss: 4004.34326171875	(24.2s)
epoch: 62	train loss: 1069.6241455078125	(24.4s)
epoch: 63	train loss: 711.2809448242188	(24.3s)
epoch: 64	train loss: 1534.4739990234375	(24.3s)
epoch: 65	train loss: 677.5245361328125	(24.2s)
epoch: 66	train loss: 2278.4013671875	(24.3s)
epoch: 67	train loss: 1410.527099609375	(24.2s)
epoch: 68	train loss: 1847.36474609375	(24.2s)
epoch: 69	train loss: 789.4588623046875	(24.2s)
epoch: 70	train loss: 832.5082397460938	(24.3s)
epoch: 71	train loss: 1354.01318359375	(24.3s)
epoch: 72	train loss: 2085.73828125	(24.2s)
epoch: 73	train loss: 1246.323974609375	(24.4s)
epoch: 74	train loss: 947.67431640625	(24.4s)
epoch: 75	train loss: 815.2623901367188	(24.2s)
epoch: 76	train loss: 1268.3175048828125	(24.3s)
epoch: 77	train loss: 2323.57568359375	(24.2s)
epoch: 78	train loss: 1763.068359375	(24.3s)
epoch: 79	train loss: 704.5194091796875	(24.2s)
epoch: 80	train loss: 672.4871826171875	(24.3s)
epoch: 81	train loss: 1348.4658203125	(24.2s)
epoch: 82	train loss: 1135.13720703125	(24.3s)
epoch: 83	train loss: 1412.095703125	(24.3s)
epoch: 84	train loss: 946.7389526367188	(24.3s)
epoch: 85	train loss: 684.7012939453125	(24.3s)
epoch: 86	train loss: 1823.96826171875	(24.4s)
epoch: 87	train loss: 986.6451416015625	(24.2s)
epoch: 88	train loss: 936.5772094726562	(24.2s)
epoch: 89	train loss: 1001.0385131835938	(24.3s)
epoch: 90	train loss: 1987.58544921875	(24.3s)
epoch: 91	train loss: 1007.6099243164062	(24.3s)
epoch: 92	train loss: 1580.572021484375	(24.2s)
epoch: 93	train loss: 836.3953857421875	(24.5s)
epoch: 94	train loss: 1202.2022705078125	(24.3s)
epoch: 95	train loss: 1119.7169189453125	(24.2s)
epoch: 96	train loss: 732.4510498046875	(24.1s)
epoch: 97	train loss: 2411.83349609375	(24.2s)
epoch: 98	train loss: 2031.744384765625	(24.0s)
epoch: 99	train loss: 944.5924682617188	(24.2s)
Evaluating model on 200 episodes
Solved 199/200 episodes
Evaluated model in 24.5 seconds
Saved model for run
5ba29de160934f16910023ff39507702 with name round-10
Round 11
Generated trajectories in 72.4 seconds
epoch: 0	train loss: 2981.41357421875	(24.3s)
epoch: 1	train loss: 2169.90869140625	(24.2s)
epoch: 2	train loss: 2691.147705078125	(24.4s)
epoch: 3	train loss: 1778.9677734375	(24.4s)
epoch: 4	train loss: 1531.0386962890625	(24.4s)
epoch: 5	train loss: 2850.638671875	(24.3s)
epoch: 6	train loss: 4096.79638671875	(24.4s)
epoch: 7	train loss: 1996.484130859375	(24.4s)
epoch: 8	train loss: 1375.1552734375	(24.5s)
epoch: 9	train loss: 1139.159423828125	(24.4s)
epoch: 10	train loss: 1379.4686279296875	(24.4s)
epoch: 11	train loss: 1474.309814453125	(24.4s)
epoch: 12	train loss: 2895.944091796875	(24.5s)
epoch: 13	train loss: 1157.7357177734375	(24.2s)
epoch: 14	train loss: 1606.7919921875	(24.4s)
epoch: 15	train loss: 1389.302978515625	(24.4s)
epoch: 16	train loss: 1387.79052734375	(24.5s)
epoch: 17	train loss: 1599.8477783203125	(24.3s)
epoch: 18	train loss: 1565.94189453125	(24.4s)
epoch: 19	train loss: 3212.174072265625	(24.3s)
epoch: 20	train loss: 1474.526123046875	(24.4s)
epoch: 21	train loss: 1153.7025146484375	(24.3s)
epoch: 22	train loss: 1388.1552734375	(24.4s)
epoch: 23	train loss: 2030.9229736328125	(24.4s)
epoch: 24	train loss: 934.3959350585938	(24.5s)
epoch: 25	train loss: 1025.106689453125	(24.2s)
epoch: 26	train loss: 2897.595458984375	(24.4s)
epoch: 27	train loss: 1366.3316650390625	(24.4s)
epoch: 28	train loss: 1210.295166015625	(24.5s)
epoch: 29	train loss: 847.9503173828125	(24.4s)
epoch: 30	train loss: 686.2362060546875	(24.3s)
epoch: 31	train loss: 1000.1580200195312	(24.4s)
epoch: 32	train loss: 1714.328369140625	(24.4s)
epoch: 33	train loss: 2644.9140625	(24.3s)
epoch: 34	train loss: 2119.654296875	(24.4s)
epoch: 35	train loss: 1469.9085693359375	(24.4s)
epoch: 36	train loss: 2002.9462890625	(24.4s)
epoch: 37	train loss: 984.5177612304688	(24.2s)
epoch: 38	train loss: 586.2347412109375	(24.4s)
epoch: 39	train loss: 913.7058715820312	(24.3s)
epoch: 40	train loss: 1316.6627197265625	(24.5s)
epoch: 41	train loss: 1760.2685546875	(24.3s)
epoch: 42	train loss: 1562.63671875	(24.4s)
epoch: 43	train loss: 1056.1044921875	(24.2s)
epoch: 44	train loss: 1092.301513671875	(24.4s)
epoch: 45	train loss: 2631.052734375	(24.3s)
epoch: 46	train loss: 962.6346435546875	(24.2s)
epoch: 47	train loss: 1080.689697265625	(24.3s)
epoch: 48	train loss: 992.2259521484375	(24.4s)
epoch: 49	train loss: 2261.93359375	(24.2s)
epoch: 50	train loss: 1324.41943359375	(24.3s)
epoch: 51	train loss: 1163.1497802734375	(24.3s)
epoch: 52	train loss: 882.6177978515625	(24.4s)
epoch: 53	train loss: 1168.679443359375	(24.3s)
epoch: 54	train loss: 1040.1951904296875	(24.4s)
epoch: 55	train loss: 1394.409423828125	(24.2s)
epoch: 56	train loss: 1264.107177734375	(24.4s)
epoch: 57	train loss: 1206.5653076171875	(24.3s)
epoch: 58	train loss: 1209.2474365234375	(24.2s)
epoch: 59	train loss: 1256.507568359375	(24.3s)
epoch: 60	train loss: 1264.289794921875	(24.4s)
epoch: 61	train loss: 1029.9608154296875	(24.2s)
epoch: 62	train loss: 1236.468017578125	(24.3s)
epoch: 63	train loss: 1358.8216552734375	(24.3s)
epoch: 64	train loss: 1587.1822509765625	(24.4s)
epoch: 65	train loss: 689.1143798828125	(24.4s)
epoch: 66	train loss: 656.26025390625	(24.3s)
epoch: 67	train loss: 727.1348876953125	(24.4s)
epoch: 68	train loss: 1212.3828125	(24.4s)
epoch: 69	train loss: 1892.8382568359375	(24.4s)
epoch: 70	train loss: 2192.119140625	(24.3s)
epoch: 71	train loss: 969.0564575195312	(24.3s)
epoch: 72	train loss: 740.70068359375	(24.4s)
epoch: 73	train loss: 1206.9996337890625	(24.4s)
epoch: 74	train loss: 1314.88037109375	(24.2s)
epoch: 75	train loss: 1665.7454833984375	(24.4s)
epoch: 76	train loss: 681.2852783203125	(24.4s)
epoch: 77	train loss: 830.303955078125	(24.4s)
epoch: 78	train loss: 1320.8106689453125	(24.2s)
epoch: 79	train loss: 676.08056640625	(24.4s)
epoch: 80	train loss: 659.8491821289062	(24.4s)
epoch: 81	train loss: 1281.6483154296875	(24.3s)
epoch: 82	train loss: 1754.951171875	(24.3s)
epoch: 83	train loss: 1562.5885009765625	(24.3s)
epoch: 84	train loss: 729.4072265625	(24.4s)
epoch: 85	train loss: 735.1646118164062	(24.3s)
epoch: 86	train loss: 1218.402099609375	(24.4s)
epoch: 87	train loss: 676.1651611328125	(24.4s)
epoch: 88	train loss: 1011.0642700195312	(24.3s)
epoch: 89	train loss: 2518.843994140625	(24.4s)
epoch: 90	train loss: 973.9051513671875	(24.2s)
epoch: 91	train loss: 587.7229614257812	(24.4s)
epoch: 92	train loss: 1025.496337890625	(24.4s)
epoch: 93	train loss: 1264.1722412109375	(24.4s)
epoch: 94	train loss: 761.8656005859375	(24.3s)
epoch: 95	train loss: 1517.0673828125	(24.2s)
epoch: 96	train loss: 1175.9718017578125	(24.2s)
epoch: 97	train loss: 722.584228515625	(24.2s)
epoch: 98	train loss: 2088.411865234375	(24.2s)
epoch: 99	train loss: 976.9862670898438	(24.2s)
Evaluating model on 200 episodes
Solved 196/200 episodes
Evaluated model in 26.0 seconds
Saved model for run
5ba29de160934f16910023ff39507702 with name round-11
Round 12
Generated trajectories in 73.2 seconds
epoch: 0	train loss: 2667.57470703125	(24.5s)
epoch: 1	train loss: 2007.1746826171875	(24.4s)
epoch: 2	train loss: 2190.36767578125	(24.6s)
epoch: 3	train loss: 1670.2386474609375	(24.5s)
epoch: 4	train loss: 2224.456787109375	(24.7s)
epoch: 5	train loss: 1563.1478271484375	(24.7s)
epoch: 6	train loss: 1627.2919921875	(24.6s)
epoch: 7	train loss: 1557.6812744140625	(24.8s)
epoch: 8	train loss: 1176.1458740234375	(24.7s)
epoch: 9	train loss: 1899.8421630859375	(24.7s)
epoch: 10	train loss: 1989.6971435546875	(24.6s)
epoch: 11	train loss: 1132.70068359375	(24.7s)
epoch: 12	train loss: 1171.076416015625	(24.7s)
epoch: 13	train loss: 1335.3363037109375	(24.7s)
epoch: 14	train loss: 1209.5343017578125	(24.7s)
epoch: 15	train loss: 1525.0616455078125	(24.8s)
epoch: 16	train loss: 1833.407470703125	(24.7s)
epoch: 17	train loss: 1286.05419921875	(24.7s)
epoch: 18	train loss: 1439.69482421875	(24.7s)
epoch: 19	train loss: 2108.372314453125	(24.8s)
epoch: 20	train loss: 1721.75927734375	(24.7s)
epoch: 21	train loss: 996.7623291015625	(24.7s)
epoch: 22	train loss: 1002.5557250976562	(24.8s)
epoch: 23	train loss: 763.5230712890625	(24.7s)
epoch: 24	train loss: 1659.9195556640625	(24.6s)
epoch: 25	train loss: 1004.9872436523438	(24.6s)
epoch: 26	train loss: 1717.5849609375	(24.7s)
epoch: 27	train loss: 1676.6192626953125	(24.7s)
epoch: 28	train loss: 711.408447265625	(24.7s)
epoch: 29	train loss: 919.20703125	(24.6s)
epoch: 30	train loss: 1046.322998046875	(24.7s)
epoch: 31	train loss: 2047.17333984375	(24.7s)
epoch: 32	train loss: 957.244873046875	(24.7s)
epoch: 33	train loss: 924.3768920898438	(24.6s)
epoch: 34	train loss: 813.9573974609375	(24.7s)
epoch: 35	train loss: 1016.0953369140625	(24.7s)
epoch: 36	train loss: 2072.88525390625	(24.6s)
epoch: 37	train loss: 2940.92041015625	(24.7s)
epoch: 38	train loss: 1024.45703125	(24.7s)
epoch: 39	train loss: 739.1475219726562	(24.7s)
epoch: 40	train loss: 611.6126708984375	(24.6s)
epoch: 41	train loss: 1137.339111328125	(24.7s)
epoch: 42	train loss: 1021.5615234375	(24.6s)
epoch: 43	train loss: 1330.247314453125	(24.6s)
epoch: 44	train loss: 1324.32275390625	(24.6s)
epoch: 45	train loss: 886.6395263671875	(24.7s)
epoch: 46	train loss: 1080.2276611328125	(24.7s)
epoch: 47	train loss: 1124.843017578125	(24.7s)
epoch: 48	train loss: 1059.235107421875	(24.6s)
epoch: 49	train loss: 1122.2835693359375	(24.7s)
epoch: 50	train loss: 3339.112548828125	(24.7s)
epoch: 51	train loss: 904.9827270507812	(24.7s)
epoch: 52	train loss: 711.720947265625	(24.6s)
epoch: 53	train loss: 749.5802612304688	(24.7s)
epoch: 54	train loss: 952.2528076171875	(24.7s)
epoch: 55	train loss: 977.6331787109375	(24.7s)
epoch: 56	train loss: 1408.6937255859375	(24.7s)
epoch: 57	train loss: 1261.831787109375	(24.8s)
epoch: 58	train loss: 2783.82568359375	(24.7s)
epoch: 59	train loss: 685.1404418945312	(24.7s)
epoch: 60	train loss: 855.0888671875	(24.8s)
epoch: 61	train loss: 620.2322387695312	(24.7s)
epoch: 62	train loss: 675.4503784179688	(24.8s)
epoch: 63	train loss: 1120.0345458984375	(24.7s)
epoch: 64	train loss: 597.0932006835938	(24.8s)
epoch: 65	train loss: 1158.873046875	(24.7s)
epoch: 66	train loss: 1622.1668701171875	(24.7s)
epoch: 67	train loss: 1692.01416015625	(24.5s)
epoch: 68	train loss: 634.0364990234375	(24.8s)
epoch: 69	train loss: 835.5661010742188	(24.7s)
epoch: 70	train loss: 1007.2574462890625	(24.7s)
epoch: 71	train loss: 964.161865234375	(24.7s)
epoch: 72	train loss: 647.2569580078125	(24.8s)
epoch: 73	train loss: 494.9647216796875	(24.7s)
epoch: 74	train loss: 791.0265502929688	(24.7s)
epoch: 75	train loss: 1676.9273681640625	(24.7s)
epoch: 76	train loss: 1795.301513671875	(24.8s)
epoch: 77	train loss: 952.455322265625	(24.7s)
epoch: 78	train loss: 620.7306518554688	(24.7s)
epoch: 79	train loss: 913.28125	(24.8s)
epoch: 80	train loss: 878.4478759765625	(24.7s)
epoch: 81	train loss: 1191.0999755859375	(24.7s)
epoch: 82	train loss: 1671.1552734375	(24.7s)
epoch: 83	train loss: 1521.09814453125	(24.8s)
epoch: 84	train loss: 1021.4360961914062	(24.7s)
epoch: 85	train loss: 1077.7857666015625	(24.7s)
epoch: 86	train loss: 1483.941650390625	(24.7s)
epoch: 87	train loss: 710.45556640625	(24.7s)
epoch: 88	train loss: 727.1826782226562	(24.7s)
epoch: 89	train loss: 1300.2581787109375	(24.7s)
epoch: 90	train loss: 700.2415771484375	(24.6s)
epoch: 91	train loss: 513.8140869140625	(24.8s)
epoch: 92	train loss: 1298.873291015625	(24.7s)
epoch: 93	train loss: 902.8616943359375	(24.7s)
epoch: 94	train loss: 739.25830078125	(24.7s)
epoch: 95	train loss: 600.27490234375	(24.7s)
epoch: 96	train loss: 1397.1943359375	(24.6s)
epoch: 97	train loss: 2592.278076171875	(24.5s)
epoch: 98	train loss: 878.1657104492188	(24.5s)
epoch: 99	train loss: 550.76904296875	(24.6s)
Evaluating model on 200 episodes
Solved 198/200 episodes
Evaluated model in 24.7 seconds
Saved model for run
5ba29de160934f16910023ff39507702 with name round-12
Round 13
Generated trajectories in 72.7 seconds
epoch: 0	train loss: 2491.1552734375	(24.3s)
epoch: 1	train loss: 1532.0474853515625	(24.3s)
epoch: 2	train loss: 2098.3369140625	(24.4s)
epoch: 3	train loss: 1989.6475830078125	(24.5s)
epoch: 4	train loss: 1564.30810546875	(24.5s)
epoch: 5	train loss: 1378.0670166015625	(24.5s)
epoch: 6	train loss: 2314.80322265625	(24.4s)
epoch: 7	train loss: 1541.7677001953125	(24.4s)
epoch: 8	train loss: 1961.65380859375	(24.4s)
epoch: 9	train loss: 1032.903076171875	(24.6s)
epoch: 10	train loss: 1120.3787841796875	(24.5s)
epoch: 11	train loss: 1430.6202392578125	(24.5s)
epoch: 12	train loss: 887.6185913085938	(24.4s)
epoch: 13	train loss: 982.0704956054688	(24.6s)
epoch: 14	train loss: 2395.606689453125	(24.4s)
epoch: 15	train loss: 1497.8343505859375	(24.5s)
epoch: 16	train loss: 890.7366943359375	(24.5s)
epoch: 17	train loss: 981.034912109375	(24.5s)
epoch: 18	train loss: 3158.729248046875	(24.5s)
epoch: 19	train loss: 2028.008544921875	(24.6s)
epoch: 20	train loss: 1268.9688720703125	(24.4s)
epoch: 21	train loss: 792.2106323242188	(24.6s)
epoch: 22	train loss: 1223.4188232421875	(24.4s)
epoch: 23	train loss: 816.705078125	(24.5s)
epoch: 24	train loss: 986.345947265625	(24.5s)
epoch: 25	train loss: 1169.25927734375	(24.6s)
epoch: 26	train loss: 889.0199584960938	(24.4s)
epoch: 27	train loss: 1091.906982421875	(24.4s)
epoch: 28	train loss: 1790.2060546875	(24.5s)
epoch: 29	train loss: 1534.4593505859375	(24.6s)
epoch: 30	train loss: 1908.71875	(24.4s)
epoch: 31	train loss: 901.7595825195312	(24.5s)
epoch: 32	train loss: 1224.9356689453125	(24.4s)
epoch: 33	train loss: 778.3809204101562	(24.5s)
epoch: 34	train loss: 1565.2611083984375	(24.4s)
epoch: 35	train loss: 739.5526733398438	(24.5s)
epoch: 36	train loss: 855.1281127929688	(24.5s)
epoch: 37	train loss: 711.62890625	(24.5s)
epoch: 38	train loss: 762.0676879882812	(24.4s)
epoch: 39	train loss: 2208.330322265625	(24.5s)
epoch: 40	train loss: 825.6720581054688	(24.4s)
epoch: 41	train loss: 902.760498046875	(24.6s)
epoch: 42	train loss: 1494.4736328125	(24.4s)
epoch: 43	train loss: 1784.1888427734375	(24.5s)
epoch: 44	train loss: 1087.8846435546875	(24.4s)
epoch: 45	train loss: 1076.70751953125	(24.6s)
epoch: 46	train loss: 2085.731201171875	(24.4s)
epoch: 47	train loss: 737.820068359375	(24.4s)
epoch: 48	train loss: 1098.4267578125	(24.4s)
epoch: 49	train loss: 1427.501953125	(24.6s)
epoch: 50	train loss: 929.5372314453125	(24.4s)
epoch: 51	train loss: 630.6522827148438	(24.5s)
epoch: 52	train loss: 2149.63037109375	(24.4s)
epoch: 53	train loss: 2024.9979248046875	(24.6s)
epoch: 54	train loss: 991.4759521484375	(24.5s)
epoch: 55	train loss: 1556.7110595703125	(24.5s)
epoch: 56	train loss: 691.0586547851562	(24.5s)
epoch: 57	train loss: 927.5899658203125	(24.5s)
epoch: 58	train loss: 623.6591186523438	(24.4s)
epoch: 59	train loss: 1077.834228515625	(24.5s)
epoch: 60	train loss: 1353.206787109375	(24.5s)
epoch: 61	train loss: 1783.470458984375	(24.5s)
epoch: 62	train loss: 1116.890625	(24.5s)
epoch: 63	train loss: 529.3148193359375	(24.4s)
epoch: 64	train loss: 964.2630615234375	(24.6s)
epoch: 65	train loss: 725.15869140625	(24.6s)
epoch: 66	train loss: 529.23486328125	(24.5s)
epoch: 67	train loss: 2054.164306640625	(24.4s)
epoch: 68	train loss: 1136.9810791015625	(24.4s)
epoch: 69	train loss: 627.7991333007812	(24.5s)
epoch: 70	train loss: 1075.201416015625	(24.4s)
epoch: 71	train loss: 697.7223510742188	(24.5s)
epoch: 72	train loss: 1749.8360595703125	(24.5s)
epoch: 73	train loss: 1471.725830078125	(24.5s)
epoch: 74	train loss: 1121.9710693359375	(24.5s)
epoch: 75	train loss: 921.0595703125	(24.4s)
epoch: 76	train loss: 615.3895263671875	(24.5s)
epoch: 77	train loss: 634.4443359375	(24.5s)
epoch: 78	train loss: 1363.8365478515625	(24.5s)
epoch: 79	train loss: 2031.877197265625	(24.4s)
epoch: 80	train loss: 621.677978515625	(24.4s)
epoch: 81	train loss: 617.0747680664062	(24.5s)
epoch: 82	train loss: 1432.2689208984375	(24.5s)
epoch: 83	train loss: 1514.4393310546875	(24.5s)
epoch: 84	train loss: 480.63604736328125	(24.5s)
epoch: 85	train loss: 1199.8695068359375	(24.5s)
epoch: 86	train loss: 764.99658203125	(24.5s)
epoch: 87	train loss: 1079.1845703125	(24.4s)
epoch: 88	train loss: 1019.6910400390625	(24.5s)
epoch: 89	train loss: 1290.2835693359375	(24.5s)
epoch: 90	train loss: 1045.2388916015625	(24.5s)
epoch: 91	train loss: 508.34893798828125	(24.4s)
epoch: 92	train loss: 1366.916748046875	(24.4s)
epoch: 93	train loss: 855.3763427734375	(24.4s)
epoch: 94	train loss: 808.5110473632812	(24.6s)
epoch: 95	train loss: 2575.1640625	(24.4s)
epoch: 96	train loss: 673.5925903320312	(24.3s)
epoch: 97	train loss: 707.7772827148438	(24.3s)
epoch: 98	train loss: 402.37713623046875	(24.4s)
epoch: 99	train loss: 736.328125	(24.2s)
Evaluating model on 200 episodes
Solved 196/200 episodes
Evaluated model in 24.4 seconds
Saved model for run
5ba29de160934f16910023ff39507702 with name round-13
Round 14
Generated trajectories in 73.2 seconds
epoch: 0	train loss: 2194.528076171875	(24.6s)
epoch: 1	train loss: 1855.9835205078125	(24.5s)
epoch: 2	train loss: 2217.177978515625	(24.7s)
epoch: 3	train loss: 1910.4378662109375	(24.8s)
epoch: 4	train loss: 1221.6446533203125	(24.8s)
epoch: 5	train loss: 1025.1473388671875	(24.8s)
epoch: 6	train loss: 1014.4501953125	(24.5s)
epoch: 7	train loss: 1779.6220703125	(24.7s)
epoch: 8	train loss: 1275.9046630859375	(24.8s)
epoch: 9	train loss: 1546.03564453125	(24.7s)
epoch: 10	train loss: 1112.940185546875	(24.7s)
epoch: 11	train loss: 3018.864990234375	(24.7s)
epoch: 12	train loss: 900.177978515625	(24.8s)
epoch: 13	train loss: 1226.714111328125	(24.7s)
epoch: 14	train loss: 1155.6060791015625	(24.7s)
epoch: 15	train loss: 874.3714599609375	(24.7s)
epoch: 16	train loss: 993.3972778320312	(24.8s)
epoch: 17	train loss: 1029.8206787109375	(24.7s)
epoch: 18	train loss: 1723.391357421875	(24.6s)
epoch: 19	train loss: 1062.025634765625	(24.7s)
epoch: 20	train loss: 1243.02587890625	(24.7s)
epoch: 21	train loss: 837.2386474609375	(24.7s)
epoch: 22	train loss: 1216.6766357421875	(24.7s)
epoch: 23	train loss: 1872.7515869140625	(24.7s)
epoch: 24	train loss: 1653.6796875	(24.7s)
epoch: 25	train loss: 811.6915283203125	(24.7s)
epoch: 26	train loss: 829.9019775390625	(24.7s)
epoch: 27	train loss: 1756.320556640625	(24.8s)
epoch: 28	train loss: 835.7652587890625	(24.7s)
epoch: 29	train loss: 718.838134765625	(24.7s)
epoch: 30	train loss: 861.902099609375	(24.7s)
epoch: 31	train loss: 961.8596801757812	(24.8s)
epoch: 32	train loss: 1296.0994873046875	(24.7s)
epoch: 33	train loss: 1356.8941650390625	(24.7s)
epoch: 34	train loss: 1089.220947265625	(24.7s)
epoch: 35	train loss: 3098.7685546875	(24.8s)
epoch: 36	train loss: 2918.74169921875	(24.7s)
epoch: 37	train loss: 1222.402587890625	(24.8s)
epoch: 38	train loss: 618.6395874023438	(24.8s)
epoch: 39	train loss: 817.0760498046875	(24.8s)
epoch: 40	train loss: 895.7203979492188	(24.8s)
epoch: 41	train loss: 976.4874877929688	(24.8s)
epoch: 42	train loss: 763.557373046875	(24.8s)
epoch: 43	train loss: 598.0560302734375	(24.8s)
epoch: 44	train loss: 1163.411865234375	(24.8s)
epoch: 45	train loss: 1437.448974609375	(24.7s)
epoch: 46	train loss: 794.1094360351562	(24.8s)
epoch: 47	train loss: 1021.6875610351562	(24.8s)
epoch: 48	train loss: 1213.0791015625	(24.8s)
epoch: 49	train loss: 722.3204956054688	(24.8s)
epoch: 50	train loss: 2173.883056640625	(24.9s)
epoch: 51	train loss: 872.1181640625	(24.8s)
epoch: 52	train loss: 903.2481079101562	(24.8s)
epoch: 53	train loss: 478.727294921875	(24.8s)
epoch: 54	train loss: 755.7681274414062	(24.8s)
epoch: 55	train loss: 1199.862548828125	(24.8s)
epoch: 56	train loss: 3495.195068359375	(24.7s)
epoch: 57	train loss: 1105.4549560546875	(24.8s)
epoch: 58	train loss: 685.428955078125	(24.8s)
epoch: 59	train loss: 1013.6763916015625	(24.8s)
epoch: 60	train loss: 979.9218139648438	(24.7s)
epoch: 61	train loss: 898.156005859375	(24.8s)
epoch: 62	train loss: 481.2843322753906	(24.8s)
epoch: 63	train loss: 462.6477966308594	(24.8s)
epoch: 64	train loss: 1855.4913330078125	(24.8s)
epoch: 65	train loss: 1051.5701904296875	(24.8s)
epoch: 66	train loss: 1507.9908447265625	(24.8s)
epoch: 67	train loss: 1196.8594970703125	(24.8s)
epoch: 68	train loss: 841.1448364257812	(24.8s)
epoch: 69	train loss: 699.7470703125	(24.9s)
epoch: 70	train loss: 717.96484375	(24.8s)
epoch: 71	train loss: 912.0260620117188	(24.7s)
epoch: 72	train loss: 594.64794921875	(24.8s)
epoch: 73	train loss: 718.0888671875	(24.8s)
epoch: 74	train loss: 1129.3154296875	(24.8s)
epoch: 75	train loss: 2626.879638671875	(24.8s)
epoch: 76	train loss: 1301.11279296875	(24.8s)
epoch: 77	train loss: 847.907470703125	(24.8s)
epoch: 78	train loss: 406.3467102050781	(24.8s)
epoch: 79	train loss: 485.79888916015625	(24.7s)
epoch: 80	train loss: 1089.2138671875	(24.8s)
epoch: 81	train loss: 1035.44384765625	(24.6s)
epoch: 82	train loss: 477.8800048828125	(24.8s)
epoch: 83	train loss: 651.6908569335938	(24.7s)
epoch: 84	train loss: 761.55322265625	(24.8s)
epoch: 85	train loss: 1173.101318359375	(24.8s)
epoch: 86	train loss: 1955.72998046875	(24.7s)
epoch: 87	train loss: 1102.8203125	(24.8s)
epoch: 88	train loss: 895.9993286132812	(24.8s)
epoch: 89	train loss: 595.0679931640625	(24.8s)
epoch: 90	train loss: 1096.14892578125	(24.7s)
epoch: 91	train loss: 721.2684326171875	(24.8s)
epoch: 92	train loss: 790.5313110351562	(24.7s)
epoch: 93	train loss: 565.5424194335938	(24.7s)
epoch: 94	train loss: 1414.235107421875	(24.6s)
epoch: 95	train loss: 1643.805908203125	(24.7s)
epoch: 96	train loss: 1359.3941650390625	(24.6s)
epoch: 97	train loss: 658.5358276367188	(24.6s)
epoch: 98	train loss: 486.24554443359375	(24.6s)
epoch: 99	train loss: 1555.2293701171875	(24.7s)
Evaluating model on 200 episodes
Solved 199/200 episodes
Evaluated model in 25.8 seconds
Saved model for run
5ba29de160934f16910023ff39507702 with name round-14
Round 15
Generated trajectories in 72.2 seconds
epoch: 0	train loss: 2449.919677734375	(24.2s)
epoch: 1	train loss: 1435.922119140625	(24.2s)
epoch: 2	train loss: 888.745849609375	(24.2s)
epoch: 3	train loss: 1260.7352294921875	(24.4s)
epoch: 4	train loss: 1407.23681640625	(24.4s)
epoch: 5	train loss: 2910.466796875	(24.5s)
epoch: 6	train loss: 800.6404418945312	(24.3s)
epoch: 7	train loss: 992.5650634765625	(24.4s)
epoch: 8	train loss: 770.7510986328125	(24.3s)
epoch: 9	train loss: 990.9340209960938	(24.4s)
epoch: 10	train loss: 1376.1922607421875	(24.3s)
epoch: 11	train loss: 2683.537841796875	(24.3s)
epoch: 12	train loss: 1269.7603759765625	(24.3s)
epoch: 13	train loss: 809.8297729492188	(24.5s)
epoch: 14	train loss: 776.809814453125	(24.3s)
epoch: 15	train loss: 770.3215942382812	(24.4s)
epoch: 16	train loss: 809.72607421875	(24.3s)
epoch: 17	train loss: 2119.54248046875	(24.4s)
epoch: 18	train loss: 1005.1524047851562	(24.3s)
epoch: 19	train loss: 1124.8184814453125	(24.4s)
epoch: 20	train loss: 849.0977783203125	(24.4s)
epoch: 21	train loss: 1822.0494384765625	(24.5s)
epoch: 22	train loss: 2315.173583984375	(24.4s)
epoch: 23	train loss: 638.2691040039062	(24.4s)
epoch: 24	train loss: 430.7659912109375	(24.3s)
epoch: 25	train loss: 358.6016845703125	(24.5s)
epoch: 26	train loss: 1768.154296875	(24.3s)
epoch: 27	train loss: 2450.13330078125	(24.3s)
epoch: 28	train loss: 678.815673828125	(24.3s)
epoch: 29	train loss: 860.8204345703125	(24.5s)
epoch: 30	train loss: 502.8476257324219	(24.2s)
epoch: 31	train loss: 1195.67529296875	(24.4s)
epoch: 32	train loss: 410.7501220703125	(24.3s)
epoch: 33	train loss: 674.95263671875	(24.4s)
epoch: 34	train loss: 978.394775390625	(24.3s)
epoch: 35	train loss: 1574.856201171875	(24.4s)
epoch: 36	train loss: 1268.291015625	(24.3s)
epoch: 37	train loss: 860.8836669921875	(24.3s)
epoch: 38	train loss: 628.8377685546875	(24.3s)
epoch: 39	train loss: 2475.310546875	(24.4s)
epoch: 40	train loss: 987.4133911132812	(24.4s)
epoch: 41	train loss: 581.9404907226562	(24.3s)
epoch: 42	train loss: 889.8712768554688	(24.3s)
epoch: 43	train loss: 1307.093994140625	(24.3s)
epoch: 44	train loss: 1796.72607421875	(24.4s)
epoch: 45	train loss: 770.8990478515625	(24.4s)
epoch: 46	train loss: 1036.0623779296875	(24.4s)
epoch: 47	train loss: 584.7398681640625	(24.3s)
epoch: 48	train loss: 873.01953125	(24.4s)
epoch: 49	train loss: 857.5814208984375	(24.4s)
epoch: 50	train loss: 1702.9498291015625	(24.4s)
epoch: 51	train loss: 1331.1754150390625	(24.2s)
epoch: 52	train loss: 1292.1807861328125	(24.4s)
epoch: 53	train loss: 764.0645141601562	(24.4s)
epoch: 54	train loss: 1166.7012939453125	(24.3s)
epoch: 55	train loss: 1193.2713623046875	(24.4s)
epoch: 56	train loss: 851.4807739257812	(24.4s)
epoch: 57	train loss: 1658.0361328125	(24.3s)
epoch: 58	train loss: 1210.52392578125	(24.5s)
epoch: 59	train loss: 834.7550659179688	(24.4s)
epoch: 60	train loss: 453.1720275878906	(24.4s)
epoch: 61	train loss: 817.538818359375	(24.3s)
epoch: 62	train loss: 479.9451904296875	(24.5s)
epoch: 63	train loss: 477.0845642089844	(24.3s)
epoch: 64	train loss: 2491.88818359375	(24.3s)
epoch: 65	train loss: 2302.399658203125	(24.4s)
epoch: 66	train loss: 878.9993286132812	(24.4s)
epoch: 67	train loss: 505.7693786621094	(24.3s)
epoch: 68	train loss: 544.1597900390625	(24.5s)
epoch: 69	train loss: 405.0967102050781	(24.4s)
epoch: 70	train loss: 1361.9664306640625	(24.5s)
epoch: 71	train loss: 2712.30615234375	(24.3s)
epoch: 72	train loss: 1219.5892333984375	(24.3s)
epoch: 73	train loss: 431.93572998046875	(24.4s)
epoch: 74	train loss: 585.0706787109375	(24.4s)
epoch: 75	train loss: 541.5946655273438	(24.4s)
epoch: 76	train loss: 1858.2159423828125	(24.4s)
epoch: 77	train loss: 847.4027099609375	(24.3s)
epoch: 78	train loss: 567.8089599609375	(24.4s)
epoch: 79	train loss: 461.5760803222656	(24.3s)
epoch: 80	train loss: 536.1482543945312	(24.4s)
epoch: 81	train loss: 1362.384521484375	(24.3s)
epoch: 82	train loss: 608.0350952148438	(24.5s)
epoch: 83	train loss: 380.2748718261719	(24.3s)
epoch: 84	train loss: 1024.7965087890625	(24.7s)
epoch: 85	train loss: 993.6633911132812	(24.3s)
epoch: 86	train loss: 3848.273193359375	(24.4s)
epoch: 87	train loss: 735.1285400390625	(24.3s)
epoch: 88	train loss: 1094.060791015625	(24.4s)
epoch: 89	train loss: 415.9208984375	(24.4s)
epoch: 90	train loss: 821.7183227539062	(24.6s)
epoch: 91	train loss: 273.4628601074219	(24.5s)
epoch: 92	train loss: 673.9402465820312	(24.4s)
epoch: 93	train loss: 2046.143310546875	(24.5s)
epoch: 94	train loss: 788.6136474609375	(24.5s)
epoch: 95	train loss: 288.7458190917969	(24.3s)
epoch: 96	train loss: 1016.9404907226562	(24.4s)
epoch: 97	train loss: 812.94384765625	(24.4s)
epoch: 98	train loss: 493.66259765625	(24.5s)
epoch: 99	train loss: 1668.5731201171875	(24.4s)
Evaluating model on 200 episodes
Solved 196/200 episodes
Evaluated model in 25.5 seconds
Saved model for run
5ba29de160934f16910023ff39507702 with name round-15
Round 16
Generated trajectories in 73.2 seconds
epoch: 0	train loss: 2066.809814453125	(24.5s)
epoch: 1	train loss: 1816.5946044921875	(24.5s)
epoch: 2	train loss: 1781.0810546875	(24.7s)
epoch: 3	train loss: 1296.2369384765625	(24.7s)
epoch: 4	train loss: 1260.3427734375	(24.6s)
epoch: 5	train loss: 1174.7213134765625	(24.8s)
epoch: 6	train loss: 1147.4600830078125	(24.7s)
epoch: 7	train loss: 1054.25732421875	(24.7s)
epoch: 8	train loss: 1946.95849609375	(24.7s)
epoch: 9	train loss: 1084.5841064453125	(24.8s)
epoch: 10	train loss: 947.9295654296875	(24.7s)
epoch: 11	train loss: 777.8013305664062	(24.7s)
epoch: 12	train loss: 1633.8565673828125	(24.5s)
epoch: 13	train loss: 2224.60595703125	(24.8s)
epoch: 14	train loss: 1522.2025146484375	(24.7s)
epoch: 15	train loss: 1186.4097900390625	(24.5s)
epoch: 16	train loss: 1047.4674072265625	(24.7s)
epoch: 17	train loss: 727.9102783203125	(24.8s)
epoch: 18	train loss: 865.2553100585938	(24.7s)
epoch: 19	train loss: 741.10888671875	(24.6s)
epoch: 20	train loss: 2328.625732421875	(24.3s)
epoch: 21	train loss: 1586.55419921875	(24.7s)
epoch: 22	train loss: 741.0514526367188	(24.6s)
epoch: 23	train loss: 492.2210388183594	(24.7s)
epoch: 24	train loss: 809.3733520507812	(24.7s)
epoch: 25	train loss: 1245.6405029296875	(24.6s)
epoch: 26	train loss: 1333.815673828125	(24.7s)
epoch: 27	train loss: 781.7926635742188	(24.7s)
epoch: 28	train loss: 928.8948974609375	(24.5s)
epoch: 29	train loss: 1789.58642578125	(24.8s)
epoch: 30	train loss: 1262.6826171875	(24.7s)
epoch: 31	train loss: 621.1650390625	(24.7s)
epoch: 32	train loss: 1622.909912109375	(24.7s)
epoch: 33	train loss: 475.9939270019531	(24.7s)
epoch: 34	train loss: 416.75213623046875	(24.7s)
epoch: 35	train loss: 950.1113891601562	(24.5s)
epoch: 36	train loss: 2133.211181640625	(24.7s)
epoch: 37	train loss: 1395.8143310546875	(24.7s)
epoch: 38	train loss: 686.7500610351562	(24.7s)
epoch: 39	train loss: 713.36962890625	(24.7s)
epoch: 40	train loss: 987.546142578125	(24.7s)
epoch: 41	train loss: 548.4149780273438	(24.7s)
epoch: 42	train loss: 982.6607666015625	(24.7s)
epoch: 43	train loss: 1545.4481201171875	(24.6s)
epoch: 44	train loss: 592.678955078125	(24.7s)
epoch: 45	train loss: 812.1962890625	(24.5s)
epoch: 46	train loss: 1851.06396484375	(24.5s)
epoch: 47	train loss: 2511.609130859375	(24.6s)
epoch: 48	train loss: 593.8389892578125	(24.8s)
epoch: 49	train loss: 546.673095703125	(24.7s)
epoch: 50	train loss: 496.34283447265625	(24.7s)
epoch: 51	train loss: 934.154052734375	(24.6s)
epoch: 52	train loss: 443.483154296875	(24.8s)
epoch: 53	train loss: 935.3472290039062	(24.7s)
epoch: 54	train loss: 1042.713623046875	(24.7s)
epoch: 55	train loss: 1686.4957275390625	(24.6s)
epoch: 56	train loss: 2749.64013671875	(24.7s)
epoch: 57	train loss: 1312.9390869140625	(24.6s)
epoch: 58	train loss: 570.501220703125	(24.6s)
epoch: 59	train loss: 525.4299926757812	(24.5s)
epoch: 60	train loss: 532.1323852539062	(24.7s)
epoch: 61	train loss: 1129.33203125	(24.7s)
epoch: 62	train loss: 717.109130859375	(24.7s)
epoch: 63	train loss: 340.2782287597656	(24.6s)
epoch: 64	train loss: 279.4461364746094	(24.8s)
epoch: 65	train loss: 1136.5531005859375	(24.7s)
epoch: 66	train loss: 1102.646484375	(24.7s)
epoch: 67	train loss: 1594.6787109375	(24.6s)
epoch: 68	train loss: 1478.4051513671875	(24.8s)
epoch: 69	train loss: 481.5733337402344	(24.7s)
epoch: 70	train loss: 344.0721130371094	(24.7s)
epoch: 71	train loss: 501.0027770996094	(24.6s)
epoch: 72	train loss: 1683.88037109375	(24.8s)
epoch: 73	train loss: 1309.1107177734375	(24.7s)
epoch: 74	train loss: 500.1751708984375	(24.7s)
epoch: 75	train loss: 614.1602783203125	(24.6s)
epoch: 76	train loss: 504.0982666015625	(24.8s)
epoch: 77	train loss: 1138.5001220703125	(24.7s)
epoch: 78	train loss: 548.9788818359375	(24.7s)
epoch: 79	train loss: 648.962158203125	(24.7s)
epoch: 80	train loss: 725.1011962890625	(24.8s)
epoch: 81	train loss: 1417.29248046875	(24.7s)
epoch: 82	train loss: 406.9181823730469	(24.5s)
epoch: 83	train loss: 1944.7000732421875	(24.7s)
epoch: 84	train loss: 588.664794921875	(24.8s)
epoch: 85	train loss: 604.7518920898438	(24.7s)
epoch: 86	train loss: 797.0407104492188	(24.7s)
epoch: 87	train loss: 898.5689086914062	(24.7s)
epoch: 88	train loss: 1307.621337890625	(24.8s)
epoch: 89	train loss: 946.0155029296875	(24.5s)
epoch: 90	train loss: 453.3546142578125	(24.5s)
epoch: 91	train loss: 665.5132446289062	(24.5s)
epoch: 92	train loss: 207.39784240722656	(24.5s)
epoch: 93	train loss: 652.3207397460938	(24.7s)
epoch: 94	train loss: 2790.523681640625	(24.6s)
epoch: 95	train loss: 567.9692993164062	(24.6s)
epoch: 96	train loss: 622.607666015625	(24.5s)
epoch: 97	train loss: 821.8470458984375	(24.5s)
epoch: 98	train loss: 1618.389404296875	(24.5s)
epoch: 99	train loss: 759.4998168945312	(24.4s)
Evaluating model on 200 episodes
Solved 196/200 episodes
Evaluated model in 25.9 seconds
Saved model for run
5ba29de160934f16910023ff39507702 with name round-16
Round 17
Generated trajectories in 73.4 seconds
epoch: 0	train loss: 2385.54833984375	(24.5s)
epoch: 1	train loss: 1488.531982421875	(24.6s)
epoch: 2	train loss: 1375.4654541015625	(24.8s)
epoch: 3	train loss: 1427.3297119140625	(24.8s)
epoch: 4	train loss: 1178.9678955078125	(24.7s)
epoch: 5	train loss: 1013.0381469726562	(24.8s)
epoch: 6	train loss: 1187.44384765625	(24.8s)
epoch: 7	train loss: 1316.7418212890625	(24.8s)
epoch: 8	train loss: 1553.27001953125	(24.7s)
epoch: 9	train loss: 1125.355712890625	(24.8s)
epoch: 10	train loss: 872.416259765625	(24.8s)
epoch: 11	train loss: 1099.7774658203125	(24.8s)
epoch: 12	train loss: 893.3348388671875	(24.7s)
epoch: 13	train loss: 2177.120849609375	(24.8s)
epoch: 14	train loss: 1939.6072998046875	(24.8s)
epoch: 15	train loss: 984.8740234375	(24.8s)
epoch: 16	train loss: 2104.124755859375	(24.8s)
epoch: 17	train loss: 608.160888671875	(24.9s)
epoch: 18	train loss: 798.8584594726562	(24.7s)
epoch: 19	train loss: 579.1726684570312	(24.8s)
epoch: 20	train loss: 590.33837890625	(24.7s)
epoch: 21	train loss: 2024.6038818359375	(24.8s)
epoch: 22	train loss: 804.8624877929688	(24.7s)
epoch: 23	train loss: 754.1366577148438	(24.8s)
epoch: 24	train loss: 745.80615234375	(24.7s)
epoch: 25	train loss: 700.0703735351562	(24.7s)
epoch: 26	train loss: 1479.091064453125	(24.8s)
epoch: 27	train loss: 913.201171875	(24.8s)
epoch: 28	train loss: 1993.3980712890625	(24.7s)
epoch: 29	train loss: 721.1600341796875	(24.8s)
epoch: 30	train loss: 902.926025390625	(24.8s)
epoch: 31	train loss: 1435.413818359375	(24.7s)
epoch: 32	train loss: 618.5823364257812	(24.6s)
epoch: 33	train loss: 657.939208984375	(24.7s)
epoch: 34	train loss: 563.277099609375	(24.7s)
epoch: 35	train loss: 1642.800537109375	(24.8s)
epoch: 36	train loss: 1108.66748046875	(24.7s)
epoch: 37	train loss: 575.005615234375	(24.8s)
epoch: 38	train loss: 882.1306762695312	(24.7s)
epoch: 39	train loss: 1080.21875	(24.7s)
epoch: 40	train loss: 833.089111328125	(24.7s)
epoch: 41	train loss: 937.4407958984375	(24.8s)
epoch: 42	train loss: 849.496337890625	(24.7s)
epoch: 43	train loss: 791.52783203125	(24.8s)
epoch: 44	train loss: 1112.7244873046875	(24.7s)
epoch: 45	train loss: 3293.053466796875	(24.8s)
epoch: 46	train loss: 1194.623291015625	(24.8s)
epoch: 47	train loss: 616.3301391601562	(24.7s)
epoch: 48	train loss: 470.2272033691406	(24.7s)
epoch: 49	train loss: 790.3450927734375	(24.8s)
epoch: 50	train loss: 664.3150634765625	(24.7s)
epoch: 51	train loss: 1058.543701171875	(24.7s)
epoch: 52	train loss: 843.1416015625	(24.6s)
epoch: 53	train loss: 607.2379760742188	(24.8s)
epoch: 54	train loss: 326.7107849121094	(24.6s)
epoch: 55	train loss: 661.3387451171875	(24.8s)
epoch: 56	train loss: 2343.360107421875	(24.7s)
epoch: 57	train loss: 1578.973388671875	(24.8s)
epoch: 58	train loss: 582.090087890625	(24.7s)
epoch: 59	train loss: 1064.6865234375	(24.8s)
epoch: 60	train loss: 925.4296875	(24.7s)
epoch: 61	train loss: 366.6637268066406	(24.9s)
epoch: 62	train loss: 274.2855529785156	(24.7s)
epoch: 63	train loss: 1292.4591064453125	(24.8s)
epoch: 64	train loss: 485.9751281738281	(24.7s)
epoch: 65	train loss: 773.6281127929688	(24.8s)
epoch: 66	train loss: 2010.0006103515625	(24.7s)
epoch: 67	train loss: 1112.8944091796875	(24.8s)
epoch: 68	train loss: 967.6724853515625	(24.7s)
epoch: 69	train loss: 762.169189453125	(24.8s)
epoch: 70	train loss: 420.38580322265625	(24.6s)
epoch: 71	train loss: 944.06005859375	(24.7s)
epoch: 72	train loss: 539.1446533203125	(24.7s)
epoch: 73	train loss: 449.681884765625	(24.9s)
epoch: 74	train loss: 706.642578125	(24.7s)
epoch: 75	train loss: 705.2516479492188	(24.8s)
epoch: 76	train loss: 1708.3369140625	(24.7s)
epoch: 77	train loss: 1471.5911865234375	(24.8s)
epoch: 78	train loss: 1241.450439453125	(24.6s)
epoch: 79	train loss: 747.818603515625	(24.7s)
epoch: 80	train loss: 1047.50732421875	(24.8s)
epoch: 81	train loss: 2156.979736328125	(24.8s)
epoch: 82	train loss: 638.3207397460938	(24.7s)
epoch: 83	train loss: 408.95068359375	(24.8s)
epoch: 84	train loss: 1276.2919921875	(24.7s)
epoch: 85	train loss: 504.9609069824219	(24.9s)
epoch: 86	train loss: 1020.8517456054688	(24.6s)
epoch: 87	train loss: 482.77838134765625	(24.7s)
epoch: 88	train loss: 176.47669982910156	(24.6s)
epoch: 89	train loss: 592.188720703125	(24.8s)
epoch: 90	train loss: 1820.367431640625	(24.7s)
epoch: 91	train loss: 536.0154418945312	(24.8s)
epoch: 92	train loss: 1087.0687255859375	(24.7s)
epoch: 93	train loss: 561.8606567382812	(24.8s)
epoch: 94	train loss: 639.95458984375	(24.6s)
epoch: 95	train loss: 1873.62939453125	(24.7s)
epoch: 96	train loss: 1419.136474609375	(24.6s)
epoch: 97	train loss: 862.321044921875	(24.8s)
epoch: 98	train loss: 486.8123474121094	(24.7s)
epoch: 99	train loss: 1513.3746337890625	(24.7s)
Evaluating model on 200 episodes
Solved 198/200 episodes
Evaluated model in 25.7 seconds
Saved model for run
5ba29de160934f16910023ff39507702 with name round-17
Round 18
Generated trajectories in 72.3 seconds
epoch: 0	train loss: 2040.4146728515625	(24.6s)
epoch: 1	train loss: 1571.1395263671875	(24.4s)
epoch: 2	train loss: 2231.67333984375	(24.6s)
epoch: 3	train loss: 1250.8690185546875	(24.6s)
epoch: 4	train loss: 1508.5218505859375	(24.6s)
epoch: 5	train loss: 1189.68798828125	(24.5s)
epoch: 6	train loss: 929.6196899414062	(24.6s)
epoch: 7	train loss: 805.27734375	(24.6s)
epoch: 8	train loss: 2364.846435546875	(24.8s)
epoch: 9	train loss: 1290.7379150390625	(24.7s)
epoch: 10	train loss: 1044.2049560546875	(24.7s)
epoch: 11	train loss: 711.4556884765625	(24.6s)
epoch: 12	train loss: 1102.42138671875	(24.8s)
epoch: 13	train loss: 695.739501953125	(24.6s)
epoch: 14	train loss: 602.738525390625	(24.7s)
epoch: 15	train loss: 1037.7802734375	(24.7s)
epoch: 16	train loss: 1088.804931640625	(24.7s)
epoch: 17	train loss: 1487.1688232421875	(24.6s)
epoch: 18	train loss: 1128.178466796875	(24.7s)
epoch: 19	train loss: 1785.6402587890625	(24.6s)
epoch: 20	train loss: 628.2710571289062	(24.8s)
epoch: 21	train loss: 1095.9266357421875	(24.7s)
epoch: 22	train loss: 650.01318359375	(24.7s)
epoch: 23	train loss: 1227.83154296875	(24.6s)
epoch: 24	train loss: 882.1807250976562	(24.7s)
epoch: 25	train loss: 773.0512084960938	(24.6s)
epoch: 26	train loss: 751.4561767578125	(24.7s)
epoch: 27	train loss: 363.53680419921875	(24.7s)
epoch: 28	train loss: 1428.44677734375	(24.7s)
epoch: 29	train loss: 2103.692138671875	(24.6s)
epoch: 30	train loss: 805.9190063476562	(24.7s)
epoch: 31	train loss: 786.0595092773438	(24.6s)
epoch: 32	train loss: 728.5565185546875	(24.8s)
epoch: 33	train loss: 784.0579223632812	(24.7s)
epoch: 34	train loss: 544.8603515625	(24.7s)
epoch: 35	train loss: 854.9597778320312	(24.6s)
epoch: 36	train loss: 949.6204223632812	(24.7s)
epoch: 37	train loss: 1215.2333984375	(24.6s)
epoch: 38	train loss: 860.9092407226562	(24.7s)
epoch: 39	train loss: 966.1473999023438	(24.6s)
epoch: 40	train loss: 1196.6666259765625	(24.8s)
epoch: 41	train loss: 2046.528076171875	(24.6s)
epoch: 42	train loss: 895.9021606445312	(24.6s)
epoch: 43	train loss: 2257.408447265625	(24.5s)
epoch: 44	train loss: 721.7926635742188	(24.6s)
epoch: 45	train loss: 542.1224365234375	(24.5s)
epoch: 46	train loss: 486.98260498046875	(24.7s)
epoch: 47	train loss: 387.4270935058594	(24.6s)
epoch: 48	train loss: 1079.875244140625	(24.8s)
epoch: 49	train loss: 749.630859375	(24.7s)
epoch: 50	train loss: 2152.938720703125	(24.7s)
epoch: 51	train loss: 747.9212036132812	(24.6s)
epoch: 52	train loss: 948.6571044921875	(24.8s)
epoch: 53	train loss: 907.8345336914062	(24.7s)
epoch: 54	train loss: 620.16162109375	(24.7s)
epoch: 55	train loss: 543.7704467773438	(24.6s)
epoch: 56	train loss: 1090.8631591796875	(24.7s)
epoch: 57	train loss: 793.8517456054688	(24.7s)
epoch: 58	train loss: 2396.813232421875	(24.7s)
epoch: 59	train loss: 634.7560424804688	(24.6s)
epoch: 60	train loss: 1803.28564453125	(24.7s)
epoch: 61	train loss: 474.02447509765625	(24.6s)
epoch: 62	train loss: 497.5252685546875	(24.7s)
epoch: 63	train loss: 970.166748046875	(24.7s)
epoch: 64	train loss: 1546.0994873046875	(24.8s)
epoch: 65	train loss: 1294.2059326171875	(24.6s)
epoch: 66	train loss: 1859.33740234375	(24.7s)
epoch: 67	train loss: 954.7928466796875	(24.7s)
epoch: 68	train loss: 628.750732421875	(24.8s)
epoch: 69	train loss: 1210.1279296875	(24.6s)
epoch: 70	train loss: 2394.5341796875	(24.7s)
epoch: 71	train loss: 585.43994140625	(24.6s)
epoch: 72	train loss: 364.4226989746094	(24.8s)
epoch: 73	train loss: 551.1129150390625	(24.7s)
epoch: 74	train loss: 1277.387451171875	(24.7s)
epoch: 75	train loss: 497.4501647949219	(24.6s)
epoch: 76	train loss: 1122.749755859375	(24.7s)
epoch: 77	train loss: 670.4964599609375	(24.7s)
epoch: 78	train loss: 1095.4334716796875	(24.7s)
epoch: 79	train loss: 574.3136596679688	(24.6s)
epoch: 80	train loss: 693.638916015625	(24.8s)
epoch: 81	train loss: 447.3154602050781	(24.6s)
epoch: 82	train loss: 1003.5797729492188	(24.5s)
epoch: 83	train loss: 764.884765625	(24.5s)
epoch: 84	train loss: 4731.01904296875	(24.6s)
epoch: 85	train loss: 831.3749389648438	(24.7s)
epoch: 86	train loss: 502.8466796875	(24.7s)
epoch: 87	train loss: 980.578369140625	(24.6s)
epoch: 88	train loss: 491.6835021972656	(24.7s)
epoch: 89	train loss: 488.91339111328125	(24.6s)
epoch: 90	train loss: 417.0413513183594	(24.7s)
epoch: 91	train loss: 1122.328369140625	(24.6s)
epoch: 92	train loss: 893.195068359375	(24.7s)
epoch: 93	train loss: 1433.66552734375	(24.6s)
epoch: 94	train loss: 519.7896728515625	(24.6s)
epoch: 95	train loss: 572.1637573242188	(24.5s)
epoch: 96	train loss: 808.0004272460938	(24.7s)
epoch: 97	train loss: 617.6593017578125	(24.6s)
epoch: 98	train loss: 822.784423828125	(24.6s)
epoch: 99	train loss: 799.2993774414062	(24.5s)
Evaluating model on 200 episodes
Solved 196/200 episodes
Evaluated model in 25.7 seconds
Saved model for run
5ba29de160934f16910023ff39507702 with name round-18
Round 19
Generated trajectories in 73.1 seconds
epoch: 0	train loss: 1796.8399658203125	(24.7s)
epoch: 1	train loss: 1423.9608154296875	(24.5s)
epoch: 2	train loss: 1079.0301513671875	(24.8s)
epoch: 3	train loss: 1277.51416015625	(24.7s)
epoch: 4	train loss: 1506.1201171875	(24.8s)
epoch: 5	train loss: 2663.645263671875	(24.8s)
epoch: 6	train loss: 820.9957885742188	(24.9s)
epoch: 7	train loss: 661.9854736328125	(24.8s)
epoch: 8	train loss: 502.9793701171875	(24.8s)
epoch: 9	train loss: 801.6102294921875	(24.7s)
epoch: 10	train loss: 1256.943359375	(24.8s)
epoch: 11	train loss: 1236.3323974609375	(24.7s)
epoch: 12	train loss: 684.2727661132812	(24.8s)
epoch: 13	train loss: 786.6038208007812	(24.6s)
epoch: 14	train loss: 1378.9339599609375	(24.8s)
epoch: 15	train loss: 1107.9224853515625	(24.5s)
epoch: 16	train loss: 1375.569580078125	(24.8s)
epoch: 17	train loss: 2059.001953125	(24.6s)
epoch: 18	train loss: 942.2561645507812	(24.7s)
epoch: 19	train loss: 809.57080078125	(24.6s)
epoch: 20	train loss: 1039.708251953125	(24.8s)
epoch: 21	train loss: 1093.2918701171875	(24.8s)
epoch: 22	train loss: 593.4996337890625	(24.9s)
epoch: 23	train loss: 461.5489196777344	(24.7s)
epoch: 24	train loss: 1986.4638671875	(24.8s)
epoch: 25	train loss: 2559.662109375	(24.7s)
epoch: 26	train loss: 1140.1588134765625	(24.8s)
epoch: 27	train loss: 2041.819580078125	(24.5s)
epoch: 28	train loss: 1065.4227294921875	(24.8s)
epoch: 29	train loss: 774.3007202148438	(24.8s)
epoch: 30	train loss: 632.0147094726562	(24.9s)
epoch: 31	train loss: 351.46234130859375	(24.7s)
epoch: 32	train loss: 636.741943359375	(24.8s)
epoch: 33	train loss: 955.1016845703125	(24.7s)
epoch: 34	train loss: 1077.7916259765625	(24.8s)
epoch: 35	train loss: 1401.4908447265625	(24.7s)
epoch: 36	train loss: 1884.91064453125	(24.8s)
epoch: 37	train loss: 582.1854858398438	(24.7s)
epoch: 38	train loss: 833.8012084960938	(24.8s)
epoch: 39	train loss: 832.0286865234375	(24.7s)
epoch: 40	train loss: 879.980224609375	(24.6s)
epoch: 41	train loss: 906.233154296875	(24.7s)
epoch: 42	train loss: 1471.4940185546875	(24.6s)
epoch: 43	train loss: 1534.2801513671875	(24.7s)
epoch: 44	train loss: 773.8307495117188	(24.8s)
epoch: 45	train loss: 1824.078125	(24.8s)
epoch: 46	train loss: 394.75048828125	(24.8s)
epoch: 47	train loss: 918.40185546875	(24.7s)
epoch: 48	train loss: 379.41552734375	(24.7s)
epoch: 49	train loss: 809.7931518554688	(24.7s)
epoch: 50	train loss: 1572.0185546875	(24.8s)
epoch: 51	train loss: 716.6443481445312	(24.7s)
epoch: 52	train loss: 851.5014038085938	(24.8s)
epoch: 53	train loss: 2326.279052734375	(24.8s)
epoch: 54	train loss: 803.9886474609375	(24.9s)
epoch: 55	train loss: 479.48712158203125	(24.6s)
epoch: 56	train loss: 481.3388366699219	(24.7s)
epoch: 57	train loss: 636.6041870117188	(24.6s)
epoch: 58	train loss: 394.117919921875	(24.7s)
epoch: 59	train loss: 801.2828979492188	(24.7s)
epoch: 60	train loss: 1928.55712890625	(24.7s)
epoch: 61	train loss: 2007.1937255859375	(24.8s)
epoch: 62	train loss: 1721.787109375	(24.8s)
epoch: 63	train loss: 578.5639038085938	(24.7s)
epoch: 64	train loss: 498.0124816894531	(24.8s)
epoch: 65	train loss: 482.29205322265625	(24.8s)
epoch: 66	train loss: 557.6078491210938	(24.8s)
epoch: 67	train loss: 299.1397399902344	(24.7s)
epoch: 68	train loss: 898.8617553710938	(24.8s)
epoch: 69	train loss: 698.8817138671875	(24.7s)
epoch: 70	train loss: 826.2891845703125	(24.8s)
epoch: 71	train loss: 1343.647705078125	(24.7s)
epoch: 72	train loss: 1435.54443359375	(24.7s)
epoch: 73	train loss: 1538.4359130859375	(24.8s)
epoch: 74	train loss: 1152.4383544921875	(24.9s)
epoch: 75	train loss: 953.5466918945312	(24.7s)
epoch: 76	train loss: 1480.8779296875	(24.8s)
epoch: 77	train loss: 487.2712707519531	(24.8s)
epoch: 78	train loss: 1447.391845703125	(24.8s)
epoch: 79	train loss: 1656.3221435546875	(24.7s)
epoch: 80	train loss: 526.455322265625	(24.6s)
epoch: 81	train loss: 475.7261962890625	(24.8s)
epoch: 82	train loss: 325.02606201171875	(24.8s)
epoch: 83	train loss: 1080.5106201171875	(24.8s)
epoch: 84	train loss: 452.73260498046875	(24.8s)
epoch: 85	train loss: 365.6319274902344	(24.7s)
epoch: 86	train loss: 1513.644287109375	(24.9s)
epoch: 87	train loss: 1867.7744140625	(24.7s)
epoch: 88	train loss: 417.48193359375	(24.8s)
epoch: 89	train loss: 642.993896484375	(24.7s)
epoch: 90	train loss: 1007.3331909179688	(24.9s)
epoch: 91	train loss: 476.32611083984375	(24.7s)
epoch: 92	train loss: 414.88555908203125	(24.8s)
epoch: 93	train loss: 1056.753662109375	(24.7s)
epoch: 94	train loss: 951.1246948242188	(24.7s)
epoch: 95	train loss: 657.5791625976562	(24.5s)
epoch: 96	train loss: 1935.9398193359375	(24.6s)
epoch: 97	train loss: 1125.6785888671875	(24.7s)
epoch: 98	train loss: 426.3629455566406	(24.7s)
epoch: 99	train loss: 456.9837341308594	(24.7s)
Evaluating model on 200 episodes
Solved 200/200 episodes
Evaluated model in 26.5 seconds
Saved model for run
5ba29de160934f16910023ff39507702 with name round-19
Completed training in 52146.5 seconds
