Using torch device NVIDIA GeForce RTX 3090
homo controller
net: causal
cc_weight: 1
params: {'epochs': 100, 'lr': 0.0008, 'n': 5000}
Net has 207442 parameters
Round 0
Generated trajectories in 73.1 seconds
warning: fw and bw disagree by 1.33514404296875e-05
fw: -26.928852081298828, bw: -26.928865432739258, hmm_fw: -26.928855895996094
a: -3.814697265625e-06, b: -3.814697265625e-06, hmm_fw: -26.928855895996094
warning: fw and bw disagree by 1.33514404296875e-05
fw: -23.381954193115234, bw: -23.381967544555664, hmm_fw: -23.381956100463867
a: -1.9073486328125e-06, b: -1.9073486328125e-06, hmm_fw: -23.381956100463867
warning: fw and bw disagree by 1.049041748046875e-05
fw: -14.529866218566895, bw: -14.529855728149414, hmm_fw: -14.529866218566895
a: 0.0, b: 0.0, hmm_fw: -14.529866218566895
warning: fw and bw disagree by 1.1444091796875e-05
fw: -29.409154891967773, bw: -29.409143447875977, hmm_fw: -29.409154891967773
a: 0.0, b: 0.0, hmm_fw: -29.409154891967773
warning: fw and bw disagree by 1.1444091796875e-05
fw: -29.59133529663086, bw: -29.591346740722656, hmm_fw: -29.59133529663086
a: 0.0, b: 0.0, hmm_fw: -29.59133529663086
warning: fw and bw disagree by 1.1444091796875e-05
fw: -23.574325561523438, bw: -23.574337005615234, hmm_fw: -23.57432746887207
a: -1.9073486328125e-06, b: -1.9073486328125e-06, hmm_fw: -23.57432746887207
warning: fw and bw disagree by 1.1444091796875e-05
fw: -26.00337791442871, bw: -26.003366470336914, hmm_fw: -26.00337791442871
a: 0.0, b: 0.0, hmm_fw: -26.00337791442871
warning: fw and bw disagree by 1.1444091796875e-05
fw: -27.385562896728516, bw: -27.385574340820312, hmm_fw: -27.385562896728516
a: 0.0, b: 0.0, hmm_fw: -27.385562896728516
warning: fw and bw disagree by 1.33514404296875e-05
fw: -22.84746742248535, bw: -22.84748077392578, hmm_fw: -22.847469329833984
a: -1.9073486328125e-06, b: -1.9073486328125e-06, hmm_fw: -22.847469329833984
warning: fw and bw disagree by 1.33514404296875e-05
fw: -22.425260543823242, bw: -22.425273895263672, hmm_fw: -22.425262451171875
a: -1.9073486328125e-06, b: -1.9073486328125e-06, hmm_fw: -22.425262451171875
warning: fw and bw disagree by 1.1444091796875e-05
fw: -28.457530975341797, bw: -28.457542419433594, hmm_fw: -28.45753288269043
a: -1.9073486328125e-06, b: -1.9073486328125e-06, hmm_fw: -28.45753288269043
warning: fw and bw disagree by 1.1444091796875e-05
fw: -33.75791549682617, bw: -33.757904052734375, hmm_fw: -33.757904052734375
a: 1.1444091796875e-05, b: 1.1444091796875e-05, hmm_fw: -33.757904052734375
warning: fw and bw disagree by 1.1444091796875e-05
fw: -25.4628963470459, bw: -25.462907791137695, hmm_fw: -25.462894439697266
a: 1.9073486328125e-06, b: 1.9073486328125e-06, hmm_fw: -25.462894439697266
warning: fw and bw disagree by 1.1444091796875e-05
fw: -32.22840881347656, bw: -32.228397369384766, hmm_fw: -32.2284049987793
a: 3.814697265625e-06, b: 3.814697265625e-06, hmm_fw: -32.2284049987793
warning: fw and bw disagree by 1.1444091796875e-05
fw: -23.16986083984375, bw: -23.169872283935547, hmm_fw: -23.169862747192383
a: -1.9073486328125e-06, b: -1.9073486328125e-06, hmm_fw: -23.169862747192383
warning: fw and bw disagree by 1.1444091796875e-05
fw: -29.624326705932617, bw: -29.62431526184082, hmm_fw: -29.624326705932617
a: 0.0, b: 0.0, hmm_fw: -29.624326705932617
warning: fw and bw disagree by 1.1444091796875e-05
fw: -33.3278923034668, bw: -33.327903747558594, hmm_fw: -33.32788848876953
a: 3.814697265625e-06, b: 3.814697265625e-06, hmm_fw: -33.32788848876953
warning: fw and bw disagree by 1.1444091796875e-05
fw: -31.600725173950195, bw: -31.6007137298584, hmm_fw: -31.600723266601562
a: 1.9073486328125e-06, b: 1.9073486328125e-06, hmm_fw: -31.600723266601562
warning: fw and bw disagree by 1.1444091796875e-05
fw: -30.86858367919922, bw: -30.868572235107422, hmm_fw: -30.868581771850586
a: 1.9073486328125e-06, b: 1.9073486328125e-06, hmm_fw: -30.868581771850586
warning: fw and bw disagree by 1.33514404296875e-05
fw: -24.906400680541992, bw: -24.906414031982422, hmm_fw: -24.90641212463379
a: -1.1444091796875e-05, b: -1.1444091796875e-05, hmm_fw: -24.90641212463379
warning: fw and bw disagree by 1.1444091796875e-05
fw: -27.264183044433594, bw: -27.26419448852539, hmm_fw: -27.26418113708496
a: 1.9073486328125e-06, b: 1.9073486328125e-06, hmm_fw: -27.26418113708496
warning: fw and bw disagree by 1.1444091796875e-05
fw: -27.181673049926758, bw: -27.18166160583496, hmm_fw: -27.181665420532227
a: 7.62939453125e-06, b: 7.62939453125e-06, hmm_fw: -27.181665420532227
warning: fw and bw disagree by 1.1444091796875e-05
fw: -30.30158042907715, bw: -30.301591873168945, hmm_fw: -30.301584243774414
a: -3.814697265625e-06, b: -3.814697265625e-06, hmm_fw: -30.301584243774414
warning: fw and bw disagree by 1.33514404296875e-05
fw: -27.052202224731445, bw: -27.052215576171875, hmm_fw: -27.052204132080078
a: -1.9073486328125e-06, b: -1.9073486328125e-06, hmm_fw: -27.052204132080078
warning: fw and bw disagree by 1.33514404296875e-05
fw: -26.355995178222656, bw: -26.356008529663086, hmm_fw: -26.355998992919922
a: -3.814697265625e-06, b: -3.814697265625e-06, hmm_fw: -26.355998992919922
warning: fw and bw disagree by 1.52587890625e-05
fw: -41.90986633300781, bw: -41.90985107421875, hmm_fw: -41.90986633300781
a: 0.0, b: 0.0, hmm_fw: -41.90986633300781
warning: fw and bw disagree by 1.1444091796875e-05
fw: -33.59822463989258, bw: -33.598236083984375, hmm_fw: -33.59822463989258
a: 0.0, b: 0.0, hmm_fw: -33.59822463989258
warning: fw and bw disagree by 1.1444091796875e-05
fw: -28.690670013427734, bw: -28.69068145751953, hmm_fw: -28.690671920776367
a: -1.9073486328125e-06, b: -1.9073486328125e-06, hmm_fw: -28.690671920776367
warning: fw and bw disagree by 1.71661376953125e-05
fw: -28.897920608520508, bw: -28.897903442382812, hmm_fw: -28.897916793823242
a: 3.814697265625e-06, b: 3.814697265625e-06, hmm_fw: -28.897916793823242
warning: fw and bw disagree by 1.1444091796875e-05
fw: -28.852453231811523, bw: -28.852441787719727, hmm_fw: -28.85245132446289
a: 1.9073486328125e-06, b: 1.9073486328125e-06, hmm_fw: -28.85245132446289
warning: fw and bw disagree by 1.1444091796875e-05
fw: -27.81520652770996, bw: -27.815217971801758, hmm_fw: -27.815210342407227
a: -3.814697265625e-06, b: -3.814697265625e-06, hmm_fw: -27.815210342407227
warning: fw and bw disagree by 1.1444091796875e-05
fw: -29.111244201660156, bw: -29.11123275756836, hmm_fw: -29.111244201660156
a: 0.0, b: 0.0, hmm_fw: -29.111244201660156
warning: fw and bw disagree by 1.52587890625e-05
fw: -33.31787109375, bw: -33.31788635253906, hmm_fw: -33.317867279052734
a: 3.814697265625e-06, b: 3.814697265625e-06, hmm_fw: -33.317867279052734
warning: fw and bw disagree by 1.1444091796875e-05
fw: -23.410879135131836, bw: -23.410890579223633, hmm_fw: -23.4108829498291
a: -3.814697265625e-06, b: -3.814697265625e-06, hmm_fw: -23.4108829498291
warning: fw and bw disagree by 1.9073486328125e-05
fw: -38.14558410644531, bw: -38.145565032958984, hmm_fw: -38.14558792114258
a: -3.814697265625e-06, b: -3.814697265625e-06, hmm_fw: -38.14558792114258
warning: fw and bw disagree by 1.1444091796875e-05
fw: -20.658897399902344, bw: -20.658885955810547, hmm_fw: -20.658899307250977
a: -1.9073486328125e-06, b: -1.9073486328125e-06, hmm_fw: -20.658899307250977
warning: fw and bw disagree by 1.1444091796875e-05
fw: -23.179485321044922, bw: -23.17949676513672, hmm_fw: -23.179485321044922
a: 0.0, b: 0.0, hmm_fw: -23.179485321044922
warning: fw and bw disagree by 1.1444091796875e-05
fw: -23.774147033691406, bw: -23.774158477783203, hmm_fw: -23.774147033691406
a: 0.0, b: 0.0, hmm_fw: -23.774147033691406
warning: fw and bw disagree by 1.33514404296875e-05
fw: -29.37078857421875, bw: -29.37077522277832, hmm_fw: -29.370790481567383
a: -1.9073486328125e-06, b: -1.9073486328125e-06, hmm_fw: -29.370790481567383
warning: fw and bw disagree by 1.1444091796875e-05
fw: -30.463685989379883, bw: -30.46369743347168, hmm_fw: -30.463687896728516
a: -1.9073486328125e-06, b: -1.9073486328125e-06, hmm_fw: -30.463687896728516
warning: fw and bw disagree by 1.1444091796875e-05
fw: -41.362056732177734, bw: -41.36206817626953, hmm_fw: -41.362060546875
a: -3.814697265625e-06, b: -3.814697265625e-06, hmm_fw: -41.362060546875
warning: fw and bw disagree by 1.52587890625e-05
fw: -27.681968688964844, bw: -27.68195343017578, hmm_fw: -27.681968688964844
a: 0.0, b: 0.0, hmm_fw: -27.681968688964844
warning: fw and bw disagree by 1.1444091796875e-05
fw: -25.7774658203125, bw: -25.777477264404297, hmm_fw: -25.777467727661133
a: -1.9073486328125e-06, b: -1.9073486328125e-06, hmm_fw: -25.777467727661133
warning: fw and bw disagree by 1.52587890625e-05
fw: -33.88495635986328, bw: -33.884971618652344, hmm_fw: -33.88496017456055
a: -3.814697265625e-06, b: -3.814697265625e-06, hmm_fw: -33.88496017456055
warning: fw and bw disagree by 1.1444091796875e-05
fw: -38.093135833740234, bw: -38.09312438964844, hmm_fw: -38.093135833740234
a: 0.0, b: 0.0, hmm_fw: -38.093135833740234
warning: fw and bw disagree by 1.52587890625e-05
fw: -44.36379623413086, bw: -44.3637809753418, hmm_fw: -44.363792419433594
a: 3.814697265625e-06, b: 3.814697265625e-06, hmm_fw: -44.363792419433594
epoch: 0	train loss: 101088.6640625	(255.0s)
warning: fw and bw disagree by 1.33514404296875e-05
fw: -16.801912307739258, bw: -16.801925659179688, hmm_fw: -16.801918029785156
a: -5.7220458984375e-06, b: -5.7220458984375e-06, hmm_fw: -16.801918029785156
warning: fw and bw disagree by 1.1444091796875e-05
fw: -24.689468383789062, bw: -24.68947982788086, hmm_fw: -24.689470291137695
a: -1.9073486328125e-06, b: -1.9073486328125e-06, hmm_fw: -24.689470291137695
warning: fw and bw disagree by 1.1444091796875e-05
fw: -17.345020294189453, bw: -17.34503173828125, hmm_fw: -17.345027923583984
a: -7.62939453125e-06, b: -7.62939453125e-06, hmm_fw: -17.345027923583984
warning: fw and bw disagree by 1.33514404296875e-05
fw: -29.298973083496094, bw: -29.298986434936523, hmm_fw: -29.298973083496094
a: 0.0, b: 0.0, hmm_fw: -29.298973083496094
warning: fw and bw disagree by 1.1444091796875e-05
fw: -19.359956741333008, bw: -19.359968185424805, hmm_fw: -19.35995864868164
a: -1.9073486328125e-06, b: -1.9073486328125e-06, hmm_fw: -19.35995864868164
warning: fw and bw disagree by 1.1444091796875e-05
fw: -16.682390213012695, bw: -16.6823787689209, hmm_fw: -16.682390213012695
a: 0.0, b: 0.0, hmm_fw: -16.682390213012695
warning: fw and bw disagree by 1.9073486328125e-05
fw: -37.61884689331055, bw: -37.618865966796875, hmm_fw: -37.61884307861328
a: 3.814697265625e-06, b: 3.814697265625e-06, hmm_fw: -37.61884307861328
warning: fw and bw disagree by 1.1444091796875e-05
fw: -24.452041625976562, bw: -24.452030181884766, hmm_fw: -24.452045440673828
a: -3.814697265625e-06, b: -3.814697265625e-06, hmm_fw: -24.452045440673828
warning: fw and bw disagree by 1.1444091796875e-05
fw: -23.142494201660156, bw: -23.14248275756836, hmm_fw: -23.142498016357422
a: -3.814697265625e-06, b: -3.814697265625e-06, hmm_fw: -23.142498016357422
warning: fw and bw disagree by 1.1444091796875e-05
fw: -24.375741958618164, bw: -24.375730514526367, hmm_fw: -24.3757381439209
a: 3.814697265625e-06, b: 3.814697265625e-06, hmm_fw: -24.3757381439209
warning: fw and bw disagree by 1.1444091796875e-05
fw: -22.174619674682617, bw: -22.174631118774414, hmm_fw: -22.174617767333984
a: 1.9073486328125e-06, b: 1.9073486328125e-06, hmm_fw: -22.174617767333984
warning: fw and bw disagree by 1.1444091796875e-05
fw: -25.827232360839844, bw: -25.827220916748047, hmm_fw: -25.827232360839844
a: 0.0, b: 0.0, hmm_fw: -25.827232360839844
warning: fw and bw disagree by 1.52587890625e-05
fw: -28.89305305480957, bw: -28.893068313598633, hmm_fw: -28.89305877685547
a: -5.7220458984375e-06, b: -5.7220458984375e-06, hmm_fw: -28.89305877685547
warning: fw and bw disagree by 1.1444091796875e-05
fw: -25.54515838623047, bw: -25.545146942138672, hmm_fw: -25.545154571533203
a: 3.814697265625e-06, b: 3.814697265625e-06, hmm_fw: -25.545154571533203
warning: fw and bw disagree by 1.1444091796875e-05
fw: -22.60662078857422, bw: -22.606632232666016, hmm_fw: -22.606624603271484
a: -3.814697265625e-06, b: -3.814697265625e-06, hmm_fw: -22.606624603271484
warning: fw and bw disagree by 1.33514404296875e-05
fw: -25.835071563720703, bw: -25.835084915161133, hmm_fw: -25.835071563720703
a: 0.0, b: 0.0, hmm_fw: -25.835071563720703
warning: fw and bw disagree by 1.52587890625e-05
fw: -26.133342742919922, bw: -26.13332748413086, hmm_fw: -26.13333511352539
a: 7.62939453125e-06, b: 7.62939453125e-06, hmm_fw: -26.13333511352539
warning: fw and bw disagree by 1.1444091796875e-05
fw: -29.124282836914062, bw: -29.12429428100586, hmm_fw: -29.124286651611328
a: -3.814697265625e-06, b: -3.814697265625e-06, hmm_fw: -29.124286651611328
warning: fw and bw disagree by 1.1444091796875e-05
fw: -22.052337646484375, bw: -22.052326202392578, hmm_fw: -22.05233383178711
a: 3.814697265625e-06, b: 3.814697265625e-06, hmm_fw: -22.05233383178711
warning: fw and bw disagree by 1.1444091796875e-05
fw: -39.52740478515625, bw: -39.52741622924805, hmm_fw: -39.52741241455078
a: -7.62939453125e-06, b: -7.62939453125e-06, hmm_fw: -39.52741241455078
warning: fw and bw disagree by 1.1444091796875e-05
fw: -38.10109329223633, bw: -38.10108184814453, hmm_fw: -38.1010856628418
a: 7.62939453125e-06, b: 7.62939453125e-06, hmm_fw: -38.1010856628418
warning: fw and bw disagree by 1.1444091796875e-05
fw: -23.820512771606445, bw: -23.820524215698242, hmm_fw: -23.820512771606445
a: 0.0, b: 0.0, hmm_fw: -23.820512771606445
warning: fw and bw disagree by 1.1444091796875e-05
fw: -22.962148666381836, bw: -22.96213722229004, hmm_fw: -22.962148666381836
a: 0.0, b: 0.0, hmm_fw: -22.962148666381836
warning: fw and bw disagree by 1.33514404296875e-05
fw: -26.91283416748047, bw: -26.9128475189209, hmm_fw: -26.912841796875
a: -7.62939453125e-06, b: -7.62939453125e-06, hmm_fw: -26.912841796875
warning: fw and bw disagree by 1.1444091796875e-05
fw: -24.34505271911621, bw: -24.345064163208008, hmm_fw: -24.345054626464844
a: -1.9073486328125e-06, b: -1.9073486328125e-06, hmm_fw: -24.345054626464844
warning: fw and bw disagree by 1.1444091796875e-05
fw: -24.69554328918457, bw: -24.695554733276367, hmm_fw: -24.695541381835938
a: 1.9073486328125e-06, b: 1.9073486328125e-06, hmm_fw: -24.695541381835938
warning: fw and bw disagree by 1.1444091796875e-05
fw: -34.47599411010742, bw: -34.475982666015625, hmm_fw: -34.475990295410156
a: 3.814697265625e-06, b: 3.814697265625e-06, hmm_fw: -34.475990295410156
warning: fw and bw disagree by 1.1444091796875e-05
fw: -19.496992111206055, bw: -19.49700355529785, hmm_fw: -19.49698829650879
a: 3.814697265625e-06, b: 3.814697265625e-06, hmm_fw: -19.49698829650879
warning: fw and bw disagree by 1.1444091796875e-05
fw: -21.247156143188477, bw: -21.247167587280273, hmm_fw: -21.247156143188477
a: 0.0, b: 0.0, hmm_fw: -21.247156143188477
warning: fw and bw disagree by 1.33514404296875e-05
fw: -27.162342071533203, bw: -27.162355422973633, hmm_fw: -27.16234588623047
a: -3.814697265625e-06, b: -3.814697265625e-06, hmm_fw: -27.16234588623047
warning: fw and bw disagree by 1.1444091796875e-05
fw: -24.8641357421875, bw: -24.864147186279297, hmm_fw: -24.864133834838867
a: 1.9073486328125e-06, b: 1.9073486328125e-06, hmm_fw: -24.864133834838867
warning: fw and bw disagree by 1.049041748046875e-05
fw: -14.645206451416016, bw: -14.645216941833496, hmm_fw: -14.645206451416016
a: 0.0, b: 0.0, hmm_fw: -14.645206451416016
warning: fw and bw disagree by 1.1444091796875e-05
fw: -20.13011360168457, bw: -20.130125045776367, hmm_fw: -20.130117416381836
a: -3.814697265625e-06, b: -3.814697265625e-06, hmm_fw: -20.130117416381836
warning: fw and bw disagree by 1.52587890625e-05
fw: -23.808658599853516, bw: -23.808673858642578, hmm_fw: -23.80866241455078
a: -3.814697265625e-06, b: -3.814697265625e-06, hmm_fw: -23.80866241455078
warning: fw and bw disagree by 1.1444091796875e-05
fw: -24.63283348083496, bw: -24.632844924926758, hmm_fw: -24.632829666137695
a: 3.814697265625e-06, b: 3.814697265625e-06, hmm_fw: -24.632829666137695
warning: fw and bw disagree by 1.1444091796875e-05
fw: -26.635604858398438, bw: -26.635616302490234, hmm_fw: -26.63561248779297
a: -7.62939453125e-06, b: -7.62939453125e-06, hmm_fw: -26.63561248779297
warning: fw and bw disagree by 1.1444091796875e-05
fw: -21.302576065063477, bw: -21.302587509155273, hmm_fw: -21.30257797241211
a: -1.9073486328125e-06, b: -1.9073486328125e-06, hmm_fw: -21.30257797241211
warning: fw and bw disagree by 1.1444091796875e-05
fw: -18.4155330657959, bw: -18.415544509887695, hmm_fw: -18.415536880493164
a: -3.814697265625e-06, b: -3.814697265625e-06, hmm_fw: -18.415536880493164
warning: fw and bw disagree by 1.1444091796875e-05
fw: -20.756418228149414, bw: -20.75642967224121, hmm_fw: -20.75642204284668
a: -3.814697265625e-06, b: -3.814697265625e-06, hmm_fw: -20.75642204284668
warning: fw and bw disagree by 1.1444091796875e-05
fw: -18.70440673828125, bw: -18.704418182373047, hmm_fw: -18.70440673828125
a: 0.0, b: 0.0, hmm_fw: -18.70440673828125
warning: fw and bw disagree by 1.1444091796875e-05
fw: -22.945331573486328, bw: -22.945343017578125, hmm_fw: -22.94533348083496
a: -1.9073486328125e-06, b: -1.9073486328125e-06, hmm_fw: -22.94533348083496
warning: fw and bw disagree by 1.1444091796875e-05
fw: -28.453601837158203, bw: -28.453590393066406, hmm_fw: -28.453601837158203
a: 0.0, b: 0.0, hmm_fw: -28.453601837158203
warning: fw and bw disagree by 1.33514404296875e-05
fw: -19.451053619384766, bw: -19.451066970825195, hmm_fw: -19.4510555267334
a: -1.9073486328125e-06, b: -1.9073486328125e-06, hmm_fw: -19.4510555267334
warning: fw and bw disagree by 1.1444091796875e-05
fw: -19.876773834228516, bw: -19.876785278320312, hmm_fw: -19.87677764892578
a: -3.814697265625e-06, b: -3.814697265625e-06, hmm_fw: -19.87677764892578
warning: fw and bw disagree by 1.1444091796875e-05
fw: -19.508779525756836, bw: -19.508790969848633, hmm_fw: -19.508779525756836
a: 0.0, b: 0.0, hmm_fw: -19.508779525756836
warning: fw and bw disagree by 1.049041748046875e-05
fw: -15.551031112670898, bw: -15.551041603088379, hmm_fw: -15.551034927368164
a: -3.814697265625e-06, b: -3.814697265625e-06, hmm_fw: -15.551034927368164
warning: fw and bw disagree by 1.71661376953125e-05
fw: -26.6475772857666, bw: -26.647594451904297, hmm_fw: -26.647581100463867
a: -3.814697265625e-06, b: -3.814697265625e-06, hmm_fw: -26.647581100463867
warning: fw and bw disagree by 1.1444091796875e-05
fw: -18.155969619750977, bw: -18.155981063842773, hmm_fw: -18.15597152709961
a: -1.9073486328125e-06, b: -1.9073486328125e-06, hmm_fw: -18.15597152709961
warning: fw and bw disagree by 1.1444091796875e-05
fw: -21.105892181396484, bw: -21.10590362548828, hmm_fw: -21.105899810791016
a: -7.62939453125e-06, b: -7.62939453125e-06, hmm_fw: -21.105899810791016
warning: fw and bw disagree by 1.1444091796875e-05
fw: -23.36908721923828, bw: -23.369098663330078, hmm_fw: -23.369089126586914
a: -1.9073486328125e-06, b: -1.9073486328125e-06, hmm_fw: -23.369089126586914
warning: fw and bw disagree by 1.049041748046875e-05
fw: -13.833094596862793, bw: -13.833105087280273, hmm_fw: -13.833099365234375
a: -4.76837158203125e-06, b: -4.76837158203125e-06, hmm_fw: -13.833099365234375
warning: fw and bw disagree by 1.1444091796875e-05
fw: -22.235599517822266, bw: -22.235610961914062, hmm_fw: -22.235597610473633
a: 1.9073486328125e-06, b: 1.9073486328125e-06, hmm_fw: -22.235597610473633
warning: fw and bw disagree by 1.1444091796875e-05
fw: -20.97831916809082, bw: -20.978330612182617, hmm_fw: -20.978317260742188
a: 1.9073486328125e-06, b: 1.9073486328125e-06, hmm_fw: -20.978317260742188
warning: fw and bw disagree by 1.1444091796875e-05
fw: -26.777334213256836, bw: -26.777345657348633, hmm_fw: -26.777332305908203
a: 1.9073486328125e-06, b: 1.9073486328125e-06, hmm_fw: -26.777332305908203
warning: fw and bw disagree by 1.1444091796875e-05
fw: -17.240222930908203, bw: -17.240234375, hmm_fw: -17.24022674560547
a: -3.814697265625e-06, b: -3.814697265625e-06, hmm_fw: -17.24022674560547
warning: fw and bw disagree by 1.1444091796875e-05
fw: -17.753337860107422, bw: -17.75334930419922, hmm_fw: -17.753341674804688
a: -3.814697265625e-06, b: -3.814697265625e-06, hmm_fw: -17.753341674804688
warning: fw and bw disagree by 1.52587890625e-05
fw: -22.350191116333008, bw: -22.35020637512207, hmm_fw: -22.350194931030273
a: -3.814697265625e-06, b: -3.814697265625e-06, hmm_fw: -22.350194931030273
epoch: 20	train loss: 31964.373046875	(261.1s)
warning: fw and bw disagree by 1.1444091796875e-05
fw: -19.911930084228516, bw: -19.911941528320312, hmm_fw: -19.91193389892578
a: -3.814697265625e-06, b: -3.814697265625e-06, hmm_fw: -19.91193389892578
warning: fw and bw disagree by 1.1444091796875e-05
fw: -18.380781173706055, bw: -18.380769729614258, hmm_fw: -18.380779266357422
a: 1.9073486328125e-06, b: 1.9073486328125e-06, hmm_fw: -18.380779266357422
warning: fw and bw disagree by 2.288818359375e-05
fw: -79.1102294921875, bw: -79.1102066040039, hmm_fw: -79.1102294921875
a: 0.0, b: 0.0, hmm_fw: -79.1102294921875
warning: fw and bw disagree by 1.52587890625e-05
fw: -41.04777145385742, bw: -41.047786712646484, hmm_fw: -41.047760009765625
a: 1.1444091796875e-05, b: 1.1444091796875e-05, hmm_fw: -41.047760009765625
warning: fw and bw disagree by 1.1444091796875e-05
fw: -26.92970848083496, bw: -26.929719924926758, hmm_fw: -26.92970848083496
a: 0.0, b: 0.0, hmm_fw: -26.92970848083496
warning: fw and bw disagree by 1.1444091796875e-05
fw: -18.12661361694336, bw: -18.126602172851562, hmm_fw: -18.126609802246094
a: 3.814697265625e-06, b: 3.814697265625e-06, hmm_fw: -18.126609802246094
warning: fw and bw disagree by 1.1444091796875e-05
fw: -24.683656692504883, bw: -24.68366813659668, hmm_fw: -24.68366050720215
a: -3.814697265625e-06, b: -3.814697265625e-06, hmm_fw: -24.68366050720215
epoch: 40	train loss: 32666.947265625	(258.1s)
warning: fw and bw disagree by 1.1444091796875e-05
fw: -37.31813430786133, bw: -37.318145751953125, hmm_fw: -37.31813430786133
a: 0.0, b: 0.0, hmm_fw: -37.31813430786133
warning: fw and bw disagree by 1.1444091796875e-05
fw: -25.67901611328125, bw: -25.679027557373047, hmm_fw: -25.679019927978516
a: -3.814697265625e-06, b: -3.814697265625e-06, hmm_fw: -25.679019927978516
warning: fw and bw disagree by 1.52587890625e-05
fw: -23.481231689453125, bw: -23.481246948242188, hmm_fw: -23.481231689453125
a: 0.0, b: 0.0, hmm_fw: -23.481231689453125
warning: fw and bw disagree by 1.1444091796875e-05
fw: -24.429790496826172, bw: -24.42980194091797, hmm_fw: -24.429792404174805
a: -1.9073486328125e-06, b: -1.9073486328125e-06, hmm_fw: -24.429792404174805
warning: fw and bw disagree by 1.049041748046875e-05
fw: -11.646188735961914, bw: -11.646199226379395, hmm_fw: -11.646191596984863
a: -2.86102294921875e-06, b: -2.86102294921875e-06, hmm_fw: -11.646191596984863
warning: fw and bw disagree by 1.1444091796875e-05
fw: -17.403554916381836, bw: -17.403566360473633, hmm_fw: -17.403554916381836
a: 0.0, b: 0.0, hmm_fw: -17.403554916381836
epoch: 60	train loss: 30304.583984375	(260.7s)
warning: fw and bw disagree by 1.1444091796875e-05
fw: -35.94813537597656, bw: -35.94814682006836, hmm_fw: -35.9481315612793
a: 3.814697265625e-06, b: 3.814697265625e-06, hmm_fw: -35.9481315612793
warning: fw and bw disagree by 1.52587890625e-05
fw: -41.50782775878906, bw: -41.507843017578125, hmm_fw: -41.50783157348633
a: -3.814697265625e-06, b: -3.814697265625e-06, hmm_fw: -41.50783157348633
warning: fw and bw disagree by 1.1444091796875e-05
fw: -31.926563262939453, bw: -31.92657470703125, hmm_fw: -31.926563262939453
a: 0.0, b: 0.0, hmm_fw: -31.926563262939453
epoch: 80	train loss: 26833.640625	(264.1s)
warning: fw and bw disagree by 1.33514404296875e-05
fw: -27.79883575439453, bw: -27.79884910583496, hmm_fw: -27.798837661743164
a: -1.9073486328125e-06, b: -1.9073486328125e-06, hmm_fw: -27.798837661743164
Evaluating model on 200 episodes
Solved 33/200 episodes
Evaluated model in 19.7 seconds
Saved model for run
8cb8e95a6eae478fb60da22a2a62f01d with name round-0
Round 1
Generated trajectories in 71.0 seconds
warning: fw and bw disagree by 1.52587890625e-05
fw: -109.87641143798828, bw: -109.87642669677734, hmm_fw: -109.87641906738281
a: -7.62939453125e-06, b: -7.62939453125e-06, hmm_fw: -109.87641906738281
warning: fw and bw disagree by 1.1444091796875e-05
fw: -39.1213493347168, bw: -39.121360778808594, hmm_fw: -39.1213493347168
a: 0.0, b: 0.0, hmm_fw: -39.1213493347168
warning: fw and bw disagree by 1.1444091796875e-05
fw: -33.91453170776367, bw: -33.91454315185547, hmm_fw: -33.91453170776367
a: 0.0, b: 0.0, hmm_fw: -33.91453170776367
warning: fw and bw disagree by 1.9073486328125e-05
fw: -59.27617645263672, bw: -59.27619552612305, hmm_fw: -59.27618408203125
a: -7.62939453125e-06, b: -7.62939453125e-06, hmm_fw: -59.27618408203125
warning: fw and bw disagree by 1.1444091796875e-05
fw: -37.48600769042969, bw: -37.486019134521484, hmm_fw: -37.486000061035156
a: 7.62939453125e-06, b: 7.62939453125e-06, hmm_fw: -37.486000061035156
epoch: 0	train loss: 51409.7578125	(256.6s)
warning: fw and bw disagree by 1.1444091796875e-05
fw: -39.9976921081543, bw: -39.997703552246094, hmm_fw: -39.997684478759766
a: 7.62939453125e-06, b: 7.62939453125e-06, hmm_fw: -39.997684478759766
warning: fw and bw disagree by 1.1444091796875e-05
fw: -38.46540069580078, bw: -38.46541213989258, hmm_fw: -38.46540832519531
a: -7.62939453125e-06, b: -7.62939453125e-06, hmm_fw: -38.46540832519531
warning: fw and bw disagree by 1.1444091796875e-05
fw: -37.949886322021484, bw: -37.94989776611328, hmm_fw: -37.949893951416016
a: -7.62939453125e-06, b: -7.62939453125e-06, hmm_fw: -37.949893951416016
warning: fw and bw disagree by 1.33514404296875e-05
fw: -24.601520538330078, bw: -24.601533889770508, hmm_fw: -24.60152816772461
a: -7.62939453125e-06, b: -7.62939453125e-06, hmm_fw: -24.60152816772461
warning: fw and bw disagree by 1.52587890625e-05
fw: -37.24131774902344, bw: -37.241302490234375, hmm_fw: -37.2413215637207
a: -3.814697265625e-06, b: -3.814697265625e-06, hmm_fw: -37.2413215637207
warning: fw and bw disagree by 1.52587890625e-05
fw: -43.33614730834961, bw: -43.33616256713867, hmm_fw: -43.33614730834961
a: 0.0, b: 0.0, hmm_fw: -43.33614730834961
warning: fw and bw disagree by 1.1444091796875e-05
fw: -26.717544555664062, bw: -26.71755599975586, hmm_fw: -26.717548370361328
a: -3.814697265625e-06, b: -3.814697265625e-06, hmm_fw: -26.717548370361328
warning: fw and bw disagree by 1.33514404296875e-05
fw: -19.273540496826172, bw: -19.2735538482666, hmm_fw: -19.273548126220703
a: -7.62939453125e-06, b: -7.62939453125e-06, hmm_fw: -19.273548126220703
warning: fw and bw disagree by 1.1444091796875e-05
fw: -25.75179100036621, bw: -25.751802444458008, hmm_fw: -25.75179100036621
a: 0.0, b: 0.0, hmm_fw: -25.75179100036621
warning: fw and bw disagree by 1.1444091796875e-05
fw: -18.494338989257812, bw: -18.49435043334961, hmm_fw: -18.49434471130371
a: -5.7220458984375e-06, b: -5.7220458984375e-06, hmm_fw: -18.49434471130371
warning: fw and bw disagree by 1.1444091796875e-05
fw: -41.310726165771484, bw: -41.31073760986328, hmm_fw: -41.31072998046875
a: -3.814697265625e-06, b: -3.814697265625e-06, hmm_fw: -41.31072998046875
warning: fw and bw disagree by 1.1444091796875e-05
fw: -20.154762268066406, bw: -20.154773712158203, hmm_fw: -20.15476417541504
a: -1.9073486328125e-06, b: -1.9073486328125e-06, hmm_fw: -20.15476417541504
epoch: 20	train loss: 25705.73046875	(259.0s)
warning: fw and bw disagree by 1.1444091796875e-05
fw: -26.327072143554688, bw: -26.327083587646484, hmm_fw: -26.327075958251953
a: -3.814697265625e-06, b: -3.814697265625e-06, hmm_fw: -26.327075958251953
epoch: 40	train loss: 23484.70703125	(259.3s)
warning: fw and bw disagree by 1.1444091796875e-05
fw: -37.97982406616211, bw: -37.979835510253906, hmm_fw: -37.97982406616211
a: 0.0, b: 0.0, hmm_fw: -37.97982406616211
epoch: 60	train loss: 22949.095703125	(257.4s)
warning: fw and bw disagree by 1.52587890625e-05
fw: -32.83594512939453, bw: -32.835960388183594, hmm_fw: -32.8359489440918
a: -3.814697265625e-06, b: -3.814697265625e-06, hmm_fw: -32.8359489440918
warning: fw and bw disagree by 1.1444091796875e-05
fw: -38.270050048828125, bw: -38.27006149291992, hmm_fw: -38.27005386352539
a: -3.814697265625e-06, b: -3.814697265625e-06, hmm_fw: -38.27005386352539
epoch: 80	train loss: 23055.5	(259.6s)
warning: fw and bw disagree by 1.1444091796875e-05
fw: -38.49132537841797, bw: -38.491336822509766, hmm_fw: -38.491329193115234
a: -3.814697265625e-06, b: -3.814697265625e-06, hmm_fw: -38.491329193115234
warning: fw and bw disagree by 1.52587890625e-05
fw: -41.957725524902344, bw: -41.957740783691406, hmm_fw: -41.957725524902344
a: 0.0, b: 0.0, hmm_fw: -41.957725524902344
warning: fw and bw disagree by 1.1444091796875e-05
fw: -39.14514923095703, bw: -39.14516067504883, hmm_fw: -39.145145416259766
a: 3.814697265625e-06, b: 3.814697265625e-06, hmm_fw: -39.145145416259766
warning: fw and bw disagree by 1.1444091796875e-05
fw: -37.27925109863281, bw: -37.279239654541016, hmm_fw: -37.27924728393555
a: 3.814697265625e-06, b: 3.814697265625e-06, hmm_fw: -37.27924728393555
Evaluating model on 200 episodes
Solved 30/200 episodes
Evaluated model in 20.7 seconds
Saved model for run
8cb8e95a6eae478fb60da22a2a62f01d with name round-1
Round 2
Generated trajectories in 71.7 seconds
warning: fw and bw disagree by 3.0517578125e-05
fw: -262.42303466796875, bw: -262.4230651855469, hmm_fw: -262.4230651855469
a: -3.0517578125e-05, b: -3.0517578125e-05, hmm_fw: -262.4230651855469
warning: fw and bw disagree by 1.52587890625e-05
fw: -145.9048309326172, bw: -145.90481567382812, hmm_fw: -145.9048309326172
a: 0.0, b: 0.0, hmm_fw: -145.9048309326172
warning: fw and bw disagree by 1.1444091796875e-05
fw: -47.05455780029297, bw: -47.054569244384766, hmm_fw: -47.05455780029297
a: 0.0, b: 0.0, hmm_fw: -47.05455780029297
warning: fw and bw disagree by 2.288818359375e-05
fw: -56.353790283203125, bw: -56.35376739501953, hmm_fw: -56.35378646850586
a: 3.814697265625e-06, b: 3.814697265625e-06, hmm_fw: -56.35378646850586
warning: fw and bw disagree by 1.1444091796875e-05
fw: -35.367374420166016, bw: -35.36738586425781, hmm_fw: -35.367374420166016
a: 0.0, b: 0.0, hmm_fw: -35.367374420166016
warning: fw and bw disagree by 1.1444091796875e-05
fw: -61.519775390625, bw: -61.5197868347168, hmm_fw: -61.519779205322266
a: -3.814697265625e-06, b: -3.814697265625e-06, hmm_fw: -61.519779205322266
warning: fw and bw disagree by 1.1444091796875e-05
fw: -50.64366912841797, bw: -50.64365768432617, hmm_fw: -50.64366912841797
a: 0.0, b: 0.0, hmm_fw: -50.64366912841797
warning: fw and bw disagree by 1.1444091796875e-05
fw: -35.23594284057617, bw: -35.23595428466797, hmm_fw: -35.23594665527344
a: -3.814697265625e-06, b: -3.814697265625e-06, hmm_fw: -35.23594665527344
warning: fw and bw disagree by 1.1444091796875e-05
fw: -48.85090637207031, bw: -48.85091781616211, hmm_fw: -48.85091018676758
a: -3.814697265625e-06, b: -3.814697265625e-06, hmm_fw: -48.85091018676758
warning: fw and bw disagree by 1.1444091796875e-05
fw: -42.52366256713867, bw: -42.523651123046875, hmm_fw: -42.523658752441406
a: 3.814697265625e-06, b: 3.814697265625e-06, hmm_fw: -42.523658752441406
warning: fw and bw disagree by 2.288818359375e-05
fw: -88.43817138671875, bw: -88.43814849853516, hmm_fw: -88.43818664550781
a: -1.52587890625e-05, b: -1.52587890625e-05, hmm_fw: -88.43818664550781
warning: fw and bw disagree by 1.1444091796875e-05
fw: -42.78059005737305, bw: -42.780601501464844, hmm_fw: -42.78058624267578
a: 3.814697265625e-06, b: 3.814697265625e-06, hmm_fw: -42.78058624267578
warning: fw and bw disagree by 1.52587890625e-05
fw: -43.1491813659668, bw: -43.14919662475586, hmm_fw: -43.149192810058594
a: -1.1444091796875e-05, b: -1.1444091796875e-05, hmm_fw: -43.149192810058594
warning: fw and bw disagree by 1.1444091796875e-05
fw: -40.36857223510742, bw: -40.368560791015625, hmm_fw: -40.36857604980469
a: -3.814697265625e-06, b: -3.814697265625e-06, hmm_fw: -40.36857604980469
warning: fw and bw disagree by 1.1444091796875e-05
fw: -34.23147201538086, bw: -34.231483459472656, hmm_fw: -34.23147201538086
a: 0.0, b: 0.0, hmm_fw: -34.23147201538086
warning: fw and bw disagree by 3.0517578125e-05
fw: -64.35643768310547, bw: -64.35640716552734, hmm_fw: -64.35643768310547
a: 0.0, b: 0.0, hmm_fw: -64.35643768310547
warning: fw and bw disagree by 1.52587890625e-05
fw: -46.73902893066406, bw: -46.739044189453125, hmm_fw: -46.73902893066406
a: 0.0, b: 0.0, hmm_fw: -46.73902893066406
warning: fw and bw disagree by 1.52587890625e-05
fw: -55.93220520019531, bw: -55.932220458984375, hmm_fw: -55.93220901489258
a: -3.814697265625e-06, b: -3.814697265625e-06, hmm_fw: -55.93220901489258
warning: fw and bw disagree by 1.1444091796875e-05
fw: -53.53946304321289, bw: -53.539451599121094, hmm_fw: -53.53947067260742
a: -7.62939453125e-06, b: -7.62939453125e-06, hmm_fw: -53.53947067260742
warning: fw and bw disagree by 1.1444091796875e-05
fw: -38.18909454345703, bw: -38.18910598754883, hmm_fw: -38.18909454345703
a: 0.0, b: 0.0, hmm_fw: -38.18909454345703
warning: fw and bw disagree by 9.1552734375e-05
fw: -162.08795166015625, bw: -162.08786010742188, hmm_fw: -162.08795166015625
a: 0.0, b: 0.0, hmm_fw: -162.08795166015625
warning: fw and bw disagree by 1.9073486328125e-05
fw: -44.72029495239258, bw: -44.720314025878906, hmm_fw: -44.720306396484375
a: -1.1444091796875e-05, b: -1.1444091796875e-05, hmm_fw: -44.720306396484375
warning: fw and bw disagree by 1.1444091796875e-05
fw: -34.45186996459961, bw: -34.45185852050781, hmm_fw: -34.451866149902344
a: 3.814697265625e-06, b: 3.814697265625e-06, hmm_fw: -34.451866149902344
epoch: 0	train loss: 54029.35546875	(258.3s)
warning: fw and bw disagree by 1.1444091796875e-05
fw: -38.201541900634766, bw: -38.20153045654297, hmm_fw: -38.201541900634766
a: 0.0, b: 0.0, hmm_fw: -38.201541900634766
warning: fw and bw disagree by 1.1444091796875e-05
fw: -45.26155471801758, bw: -45.26154327392578, hmm_fw: -45.26154708862305
a: 7.62939453125e-06, b: 7.62939453125e-06, hmm_fw: -45.26154708862305
warning: fw and bw disagree by 1.52587890625e-05
fw: -41.04172897338867, bw: -41.04171371459961, hmm_fw: -41.041725158691406
a: 3.814697265625e-06, b: 3.814697265625e-06, hmm_fw: -41.041725158691406
warning: fw and bw disagree by 1.52587890625e-05
fw: -113.6836929321289, bw: -113.68370819091797, hmm_fw: -113.68370819091797
a: -1.52587890625e-05, b: -1.52587890625e-05, hmm_fw: -113.68370819091797
warning: fw and bw disagree by 1.1444091796875e-05
fw: -34.44578552246094, bw: -34.44577407836914, hmm_fw: -34.44578170776367
a: 3.814697265625e-06, b: 3.814697265625e-06, hmm_fw: -34.44578170776367
warning: fw and bw disagree by 1.1444091796875e-05
fw: -33.7003173828125, bw: -33.7003288269043, hmm_fw: -33.7003173828125
a: 0.0, b: 0.0, hmm_fw: -33.7003173828125
warning: fw and bw disagree by 2.288818359375e-05
fw: -99.29351043701172, bw: -99.29348754882812, hmm_fw: -99.29348754882812
a: 2.288818359375e-05, b: 2.288818359375e-05, hmm_fw: -99.29348754882812
warning: fw and bw disagree by 1.1444091796875e-05
fw: -33.82876968383789, bw: -33.82878112792969, hmm_fw: -33.828765869140625
a: 3.814697265625e-06, b: 3.814697265625e-06, hmm_fw: -33.828765869140625
warning: fw and bw disagree by 1.1444091796875e-05
fw: -39.232017517089844, bw: -39.23202896118164, hmm_fw: -39.232017517089844
a: 0.0, b: 0.0, hmm_fw: -39.232017517089844
warning: fw and bw disagree by 1.1444091796875e-05
fw: -41.2868537902832, bw: -41.286865234375, hmm_fw: -41.28685760498047
a: -3.814697265625e-06, b: -3.814697265625e-06, hmm_fw: -41.28685760498047
warning: fw and bw disagree by 1.1444091796875e-05
fw: -27.380760192871094, bw: -27.38077163696289, hmm_fw: -27.380762100219727
a: -1.9073486328125e-06, b: -1.9073486328125e-06, hmm_fw: -27.380762100219727
warning: fw and bw disagree by 1.52587890625e-05
fw: -73.06307220458984, bw: -73.0630874633789, hmm_fw: -73.06307220458984
a: 0.0, b: 0.0, hmm_fw: -73.06307220458984
warning: fw and bw disagree by 1.1444091796875e-05
fw: -32.35154724121094, bw: -32.35153579711914, hmm_fw: -32.35154342651367
a: 3.814697265625e-06, b: 3.814697265625e-06, hmm_fw: -32.35154342651367
warning: fw and bw disagree by 1.1444091796875e-05
fw: -24.876619338989258, bw: -24.876630783081055, hmm_fw: -24.876619338989258
a: 0.0, b: 0.0, hmm_fw: -24.876619338989258
warning: fw and bw disagree by 1.1444091796875e-05
fw: -29.690092086791992, bw: -29.690080642700195, hmm_fw: -29.690095901489258
a: -3.814697265625e-06, b: -3.814697265625e-06, hmm_fw: -29.690095901489258
warning: fw and bw disagree by 1.1444091796875e-05
fw: -25.85839080810547, bw: -25.858402252197266, hmm_fw: -25.85839080810547
a: 0.0, b: 0.0, hmm_fw: -25.85839080810547
warning: fw and bw disagree by 1.1444091796875e-05
fw: -35.68570327758789, bw: -35.685691833496094, hmm_fw: -35.68569564819336
a: 7.62939453125e-06, b: 7.62939453125e-06, hmm_fw: -35.68569564819336
warning: fw and bw disagree by 1.1444091796875e-05
fw: -27.429508209228516, bw: -27.42949676513672, hmm_fw: -27.429506301879883
a: 1.9073486328125e-06, b: 1.9073486328125e-06, hmm_fw: -27.429506301879883
warning: fw and bw disagree by 1.52587890625e-05
fw: -45.39466094970703, bw: -45.39464569091797, hmm_fw: -45.394657135009766
a: 3.814697265625e-06, b: 3.814697265625e-06, hmm_fw: -45.394657135009766
warning: fw and bw disagree by 1.1444091796875e-05
fw: -30.30745506286621, bw: -30.307466506958008, hmm_fw: -30.30746078491211
a: -5.7220458984375e-06, b: -5.7220458984375e-06, hmm_fw: -30.30746078491211
warning: fw and bw disagree by 1.52587890625e-05
fw: -47.70457458496094, bw: -47.704559326171875, hmm_fw: -47.70457458496094
a: 0.0, b: 0.0, hmm_fw: -47.70457458496094
warning: fw and bw disagree by 1.1444091796875e-05
fw: -36.03573226928711, bw: -36.03572082519531, hmm_fw: -36.035736083984375
a: -3.814697265625e-06, b: -3.814697265625e-06, hmm_fw: -36.035736083984375
warning: fw and bw disagree by 1.1444091796875e-05
fw: -62.06315612792969, bw: -62.063167572021484, hmm_fw: -62.06315612792969
a: 0.0, b: 0.0, hmm_fw: -62.06315612792969
epoch: 20	train loss: 29091.34765625	(260.6s)
warning: fw and bw disagree by 1.1444091796875e-05
fw: -51.70598602294922, bw: -51.70597457885742, hmm_fw: -51.70598602294922
a: 0.0, b: 0.0, hmm_fw: -51.70598602294922
warning: fw and bw disagree by 1.52587890625e-05
fw: -160.51429748535156, bw: -160.5142822265625, hmm_fw: -160.51426696777344
a: 3.0517578125e-05, b: 3.0517578125e-05, hmm_fw: -160.51426696777344
warning: fw and bw disagree by 1.33514404296875e-05
fw: -23.51873207092285, bw: -23.51874542236328, hmm_fw: -23.518735885620117
a: -3.814697265625e-06, b: -3.814697265625e-06, hmm_fw: -23.518735885620117
warning: fw and bw disagree by 1.1444091796875e-05
fw: -37.18613815307617, bw: -37.186126708984375, hmm_fw: -37.186126708984375
a: 1.1444091796875e-05, b: 1.1444091796875e-05, hmm_fw: -37.186126708984375
slurmstepd: error: *** JOB 435686 ON ellis-compute-01 CANCELLED AT 2022-03-02T11:29:54 ***
