Using torch device NVIDIA GeForce RTX 3090
homo controller
net: hmm
cc_weight: 1
params: {'epochs': 100, 'lr': 0.0008, 'n': 5000}
Net has 41898 parameters
Round 0
Generated trajectories in 71.7 seconds
epoch: 0	train loss: 145236.453125	(10.1s)
epoch: 1	train loss: 108589.09375	(8.7s)
epoch: 2	train loss: 95530.15625	(8.7s)
epoch: 3	train loss: 87198.7890625	(8.7s)
epoch: 4	train loss: 82328.9609375	(8.7s)
epoch: 5	train loss: 77040.71875	(8.7s)
epoch: 6	train loss: 69064.5234375	(8.7s)
epoch: 7	train loss: 64722.40234375	(8.7s)
epoch: 8	train loss: 61978.84375	(8.7s)
epoch: 9	train loss: 58864.3046875	(8.7s)
epoch: 10	train loss: 55612.09375	(8.7s)
epoch: 11	train loss: 53124.359375	(8.7s)
epoch: 12	train loss: 50982.6328125	(8.7s)
epoch: 13	train loss: 49456.25	(8.7s)
epoch: 14	train loss: 47477.8125	(8.7s)
epoch: 15	train loss: 45904.54296875	(8.7s)
epoch: 16	train loss: 44223.1015625	(8.7s)
epoch: 17	train loss: 42795.6953125	(8.7s)
epoch: 18	train loss: 41689.57421875	(8.7s)
epoch: 19	train loss: 40756.2421875	(8.7s)
epoch: 20	train loss: 39888.27734375	(8.7s)
epoch: 21	train loss: 39087.1328125	(8.7s)
epoch: 22	train loss: 38387.37890625	(8.7s)
epoch: 23	train loss: 38056.66796875	(8.7s)
epoch: 24	train loss: 38050.5234375	(8.7s)
epoch: 25	train loss: 37521.65234375	(8.7s)
epoch: 26	train loss: 36816.4609375	(8.7s)
epoch: 27	train loss: 36080.41015625	(8.7s)
epoch: 28	train loss: 35698.44140625	(8.7s)
epoch: 29	train loss: 35271.60546875	(8.7s)
epoch: 30	train loss: 34990.421875	(8.7s)
epoch: 31	train loss: 34544.8359375	(8.7s)
epoch: 32	train loss: 34287.25	(8.7s)
epoch: 33	train loss: 33777.34375	(8.7s)
epoch: 34	train loss: 33389.24609375	(8.7s)
epoch: 35	train loss: 33045.78515625	(8.7s)
epoch: 36	train loss: 32864.24609375	(8.7s)
epoch: 37	train loss: 32597.21484375	(8.7s)
epoch: 38	train loss: 32230.552734375	(8.7s)
epoch: 39	train loss: 31977.2109375	(8.7s)
epoch: 40	train loss: 31697.177734375	(8.7s)
epoch: 41	train loss: 31826.31640625	(8.7s)
epoch: 42	train loss: 31387.216796875	(8.7s)
epoch: 43	train loss: 31158.7890625	(8.7s)
epoch: 44	train loss: 31230.708984375	(8.7s)
epoch: 45	train loss: 30879.736328125	(8.7s)
epoch: 46	train loss: 30680.73046875	(8.7s)
epoch: 47	train loss: 30803.134765625	(8.7s)
epoch: 48	train loss: 30587.251953125	(8.7s)
epoch: 49	train loss: 30201.357421875	(8.7s)
epoch: 50	train loss: 30119.576171875	(8.7s)
epoch: 51	train loss: 29972.705078125	(8.7s)
epoch: 52	train loss: 29805.34765625	(8.7s)
epoch: 53	train loss: 29983.169921875	(8.7s)
epoch: 54	train loss: 29522.65234375	(8.7s)
epoch: 55	train loss: 29608.814453125	(8.7s)
epoch: 56	train loss: 29591.62109375	(8.7s)
epoch: 57	train loss: 29283.28125	(8.8s)
epoch: 58	train loss: 29350.466796875	(8.7s)
epoch: 59	train loss: 29320.189453125	(8.7s)
epoch: 60	train loss: 29152.634765625	(8.7s)
epoch: 61	train loss: 29563.59375	(8.7s)
epoch: 62	train loss: 29743.06640625	(8.7s)
epoch: 63	train loss: 29195.5625	(8.7s)
epoch: 64	train loss: 28976.46875	(8.7s)
epoch: 65	train loss: 28802.669921875	(8.7s)
epoch: 66	train loss: 28884.751953125	(8.7s)
epoch: 67	train loss: 28835.6484375	(8.7s)
epoch: 68	train loss: 28789.45703125	(8.7s)
epoch: 69	train loss: 28352.92578125	(8.7s)
epoch: 70	train loss: 28270.984375	(8.7s)
epoch: 71	train loss: 28288.91796875	(8.7s)
epoch: 72	train loss: 28210.978515625	(8.7s)
epoch: 73	train loss: 28351.447265625	(8.7s)
epoch: 74	train loss: 28620.126953125	(8.7s)
epoch: 75	train loss: 28500.916015625	(8.7s)
epoch: 76	train loss: 28487.455078125	(8.7s)
epoch: 77	train loss: 28461.140625	(8.7s)
epoch: 78	train loss: 28350.818359375	(8.7s)
epoch: 79	train loss: 28309.376953125	(8.7s)
epoch: 80	train loss: 28472.517578125	(8.7s)
epoch: 81	train loss: 28156.2109375	(8.7s)
epoch: 82	train loss: 27923.951171875	(8.7s)
epoch: 83	train loss: 27493.939453125	(8.7s)
epoch: 84	train loss: 27471.302734375	(8.8s)
epoch: 85	train loss: 27354.470703125	(8.7s)
epoch: 86	train loss: 27229.49609375	(8.7s)
epoch: 87	train loss: 27222.6953125	(8.7s)
epoch: 88	train loss: 27112.439453125	(8.7s)
epoch: 89	train loss: 27112.46484375	(8.7s)
epoch: 90	train loss: 26899.205078125	(8.7s)
epoch: 91	train loss: 26930.060546875	(8.7s)
epoch: 92	train loss: 26767.455078125	(8.7s)
epoch: 93	train loss: 26799.970703125	(8.7s)
epoch: 94	train loss: 26640.0859375	(8.7s)
epoch: 95	train loss: 26695.73828125	(8.7s)
epoch: 96	train loss: 26696.423828125	(8.7s)
epoch: 97	train loss: 27222.373046875	(8.7s)
epoch: 98	train loss: 27016.328125	(8.7s)
epoch: 99	train loss: 26669.080078125	(8.7s)
Evaluating model on 200 episodes
Solved 38/200 episodes
Evaluated model in 11.2 seconds
Saved model for run
735fc7d72188425e910f77759e86321d with name round-0
Round 1
Generated trajectories in 71.3 seconds
epoch: 0	train loss: 28931.845703125	(9.0s)
epoch: 1	train loss: 28035.30859375	(8.7s)
epoch: 2	train loss: 27643.65625	(8.7s)
epoch: 3	train loss: 27357.330078125	(8.7s)
epoch: 4	train loss: 27254.50390625	(8.7s)
epoch: 5	train loss: 26979.744140625	(8.7s)
epoch: 6	train loss: 26833.333984375	(8.7s)
epoch: 7	train loss: 26699.6875	(8.7s)
epoch: 8	train loss: 26542.6015625	(8.7s)
epoch: 9	train loss: 26441.16796875	(8.7s)
epoch: 10	train loss: 26507.703125	(8.7s)
epoch: 11	train loss: 26592.529296875	(8.7s)
epoch: 12	train loss: 26220.876953125	(8.7s)
epoch: 13	train loss: 26267.12109375	(8.7s)
epoch: 14	train loss: 26267.67578125	(8.7s)
epoch: 15	train loss: 25862.951171875	(8.7s)
epoch: 16	train loss: 26038.572265625	(8.7s)
epoch: 17	train loss: 26102.5859375	(8.7s)
epoch: 18	train loss: 25743.17578125	(8.7s)
epoch: 19	train loss: 25530.6640625	(8.7s)
epoch: 20	train loss: 25243.56640625	(8.7s)
epoch: 21	train loss: 25357.576171875	(8.7s)
epoch: 22	train loss: 25229.720703125	(8.7s)
epoch: 23	train loss: 25079.869140625	(8.7s)
epoch: 24	train loss: 25087.91796875	(8.7s)
epoch: 25	train loss: 25250.38671875	(8.7s)
epoch: 26	train loss: 24960.03125	(8.7s)
epoch: 27	train loss: 24841.11328125	(8.7s)
epoch: 28	train loss: 24876.130859375	(8.7s)
epoch: 29	train loss: 24793.400390625	(8.7s)
epoch: 30	train loss: 24861.37109375	(8.7s)
epoch: 31	train loss: 24858.6015625	(8.7s)
epoch: 32	train loss: 24551.056640625	(8.7s)
epoch: 33	train loss: 24679.962890625	(8.7s)
epoch: 34	train loss: 24681.453125	(8.7s)
epoch: 35	train loss: 24473.44140625	(8.7s)
epoch: 36	train loss: 24549.306640625	(8.7s)
epoch: 37	train loss: 25282.4296875	(8.7s)
epoch: 38	train loss: 24334.896484375	(8.7s)
epoch: 39	train loss: 24238.857421875	(8.7s)
epoch: 40	train loss: 24052.015625	(8.7s)
epoch: 41	train loss: 24036.21875	(8.7s)
epoch: 42	train loss: 24673.044921875	(8.7s)
epoch: 43	train loss: 24210.943359375	(8.7s)
epoch: 44	train loss: 24010.412109375	(8.7s)
epoch: 45	train loss: 24007.4453125	(8.7s)
epoch: 46	train loss: 24239.736328125	(8.7s)
epoch: 47	train loss: 24373.201171875	(8.7s)
epoch: 48	train loss: 24463.896484375	(8.7s)
epoch: 49	train loss: 24745.28515625	(8.7s)
epoch: 50	train loss: 24852.83984375	(8.7s)
epoch: 51	train loss: 24325.015625	(8.7s)
epoch: 52	train loss: 24018.39453125	(8.7s)
epoch: 53	train loss: 24050.328125	(8.7s)
epoch: 54	train loss: 23712.572265625	(8.7s)
epoch: 55	train loss: 23707.380859375	(8.7s)
epoch: 56	train loss: 23721.126953125	(8.7s)
epoch: 57	train loss: 23407.115234375	(8.7s)
epoch: 58	train loss: 24044.798828125	(8.7s)
epoch: 59	train loss: 23330.576171875	(8.7s)
epoch: 60	train loss: 23440.888671875	(8.7s)
epoch: 61	train loss: 23462.119140625	(8.7s)
epoch: 62	train loss: 23338.3984375	(8.7s)
epoch: 63	train loss: 23837.9296875	(8.7s)
epoch: 64	train loss: 23680.61328125	(8.7s)
epoch: 65	train loss: 24207.625	(8.7s)
epoch: 66	train loss: 23771.2421875	(8.7s)
epoch: 67	train loss: 24008.328125	(8.7s)
epoch: 68	train loss: 23498.470703125	(8.7s)
epoch: 69	train loss: 23150.244140625	(8.7s)
epoch: 70	train loss: 24057.095703125	(8.7s)
epoch: 71	train loss: 23052.93359375	(8.7s)
epoch: 72	train loss: 22865.330078125	(8.7s)
epoch: 73	train loss: 23158.634765625	(8.7s)
epoch: 74	train loss: 22882.529296875	(8.7s)
epoch: 75	train loss: 22738.59765625	(8.7s)
epoch: 76	train loss: 22794.796875	(8.7s)
epoch: 77	train loss: 22934.41796875	(8.7s)
epoch: 78	train loss: 22727.599609375	(8.7s)
epoch: 79	train loss: 22816.736328125	(8.7s)
epoch: 80	train loss: 22973.56640625	(8.7s)
epoch: 81	train loss: 22975.28125	(8.7s)
epoch: 82	train loss: 23080.37890625	(8.7s)
epoch: 83	train loss: 23446.625	(8.7s)
epoch: 84	train loss: 23319.310546875	(8.7s)
epoch: 85	train loss: 23096.884765625	(8.7s)
epoch: 86	train loss: 23229.857421875	(8.7s)
epoch: 87	train loss: 23112.4375	(8.7s)
epoch: 88	train loss: 22917.091796875	(8.7s)
epoch: 89	train loss: 23414.5390625	(8.7s)
epoch: 90	train loss: 22816.7578125	(8.7s)
epoch: 91	train loss: 22850.490234375	(8.7s)
epoch: 92	train loss: 22658.3828125	(8.7s)
epoch: 93	train loss: 22549.044921875	(8.7s)
epoch: 94	train loss: 22742.873046875	(8.7s)
epoch: 95	train loss: 22464.53125	(8.7s)
epoch: 96	train loss: 22728.00390625	(8.7s)
epoch: 97	train loss: 22833.232421875	(8.7s)
epoch: 98	train loss: 22494.0859375	(8.7s)
epoch: 99	train loss: 22468.0625	(8.7s)
Evaluating model on 200 episodes
Solved 46/200 episodes
Evaluated model in 11.7 seconds
Saved model for run
735fc7d72188425e910f77759e86321d with name round-1
Round 2
Generated trajectories in 71.1 seconds
epoch: 0	train loss: 26510.908203125	(8.7s)
epoch: 1	train loss: 25602.212890625	(8.7s)
epoch: 2	train loss: 24997.544921875	(8.7s)
epoch: 3	train loss: 24735.8984375	(8.7s)
epoch: 4	train loss: 24326.154296875	(8.7s)
epoch: 5	train loss: 24507.6640625	(8.7s)
epoch: 6	train loss: 24428.01953125	(8.7s)
epoch: 7	train loss: 24316.7109375	(8.7s)
epoch: 8	train loss: 24099.95703125	(8.7s)
epoch: 9	train loss: 24076.859375	(8.7s)
epoch: 10	train loss: 23946.650390625	(8.7s)
epoch: 11	train loss: 23869.212890625	(8.7s)
epoch: 12	train loss: 23667.8125	(8.7s)
epoch: 13	train loss: 23539.451171875	(8.7s)
epoch: 14	train loss: 23601.404296875	(8.7s)
epoch: 15	train loss: 23752.216796875	(8.7s)
epoch: 16	train loss: 23476.748046875	(8.7s)
epoch: 17	train loss: 23469.33203125	(8.7s)
epoch: 18	train loss: 23267.7109375	(8.7s)
epoch: 19	train loss: 23436.6015625	(8.7s)
epoch: 20	train loss: 23263.720703125	(8.7s)
epoch: 21	train loss: 23189.68359375	(8.7s)
epoch: 22	train loss: 22976.14453125	(8.7s)
epoch: 23	train loss: 22832.544921875	(8.7s)
epoch: 24	train loss: 22991.361328125	(8.7s)
epoch: 25	train loss: 24609.724609375	(8.7s)
epoch: 26	train loss: 22991.416015625	(8.7s)
epoch: 27	train loss: 22847.193359375	(8.7s)
epoch: 28	train loss: 22670.943359375	(8.7s)
epoch: 29	train loss: 22577.765625	(8.7s)
epoch: 30	train loss: 22612.9453125	(8.7s)
epoch: 31	train loss: 22827.92578125	(8.7s)
epoch: 32	train loss: 23128.55859375	(8.7s)
epoch: 33	train loss: 22813.486328125	(8.7s)
epoch: 34	train loss: 23046.49609375	(8.8s)
epoch: 35	train loss: 22617.431640625	(8.7s)
epoch: 36	train loss: 22556.5859375	(8.7s)
epoch: 37	train loss: 22496.384765625	(8.8s)
epoch: 38	train loss: 22459.666015625	(8.7s)
epoch: 39	train loss: 22648.439453125	(8.7s)
epoch: 40	train loss: 22656.134765625	(8.7s)
epoch: 41	train loss: 22549.353515625	(8.7s)
epoch: 42	train loss: 22796.404296875	(8.7s)
epoch: 43	train loss: 22512.1171875	(8.7s)
epoch: 44	train loss: 22618.708984375	(8.7s)
epoch: 45	train loss: 22380.84375	(8.7s)
epoch: 46	train loss: 22321.978515625	(8.7s)
epoch: 47	train loss: 23162.90625	(8.7s)
epoch: 48	train loss: 22598.921875	(8.7s)
epoch: 49	train loss: 22217.234375	(8.8s)
epoch: 50	train loss: 22049.986328125	(8.7s)
epoch: 51	train loss: 22141.859375	(8.7s)
epoch: 52	train loss: 22067.734375	(8.7s)
epoch: 53	train loss: 22370.478515625	(8.7s)
epoch: 54	train loss: 22706.517578125	(8.7s)
epoch: 55	train loss: 26384.287109375	(8.7s)
epoch: 56	train loss: 22901.125	(8.7s)
epoch: 57	train loss: 22420.783203125	(8.7s)
epoch: 58	train loss: 22332.5625	(8.7s)
epoch: 59	train loss: 22026.611328125	(8.7s)
epoch: 60	train loss: 22285.7265625	(8.7s)
epoch: 61	train loss: 21923.701171875	(8.7s)
epoch: 62	train loss: 21674.166015625	(8.7s)
epoch: 63	train loss: 21740.189453125	(8.7s)
epoch: 64	train loss: 22246.994140625	(8.7s)
epoch: 65	train loss: 21771.072265625	(8.7s)
epoch: 66	train loss: 21748.962890625	(8.7s)
epoch: 67	train loss: 21548.873046875	(8.7s)
epoch: 68	train loss: 21440.103515625	(8.7s)
epoch: 69	train loss: 21460.171875	(8.7s)
epoch: 70	train loss: 21629.49609375	(8.7s)
epoch: 71	train loss: 22182.8203125	(8.7s)
epoch: 72	train loss: 21643.505859375	(8.7s)
epoch: 73	train loss: 21590.947265625	(8.7s)
epoch: 74	train loss: 21630.13671875	(8.8s)
epoch: 75	train loss: 21701.1953125	(8.7s)
epoch: 76	train loss: 21446.27734375	(8.7s)
epoch: 77	train loss: 21829.14453125	(8.7s)
epoch: 78	train loss: 21908.880859375	(8.7s)
epoch: 79	train loss: 22061.423828125	(8.8s)
epoch: 80	train loss: 21680.19921875	(8.7s)
epoch: 81	train loss: 21596.912109375	(8.7s)
epoch: 82	train loss: 21801.91015625	(8.8s)
epoch: 83	train loss: 22085.697265625	(8.7s)
epoch: 84	train loss: 21895.314453125	(8.7s)
epoch: 85	train loss: 22154.443359375	(8.7s)
epoch: 86	train loss: 22230.259765625	(8.7s)
epoch: 87	train loss: 22616.751953125	(8.7s)
epoch: 88	train loss: 22587.466796875	(8.7s)
epoch: 89	train loss: 21886.390625	(8.7s)
epoch: 90	train loss: 22041.05859375	(8.7s)
epoch: 91	train loss: 21566.796875	(8.7s)
epoch: 92	train loss: 21488.88671875	(8.7s)
epoch: 93	train loss: 21326.939453125	(8.7s)
epoch: 94	train loss: 21004.71484375	(8.7s)
epoch: 95	train loss: 21582.185546875	(8.7s)
epoch: 96	train loss: 21306.212890625	(8.7s)
epoch: 97	train loss: 20708.6640625	(8.7s)
epoch: 98	train loss: 20719.80078125	(8.7s)
epoch: 99	train loss: 20949.744140625	(8.7s)
Evaluating model on 200 episodes
Solved 38/200 episodes
Evaluated model in 12.7 seconds
Saved model for run
735fc7d72188425e910f77759e86321d with name round-2
Round 3
Generated trajectories in 71.6 seconds
epoch: 0	train loss: 26228.00390625	(8.7s)
epoch: 1	train loss: 24968.45703125	(8.7s)
epoch: 2	train loss: 24487.625	(8.7s)
epoch: 3	train loss: 24006.181640625	(8.7s)
epoch: 4	train loss: 23793.7421875	(8.8s)
epoch: 5	train loss: 23551.4453125	(8.7s)
epoch: 6	train loss: 23527.23828125	(8.8s)
epoch: 7	train loss: 23241.041015625	(8.8s)
epoch: 8	train loss: 23325.56640625	(8.8s)
epoch: 9	train loss: 22875.26953125	(8.8s)
epoch: 10	train loss: 22756.52734375	(8.8s)
epoch: 11	train loss: 22705.7734375	(8.8s)
epoch: 12	train loss: 22512.736328125	(8.8s)
epoch: 13	train loss: 22730.115234375	(8.8s)
epoch: 14	train loss: 22610.595703125	(8.8s)
epoch: 15	train loss: 22389.87890625	(8.8s)
epoch: 16	train loss: 22248.669921875	(8.8s)
epoch: 17	train loss: 23141.228515625	(8.8s)
epoch: 18	train loss: 22289.177734375	(8.8s)
epoch: 19	train loss: 22302.568359375	(8.8s)
epoch: 20	train loss: 22236.38671875	(8.8s)
epoch: 21	train loss: 22103.900390625	(8.8s)
epoch: 22	train loss: 22152.9296875	(8.8s)
epoch: 23	train loss: 21836.01171875	(8.8s)
epoch: 24	train loss: 21748.900390625	(8.8s)
epoch: 25	train loss: 22038.01953125	(8.8s)
epoch: 26	train loss: 21701.19140625	(8.8s)
epoch: 27	train loss: 21761.556640625	(8.8s)
epoch: 28	train loss: 24040.1484375	(8.8s)
epoch: 29	train loss: 22031.765625	(8.8s)
epoch: 30	train loss: 21352.439453125	(8.8s)
epoch: 31	train loss: 21189.525390625	(8.8s)
epoch: 32	train loss: 21030.6875	(8.8s)
epoch: 33	train loss: 21542.697265625	(8.8s)
epoch: 34	train loss: 20969.34765625	(8.8s)
epoch: 35	train loss: 20878.07421875	(8.8s)
epoch: 36	train loss: 20946.84765625	(8.8s)
epoch: 37	train loss: 20833.490234375	(8.8s)
epoch: 38	train loss: 21080.3671875	(8.8s)
epoch: 39	train loss: 20570.140625	(8.8s)
epoch: 40	train loss: 21309.6640625	(8.8s)
epoch: 41	train loss: 20809.251953125	(8.8s)
epoch: 42	train loss: 21024.884765625	(8.8s)
epoch: 43	train loss: 20667.609375	(8.8s)
epoch: 44	train loss: 22666.185546875	(8.8s)
epoch: 45	train loss: 20743.29296875	(8.8s)
epoch: 46	train loss: 20842.17578125	(8.8s)
epoch: 47	train loss: 21190.7890625	(8.8s)
epoch: 48	train loss: 20638.431640625	(8.8s)
epoch: 49	train loss: 20424.048828125	(8.8s)
epoch: 50	train loss: 20374.861328125	(8.8s)
epoch: 51	train loss: 20345.052734375	(8.8s)
epoch: 52	train loss: 20318.3671875	(8.8s)
epoch: 53	train loss: 20519.888671875	(8.8s)
epoch: 54	train loss: 20477.96484375	(8.8s)
epoch: 55	train loss: 20587.498046875	(8.8s)
epoch: 56	train loss: 20513.5234375	(8.8s)
epoch: 57	train loss: 20433.734375	(8.8s)
epoch: 58	train loss: 20801.16796875	(8.8s)
epoch: 59	train loss: 20410.46875	(8.8s)
epoch: 60	train loss: 20236.5234375	(8.8s)
epoch: 61	train loss: 20387.5625	(8.8s)
epoch: 62	train loss: 20104.990234375	(8.8s)
epoch: 63	train loss: 20422.859375	(8.8s)
epoch: 64	train loss: 20064.498046875	(8.8s)
epoch: 65	train loss: 20322.97265625	(8.8s)
epoch: 66	train loss: 20612.970703125	(8.8s)
epoch: 67	train loss: 22513.59765625	(8.8s)
epoch: 68	train loss: 20742.439453125	(8.8s)
epoch: 69	train loss: 20676.28515625	(8.8s)
epoch: 70	train loss: 20772.189453125	(8.8s)
epoch: 71	train loss: 20505.001953125	(8.8s)
epoch: 72	train loss: 20667.93359375	(8.8s)
epoch: 73	train loss: 20554.79296875	(8.8s)
epoch: 74	train loss: 20569.890625	(8.8s)
epoch: 75	train loss: 19923.0078125	(8.8s)
epoch: 76	train loss: 20460.04296875	(8.8s)
epoch: 77	train loss: 20661.525390625	(8.8s)
epoch: 78	train loss: 20171.626953125	(8.8s)
epoch: 79	train loss: 19864.23046875	(8.8s)
epoch: 80	train loss: 19838.568359375	(8.8s)
epoch: 81	train loss: 20853.765625	(8.8s)
epoch: 82	train loss: 19725.345703125	(8.8s)
epoch: 83	train loss: 19558.4453125	(8.8s)
epoch: 84	train loss: 19538.064453125	(8.8s)
epoch: 85	train loss: 19482.435546875	(8.8s)
epoch: 86	train loss: 19634.89453125	(8.8s)
epoch: 87	train loss: 19935.875	(8.8s)
epoch: 88	train loss: 19829.4765625	(8.8s)
epoch: 89	train loss: 19706.943359375	(8.8s)
epoch: 90	train loss: 20668.484375	(8.8s)
epoch: 91	train loss: 19778.267578125	(8.8s)
epoch: 92	train loss: 19518.80859375	(8.8s)
epoch: 93	train loss: 19832.595703125	(8.8s)
epoch: 94	train loss: 20005.07421875	(8.8s)
epoch: 95	train loss: 19571.1328125	(8.8s)
epoch: 96	train loss: 19796.126953125	(8.8s)
epoch: 97	train loss: 19540.380859375	(8.8s)
epoch: 98	train loss: 19534.296875	(8.8s)
epoch: 99	train loss: 19932.978515625	(8.8s)
Evaluating model on 200 episodes
Solved 39/200 episodes
Evaluated model in 11.0 seconds
Saved model for run
735fc7d72188425e910f77759e86321d with name round-3
Round 4
Generated trajectories in 71.3 seconds
epoch: 0	train loss: 25162.267578125	(8.7s)
epoch: 1	train loss: 23660.63671875	(8.7s)
epoch: 2	train loss: 23046.939453125	(8.7s)
epoch: 3	train loss: 22716.056640625	(8.7s)
epoch: 4	train loss: 22488.158203125	(8.7s)
epoch: 5	train loss: 22276.33203125	(8.7s)
epoch: 6	train loss: 22295.005859375	(8.7s)
epoch: 7	train loss: 21748.875	(8.7s)
epoch: 8	train loss: 21763.400390625	(8.7s)
epoch: 9	train loss: 21512.669921875	(8.7s)
epoch: 10	train loss: 22157.529296875	(8.7s)
epoch: 11	train loss: 21641.54296875	(8.8s)
epoch: 12	train loss: 21112.767578125	(8.7s)
epoch: 13	train loss: 21011.86328125	(8.7s)
epoch: 14	train loss: 21511.154296875	(8.7s)
epoch: 15	train loss: 21182.373046875	(8.7s)
epoch: 16	train loss: 20965.291015625	(8.7s)
epoch: 17	train loss: 20818.119140625	(8.8s)
epoch: 18	train loss: 20693.03125	(8.7s)
epoch: 19	train loss: 20622.384765625	(8.7s)
epoch: 20	train loss: 20922.857421875	(8.7s)
epoch: 21	train loss: 20544.828125	(8.7s)
epoch: 22	train loss: 20585.63671875	(8.8s)
epoch: 23	train loss: 20557.076171875	(8.7s)
epoch: 24	train loss: 21171.64453125	(8.7s)
epoch: 25	train loss: 20244.994140625	(8.8s)
epoch: 26	train loss: 21192.205078125	(8.7s)
epoch: 27	train loss: 20239.947265625	(8.7s)
epoch: 28	train loss: 19973.0703125	(8.7s)
epoch: 29	train loss: 19979.125	(8.7s)
epoch: 30	train loss: 20241.681640625	(8.7s)
epoch: 31	train loss: 20070.181640625	(8.7s)
epoch: 32	train loss: 20234.921875	(8.7s)
epoch: 33	train loss: 20333.740234375	(8.7s)
epoch: 34	train loss: 19834.87109375	(8.8s)
epoch: 35	train loss: 19794.38671875	(8.7s)
epoch: 36	train loss: 19783.2890625	(8.7s)
epoch: 37	train loss: 19813.791015625	(8.7s)
epoch: 38	train loss: 19906.8671875	(8.7s)
epoch: 39	train loss: 19687.27734375	(8.8s)
epoch: 40	train loss: 19775.6953125	(8.8s)
epoch: 41	train loss: 19738.5625	(8.7s)
epoch: 42	train loss: 19749.15234375	(8.7s)
epoch: 43	train loss: 19635.33203125	(8.7s)
epoch: 44	train loss: 21482.009765625	(8.7s)
epoch: 45	train loss: 19747.41015625	(8.8s)
epoch: 46	train loss: 19515.095703125	(8.7s)
epoch: 47	train loss: 19569.640625	(8.7s)
epoch: 48	train loss: 19532.35546875	(8.8s)
epoch: 49	train loss: 20238.40625	(8.7s)
epoch: 50	train loss: 19594.9296875	(8.7s)
epoch: 51	train loss: 19339.2265625	(8.7s)
epoch: 52	train loss: 19362.662109375	(8.8s)
epoch: 53	train loss: 19374.462890625	(8.7s)
epoch: 54	train loss: 19606.126953125	(8.7s)
epoch: 55	train loss: 19934.015625	(8.7s)
epoch: 56	train loss: 21030.728515625	(8.7s)
epoch: 57	train loss: 19372.78125	(8.7s)
epoch: 58	train loss: 19772.23828125	(8.7s)
epoch: 59	train loss: 19683.765625	(8.7s)
epoch: 60	train loss: 19103.041015625	(8.7s)
epoch: 61	train loss: 19226.78515625	(8.7s)
epoch: 62	train loss: 19212.453125	(8.7s)
epoch: 63	train loss: 19222.830078125	(8.8s)
epoch: 64	train loss: 19175.017578125	(8.7s)
epoch: 65	train loss: 19139.880859375	(8.7s)
epoch: 66	train loss: 19262.87109375	(8.7s)
epoch: 67	train loss: 19187.609375	(8.7s)
epoch: 68	train loss: 19099.880859375	(8.8s)
epoch: 69	train loss: 19181.673828125	(8.7s)
epoch: 70	train loss: 19273.29296875	(8.7s)
epoch: 71	train loss: 19021.1640625	(8.7s)
epoch: 72	train loss: 19747.1015625	(8.7s)
epoch: 73	train loss: 18953.9375	(8.7s)
epoch: 74	train loss: 19059.62109375	(8.7s)
epoch: 75	train loss: 18828.353515625	(8.7s)
epoch: 76	train loss: 18876.609375	(8.8s)
epoch: 77	train loss: 19204.095703125	(8.7s)
epoch: 78	train loss: 18894.091796875	(8.8s)
epoch: 79	train loss: 18957.009765625	(8.8s)
epoch: 80	train loss: 19435.521484375	(8.7s)
epoch: 81	train loss: 18814.533203125	(8.7s)
epoch: 82	train loss: 18387.056640625	(8.7s)
epoch: 83	train loss: 18616.166015625	(8.8s)
epoch: 84	train loss: 18264.298828125	(8.7s)
epoch: 85	train loss: 18320.208984375	(8.7s)
epoch: 86	train loss: 18628.353515625	(8.7s)
epoch: 87	train loss: 18534.552734375	(8.7s)
epoch: 88	train loss: 18470.95703125	(8.7s)
epoch: 89	train loss: 18341.76953125	(8.7s)
epoch: 90	train loss: 19032.34765625	(8.7s)
epoch: 91	train loss: 19703.97265625	(8.8s)
epoch: 92	train loss: 18699.513671875	(8.7s)
epoch: 93	train loss: 18264.271484375	(8.8s)
epoch: 94	train loss: 18365.6328125	(8.7s)
epoch: 95	train loss: 18199.55859375	(8.7s)
epoch: 96	train loss: 19704.69921875	(8.7s)
epoch: 97	train loss: 18298.599609375	(8.7s)
epoch: 98	train loss: 18072.439453125	(8.7s)
epoch: 99	train loss: 17958.791015625	(8.8s)
Evaluating model on 200 episodes
Solved 34/200 episodes
Evaluated model in 11.5 seconds
Saved model for run
735fc7d72188425e910f77759e86321d with name round-4
Round 5
Generated trajectories in 70.9 seconds
epoch: 0	train loss: 24111.255859375	(8.7s)
epoch: 1	train loss: 22502.388671875	(8.7s)
epoch: 2	train loss: 21853.17578125	(8.7s)
epoch: 3	train loss: 21677.84375	(8.7s)
epoch: 4	train loss: 21326.625	(8.8s)
epoch: 5	train loss: 21112.240234375	(8.7s)
epoch: 6	train loss: 20934.046875	(8.7s)
epoch: 7	train loss: 21328.89453125	(8.8s)
epoch: 8	train loss: 20502.619140625	(8.8s)
epoch: 9	train loss: 20330.57421875	(8.8s)
epoch: 10	train loss: 20178.669921875	(8.7s)
epoch: 11	train loss: 20862.296875	(8.7s)
epoch: 12	train loss: 19987.990234375	(8.7s)
epoch: 13	train loss: 20092.283203125	(8.8s)
epoch: 14	train loss: 19544.55078125	(8.7s)
epoch: 15	train loss: 19882.146484375	(8.8s)
epoch: 16	train loss: 19572.65234375	(8.8s)
epoch: 17	train loss: 19495.6796875	(8.7s)
epoch: 18	train loss: 19425.078125	(8.8s)
epoch: 19	train loss: 19728.2578125	(8.7s)
epoch: 20	train loss: 19535.201171875	(8.7s)
epoch: 21	train loss: 19271.33203125	(8.7s)
epoch: 22	train loss: 19521.873046875	(8.8s)
epoch: 23	train loss: 19516.33984375	(8.8s)
epoch: 24	train loss: 19246.015625	(8.8s)
epoch: 25	train loss: 19025.119140625	(8.8s)
epoch: 26	train loss: 18972.576171875	(8.7s)
epoch: 27	train loss: 19261.974609375	(8.8s)
epoch: 28	train loss: 19129.32421875	(8.7s)
epoch: 29	train loss: 19015.771484375	(8.8s)
epoch: 30	train loss: 19107.287109375	(8.8s)
epoch: 31	train loss: 20243.216796875	(8.7s)
epoch: 32	train loss: 18674.830078125	(8.8s)
epoch: 33	train loss: 18690.603515625	(8.8s)
epoch: 34	train loss: 18563.435546875	(8.7s)
epoch: 35	train loss: 18902.240234375	(8.8s)
epoch: 36	train loss: 18884.099609375	(8.7s)
epoch: 37	train loss: 21000.7109375	(8.7s)
epoch: 38	train loss: 18473.314453125	(8.8s)
epoch: 39	train loss: 18233.533203125	(8.8s)
epoch: 40	train loss: 18280.509765625	(8.8s)
epoch: 41	train loss: 18091.353515625	(8.8s)
epoch: 42	train loss: 18448.4375	(8.8s)
epoch: 43	train loss: 18462.66015625	(8.8s)
epoch: 44	train loss: 18381.447265625	(8.8s)
epoch: 45	train loss: 17911.408203125	(8.8s)
epoch: 46	train loss: 18272.037109375	(8.8s)
epoch: 47	train loss: 18946.8515625	(8.7s)
epoch: 48	train loss: 18109.85546875	(8.7s)
epoch: 49	train loss: 18299.583984375	(8.8s)
epoch: 50	train loss: 17959.322265625	(8.7s)
epoch: 51	train loss: 18026.673828125	(8.7s)
epoch: 52	train loss: 17788.67578125	(8.8s)
epoch: 53	train loss: 17973.650390625	(8.8s)
epoch: 54	train loss: 17887.474609375	(8.8s)
epoch: 55	train loss: 17805.54296875	(8.7s)
epoch: 56	train loss: 17836.173828125	(8.7s)
epoch: 57	train loss: 17683.802734375	(8.7s)
epoch: 58	train loss: 17749.947265625	(8.8s)
epoch: 59	train loss: 17682.228515625	(8.8s)
epoch: 60	train loss: 18904.126953125	(8.7s)
epoch: 61	train loss: 18255.5703125	(8.8s)
epoch: 62	train loss: 17387.31640625	(8.8s)
epoch: 63	train loss: 17336.537109375	(8.7s)
epoch: 64	train loss: 17209.865234375	(8.7s)
epoch: 65	train loss: 17982.181640625	(8.7s)
epoch: 66	train loss: 17348.07421875	(8.7s)
epoch: 67	train loss: 17170.5859375	(8.7s)
epoch: 68	train loss: 17549.958984375	(8.7s)
epoch: 69	train loss: 17402.505859375	(8.8s)
epoch: 70	train loss: 17252.626953125	(8.7s)
epoch: 71	train loss: 17283.189453125	(8.7s)
epoch: 72	train loss: 17210.00390625	(8.8s)
epoch: 73	train loss: 17180.029296875	(8.8s)
epoch: 74	train loss: 17235.494140625	(8.7s)
epoch: 75	train loss: 17136.564453125	(8.8s)
epoch: 76	train loss: 17635.630859375	(8.7s)
epoch: 77	train loss: 17237.3125	(8.7s)
epoch: 78	train loss: 16980.15625	(8.7s)
epoch: 79	train loss: 18435.02734375	(8.7s)
epoch: 80	train loss: 17024.70703125	(8.7s)
epoch: 81	train loss: 17205.23828125	(8.7s)
epoch: 82	train loss: 16939.98046875	(8.7s)
epoch: 83	train loss: 16981.841796875	(8.7s)
epoch: 84	train loss: 18221.01953125	(8.7s)
epoch: 85	train loss: 16995.22265625	(8.7s)
epoch: 86	train loss: 17165.552734375	(8.7s)
epoch: 87	train loss: 17698.181640625	(8.7s)
epoch: 88	train loss: 17025.458984375	(8.7s)
epoch: 89	train loss: 16961.267578125	(8.8s)
epoch: 90	train loss: 16786.017578125	(8.8s)
epoch: 91	train loss: 16771.794921875	(8.7s)
epoch: 92	train loss: 16886.24609375	(8.8s)
epoch: 93	train loss: 18162.76953125	(8.7s)
epoch: 94	train loss: 17412.552734375	(8.8s)
epoch: 95	train loss: 16838.828125	(8.8s)
epoch: 96	train loss: 16866.158203125	(8.7s)
epoch: 97	train loss: 16491.4296875	(8.8s)
epoch: 98	train loss: 16376.716796875	(8.8s)
epoch: 99	train loss: 16591.841796875	(8.8s)
Evaluating model on 200 episodes
Solved 29/200 episodes
Evaluated model in 12.0 seconds
Saved model for run
735fc7d72188425e910f77759e86321d with name round-5
Round 6
Generated trajectories in 71.6 seconds
epoch: 0	train loss: 24384.927734375	(8.7s)
epoch: 1	train loss: 22600.4921875	(8.6s)
epoch: 2	train loss: 21816.041015625	(8.7s)
epoch: 3	train loss: 21207.76953125	(8.7s)
epoch: 4	train loss: 21030.240234375	(8.7s)
epoch: 5	train loss: 21319.7578125	(8.7s)
epoch: 6	train loss: 20716.1640625	(8.7s)
epoch: 7	train loss: 20550.044921875	(8.7s)
epoch: 8	train loss: 20442.576171875	(8.7s)
epoch: 9	train loss: 20203.912109375	(8.7s)
epoch: 10	train loss: 19984.162109375	(8.7s)
epoch: 11	train loss: 19558.17578125	(8.7s)
epoch: 12	train loss: 19498.900390625	(8.7s)
epoch: 13	train loss: 19623.080078125	(8.7s)
epoch: 14	train loss: 19895.603515625	(8.7s)
epoch: 15	train loss: 19462.53125	(8.7s)
epoch: 16	train loss: 20026.5703125	(8.7s)
epoch: 17	train loss: 19282.5390625	(8.7s)
epoch: 18	train loss: 18949.28125	(8.7s)
epoch: 19	train loss: 18899.96875	(8.7s)
epoch: 20	train loss: 18870.314453125	(8.7s)
epoch: 21	train loss: 18745.888671875	(8.7s)
epoch: 22	train loss: 18859.634765625	(8.7s)
epoch: 23	train loss: 18534.61328125	(8.7s)
epoch: 24	train loss: 18761.4609375	(8.7s)
epoch: 25	train loss: 18628.92578125	(8.7s)
epoch: 26	train loss: 19150.2265625	(8.7s)
epoch: 27	train loss: 18970.64453125	(8.7s)
epoch: 28	train loss: 18590.943359375	(8.7s)
epoch: 29	train loss: 18482.09375	(8.7s)
epoch: 30	train loss: 18300.39453125	(8.7s)
epoch: 31	train loss: 19269.48046875	(8.7s)
epoch: 32	train loss: 18686.248046875	(8.7s)
epoch: 33	train loss: 18559.720703125	(8.7s)
epoch: 34	train loss: 18508.91796875	(8.7s)
epoch: 35	train loss: 18386.36328125	(8.7s)
epoch: 36	train loss: 18277.31640625	(8.7s)
epoch: 37	train loss: 18503.708984375	(8.7s)
epoch: 38	train loss: 18144.0	(8.7s)
epoch: 39	train loss: 17985.935546875	(8.7s)
epoch: 40	train loss: 17984.212890625	(8.7s)
epoch: 41	train loss: 18755.068359375	(8.7s)
epoch: 42	train loss: 18091.7890625	(8.7s)
epoch: 43	train loss: 18046.74609375	(8.7s)
epoch: 44	train loss: 18479.390625	(8.7s)
epoch: 45	train loss: 17754.3828125	(8.7s)
epoch: 46	train loss: 18808.50390625	(8.7s)
epoch: 47	train loss: 17847.76953125	(8.7s)
epoch: 48	train loss: 17502.751953125	(8.7s)
epoch: 49	train loss: 17654.97265625	(8.7s)
epoch: 50	train loss: 17635.37109375	(8.7s)
epoch: 51	train loss: 17733.88671875	(8.7s)
epoch: 52	train loss: 17748.392578125	(8.7s)
epoch: 53	train loss: 17714.15234375	(8.7s)
epoch: 54	train loss: 17471.7578125	(8.7s)
epoch: 55	train loss: 17772.955078125	(8.7s)
epoch: 56	train loss: 17658.13671875	(8.7s)
epoch: 57	train loss: 17872.326171875	(8.7s)
epoch: 58	train loss: 17628.58984375	(8.7s)
epoch: 59	train loss: 17737.548828125	(8.7s)
epoch: 60	train loss: 17380.236328125	(8.7s)
epoch: 61	train loss: 17419.080078125	(8.7s)
epoch: 62	train loss: 17475.681640625	(8.7s)
epoch: 63	train loss: 18039.5234375	(8.7s)
epoch: 64	train loss: 17526.662109375	(8.7s)
epoch: 65	train loss: 17849.869140625	(8.7s)
epoch: 66	train loss: 17749.029296875	(8.7s)
epoch: 67	train loss: 17357.578125	(8.7s)
epoch: 68	train loss: 18527.986328125	(8.7s)
epoch: 69	train loss: 17613.943359375	(8.7s)
epoch: 70	train loss: 17298.892578125	(8.7s)
epoch: 71	train loss: 17652.83984375	(8.7s)
epoch: 72	train loss: 18038.76953125	(8.7s)
epoch: 73	train loss: 18198.7421875	(8.7s)
epoch: 74	train loss: 17785.126953125	(8.7s)
epoch: 75	train loss: 17226.494140625	(8.7s)
epoch: 76	train loss: 16947.158203125	(8.7s)
epoch: 77	train loss: 17141.03515625	(8.7s)
epoch: 78	train loss: 17189.173828125	(8.7s)
epoch: 79	train loss: 17205.173828125	(8.7s)
epoch: 80	train loss: 16958.501953125	(8.7s)
epoch: 81	train loss: 16988.09765625	(8.7s)
epoch: 82	train loss: 17028.708984375	(8.7s)
epoch: 83	train loss: 17459.029296875	(8.7s)
epoch: 84	train loss: 17291.564453125	(8.7s)
epoch: 85	train loss: 16777.654296875	(8.7s)
epoch: 86	train loss: 16823.37109375	(8.7s)
epoch: 87	train loss: 16867.720703125	(8.7s)
epoch: 88	train loss: 16872.875	(8.7s)
epoch: 89	train loss: 16889.435546875	(8.7s)
epoch: 90	train loss: 16780.521484375	(8.7s)
epoch: 91	train loss: 16814.482421875	(8.7s)
epoch: 92	train loss: 17031.275390625	(8.7s)
epoch: 93	train loss: 17079.67578125	(8.7s)
epoch: 94	train loss: 16730.626953125	(8.7s)
epoch: 95	train loss: 17033.044921875	(8.7s)
epoch: 96	train loss: 16806.888671875	(8.7s)
epoch: 97	train loss: 17358.611328125	(8.7s)
epoch: 98	train loss: 17549.833984375	(8.7s)
epoch: 99	train loss: 17103.703125	(8.7s)
Evaluating model on 200 episodes
Solved 37/200 episodes
Evaluated model in 12.2 seconds
Saved model for run
735fc7d72188425e910f77759e86321d with name round-6
Round 7
Generated trajectories in 72.0 seconds
epoch: 0	train loss: 24333.369140625	(8.8s)
epoch: 1	train loss: 22672.326171875	(8.8s)
epoch: 2	train loss: 22030.578125	(8.8s)
epoch: 3	train loss: 21557.365234375	(8.8s)
epoch: 4	train loss: 21067.390625	(8.8s)
epoch: 5	train loss: 20967.357421875	(8.8s)
epoch: 6	train loss: 20655.728515625	(8.9s)
epoch: 7	train loss: 20601.16796875	(8.8s)
epoch: 8	train loss: 20095.4609375	(8.9s)
epoch: 9	train loss: 20088.857421875	(8.8s)
epoch: 10	train loss: 19849.734375	(8.8s)
epoch: 11	train loss: 19933.759765625	(8.8s)
epoch: 12	train loss: 20214.869140625	(8.9s)
epoch: 13	train loss: 19493.228515625	(8.9s)
epoch: 14	train loss: 20223.841796875	(8.9s)
epoch: 15	train loss: 19803.189453125	(8.9s)
epoch: 16	train loss: 19901.923828125	(8.8s)
epoch: 17	train loss: 19534.25	(8.9s)
epoch: 18	train loss: 19447.083984375	(8.9s)
epoch: 19	train loss: 19266.5	(8.9s)
epoch: 20	train loss: 19591.17578125	(8.9s)
epoch: 21	train loss: 19111.01171875	(8.9s)
epoch: 22	train loss: 19169.61328125	(8.9s)
epoch: 23	train loss: 19331.109375	(8.9s)
epoch: 24	train loss: 19079.5703125	(8.9s)
epoch: 25	train loss: 19272.572265625	(8.9s)
epoch: 26	train loss: 18965.201171875	(8.9s)
epoch: 27	train loss: 18715.9453125	(8.9s)
epoch: 28	train loss: 18829.85546875	(8.9s)
epoch: 29	train loss: 18667.68359375	(8.9s)
epoch: 30	train loss: 18956.09765625	(8.9s)
epoch: 31	train loss: 19661.02734375	(8.9s)
epoch: 32	train loss: 18701.37890625	(8.9s)
epoch: 33	train loss: 18642.09765625	(8.8s)
epoch: 34	train loss: 18255.505859375	(8.9s)
epoch: 35	train loss: 18666.009765625	(8.9s)
epoch: 36	train loss: 18417.3984375	(8.9s)
epoch: 37	train loss: 18528.962890625	(8.9s)
epoch: 38	train loss: 18611.9375	(8.9s)
epoch: 39	train loss: 18062.92578125	(8.9s)
epoch: 40	train loss: 17992.36328125	(8.9s)
epoch: 41	train loss: 17971.138671875	(8.9s)
epoch: 42	train loss: 18480.9296875	(8.9s)
epoch: 43	train loss: 18623.1171875	(8.9s)
epoch: 44	train loss: 18084.12109375	(8.9s)
epoch: 45	train loss: 22458.521484375	(8.9s)
epoch: 46	train loss: 18982.916015625	(8.9s)
epoch: 47	train loss: 18014.318359375	(8.8s)
epoch: 48	train loss: 17904.298828125	(8.9s)
epoch: 49	train loss: 17834.296875	(8.9s)
epoch: 50	train loss: 17693.6953125	(8.9s)
epoch: 51	train loss: 17565.09765625	(8.9s)
epoch: 52	train loss: 17518.83203125	(8.9s)
epoch: 53	train loss: 17688.353515625	(8.9s)
epoch: 54	train loss: 17880.099609375	(8.9s)
epoch: 55	train loss: 17921.529296875	(8.9s)
epoch: 56	train loss: 17569.55078125	(8.9s)
epoch: 57	train loss: 17832.24609375	(8.9s)
epoch: 58	train loss: 17732.10546875	(8.9s)
epoch: 59	train loss: 17338.865234375	(8.9s)
epoch: 60	train loss: 17263.58203125	(8.9s)
epoch: 61	train loss: 17402.470703125	(8.8s)
epoch: 62	train loss: 17592.4296875	(8.9s)
epoch: 63	train loss: 17289.62890625	(8.9s)
epoch: 64	train loss: 17387.578125	(8.9s)
epoch: 65	train loss: 17483.10546875	(8.9s)
epoch: 66	train loss: 17145.033203125	(8.9s)
epoch: 67	train loss: 17147.638671875	(8.9s)
epoch: 68	train loss: 17327.279296875	(8.9s)
epoch: 69	train loss: 18227.9453125	(8.9s)
epoch: 70	train loss: 18038.5859375	(8.9s)
epoch: 71	train loss: 17593.087890625	(8.9s)
epoch: 72	train loss: 17216.80078125	(8.9s)
epoch: 73	train loss: 17398.01171875	(8.9s)
epoch: 74	train loss: 17152.482421875	(8.9s)
epoch: 75	train loss: 17817.599609375	(8.8s)
epoch: 76	train loss: 17060.35546875	(8.9s)
epoch: 77	train loss: 17478.328125	(8.9s)
epoch: 78	train loss: 17016.298828125	(8.9s)
epoch: 79	train loss: 17044.4375	(8.9s)
epoch: 80	train loss: 17028.939453125	(8.9s)
epoch: 81	train loss: 17071.318359375	(8.9s)
epoch: 82	train loss: 17230.005859375	(8.9s)
epoch: 83	train loss: 17308.48046875	(8.8s)
epoch: 84	train loss: 18199.03515625	(8.9s)
epoch: 85	train loss: 16956.51953125	(8.9s)
epoch: 86	train loss: 17136.8671875	(8.9s)
epoch: 87	train loss: 17503.3984375	(8.9s)
epoch: 88	train loss: 16798.732421875	(8.9s)
epoch: 89	train loss: 16826.95703125	(8.8s)
epoch: 90	train loss: 17362.548828125	(8.9s)
epoch: 91	train loss: 17219.396484375	(8.9s)
epoch: 92	train loss: 16721.01171875	(8.9s)
epoch: 93	train loss: 16685.958984375	(8.9s)
epoch: 94	train loss: 17469.59765625	(8.9s)
epoch: 95	train loss: 17102.201171875	(8.9s)
epoch: 96	train loss: 16950.30859375	(8.9s)
epoch: 97	train loss: 17218.30078125	(8.9s)
epoch: 98	train loss: 17105.189453125	(8.9s)
epoch: 99	train loss: 16663.900390625	(8.9s)
Evaluating model on 200 episodes
Solved 33/200 episodes
Evaluated model in 11.8 seconds
Saved model for run
735fc7d72188425e910f77759e86321d with name round-7
Round 8
Generated trajectories in 72.0 seconds
epoch: 0	train loss: 23902.54296875	(9.0s)
epoch: 1	train loss: 22089.07421875	(8.8s)
epoch: 2	train loss: 21414.787109375	(8.8s)
epoch: 3	train loss: 20816.25	(8.8s)
epoch: 4	train loss: 20483.9609375	(8.8s)
epoch: 5	train loss: 20227.30078125	(8.8s)
epoch: 6	train loss: 19892.529296875	(8.8s)
epoch: 7	train loss: 19762.939453125	(8.8s)
epoch: 8	train loss: 20429.783203125	(8.8s)
epoch: 9	train loss: 19756.80859375	(8.8s)
epoch: 10	train loss: 19413.537109375	(8.8s)
epoch: 11	train loss: 19436.060546875	(8.8s)
epoch: 12	train loss: 19534.8203125	(8.8s)
epoch: 13	train loss: 19184.873046875	(8.8s)
epoch: 14	train loss: 19383.533203125	(8.8s)
epoch: 15	train loss: 19174.7109375	(8.8s)
epoch: 16	train loss: 18884.755859375	(8.8s)
epoch: 17	train loss: 18669.91796875	(8.8s)
epoch: 18	train loss: 18453.119140625	(8.8s)
epoch: 19	train loss: 18563.57421875	(8.8s)
epoch: 20	train loss: 18543.45703125	(8.8s)
epoch: 21	train loss: 18373.42578125	(8.8s)
epoch: 22	train loss: 18328.716796875	(8.8s)
epoch: 23	train loss: 18073.05859375	(8.8s)
epoch: 24	train loss: 18236.36328125	(8.8s)
epoch: 25	train loss: 17902.693359375	(8.8s)
epoch: 26	train loss: 17954.732421875	(8.8s)
epoch: 27	train loss: 18166.7421875	(8.8s)
epoch: 28	train loss: 18054.79296875	(8.8s)
epoch: 29	train loss: 18148.87890625	(8.8s)
epoch: 30	train loss: 18054.59765625	(8.8s)
epoch: 31	train loss: 18197.2734375	(8.8s)
epoch: 32	train loss: 17704.3671875	(8.8s)
epoch: 33	train loss: 17423.232421875	(8.8s)
epoch: 34	train loss: 17997.62109375	(8.8s)
epoch: 35	train loss: 17619.40234375	(8.8s)
epoch: 36	train loss: 17358.6796875	(8.8s)
epoch: 37	train loss: 17704.94921875	(8.8s)
epoch: 38	train loss: 17762.212890625	(8.8s)
epoch: 39	train loss: 17504.0390625	(8.8s)
epoch: 40	train loss: 17729.73828125	(8.8s)
epoch: 41	train loss: 17688.962890625	(8.8s)
epoch: 42	train loss: 17241.76953125	(8.8s)
epoch: 43	train loss: 17232.5078125	(8.8s)
epoch: 44	train loss: 17158.73046875	(8.8s)
epoch: 45	train loss: 17440.203125	(8.8s)
epoch: 46	train loss: 17099.28125	(8.8s)
epoch: 47	train loss: 17277.79296875	(8.8s)
epoch: 48	train loss: 17081.99609375	(8.8s)
epoch: 49	train loss: 17861.42578125	(8.8s)
epoch: 50	train loss: 17180.19921875	(8.8s)
epoch: 51	train loss: 17118.630859375	(8.8s)
epoch: 52	train loss: 16701.60546875	(8.8s)
epoch: 53	train loss: 16981.619140625	(8.8s)
epoch: 54	train loss: 17126.873046875	(8.8s)
epoch: 55	train loss: 16919.880859375	(8.8s)
epoch: 56	train loss: 16688.515625	(8.8s)
epoch: 57	train loss: 18287.201171875	(8.8s)
epoch: 58	train loss: 17047.525390625	(8.8s)
epoch: 59	train loss: 16573.966796875	(8.8s)
epoch: 60	train loss: 16700.83984375	(8.8s)
epoch: 61	train loss: 16829.634765625	(8.8s)
epoch: 62	train loss: 16727.150390625	(8.8s)
epoch: 63	train loss: 16397.140625	(8.8s)
epoch: 64	train loss: 16528.330078125	(8.8s)
epoch: 65	train loss: 16965.982421875	(8.8s)
epoch: 66	train loss: 16940.943359375	(8.8s)
epoch: 67	train loss: 16555.361328125	(8.8s)
epoch: 68	train loss: 16968.1015625	(8.8s)
epoch: 69	train loss: 16549.109375	(8.8s)
epoch: 70	train loss: 16622.3359375	(8.8s)
epoch: 71	train loss: 17096.25390625	(8.8s)
epoch: 72	train loss: 16595.20703125	(8.8s)
epoch: 73	train loss: 16052.3740234375	(8.8s)
epoch: 74	train loss: 16455.140625	(8.8s)
epoch: 75	train loss: 16066.4609375	(8.8s)
epoch: 76	train loss: 16908.13671875	(8.8s)
epoch: 77	train loss: 16760.251953125	(8.8s)
epoch: 78	train loss: 16398.75390625	(8.8s)
epoch: 79	train loss: 16281.3876953125	(8.8s)
epoch: 80	train loss: 17842.087890625	(8.8s)
epoch: 81	train loss: 16167.896484375	(8.8s)
epoch: 82	train loss: 16334.4384765625	(8.8s)
epoch: 83	train loss: 16095.45703125	(8.8s)
epoch: 84	train loss: 16216.1064453125	(8.8s)
epoch: 85	train loss: 16066.818359375	(8.8s)
epoch: 86	train loss: 16779.41796875	(8.8s)
epoch: 87	train loss: 16482.12109375	(8.8s)
epoch: 88	train loss: 16033.947265625	(8.8s)
epoch: 89	train loss: 16004.7568359375	(8.8s)
epoch: 90	train loss: 15927.9560546875	(8.8s)
epoch: 91	train loss: 15950.462890625	(8.8s)
epoch: 92	train loss: 15781.3896484375	(8.8s)
epoch: 93	train loss: 15847.318359375	(8.8s)
epoch: 94	train loss: 18327.666015625	(8.8s)
epoch: 95	train loss: 16375.93359375	(8.8s)
epoch: 96	train loss: 15952.4677734375	(8.8s)
epoch: 97	train loss: 15780.203125	(8.8s)
epoch: 98	train loss: 16108.2314453125	(8.8s)
epoch: 99	train loss: 15698.181640625	(8.8s)
Evaluating model on 200 episodes
Solved 40/200 episodes
Evaluated model in 11.0 seconds
Saved model for run
735fc7d72188425e910f77759e86321d with name round-8
Round 9
Generated trajectories in 71.8 seconds
epoch: 0	train loss: 24189.892578125	(8.9s)
epoch: 1	train loss: 21715.349609375	(8.8s)
epoch: 2	train loss: 21027.595703125	(8.8s)
epoch: 3	train loss: 20642.921875	(8.8s)
epoch: 4	train loss: 20169.19140625	(8.8s)
epoch: 5	train loss: 19968.416015625	(8.8s)
epoch: 6	train loss: 19647.771484375	(8.8s)
epoch: 7	train loss: 19660.365234375	(8.8s)
epoch: 8	train loss: 19455.583984375	(8.8s)
epoch: 9	train loss: 19550.232421875	(8.8s)
epoch: 10	train loss: 19144.53125	(8.9s)
epoch: 11	train loss: 19075.869140625	(8.8s)
epoch: 12	train loss: 18941.6796875	(8.9s)
epoch: 13	train loss: 18907.521484375	(8.8s)
epoch: 14	train loss: 18715.369140625	(8.8s)
epoch: 15	train loss: 19152.291015625	(8.8s)
epoch: 16	train loss: 18577.720703125	(8.8s)
epoch: 17	train loss: 18688.2578125	(8.9s)
epoch: 18	train loss: 18249.369140625	(8.9s)
epoch: 19	train loss: 18195.20703125	(8.9s)
epoch: 20	train loss: 18064.9609375	(8.8s)
epoch: 21	train loss: 18086.486328125	(8.9s)
epoch: 22	train loss: 19159.083984375	(8.8s)
epoch: 23	train loss: 17971.853515625	(8.9s)
epoch: 24	train loss: 17798.654296875	(8.8s)
epoch: 25	train loss: 17675.08203125	(8.8s)
epoch: 26	train loss: 17913.08203125	(8.9s)
epoch: 27	train loss: 17673.822265625	(8.9s)
epoch: 28	train loss: 17969.162109375	(8.9s)
epoch: 29	train loss: 17589.697265625	(8.8s)
epoch: 30	train loss: 17452.984375	(8.9s)
epoch: 31	train loss: 17404.33203125	(8.8s)
epoch: 32	train loss: 17165.912109375	(8.9s)
epoch: 33	train loss: 17351.685546875	(8.8s)
epoch: 34	train loss: 17410.23828125	(8.9s)
epoch: 35	train loss: 17364.359375	(8.8s)
epoch: 36	train loss: 17475.712890625	(8.8s)
epoch: 37	train loss: 17115.74609375	(8.9s)
epoch: 38	train loss: 17285.900390625	(8.8s)
epoch: 39	train loss: 17069.134765625	(8.9s)
epoch: 40	train loss: 17275.158203125	(8.8s)
epoch: 41	train loss: 17003.08984375	(8.9s)
epoch: 42	train loss: 16751.732421875	(8.8s)
epoch: 43	train loss: 16780.7578125	(8.9s)
epoch: 44	train loss: 17040.72265625	(8.8s)
epoch: 45	train loss: 16742.4453125	(8.8s)
epoch: 46	train loss: 17026.126953125	(8.9s)
epoch: 47	train loss: 16699.4296875	(8.8s)
epoch: 48	train loss: 17159.6171875	(8.9s)
epoch: 49	train loss: 16844.326171875	(8.8s)
epoch: 50	train loss: 16526.3125	(8.8s)
epoch: 51	train loss: 16334.6220703125	(8.9s)
epoch: 52	train loss: 16612.111328125	(8.9s)
epoch: 53	train loss: 17163.287109375	(8.9s)
epoch: 54	train loss: 17132.17578125	(8.9s)
epoch: 55	train loss: 16556.521484375	(8.9s)
epoch: 56	train loss: 16611.521484375	(8.9s)
epoch: 57	train loss: 18020.869140625	(8.8s)
epoch: 58	train loss: 17070.677734375	(8.8s)
epoch: 59	train loss: 16798.95703125	(8.9s)
epoch: 60	train loss: 16329.05859375	(8.8s)
epoch: 61	train loss: 16562.15234375	(8.9s)
epoch: 62	train loss: 16491.267578125	(8.9s)
epoch: 63	train loss: 16169.9853515625	(8.9s)
epoch: 64	train loss: 16328.263671875	(8.8s)
epoch: 65	train loss: 16486.640625	(8.8s)
epoch: 66	train loss: 16268.4912109375	(8.9s)
epoch: 67	train loss: 16341.5166015625	(8.9s)
epoch: 68	train loss: 16216.412109375	(8.9s)
epoch: 69	train loss: 16361.8369140625	(8.8s)
epoch: 70	train loss: 16099.26953125	(8.8s)
epoch: 71	train loss: 16143.740234375	(8.9s)
epoch: 72	train loss: 15982.6552734375	(8.8s)
epoch: 73	train loss: 16298.92578125	(8.8s)
epoch: 74	train loss: 17466.275390625	(8.9s)
epoch: 75	train loss: 16542.083984375	(8.9s)
epoch: 76	train loss: 15939.5791015625	(8.9s)
epoch: 77	train loss: 16357.9853515625	(8.8s)
epoch: 78	train loss: 17477.341796875	(8.9s)
epoch: 79	train loss: 16118.3193359375	(8.8s)
epoch: 80	train loss: 15882.2724609375	(8.9s)
epoch: 81	train loss: 15865.2666015625	(8.9s)
epoch: 82	train loss: 16272.19140625	(8.9s)
epoch: 83	train loss: 15976.6669921875	(8.8s)
epoch: 84	train loss: 15497.2255859375	(8.9s)
epoch: 85	train loss: 15738.443359375	(8.9s)
epoch: 86	train loss: 16396.2734375	(8.8s)
epoch: 87	train loss: 15972.3603515625	(8.8s)
epoch: 88	train loss: 15909.4833984375	(8.9s)
epoch: 89	train loss: 15471.138671875	(8.8s)
epoch: 90	train loss: 15671.115234375	(8.9s)
epoch: 91	train loss: 16040.837890625	(8.8s)
epoch: 92	train loss: 15532.650390625	(8.9s)
epoch: 93	train loss: 15964.7314453125	(8.9s)
epoch: 94	train loss: 15581.9404296875	(8.8s)
epoch: 95	train loss: 16403.236328125	(8.9s)
epoch: 96	train loss: 15474.5107421875	(8.8s)
epoch: 97	train loss: 15378.416015625	(8.9s)
epoch: 98	train loss: 15362.8125	(8.8s)
epoch: 99	train loss: 15563.177734375	(8.9s)
Evaluating model on 200 episodes
Solved 42/200 episodes
Evaluated model in 11.4 seconds
Saved model for run
735fc7d72188425e910f77759e86321d with name round-9
Round 10
Generated trajectories in 71.9 seconds
epoch: 0	train loss: 23903.5234375	(8.8s)
epoch: 1	train loss: 21797.09765625	(8.7s)
epoch: 2	train loss: 20935.017578125	(8.7s)
epoch: 3	train loss: 20267.93359375	(8.7s)
epoch: 4	train loss: 20098.1171875	(8.8s)
epoch: 5	train loss: 19655.25390625	(8.8s)
epoch: 6	train loss: 19716.69921875	(8.8s)
epoch: 7	train loss: 19598.05078125	(8.8s)
epoch: 8	train loss: 19370.9921875	(8.8s)
epoch: 9	train loss: 19182.982421875	(8.8s)
epoch: 10	train loss: 18816.158203125	(8.8s)
epoch: 11	train loss: 18899.203125	(8.7s)
epoch: 12	train loss: 18828.419921875	(8.8s)
epoch: 13	train loss: 18806.984375	(8.8s)
epoch: 14	train loss: 18326.734375	(8.8s)
epoch: 15	train loss: 18128.8515625	(8.8s)
epoch: 16	train loss: 18025.537109375	(8.8s)
epoch: 17	train loss: 18195.083984375	(8.8s)
epoch: 18	train loss: 18138.130859375	(8.8s)
epoch: 19	train loss: 18468.3125	(8.8s)
epoch: 20	train loss: 18178.875	(8.8s)
epoch: 21	train loss: 17805.451171875	(8.8s)
epoch: 22	train loss: 18171.248046875	(8.8s)
epoch: 23	train loss: 17766.29296875	(8.8s)
epoch: 24	train loss: 17813.55859375	(8.8s)
epoch: 25	train loss: 17874.712890625	(8.8s)
epoch: 26	train loss: 18110.28125	(8.8s)
epoch: 27	train loss: 17510.45703125	(8.8s)
epoch: 28	train loss: 17240.44140625	(8.8s)
epoch: 29	train loss: 17092.541015625	(8.8s)
epoch: 30	train loss: 17450.794921875	(8.8s)
epoch: 31	train loss: 17012.17578125	(8.8s)
epoch: 32	train loss: 20582.69140625	(8.8s)
epoch: 33	train loss: 17733.587890625	(8.8s)
epoch: 34	train loss: 17082.845703125	(8.8s)
epoch: 35	train loss: 16855.236328125	(8.8s)
epoch: 36	train loss: 16979.287109375	(8.8s)
epoch: 37	train loss: 16989.390625	(8.8s)
epoch: 38	train loss: 16623.9375	(8.8s)
epoch: 39	train loss: 16876.86328125	(8.8s)
epoch: 40	train loss: 16735.13671875	(8.8s)
epoch: 41	train loss: 16569.08984375	(8.8s)
epoch: 42	train loss: 16539.8984375	(8.8s)
epoch: 43	train loss: 16637.568359375	(8.8s)
epoch: 44	train loss: 16963.314453125	(8.8s)
epoch: 45	train loss: 17215.298828125	(8.8s)
epoch: 46	train loss: 16964.3671875	(8.8s)
epoch: 47	train loss: 16372.529296875	(8.8s)
epoch: 48	train loss: 16695.966796875	(8.8s)
epoch: 49	train loss: 16881.67578125	(8.8s)
epoch: 50	train loss: 16373.365234375	(8.8s)
epoch: 51	train loss: 16280.2548828125	(8.8s)
epoch: 52	train loss: 16325.638671875	(8.8s)
epoch: 53	train loss: 16835.595703125	(8.8s)
epoch: 54	train loss: 16362.12109375	(8.8s)
epoch: 55	train loss: 15984.1650390625	(8.8s)
epoch: 56	train loss: 16014.5947265625	(8.8s)
epoch: 57	train loss: 15967.58203125	(8.8s)
epoch: 58	train loss: 17017.318359375	(8.8s)
epoch: 59	train loss: 16038.4404296875	(8.8s)
epoch: 60	train loss: 16047.390625	(8.8s)
epoch: 61	train loss: 16019.8408203125	(8.8s)
epoch: 62	train loss: 15951.197265625	(8.8s)
epoch: 63	train loss: 16766.5859375	(8.8s)
epoch: 64	train loss: 16256.4248046875	(8.8s)
epoch: 65	train loss: 15791.1298828125	(8.8s)
epoch: 66	train loss: 16019.40625	(8.8s)
epoch: 67	train loss: 15917.3388671875	(8.8s)
epoch: 68	train loss: 16024.333984375	(8.8s)
epoch: 69	train loss: 16001.59375	(8.8s)
epoch: 70	train loss: 15737.673828125	(8.8s)
epoch: 71	train loss: 17256.296875	(8.8s)
epoch: 72	train loss: 16356.3369140625	(8.8s)
epoch: 73	train loss: 15946.556640625	(8.8s)
epoch: 74	train loss: 15746.9326171875	(8.8s)
epoch: 75	train loss: 15973.6708984375	(8.8s)
epoch: 76	train loss: 15993.2470703125	(8.8s)
epoch: 77	train loss: 15503.1591796875	(8.8s)
epoch: 78	train loss: 15671.22265625	(8.8s)
epoch: 79	train loss: 15517.0654296875	(8.8s)
epoch: 80	train loss: 15107.720703125	(8.8s)
epoch: 81	train loss: 15253.615234375	(8.8s)
epoch: 82	train loss: 15445.8251953125	(8.8s)
epoch: 83	train loss: 15100.6728515625	(8.8s)
epoch: 84	train loss: 15254.7490234375	(8.8s)
epoch: 85	train loss: 15234.701171875	(8.8s)
epoch: 86	train loss: 16522.369140625	(8.8s)
epoch: 87	train loss: 15484.2626953125	(8.8s)
epoch: 88	train loss: 15107.455078125	(8.8s)
epoch: 89	train loss: 15869.08203125	(8.8s)
epoch: 90	train loss: 15437.0068359375	(8.8s)
epoch: 91	train loss: 15077.68359375	(8.8s)
epoch: 92	train loss: 15293.986328125	(8.8s)
epoch: 93	train loss: 14971.8427734375	(8.8s)
epoch: 94	train loss: 14945.5380859375	(8.8s)
epoch: 95	train loss: 15773.6083984375	(8.8s)
epoch: 96	train loss: 15450.3740234375	(8.8s)
epoch: 97	train loss: 15123.349609375	(8.8s)
epoch: 98	train loss: 14700.1748046875	(8.8s)
epoch: 99	train loss: 15844.796875	(8.8s)
Evaluating model on 200 episodes
Solved 41/200 episodes
Evaluated model in 11.3 seconds
Saved model for run
735fc7d72188425e910f77759e86321d with name round-10
Round 11
Generated trajectories in 72.0 seconds
epoch: 0	train loss: 23581.451171875	(8.8s)
epoch: 1	train loss: 21408.6796875	(8.7s)
epoch: 2	train loss: 20655.51953125	(8.8s)
epoch: 3	train loss: 19939.19140625	(8.8s)
epoch: 4	train loss: 19752.111328125	(8.8s)
epoch: 5	train loss: 19324.787109375	(8.8s)
epoch: 6	train loss: 19213.7890625	(8.8s)
epoch: 7	train loss: 19005.7578125	(8.8s)
epoch: 8	train loss: 19011.1484375	(8.8s)
epoch: 9	train loss: 18470.36328125	(8.8s)
epoch: 10	train loss: 18985.171875	(8.8s)
epoch: 11	train loss: 18422.59765625	(8.8s)
epoch: 12	train loss: 18201.880859375	(8.8s)
epoch: 13	train loss: 17969.404296875	(8.8s)
epoch: 14	train loss: 17907.90234375	(8.8s)
epoch: 15	train loss: 18129.541015625	(8.8s)
epoch: 16	train loss: 17852.005859375	(8.8s)
epoch: 17	train loss: 17682.029296875	(8.8s)
epoch: 18	train loss: 18120.046875	(8.8s)
epoch: 19	train loss: 17601.005859375	(8.8s)
epoch: 20	train loss: 17529.70703125	(8.8s)
epoch: 21	train loss: 17561.814453125	(8.8s)
epoch: 22	train loss: 17144.033203125	(8.8s)
epoch: 23	train loss: 17478.6953125	(8.8s)
epoch: 24	train loss: 17165.49609375	(8.8s)
epoch: 25	train loss: 17178.1953125	(8.8s)
epoch: 26	train loss: 17180.791015625	(8.8s)
epoch: 27	train loss: 16881.39453125	(8.8s)
epoch: 28	train loss: 16852.78125	(8.8s)
epoch: 29	train loss: 17128.6484375	(8.8s)
epoch: 30	train loss: 16929.056640625	(8.8s)
epoch: 31	train loss: 17122.236328125	(8.8s)
epoch: 32	train loss: 18131.55078125	(8.8s)
epoch: 33	train loss: 16895.859375	(8.8s)
epoch: 34	train loss: 16505.375	(8.8s)
epoch: 35	train loss: 16506.564453125	(8.8s)
epoch: 36	train loss: 16532.13671875	(8.8s)
epoch: 37	train loss: 16868.98046875	(8.8s)
epoch: 38	train loss: 16489.13671875	(8.8s)
epoch: 39	train loss: 19526.818359375	(8.8s)
epoch: 40	train loss: 16768.90625	(8.8s)
epoch: 41	train loss: 16307.0185546875	(8.8s)
epoch: 42	train loss: 16033.4423828125	(8.8s)
epoch: 43	train loss: 15987.13671875	(8.8s)
epoch: 44	train loss: 15868.8603515625	(8.8s)
epoch: 45	train loss: 16562.720703125	(8.8s)
epoch: 46	train loss: 16090.779296875	(8.8s)
epoch: 47	train loss: 18390.509765625	(8.8s)
epoch: 48	train loss: 16274.2314453125	(8.8s)
epoch: 49	train loss: 15807.8876953125	(8.8s)
epoch: 50	train loss: 15798.30859375	(8.8s)
epoch: 51	train loss: 16106.5927734375	(8.8s)
epoch: 52	train loss: 16143.41015625	(8.8s)
epoch: 53	train loss: 15906.396484375	(8.8s)
epoch: 54	train loss: 16063.251953125	(8.8s)
epoch: 55	train loss: 15785.5439453125	(8.8s)
epoch: 56	train loss: 15857.4990234375	(8.8s)
epoch: 57	train loss: 16124.1455078125	(8.8s)
epoch: 58	train loss: 16326.361328125	(8.8s)
epoch: 59	train loss: 16257.138671875	(8.8s)
epoch: 60	train loss: 16006.373046875	(8.8s)
epoch: 61	train loss: 15983.271484375	(8.8s)
epoch: 62	train loss: 16771.4140625	(8.8s)
epoch: 63	train loss: 17394.734375	(8.8s)
epoch: 64	train loss: 15889.00390625	(8.8s)
epoch: 65	train loss: 15794.8876953125	(8.8s)
epoch: 66	train loss: 16003.66796875	(8.8s)
epoch: 67	train loss: 15464.0869140625	(8.8s)
epoch: 68	train loss: 15451.619140625	(8.8s)
epoch: 69	train loss: 16606.845703125	(8.8s)
epoch: 70	train loss: 15708.0615234375	(8.8s)
epoch: 71	train loss: 15879.3857421875	(8.8s)
epoch: 72	train loss: 15813.6142578125	(8.8s)
epoch: 73	train loss: 15371.822265625	(8.8s)
epoch: 74	train loss: 15267.8896484375	(8.8s)
epoch: 75	train loss: 15548.2890625	(8.8s)
epoch: 76	train loss: 16643.880859375	(8.8s)
epoch: 77	train loss: 15675.072265625	(8.8s)
epoch: 78	train loss: 16763.02734375	(8.8s)
epoch: 79	train loss: 17724.1796875	(8.8s)
epoch: 80	train loss: 15608.162109375	(8.8s)
epoch: 81	train loss: 15387.7998046875	(8.8s)
epoch: 82	train loss: 15126.4150390625	(8.8s)
epoch: 83	train loss: 15226.05859375	(8.8s)
epoch: 84	train loss: 16340.4052734375	(8.8s)
epoch: 85	train loss: 15377.6181640625	(8.8s)
epoch: 86	train loss: 15415.861328125	(8.8s)
epoch: 87	train loss: 15197.6318359375	(8.8s)
epoch: 88	train loss: 14916.6005859375	(8.8s)
epoch: 89	train loss: 14971.78515625	(8.8s)
epoch: 90	train loss: 15139.7353515625	(8.8s)
epoch: 91	train loss: 15064.4716796875	(8.8s)
epoch: 92	train loss: 15233.24609375	(8.8s)
epoch: 93	train loss: 15322.3203125	(8.8s)
epoch: 94	train loss: 15077.1142578125	(8.8s)
epoch: 95	train loss: 15000.4140625	(8.8s)
epoch: 96	train loss: 14752.0537109375	(8.8s)
epoch: 97	train loss: 14801.3740234375	(8.8s)
epoch: 98	train loss: 14821.462890625	(8.8s)
epoch: 99	train loss: 15490.3525390625	(8.8s)
Evaluating model on 200 episodes
Solved 31/200 episodes
Evaluated model in 10.4 seconds
Saved model for run
735fc7d72188425e910f77759e86321d with name round-11
Round 12
Generated trajectories in 72.2 seconds
epoch: 0	train loss: 23503.56640625	(8.9s)
epoch: 1	train loss: 21651.91015625	(8.8s)
epoch: 2	train loss: 20430.8203125	(8.8s)
epoch: 3	train loss: 20076.85546875	(8.8s)
epoch: 4	train loss: 19775.091796875	(8.8s)
epoch: 5	train loss: 19442.62109375	(8.8s)
epoch: 6	train loss: 19216.43359375	(8.8s)
epoch: 7	train loss: 18994.23046875	(8.8s)
epoch: 8	train loss: 19233.615234375	(8.8s)
epoch: 9	train loss: 18708.439453125	(8.8s)
epoch: 10	train loss: 18541.84765625	(8.8s)
epoch: 11	train loss: 18637.607421875	(8.8s)
epoch: 12	train loss: 19184.798828125	(8.8s)
epoch: 13	train loss: 18202.470703125	(8.9s)
epoch: 14	train loss: 17858.5234375	(8.8s)
epoch: 15	train loss: 18432.150390625	(8.9s)
epoch: 16	train loss: 17763.8125	(8.8s)
epoch: 17	train loss: 17583.1953125	(8.8s)
epoch: 18	train loss: 17715.423828125	(8.8s)
epoch: 19	train loss: 17418.630859375	(8.8s)
epoch: 20	train loss: 17463.1328125	(8.8s)
epoch: 21	train loss: 17578.5859375	(8.9s)
epoch: 22	train loss: 17353.65234375	(8.9s)
epoch: 23	train loss: 17063.33203125	(8.9s)
epoch: 24	train loss: 16978.2421875	(8.8s)
epoch: 25	train loss: 17553.732421875	(8.8s)
epoch: 26	train loss: 17142.50390625	(8.8s)
epoch: 27	train loss: 17159.376953125	(8.8s)
epoch: 28	train loss: 16900.888671875	(8.9s)
epoch: 29	train loss: 16878.1015625	(8.8s)
epoch: 30	train loss: 16806.4765625	(8.9s)
epoch: 31	train loss: 16843.462890625	(8.8s)
epoch: 32	train loss: 17101.544921875	(8.9s)
epoch: 33	train loss: 16562.84765625	(8.8s)
epoch: 34	train loss: 21476.416015625	(8.8s)
epoch: 35	train loss: 17897.185546875	(8.9s)
epoch: 36	train loss: 16937.619140625	(8.9s)
epoch: 37	train loss: 16386.939453125	(8.9s)
epoch: 38	train loss: 16231.578125	(8.9s)
epoch: 39	train loss: 16061.646484375	(8.8s)
epoch: 40	train loss: 15911.0869140625	(8.8s)
epoch: 41	train loss: 15961.5107421875	(8.8s)
epoch: 42	train loss: 16341.1103515625	(8.8s)
epoch: 43	train loss: 16462.875	(8.9s)
epoch: 44	train loss: 15707.1728515625	(8.9s)
epoch: 45	train loss: 15658.4462890625	(8.8s)
epoch: 46	train loss: 15625.125	(8.9s)
epoch: 47	train loss: 15406.826171875	(8.9s)
epoch: 48	train loss: 15653.361328125	(8.9s)
epoch: 49	train loss: 15852.6875	(8.8s)
epoch: 50	train loss: 16015.9775390625	(8.9s)
epoch: 51	train loss: 15677.0263671875	(8.9s)
epoch: 52	train loss: 15968.1103515625	(8.9s)
epoch: 53	train loss: 15685.1201171875	(8.9s)
epoch: 54	train loss: 16068.9619140625	(8.8s)
epoch: 55	train loss: 15817.33203125	(8.8s)
epoch: 56	train loss: 16724.646484375	(8.8s)
epoch: 57	train loss: 16145.1455078125	(8.8s)
epoch: 58	train loss: 15319.2939453125	(8.9s)
epoch: 59	train loss: 15170.8291015625	(8.9s)
epoch: 60	train loss: 14998.81640625	(8.8s)
epoch: 61	train loss: 17903.994140625	(8.9s)
epoch: 62	train loss: 15701.6513671875	(8.9s)
epoch: 63	train loss: 15061.6005859375	(8.8s)
epoch: 64	train loss: 14877.970703125	(8.8s)
epoch: 65	train loss: 15782.0107421875	(8.9s)
epoch: 66	train loss: 14766.921875	(8.9s)
epoch: 67	train loss: 14638.31640625	(8.9s)
epoch: 68	train loss: 14781.794921875	(8.9s)
epoch: 69	train loss: 14623.236328125	(8.8s)
epoch: 70	train loss: 14798.076171875	(8.8s)
epoch: 71	train loss: 15593.2314453125	(8.8s)
epoch: 72	train loss: 14558.876953125	(8.9s)
epoch: 73	train loss: 14663.7568359375	(8.9s)
epoch: 74	train loss: 14713.2978515625	(8.9s)
epoch: 75	train loss: 15093.0400390625	(8.9s)
epoch: 76	train loss: 14226.4013671875	(8.9s)
epoch: 77	train loss: 14585.4853515625	(8.8s)
epoch: 78	train loss: 16724.5703125	(8.8s)
epoch: 79	train loss: 16255.71484375	(8.8s)
epoch: 80	train loss: 15654.4736328125	(8.9s)
epoch: 81	train loss: 14725.7763671875	(8.9s)
epoch: 82	train loss: 14178.205078125	(8.8s)
epoch: 83	train loss: 14037.14453125	(8.9s)
epoch: 84	train loss: 13867.2978515625	(8.8s)
epoch: 85	train loss: 14340.8193359375	(8.8s)
epoch: 86	train loss: 14252.8544921875	(8.8s)
epoch: 87	train loss: 13996.783203125	(8.8s)
epoch: 88	train loss: 14798.548828125	(8.9s)
epoch: 89	train loss: 14614.3720703125	(8.9s)
epoch: 90	train loss: 16039.310546875	(8.8s)
epoch: 91	train loss: 15046.56640625	(8.9s)
epoch: 92	train loss: 15467.64453125	(8.8s)
epoch: 93	train loss: 14354.955078125	(8.8s)
epoch: 94	train loss: 13928.048828125	(8.8s)
epoch: 95	train loss: 14264.2138671875	(8.8s)
epoch: 96	train loss: 13990.767578125	(8.8s)
epoch: 97	train loss: 14006.4072265625	(8.8s)
epoch: 98	train loss: 14372.45703125	(8.8s)
epoch: 99	train loss: 13753.6845703125	(8.8s)
Evaluating model on 200 episodes
Solved 33/200 episodes
Evaluated model in 11.1 seconds
Saved model for run
735fc7d72188425e910f77759e86321d with name round-12
Round 13
Generated trajectories in 72.3 seconds
epoch: 0	train loss: 24108.318359375	(8.8s)
epoch: 1	train loss: 21414.734375	(8.7s)
epoch: 2	train loss: 20244.009765625	(8.8s)
epoch: 3	train loss: 19876.75390625	(8.8s)
epoch: 4	train loss: 19433.412109375	(8.8s)
epoch: 5	train loss: 19185.484375	(8.8s)
epoch: 6	train loss: 19794.705078125	(8.8s)
epoch: 7	train loss: 18688.400390625	(8.8s)
epoch: 8	train loss: 19464.1484375	(8.8s)
epoch: 9	train loss: 18312.416015625	(8.8s)
epoch: 10	train loss: 18199.623046875	(8.8s)
epoch: 11	train loss: 17872.806640625	(8.8s)
epoch: 12	train loss: 17579.224609375	(8.8s)
epoch: 13	train loss: 17788.08984375	(8.8s)
epoch: 14	train loss: 17349.267578125	(8.8s)
epoch: 15	train loss: 17963.46484375	(8.8s)
epoch: 16	train loss: 17650.103515625	(8.8s)
epoch: 17	train loss: 17366.287109375	(8.8s)
epoch: 18	train loss: 17470.875	(8.8s)
epoch: 19	train loss: 17195.37109375	(8.8s)
epoch: 20	train loss: 17301.359375	(8.8s)
epoch: 21	train loss: 17045.125	(8.8s)
epoch: 22	train loss: 16945.611328125	(8.8s)
epoch: 23	train loss: 17072.3828125	(8.8s)
epoch: 24	train loss: 16851.216796875	(8.8s)
epoch: 25	train loss: 16859.50390625	(8.8s)
epoch: 26	train loss: 17024.783203125	(8.8s)
epoch: 27	train loss: 17218.41015625	(8.8s)
epoch: 28	train loss: 16671.4375	(8.8s)
epoch: 29	train loss: 16856.455078125	(8.8s)
epoch: 30	train loss: 17624.8828125	(8.8s)
epoch: 31	train loss: 16909.353515625	(8.8s)
epoch: 32	train loss: 16419.552734375	(8.8s)
epoch: 33	train loss: 16331.8095703125	(8.8s)
epoch: 34	train loss: 18126.548828125	(8.8s)
epoch: 35	train loss: 16714.943359375	(8.8s)
epoch: 36	train loss: 16189.49609375	(8.8s)
epoch: 37	train loss: 15954.13671875	(8.8s)
epoch: 38	train loss: 16050.9091796875	(8.8s)
epoch: 39	train loss: 15811.8017578125	(8.9s)
epoch: 40	train loss: 16082.0107421875	(8.8s)
epoch: 41	train loss: 16404.98046875	(8.8s)
epoch: 42	train loss: 16425.40234375	(8.8s)
epoch: 43	train loss: 15766.234375	(8.8s)
epoch: 44	train loss: 15709.763671875	(8.8s)
epoch: 45	train loss: 15762.9248046875	(8.8s)
epoch: 46	train loss: 15870.28125	(8.8s)
epoch: 47	train loss: 15627.4697265625	(8.8s)
epoch: 48	train loss: 15961.830078125	(8.8s)
epoch: 49	train loss: 16431.06640625	(8.8s)
epoch: 50	train loss: 16002.8955078125	(8.8s)
epoch: 51	train loss: 15522.9970703125	(8.8s)
epoch: 52	train loss: 15463.7021484375	(8.8s)
epoch: 53	train loss: 15307.62109375	(8.8s)
epoch: 54	train loss: 15931.9150390625	(8.8s)
epoch: 55	train loss: 16501.275390625	(8.8s)
epoch: 56	train loss: 15616.455078125	(8.8s)
epoch: 57	train loss: 15327.212890625	(8.8s)
epoch: 58	train loss: 16921.341796875	(8.8s)
epoch: 59	train loss: 15791.73828125	(8.8s)
epoch: 60	train loss: 15482.7978515625	(8.8s)
epoch: 61	train loss: 14993.4208984375	(8.8s)
epoch: 62	train loss: 14879.638671875	(8.8s)
epoch: 63	train loss: 15024.203125	(8.8s)
epoch: 64	train loss: 15441.9033203125	(8.8s)
epoch: 65	train loss: 14960.150390625	(8.8s)
epoch: 66	train loss: 15305.7001953125	(8.8s)
epoch: 67	train loss: 14880.669921875	(8.8s)
epoch: 68	train loss: 19318.93359375	(8.8s)
epoch: 69	train loss: 15950.5693359375	(8.8s)
epoch: 70	train loss: 15248.537109375	(8.8s)
epoch: 71	train loss: 14924.7578125	(8.8s)
epoch: 72	train loss: 14879.0283203125	(8.8s)
epoch: 73	train loss: 14822.3779296875	(8.8s)
epoch: 74	train loss: 15277.189453125	(8.8s)
epoch: 75	train loss: 14699.0859375	(8.8s)
epoch: 76	train loss: 14913.73046875	(8.9s)
epoch: 77	train loss: 15174.392578125	(8.8s)
epoch: 78	train loss: 14715.1884765625	(8.8s)
epoch: 79	train loss: 14834.7412109375	(8.8s)
epoch: 80	train loss: 14880.96484375	(8.8s)
epoch: 81	train loss: 14545.7666015625	(8.8s)
epoch: 82	train loss: 16007.42578125	(8.8s)
epoch: 83	train loss: 15257.5419921875	(8.8s)
epoch: 84	train loss: 14737.3359375	(8.8s)
epoch: 85	train loss: 14283.8857421875	(8.8s)
epoch: 86	train loss: 14053.466796875	(8.8s)
epoch: 87	train loss: 15078.3173828125	(8.8s)
epoch: 88	train loss: 14648.4052734375	(8.8s)
epoch: 89	train loss: 14505.9814453125	(8.8s)
epoch: 90	train loss: 14520.9599609375	(8.8s)
epoch: 91	train loss: 14301.224609375	(8.8s)
epoch: 92	train loss: 14241.244140625	(8.8s)
epoch: 93	train loss: 14375.115234375	(8.8s)
epoch: 94	train loss: 15089.3544921875	(8.8s)
epoch: 95	train loss: 14197.6279296875	(8.8s)
epoch: 96	train loss: 15440.6689453125	(8.8s)
epoch: 97	train loss: 14548.09765625	(8.8s)
epoch: 98	train loss: 14276.05078125	(8.9s)
epoch: 99	train loss: 14727.0703125	(8.8s)
Evaluating model on 200 episodes
Solved 35/200 episodes
Evaluated model in 11.3 seconds
Saved model for run
735fc7d72188425e910f77759e86321d with name round-13
Round 14
Generated trajectories in 72.7 seconds
epoch: 0	train loss: 23945.451171875	(8.9s)
epoch: 1	train loss: 21392.8515625	(8.8s)
epoch: 2	train loss: 20262.947265625	(8.8s)
epoch: 3	train loss: 19701.44921875	(8.8s)
epoch: 4	train loss: 19260.6640625	(8.8s)
epoch: 5	train loss: 18980.544921875	(8.9s)
epoch: 6	train loss: 18843.11328125	(8.8s)
epoch: 7	train loss: 18461.578125	(8.9s)
epoch: 8	train loss: 18487.3515625	(8.8s)
epoch: 9	train loss: 18168.93359375	(8.8s)
epoch: 10	train loss: 18171.451171875	(8.8s)
epoch: 11	train loss: 18438.787109375	(8.8s)
epoch: 12	train loss: 18082.537109375	(8.8s)
epoch: 13	train loss: 18793.71484375	(8.9s)
epoch: 14	train loss: 17950.71875	(8.9s)
epoch: 15	train loss: 17560.775390625	(8.8s)
epoch: 16	train loss: 17649.9765625	(8.8s)
epoch: 17	train loss: 17431.771484375	(8.8s)
epoch: 18	train loss: 17472.00390625	(8.8s)
epoch: 19	train loss: 17168.75390625	(8.8s)
epoch: 20	train loss: 17029.923828125	(8.8s)
epoch: 21	train loss: 17039.98828125	(8.9s)
epoch: 22	train loss: 17561.37890625	(8.8s)
epoch: 23	train loss: 16948.00390625	(8.8s)
epoch: 24	train loss: 16980.638671875	(8.9s)
epoch: 25	train loss: 16717.705078125	(8.8s)
epoch: 26	train loss: 16546.97265625	(8.8s)
epoch: 27	train loss: 17838.48828125	(8.8s)
epoch: 28	train loss: 17072.328125	(8.8s)
epoch: 29	train loss: 16706.353515625	(8.9s)
epoch: 30	train loss: 16331.9853515625	(8.8s)
epoch: 31	train loss: 16750.771484375	(8.8s)
epoch: 32	train loss: 16200.193359375	(8.8s)
epoch: 33	train loss: 16255.3935546875	(8.8s)
epoch: 34	train loss: 17771.3984375	(8.8s)
epoch: 35	train loss: 16347.599609375	(8.8s)
epoch: 36	train loss: 19256.11328125	(8.8s)
epoch: 37	train loss: 17052.24609375	(8.9s)
epoch: 38	train loss: 16354.4150390625	(8.8s)
epoch: 39	train loss: 16135.5009765625	(8.8s)
epoch: 40	train loss: 15706.5634765625	(8.8s)
epoch: 41	train loss: 15532.0380859375	(8.8s)
epoch: 42	train loss: 15406.390625	(8.8s)
epoch: 43	train loss: 15471.8251953125	(8.9s)
epoch: 44	train loss: 15781.71484375	(8.8s)
epoch: 45	train loss: 15701.35546875	(8.9s)
epoch: 46	train loss: 15592.8798828125	(8.8s)
epoch: 47	train loss: 15830.4892578125	(8.9s)
epoch: 48	train loss: 15832.736328125	(8.8s)
epoch: 49	train loss: 15294.21484375	(8.8s)
epoch: 50	train loss: 15660.990234375	(8.8s)
epoch: 51	train loss: 15500.4296875	(8.8s)
epoch: 52	train loss: 15961.47265625	(8.9s)
epoch: 53	train loss: 15268.58203125	(8.8s)
epoch: 54	train loss: 15132.771484375	(8.9s)
epoch: 55	train loss: 15208.8349609375	(8.8s)
epoch: 56	train loss: 15556.390625	(8.8s)
epoch: 57	train loss: 15711.0224609375	(8.8s)
epoch: 58	train loss: 15306.919921875	(8.9s)
epoch: 59	train loss: 15185.8134765625	(8.9s)
epoch: 60	train loss: 15962.59375	(8.8s)
epoch: 61	train loss: 15909.4873046875	(8.9s)
epoch: 62	train loss: 15870.4306640625	(8.8s)
epoch: 63	train loss: 15250.5771484375	(8.8s)
epoch: 64	train loss: 14753.3623046875	(8.8s)
epoch: 65	train loss: 14775.3359375	(8.8s)
epoch: 66	train loss: 14628.7431640625	(8.8s)
epoch: 67	train loss: 14949.6533203125	(8.8s)
epoch: 68	train loss: 15012.00390625	(8.8s)
epoch: 69	train loss: 15232.4443359375	(8.8s)
epoch: 70	train loss: 15676.986328125	(8.8s)
epoch: 71	train loss: 14700.88671875	(8.8s)
epoch: 72	train loss: 14499.091796875	(8.8s)
epoch: 73	train loss: 14507.564453125	(8.8s)
epoch: 74	train loss: 14650.5732421875	(8.8s)
epoch: 75	train loss: 14257.529296875	(8.8s)
epoch: 76	train loss: 14640.4375	(8.8s)
epoch: 77	train loss: 15802.91796875	(8.8s)
epoch: 78	train loss: 14571.904296875	(8.8s)
epoch: 79	train loss: 14488.3798828125	(8.8s)
epoch: 80	train loss: 14340.7314453125	(8.8s)
epoch: 81	train loss: 14156.5341796875	(8.8s)
epoch: 82	train loss: 13968.7080078125	(8.9s)
epoch: 83	train loss: 13973.8408203125	(8.9s)
epoch: 84	train loss: 14045.9404296875	(8.9s)
epoch: 85	train loss: 16414.03515625	(8.8s)
epoch: 86	train loss: 14312.34765625	(8.8s)
epoch: 87	train loss: 14215.14453125	(8.8s)
epoch: 88	train loss: 13866.5224609375	(8.8s)
epoch: 89	train loss: 13619.3984375	(8.9s)
epoch: 90	train loss: 13835.9306640625	(8.8s)
epoch: 91	train loss: 14945.39453125	(8.9s)
epoch: 92	train loss: 13961.130859375	(8.8s)
epoch: 93	train loss: 14327.5205078125	(8.8s)
epoch: 94	train loss: 15271.255859375	(8.8s)
epoch: 95	train loss: 13895.900390625	(8.8s)
epoch: 96	train loss: 13927.662109375	(8.9s)
epoch: 97	train loss: 13846.978515625	(8.8s)
epoch: 98	train loss: 13611.7802734375	(8.8s)
epoch: 99	train loss: 13916.6552734375	(8.9s)
Evaluating model on 200 episodes
Solved 27/200 episodes
Evaluated model in 11.2 seconds
Saved model for run
735fc7d72188425e910f77759e86321d with name round-14
Round 15
Generated trajectories in 71.4 seconds
epoch: 0	train loss: 23815.888671875	(8.8s)
epoch: 1	train loss: 21126.287109375	(8.7s)
epoch: 2	train loss: 20108.177734375	(8.8s)
epoch: 3	train loss: 19493.78515625	(8.7s)
epoch: 4	train loss: 18930.2578125	(8.8s)
epoch: 5	train loss: 18616.962890625	(8.8s)
epoch: 6	train loss: 18790.443359375	(8.8s)
epoch: 7	train loss: 18384.279296875	(8.8s)
epoch: 8	train loss: 18048.447265625	(8.8s)
epoch: 9	train loss: 17721.876953125	(8.8s)
epoch: 10	train loss: 17369.10546875	(8.8s)
epoch: 11	train loss: 17783.08203125	(8.8s)
epoch: 12	train loss: 17873.111328125	(8.8s)
epoch: 13	train loss: 17328.623046875	(8.8s)
epoch: 14	train loss: 17108.8125	(8.8s)
epoch: 15	train loss: 17191.681640625	(8.8s)
epoch: 16	train loss: 17124.22265625	(8.8s)
epoch: 17	train loss: 17505.974609375	(8.8s)
epoch: 18	train loss: 17660.330078125	(8.8s)
epoch: 19	train loss: 17166.8359375	(8.8s)
epoch: 20	train loss: 17013.59765625	(8.8s)
epoch: 21	train loss: 16779.919921875	(8.8s)
epoch: 22	train loss: 16914.673828125	(8.8s)
epoch: 23	train loss: 16873.59765625	(8.8s)
epoch: 24	train loss: 16599.06640625	(8.8s)
epoch: 25	train loss: 16417.49609375	(8.8s)
epoch: 26	train loss: 16265.21875	(8.8s)
epoch: 27	train loss: 16345.9453125	(8.8s)
epoch: 28	train loss: 16310.234375	(8.8s)
epoch: 29	train loss: 17141.3203125	(8.8s)
epoch: 30	train loss: 16311.19140625	(8.8s)
epoch: 31	train loss: 16450.9609375	(8.8s)
epoch: 32	train loss: 16977.734375	(8.8s)
epoch: 33	train loss: 16420.1796875	(8.8s)
epoch: 34	train loss: 16074.138671875	(8.8s)
epoch: 35	train loss: 15894.2763671875	(8.8s)
epoch: 36	train loss: 15565.0859375	(8.8s)
epoch: 37	train loss: 15475.1240234375	(8.8s)
epoch: 38	train loss: 15905.728515625	(8.8s)
epoch: 39	train loss: 16010.0849609375	(8.8s)
epoch: 40	train loss: 15872.419921875	(8.8s)
epoch: 41	train loss: 15633.0859375	(8.8s)
epoch: 42	train loss: 15640.705078125	(8.8s)
epoch: 43	train loss: 16463.119140625	(8.8s)
epoch: 44	train loss: 15428.466796875	(8.8s)
epoch: 45	train loss: 15500.1962890625	(8.8s)
epoch: 46	train loss: 15821.2529296875	(8.8s)
epoch: 47	train loss: 15716.73046875	(8.8s)
epoch: 48	train loss: 15174.33203125	(8.8s)
epoch: 49	train loss: 15174.9580078125	(8.8s)
epoch: 50	train loss: 15088.98828125	(8.8s)
epoch: 51	train loss: 15401.890625	(8.8s)
epoch: 52	train loss: 15689.8095703125	(8.8s)
epoch: 53	train loss: 16519.435546875	(8.8s)
epoch: 54	train loss: 15617.1220703125	(8.8s)
epoch: 55	train loss: 14876.228515625	(8.8s)
epoch: 56	train loss: 14486.849609375	(8.8s)
epoch: 57	train loss: 14984.625	(8.8s)
epoch: 58	train loss: 17523.60546875	(8.8s)
epoch: 59	train loss: 15865.30078125	(8.8s)
epoch: 60	train loss: 14780.17578125	(8.8s)
epoch: 61	train loss: 14787.0009765625	(8.8s)
epoch: 62	train loss: 14639.421875	(8.8s)
epoch: 63	train loss: 14312.8662109375	(8.8s)
epoch: 64	train loss: 15078.5244140625	(8.8s)
epoch: 65	train loss: 14441.1259765625	(8.8s)
epoch: 66	train loss: 14435.091796875	(8.8s)
epoch: 67	train loss: 14046.9560546875	(8.8s)
epoch: 68	train loss: 14110.076171875	(8.8s)
epoch: 69	train loss: 14191.2265625	(8.8s)
epoch: 70	train loss: 14485.6591796875	(8.8s)
epoch: 71	train loss: 14316.9326171875	(8.8s)
epoch: 72	train loss: 14450.5390625	(8.8s)
epoch: 73	train loss: 13940.3505859375	(8.8s)
epoch: 74	train loss: 14297.3046875	(8.8s)
epoch: 75	train loss: 14913.115234375	(8.8s)
epoch: 76	train loss: 14622.435546875	(8.8s)
epoch: 77	train loss: 17941.970703125	(8.8s)
epoch: 78	train loss: 14864.2353515625	(8.8s)
epoch: 79	train loss: 14003.95703125	(8.8s)
epoch: 80	train loss: 14250.599609375	(8.8s)
epoch: 81	train loss: 14195.1982421875	(8.8s)
epoch: 82	train loss: 13995.849609375	(8.8s)
epoch: 83	train loss: 13855.1826171875	(8.8s)
epoch: 84	train loss: 15390.859375	(8.8s)
epoch: 85	train loss: 14071.7392578125	(8.8s)
epoch: 86	train loss: 13504.6640625	(8.8s)
epoch: 87	train loss: 13491.365234375	(8.8s)
epoch: 88	train loss: 13356.603515625	(8.8s)
epoch: 89	train loss: 13640.58984375	(8.8s)
epoch: 90	train loss: 13871.6357421875	(8.8s)
epoch: 91	train loss: 13487.4697265625	(8.8s)
epoch: 92	train loss: 13595.1015625	(8.8s)
epoch: 93	train loss: 13631.2919921875	(8.8s)
epoch: 94	train loss: 13242.6796875	(8.8s)
epoch: 95	train loss: 13018.6103515625	(8.8s)
epoch: 96	train loss: 13850.1494140625	(8.8s)
epoch: 97	train loss: 15661.8486328125	(8.8s)
epoch: 98	train loss: 14340.4697265625	(8.8s)
epoch: 99	train loss: 13257.6591796875	(8.8s)
Evaluating model on 200 episodes
Solved 37/200 episodes
Evaluated model in 11.7 seconds
Saved model for run
735fc7d72188425e910f77759e86321d with name round-15
Round 16
Generated trajectories in 72.2 seconds
epoch: 0	train loss: 23901.9921875	(8.8s)
epoch: 1	train loss: 21190.40625	(8.7s)
epoch: 2	train loss: 20400.841796875	(8.7s)
epoch: 3	train loss: 19617.494140625	(8.8s)
epoch: 4	train loss: 19251.244140625	(8.8s)
epoch: 5	train loss: 18933.1328125	(8.8s)
epoch: 6	train loss: 18885.58984375	(8.8s)
epoch: 7	train loss: 18990.455078125	(8.8s)
epoch: 8	train loss: 18510.541015625	(8.8s)
epoch: 9	train loss: 18182.07421875	(8.8s)
epoch: 10	train loss: 18154.021484375	(8.8s)
epoch: 11	train loss: 17886.630859375	(8.8s)
epoch: 12	train loss: 17711.443359375	(8.8s)
epoch: 13	train loss: 17641.29296875	(8.8s)
epoch: 14	train loss: 17747.041015625	(8.8s)
epoch: 15	train loss: 17819.826171875	(8.8s)
epoch: 16	train loss: 17487.2109375	(8.8s)
epoch: 17	train loss: 17751.142578125	(8.8s)
epoch: 18	train loss: 17949.900390625	(8.8s)
epoch: 19	train loss: 17439.40625	(8.8s)
epoch: 20	train loss: 16981.380859375	(8.8s)
epoch: 21	train loss: 17205.302734375	(8.8s)
epoch: 22	train loss: 17147.068359375	(8.8s)
epoch: 23	train loss: 16907.2734375	(8.8s)
epoch: 24	train loss: 17016.94921875	(8.8s)
epoch: 25	train loss: 17029.74609375	(8.8s)
epoch: 26	train loss: 16893.513671875	(8.8s)
epoch: 27	train loss: 16986.75390625	(8.8s)
epoch: 28	train loss: 16521.91015625	(8.8s)
epoch: 29	train loss: 16197.8544921875	(8.8s)
epoch: 30	train loss: 16474.46484375	(8.8s)
epoch: 31	train loss: 16291.533203125	(8.8s)
epoch: 32	train loss: 16227.876953125	(8.8s)
epoch: 33	train loss: 16576.734375	(8.8s)
epoch: 34	train loss: 16311.7265625	(8.8s)
epoch: 35	train loss: 16105.2578125	(8.8s)
epoch: 36	train loss: 16374.9775390625	(8.8s)
epoch: 37	train loss: 16108.603515625	(8.8s)
epoch: 38	train loss: 15868.25	(8.8s)
epoch: 39	train loss: 15864.109375	(8.8s)
epoch: 40	train loss: 15821.4501953125	(8.8s)
epoch: 41	train loss: 15944.3232421875	(8.8s)
epoch: 42	train loss: 15731.8955078125	(8.8s)
epoch: 43	train loss: 16852.55078125	(8.8s)
epoch: 44	train loss: 16557.654296875	(8.8s)
epoch: 45	train loss: 16161.791015625	(8.8s)
epoch: 46	train loss: 15510.265625	(8.8s)
epoch: 47	train loss: 15644.96484375	(8.8s)
epoch: 48	train loss: 15545.1669921875	(8.8s)
epoch: 49	train loss: 15608.6748046875	(8.8s)
epoch: 50	train loss: 15668.1396484375	(8.8s)
epoch: 51	train loss: 15881.119140625	(8.8s)
epoch: 52	train loss: 17402.1328125	(8.8s)
epoch: 53	train loss: 16146.466796875	(8.8s)
epoch: 54	train loss: 15630.341796875	(8.8s)
epoch: 55	train loss: 15127.7734375	(8.8s)
epoch: 56	train loss: 15162.9599609375	(8.8s)
epoch: 57	train loss: 14955.4619140625	(8.8s)
epoch: 58	train loss: 15087.765625	(8.8s)
epoch: 59	train loss: 14872.4677734375	(8.8s)
epoch: 60	train loss: 15111.6708984375	(8.8s)
epoch: 61	train loss: 15745.748046875	(8.8s)
epoch: 62	train loss: 15201.8408203125	(8.8s)
epoch: 63	train loss: 15002.1259765625	(8.8s)
epoch: 64	train loss: 14610.3671875	(8.8s)
epoch: 65	train loss: 14517.0654296875	(8.8s)
epoch: 66	train loss: 14650.326171875	(8.8s)
epoch: 67	train loss: 14926.853515625	(8.8s)
epoch: 68	train loss: 14594.0908203125	(8.8s)
epoch: 69	train loss: 14567.8662109375	(8.8s)
epoch: 70	train loss: 14721.85546875	(8.8s)
epoch: 71	train loss: 16063.7548828125	(8.8s)
epoch: 72	train loss: 14795.884765625	(8.8s)
epoch: 73	train loss: 14414.619140625	(8.8s)
epoch: 74	train loss: 15011.611328125	(8.8s)
epoch: 75	train loss: 14475.7041015625	(8.8s)
epoch: 76	train loss: 14152.8623046875	(8.8s)
epoch: 77	train loss: 14304.5751953125	(8.8s)
epoch: 78	train loss: 14547.3232421875	(8.8s)
epoch: 79	train loss: 14829.7578125	(8.8s)
epoch: 80	train loss: 14712.2587890625	(8.8s)
epoch: 81	train loss: 14302.3603515625	(8.8s)
epoch: 82	train loss: 14991.3642578125	(8.8s)
epoch: 83	train loss: 14628.0078125	(8.8s)
epoch: 84	train loss: 14590.38671875	(8.8s)
epoch: 85	train loss: 14141.244140625	(8.8s)
epoch: 86	train loss: 14046.6435546875	(8.8s)
epoch: 87	train loss: 14081.427734375	(8.8s)
epoch: 88	train loss: 14326.2294921875	(8.8s)
epoch: 89	train loss: 14052.6591796875	(8.8s)
epoch: 90	train loss: 13542.10546875	(8.8s)
epoch: 91	train loss: 13983.5673828125	(8.8s)
epoch: 92	train loss: 16735.84765625	(8.8s)
epoch: 93	train loss: 14126.6123046875	(8.8s)
epoch: 94	train loss: 13677.72265625	(8.8s)
epoch: 95	train loss: 14058.798828125	(8.8s)
epoch: 96	train loss: 13746.2275390625	(8.8s)
epoch: 97	train loss: 13449.0595703125	(8.8s)
epoch: 98	train loss: 13294.2099609375	(8.8s)
epoch: 99	train loss: 13520.7529296875	(8.8s)
Evaluating model on 200 episodes
Solved 42/200 episodes
Evaluated model in 11.3 seconds
Saved model for run
735fc7d72188425e910f77759e86321d with name round-16
Round 17
Generated trajectories in 72.0 seconds
epoch: 0	train loss: 24526.25390625	(8.9s)
epoch: 1	train loss: 21535.41015625	(8.8s)
epoch: 2	train loss: 20378.892578125	(8.8s)
epoch: 3	train loss: 19749.892578125	(8.9s)
epoch: 4	train loss: 19382.142578125	(8.9s)
epoch: 5	train loss: 19006.603515625	(8.8s)
epoch: 6	train loss: 18715.591796875	(8.9s)
epoch: 7	train loss: 18771.427734375	(8.9s)
epoch: 8	train loss: 18334.705078125	(8.9s)
epoch: 9	train loss: 18122.310546875	(8.9s)
epoch: 10	train loss: 17827.2265625	(8.9s)
epoch: 11	train loss: 17985.751953125	(8.9s)
epoch: 12	train loss: 17954.490234375	(8.9s)
epoch: 13	train loss: 18421.283203125	(8.9s)
epoch: 14	train loss: 18266.572265625	(8.9s)
epoch: 15	train loss: 19080.1171875	(8.9s)
epoch: 16	train loss: 17649.0625	(8.9s)
epoch: 17	train loss: 17153.853515625	(8.9s)
epoch: 18	train loss: 17623.45703125	(8.9s)
epoch: 19	train loss: 17016.44140625	(8.9s)
epoch: 20	train loss: 16971.56640625	(8.9s)
epoch: 21	train loss: 16900.595703125	(8.9s)
epoch: 22	train loss: 17010.970703125	(8.9s)
epoch: 23	train loss: 16604.4921875	(8.9s)
epoch: 24	train loss: 16756.572265625	(8.9s)
epoch: 25	train loss: 16457.78515625	(8.9s)
epoch: 26	train loss: 17734.373046875	(8.9s)
epoch: 27	train loss: 17112.046875	(8.9s)
epoch: 28	train loss: 16570.896484375	(8.9s)
epoch: 29	train loss: 16245.1435546875	(8.9s)
epoch: 30	train loss: 16427.18359375	(8.9s)
epoch: 31	train loss: 16149.5498046875	(8.9s)
epoch: 32	train loss: 16364.4375	(8.9s)
epoch: 33	train loss: 16349.9111328125	(8.9s)
epoch: 34	train loss: 16103.388671875	(8.9s)
epoch: 35	train loss: 17347.416015625	(8.9s)
epoch: 36	train loss: 16602.83984375	(8.9s)
epoch: 37	train loss: 16303.1953125	(8.9s)
epoch: 38	train loss: 15779.052734375	(8.9s)
epoch: 39	train loss: 15662.4990234375	(8.9s)
epoch: 40	train loss: 15819.82421875	(8.9s)
epoch: 41	train loss: 16310.8759765625	(8.9s)
epoch: 42	train loss: 16358.5908203125	(8.9s)
epoch: 43	train loss: 16453.759765625	(8.9s)
epoch: 44	train loss: 15650.7041015625	(8.9s)
epoch: 45	train loss: 15417.4609375	(8.9s)
epoch: 46	train loss: 15391.1494140625	(8.9s)
epoch: 47	train loss: 15619.5361328125	(8.9s)
epoch: 48	train loss: 15996.28515625	(8.9s)
epoch: 49	train loss: 16745.857421875	(8.9s)
epoch: 50	train loss: 15547.81640625	(8.9s)
epoch: 51	train loss: 15149.060546875	(8.9s)
epoch: 52	train loss: 14978.96484375	(8.9s)
epoch: 53	train loss: 15084.166015625	(8.9s)
epoch: 54	train loss: 14829.7734375	(8.9s)
epoch: 55	train loss: 15012.576171875	(8.9s)
epoch: 56	train loss: 15886.083984375	(8.9s)
epoch: 57	train loss: 15769.82421875	(8.9s)
epoch: 58	train loss: 15477.51953125	(8.9s)
epoch: 59	train loss: 15380.08203125	(8.8s)
epoch: 60	train loss: 15036.197265625	(8.9s)
epoch: 61	train loss: 14665.8125	(8.9s)
epoch: 62	train loss: 14766.7392578125	(8.9s)
epoch: 63	train loss: 14835.091796875	(8.9s)
epoch: 64	train loss: 14565.5859375	(8.9s)
epoch: 65	train loss: 15021.2783203125	(8.9s)
epoch: 66	train loss: 15213.0751953125	(8.9s)
epoch: 67	train loss: 15193.6064453125	(8.9s)
epoch: 68	train loss: 15770.37109375	(8.9s)
epoch: 69	train loss: 15704.7314453125	(8.9s)
epoch: 70	train loss: 14462.2958984375	(8.9s)
epoch: 71	train loss: 14518.267578125	(8.9s)
epoch: 72	train loss: 14573.8701171875	(8.9s)
epoch: 73	train loss: 14361.3828125	(8.9s)
epoch: 74	train loss: 14684.853515625	(8.9s)
epoch: 75	train loss: 14293.8828125	(8.9s)
epoch: 76	train loss: 15495.9130859375	(8.9s)
epoch: 77	train loss: 14589.1171875	(8.9s)
epoch: 78	train loss: 14238.0439453125	(8.9s)
epoch: 79	train loss: 14303.1298828125	(8.9s)
epoch: 80	train loss: 14575.251953125	(8.9s)
epoch: 81	train loss: 15592.11328125	(8.9s)
epoch: 82	train loss: 15173.8095703125	(8.9s)
epoch: 83	train loss: 15151.5234375	(8.9s)
epoch: 84	train loss: 14277.7724609375	(8.9s)
epoch: 85	train loss: 13764.0107421875	(8.9s)
epoch: 86	train loss: 14041.9921875	(8.9s)
epoch: 87	train loss: 14580.291015625	(8.9s)
epoch: 88	train loss: 13719.7802734375	(8.9s)
epoch: 89	train loss: 13700.369140625	(8.9s)
epoch: 90	train loss: 16696.072265625	(8.9s)
epoch: 91	train loss: 14663.1875	(8.9s)
epoch: 92	train loss: 13843.7529296875	(8.9s)
epoch: 93	train loss: 13830.8564453125	(8.9s)
epoch: 94	train loss: 15324.17578125	(8.9s)
epoch: 95	train loss: 13776.123046875	(8.9s)
epoch: 96	train loss: 13494.306640625	(8.9s)
epoch: 97	train loss: 13557.1123046875	(8.9s)
epoch: 98	train loss: 13454.29296875	(8.9s)
epoch: 99	train loss: 13161.1767578125	(8.9s)
Evaluating model on 200 episodes
Solved 43/200 episodes
Evaluated model in 12.0 seconds
Saved model for run
735fc7d72188425e910f77759e86321d with name round-17
Round 18
Generated trajectories in 72.3 seconds
epoch: 0	train loss: 24457.869140625	(8.8s)
epoch: 1	train loss: 21542.634765625	(8.7s)
epoch: 2	train loss: 20233.275390625	(8.8s)
epoch: 3	train loss: 19531.01171875	(8.8s)
epoch: 4	train loss: 19246.86328125	(8.8s)
epoch: 5	train loss: 19246.376953125	(8.8s)
epoch: 6	train loss: 18654.361328125	(8.8s)
epoch: 7	train loss: 18191.958984375	(8.8s)
epoch: 8	train loss: 18207.046875	(8.8s)
epoch: 9	train loss: 17931.505859375	(8.8s)
epoch: 10	train loss: 17634.89453125	(8.8s)
epoch: 11	train loss: 19013.796875	(8.8s)
epoch: 12	train loss: 17970.435546875	(8.8s)
epoch: 13	train loss: 17584.55078125	(8.8s)
epoch: 14	train loss: 17428.15625	(8.8s)
epoch: 15	train loss: 17101.8359375	(8.8s)
epoch: 16	train loss: 16969.095703125	(8.8s)
epoch: 17	train loss: 16940.248046875	(8.8s)
epoch: 18	train loss: 17413.408203125	(8.8s)
epoch: 19	train loss: 16975.41796875	(8.8s)
epoch: 20	train loss: 18837.439453125	(8.8s)
epoch: 21	train loss: 17171.236328125	(8.8s)
epoch: 22	train loss: 16814.64453125	(8.8s)
epoch: 23	train loss: 16576.16015625	(8.8s)
epoch: 24	train loss: 16430.345703125	(8.8s)
epoch: 25	train loss: 16270.07421875	(8.7s)
epoch: 26	train loss: 16177.9482421875	(8.8s)
epoch: 27	train loss: 16134.912109375	(8.7s)
epoch: 28	train loss: 16163.654296875	(8.7s)
epoch: 29	train loss: 16138.771484375	(8.8s)
epoch: 30	train loss: 16747.5390625	(8.8s)
epoch: 31	train loss: 17596.798828125	(8.8s)
epoch: 32	train loss: 16481.0	(8.8s)
epoch: 33	train loss: 15880.9248046875	(8.8s)
epoch: 34	train loss: 16000.619140625	(8.8s)
epoch: 35	train loss: 15810.0576171875	(8.8s)
epoch: 36	train loss: 15671.701171875	(8.8s)
epoch: 37	train loss: 15701.6083984375	(8.8s)
epoch: 38	train loss: 17188.22265625	(8.8s)
epoch: 39	train loss: 15856.158203125	(8.8s)
epoch: 40	train loss: 15548.880859375	(8.8s)
epoch: 41	train loss: 15626.5361328125	(8.8s)
epoch: 42	train loss: 15215.162109375	(8.8s)
epoch: 43	train loss: 15267.1767578125	(8.8s)
epoch: 44	train loss: 15562.7470703125	(8.8s)
epoch: 45	train loss: 17332.03515625	(8.8s)
epoch: 46	train loss: 16523.396484375	(8.8s)
epoch: 47	train loss: 16113.3515625	(8.8s)
epoch: 48	train loss: 15358.94921875	(8.8s)
epoch: 49	train loss: 15033.3740234375	(8.8s)
epoch: 50	train loss: 15221.521484375	(8.8s)
epoch: 51	train loss: 15061.6435546875	(8.8s)
epoch: 52	train loss: 14979.4697265625	(8.8s)
epoch: 53	train loss: 15115.6591796875	(8.8s)
epoch: 54	train loss: 15641.3173828125	(8.8s)
epoch: 55	train loss: 14933.8349609375	(8.8s)
epoch: 56	train loss: 14773.0517578125	(8.8s)
epoch: 57	train loss: 14714.984375	(8.8s)
epoch: 58	train loss: 15115.4912109375	(8.8s)
epoch: 59	train loss: 14744.0791015625	(8.8s)
epoch: 60	train loss: 14775.3876953125	(8.8s)
epoch: 61	train loss: 15106.224609375	(8.8s)
epoch: 62	train loss: 14318.708984375	(8.8s)
epoch: 63	train loss: 16269.1435546875	(8.8s)
epoch: 64	train loss: 16111.224609375	(8.8s)
epoch: 65	train loss: 15101.7646484375	(8.8s)
epoch: 66	train loss: 14778.54296875	(8.8s)
epoch: 67	train loss: 14274.7177734375	(8.8s)
epoch: 68	train loss: 14265.8935546875	(8.8s)
epoch: 69	train loss: 14557.005859375	(8.8s)
epoch: 70	train loss: 14588.5322265625	(8.8s)
epoch: 71	train loss: 14224.671875	(8.8s)
epoch: 72	train loss: 14451.0966796875	(8.8s)
epoch: 73	train loss: 15137.5322265625	(8.8s)
epoch: 74	train loss: 15029.3046875	(8.8s)
epoch: 75	train loss: 14255.9931640625	(8.8s)
epoch: 76	train loss: 14448.6845703125	(8.8s)
epoch: 77	train loss: 14242.0029296875	(8.8s)
epoch: 78	train loss: 14340.1552734375	(8.8s)
epoch: 79	train loss: 13994.92578125	(8.8s)
epoch: 80	train loss: 13976.3359375	(8.8s)
epoch: 81	train loss: 14199.962890625	(8.8s)
epoch: 82	train loss: 14820.6572265625	(8.8s)
epoch: 83	train loss: 14853.1416015625	(8.8s)
epoch: 84	train loss: 14138.8291015625	(8.8s)
epoch: 85	train loss: 14299.740234375	(8.8s)
epoch: 86	train loss: 14318.8173828125	(8.8s)
epoch: 87	train loss: 13934.6474609375	(8.8s)
epoch: 88	train loss: 14058.921875	(8.8s)
epoch: 89	train loss: 13764.04296875	(8.8s)
epoch: 90	train loss: 13620.8203125	(8.8s)
epoch: 91	train loss: 13699.421875	(8.8s)
epoch: 92	train loss: 13577.7470703125	(8.8s)
epoch: 93	train loss: 13322.16796875	(8.8s)
epoch: 94	train loss: 13574.2958984375	(8.8s)
epoch: 95	train loss: 14063.3525390625	(8.8s)
epoch: 96	train loss: 14323.6259765625	(8.8s)
epoch: 97	train loss: 14185.716796875	(8.8s)
epoch: 98	train loss: 13663.0	(8.8s)
epoch: 99	train loss: 13031.4658203125	(8.8s)
Evaluating model on 200 episodes
Solved 37/200 episodes
Evaluated model in 11.1 seconds
Saved model for run
735fc7d72188425e910f77759e86321d with name round-18
Round 19
Generated trajectories in 72.0 seconds
epoch: 0	train loss: 23892.423828125	(8.9s)
epoch: 1	train loss: 21341.49609375	(8.8s)
epoch: 2	train loss: 20248.130859375	(8.9s)
epoch: 3	train loss: 19500.181640625	(8.9s)
epoch: 4	train loss: 19071.94140625	(8.8s)
epoch: 5	train loss: 19106.263671875	(8.9s)
epoch: 6	train loss: 18659.158203125	(8.9s)
epoch: 7	train loss: 18878.14453125	(8.9s)
epoch: 8	train loss: 18238.7578125	(8.9s)
epoch: 9	train loss: 17907.67578125	(8.9s)
epoch: 10	train loss: 17701.912109375	(8.9s)
epoch: 11	train loss: 17867.673828125	(8.9s)
epoch: 12	train loss: 17676.818359375	(8.9s)
epoch: 13	train loss: 17257.416015625	(8.9s)
epoch: 14	train loss: 17272.333984375	(8.8s)
epoch: 15	train loss: 17195.794921875	(8.9s)
epoch: 16	train loss: 17135.578125	(8.8s)
epoch: 17	train loss: 16916.912109375	(8.9s)
epoch: 18	train loss: 16975.650390625	(8.9s)
epoch: 19	train loss: 17401.59375	(8.9s)
epoch: 20	train loss: 17103.75390625	(8.9s)
epoch: 21	train loss: 16701.2421875	(8.9s)
epoch: 22	train loss: 16937.34765625	(8.9s)
epoch: 23	train loss: 16652.892578125	(8.9s)
epoch: 24	train loss: 16573.548828125	(8.9s)
epoch: 25	train loss: 16585.44140625	(8.9s)
epoch: 26	train loss: 16585.9296875	(8.9s)
epoch: 27	train loss: 16581.48828125	(8.9s)
epoch: 28	train loss: 16469.146484375	(8.9s)
epoch: 29	train loss: 16408.69921875	(8.9s)
epoch: 30	train loss: 16289.3251953125	(8.9s)
epoch: 31	train loss: 16410.658203125	(8.9s)
epoch: 32	train loss: 16427.90234375	(8.9s)
epoch: 33	train loss: 16091.015625	(8.9s)
epoch: 34	train loss: 16192.0244140625	(8.9s)
epoch: 35	train loss: 15977.3173828125	(8.9s)
epoch: 36	train loss: 15785.3310546875	(8.9s)
epoch: 37	train loss: 16081.9775390625	(8.9s)
epoch: 38	train loss: 16330.607421875	(8.9s)
epoch: 39	train loss: 15856.990234375	(8.8s)
epoch: 40	train loss: 15435.8056640625	(8.9s)
epoch: 41	train loss: 15459.681640625	(8.9s)
epoch: 42	train loss: 15333.0703125	(8.9s)
epoch: 43	train loss: 15411.7939453125	(8.9s)
epoch: 44	train loss: 15500.30078125	(8.9s)
epoch: 45	train loss: 15222.822265625	(8.9s)
epoch: 46	train loss: 15748.119140625	(8.9s)
epoch: 47	train loss: 15631.037109375	(8.9s)
epoch: 48	train loss: 15367.0048828125	(8.9s)
epoch: 49	train loss: 15386.4150390625	(8.9s)
epoch: 50	train loss: 15111.1201171875	(8.9s)
epoch: 51	train loss: 15511.2607421875	(8.9s)
epoch: 52	train loss: 15296.4990234375	(8.8s)
epoch: 53	train loss: 14852.9140625	(8.9s)
epoch: 54	train loss: 15198.3837890625	(8.9s)
epoch: 55	train loss: 15313.7744140625	(8.9s)
epoch: 56	train loss: 15424.8525390625	(8.9s)
epoch: 57	train loss: 15049.8662109375	(8.9s)
epoch: 58	train loss: 15176.3896484375	(8.9s)
epoch: 59	train loss: 15528.8408203125	(8.9s)
epoch: 60	train loss: 14975.3876953125	(8.9s)
epoch: 61	train loss: 15225.005859375	(8.8s)
epoch: 62	train loss: 14851.609375	(8.9s)
epoch: 63	train loss: 14755.669921875	(8.9s)
epoch: 64	train loss: 14495.671875	(8.9s)
epoch: 65	train loss: 15070.791015625	(8.9s)
epoch: 66	train loss: 14552.6845703125	(8.9s)
epoch: 67	train loss: 14482.291015625	(8.8s)
epoch: 68	train loss: 14489.5283203125	(8.9s)
epoch: 69	train loss: 15105.474609375	(8.9s)
epoch: 70	train loss: 15069.0546875	(8.9s)
epoch: 71	train loss: 14791.0712890625	(8.9s)
epoch: 72	train loss: 15222.3564453125	(8.9s)
epoch: 73	train loss: 14686.0185546875	(8.9s)
epoch: 74	train loss: 14235.0537109375	(8.9s)
epoch: 75	train loss: 14142.8125	(8.9s)
epoch: 76	train loss: 14246.314453125	(8.9s)
epoch: 77	train loss: 14302.5439453125	(8.9s)
epoch: 78	train loss: 14336.6875	(8.9s)
epoch: 79	train loss: 14397.2587890625	(8.9s)
epoch: 80	train loss: 14265.1904296875	(8.9s)
epoch: 81	train loss: 15485.0439453125	(8.9s)
epoch: 82	train loss: 14793.2919921875	(8.9s)
epoch: 83	train loss: 13980.9169921875	(8.9s)
epoch: 84	train loss: 13697.7158203125	(8.9s)
epoch: 85	train loss: 14073.1142578125	(8.9s)
epoch: 86	train loss: 13977.3525390625	(8.9s)
epoch: 87	train loss: 14111.2666015625	(8.9s)
epoch: 88	train loss: 14113.599609375	(8.9s)
epoch: 89	train loss: 14549.2958984375	(8.9s)
epoch: 90	train loss: 14663.0400390625	(8.8s)
epoch: 91	train loss: 13888.6171875	(8.8s)
epoch: 92	train loss: 13689.80859375	(8.9s)
epoch: 93	train loss: 13739.45703125	(8.9s)
epoch: 94	train loss: 13602.4423828125	(8.9s)
epoch: 95	train loss: 13400.6650390625	(8.9s)
epoch: 96	train loss: 13648.5673828125	(8.9s)
epoch: 97	train loss: 13846.84765625	(8.9s)
epoch: 98	train loss: 13662.9208984375	(8.9s)
epoch: 99	train loss: 13718.6845703125	(8.9s)
Evaluating model on 200 episodes
Solved 30/200 episodes
Evaluated model in 10.6 seconds
Saved model for run
735fc7d72188425e910f77759e86321d with name round-19
Completed training in 19383.8 seconds
