Using torch device NVIDIA GeForce RTX 3090
homo controller
net: causal
cc_weight: 0.0
params: {'epochs': 100, 'lr': 0.0008, 'n': 5000}
Net has 207442 parameters
Round 0
Generated trajectories in 72.0 seconds
epoch: 0	train loss: 97876.7421875	(264.8s)
epoch: 20	train loss: 26026.91796875	(274.4s)
epoch: 40	train loss: 23645.546875	(274.4s)
Traceback (most recent call last):
  File "/home/sca63/abstraction/main.py", line 162, in <module>
    boxworld_main()
  File "/home/sca63/abstraction/main.py", line 154, in boxworld_main
    boxworld_outer_sv(
  File "/home/sca63/abstraction/main.py", line 71, in boxworld_outer_sv
    sv_train(dataloader, net, epochs=epochs, lr=lr,
  File "/home/sca63/abstraction/main.py", line 25, in sv_train
    loss = net(s_i_batch, actions_batch, lengths)
  File "/home/sca63/.conda/envs/gcsl/lib/python3.9/site-packages/torch/nn/modules/module.py", line 1110, in _call_impl
    return forward_call(*input, **kwargs)
  File "/home/sca63/abstraction/hmm.py", line 285, in forward
    logp, cc = cc_loss(self.b, action_logps, stop_logps, start_logps, causal_pens)
  File "/home/sca63/abstraction/hmm.py", line 182, in cc_loss
    assert torch.allclose(total_logp, total_logp2, rtol=1E-2), f'fw: {total_logp}, bw: {total_logp2}'
AssertionError: fw: -4.649162292480469e-06, bw: -4.539964720606804e-06
