Using torch device NVIDIA GeForce GTX TITAN X
net: hmm
cc_weight: 1
params: {'epochs': 100, 'lr': 0.0008, 'n': 5000}
Net has 41898 parameters
Round 0
Generated trajectories in 104.6 seconds
epoch: 0	train loss: 110524.2265625	(42.6s)
epoch: 1	train loss: 79486.59375	(41.2s)
epoch: 2	train loss: 69229.546875	(42.7s)
epoch: 3	train loss: 57882.8125	(42.7s)
epoch: 4	train loss: 52775.765625	(42.9s)
epoch: 5	train loss: 49540.0625	(42.9s)
epoch: 6	train loss: 47206.046875	(43.0s)
epoch: 7	train loss: 45359.5390625	(43.0s)
epoch: 8	train loss: 43718.57421875	(43.0s)
epoch: 9	train loss: 42129.62890625	(42.8s)
epoch: 10	train loss: 40859.83203125	(43.0s)
epoch: 11	train loss: 39427.546875	(42.9s)
epoch: 12	train loss: 38447.65625	(42.8s)
epoch: 13	train loss: 37599.75390625	(42.8s)
epoch: 14	train loss: 37137.0625	(42.7s)
epoch: 15	train loss: 36620.80859375	(42.6s)
epoch: 16	train loss: 36368.11328125	(42.8s)
epoch: 17	train loss: 36026.265625	(42.7s)
epoch: 18	train loss: 35608.47265625	(42.7s)
epoch: 19	train loss: 34843.0078125	(42.7s)
epoch: 20	train loss: 34139.20703125	(42.8s)
epoch: 21	train loss: 33736.78515625	(42.7s)
epoch: 22	train loss: 33323.94921875	(42.7s)
epoch: 23	train loss: 33201.09765625	(42.7s)
epoch: 24	train loss: 32700.9765625	(42.8s)
epoch: 25	train loss: 32220.6953125	(42.7s)
epoch: 26	train loss: 32002.837890625	(42.7s)
epoch: 27	train loss: 31787.515625	(42.7s)
epoch: 28	train loss: 31386.755859375	(42.6s)
epoch: 29	train loss: 30981.359375	(42.7s)
epoch: 30	train loss: 30792.875	(42.7s)
epoch: 31	train loss: 30304.158203125	(42.7s)
epoch: 32	train loss: 30192.08984375	(42.6s)
epoch: 33	train loss: 29976.826171875	(42.7s)
epoch: 34	train loss: 29816.3359375	(42.7s)
epoch: 35	train loss: 29760.76171875	(42.6s)
epoch: 36	train loss: 29050.4453125	(42.6s)
epoch: 37	train loss: 29174.228515625	(42.6s)
epoch: 38	train loss: 29040.439453125	(42.5s)
epoch: 39	train loss: 28493.423828125	(42.8s)
epoch: 40	train loss: 28876.68359375	(42.6s)
epoch: 41	train loss: 28035.421875	(42.6s)
epoch: 42	train loss: 27955.375	(42.6s)
epoch: 43	train loss: 27899.802734375	(42.5s)
epoch: 44	train loss: 27731.59375	(42.5s)
epoch: 45	train loss: 27512.328125	(42.5s)
epoch: 46	train loss: 27480.501953125	(42.6s)
epoch: 47	train loss: 27297.111328125	(42.5s)
epoch: 48	train loss: 27008.205078125	(42.6s)
epoch: 49	train loss: 27508.36328125	(42.6s)
epoch: 50	train loss: 26490.5625	(42.5s)
epoch: 51	train loss: 26403.13671875	(42.6s)
epoch: 52	train loss: 25994.181640625	(42.5s)
epoch: 53	train loss: 26133.4921875	(42.6s)
epoch: 54	train loss: 25837.638671875	(42.6s)
epoch: 55	train loss: 26111.94921875	(42.6s)
epoch: 56	train loss: 25578.216796875	(42.5s)
epoch: 57	train loss: 25559.162109375	(42.6s)
epoch: 58	train loss: 25399.587890625	(42.6s)
epoch: 59	train loss: 25183.68359375	(42.6s)
epoch: 60	train loss: 25368.158203125	(42.6s)
epoch: 61	train loss: 24872.578125	(42.6s)
epoch: 62	train loss: 24929.578125	(42.6s)
epoch: 63	train loss: 25072.939453125	(42.6s)
epoch: 64	train loss: 24868.291015625	(42.5s)
epoch: 65	train loss: 24886.955078125	(42.6s)
epoch: 66	train loss: 25323.64453125	(42.6s)
epoch: 67	train loss: 24506.39453125	(42.6s)
epoch: 68	train loss: 24222.640625	(42.6s)
epoch: 69	train loss: 24567.96484375	(42.6s)
epoch: 70	train loss: 24415.599609375	(42.5s)
epoch: 71	train loss: 24562.853515625	(42.5s)
epoch: 72	train loss: 24420.41796875	(42.6s)
epoch: 73	train loss: 23968.53125	(42.6s)
epoch: 74	train loss: 23862.720703125	(42.6s)
epoch: 75	train loss: 23852.408203125	(42.6s)
epoch: 76	train loss: 23657.236328125	(42.5s)
epoch: 77	train loss: 24598.078125	(42.6s)
epoch: 78	train loss: 23415.501953125	(42.7s)
epoch: 79	train loss: 23480.791015625	(42.6s)
epoch: 80	train loss: 23465.31640625	(42.7s)
epoch: 81	train loss: 23189.98828125	(42.6s)
epoch: 82	train loss: 23361.001953125	(42.5s)
epoch: 83	train loss: 23873.9453125	(42.6s)
epoch: 84	train loss: 22986.138671875	(42.7s)
epoch: 85	train loss: 23142.083984375	(42.6s)
epoch: 86	train loss: 23308.076171875	(42.6s)
epoch: 87	train loss: 22861.71484375	(42.5s)
epoch: 88	train loss: 23341.314453125	(42.6s)
epoch: 89	train loss: 22951.333984375	(42.5s)
epoch: 90	train loss: 22813.140625	(42.6s)
epoch: 91	train loss: 23028.982421875	(42.5s)
epoch: 92	train loss: 22682.689453125	(42.5s)
epoch: 93	train loss: 22764.728515625	(42.6s)
epoch: 94	train loss: 22540.66796875	(42.6s)
epoch: 95	train loss: 23502.48046875	(42.6s)
epoch: 96	train loss: 22768.4609375	(42.6s)
epoch: 97	train loss: 22654.31640625	(42.6s)
epoch: 98	train loss: 22088.896484375	(42.5s)
epoch: 99	train loss: 22274.373046875	(42.6s)
Evaluating model on 200 episodes
Solved 35/200 episodes
Evaluated model in 17.8 seconds
Saved model for run
5a0b8d2311744e50bc416301e13d27a5 with name round-0
Round 1
Generated trajectories in 104.8 seconds
epoch: 0	train loss: 24587.642578125	(40.7s)
epoch: 1	train loss: 24181.63671875	(43.0s)
epoch: 2	train loss: 23839.5078125	(43.1s)
epoch: 3	train loss: 23562.443359375	(43.0s)
epoch: 4	train loss: 23078.5546875	(42.8s)
epoch: 5	train loss: 22920.521484375	(42.6s)
epoch: 6	train loss: 22607.388671875	(42.5s)
epoch: 7	train loss: 22783.103515625	(42.5s)
epoch: 8	train loss: 22913.23828125	(42.5s)
epoch: 9	train loss: 22170.015625	(42.5s)
epoch: 10	train loss: 22900.51171875	(42.4s)
epoch: 11	train loss: 21728.4140625	(42.4s)
epoch: 12	train loss: 21889.6328125	(42.4s)
epoch: 13	train loss: 22017.333984375	(42.3s)
epoch: 14	train loss: 21510.599609375	(42.5s)
epoch: 15	train loss: 22054.185546875	(42.4s)
epoch: 16	train loss: 21615.375	(42.3s)
epoch: 17	train loss: 21829.7890625	(42.2s)
epoch: 18	train loss: 21283.111328125	(42.4s)
epoch: 19	train loss: 21388.556640625	(42.2s)
epoch: 20	train loss: 21832.3515625	(42.2s)
epoch: 21	train loss: 21176.056640625	(42.4s)
epoch: 22	train loss: 21101.890625	(42.2s)
epoch: 23	train loss: 21087.22265625	(42.2s)
epoch: 24	train loss: 21207.119140625	(42.3s)
epoch: 25	train loss: 20879.78125	(42.3s)
epoch: 26	train loss: 20662.642578125	(42.3s)
epoch: 27	train loss: 20645.1875	(42.2s)
epoch: 28	train loss: 20801.0078125	(42.4s)
epoch: 29	train loss: 20866.0234375	(42.3s)
epoch: 30	train loss: 20629.53125	(42.2s)
epoch: 31	train loss: 20963.41015625	(42.4s)
epoch: 32	train loss: 20445.630859375	(42.3s)
epoch: 33	train loss: 20414.20703125	(42.3s)
epoch: 34	train loss: 20311.61328125	(42.3s)
epoch: 35	train loss: 20820.083984375	(42.3s)
epoch: 36	train loss: 19982.6484375	(42.2s)
epoch: 37	train loss: 20369.171875	(42.3s)
epoch: 38	train loss: 20327.9765625	(42.3s)
epoch: 39	train loss: 20716.802734375	(42.2s)
epoch: 40	train loss: 20478.3828125	(42.2s)
epoch: 41	train loss: 19926.853515625	(42.3s)
epoch: 42	train loss: 20116.98828125	(42.3s)
epoch: 43	train loss: 20583.14453125	(42.2s)
epoch: 44	train loss: 20279.23828125	(42.3s)
epoch: 45	train loss: 19748.458984375	(42.3s)
epoch: 46	train loss: 19741.458984375	(42.2s)
epoch: 47	train loss: 20374.13671875	(42.2s)
epoch: 48	train loss: 19607.291015625	(42.3s)
epoch: 49	train loss: 19936.796875	(42.3s)
epoch: 50	train loss: 19809.03515625	(42.2s)
epoch: 51	train loss: 19704.50390625	(42.3s)
epoch: 52	train loss: 19988.615234375	(42.3s)
epoch: 53	train loss: 20836.068359375	(42.3s)
epoch: 54	train loss: 19512.53515625	(42.2s)
epoch: 55	train loss: 19893.216796875	(42.3s)
epoch: 56	train loss: 19353.181640625	(42.3s)
epoch: 57	train loss: 19636.830078125	(42.2s)
epoch: 58	train loss: 19585.517578125	(42.3s)
epoch: 59	train loss: 19589.56640625	(42.3s)
epoch: 60	train loss: 19730.541015625	(42.2s)
epoch: 61	train loss: 19066.689453125	(42.2s)
epoch: 62	train loss: 21527.076171875	(42.3s)
epoch: 63	train loss: 19112.154296875	(42.3s)
epoch: 64	train loss: 19546.484375	(42.2s)
epoch: 65	train loss: 19235.45703125	(42.4s)
epoch: 66	train loss: 19316.791015625	(42.3s)
epoch: 67	train loss: 19129.287109375	(42.2s)
epoch: 68	train loss: 20060.337890625	(42.3s)
epoch: 69	train loss: 18988.7890625	(42.3s)
epoch: 70	train loss: 19423.5546875	(42.2s)
epoch: 71	train loss: 18997.96875	(42.2s)
epoch: 72	train loss: 19046.306640625	(42.3s)
epoch: 73	train loss: 18936.732421875	(42.3s)
epoch: 74	train loss: 19085.658203125	(42.2s)
epoch: 75	train loss: 19000.55078125	(42.3s)
epoch: 76	train loss: 18722.8984375	(42.3s)
epoch: 77	train loss: 19211.994140625	(42.3s)
epoch: 78	train loss: 18797.373046875	(42.3s)
epoch: 79	train loss: 18878.703125	(42.2s)
epoch: 80	train loss: 18874.783203125	(42.2s)
epoch: 81	train loss: 18921.595703125	(42.2s)
epoch: 82	train loss: 18978.142578125	(42.3s)
epoch: 83	train loss: 18891.173828125	(42.2s)
epoch: 84	train loss: 19202.9453125	(42.2s)
epoch: 85	train loss: 18275.515625	(42.3s)
epoch: 86	train loss: 19231.046875	(42.3s)
epoch: 87	train loss: 18873.787109375	(42.2s)
epoch: 88	train loss: 19401.724609375	(42.1s)
epoch: 89	train loss: 18865.9453125	(42.3s)
epoch: 90	train loss: 18687.15625	(42.2s)
epoch: 91	train loss: 18577.462890625	(42.2s)
epoch: 92	train loss: 18646.830078125	(42.2s)
epoch: 93	train loss: 18374.580078125	(42.2s)
epoch: 94	train loss: 18797.71875	(42.1s)
epoch: 95	train loss: 18119.3828125	(42.3s)
epoch: 96	train loss: 17988.814453125	(42.2s)
epoch: 97	train loss: 18845.4375	(42.1s)
epoch: 98	train loss: 18229.5625	(42.1s)
epoch: 99	train loss: 18140.412109375	(42.3s)
Evaluating model on 200 episodes
Solved 35/200 episodes
Evaluated model in 18.8 seconds
Saved model for run
5a0b8d2311744e50bc416301e13d27a5 with name round-1
Round 2
Generated trajectories in 104.1 seconds
epoch: 0	train loss: 23188.16796875	(41.0s)
epoch: 1	train loss: 22301.41015625	(43.2s)
epoch: 2	train loss: 22057.873046875	(43.7s)
epoch: 3	train loss: 21467.404296875	(43.5s)
epoch: 4	train loss: 21544.056640625	(43.1s)
epoch: 5	train loss: 21169.1484375	(42.9s)
epoch: 6	train loss: 21221.849609375	(42.8s)
epoch: 7	train loss: 20502.560546875	(42.6s)
epoch: 8	train loss: 20604.087890625	(42.6s)
epoch: 9	train loss: 20408.927734375	(42.6s)
epoch: 10	train loss: 20747.875	(42.4s)
epoch: 11	train loss: 20331.58984375	(42.4s)
epoch: 12	train loss: 20446.73046875	(42.4s)
epoch: 13	train loss: 20442.875	(42.3s)
epoch: 14	train loss: 19934.548828125	(42.3s)
epoch: 15	train loss: 20038.130859375	(42.4s)
epoch: 16	train loss: 19965.888671875	(42.4s)
epoch: 17	train loss: 19803.107421875	(42.3s)
epoch: 18	train loss: 20012.150390625	(42.3s)
epoch: 19	train loss: 20448.22265625	(42.3s)
epoch: 20	train loss: 19799.82421875	(42.2s)
epoch: 21	train loss: 19359.158203125	(42.4s)
epoch: 22	train loss: 19803.296875	(42.3s)
epoch: 23	train loss: 19370.197265625	(42.3s)
epoch: 24	train loss: 19402.7421875	(42.4s)
epoch: 25	train loss: 20341.994140625	(42.4s)
epoch: 26	train loss: 19414.720703125	(42.2s)
epoch: 27	train loss: 19046.564453125	(42.4s)
epoch: 28	train loss: 19491.669921875	(42.3s)
epoch: 29	train loss: 20099.177734375	(42.3s)
epoch: 30	train loss: 19170.96484375	(42.3s)
epoch: 31	train loss: 19226.46875	(42.3s)
epoch: 32	train loss: 19205.63671875	(42.2s)
epoch: 33	train loss: 18918.12890625	(42.3s)
epoch: 34	train loss: 19255.033203125	(42.3s)
epoch: 35	train loss: 19121.6796875	(42.2s)
epoch: 36	train loss: 18690.6484375	(42.4s)
epoch: 37	train loss: 18871.212890625	(42.3s)
epoch: 38	train loss: 18698.1328125	(42.3s)
epoch: 39	train loss: 18930.12109375	(42.3s)
epoch: 40	train loss: 18721.04296875	(42.4s)
epoch: 41	train loss: 18998.681640625	(42.3s)
epoch: 42	train loss: 18383.025390625	(42.3s)
epoch: 43	train loss: 18815.50390625	(42.4s)
epoch: 44	train loss: 18926.96484375	(42.3s)
epoch: 45	train loss: 18657.529296875	(42.3s)
epoch: 46	train loss: 18782.330078125	(42.4s)
epoch: 47	train loss: 18661.560546875	(42.2s)
epoch: 48	train loss: 18039.865234375	(42.4s)
epoch: 49	train loss: 18125.455078125	(42.4s)
epoch: 50	train loss: 18849.849609375	(42.3s)
epoch: 51	train loss: 18967.296875	(42.4s)
epoch: 52	train loss: 18487.49609375	(42.4s)
epoch: 53	train loss: 18293.083984375	(42.3s)
epoch: 54	train loss: 18961.083984375	(42.3s)
epoch: 55	train loss: 18635.388671875	(42.4s)
epoch: 56	train loss: 18125.068359375	(42.3s)
epoch: 57	train loss: 18193.90234375	(42.3s)
epoch: 58	train loss: 18618.865234375	(42.4s)
epoch: 59	train loss: 18103.271484375	(42.4s)
epoch: 60	train loss: 18074.072265625	(42.3s)
epoch: 61	train loss: 18110.626953125	(42.4s)
epoch: 62	train loss: 18248.478515625	(42.3s)
epoch: 63	train loss: 17830.515625	(42.3s)
epoch: 64	train loss: 20444.31640625	(42.4s)
epoch: 65	train loss: 17838.1796875	(42.3s)
epoch: 66	train loss: 18414.619140625	(42.3s)
epoch: 67	train loss: 17895.01953125	(42.3s)
epoch: 68	train loss: 18086.630859375	(42.3s)
epoch: 69	train loss: 17624.283203125	(42.2s)
epoch: 70	train loss: 18336.626953125	(42.4s)
epoch: 71	train loss: 17647.91015625	(42.3s)
epoch: 72	train loss: 18026.40234375	(42.3s)
epoch: 73	train loss: 18072.025390625	(42.3s)
epoch: 74	train loss: 17442.998046875	(42.4s)
epoch: 75	train loss: 18315.771484375	(42.3s)
epoch: 76	train loss: 17366.7421875	(42.4s)
epoch: 77	train loss: 17909.4765625	(42.4s)
epoch: 78	train loss: 17204.87109375	(42.3s)
epoch: 79	train loss: 18457.935546875	(42.4s)
epoch: 80	train loss: 17579.921875	(42.4s)
epoch: 81	train loss: 17572.43359375	(42.2s)
epoch: 82	train loss: 17392.990234375	(42.4s)
epoch: 83	train loss: 17360.74609375	(42.4s)
epoch: 84	train loss: 17677.40625	(42.3s)
epoch: 85	train loss: 17762.046875	(42.4s)
epoch: 86	train loss: 17290.025390625	(42.3s)
epoch: 87	train loss: 17443.34375	(42.3s)
epoch: 88	train loss: 17498.322265625	(42.4s)
epoch: 89	train loss: 17278.513671875	(42.3s)
epoch: 90	train loss: 17874.255859375	(42.3s)
epoch: 91	train loss: 17874.748046875	(42.3s)
epoch: 92	train loss: 17195.80078125	(42.4s)
epoch: 93	train loss: 17326.826171875	(42.3s)
epoch: 94	train loss: 16939.11328125	(42.4s)
epoch: 95	train loss: 17492.134765625	(42.4s)
epoch: 96	train loss: 17176.703125	(42.3s)
epoch: 97	train loss: 18032.564453125	(42.4s)
epoch: 98	train loss: 17973.0625	(42.4s)
epoch: 99	train loss: 17215.654296875	(42.3s)
Evaluating model on 200 episodes
Solved 39/200 episodes
Evaluated model in 15.9 seconds
Saved model for run
5a0b8d2311744e50bc416301e13d27a5 with name round-2
Round 3
Generated trajectories in 105.0 seconds
epoch: 0	train loss: 23305.505859375	(41.3s)
epoch: 1	train loss: 22110.787109375	(43.3s)
epoch: 2	train loss: 21539.208984375	(43.6s)
epoch: 3	train loss: 21165.765625	(43.5s)
epoch: 4	train loss: 21227.31640625	(43.2s)
epoch: 5	train loss: 20797.1328125	(43.2s)
epoch: 6	train loss: 20490.9921875	(43.1s)
epoch: 7	train loss: 20052.9765625	(42.9s)
epoch: 8	train loss: 19902.361328125	(42.8s)
epoch: 9	train loss: 20070.392578125	(42.8s)
epoch: 10	train loss: 19985.662109375	(42.8s)
epoch: 11	train loss: 20188.931640625	(42.7s)
epoch: 12	train loss: 19432.95703125	(42.7s)
epoch: 13	train loss: 19799.064453125	(42.7s)
epoch: 14	train loss: 19115.212890625	(42.6s)
epoch: 15	train loss: 19775.853515625	(42.7s)
epoch: 16	train loss: 19273.630859375	(42.6s)
epoch: 17	train loss: 19183.853515625	(42.7s)
epoch: 18	train loss: 20119.353515625	(42.6s)
epoch: 19	train loss: 18781.9140625	(42.7s)
epoch: 20	train loss: 18769.546875	(42.7s)
epoch: 21	train loss: 19040.1484375	(42.6s)
epoch: 22	train loss: 18847.130859375	(42.7s)
epoch: 23	train loss: 18763.443359375	(42.7s)
epoch: 24	train loss: 19115.32421875	(42.6s)
epoch: 25	train loss: 18525.765625	(42.7s)
epoch: 26	train loss: 18621.06640625	(42.7s)
epoch: 27	train loss: 18282.228515625	(42.7s)
epoch: 28	train loss: 18442.521484375	(42.7s)
epoch: 29	train loss: 18577.318359375	(42.6s)
epoch: 30	train loss: 18102.708984375	(42.7s)
epoch: 31	train loss: 18386.197265625	(42.7s)
epoch: 32	train loss: 18356.498046875	(42.7s)
epoch: 33	train loss: 17848.87109375	(42.7s)
epoch: 34	train loss: 18100.26953125	(42.7s)
epoch: 35	train loss: 18823.20703125	(42.7s)
epoch: 36	train loss: 18054.57421875	(42.7s)
epoch: 37	train loss: 17714.0078125	(42.7s)
epoch: 38	train loss: 17629.56640625	(42.7s)
epoch: 39	train loss: 17843.9140625	(42.6s)
epoch: 40	train loss: 17945.1875	(42.7s)
epoch: 41	train loss: 17890.85546875	(42.7s)
epoch: 42	train loss: 18053.9765625	(42.7s)
epoch: 43	train loss: 18147.3203125	(42.8s)
epoch: 44	train loss: 17399.71484375	(42.6s)
epoch: 45	train loss: 17257.259765625	(42.7s)
epoch: 46	train loss: 17435.341796875	(42.6s)
epoch: 47	train loss: 17395.935546875	(42.7s)
epoch: 48	train loss: 18313.56640625	(42.8s)
epoch: 49	train loss: 17086.029296875	(42.6s)
epoch: 50	train loss: 17648.111328125	(42.7s)
epoch: 51	train loss: 17044.0078125	(42.7s)
epoch: 52	train loss: 17520.197265625	(42.7s)
epoch: 53	train loss: 17066.75390625	(42.6s)
epoch: 54	train loss: 17829.74609375	(42.7s)
epoch: 55	train loss: 17413.73828125	(42.8s)
epoch: 56	train loss: 17545.498046875	(42.7s)
epoch: 57	train loss: 16735.291015625	(42.7s)
epoch: 58	train loss: 17109.72265625	(42.7s)
epoch: 59	train loss: 17204.671875	(42.7s)
epoch: 60	train loss: 17204.353515625	(42.6s)
epoch: 61	train loss: 17338.705078125	(42.7s)
epoch: 62	train loss: 16942.841796875	(42.8s)
epoch: 63	train loss: 16651.353515625	(42.7s)
epoch: 64	train loss: 17436.8984375	(42.7s)
epoch: 65	train loss: 16520.775390625	(42.7s)
epoch: 66	train loss: 16396.693359375	(42.6s)
epoch: 67	train loss: 17741.609375	(42.7s)
epoch: 68	train loss: 17437.388671875	(42.7s)
epoch: 69	train loss: 17632.044921875	(42.7s)
epoch: 70	train loss: 16524.59375	(42.7s)
epoch: 71	train loss: 16168.4521484375	(42.7s)
epoch: 72	train loss: 16396.482421875	(42.7s)
epoch: 73	train loss: 17650.09375	(42.7s)
epoch: 74	train loss: 16095.3095703125	(42.7s)
epoch: 75	train loss: 16545.4921875	(42.8s)
epoch: 76	train loss: 17045.556640625	(42.7s)
epoch: 77	train loss: 16264.1484375	(42.7s)
epoch: 78	train loss: 16263.990234375	(42.7s)
epoch: 79	train loss: 16319.2353515625	(42.6s)
epoch: 80	train loss: 16700.412109375	(42.8s)
epoch: 81	train loss: 16480.333984375	(42.7s)
epoch: 82	train loss: 16563.806640625	(42.8s)
epoch: 83	train loss: 17501.9296875	(42.6s)
epoch: 84	train loss: 16086.0400390625	(42.7s)
epoch: 85	train loss: 16005.6025390625	(42.8s)
epoch: 86	train loss: 16491.146484375	(42.7s)
epoch: 87	train loss: 16238.1923828125	(42.7s)
epoch: 88	train loss: 16352.396484375	(42.7s)
epoch: 89	train loss: 16594.45703125	(42.7s)
epoch: 90	train loss: 16396.544921875	(42.7s)
epoch: 91	train loss: 16141.83984375	(42.7s)
epoch: 92	train loss: 15962.958984375	(42.7s)
epoch: 93	train loss: 17014.1328125	(42.7s)
epoch: 94	train loss: 16071.255859375	(42.7s)
epoch: 95	train loss: 15753.6455078125	(42.7s)
epoch: 96	train loss: 16965.623046875	(42.7s)
epoch: 97	train loss: 16095.2197265625	(42.7s)
epoch: 98	train loss: 16375.7529296875	(42.7s)
epoch: 99	train loss: 15862.90234375	(42.7s)
Evaluating model on 200 episodes
Solved 41/200 episodes
Evaluated model in 17.3 seconds
Saved model for run
5a0b8d2311744e50bc416301e13d27a5 with name round-3
Round 4
Generated trajectories in 104.2 seconds
epoch: 0	train loss: 22945.873046875	(41.1s)
epoch: 1	train loss: 21323.1484375	(43.3s)
epoch: 2	train loss: 20838.400390625	(43.4s)
epoch: 3	train loss: 20344.048828125	(43.3s)
epoch: 4	train loss: 20808.59375	(43.1s)
epoch: 5	train loss: 20030.859375	(43.0s)
epoch: 6	train loss: 20155.78515625	(42.9s)
epoch: 7	train loss: 19412.5078125	(42.8s)
epoch: 8	train loss: 19901.193359375	(42.7s)
epoch: 9	train loss: 19335.71875	(42.7s)
epoch: 10	train loss: 19148.50390625	(42.5s)
epoch: 11	train loss: 19167.904296875	(42.4s)
epoch: 12	train loss: 18789.29296875	(42.4s)
epoch: 13	train loss: 18894.658203125	(42.4s)
epoch: 14	train loss: 18531.505859375	(42.4s)
epoch: 15	train loss: 19301.654296875	(42.4s)
epoch: 16	train loss: 18872.595703125	(42.4s)
epoch: 17	train loss: 18696.880859375	(42.5s)
epoch: 18	train loss: 18315.060546875	(42.4s)
epoch: 19	train loss: 18394.03515625	(42.4s)
epoch: 20	train loss: 18068.009765625	(42.5s)
epoch: 21	train loss: 18450.09765625	(42.4s)
epoch: 22	train loss: 18031.65234375	(42.4s)
epoch: 23	train loss: 18760.572265625	(42.5s)
epoch: 24	train loss: 17594.390625	(42.5s)
epoch: 25	train loss: 19163.447265625	(42.5s)
epoch: 26	train loss: 18044.39453125	(42.5s)
epoch: 27	train loss: 17329.205078125	(42.5s)
epoch: 28	train loss: 18069.923828125	(42.5s)
epoch: 29	train loss: 17536.126953125	(42.5s)
epoch: 30	train loss: 17415.900390625	(42.6s)
epoch: 31	train loss: 17971.283203125	(42.5s)
epoch: 32	train loss: 17674.44140625	(42.5s)
epoch: 33	train loss: 17428.49609375	(42.5s)
epoch: 34	train loss: 17469.984375	(42.5s)
epoch: 35	train loss: 17370.6875	(42.5s)
epoch: 36	train loss: 17619.267578125	(42.5s)
epoch: 37	train loss: 17372.84765625	(42.5s)
epoch: 38	train loss: 16911.044921875	(42.5s)
epoch: 39	train loss: 16948.291015625	(42.6s)
epoch: 40	train loss: 16734.115234375	(42.6s)
epoch: 41	train loss: 16983.712890625	(42.6s)
epoch: 42	train loss: 16898.607421875	(42.5s)
epoch: 43	train loss: 17326.1171875	(42.6s)
epoch: 44	train loss: 16225.41015625	(42.5s)
epoch: 45	train loss: 16660.79296875	(42.6s)
epoch: 46	train loss: 16284.7119140625	(42.5s)
epoch: 47	train loss: 16343.7158203125	(42.7s)
epoch: 48	train loss: 16464.525390625	(42.6s)
epoch: 49	train loss: 17389.22265625	(42.6s)
epoch: 50	train loss: 16185.1767578125	(42.6s)
epoch: 51	train loss: 16012.1796875	(42.5s)
epoch: 52	train loss: 16175.45703125	(42.6s)
epoch: 53	train loss: 16170.666015625	(42.6s)
epoch: 54	train loss: 15727.330078125	(42.6s)
epoch: 55	train loss: 15953.3203125	(42.6s)
epoch: 56	train loss: 16573.90625	(42.6s)
epoch: 57	train loss: 15993.666015625	(42.6s)
epoch: 58	train loss: 15964.9365234375	(42.6s)
epoch: 59	train loss: 15731.349609375	(42.5s)
epoch: 60	train loss: 15305.38671875	(42.6s)
epoch: 61	train loss: 15341.2177734375	(42.6s)
epoch: 62	train loss: 15792.4208984375	(42.6s)
epoch: 63	train loss: 16165.1357421875	(42.6s)
epoch: 64	train loss: 15084.8408203125	(42.5s)
epoch: 65	train loss: 15452.6171875	(42.6s)
epoch: 66	train loss: 15605.7431640625	(42.5s)
epoch: 67	train loss: 15295.0634765625	(42.6s)
epoch: 68	train loss: 14877.0908203125	(42.5s)
epoch: 69	train loss: 15322.6982421875	(42.5s)
epoch: 70	train loss: 14570.7314453125	(42.6s)
epoch: 71	train loss: 15028.24609375	(42.5s)
epoch: 72	train loss: 14464.9775390625	(42.6s)
epoch: 73	train loss: 14967.4677734375	(42.5s)
epoch: 74	train loss: 14851.671875	(42.6s)
epoch: 75	train loss: 14463.9326171875	(42.6s)
epoch: 76	train loss: 15203.3603515625	(42.7s)
epoch: 77	train loss: 15398.482421875	(42.6s)
epoch: 78	train loss: 14217.998046875	(42.5s)
epoch: 79	train loss: 14241.9580078125	(42.6s)
epoch: 80	train loss: 14686.28515625	(42.6s)
epoch: 81	train loss: 14875.44921875	(42.6s)
epoch: 82	train loss: 14374.021484375	(42.5s)
epoch: 83	train loss: 14141.029296875	(42.5s)
epoch: 84	train loss: 15788.4541015625	(42.6s)
epoch: 85	train loss: 13992.447265625	(42.6s)
epoch: 86	train loss: 14965.5029296875	(42.5s)
epoch: 87	train loss: 14632.951171875	(42.6s)
epoch: 88	train loss: 13680.9013671875	(42.6s)
epoch: 89	train loss: 13940.6376953125	(42.6s)
epoch: 90	train loss: 14145.1630859375	(42.6s)
epoch: 91	train loss: 14387.2275390625	(42.6s)
epoch: 92	train loss: 14290.1103515625	(42.6s)
epoch: 93	train loss: 14737.91796875	(42.6s)
epoch: 94	train loss: 13960.658203125	(42.7s)
epoch: 95	train loss: 13984.4345703125	(42.5s)
epoch: 96	train loss: 15431.1318359375	(42.5s)
epoch: 97	train loss: 13622.6767578125	(42.6s)
epoch: 98	train loss: 13584.9951171875	(42.5s)
epoch: 99	train loss: 13646.12109375	(42.6s)
Evaluating model on 200 episodes
Solved 38/200 episodes
Evaluated model in 22.7 seconds
Saved model for run
5a0b8d2311744e50bc416301e13d27a5 with name round-4
Round 5
Generated trajectories in 103.9 seconds
epoch: 0	train loss: 19670.73046875	(40.9s)
epoch: 1	train loss: 18440.328125	(43.1s)
epoch: 2	train loss: 17430.361328125	(43.1s)
epoch: 3	train loss: 17482.033203125	(43.2s)
epoch: 4	train loss: 17430.486328125	(42.9s)
epoch: 5	train loss: 15852.359375	(42.9s)
epoch: 6	train loss: 15485.8720703125	(42.8s)
epoch: 7	train loss: 14711.3466796875	(42.7s)
epoch: 8	train loss: 14586.208984375	(42.7s)
epoch: 9	train loss: 13529.49609375	(42.6s)
epoch: 10	train loss: 13514.9091796875	(42.6s)
epoch: 11	train loss: 13036.767578125	(42.6s)
epoch: 12	train loss: 13158.0703125	(42.4s)
epoch: 13	train loss: 12325.4130859375	(42.4s)
epoch: 14	train loss: 11982.650390625	(42.3s)
epoch: 15	train loss: 11917.693359375	(42.4s)
epoch: 16	train loss: 11110.607421875	(42.4s)
epoch: 17	train loss: 11521.4638671875	(42.2s)
epoch: 18	train loss: 11579.375	(42.4s)
epoch: 19	train loss: 10770.73828125	(42.3s)
epoch: 20	train loss: 10679.900390625	(42.3s)
epoch: 21	train loss: 10976.15625	(42.4s)
epoch: 22	train loss: 10197.01171875	(42.3s)
epoch: 23	train loss: 10885.1533203125	(42.4s)
epoch: 24	train loss: 10561.4150390625	(42.3s)
epoch: 25	train loss: 9795.044921875	(42.5s)
epoch: 26	train loss: 10556.291015625	(42.3s)
epoch: 27	train loss: 9777.96875	(42.4s)
epoch: 28	train loss: 10475.6865234375	(42.4s)
epoch: 29	train loss: 8927.9287109375	(42.3s)
epoch: 30	train loss: 10786.671875	(42.4s)
epoch: 31	train loss: 8994.6650390625	(42.3s)
epoch: 32	train loss: 9311.5830078125	(42.4s)
epoch: 33	train loss: 8786.171875	(42.3s)
epoch: 34	train loss: 8780.3037109375	(42.3s)
epoch: 35	train loss: 9856.7099609375	(42.6s)
epoch: 36	train loss: 8811.119140625	(42.3s)
epoch: 37	train loss: 8572.8798828125	(42.4s)
epoch: 38	train loss: 9039.0576171875	(42.5s)
epoch: 39	train loss: 9152.775390625	(42.3s)
epoch: 40	train loss: 8816.8291015625	(42.4s)
epoch: 41	train loss: 8279.140625	(42.4s)
epoch: 42	train loss: 8829.830078125	(42.4s)
epoch: 43	train loss: 8408.69140625	(42.3s)
epoch: 44	train loss: 8365.806640625	(42.4s)
epoch: 45	train loss: 8670.2529296875	(42.4s)
epoch: 46	train loss: 7209.46533203125	(42.3s)
epoch: 47	train loss: 7842.5	(42.4s)
epoch: 48	train loss: 7621.62255859375	(42.4s)
epoch: 49	train loss: 8238.5361328125	(42.3s)
epoch: 50	train loss: 7340.25048828125	(42.4s)
epoch: 51	train loss: 7420.3779296875	(42.5s)
epoch: 52	train loss: 8279.3564453125	(42.4s)
epoch: 53	train loss: 7800.0205078125	(42.5s)
epoch: 54	train loss: 7446.365234375	(42.3s)
epoch: 55	train loss: 6790.203125	(42.5s)
epoch: 56	train loss: 7266.78173828125	(42.2s)
epoch: 57	train loss: 7135.85400390625	(42.4s)
epoch: 58	train loss: 7292.68017578125	(42.4s)
epoch: 59	train loss: 10780.3134765625	(42.3s)
epoch: 60	train loss: 7231.3076171875	(42.4s)
epoch: 61	train loss: 7303.88818359375	(42.3s)
epoch: 62	train loss: 7489.341796875	(42.5s)
epoch: 63	train loss: 6914.07080078125	(42.4s)
epoch: 64	train loss: 6840.62841796875	(42.4s)
epoch: 65	train loss: 7221.1875	(42.4s)
epoch: 66	train loss: 6312.90576171875	(42.4s)
epoch: 67	train loss: 7746.97412109375	(42.4s)
epoch: 68	train loss: 6815.78515625	(42.4s)
epoch: 69	train loss: 7307.66796875	(42.4s)
epoch: 70	train loss: 6110.92919921875	(42.5s)
epoch: 71	train loss: 6554.51513671875	(42.5s)
epoch: 72	train loss: 6967.06640625	(42.5s)
epoch: 73	train loss: 6523.970703125	(42.4s)
epoch: 74	train loss: 6709.4609375	(42.4s)
epoch: 75	train loss: 6164.69140625	(42.5s)
epoch: 76	train loss: 6898.09130859375	(42.4s)
epoch: 77	train loss: 6402.30029296875	(42.5s)
epoch: 78	train loss: 8733.2099609375	(42.4s)
epoch: 79	train loss: 6301.4677734375	(42.4s)
epoch: 80	train loss: 6659.43212890625	(42.4s)
epoch: 81	train loss: 5684.66943359375	(42.4s)
epoch: 82	train loss: 8134.578125	(42.5s)
epoch: 83	train loss: 5569.75927734375	(42.4s)
epoch: 84	train loss: 6320.34033203125	(42.5s)
epoch: 85	train loss: 6103.57177734375	(42.4s)
epoch: 86	train loss: 6692.89599609375	(42.5s)
epoch: 87	train loss: 5762.306640625	(42.5s)
epoch: 88	train loss: 5693.31298828125	(42.4s)
epoch: 89	train loss: 7716.6474609375	(42.5s)
epoch: 90	train loss: 6306.90380859375	(42.5s)
epoch: 91	train loss: 5827.697265625	(42.4s)
epoch: 92	train loss: 6583.53466796875	(42.6s)
epoch: 93	train loss: 7065.7646484375	(42.5s)
epoch: 94	train loss: 7248.14990234375	(42.5s)
epoch: 95	train loss: 5746.23291015625	(42.4s)
epoch: 96	train loss: 6073.66064453125	(42.4s)
epoch: 97	train loss: 6207.43359375	(42.4s)
epoch: 98	train loss: 5795.35498046875	(42.4s)
epoch: 99	train loss: 6080.703125	(42.4s)
Evaluating model on 200 episodes
Solved 97/200 episodes
Evaluated model in 20.4 seconds
Saved model for run
5a0b8d2311744e50bc416301e13d27a5 with name round-5
Round 6
Generated trajectories in 104.4 seconds
epoch: 0	train loss: 10044.1376953125	(41.0s)
epoch: 1	train loss: 9363.8212890625	(43.3s)
epoch: 2	train loss: 8577.40625	(43.5s)
epoch: 3	train loss: 8549.9560546875	(43.3s)
epoch: 4	train loss: 11020.3359375	(43.1s)
epoch: 5	train loss: 8692.865234375	(43.1s)
epoch: 6	train loss: 7493.38720703125	(43.0s)
epoch: 7	train loss: 7320.78564453125	(43.0s)
epoch: 8	train loss: 7917.43994140625	(42.8s)
epoch: 9	train loss: 7243.5712890625	(42.7s)
epoch: 10	train loss: 7697.20849609375	(42.7s)
epoch: 11	train loss: 7173.509765625	(42.6s)
epoch: 12	train loss: 7280.36572265625	(42.6s)
epoch: 13	train loss: 7731.033203125	(42.5s)
epoch: 14	train loss: 7279.017578125	(42.5s)
epoch: 15	train loss: 6703.0263671875	(42.4s)
epoch: 16	train loss: 7024.73291015625	(42.3s)
epoch: 17	train loss: 6093.466796875	(42.4s)
epoch: 18	train loss: 6646.11376953125	(42.4s)
epoch: 19	train loss: 6701.2080078125	(42.4s)
epoch: 20	train loss: 6595.34814453125	(42.4s)
epoch: 21	train loss: 7938.47998046875	(42.4s)
epoch: 22	train loss: 7113.3359375	(42.4s)
epoch: 23	train loss: 5581.607421875	(42.4s)
epoch: 24	train loss: 5878.96142578125	(42.4s)
epoch: 25	train loss: 5708.66259765625	(42.4s)
epoch: 26	train loss: 5303.69921875	(42.4s)
epoch: 27	train loss: 5620.138671875	(42.4s)
epoch: 28	train loss: 6015.18017578125	(42.4s)
epoch: 29	train loss: 5254.8525390625	(42.4s)
epoch: 30	train loss: 6550.84423828125	(42.4s)
epoch: 31	train loss: 4967.63525390625	(42.4s)
epoch: 32	train loss: 6788.8466796875	(42.4s)
epoch: 33	train loss: 5532.64990234375	(42.4s)
epoch: 34	train loss: 5235.82861328125	(42.4s)
epoch: 35	train loss: 5297.65087890625	(42.4s)
epoch: 36	train loss: 9541.154296875	(42.4s)
epoch: 37	train loss: 5223.12744140625	(42.4s)
epoch: 38	train loss: 4986.51953125	(42.4s)
epoch: 39	train loss: 5556.4228515625	(42.4s)
epoch: 40	train loss: 5182.4736328125	(42.4s)
epoch: 41	train loss: 4659.12353515625	(42.4s)
epoch: 42	train loss: 5685.0087890625	(42.4s)
epoch: 43	train loss: 5095.0009765625	(42.4s)
epoch: 44	train loss: 4614.78173828125	(42.3s)
epoch: 45	train loss: 5074.615234375	(42.5s)
epoch: 46	train loss: 6672.353515625	(42.4s)
epoch: 47	train loss: 4357.4921875	(42.4s)
epoch: 48	train loss: 4412.9365234375	(42.4s)
epoch: 49	train loss: 4640.71435546875	(42.4s)
epoch: 50	train loss: 4295.22021484375	(42.4s)
epoch: 51	train loss: 4920.95751953125	(42.3s)
epoch: 52	train loss: 3783.84228515625	(42.4s)
epoch: 53	train loss: 5556.3916015625	(42.4s)
epoch: 54	train loss: 3965.628173828125	(42.3s)
epoch: 55	train loss: 3575.508056640625	(42.3s)
epoch: 56	train loss: 5832.52587890625	(42.3s)
epoch: 57	train loss: 5905.86474609375	(42.4s)
epoch: 58	train loss: 3734.030029296875	(42.3s)
epoch: 59	train loss: 3873.19580078125	(42.4s)
epoch: 60	train loss: 4002.438720703125	(42.3s)
epoch: 61	train loss: 4073.612548828125	(42.3s)
epoch: 62	train loss: 4234.53564453125	(42.4s)
epoch: 63	train loss: 4646.54541015625	(42.4s)
epoch: 64	train loss: 4211.3603515625	(42.4s)
epoch: 65	train loss: 4474.03662109375	(42.3s)
epoch: 66	train loss: 5688.08935546875	(42.3s)
epoch: 67	train loss: 3838.654296875	(42.4s)
epoch: 68	train loss: 4147.58251953125	(42.3s)
epoch: 69	train loss: 5015.65185546875	(42.4s)
epoch: 70	train loss: 3947.53564453125	(42.4s)
epoch: 71	train loss: 4300.689453125	(42.4s)
epoch: 72	train loss: 3779.363525390625	(42.4s)
epoch: 73	train loss: 4724.67529296875	(42.4s)
epoch: 74	train loss: 3606.936767578125	(42.4s)
epoch: 75	train loss: 4415.12109375	(42.4s)
epoch: 76	train loss: 4134.0	(42.3s)
epoch: 77	train loss: 4792.35302734375	(42.4s)
epoch: 78	train loss: 3540.55810546875	(42.3s)
epoch: 79	train loss: 4383.68359375	(42.4s)
epoch: 80	train loss: 4419.2646484375	(42.3s)
epoch: 81	train loss: 3587.583984375	(42.3s)
epoch: 82	train loss: 4043.856689453125	(42.4s)
epoch: 83	train loss: 5301.951171875	(42.3s)
epoch: 84	train loss: 3520.26953125	(42.4s)
epoch: 85	train loss: 3436.4560546875	(42.3s)
epoch: 86	train loss: 4487.9365234375	(42.4s)
epoch: 87	train loss: 3380.8154296875	(42.4s)
epoch: 88	train loss: 3748.705322265625	(42.3s)
epoch: 89	train loss: 4799.798828125	(42.4s)
epoch: 90	train loss: 5458.47607421875	(42.3s)
epoch: 91	train loss: 3957.76171875	(42.4s)
epoch: 92	train loss: 2726.676025390625	(42.4s)
epoch: 93	train loss: 3883.201416015625	(42.3s)
epoch: 94	train loss: 3886.003662109375	(42.3s)
epoch: 95	train loss: 2934.09619140625	(42.3s)
epoch: 96	train loss: 4236.3193359375	(42.3s)
epoch: 97	train loss: 3709.439697265625	(42.4s)
epoch: 98	train loss: 2984.84912109375	(42.3s)
epoch: 99	train loss: 3408.2158203125	(42.4s)
Evaluating model on 200 episodes
Solved 150/200 episodes
Evaluated model in 20.5 seconds
Saved model for run
5a0b8d2311744e50bc416301e13d27a5 with name round-6
Round 7
Generated trajectories in 105.9 seconds
epoch: 0	train loss: 7087.3115234375	(41.5s)
epoch: 1	train loss: 6126.06640625	(43.6s)
epoch: 2	train loss: 6119.77685546875	(44.0s)
epoch: 3	train loss: 5256.3837890625	(43.8s)
epoch: 4	train loss: 5547.11279296875	(43.6s)
epoch: 5	train loss: 5048.2607421875	(43.5s)
epoch: 6	train loss: 4968.326171875	(43.3s)
epoch: 7	train loss: 4730.49951171875	(43.3s)
epoch: 8	train loss: 5232.9853515625	(43.1s)
epoch: 9	train loss: 5026.90283203125	(43.1s)
epoch: 10	train loss: 7040.81396484375	(43.2s)
epoch: 11	train loss: 3975.6220703125	(43.0s)
epoch: 12	train loss: 4296.03369140625	(43.0s)
epoch: 13	train loss: 4334.68603515625	(43.0s)
epoch: 14	train loss: 3544.1728515625	(42.9s)
epoch: 15	train loss: 4470.77685546875	(43.1s)
epoch: 16	train loss: 4715.06201171875	(42.8s)
epoch: 17	train loss: 3779.226318359375	(42.9s)
epoch: 18	train loss: 4486.19189453125	(42.8s)
epoch: 19	train loss: 3784.204345703125	(42.8s)
epoch: 20	train loss: 3477.053955078125	(42.8s)
epoch: 21	train loss: 4352.52392578125	(42.7s)
epoch: 22	train loss: 3388.251220703125	(42.8s)
epoch: 23	train loss: 4507.14013671875	(42.8s)
epoch: 24	train loss: 3590.76220703125	(42.8s)
epoch: 25	train loss: 4060.0107421875	(42.9s)
epoch: 26	train loss: 3778.357666015625	(42.7s)
epoch: 27	train loss: 3864.072265625	(42.9s)
epoch: 28	train loss: 3873.716064453125	(42.8s)
epoch: 29	train loss: 3930.060791015625	(42.8s)
epoch: 30	train loss: 3919.66162109375	(42.8s)
epoch: 31	train loss: 3409.613037109375	(42.8s)
epoch: 32	train loss: 2863.96728515625	(42.9s)
epoch: 33	train loss: 3833.63037109375	(42.8s)
epoch: 34	train loss: 3471.75244140625	(42.8s)
epoch: 35	train loss: 3696.43994140625	(42.9s)
epoch: 36	train loss: 3100.71337890625	(42.7s)
epoch: 37	train loss: 3505.48583984375	(42.8s)
epoch: 38	train loss: 3385.258544921875	(42.9s)
epoch: 39	train loss: 3370.123291015625	(42.7s)
epoch: 40	train loss: 2454.408935546875	(42.9s)
epoch: 41	train loss: 2983.827392578125	(42.8s)
epoch: 42	train loss: 3324.689208984375	(42.7s)
epoch: 43	train loss: 2693.94873046875	(42.8s)
epoch: 44	train loss: 3236.59130859375	(42.8s)
epoch: 45	train loss: 2592.062255859375	(42.8s)
epoch: 46	train loss: 2352.973388671875	(42.7s)
epoch: 47	train loss: 3091.886474609375	(42.8s)
epoch: 48	train loss: 3076.165283203125	(42.8s)
epoch: 49	train loss: 4665.263671875	(42.8s)
epoch: 50	train loss: 2660.701416015625	(42.9s)
epoch: 51	train loss: 2223.65771484375	(42.8s)
epoch: 52	train loss: 3075.63427734375	(42.8s)
epoch: 53	train loss: 2812.35693359375	(42.9s)
epoch: 54	train loss: 6718.89697265625	(42.8s)
epoch: 55	train loss: 2580.10205078125	(42.9s)
epoch: 56	train loss: 2028.7476806640625	(42.8s)
epoch: 57	train loss: 2472.740234375	(42.8s)
epoch: 58	train loss: 2206.0146484375	(42.8s)
epoch: 59	train loss: 3105.342041015625	(42.8s)
epoch: 60	train loss: 3025.797607421875	(42.9s)
epoch: 61	train loss: 2715.94677734375	(42.8s)
epoch: 62	train loss: 2559.603271484375	(42.9s)
epoch: 63	train loss: 3271.07080078125	(42.8s)
epoch: 64	train loss: 2306.184326171875	(42.8s)
epoch: 65	train loss: 2950.2001953125	(42.9s)
epoch: 66	train loss: 2348.861083984375	(42.8s)
epoch: 67	train loss: 2348.880615234375	(42.8s)
epoch: 68	train loss: 2575.22900390625	(42.8s)
epoch: 69	train loss: 2063.85400390625	(42.9s)
epoch: 70	train loss: 2996.618896484375	(42.9s)
epoch: 71	train loss: 2396.0712890625	(42.8s)
epoch: 72	train loss: 2627.259521484375	(42.9s)
epoch: 73	train loss: 2795.15673828125	(42.8s)
epoch: 74	train loss: 3673.6748046875	(42.8s)
epoch: 75	train loss: 2108.38134765625	(42.9s)
epoch: 76	train loss: 2206.19287109375	(42.9s)
epoch: 77	train loss: 2609.80615234375	(42.9s)
epoch: 78	train loss: 2593.74658203125	(42.8s)
epoch: 79	train loss: 2506.314208984375	(42.8s)
epoch: 80	train loss: 2606.002685546875	(42.9s)
epoch: 81	train loss: 2470.21435546875	(42.8s)
epoch: 82	train loss: 2549.1318359375	(42.8s)
epoch: 83	train loss: 1807.1607666015625	(42.8s)
epoch: 84	train loss: 2040.2879638671875	(42.8s)
epoch: 85	train loss: 2933.701416015625	(42.9s)
epoch: 86	train loss: 1738.9888916015625	(42.8s)
epoch: 87	train loss: 1955.0789794921875	(42.8s)
epoch: 88	train loss: 1809.423583984375	(42.8s)
epoch: 89	train loss: 3156.1669921875	(42.7s)
epoch: 90	train loss: 3877.234375	(42.8s)
epoch: 91	train loss: 1940.1126708984375	(42.7s)
epoch: 92	train loss: 1952.7655029296875	(42.8s)
epoch: 93	train loss: 1936.726806640625	(42.8s)
epoch: 94	train loss: 1819.27783203125	(42.8s)
epoch: 95	train loss: 2143.026123046875	(42.9s)
epoch: 96	train loss: 1790.1199951171875	(42.8s)
epoch: 97	train loss: 1967.3626708984375	(42.9s)
epoch: 98	train loss: 1939.3221435546875	(42.8s)
epoch: 99	train loss: 1949.1806640625	(42.8s)
Evaluating model on 200 episodes
Solved 173/200 episodes
Evaluated model in 23.1 seconds
Saved model for run
5a0b8d2311744e50bc416301e13d27a5 with name round-7
Round 8
Generated trajectories in 105.3 seconds
epoch: 0	train loss: 4370.42431640625	(41.3s)
epoch: 1	train loss: 3205.864013671875	(43.3s)
epoch: 2	train loss: 2949.72314453125	(43.5s)
epoch: 3	train loss: 3119.948974609375	(43.3s)
epoch: 4	train loss: 4130.53369140625	(43.2s)
epoch: 5	train loss: 2234.916748046875	(43.2s)
epoch: 6	train loss: 2389.02685546875	(43.0s)
epoch: 7	train loss: 2105.653564453125	(43.0s)
epoch: 8	train loss: 2275.636962890625	(42.9s)
epoch: 9	train loss: 2450.540283203125	(42.8s)
epoch: 10	train loss: 2377.014404296875	(42.8s)
epoch: 11	train loss: 2485.13232421875	(42.8s)
epoch: 12	train loss: 2378.586181640625	(42.7s)
epoch: 13	train loss: 2034.8505859375	(42.7s)
epoch: 14	train loss: 2511.93115234375	(42.7s)
epoch: 15	train loss: 2539.48779296875	(42.7s)
epoch: 16	train loss: 2123.52685546875	(42.6s)
epoch: 17	train loss: 2050.9599609375	(42.7s)
epoch: 18	train loss: 2641.14453125	(42.6s)
epoch: 19	train loss: 2440.560546875	(42.5s)
epoch: 20	train loss: 2034.50244140625	(42.5s)
epoch: 21	train loss: 2809.53662109375	(42.5s)
epoch: 22	train loss: 1847.0133056640625	(42.5s)
epoch: 23	train loss: 1971.724609375	(42.5s)
epoch: 24	train loss: 2306.50146484375	(42.5s)
epoch: 25	train loss: 1916.1090087890625	(42.5s)
epoch: 26	train loss: 1959.224609375	(42.6s)
epoch: 27	train loss: 1753.8304443359375	(42.5s)
epoch: 28	train loss: 1797.73681640625	(42.6s)
epoch: 29	train loss: 2551.519287109375	(42.5s)
epoch: 30	train loss: 2046.358154296875	(42.6s)
epoch: 31	train loss: 1564.5093994140625	(42.6s)
epoch: 32	train loss: 1736.8193359375	(42.6s)
epoch: 33	train loss: 2160.18359375	(42.7s)
epoch: 34	train loss: 2024.5216064453125	(42.6s)
epoch: 35	train loss: 1716.380126953125	(42.6s)
epoch: 36	train loss: 1936.644287109375	(42.7s)
epoch: 37	train loss: 1643.33349609375	(42.6s)
epoch: 38	train loss: 1403.427001953125	(42.7s)
epoch: 39	train loss: 1862.5809326171875	(42.6s)
epoch: 40	train loss: 2314.555419921875	(42.7s)
epoch: 41	train loss: 2161.485107421875	(42.7s)
epoch: 42	train loss: 2109.33056640625	(42.7s)
epoch: 43	train loss: 929.6843872070312	(42.7s)
epoch: 44	train loss: 2567.50048828125	(42.7s)
epoch: 45	train loss: 1386.60986328125	(42.7s)
epoch: 46	train loss: 1348.5079345703125	(42.7s)
epoch: 47	train loss: 1647.01416015625	(42.6s)
epoch: 48	train loss: 1622.14111328125	(42.7s)
epoch: 49	train loss: 2435.111328125	(42.6s)
epoch: 50	train loss: 1152.0616455078125	(42.7s)
epoch: 51	train loss: 1660.78955078125	(42.7s)
epoch: 52	train loss: 838.8018798828125	(42.6s)
epoch: 53	train loss: 1288.3173828125	(42.7s)
epoch: 54	train loss: 2447.86474609375	(42.7s)
epoch: 55	train loss: 1497.3118896484375	(42.8s)
epoch: 56	train loss: 1960.389892578125	(42.7s)
epoch: 57	train loss: 1210.0294189453125	(42.7s)
epoch: 58	train loss: 1360.4051513671875	(42.8s)
epoch: 59	train loss: 1794.07470703125	(42.7s)
epoch: 60	train loss: 2443.342041015625	(42.8s)
epoch: 61	train loss: 1127.6273193359375	(42.7s)
epoch: 62	train loss: 1877.9013671875	(42.7s)
epoch: 63	train loss: 998.231201171875	(42.7s)
epoch: 64	train loss: 1358.1806640625	(42.7s)
epoch: 65	train loss: 2105.6298828125	(42.7s)
epoch: 66	train loss: 785.3427734375	(42.7s)
epoch: 67	train loss: 3571.881103515625	(42.6s)
epoch: 68	train loss: 1222.4171142578125	(42.7s)
epoch: 69	train loss: 1139.11376953125	(42.7s)
epoch: 70	train loss: 811.0928344726562	(42.7s)
epoch: 71	train loss: 1523.2222900390625	(42.7s)
epoch: 72	train loss: 1357.428955078125	(42.7s)
epoch: 73	train loss: 1979.280029296875	(42.7s)
epoch: 74	train loss: 800.6060791015625	(42.7s)
epoch: 75	train loss: 2331.50830078125	(42.7s)
epoch: 76	train loss: 1195.8895263671875	(42.7s)
epoch: 77	train loss: 1037.6690673828125	(42.7s)
epoch: 78	train loss: 1696.67138671875	(42.7s)
epoch: 79	train loss: 1788.9249267578125	(42.7s)
epoch: 80	train loss: 1363.1341552734375	(42.7s)
epoch: 81	train loss: 1263.8201904296875	(42.7s)
epoch: 82	train loss: 1596.029052734375	(42.7s)
epoch: 83	train loss: 851.2987060546875	(42.7s)
epoch: 84	train loss: 2313.670166015625	(42.7s)
epoch: 85	train loss: 1040.323974609375	(42.7s)
epoch: 86	train loss: 1073.531005859375	(42.8s)
epoch: 87	train loss: 1320.757080078125	(42.7s)
epoch: 88	train loss: 1089.7420654296875	(42.8s)
epoch: 89	train loss: 1512.8768310546875	(42.7s)
epoch: 90	train loss: 3261.2646484375	(42.7s)
epoch: 91	train loss: 1099.3839111328125	(42.7s)
epoch: 92	train loss: 941.7868041992188	(42.8s)
epoch: 93	train loss: 1380.7828369140625	(42.8s)
epoch: 94	train loss: 696.9461669921875	(42.7s)
epoch: 95	train loss: 1708.0238037109375	(42.7s)
epoch: 96	train loss: 1951.5238037109375	(42.8s)
epoch: 97	train loss: 1484.681884765625	(42.8s)
epoch: 98	train loss: 1150.093994140625	(42.7s)
epoch: 99	train loss: 1224.94580078125	(42.7s)
Evaluating model on 200 episodes
Solved 181/200 episodes
Evaluated model in 21.4 seconds
Saved model for run
5a0b8d2311744e50bc416301e13d27a5 with name round-8
Round 9
Generated trajectories in 105.1 seconds
epoch: 0	train loss: 2655.4755859375	(41.4s)
epoch: 1	train loss: 2060.92529296875	(43.7s)
epoch: 2	train loss: 2315.392822265625	(43.9s)
epoch: 3	train loss: 1861.995849609375	(43.7s)
epoch: 4	train loss: 1594.9691162109375	(43.7s)
epoch: 5	train loss: 1526.1656494140625	(43.4s)
epoch: 6	train loss: 2310.8486328125	(43.4s)
epoch: 7	train loss: 1800.430908203125	(43.3s)
epoch: 8	train loss: 1738.916748046875	(43.0s)
epoch: 9	train loss: 1810.9197998046875	(43.1s)
epoch: 10	train loss: 1556.1453857421875	(42.9s)
epoch: 11	train loss: 1280.0855712890625	(42.9s)
epoch: 12	train loss: 1888.494873046875	(43.0s)
epoch: 13	train loss: 1791.5828857421875	(42.9s)
epoch: 14	train loss: 1712.5125732421875	(42.9s)
epoch: 15	train loss: 1467.7930908203125	(42.9s)
epoch: 16	train loss: 1971.0506591796875	(42.8s)
epoch: 17	train loss: 951.3294677734375	(42.9s)
epoch: 18	train loss: 1241.365478515625	(42.8s)
epoch: 19	train loss: 1748.2535400390625	(42.9s)
epoch: 20	train loss: 1235.3302001953125	(42.8s)
epoch: 21	train loss: 1418.56005859375	(42.8s)
epoch: 22	train loss: 1599.886962890625	(42.8s)
epoch: 23	train loss: 2326.98095703125	(42.7s)
epoch: 24	train loss: 1284.758544921875	(42.8s)
epoch: 25	train loss: 1001.5639038085938	(42.7s)
epoch: 26	train loss: 1074.19384765625	(42.7s)
epoch: 27	train loss: 1131.9210205078125	(42.9s)
epoch: 28	train loss: 1445.29150390625	(42.7s)
epoch: 29	train loss: 1377.517578125	(42.8s)
epoch: 30	train loss: 1343.8411865234375	(42.7s)
epoch: 31	train loss: 1693.520751953125	(42.8s)
epoch: 32	train loss: 928.7728271484375	(42.8s)
epoch: 33	train loss: 1404.1785888671875	(42.8s)
epoch: 34	train loss: 1252.77490234375	(42.9s)
epoch: 35	train loss: 846.9305419921875	(42.8s)
epoch: 36	train loss: 1167.324951171875	(42.8s)
epoch: 37	train loss: 1975.6781005859375	(43.0s)
epoch: 38	train loss: 1205.9708251953125	(42.8s)
epoch: 39	train loss: 752.899658203125	(42.9s)
epoch: 40	train loss: 1989.9788818359375	(42.8s)
epoch: 41	train loss: 1010.7538452148438	(42.8s)
epoch: 42	train loss: 1921.4630126953125	(42.9s)
epoch: 43	train loss: 1182.426025390625	(42.9s)
epoch: 44	train loss: 738.0416259765625	(42.9s)
epoch: 45	train loss: 1880.6492919921875	(42.8s)
epoch: 46	train loss: 761.4495849609375	(42.8s)
epoch: 47	train loss: 1071.2825927734375	(43.0s)
epoch: 48	train loss: 707.6807250976562	(42.8s)
epoch: 49	train loss: 1672.475830078125	(42.9s)
epoch: 50	train loss: 1631.465576171875	(42.9s)
epoch: 51	train loss: 632.1622924804688	(42.8s)
epoch: 52	train loss: 1352.4588623046875	(42.9s)
epoch: 53	train loss: 1159.50537109375	(42.8s)
epoch: 54	train loss: 933.2803344726562	(42.9s)
epoch: 55	train loss: 1494.4793701171875	(42.9s)
epoch: 56	train loss: 1003.505126953125	(42.8s)
epoch: 57	train loss: 841.6280517578125	(42.9s)
epoch: 58	train loss: 1317.6396484375	(42.8s)
epoch: 59	train loss: 1278.4573974609375	(42.9s)
epoch: 60	train loss: 729.5121459960938	(42.8s)
epoch: 61	train loss: 1071.6556396484375	(42.8s)
epoch: 62	train loss: 1537.5699462890625	(42.8s)
epoch: 63	train loss: 1920.9921875	(42.8s)
epoch: 64	train loss: 609.3765869140625	(42.8s)
epoch: 65	train loss: 1423.282470703125	(42.8s)
epoch: 66	train loss: 686.0390625	(42.8s)
epoch: 67	train loss: 735.3709716796875	(42.9s)
epoch: 68	train loss: 1147.125732421875	(42.8s)
epoch: 69	train loss: 833.5428466796875	(42.9s)
epoch: 70	train loss: 1103.664306640625	(42.8s)
epoch: 71	train loss: 1230.765625	(42.8s)
epoch: 72	train loss: 738.0338134765625	(42.9s)
epoch: 73	train loss: 1160.52001953125	(42.7s)
epoch: 74	train loss: 701.9027099609375	(42.9s)
epoch: 75	train loss: 1848.2044677734375	(42.8s)
epoch: 76	train loss: 649.1998901367188	(42.7s)
epoch: 77	train loss: 651.1347045898438	(42.9s)
epoch: 78	train loss: 1551.2498779296875	(42.8s)
epoch: 79	train loss: 443.8231506347656	(42.9s)
epoch: 80	train loss: 664.2565307617188	(42.9s)
epoch: 81	train loss: 1175.70849609375	(42.8s)
epoch: 82	train loss: 1517.89697265625	(42.9s)
epoch: 83	train loss: 1194.9698486328125	(42.8s)
epoch: 84	train loss: 925.9803466796875	(42.9s)
epoch: 85	train loss: 738.520751953125	(42.8s)
epoch: 86	train loss: 1505.9586181640625	(42.8s)
epoch: 87	train loss: 1251.440185546875	(42.8s)
epoch: 88	train loss: 763.8745727539062	(42.8s)
epoch: 89	train loss: 1373.16064453125	(42.9s)
epoch: 90	train loss: 775.9158935546875	(42.8s)
epoch: 91	train loss: 1268.4439697265625	(42.8s)
epoch: 92	train loss: 1030.2196044921875	(42.9s)
epoch: 93	train loss: 698.9358520507812	(42.8s)
epoch: 94	train loss: 952.1760864257812	(42.9s)
epoch: 95	train loss: 1380.8021240234375	(42.8s)
epoch: 96	train loss: 2396.3515625	(42.8s)
epoch: 97	train loss: 468.8568420410156	(42.9s)
epoch: 98	train loss: 372.7436828613281	(42.8s)
epoch: 99	train loss: 364.97705078125	(42.8s)
Evaluating model on 200 episodes
Solved 196/200 episodes
Evaluated model in 21.8 seconds
Saved model for run
5a0b8d2311744e50bc416301e13d27a5 with name round-9
Round 10
Generated trajectories in 105.5 seconds
epoch: 0	train loss: 2016.8389892578125	(41.1s)
epoch: 1	train loss: 1104.511474609375	(43.2s)
epoch: 2	train loss: 1464.0184326171875	(43.4s)
epoch: 3	train loss: 1278.550537109375	(43.3s)
epoch: 4	train loss: 1802.8338623046875	(43.1s)
epoch: 5	train loss: 1317.4217529296875	(43.1s)
epoch: 6	train loss: 1052.93115234375	(42.9s)
epoch: 7	train loss: 1326.3470458984375	(42.8s)
epoch: 8	train loss: 912.967041015625	(42.7s)
epoch: 9	train loss: 3000.51904296875	(42.6s)
epoch: 10	train loss: 964.600341796875	(42.4s)
epoch: 11	train loss: 1135.727294921875	(42.2s)
epoch: 12	train loss: 1473.561767578125	(42.2s)
epoch: 13	train loss: 2043.1434326171875	(42.0s)
epoch: 14	train loss: 1283.3873291015625	(42.0s)
epoch: 15	train loss: 815.9952392578125	(41.9s)
epoch: 16	train loss: 945.2807006835938	(41.8s)
epoch: 17	train loss: 1113.6083984375	(41.8s)
epoch: 18	train loss: 620.7481689453125	(41.8s)
epoch: 19	train loss: 2169.494140625	(41.8s)
epoch: 20	train loss: 754.7515258789062	(41.8s)
epoch: 21	train loss: 915.2869873046875	(41.7s)
epoch: 22	train loss: 918.4295654296875	(41.7s)
epoch: 23	train loss: 1550.9163818359375	(41.7s)
epoch: 24	train loss: 1405.3790283203125	(41.6s)
epoch: 25	train loss: 747.070068359375	(41.6s)
epoch: 26	train loss: 891.5491943359375	(41.6s)
epoch: 27	train loss: 1146.5662841796875	(41.6s)
epoch: 28	train loss: 1186.1962890625	(41.5s)
epoch: 29	train loss: 917.9251098632812	(41.6s)
epoch: 30	train loss: 897.4637451171875	(41.6s)
epoch: 31	train loss: 1106.008056640625	(41.6s)
epoch: 32	train loss: 502.32183837890625	(41.6s)
epoch: 33	train loss: 989.1665649414062	(41.6s)
epoch: 34	train loss: 1247.3486328125	(41.6s)
epoch: 35	train loss: 782.9243774414062	(41.6s)
epoch: 36	train loss: 987.0704345703125	(41.6s)
epoch: 37	train loss: 1189.7510986328125	(41.6s)
epoch: 38	train loss: 1296.5382080078125	(42.0s)
epoch: 39	train loss: 1308.14599609375	(41.7s)
epoch: 40	train loss: 983.1599731445312	(41.6s)
epoch: 41	train loss: 632.199462890625	(41.7s)
epoch: 42	train loss: 1616.0538330078125	(41.6s)
epoch: 43	train loss: 514.9315185546875	(41.6s)
epoch: 44	train loss: 1442.4232177734375	(41.6s)
epoch: 45	train loss: 834.8276977539062	(41.6s)
epoch: 46	train loss: 958.6238403320312	(41.6s)
epoch: 47	train loss: 442.7406005859375	(41.5s)
epoch: 48	train loss: 1113.5	(41.8s)
epoch: 49	train loss: 1602.8123779296875	(41.7s)
epoch: 50	train loss: 1601.3614501953125	(41.6s)
epoch: 51	train loss: 489.47637939453125	(41.6s)
epoch: 52	train loss: 520.0048828125	(41.5s)
epoch: 53	train loss: 664.8590087890625	(41.6s)
epoch: 54	train loss: 430.92486572265625	(41.6s)
epoch: 55	train loss: 1519.010498046875	(41.6s)
epoch: 56	train loss: 561.9207153320312	(41.6s)
epoch: 57	train loss: 650.5333251953125	(41.5s)
epoch: 58	train loss: 1639.6778564453125	(41.6s)
epoch: 59	train loss: 1415.9556884765625	(41.5s)
epoch: 60	train loss: 413.829833984375	(41.6s)
epoch: 61	train loss: 678.6283569335938	(41.6s)
epoch: 62	train loss: 1313.0228271484375	(41.6s)
epoch: 63	train loss: 1643.901611328125	(41.6s)
epoch: 64	train loss: 1022.7899169921875	(41.5s)
epoch: 65	train loss: 831.1524047851562	(41.6s)
epoch: 66	train loss: 704.3993530273438	(41.6s)
epoch: 67	train loss: 1279.5269775390625	(41.7s)
epoch: 68	train loss: 1312.586669921875	(41.6s)
epoch: 69	train loss: 563.232666015625	(41.6s)
epoch: 70	train loss: 1226.755126953125	(41.6s)
epoch: 71	train loss: 803.560302734375	(41.5s)
epoch: 72	train loss: 948.9615478515625	(41.6s)
epoch: 73	train loss: 747.8248901367188	(41.5s)
epoch: 74	train loss: 1310.887939453125	(41.5s)
epoch: 75	train loss: 424.1134033203125	(41.5s)
epoch: 76	train loss: 566.4070434570312	(41.5s)
epoch: 77	train loss: 1397.927490234375	(41.5s)
epoch: 78	train loss: 440.04229736328125	(41.5s)
epoch: 79	train loss: 2145.290283203125	(41.6s)
epoch: 80	train loss: 1535.7276611328125	(41.5s)
epoch: 81	train loss: 793.6158447265625	(41.5s)
epoch: 82	train loss: 449.97064208984375	(41.6s)
epoch: 83	train loss: 2034.6839599609375	(41.5s)
epoch: 84	train loss: 1264.308349609375	(41.6s)
epoch: 85	train loss: 326.2462158203125	(41.5s)
epoch: 86	train loss: 610.9500122070312	(41.6s)
epoch: 87	train loss: 713.3804321289062	(41.5s)
epoch: 88	train loss: 612.4437866210938	(41.6s)
epoch: 89	train loss: 3014.426513671875	(41.6s)
epoch: 90	train loss: 591.3299560546875	(41.5s)
epoch: 91	train loss: 540.1224365234375	(41.5s)
epoch: 92	train loss: 302.5242614746094	(41.5s)
epoch: 93	train loss: 882.5189208984375	(41.5s)
epoch: 94	train loss: 1520.709716796875	(41.6s)
epoch: 95	train loss: 580.1429443359375	(41.5s)
epoch: 96	train loss: 1487.9434814453125	(41.5s)
epoch: 97	train loss: 534.7657470703125	(41.5s)
epoch: 98	train loss: 675.5382080078125	(41.5s)
epoch: 99	train loss: 767.97900390625	(41.5s)
Evaluating model on 200 episodes
Solved 195/200 episodes
Evaluated model in 21.1 seconds
Saved model for run
5a0b8d2311744e50bc416301e13d27a5 with name round-10
Round 11
Generated trajectories in 105.1 seconds
epoch: 0	train loss: 1610.538330078125	(41.0s)
epoch: 1	train loss: 1482.228271484375	(42.1s)
epoch: 2	train loss: 1228.66015625	(42.5s)
epoch: 3	train loss: 1018.52978515625	(42.3s)
epoch: 4	train loss: 1467.5579833984375	(42.2s)
epoch: 5	train loss: 920.1454467773438	(42.0s)
epoch: 6	train loss: 1122.35546875	(42.0s)
epoch: 7	train loss: 868.93603515625	(41.9s)
epoch: 8	train loss: 822.66796875	(41.8s)
epoch: 9	train loss: 1283.7845458984375	(41.8s)
epoch: 10	train loss: 844.3700561523438	(41.7s)
epoch: 11	train loss: 1660.12548828125	(41.7s)
epoch: 12	train loss: 750.19287109375	(41.6s)
epoch: 13	train loss: 925.1984252929688	(41.7s)
epoch: 14	train loss: 1278.69287109375	(41.6s)
epoch: 15	train loss: 1088.3763427734375	(41.5s)
epoch: 16	train loss: 700.1369018554688	(41.6s)
epoch: 17	train loss: 930.4425659179688	(41.5s)
epoch: 18	train loss: 755.9213256835938	(41.7s)
epoch: 19	train loss: 1485.3206787109375	(41.6s)
epoch: 20	train loss: 4921.9853515625	(41.5s)
epoch: 21	train loss: 857.4345703125	(41.8s)
epoch: 22	train loss: 1166.1964111328125	(41.5s)
epoch: 23	train loss: 790.92431640625	(41.6s)
epoch: 24	train loss: 2069.244140625	(41.5s)
epoch: 25	train loss: 577.7703247070312	(41.6s)
epoch: 26	train loss: 597.8768920898438	(41.6s)
epoch: 27	train loss: 592.4447631835938	(41.5s)
epoch: 28	train loss: 1156.527099609375	(41.5s)
epoch: 29	train loss: 1245.4571533203125	(41.5s)
epoch: 30	train loss: 657.2764282226562	(41.5s)
epoch: 31	train loss: 716.3443603515625	(41.5s)
epoch: 32	train loss: 499.4690856933594	(41.6s)
epoch: 33	train loss: 2040.3160400390625	(41.5s)
epoch: 34	train loss: 1581.6827392578125	(41.5s)
epoch: 35	train loss: 1359.865234375	(41.6s)
epoch: 36	train loss: 616.314208984375	(41.5s)
epoch: 37	train loss: 1043.942626953125	(41.5s)
epoch: 38	train loss: 1120.28857421875	(41.5s)
epoch: 39	train loss: 1033.3603515625	(41.5s)
epoch: 40	train loss: 538.0987548828125	(41.5s)
epoch: 41	train loss: 1290.0628662109375	(41.4s)
epoch: 42	train loss: 851.2399291992188	(41.7s)
epoch: 43	train loss: 1299.3773193359375	(41.4s)
epoch: 44	train loss: 1063.4700927734375	(41.5s)
epoch: 45	train loss: 878.510498046875	(41.5s)
epoch: 46	train loss: 783.9762573242188	(41.4s)
epoch: 47	train loss: 565.5244750976562	(41.5s)
epoch: 48	train loss: 692.7886962890625	(41.5s)
epoch: 49	train loss: 1426.595458984375	(41.5s)
epoch: 50	train loss: 572.0943603515625	(41.5s)
epoch: 51	train loss: 847.0333862304688	(41.4s)
epoch: 52	train loss: 1562.4998779296875	(41.6s)
epoch: 53	train loss: 675.2938842773438	(41.4s)
epoch: 54	train loss: 798.0961303710938	(41.5s)
epoch: 55	train loss: 727.3654174804688	(41.4s)
epoch: 56	train loss: 637.352783203125	(41.5s)
epoch: 57	train loss: 475.4761047363281	(41.4s)
epoch: 58	train loss: 532.0654296875	(41.5s)
epoch: 59	train loss: 2279.488037109375	(41.5s)
epoch: 60	train loss: 1182.104736328125	(41.4s)
epoch: 61	train loss: 999.979248046875	(41.6s)
epoch: 62	train loss: 1800.636474609375	(41.5s)
epoch: 63	train loss: 1996.8409423828125	(41.5s)
epoch: 64	train loss: 591.630126953125	(41.5s)
epoch: 65	train loss: 415.8098449707031	(41.4s)
epoch: 66	train loss: 1052.8248291015625	(41.5s)
epoch: 67	train loss: 743.10791015625	(41.4s)
epoch: 68	train loss: 389.8844299316406	(41.5s)
epoch: 69	train loss: 610.81298828125	(41.5s)
epoch: 70	train loss: 1557.1829833984375	(41.5s)
epoch: 71	train loss: 644.8773193359375	(41.5s)
epoch: 72	train loss: 742.8505249023438	(41.4s)
epoch: 73	train loss: 659.3703002929688	(41.5s)
epoch: 74	train loss: 1153.0084228515625	(41.4s)
epoch: 75	train loss: 2780.4423828125	(41.6s)
epoch: 76	train loss: 678.9794311523438	(41.4s)
epoch: 77	train loss: 662.1702880859375	(41.5s)
epoch: 78	train loss: 353.44281005859375	(41.5s)
epoch: 79	train loss: 670.1710815429688	(41.4s)
epoch: 80	train loss: 1048.838623046875	(41.5s)
epoch: 81	train loss: 1631.1497802734375	(41.5s)
epoch: 82	train loss: 584.3033447265625	(41.5s)
epoch: 83	train loss: 347.4656982421875	(41.5s)
epoch: 84	train loss: 1377.29443359375	(41.4s)
epoch: 85	train loss: 869.3878173828125	(41.5s)
epoch: 86	train loss: 955.065185546875	(41.5s)
epoch: 87	train loss: 515.1527709960938	(41.6s)
epoch: 88	train loss: 953.8065795898438	(41.4s)
epoch: 89	train loss: 718.6104736328125	(41.5s)
epoch: 90	train loss: 579.5430297851562	(41.6s)
epoch: 91	train loss: 875.18212890625	(41.4s)
epoch: 92	train loss: 1384.4930419921875	(41.6s)
epoch: 93	train loss: 959.0750732421875	(41.5s)
epoch: 94	train loss: 824.5317993164062	(41.6s)
epoch: 95	train loss: 981.21240234375	(41.5s)
epoch: 96	train loss: 659.8383178710938	(41.6s)
epoch: 97	train loss: 487.8888244628906	(41.5s)
epoch: 98	train loss: 1826.0799560546875	(41.6s)
epoch: 99	train loss: 1600.353271484375	(41.6s)
Evaluating model on 200 episodes
Solved 197/200 episodes
Evaluated model in 22.5 seconds
Saved model for run
5a0b8d2311744e50bc416301e13d27a5 with name round-11
Round 12
Generated trajectories in 105.6 seconds
epoch: 0	train loss: 1496.8814697265625	(41.5s)
epoch: 1	train loss: 915.78125	(42.3s)
epoch: 2	train loss: 1031.96240234375	(42.6s)
epoch: 3	train loss: 1221.095947265625	(42.4s)
epoch: 4	train loss: 945.8767700195312	(42.4s)
epoch: 5	train loss: 1530.0828857421875	(42.3s)
epoch: 6	train loss: 737.54150390625	(42.2s)
epoch: 7	train loss: 751.2573852539062	(42.2s)
epoch: 8	train loss: 1270.335693359375	(42.1s)
epoch: 9	train loss: 932.5733642578125	(42.1s)
epoch: 10	train loss: 2466.41357421875	(42.1s)
epoch: 11	train loss: 615.389892578125	(42.0s)
epoch: 12	train loss: 435.0760192871094	(42.0s)
epoch: 13	train loss: 1120.3677978515625	(42.0s)
epoch: 14	train loss: 714.6686401367188	(42.0s)
epoch: 15	train loss: 2253.561279296875	(41.9s)
epoch: 16	train loss: 669.71923828125	(41.9s)
epoch: 17	train loss: 557.1654052734375	(42.0s)
epoch: 18	train loss: 704.6649169921875	(41.9s)
epoch: 19	train loss: 501.74798583984375	(42.0s)
epoch: 20	train loss: 1352.116943359375	(41.9s)
epoch: 21	train loss: 522.0896606445312	(42.0s)
epoch: 22	train loss: 455.2837219238281	(41.9s)
epoch: 23	train loss: 1177.520263671875	(41.9s)
epoch: 24	train loss: 2693.835693359375	(42.0s)
epoch: 25	train loss: 763.3855590820312	(41.9s)
epoch: 26	train loss: 512.9817504882812	(41.9s)
epoch: 27	train loss: 349.7796325683594	(41.9s)
epoch: 28	train loss: 2660.49755859375	(41.9s)
epoch: 29	train loss: 604.5730590820312	(41.9s)
epoch: 30	train loss: 836.1054077148438	(41.9s)
epoch: 31	train loss: 672.5577392578125	(41.9s)
epoch: 32	train loss: 560.540283203125	(41.8s)
epoch: 33	train loss: 662.7116088867188	(41.9s)
epoch: 34	train loss: 794.0538940429688	(41.9s)
epoch: 35	train loss: 671.1497802734375	(41.9s)
epoch: 36	train loss: 602.9539794921875	(41.9s)
epoch: 37	train loss: 1112.607421875	(41.9s)
epoch: 38	train loss: 691.9540405273438	(41.9s)
epoch: 39	train loss: 994.6253662109375	(41.8s)
epoch: 40	train loss: 1049.1209716796875	(41.9s)
epoch: 41	train loss: 863.3090209960938	(41.9s)
epoch: 42	train loss: 977.4918823242188	(41.9s)
epoch: 43	train loss: 551.2229614257812	(42.0s)
epoch: 44	train loss: 843.9461669921875	(41.8s)
epoch: 45	train loss: 1291.699951171875	(42.0s)
epoch: 46	train loss: 539.5139770507812	(41.9s)
epoch: 47	train loss: 1022.75634765625	(41.9s)
epoch: 48	train loss: 1164.7647705078125	(41.9s)
epoch: 49	train loss: 586.9012451171875	(41.9s)
epoch: 50	train loss: 646.2639770507812	(42.0s)
epoch: 51	train loss: 608.4742431640625	(41.9s)
epoch: 52	train loss: 1153.4967041015625	(41.9s)
epoch: 53	train loss: 278.8260192871094	(41.9s)
epoch: 54	train loss: 2552.56591796875	(41.9s)
epoch: 55	train loss: 822.7660522460938	(42.0s)
epoch: 56	train loss: 470.12969970703125	(41.9s)
epoch: 57	train loss: 815.0068969726562	(41.9s)
epoch: 58	train loss: 842.3251342773438	(41.9s)
epoch: 59	train loss: 580.0199584960938	(41.9s)
epoch: 60	train loss: 806.5648193359375	(41.9s)
epoch: 61	train loss: 1184.0164794921875	(41.9s)
epoch: 62	train loss: 1353.9791259765625	(41.9s)
epoch: 63	train loss: 940.9782104492188	(41.9s)
epoch: 64	train loss: 341.3965148925781	(42.0s)
epoch: 65	train loss: 947.0222778320312	(41.9s)
epoch: 66	train loss: 606.6039428710938	(41.9s)
epoch: 67	train loss: 697.4404296875	(42.0s)
epoch: 68	train loss: 487.2998352050781	(41.9s)
epoch: 69	train loss: 1181.2677001953125	(42.0s)
epoch: 70	train loss: 837.0001831054688	(42.0s)
epoch: 71	train loss: 545.5099487304688	(41.9s)
epoch: 72	train loss: 774.4227294921875	(42.0s)
epoch: 73	train loss: 611.52099609375	(42.0s)
epoch: 74	train loss: 1372.0185546875	(42.0s)
epoch: 75	train loss: 638.1184692382812	(41.9s)
epoch: 76	train loss: 605.1653442382812	(42.0s)
epoch: 77	train loss: 1579.127197265625	(42.0s)
epoch: 78	train loss: 610.7488403320312	(41.9s)
epoch: 79	train loss: 610.9042358398438	(42.0s)
epoch: 80	train loss: 844.8440551757812	(41.9s)
epoch: 81	train loss: 1219.409912109375	(42.0s)
epoch: 82	train loss: 903.5123291015625	(42.0s)
epoch: 83	train loss: 359.4664001464844	(42.0s)
epoch: 84	train loss: 1821.5487060546875	(42.0s)
epoch: 85	train loss: 379.5586853027344	(42.0s)
epoch: 86	train loss: 303.2647705078125	(42.0s)
epoch: 87	train loss: 1049.705078125	(42.0s)
epoch: 88	train loss: 1549.42431640625	(42.0s)
epoch: 89	train loss: 672.5700073242188	(41.9s)
epoch: 90	train loss: 599.7861938476562	(41.9s)
epoch: 91	train loss: 427.7291259765625	(42.0s)
epoch: 92	train loss: 1072.6429443359375	(41.9s)
epoch: 93	train loss: 361.7344665527344	(42.0s)
epoch: 94	train loss: 568.1282958984375	(42.0s)
epoch: 95	train loss: 847.004638671875	(42.0s)
epoch: 96	train loss: 988.0806884765625	(42.0s)
epoch: 97	train loss: 434.82501220703125	(41.9s)
epoch: 98	train loss: 1111.6544189453125	(41.9s)
epoch: 99	train loss: 815.8169555664062	(41.9s)
Evaluating model on 200 episodes
Solved 193/200 episodes
Evaluated model in 22.2 seconds
Saved model for run
5a0b8d2311744e50bc416301e13d27a5 with name round-12
Round 13
Generated trajectories in 105.6 seconds
epoch: 0	train loss: 1719.119140625	(41.1s)
epoch: 1	train loss: 838.46484375	(42.2s)
epoch: 2	train loss: 934.4212646484375	(42.6s)
epoch: 3	train loss: 772.7146606445312	(42.4s)
epoch: 4	train loss: 945.26220703125	(42.3s)
epoch: 5	train loss: 4295.89111328125	(42.2s)
epoch: 6	train loss: 984.0128784179688	(42.0s)
epoch: 7	train loss: 609.96728515625	(42.2s)
epoch: 8	train loss: 508.2142333984375	(41.9s)
epoch: 9	train loss: 367.79144287109375	(41.9s)
epoch: 10	train loss: 1100.58544921875	(42.0s)
epoch: 11	train loss: 1006.4627685546875	(41.8s)
epoch: 12	train loss: 1444.96044921875	(41.9s)
epoch: 13	train loss: 517.5687866210938	(41.7s)
epoch: 14	train loss: 814.1987915039062	(41.9s)
epoch: 15	train loss: 900.4888916015625	(41.7s)
epoch: 16	train loss: 1597.5625	(41.8s)
epoch: 17	train loss: 696.0701904296875	(41.8s)
epoch: 18	train loss: 1334.550537109375	(41.7s)
epoch: 19	train loss: 880.9368896484375	(41.9s)
epoch: 20	train loss: 786.8051147460938	(41.8s)
epoch: 21	train loss: 823.84814453125	(41.8s)
epoch: 22	train loss: 1151.4481201171875	(41.7s)
epoch: 23	train loss: 644.0533447265625	(41.7s)
epoch: 24	train loss: 1230.6837158203125	(41.8s)
epoch: 25	train loss: 2762.70068359375	(41.6s)
epoch: 26	train loss: 1826.0574951171875	(41.7s)
epoch: 27	train loss: 817.4932250976562	(41.7s)
epoch: 28	train loss: 2195.5615234375	(41.8s)
epoch: 29	train loss: 710.1611938476562	(41.8s)
epoch: 30	train loss: 474.76727294921875	(41.6s)
epoch: 31	train loss: 320.976318359375	(41.8s)
epoch: 32	train loss: 790.7897338867188	(41.7s)
epoch: 33	train loss: 605.2284545898438	(41.7s)
epoch: 34	train loss: 653.5408325195312	(42.4s)
epoch: 35	train loss: 2739.38037109375	(42.3s)
epoch: 36	train loss: 742.4696044921875	(42.4s)
epoch: 37	train loss: 403.1440124511719	(42.4s)
epoch: 38	train loss: 722.3019409179688	(43.0s)
epoch: 39	train loss: 690.0069580078125	(43.2s)
epoch: 40	train loss: 1332.2593994140625	(43.4s)
epoch: 41	train loss: 1012.4696044921875	(43.7s)
epoch: 42	train loss: 883.506591796875	(44.0s)
epoch: 43	train loss: 1138.0902099609375	(43.9s)
epoch: 44	train loss: 2698.4638671875	(44.2s)
epoch: 45	train loss: 1902.6614990234375	(44.1s)
epoch: 46	train loss: 675.5000610351562	(44.2s)
epoch: 47	train loss: 1441.7286376953125	(44.3s)
epoch: 48	train loss: 868.2711791992188	(44.3s)
epoch: 49	train loss: 801.970458984375	(44.3s)
epoch: 50	train loss: 475.09552001953125	(44.3s)
epoch: 51	train loss: 810.8585205078125	(44.3s)
epoch: 52	train loss: 1714.033203125	(44.5s)
epoch: 53	train loss: 531.3837890625	(44.3s)
epoch: 54	train loss: 550.6246948242188	(44.4s)
epoch: 55	train loss: 1308.0032958984375	(44.4s)
epoch: 56	train loss: 833.0543823242188	(44.3s)
epoch: 57	train loss: 2230.758544921875	(44.4s)
epoch: 58	train loss: 627.7537841796875	(44.3s)
epoch: 59	train loss: 602.552001953125	(44.4s)
epoch: 60	train loss: 426.9486083984375	(44.6s)
epoch: 61	train loss: 888.077392578125	(44.3s)
epoch: 62	train loss: 875.1902465820312	(44.4s)
epoch: 63	train loss: 501.6573486328125	(44.4s)
epoch: 64	train loss: 1207.174560546875	(44.4s)
epoch: 65	train loss: 900.5025024414062	(44.5s)
epoch: 66	train loss: 464.40240478515625	(44.5s)
epoch: 67	train loss: 1215.1072998046875	(44.4s)
epoch: 68	train loss: 1220.1285400390625	(44.4s)
epoch: 69	train loss: 493.6406555175781	(44.4s)
epoch: 70	train loss: 1183.9649658203125	(44.4s)
epoch: 71	train loss: 971.0457763671875	(44.5s)
epoch: 72	train loss: 698.7381591796875	(44.3s)
epoch: 73	train loss: 969.3203125	(44.5s)
epoch: 74	train loss: 604.1566772460938	(44.4s)
epoch: 75	train loss: 1833.657958984375	(44.4s)
epoch: 76	train loss: 1468.888916015625	(44.5s)
epoch: 77	train loss: 870.64111328125	(44.4s)
epoch: 78	train loss: 763.1839599609375	(44.3s)
epoch: 79	train loss: 652.8671875	(44.5s)
epoch: 80	train loss: 397.9009094238281	(44.4s)
epoch: 81	train loss: 1278.918212890625	(44.3s)
epoch: 82	train loss: 598.4736938476562	(44.4s)
epoch: 83	train loss: 1903.23046875	(44.2s)
epoch: 84	train loss: 992.4615478515625	(44.5s)
epoch: 85	train loss: 686.9238891601562	(44.5s)
epoch: 86	train loss: 1234.575439453125	(44.2s)
epoch: 87	train loss: 600.6929931640625	(44.4s)
epoch: 88	train loss: 615.8663940429688	(44.4s)
epoch: 89	train loss: 492.4913635253906	(44.3s)
epoch: 90	train loss: 671.6404418945312	(44.4s)
epoch: 91	train loss: 2420.769775390625	(44.4s)
epoch: 92	train loss: 622.4281616210938	(44.4s)
epoch: 93	train loss: 415.1102600097656	(44.4s)
epoch: 94	train loss: 400.9496765136719	(44.3s)
epoch: 95	train loss: 1584.0086669921875	(44.5s)
epoch: 96	train loss: 1183.63525390625	(44.4s)
epoch: 97	train loss: 501.72601318359375	(44.4s)
epoch: 98	train loss: 685.7498168945312	(44.4s)
epoch: 99	train loss: 691.7669677734375	(44.3s)
Evaluating model on 200 episodes
Solved 193/200 episodes
Evaluated model in 22.0 seconds
Saved model for run
5a0b8d2311744e50bc416301e13d27a5 with name round-13
Round 14
Generated trajectories in 112.8 seconds
epoch: 0	train loss: 1436.0545654296875	(42.3s)
epoch: 1	train loss: 979.8132934570312	(45.4s)
epoch: 2	train loss: 887.8385620117188	(45.6s)
epoch: 3	train loss: 962.685791015625	(45.5s)
epoch: 4	train loss: 3164.080322265625	(45.4s)
epoch: 5	train loss: 724.1309814453125	(45.3s)
epoch: 6	train loss: 661.1612548828125	(45.0s)
epoch: 7	train loss: 547.763916015625	(44.9s)
epoch: 8	train loss: 819.625244140625	(43.9s)
epoch: 9	train loss: 919.8887329101562	(43.1s)
epoch: 10	train loss: 541.9116821289062	(42.8s)
epoch: 11	train loss: 1022.5794067382812	(42.5s)
epoch: 12	train loss: 656.0048828125	(42.4s)
epoch: 13	train loss: 783.9915771484375	(42.3s)
epoch: 14	train loss: 1034.8878173828125	(42.2s)
epoch: 15	train loss: 1827.611328125	(42.2s)
epoch: 16	train loss: 593.53369140625	(42.1s)
epoch: 17	train loss: 2065.005859375	(42.2s)
epoch: 18	train loss: 3367.106201171875	(42.1s)
epoch: 19	train loss: 1221.7520751953125	(42.0s)
epoch: 20	train loss: 873.7745971679688	(42.0s)
epoch: 21	train loss: 581.7688598632812	(42.0s)
epoch: 22	train loss: 866.0004272460938	(42.0s)
epoch: 23	train loss: 793.6339111328125	(42.0s)
epoch: 24	train loss: 1095.915771484375	(42.0s)
epoch: 25	train loss: 696.6885375976562	(42.0s)
epoch: 26	train loss: 1135.5126953125	(42.0s)
epoch: 27	train loss: 778.52685546875	(42.0s)
epoch: 28	train loss: 1675.317138671875	(41.9s)
epoch: 29	train loss: 682.4087524414062	(42.0s)
epoch: 30	train loss: 1906.930908203125	(42.0s)
epoch: 31	train loss: 508.9076843261719	(41.9s)
epoch: 32	train loss: 497.90264892578125	(42.0s)
epoch: 33	train loss: 814.4880981445312	(41.8s)
epoch: 34	train loss: 904.3729248046875	(41.9s)
epoch: 35	train loss: 1131.3963623046875	(41.9s)
epoch: 36	train loss: 516.6482543945312	(41.9s)
epoch: 37	train loss: 324.53948974609375	(41.9s)
epoch: 38	train loss: 1275.9266357421875	(41.8s)
epoch: 39	train loss: 1582.7996826171875	(41.9s)
epoch: 40	train loss: 777.6980590820312	(41.9s)
epoch: 41	train loss: 1085.445556640625	(41.9s)
epoch: 42	train loss: 1036.566650390625	(41.9s)
epoch: 43	train loss: 495.5947265625	(41.8s)
epoch: 44	train loss: 1043.3280029296875	(42.0s)
epoch: 45	train loss: 1088.788330078125	(41.9s)
epoch: 46	train loss: 441.52325439453125	(42.0s)
epoch: 47	train loss: 497.21331787109375	(42.0s)
epoch: 48	train loss: 1640.2510986328125	(41.9s)
epoch: 49	train loss: 486.4228515625	(42.0s)
epoch: 50	train loss: 598.0501098632812	(41.9s)
epoch: 51	train loss: 1045.6112060546875	(42.0s)
epoch: 52	train loss: 683.09375	(41.9s)
epoch: 53	train loss: 308.11907958984375	(41.9s)
epoch: 54	train loss: 1162.912353515625	(42.0s)
epoch: 55	train loss: 793.6685791015625	(41.9s)
epoch: 56	train loss: 655.1962890625	(42.0s)
epoch: 57	train loss: 1055.1085205078125	(41.9s)
epoch: 58	train loss: 1105.8248291015625	(42.0s)
epoch: 59	train loss: 655.1963500976562	(42.0s)
epoch: 60	train loss: 1316.5455322265625	(41.9s)
epoch: 61	train loss: 1511.8673095703125	(42.0s)
epoch: 62	train loss: 565.5817260742188	(41.9s)
epoch: 63	train loss: 601.2005004882812	(42.0s)
epoch: 64	train loss: 822.07763671875	(41.9s)
epoch: 65	train loss: 504.64801025390625	(41.9s)
epoch: 66	train loss: 545.7933349609375	(41.9s)
epoch: 67	train loss: 659.8577880859375	(41.9s)
epoch: 68	train loss: 709.5733642578125	(42.0s)
epoch: 69	train loss: 1300.869384765625	(41.9s)
epoch: 70	train loss: 1182.772705078125	(41.9s)
epoch: 71	train loss: 371.9932556152344	(41.9s)
epoch: 72	train loss: 641.2175903320312	(41.9s)
epoch: 73	train loss: 2168.258544921875	(41.9s)
epoch: 74	train loss: 939.8965454101562	(41.9s)
epoch: 75	train loss: 705.2772827148438	(41.9s)
epoch: 76	train loss: 1507.257080078125	(41.9s)
epoch: 77	train loss: 1931.5396728515625	(41.9s)
epoch: 78	train loss: 707.129638671875	(41.9s)
epoch: 79	train loss: 1795.905029296875	(41.8s)
epoch: 80	train loss: 759.6431884765625	(42.0s)
epoch: 81	train loss: 377.1235656738281	(41.9s)
epoch: 82	train loss: 1184.786865234375	(41.9s)
epoch: 83	train loss: 467.06878662109375	(41.9s)
epoch: 84	train loss: 181.7605743408203	(41.9s)
epoch: 85	train loss: 1644.56396484375	(41.9s)
epoch: 86	train loss: 545.4385986328125	(41.9s)
epoch: 87	train loss: 406.3439025878906	(41.9s)
epoch: 88	train loss: 770.93115234375	(42.0s)
epoch: 89	train loss: 1082.049560546875	(41.9s)
epoch: 90	train loss: 1056.0633544921875	(41.9s)
epoch: 91	train loss: 568.877197265625	(41.9s)
epoch: 92	train loss: 1057.66357421875	(42.0s)
epoch: 93	train loss: 1103.238525390625	(41.9s)
epoch: 94	train loss: 948.9171142578125	(41.9s)
epoch: 95	train loss: 441.4776306152344	(41.9s)
epoch: 96	train loss: 590.0791625976562	(41.9s)
epoch: 97	train loss: 900.0599365234375	(42.0s)
epoch: 98	train loss: 1812.56298828125	(41.8s)
epoch: 99	train loss: 591.2291259765625	(41.9s)
Evaluating model on 200 episodes
Solved 198/200 episodes
Evaluated model in 22.2 seconds
Saved model for run
5a0b8d2311744e50bc416301e13d27a5 with name round-14
Round 15
Generated trajectories in 104.2 seconds
epoch: 0	train loss: 1596.9117431640625	(41.0s)
epoch: 1	train loss: 1450.43310546875	(41.7s)
epoch: 2	train loss: 941.0872802734375	(42.0s)
epoch: 3	train loss: 859.5737915039062	(42.0s)
epoch: 4	train loss: 594.9532470703125	(41.8s)
epoch: 5	train loss: 1380.09375	(41.8s)
epoch: 6	train loss: 1027.8341064453125	(41.7s)
epoch: 7	train loss: 954.0418090820312	(41.6s)
epoch: 8	train loss: 1134.80517578125	(41.6s)
epoch: 9	train loss: 1272.0655517578125	(41.5s)
epoch: 10	train loss: 825.7720947265625	(41.6s)
epoch: 11	train loss: 1176.2691650390625	(41.5s)
epoch: 12	train loss: 997.099365234375	(41.5s)
epoch: 13	train loss: 547.4119262695312	(41.5s)
epoch: 14	train loss: 373.8187255859375	(41.4s)
epoch: 15	train loss: 739.6708984375	(41.4s)
epoch: 16	train loss: 1587.4139404296875	(41.4s)
epoch: 17	train loss: 970.80029296875	(41.4s)
epoch: 18	train loss: 472.71337890625	(41.3s)
epoch: 19	train loss: 642.4642333984375	(41.4s)
epoch: 20	train loss: 1534.6304931640625	(41.3s)
epoch: 21	train loss: 1076.6143798828125	(41.4s)
epoch: 22	train loss: 2180.680908203125	(41.4s)
epoch: 23	train loss: 699.0209350585938	(41.4s)
epoch: 24	train loss: 1680.2421875	(41.4s)
epoch: 25	train loss: 563.2061157226562	(41.4s)
epoch: 26	train loss: 424.08551025390625	(41.4s)
epoch: 27	train loss: 575.00341796875	(41.3s)
epoch: 28	train loss: 888.2540893554688	(41.4s)
epoch: 29	train loss: 2632.340576171875	(41.5s)
epoch: 30	train loss: 654.132568359375	(41.3s)
epoch: 31	train loss: 562.0333862304688	(41.4s)
epoch: 32	train loss: 386.0303039550781	(41.3s)
epoch: 33	train loss: 638.314453125	(41.4s)
epoch: 34	train loss: 550.454833984375	(41.3s)
epoch: 35	train loss: 525.660400390625	(41.4s)
epoch: 36	train loss: 587.6251220703125	(41.4s)
epoch: 37	train loss: 2112.254150390625	(41.4s)
epoch: 38	train loss: 677.9425659179688	(41.4s)
epoch: 39	train loss: 4095.293701171875	(41.4s)
epoch: 40	train loss: 736.4356689453125	(41.4s)
epoch: 41	train loss: 423.8038330078125	(41.4s)
epoch: 42	train loss: 424.52838134765625	(41.3s)
epoch: 43	train loss: 835.9002685546875	(41.4s)
epoch: 44	train loss: 820.933349609375	(41.2s)
epoch: 45	train loss: 801.84619140625	(41.5s)
epoch: 46	train loss: 2401.755126953125	(41.2s)
epoch: 47	train loss: 887.4530639648438	(41.5s)
epoch: 48	train loss: 801.32470703125	(41.3s)
epoch: 49	train loss: 709.3832397460938	(41.4s)
epoch: 50	train loss: 400.91741943359375	(41.3s)
epoch: 51	train loss: 607.0645141601562	(41.3s)
epoch: 52	train loss: 691.0791625976562	(41.4s)
epoch: 53	train loss: 1139.89453125	(41.3s)
epoch: 54	train loss: 1043.6680908203125	(41.3s)
epoch: 55	train loss: 522.6145629882812	(41.3s)
epoch: 56	train loss: 1665.759033203125	(41.3s)
epoch: 57	train loss: 651.1713256835938	(41.3s)
epoch: 58	train loss: 698.6111450195312	(41.3s)
epoch: 59	train loss: 679.7534790039062	(41.4s)
epoch: 60	train loss: 2139.273681640625	(41.4s)
epoch: 61	train loss: 864.636962890625	(41.4s)
epoch: 62	train loss: 443.4564514160156	(41.3s)
epoch: 63	train loss: 520.9274291992188	(41.3s)
epoch: 64	train loss: 828.6824340820312	(41.4s)
epoch: 65	train loss: 811.8941040039062	(41.3s)
epoch: 66	train loss: 1584.302490234375	(41.4s)
epoch: 67	train loss: 1007.788330078125	(41.2s)
epoch: 68	train loss: 698.573486328125	(41.4s)
epoch: 69	train loss: 690.306884765625	(41.3s)
epoch: 70	train loss: 279.64117431640625	(41.4s)
epoch: 71	train loss: 566.5175170898438	(41.4s)
epoch: 72	train loss: 643.7883911132812	(41.3s)
epoch: 73	train loss: 523.7962036132812	(41.3s)
epoch: 74	train loss: 3814.24072265625	(41.3s)
epoch: 75	train loss: 912.7175903320312	(41.3s)
epoch: 76	train loss: 596.6959838867188	(41.3s)
epoch: 77	train loss: 1277.552978515625	(41.4s)
epoch: 78	train loss: 713.655517578125	(41.4s)
epoch: 79	train loss: 2221.19677734375	(41.3s)
epoch: 80	train loss: 467.6677551269531	(41.4s)
epoch: 81	train loss: 1521.489013671875	(41.2s)
epoch: 82	train loss: 329.7562561035156	(41.3s)
epoch: 83	train loss: 548.14794921875	(41.4s)
epoch: 84	train loss: 531.6876831054688	(41.3s)
epoch: 85	train loss: 792.1641845703125	(41.5s)
epoch: 86	train loss: 1409.931640625	(41.3s)
epoch: 87	train loss: 357.1230163574219	(41.4s)
epoch: 88	train loss: 327.71868896484375	(41.3s)
epoch: 89	train loss: 1512.3560791015625	(41.3s)
epoch: 90	train loss: 368.9714660644531	(41.4s)
epoch: 91	train loss: 1383.8271484375	(41.2s)
epoch: 92	train loss: 1208.3441162109375	(41.4s)
epoch: 93	train loss: 365.36773681640625	(41.4s)
epoch: 94	train loss: 602.1259765625	(41.4s)
epoch: 95	train loss: 481.36871337890625	(41.3s)
epoch: 96	train loss: 1353.67236328125	(41.3s)
epoch: 97	train loss: 1103.4774169921875	(41.4s)
epoch: 98	train loss: 1438.145751953125	(41.4s)
epoch: 99	train loss: 903.2669677734375	(41.4s)
Evaluating model on 200 episodes
Solved 194/200 episodes
Evaluated model in 21.6 seconds
Saved model for run
5a0b8d2311744e50bc416301e13d27a5 with name round-15
Round 16
Generated trajectories in 105.5 seconds
epoch: 0	train loss: 1164.22705078125	(41.1s)
epoch: 1	train loss: 876.7554931640625	(42.0s)
epoch: 2	train loss: 1401.19091796875	(42.6s)
epoch: 3	train loss: 3227.14404296875	(42.3s)
epoch: 4	train loss: 826.4750366210938	(42.2s)
epoch: 5	train loss: 579.51220703125	(42.0s)
epoch: 6	train loss: 540.7493286132812	(42.0s)
epoch: 7	train loss: 347.0924377441406	(41.9s)
epoch: 8	train loss: 924.421630859375	(41.7s)
epoch: 9	train loss: 751.5331420898438	(41.8s)
epoch: 10	train loss: 414.58599853515625	(41.7s)
epoch: 11	train loss: 828.5755004882812	(41.7s)
epoch: 12	train loss: 1044.2921142578125	(41.6s)
epoch: 13	train loss: 736.5050048828125	(41.6s)
epoch: 14	train loss: 1642.8863525390625	(41.6s)
epoch: 15	train loss: 1479.589599609375	(41.6s)
epoch: 16	train loss: 625.559814453125	(41.6s)
epoch: 17	train loss: 1072.84619140625	(41.6s)
epoch: 18	train loss: 663.1133422851562	(41.5s)
epoch: 19	train loss: 655.5075073242188	(41.6s)
epoch: 20	train loss: 1159.11572265625	(41.5s)
epoch: 21	train loss: 2159.4638671875	(41.6s)
epoch: 22	train loss: 850.0504150390625	(41.5s)
epoch: 23	train loss: 524.7984619140625	(41.6s)
epoch: 24	train loss: 1525.3438720703125	(41.6s)
epoch: 25	train loss: 937.23974609375	(41.5s)
epoch: 26	train loss: 1155.899658203125	(41.6s)
epoch: 27	train loss: 427.820556640625	(41.5s)
epoch: 28	train loss: 1002.9229736328125	(41.6s)
epoch: 29	train loss: 2647.11962890625	(41.5s)
epoch: 30	train loss: 1609.3360595703125	(41.6s)
epoch: 31	train loss: 622.6030883789062	(41.6s)
epoch: 32	train loss: 1997.5223388671875	(41.5s)
epoch: 33	train loss: 2767.352294921875	(41.6s)
epoch: 34	train loss: 958.7192993164062	(41.5s)
epoch: 35	train loss: 820.49169921875	(41.6s)
epoch: 36	train loss: 773.2229614257812	(41.6s)
epoch: 37	train loss: 693.9066162109375	(41.6s)
epoch: 38	train loss: 1200.5120849609375	(41.6s)
epoch: 39	train loss: 591.7462158203125	(41.5s)
epoch: 40	train loss: 694.0943603515625	(41.6s)
epoch: 41	train loss: 1032.0072021484375	(41.5s)
epoch: 42	train loss: 1309.97021484375	(41.6s)
epoch: 43	train loss: 1067.7376708984375	(41.6s)
epoch: 44	train loss: 1027.4578857421875	(41.5s)
epoch: 45	train loss: 864.7958984375	(41.6s)
epoch: 46	train loss: 787.3671264648438	(41.4s)
epoch: 47	train loss: 423.8499450683594	(41.5s)
epoch: 48	train loss: 777.957275390625	(41.5s)
epoch: 49	train loss: 2421.551025390625	(41.6s)
epoch: 50	train loss: 497.8863830566406	(41.5s)
epoch: 51	train loss: 2523.82763671875	(41.5s)
epoch: 52	train loss: 1736.92138671875	(41.6s)
epoch: 53	train loss: 698.001953125	(41.5s)
epoch: 54	train loss: 949.1434936523438	(41.6s)
epoch: 55	train loss: 1018.83349609375	(41.6s)
epoch: 56	train loss: 483.5478515625	(41.6s)
epoch: 57	train loss: 704.5616455078125	(41.6s)
epoch: 58	train loss: 709.037353515625	(41.5s)
epoch: 59	train loss: 583.3114624023438	(41.6s)
epoch: 60	train loss: 1191.8280029296875	(41.5s)
epoch: 61	train loss: 657.0242309570312	(41.6s)
epoch: 62	train loss: 1255.0426025390625	(41.6s)
epoch: 63	train loss: 1125.0013427734375	(41.5s)
epoch: 64	train loss: 700.1138916015625	(41.6s)
epoch: 65	train loss: 432.0960693359375	(41.5s)
epoch: 66	train loss: 1148.2601318359375	(41.6s)
epoch: 67	train loss: 915.2872924804688	(41.5s)
epoch: 68	train loss: 1932.5963134765625	(41.6s)
epoch: 69	train loss: 1006.1152954101562	(41.5s)
epoch: 70	train loss: 470.2297668457031	(41.5s)
epoch: 71	train loss: 828.9756469726562	(41.6s)
epoch: 72	train loss: 949.6178588867188	(41.5s)
epoch: 73	train loss: 506.83209228515625	(41.6s)
epoch: 74	train loss: 875.5303955078125	(41.5s)
epoch: 75	train loss: 791.80322265625	(41.6s)
epoch: 76	train loss: 3526.71142578125	(41.6s)
epoch: 77	train loss: 962.463623046875	(41.5s)
epoch: 78	train loss: 889.2182006835938	(41.6s)
epoch: 79	train loss: 552.58642578125	(41.5s)
epoch: 80	train loss: 798.7195434570312	(41.5s)
epoch: 81	train loss: 578.6737670898438	(41.5s)
epoch: 82	train loss: 528.7971801757812	(41.5s)
epoch: 83	train loss: 2115.376708984375	(41.6s)
epoch: 84	train loss: 480.5928649902344	(41.4s)
epoch: 85	train loss: 1030.4906005859375	(41.6s)
epoch: 86	train loss: 1015.1099853515625	(41.5s)
epoch: 87	train loss: 1183.83349609375	(41.5s)
epoch: 88	train loss: 664.3516845703125	(41.5s)
epoch: 89	train loss: 681.7925415039062	(41.5s)
epoch: 90	train loss: 949.0780639648438	(41.6s)
epoch: 91	train loss: 1322.8836669921875	(41.5s)
epoch: 92	train loss: 625.1273193359375	(41.6s)
epoch: 93	train loss: 886.7095947265625	(41.5s)
epoch: 94	train loss: 1386.60009765625	(41.6s)
epoch: 95	train loss: 1035.7774658203125	(41.5s)
epoch: 96	train loss: 751.5701293945312	(41.5s)
epoch: 97	train loss: 2100.780029296875	(41.6s)
epoch: 98	train loss: 1668.734619140625	(41.5s)
epoch: 99	train loss: 2287.9033203125	(41.6s)
Evaluating model on 200 episodes
Solved 185/200 episodes
Evaluated model in 22.6 seconds
Saved model for run
5a0b8d2311744e50bc416301e13d27a5 with name round-16
Round 17
Generated trajectories in 105.3 seconds
epoch: 0	train loss: 1728.1939697265625	(41.4s)
epoch: 1	train loss: 1606.0511474609375	(42.2s)
epoch: 2	train loss: 1081.3780517578125	(42.7s)
epoch: 3	train loss: 798.4768676757812	(42.6s)
epoch: 4	train loss: 724.1632690429688	(42.4s)
epoch: 5	train loss: 445.58770751953125	(42.4s)
epoch: 6	train loss: 856.0889892578125	(42.1s)
epoch: 7	train loss: 878.77294921875	(42.1s)
epoch: 8	train loss: 959.7392578125	(42.2s)
epoch: 9	train loss: 2817.609130859375	(41.9s)
epoch: 10	train loss: 804.4140625	(42.1s)
epoch: 11	train loss: 1470.2557373046875	(41.8s)
epoch: 12	train loss: 1437.0103759765625	(42.0s)
epoch: 13	train loss: 826.8204956054688	(41.8s)
epoch: 14	train loss: 718.2799072265625	(41.9s)
epoch: 15	train loss: 633.2932739257812	(41.9s)
epoch: 16	train loss: 687.8916625976562	(41.6s)
epoch: 17	train loss: 1481.829833984375	(41.9s)
epoch: 18	train loss: 1871.6298828125	(41.8s)
epoch: 19	train loss: 677.10302734375	(41.8s)
epoch: 20	train loss: 1504.1676025390625	(41.9s)
epoch: 21	train loss: 1140.6595458984375	(41.7s)
epoch: 22	train loss: 627.388671875	(41.9s)
epoch: 23	train loss: 1174.9130859375	(41.7s)
epoch: 24	train loss: 523.0244140625	(41.9s)
epoch: 25	train loss: 1289.7257080078125	(41.8s)
epoch: 26	train loss: 644.9533081054688	(41.8s)
epoch: 27	train loss: 539.5895385742188	(41.9s)
epoch: 28	train loss: 1336.7879638671875	(41.7s)
epoch: 29	train loss: 754.8034057617188	(41.9s)
epoch: 30	train loss: 858.9445190429688	(41.8s)
epoch: 31	train loss: 1260.824462890625	(41.7s)
epoch: 32	train loss: 1351.0294189453125	(41.8s)
epoch: 33	train loss: 583.4491577148438	(41.7s)
epoch: 34	train loss: 421.5595397949219	(41.9s)
epoch: 35	train loss: 1394.2559814453125	(41.8s)
epoch: 36	train loss: 803.4632568359375	(41.9s)
epoch: 37	train loss: 3494.9775390625	(41.7s)
epoch: 38	train loss: 1236.4022216796875	(41.7s)
epoch: 39	train loss: 462.6880798339844	(41.9s)
epoch: 40	train loss: 373.68359375	(41.7s)
epoch: 41	train loss: 987.8562622070312	(41.8s)
epoch: 42	train loss: 899.6793212890625	(41.8s)
epoch: 43	train loss: 1841.4736328125	(41.8s)
epoch: 44	train loss: 816.189453125	(41.8s)
epoch: 45	train loss: 779.8157348632812	(41.8s)
epoch: 46	train loss: 2444.856689453125	(41.9s)
epoch: 47	train loss: 716.1427001953125	(41.8s)
epoch: 48	train loss: 330.92041015625	(41.7s)
epoch: 49	train loss: 263.0251159667969	(41.8s)
epoch: 50	train loss: 776.5689697265625	(41.8s)
epoch: 51	train loss: 959.2125244140625	(41.7s)
epoch: 52	train loss: 416.6866760253906	(41.7s)
epoch: 53	train loss: 607.9009399414062	(41.7s)
epoch: 54	train loss: 725.2896118164062	(41.8s)
epoch: 55	train loss: 778.3524780273438	(41.8s)
epoch: 56	train loss: 818.7920532226562	(41.7s)
epoch: 57	train loss: 3255.965576171875	(41.8s)
epoch: 58	train loss: 682.9591674804688	(41.9s)
epoch: 59	train loss: 698.6109619140625	(41.7s)
epoch: 60	train loss: 558.9528198242188	(41.8s)
epoch: 61	train loss: 603.5693969726562	(41.8s)
epoch: 62	train loss: 588.0267944335938	(41.7s)
epoch: 63	train loss: 322.6170654296875	(41.8s)
epoch: 64	train loss: 565.5831909179688	(41.8s)
epoch: 65	train loss: 637.2647094726562	(41.8s)
epoch: 66	train loss: 1485.097412109375	(41.9s)
epoch: 67	train loss: 485.4520263671875	(41.9s)
epoch: 68	train loss: 363.40777587890625	(41.8s)
epoch: 69	train loss: 802.9107666015625	(41.8s)
epoch: 70	train loss: 575.5386962890625	(41.9s)
epoch: 71	train loss: 734.1736450195312	(41.7s)
epoch: 72	train loss: 1144.4564208984375	(42.0s)
epoch: 73	train loss: 1415.0433349609375	(41.8s)
epoch: 74	train loss: 712.010498046875	(41.7s)
epoch: 75	train loss: 741.5218505859375	(41.7s)
epoch: 76	train loss: 681.880859375	(41.7s)
epoch: 77	train loss: 1509.55810546875	(42.0s)
epoch: 78	train loss: 837.709716796875	(41.7s)
epoch: 79	train loss: 963.1632690429688	(41.9s)
epoch: 80	train loss: 437.83026123046875	(41.7s)
epoch: 81	train loss: 1949.2254638671875	(41.8s)
epoch: 82	train loss: 756.1294555664062	(41.8s)
epoch: 83	train loss: 1071.42919921875	(41.8s)
epoch: 84	train loss: 1147.365234375	(41.9s)
epoch: 85	train loss: 1017.0728149414062	(41.7s)
epoch: 86	train loss: 734.461669921875	(41.8s)
epoch: 87	train loss: 880.0294799804688	(41.9s)
epoch: 88	train loss: 972.5748901367188	(41.7s)
epoch: 89	train loss: 741.6689453125	(42.0s)
epoch: 90	train loss: 547.177978515625	(41.7s)
epoch: 91	train loss: 746.9754638671875	(41.8s)
epoch: 92	train loss: 1308.109130859375	(41.7s)
epoch: 93	train loss: 644.6100463867188	(41.8s)
epoch: 94	train loss: 511.0274353027344	(41.8s)
epoch: 95	train loss: 1846.541748046875	(41.7s)
epoch: 96	train loss: 854.564453125	(41.9s)
epoch: 97	train loss: 669.0098266601562	(41.8s)
epoch: 98	train loss: 478.69708251953125	(41.8s)
epoch: 99	train loss: 268.21307373046875	(41.8s)
Evaluating model on 200 episodes
Solved 198/200 episodes
Evaluated model in 22.5 seconds
Saved model for run
5a0b8d2311744e50bc416301e13d27a5 with name round-17
Round 18
Generated trajectories in 105.1 seconds
epoch: 0	train loss: 1370.1063232421875	(41.1s)
epoch: 1	train loss: 1103.4156494140625	(42.0s)
epoch: 2	train loss: 1623.580322265625	(42.2s)
epoch: 3	train loss: 740.4867553710938	(42.2s)
epoch: 4	train loss: 725.9532470703125	(42.0s)
epoch: 5	train loss: 2088.96484375	(41.8s)
epoch: 6	train loss: 516.495361328125	(41.8s)
epoch: 7	train loss: 653.260498046875	(41.8s)
epoch: 8	train loss: 402.614013671875	(41.6s)
epoch: 9	train loss: 499.1601257324219	(41.6s)
epoch: 10	train loss: 1372.5037841796875	(41.5s)
epoch: 11	train loss: 915.3301391601562	(41.7s)
epoch: 12	train loss: 415.54144287109375	(41.4s)
epoch: 13	train loss: 649.7472534179688	(41.5s)
epoch: 14	train loss: 2456.93212890625	(41.5s)
epoch: 15	train loss: 3484.97314453125	(41.5s)
epoch: 16	train loss: 2171.585205078125	(41.5s)
epoch: 17	train loss: 1645.670654296875	(41.5s)
epoch: 18	train loss: 848.5670776367188	(41.5s)
epoch: 19	train loss: 1051.37646484375	(41.4s)
epoch: 20	train loss: 1459.551025390625	(41.5s)
epoch: 21	train loss: 1318.5673828125	(41.4s)
epoch: 22	train loss: 902.3281860351562	(41.5s)
epoch: 23	train loss: 2469.60693359375	(41.5s)
epoch: 24	train loss: 836.7108764648438	(41.4s)
epoch: 25	train loss: 653.2966918945312	(41.6s)
epoch: 26	train loss: 628.6541137695312	(41.4s)
epoch: 27	train loss: 1409.679443359375	(41.6s)
epoch: 28	train loss: 449.4914855957031	(41.4s)
epoch: 29	train loss: 909.4220581054688	(41.4s)
epoch: 30	train loss: 371.4543151855469	(41.5s)
epoch: 31	train loss: 942.5717163085938	(41.4s)
epoch: 32	train loss: 3117.98974609375	(41.5s)
epoch: 33	train loss: 1235.8309326171875	(41.4s)
epoch: 34	train loss: 1143.0107421875	(41.4s)
epoch: 35	train loss: 542.8353271484375	(41.4s)
epoch: 36	train loss: 348.6924133300781	(41.4s)
epoch: 37	train loss: 814.5693969726562	(41.4s)
epoch: 38	train loss: 814.9209594726562	(41.4s)
epoch: 39	train loss: 977.3072509765625	(41.5s)
epoch: 40	train loss: 442.649658203125	(41.4s)
epoch: 41	train loss: 1725.18408203125	(41.4s)
epoch: 42	train loss: 1402.575927734375	(41.4s)
epoch: 43	train loss: 568.322509765625	(41.4s)
epoch: 44	train loss: 392.90069580078125	(41.6s)
epoch: 45	train loss: 490.9742431640625	(41.4s)
epoch: 46	train loss: 1626.1920166015625	(41.4s)
epoch: 47	train loss: 964.5037231445312	(41.4s)
epoch: 48	train loss: 1434.9400634765625	(41.5s)
epoch: 49	train loss: 937.833984375	(41.3s)
epoch: 50	train loss: 737.39892578125	(41.4s)
epoch: 51	train loss: 614.6210327148438	(41.4s)
epoch: 52	train loss: 1298.259521484375	(41.3s)
epoch: 53	train loss: 628.8486938476562	(41.4s)
epoch: 54	train loss: 649.3056030273438	(41.4s)
epoch: 55	train loss: 702.7030639648438	(41.4s)
epoch: 56	train loss: 832.905029296875	(41.4s)
epoch: 57	train loss: 1100.47119140625	(41.3s)
epoch: 58	train loss: 1512.5557861328125	(41.4s)
epoch: 59	train loss: 1659.8577880859375	(41.3s)
epoch: 60	train loss: 746.63818359375	(41.4s)
epoch: 61	train loss: 806.6595458984375	(41.4s)
epoch: 62	train loss: 669.9711303710938	(41.3s)
epoch: 63	train loss: 947.6385498046875	(41.4s)
epoch: 64	train loss: 1075.369384765625	(41.3s)
epoch: 65	train loss: 2548.767578125	(41.5s)
epoch: 66	train loss: 1163.830322265625	(41.3s)
epoch: 67	train loss: 590.2952270507812	(41.4s)
epoch: 68	train loss: 894.8572387695312	(41.4s)
epoch: 69	train loss: 664.7672119140625	(41.4s)
epoch: 70	train loss: 461.3747253417969	(41.4s)
epoch: 71	train loss: 797.1543579101562	(41.5s)
epoch: 72	train loss: 1540.3983154296875	(41.5s)
epoch: 73	train loss: 829.8138427734375	(41.4s)
epoch: 74	train loss: 657.5635375976562	(41.4s)
epoch: 75	train loss: 1527.9248046875	(41.5s)
epoch: 76	train loss: 882.1809692382812	(41.4s)
epoch: 77	train loss: 497.1214294433594	(41.5s)
epoch: 78	train loss: 757.8138427734375	(41.4s)
epoch: 79	train loss: 652.80517578125	(41.5s)
epoch: 80	train loss: 635.1431884765625	(41.4s)
epoch: 81	train loss: 3191.269775390625	(41.6s)
epoch: 82	train loss: 1117.554443359375	(41.4s)
epoch: 83	train loss: 684.0087890625	(41.4s)
epoch: 84	train loss: 939.1533813476562	(41.5s)
epoch: 85	train loss: 846.0098876953125	(41.4s)
epoch: 86	train loss: 699.7293701171875	(41.5s)
epoch: 87	train loss: 698.630859375	(41.5s)
epoch: 88	train loss: 616.5342407226562	(41.4s)
epoch: 89	train loss: 661.476806640625	(41.5s)
epoch: 90	train loss: 783.4132690429688	(41.4s)
epoch: 91	train loss: 2091.22412109375	(41.5s)
epoch: 92	train loss: 1203.692138671875	(41.5s)
epoch: 93	train loss: 1172.324951171875	(41.5s)
epoch: 94	train loss: 699.2472534179688	(41.5s)
epoch: 95	train loss: 793.9793701171875	(41.5s)
epoch: 96	train loss: 1038.687255859375	(41.5s)
epoch: 97	train loss: 955.2817993164062	(41.4s)
epoch: 98	train loss: 592.277587890625	(41.5s)
epoch: 99	train loss: 380.4503479003906	(41.5s)
Evaluating model on 200 episodes
Solved 198/200 episodes
Evaluated model in 22.3 seconds
Saved model for run
5a0b8d2311744e50bc416301e13d27a5 with name round-18
Round 19
Generated trajectories in 105.5 seconds
epoch: 0	train loss: 1242.072998046875	(41.5s)
epoch: 1	train loss: 1598.9952392578125	(42.3s)
epoch: 2	train loss: 1193.5289306640625	(43.0s)
epoch: 3	train loss: 838.0557250976562	(42.6s)
epoch: 4	train loss: 738.390380859375	(42.4s)
epoch: 5	train loss: 1082.8858642578125	(42.5s)
epoch: 6	train loss: 635.9472045898438	(42.3s)
epoch: 7	train loss: 1321.361572265625	(42.4s)
epoch: 8	train loss: 966.2601318359375	(42.2s)
epoch: 9	train loss: 710.2881469726562	(42.3s)
epoch: 10	train loss: 506.82427978515625	(42.1s)
epoch: 11	train loss: 2229.48291015625	(42.1s)
epoch: 12	train loss: 1177.8883056640625	(42.2s)
epoch: 13	train loss: 1810.7763671875	(42.0s)
epoch: 14	train loss: 1851.539794921875	(42.2s)
epoch: 15	train loss: 1027.34423828125	(42.0s)
epoch: 16	train loss: 561.9454956054688	(42.0s)
epoch: 17	train loss: 987.2869262695312	(42.0s)
epoch: 18	train loss: 939.1409301757812	(41.9s)
epoch: 19	train loss: 629.209228515625	(42.1s)
epoch: 20	train loss: 1001.0252075195312	(42.0s)
epoch: 21	train loss: 543.9588623046875	(42.1s)
epoch: 22	train loss: 616.7622680664062	(42.0s)
epoch: 23	train loss: 685.9977416992188	(42.0s)
epoch: 24	train loss: 2074.467041015625	(42.1s)
epoch: 25	train loss: 892.4692993164062	(41.9s)
epoch: 26	train loss: 1372.854248046875	(42.1s)
epoch: 27	train loss: 677.029296875	(42.0s)
epoch: 28	train loss: 503.95721435546875	(42.1s)
epoch: 29	train loss: 747.7310791015625	(42.0s)
epoch: 30	train loss: 1836.7691650390625	(42.0s)
epoch: 31	train loss: 746.3419799804688	(42.1s)
epoch: 32	train loss: 814.79248046875	(42.0s)
epoch: 33	train loss: 1715.0771484375	(42.1s)
epoch: 34	train loss: 948.40283203125	(42.0s)
epoch: 35	train loss: 556.2997436523438	(42.0s)
epoch: 36	train loss: 967.945556640625	(41.9s)
epoch: 37	train loss: 392.69842529296875	(42.0s)
epoch: 38	train loss: 900.0824584960938	(42.1s)
epoch: 39	train loss: 528.0248413085938	(42.0s)
epoch: 40	train loss: 794.0065307617188	(42.1s)
epoch: 41	train loss: 840.0269775390625	(42.1s)
epoch: 42	train loss: 699.9606323242188	(42.0s)
epoch: 43	train loss: 1120.719482421875	(42.2s)
epoch: 44	train loss: 977.6660766601562	(41.9s)
epoch: 45	train loss: 573.10400390625	(42.1s)
epoch: 46	train loss: 1364.9185791015625	(42.0s)
epoch: 47	train loss: 858.4959716796875	(42.0s)
epoch: 48	train loss: 1132.3974609375	(42.1s)
epoch: 49	train loss: 1609.975830078125	(42.0s)
epoch: 50	train loss: 742.4418334960938	(42.2s)
epoch: 51	train loss: 412.097412109375	(42.0s)
epoch: 52	train loss: 2419.643310546875	(42.0s)
epoch: 53	train loss: 2364.057861328125	(42.1s)
epoch: 54	train loss: 662.3465576171875	(42.0s)
epoch: 55	train loss: 348.84808349609375	(42.1s)
epoch: 56	train loss: 469.4375	(42.0s)
epoch: 57	train loss: 479.1139221191406	(42.1s)
epoch: 58	train loss: 889.2653198242188	(42.0s)
epoch: 59	train loss: 901.6748046875	(42.0s)
epoch: 60	train loss: 806.7789916992188	(42.1s)
epoch: 61	train loss: 963.6002197265625	(42.0s)
epoch: 62	train loss: 711.6689453125	(42.1s)
epoch: 63	train loss: 848.296630859375	(42.0s)
epoch: 64	train loss: 928.83740234375	(42.0s)
epoch: 65	train loss: 1431.4454345703125	(42.1s)
epoch: 66	train loss: 528.373046875	(42.0s)
epoch: 67	train loss: 1787.8724365234375	(42.1s)
epoch: 68	train loss: 1069.779541015625	(42.1s)
epoch: 69	train loss: 971.1262817382812	(42.1s)
epoch: 70	train loss: 356.4392395019531	(42.2s)
epoch: 71	train loss: 319.6291809082031	(42.1s)
epoch: 72	train loss: 286.7744140625	(42.2s)
epoch: 73	train loss: 645.3468627929688	(42.1s)
epoch: 74	train loss: 534.6033935546875	(42.2s)
epoch: 75	train loss: 1331.5709228515625	(42.1s)
epoch: 76	train loss: 689.6950073242188	(42.2s)
epoch: 77	train loss: 405.73016357421875	(42.2s)
epoch: 78	train loss: 916.9110107421875	(42.0s)
epoch: 79	train loss: 456.67364501953125	(42.2s)
epoch: 80	train loss: 652.1422119140625	(42.1s)
epoch: 81	train loss: 443.2343444824219	(42.1s)
epoch: 82	train loss: 322.6920166015625	(42.1s)
epoch: 83	train loss: 1790.3516845703125	(42.0s)
epoch: 84	train loss: 470.5897216796875	(42.0s)
epoch: 85	train loss: 2771.481201171875	(42.1s)
epoch: 86	train loss: 726.1473388671875	(42.2s)
epoch: 87	train loss: 461.099609375	(42.1s)
epoch: 88	train loss: 847.1983642578125	(42.1s)
epoch: 89	train loss: 331.6379089355469	(42.2s)
epoch: 90	train loss: 591.2274780273438	(42.0s)
epoch: 91	train loss: 868.3070678710938	(42.2s)
epoch: 92	train loss: 493.7892150878906	(42.1s)
epoch: 93	train loss: 414.57513427734375	(42.1s)
epoch: 94	train loss: 624.866943359375	(42.2s)
epoch: 95	train loss: 1346.0816650390625	(42.1s)
epoch: 96	train loss: 741.7520141601562	(42.2s)
epoch: 97	train loss: 409.3592224121094	(41.9s)
epoch: 98	train loss: 366.26239013671875	(42.1s)
epoch: 99	train loss: 1271.4693603515625	(42.1s)
Evaluating model on 200 episodes
Solved 170/200 episodes
Evaluated model in 24.0 seconds
Saved model for run
5a0b8d2311744e50bc416301e13d27a5 with name round-19
Completed training in 87520.4 seconds
