Using torch device NVIDIA GeForce RTX 3090
homo controller
net: causal
cc_weight: 1
params: {'epochs': 100, 'lr': 0.0008, 'n': 5000}
Net has 207442 parameters
Round 0
Generated trajectories in 73.0 seconds
warning: fw and bw disagree by 1.1444091796875e-05
fw: -24.397611618041992, bw: -24.39762306213379, hmm_fw: -24.397613525390625
warning: fw and bw disagree by 1.1444091796875e-05
fw: -32.4811897277832, bw: -32.481178283691406, hmm_fw: -32.4811897277832
warning: fw and bw disagree by 1.1444091796875e-05
fw: -25.882417678833008, bw: -25.882429122924805, hmm_fw: -25.882421493530273
warning: fw and bw disagree by 1.1444091796875e-05
fw: -24.183597564697266, bw: -24.18358612060547, hmm_fw: -24.183603286743164
warning: fw and bw disagree by 1.33514404296875e-05
fw: -26.720291137695312, bw: -26.720304489135742, hmm_fw: -26.720298767089844
warning: fw and bw disagree by 1.1444091796875e-05
fw: -18.91842269897461, bw: -18.918434143066406, hmm_fw: -18.918424606323242
warning: fw and bw disagree by 1.1444091796875e-05
fw: -27.76482391357422, bw: -27.764835357666016, hmm_fw: -27.76482582092285
warning: fw and bw disagree by 1.1444091796875e-05
fw: -26.067222595214844, bw: -26.06723403930664, hmm_fw: -26.067224502563477
warning: fw and bw disagree by 1.1444091796875e-05
fw: -24.303333282470703, bw: -24.3033447265625, hmm_fw: -24.303335189819336
warning: fw and bw disagree by 1.1444091796875e-05
fw: -29.754356384277344, bw: -29.754344940185547, hmm_fw: -29.754356384277344
warning: fw and bw disagree by 1.1444091796875e-05
fw: -25.224578857421875, bw: -25.224590301513672, hmm_fw: -25.22458839416504
warning: fw and bw disagree by 1.1444091796875e-05
fw: -25.37417984008789, bw: -25.374191284179688, hmm_fw: -25.37418556213379
warning: fw and bw disagree by 1.33514404296875e-05
fw: -31.265365600585938, bw: -31.265378952026367, hmm_fw: -31.265365600585938
warning: fw and bw disagree by 1.1444091796875e-05
fw: -33.124019622802734, bw: -33.12403106689453, hmm_fw: -33.124019622802734
warning: fw and bw disagree by 1.1444091796875e-05
fw: -22.867002487182617, bw: -22.867013931274414, hmm_fw: -22.867006301879883
warning: fw and bw disagree by 1.1444091796875e-05
fw: -32.44133758544922, bw: -32.44132614135742, hmm_fw: -32.441341400146484
warning: fw and bw disagree by 1.1444091796875e-05
fw: -28.584957122802734, bw: -28.584945678710938, hmm_fw: -28.58495330810547
warning: fw and bw disagree by 1.1444091796875e-05
fw: -20.81618881225586, bw: -20.816200256347656, hmm_fw: -20.816192626953125
warning: fw and bw disagree by 1.1444091796875e-05
fw: -21.09981918334961, bw: -21.099830627441406, hmm_fw: -21.099824905395508
warning: fw and bw disagree by 1.33514404296875e-05
fw: -29.907461166381836, bw: -29.907474517822266, hmm_fw: -29.90746307373047
warning: fw and bw disagree by 1.1444091796875e-05
fw: -20.56109046936035, bw: -20.56110191345215, hmm_fw: -20.56108856201172
warning: fw and bw disagree by 1.1444091796875e-05
fw: -32.789649963378906, bw: -32.78963851928711, hmm_fw: -32.789642333984375
warning: fw and bw disagree by 1.1444091796875e-05
fw: -24.162471771240234, bw: -24.16248321533203, hmm_fw: -24.16246795654297
warning: fw and bw disagree by 1.33514404296875e-05
fw: -23.8538875579834, bw: -23.85387420654297, hmm_fw: -23.8538875579834
warning: fw and bw disagree by 1.52587890625e-05
fw: -37.57938003540039, bw: -37.57936477661133, hmm_fw: -37.579383850097656
warning: fw and bw disagree by 1.1444091796875e-05
fw: -35.60031509399414, bw: -35.60032653808594, hmm_fw: -35.60030746459961
warning: fw and bw disagree by 1.1444091796875e-05
fw: -28.41731071472168, bw: -28.417299270629883, hmm_fw: -28.417308807373047
warning: fw and bw disagree by 1.1444091796875e-05
fw: -30.458099365234375, bw: -30.458087921142578, hmm_fw: -30.458097457885742
warning: fw and bw disagree by 1.1444091796875e-05
fw: -32.9879264831543, bw: -32.987937927246094, hmm_fw: -32.98793029785156
warning: fw and bw disagree by 1.1444091796875e-05
fw: -21.48636817932129, bw: -21.486379623413086, hmm_fw: -21.486370086669922
warning: fw and bw disagree by 1.33514404296875e-05
fw: -31.13641929626465, bw: -31.136432647705078, hmm_fw: -31.136417388916016
warning: fw and bw disagree by 1.1444091796875e-05
fw: -27.676286697387695, bw: -27.6762752532959, hmm_fw: -27.67628288269043
warning: fw and bw disagree by 1.1444091796875e-05
fw: -27.88927459716797, bw: -27.889286041259766, hmm_fw: -27.889272689819336
warning: fw and bw disagree by 1.1444091796875e-05
fw: -32.85850524902344, bw: -32.858516693115234, hmm_fw: -32.858497619628906
warning: fw and bw disagree by 1.33514404296875e-05
fw: -28.390283584594727, bw: -28.390296936035156, hmm_fw: -28.39028549194336
warning: fw and bw disagree by 1.52587890625e-05
fw: -34.408687591552734, bw: -34.40867233276367, hmm_fw: -34.408687591552734
warning: fw and bw disagree by 1.33514404296875e-05
fw: -30.92465591430664, bw: -30.92466926574707, hmm_fw: -30.924665451049805
warning: fw and bw disagree by 1.52587890625e-05
fw: -33.1682014465332, bw: -33.168216705322266, hmm_fw: -33.1682014465332
warning: fw and bw disagree by 1.52587890625e-05
fw: -32.08222579956055, bw: -32.08224105834961, hmm_fw: -32.08223342895508
warning: fw and bw disagree by 1.1444091796875e-05
fw: -36.9401741027832, bw: -36.940185546875, hmm_fw: -36.94017791748047
warning: fw and bw disagree by 1.1444091796875e-05
fw: -27.934171676635742, bw: -27.93418312072754, hmm_fw: -27.934171676635742
warning: fw and bw disagree by 1.52587890625e-05
fw: -36.30034255981445, bw: -36.300357818603516, hmm_fw: -36.30034255981445
warning: fw and bw disagree by 1.52587890625e-05
fw: -33.2534294128418, bw: -33.25344467163086, hmm_fw: -33.25343322753906
warning: fw and bw disagree by 1.1444091796875e-05
fw: -32.97018051147461, bw: -32.97016906738281, hmm_fw: -32.970176696777344
epoch: 0	train loss: 100744.3203125	(254.8s)
warning: fw and bw disagree by 1.1444091796875e-05
fw: -18.386510848999023, bw: -18.38652229309082, hmm_fw: -18.386516571044922
warning: fw and bw disagree by 1.1444091796875e-05
fw: -18.565488815307617, bw: -18.565500259399414, hmm_fw: -18.565486907958984
warning: fw and bw disagree by 1.33514404296875e-05
fw: -21.426301956176758, bw: -21.426315307617188, hmm_fw: -21.426301956176758
warning: fw and bw disagree by 1.52587890625e-05
fw: -30.81119155883789, bw: -30.811176300048828, hmm_fw: -30.81119155883789
warning: fw and bw disagree by 1.1444091796875e-05
fw: -21.720111846923828, bw: -21.720123291015625, hmm_fw: -21.720111846923828
warning: fw and bw disagree by 1.52587890625e-05
fw: -22.535614013671875, bw: -22.535629272460938, hmm_fw: -22.535606384277344
warning: fw and bw disagree by 1.52587890625e-05
fw: -28.12729263305664, bw: -28.127307891845703, hmm_fw: -28.127290725708008
warning: fw and bw disagree by 1.1444091796875e-05
fw: -24.586965560913086, bw: -24.586977005004883, hmm_fw: -24.586971282958984
warning: fw and bw disagree by 1.1444091796875e-05
fw: -24.10262107849121, bw: -24.102632522583008, hmm_fw: -24.102624893188477
warning: fw and bw disagree by 1.1444091796875e-05
fw: -29.40182113647461, bw: -29.401809692382812, hmm_fw: -29.40182113647461
warning: fw and bw disagree by 1.52587890625e-05
fw: -28.838455200195312, bw: -28.838470458984375, hmm_fw: -28.838457107543945
warning: fw and bw disagree by 1.33514404296875e-05
fw: -23.2706356048584, bw: -23.270648956298828, hmm_fw: -23.2706356048584
warning: fw and bw disagree by 1.1444091796875e-05
fw: -26.989980697631836, bw: -26.989992141723633, hmm_fw: -26.9899845123291
warning: fw and bw disagree by 1.1444091796875e-05
fw: -34.27163314819336, bw: -34.271644592285156, hmm_fw: -34.27163314819336
warning: fw and bw disagree by 1.71661376953125e-05
fw: -29.98876953125, bw: -29.988786697387695, hmm_fw: -29.988767623901367
warning: fw and bw disagree by 1.33514404296875e-05
fw: -21.22018051147461, bw: -21.22019386291504, hmm_fw: -21.220182418823242
warning: fw and bw disagree by 1.52587890625e-05
fw: -23.33873748779297, bw: -23.33875274658203, hmm_fw: -23.338733673095703
warning: fw and bw disagree by 1.33514404296875e-05
fw: -17.25170135498047, bw: -17.2517147064209, hmm_fw: -17.251705169677734
warning: fw and bw disagree by 1.1444091796875e-05
fw: -22.163631439208984, bw: -22.16364288330078, hmm_fw: -22.16363525390625
warning: fw and bw disagree by 1.1444091796875e-05
fw: -29.952159881591797, bw: -29.952171325683594, hmm_fw: -29.95216941833496
warning: fw and bw disagree by 1.1444091796875e-05
fw: -25.12682342529297, bw: -25.126834869384766, hmm_fw: -25.1268253326416
slurmstepd: error: *** JOB 435644 ON ellis-compute-01 CANCELLED AT 2022-03-01T18:03:43 ***
