Using torch device NVIDIA GeForce RTX 3090
homo controller
net: causal
cc_weight: 1.0
params: {'epochs': 100, 'lr': 0.0008, 'n': 5000}
Net has 207442 parameters
Round 0
Generated trajectories in 72.3 seconds
epoch: 0	train loss: 145518.890625	(17.1s)
epoch: 1	train loss: 136820.75	(16.1s)
epoch: 2	train loss: 116444.6484375	(16.2s)
epoch: 3	train loss: 99983.171875	(16.1s)
epoch: 4	train loss: 91556.3125	(16.1s)
epoch: 5	train loss: 86095.9453125	(16.1s)
epoch: 6	train loss: 81988.9609375	(16.1s)
epoch: 7	train loss: 76399.6015625	(16.1s)
epoch: 8	train loss: 69966.8125	(16.1s)
epoch: 9	train loss: 66163.5703125	(16.2s)
epoch: 10	train loss: 62279.46875	(16.1s)
epoch: 11	train loss: 57438.453125	(16.2s)
epoch: 12	train loss: 54832.55859375	(16.1s)
epoch: 13	train loss: 54369.69140625	(16.1s)
epoch: 14	train loss: 50716.66796875	(16.2s)
epoch: 15	train loss: 48768.8046875	(16.1s)
epoch: 16	train loss: 46850.9375	(16.1s)
epoch: 17	train loss: 47179.94921875	(16.1s)
epoch: 18	train loss: 45412.99609375	(16.2s)
epoch: 19	train loss: 44058.3359375	(16.2s)
epoch: 20	train loss: 44757.71484375	(16.2s)
epoch: 21	train loss: 46068.73046875	(16.1s)
epoch: 22	train loss: 42622.5390625	(16.1s)
epoch: 23	train loss: 43737.421875	(16.1s)
epoch: 24	train loss: 43936.953125	(16.1s)
epoch: 25	train loss: 44124.84765625	(16.2s)
epoch: 26	train loss: 41025.8671875	(16.1s)
epoch: 27	train loss: 40527.09375	(16.1s)
epoch: 28	train loss: 37950.09765625	(16.2s)
epoch: 29	train loss: 37568.109375	(16.1s)
epoch: 30	train loss: 38841.79296875	(16.2s)
epoch: 31	train loss: 36472.75	(16.1s)
epoch: 32	train loss: 41789.828125	(16.1s)
epoch: 33	train loss: 40381.4921875	(16.2s)
epoch: 34	train loss: 36533.171875	(16.1s)
epoch: 35	train loss: 37187.40234375	(16.1s)
epoch: 36	train loss: 37443.5234375	(16.1s)
epoch: 37	train loss: 34415.78515625	(16.1s)
epoch: 38	train loss: 34776.03125	(16.2s)
epoch: 39	train loss: 35816.71875	(16.2s)
epoch: 40	train loss: 40394.90625	(16.1s)
epoch: 41	train loss: 37496.140625	(16.1s)
epoch: 42	train loss: 38955.16015625	(16.1s)
epoch: 43	train loss: 37024.078125	(16.1s)
epoch: 44	train loss: 36018.22265625	(16.1s)
epoch: 45	train loss: 33772.34375	(16.1s)
epoch: 46	train loss: 33439.25390625	(16.1s)
epoch: 47	train loss: 34492.8203125	(16.1s)
epoch: 48	train loss: 32718.38671875	(16.1s)
epoch: 49	train loss: 34988.3515625	(16.2s)
epoch: 50	train loss: 35084.77734375	(16.1s)
epoch: 51	train loss: 32138.5234375	(16.1s)
epoch: 52	train loss: 32947.671875	(16.1s)
epoch: 53	train loss: 30853.294921875	(16.1s)
epoch: 54	train loss: 31932.84375	(16.2s)
epoch: 55	train loss: 30768.3125	(16.1s)
epoch: 56	train loss: 29908.32421875	(16.1s)
epoch: 57	train loss: 31191.15234375	(16.2s)
epoch: 58	train loss: 31958.240234375	(16.2s)
epoch: 59	train loss: 30669.802734375	(16.1s)
epoch: 60	train loss: 29726.98046875	(16.1s)
epoch: 61	train loss: 29486.076171875	(16.2s)
epoch: 62	train loss: 28517.0859375	(16.1s)
epoch: 63	train loss: 28357.98046875	(16.2s)
epoch: 64	train loss: 29343.0625	(16.1s)
epoch: 65	train loss: 30050.55078125	(16.1s)
epoch: 66	train loss: 28995.45703125	(16.1s)
epoch: 67	train loss: 28932.28515625	(16.1s)
epoch: 68	train loss: 28869.908203125	(16.2s)
epoch: 69	train loss: 28430.80859375	(16.1s)
epoch: 70	train loss: 28477.25	(16.1s)
epoch: 71	train loss: 27892.806640625	(16.1s)
epoch: 72	train loss: 26927.3671875	(16.1s)
epoch: 73	train loss: 27410.494140625	(16.2s)
epoch: 74	train loss: 27897.068359375	(16.1s)
epoch: 75	train loss: 27461.685546875	(16.1s)
epoch: 76	train loss: 28846.103515625	(16.2s)
epoch: 77	train loss: 29630.25390625	(16.1s)
epoch: 78	train loss: 26378.9765625	(16.1s)
epoch: 79	train loss: 26354.486328125	(16.1s)
epoch: 80	train loss: 25564.82421875	(16.1s)
epoch: 81	train loss: 26665.810546875	(16.2s)
epoch: 82	train loss: 27670.451171875	(16.2s)
epoch: 83	train loss: 25406.3359375	(16.1s)
epoch: 84	train loss: 25136.806640625	(16.1s)
epoch: 85	train loss: 24813.28125	(16.1s)
epoch: 86	train loss: 25379.23828125	(16.1s)
epoch: 87	train loss: 24233.4609375	(16.2s)
epoch: 88	train loss: 28153.822265625	(16.1s)
epoch: 89	train loss: 24274.3515625	(16.1s)
epoch: 90	train loss: 23759.15625	(16.1s)
epoch: 91	train loss: 23627.033203125	(16.1s)
epoch: 92	train loss: 23763.859375	(16.1s)
epoch: 93	train loss: 23455.103515625	(16.1s)
epoch: 94	train loss: 23614.71484375	(16.1s)
epoch: 95	train loss: 23905.142578125	(16.1s)
epoch: 96	train loss: 23789.650390625	(16.1s)
epoch: 97	train loss: 23339.912109375	(16.1s)
epoch: 98	train loss: 23258.67578125	(16.1s)
epoch: 99	train loss: 23275.6953125	(16.1s)
Evaluating model on 200 episodes
Solved 36/200 episodes
Evaluated model in 17.4 seconds
Saved model for run
ca216cf3c8294f9590c820f8f1cf7a44 with name round-0
Round 1
Generated trajectories in 71.6 seconds
epoch: 0	train loss: 33723.2421875	(16.2s)
epoch: 1	train loss: 32258.03515625	(16.0s)
epoch: 2	train loss: 30808.87109375	(16.1s)
epoch: 3	train loss: 29126.587890625	(16.1s)
epoch: 4	train loss: 28356.228515625	(16.1s)
epoch: 5	train loss: 27679.4453125	(16.1s)
epoch: 6	train loss: 27377.869140625	(16.1s)
epoch: 7	train loss: 26631.79296875	(16.2s)
epoch: 8	train loss: 26011.498046875	(16.1s)
epoch: 9	train loss: 25686.1015625	(16.1s)
epoch: 10	train loss: 25344.623046875	(16.1s)
epoch: 11	train loss: 25591.767578125	(16.1s)
epoch: 12	train loss: 24921.748046875	(16.1s)
epoch: 13	train loss: 24734.09375	(16.1s)
epoch: 14	train loss: 24792.701171875	(16.1s)
epoch: 15	train loss: 24530.3203125	(16.1s)
epoch: 16	train loss: 24407.763671875	(16.1s)
epoch: 17	train loss: 24503.673828125	(16.1s)
epoch: 18	train loss: 24192.193359375	(16.1s)
epoch: 19	train loss: 24189.373046875	(16.1s)
epoch: 20	train loss: 23701.984375	(16.1s)
epoch: 21	train loss: 23700.109375	(16.1s)
epoch: 22	train loss: 23320.4296875	(16.1s)
epoch: 23	train loss: 23449.77734375	(16.1s)
epoch: 24	train loss: 23220.478515625	(16.1s)
epoch: 25	train loss: 22890.1796875	(16.1s)
epoch: 26	train loss: 23114.044921875	(16.2s)
epoch: 27	train loss: 23101.92578125	(16.1s)
epoch: 28	train loss: 23010.580078125	(16.1s)
epoch: 29	train loss: 22264.013671875	(16.1s)
epoch: 30	train loss: 22057.697265625	(16.1s)
epoch: 31	train loss: 22271.33984375	(16.1s)
epoch: 32	train loss: 21820.298828125	(16.1s)
epoch: 33	train loss: 21585.654296875	(16.1s)
epoch: 34	train loss: 21508.474609375	(16.1s)
epoch: 35	train loss: 22031.5859375	(16.1s)
epoch: 36	train loss: 21335.818359375	(16.1s)
epoch: 37	train loss: 21410.740234375	(16.1s)
epoch: 38	train loss: 21569.83984375	(16.1s)
epoch: 39	train loss: 21788.65625	(16.1s)
epoch: 40	train loss: 22135.98828125	(16.1s)
epoch: 41	train loss: 21751.439453125	(16.1s)
epoch: 42	train loss: 21058.0390625	(16.1s)
epoch: 43	train loss: 20809.8828125	(16.1s)
epoch: 44	train loss: 20448.15234375	(16.1s)
epoch: 45	train loss: 20684.775390625	(16.2s)
epoch: 46	train loss: 20081.333984375	(16.1s)
epoch: 47	train loss: 20163.732421875	(16.1s)
epoch: 48	train loss: 20684.548828125	(16.1s)
epoch: 49	train loss: 20102.224609375	(16.1s)
epoch: 50	train loss: 19690.85546875	(16.1s)
epoch: 51	train loss: 19576.296875	(16.1s)
epoch: 52	train loss: 19528.83984375	(16.1s)
epoch: 53	train loss: 19537.572265625	(16.1s)
epoch: 54	train loss: 19418.12890625	(16.1s)
epoch: 55	train loss: 19607.765625	(16.1s)
epoch: 56	train loss: 19443.740234375	(16.1s)
epoch: 57	train loss: 19458.61328125	(16.0s)
epoch: 58	train loss: 20070.744140625	(16.0s)
epoch: 59	train loss: 19188.984375	(16.1s)
epoch: 60	train loss: 18944.12890625	(16.1s)
epoch: 61	train loss: 19130.716796875	(16.1s)
epoch: 62	train loss: 19296.484375	(16.1s)
epoch: 63	train loss: 18917.76953125	(16.1s)
epoch: 64	train loss: 18857.55859375	(16.2s)
epoch: 65	train loss: 18656.96875	(16.1s)
epoch: 66	train loss: 18716.27734375	(16.1s)
epoch: 67	train loss: 18580.419921875	(16.1s)
epoch: 68	train loss: 18440.880859375	(16.1s)
epoch: 69	train loss: 18594.30859375	(16.1s)
epoch: 70	train loss: 18645.947265625	(16.1s)
epoch: 71	train loss: 18976.076171875	(16.1s)
epoch: 72	train loss: 19764.013671875	(16.1s)
epoch: 73	train loss: 19008.048828125	(16.1s)
epoch: 74	train loss: 18578.646484375	(16.1s)
epoch: 75	train loss: 18253.890625	(16.1s)
epoch: 76	train loss: 18023.384765625	(16.1s)
epoch: 77	train loss: 17850.82421875	(16.1s)
epoch: 78	train loss: 17874.65234375	(16.1s)
epoch: 79	train loss: 18075.92578125	(16.1s)
epoch: 80	train loss: 17831.912109375	(16.1s)
epoch: 81	train loss: 17792.62890625	(16.1s)
epoch: 82	train loss: 17720.384765625	(16.1s)
epoch: 83	train loss: 17497.41015625	(16.2s)
epoch: 84	train loss: 17603.58203125	(16.1s)
epoch: 85	train loss: 17690.076171875	(16.1s)
epoch: 86	train loss: 17692.9375	(16.1s)
epoch: 87	train loss: 17479.875	(16.1s)
epoch: 88	train loss: 17239.70703125	(16.1s)
epoch: 89	train loss: 17187.6328125	(16.1s)
epoch: 90	train loss: 17351.861328125	(16.1s)
epoch: 91	train loss: 16763.201171875	(16.1s)
epoch: 92	train loss: 16887.76953125	(16.1s)
epoch: 93	train loss: 17119.94140625	(16.1s)
epoch: 94	train loss: 16963.28515625	(16.1s)
epoch: 95	train loss: 16693.517578125	(16.1s)
epoch: 96	train loss: 17157.349609375	(16.1s)
epoch: 97	train loss: 17225.48828125	(16.1s)
epoch: 98	train loss: 16908.685546875	(16.0s)
epoch: 99	train loss: 16567.01171875	(16.0s)
Evaluating model on 200 episodes
Solved 33/200 episodes
Evaluated model in 16.5 seconds
Saved model for run
ca216cf3c8294f9590c820f8f1cf7a44 with name round-1
Round 2
Generated trajectories in 71.8 seconds
epoch: 0	train loss: 36408.71484375	(16.1s)
epoch: 1	train loss: 31302.7421875	(16.1s)
epoch: 2	train loss: 29113.39453125	(16.1s)
epoch: 3	train loss: 27665.333984375	(16.1s)
epoch: 4	train loss: 26556.681640625	(16.1s)
epoch: 5	train loss: 25769.1015625	(16.2s)
epoch: 6	train loss: 25095.40625	(16.2s)
epoch: 7	train loss: 24443.548828125	(16.2s)
epoch: 8	train loss: 23945.90234375	(16.2s)
epoch: 9	train loss: 23692.77734375	(16.2s)
epoch: 10	train loss: 23387.71484375	(16.2s)
epoch: 11	train loss: 22572.86328125	(16.1s)
epoch: 12	train loss: 22416.115234375	(16.1s)
epoch: 13	train loss: 22598.04296875	(16.1s)
epoch: 14	train loss: 21854.8515625	(16.1s)
epoch: 15	train loss: 21455.087890625	(16.1s)
epoch: 16	train loss: 21247.990234375	(16.1s)
epoch: 17	train loss: 21053.73046875	(16.2s)
epoch: 18	train loss: 21144.494140625	(16.2s)
epoch: 19	train loss: 21169.048828125	(16.2s)
epoch: 20	train loss: 20231.56640625	(16.2s)
epoch: 21	train loss: 19832.8984375	(16.2s)
epoch: 22	train loss: 19769.603515625	(16.2s)
epoch: 23	train loss: 19600.35546875	(16.3s)
epoch: 24	train loss: 19212.716796875	(16.2s)
epoch: 25	train loss: 19416.9375	(16.2s)
epoch: 26	train loss: 19423.978515625	(16.2s)
epoch: 27	train loss: 19310.8515625	(16.2s)
epoch: 28	train loss: 19333.0078125	(16.2s)
epoch: 29	train loss: 19325.794921875	(16.2s)
epoch: 30	train loss: 19385.580078125	(16.2s)
epoch: 31	train loss: 19283.345703125	(16.2s)
epoch: 32	train loss: 19956.3203125	(16.2s)
epoch: 33	train loss: 18686.62890625	(16.2s)
epoch: 34	train loss: 18042.642578125	(16.2s)
epoch: 35	train loss: 17639.2421875	(16.1s)
epoch: 36	train loss: 17076.2421875	(16.2s)
epoch: 37	train loss: 17172.748046875	(16.2s)
epoch: 38	train loss: 16914.283203125	(16.2s)
epoch: 39	train loss: 16442.990234375	(16.2s)
epoch: 40	train loss: 16161.8857421875	(16.2s)
epoch: 41	train loss: 16211.9296875	(16.2s)
epoch: 42	train loss: 16258.060546875	(16.2s)
epoch: 43	train loss: 16253.2490234375	(16.2s)
epoch: 44	train loss: 16529.197265625	(16.2s)
epoch: 45	train loss: 16481.0390625	(16.2s)
epoch: 46	train loss: 15937.8564453125	(16.2s)
epoch: 47	train loss: 16386.37109375	(16.2s)
epoch: 48	train loss: 15681.1416015625	(16.2s)
epoch: 49	train loss: 15680.830078125	(16.2s)
epoch: 50	train loss: 15126.5244140625	(16.2s)
epoch: 51	train loss: 15048.3310546875	(16.2s)
epoch: 52	train loss: 15196.71875	(16.2s)
epoch: 53	train loss: 14824.9833984375	(16.2s)
epoch: 54	train loss: 14869.5986328125	(16.2s)
epoch: 55	train loss: 14792.517578125	(16.2s)
epoch: 56	train loss: 14809.7451171875	(16.2s)
epoch: 57	train loss: 14589.33203125	(16.2s)
epoch: 58	train loss: 15274.3466796875	(16.2s)
epoch: 59	train loss: 15059.07421875	(16.2s)
epoch: 60	train loss: 15321.0458984375	(16.2s)
epoch: 61	train loss: 14846.41015625	(16.2s)
epoch: 62	train loss: 14679.40234375	(16.2s)
epoch: 63	train loss: 14548.021484375	(16.2s)
epoch: 64	train loss: 14329.4052734375	(16.2s)
epoch: 65	train loss: 13844.92578125	(16.2s)
epoch: 66	train loss: 14545.6708984375	(16.2s)
epoch: 67	train loss: 13903.880859375	(16.2s)
epoch: 68	train loss: 13505.1083984375	(16.2s)
epoch: 69	train loss: 13387.697265625	(16.2s)
epoch: 70	train loss: 14241.4345703125	(16.1s)
epoch: 71	train loss: 13441.59765625	(16.1s)
epoch: 72	train loss: 13483.3427734375	(16.2s)
epoch: 73	train loss: 13455.798828125	(16.1s)
epoch: 74	train loss: 13333.3623046875	(16.1s)
epoch: 75	train loss: 13377.1943359375	(16.1s)
epoch: 76	train loss: 13585.0556640625	(16.2s)
epoch: 77	train loss: 13317.5908203125	(16.2s)
epoch: 78	train loss: 13558.51171875	(16.2s)
epoch: 79	train loss: 14115.3447265625	(16.2s)
epoch: 80	train loss: 13084.8525390625	(16.2s)
epoch: 81	train loss: 12830.974609375	(16.2s)
epoch: 82	train loss: 13544.01171875	(16.2s)
epoch: 83	train loss: 12781.3984375	(16.3s)
epoch: 84	train loss: 12647.505859375	(16.2s)
epoch: 85	train loss: 12732.64453125	(16.2s)
epoch: 86	train loss: 13425.619140625	(16.2s)
epoch: 87	train loss: 13204.4111328125	(16.2s)
epoch: 88	train loss: 13239.8388671875	(16.2s)
epoch: 89	train loss: 13086.3056640625	(16.2s)
epoch: 90	train loss: 13584.23828125	(16.2s)
epoch: 91	train loss: 12719.5166015625	(16.2s)
epoch: 92	train loss: 12480.6630859375	(16.2s)
epoch: 93	train loss: 12322.7333984375	(16.3s)
epoch: 94	train loss: 12424.6240234375	(16.2s)
epoch: 95	train loss: 12433.51953125	(16.2s)
epoch: 96	train loss: 12663.2998046875	(16.2s)
epoch: 97	train loss: 12274.7490234375	(16.2s)
epoch: 98	train loss: 12454.0556640625	(16.2s)
epoch: 99	train loss: 12372.5361328125	(16.2s)
Evaluating model on 200 episodes
Solved 41/200 episodes
Evaluated model in 19.4 seconds
Saved model for run
ca216cf3c8294f9590c820f8f1cf7a44 with name round-2
Round 3
Generated trajectories in 72.3 seconds
epoch: 0	train loss: 38954.46875	(16.3s)
epoch: 1	train loss: 32213.48046875	(16.3s)
epoch: 2	train loss: 28952.62109375	(16.3s)
epoch: 3	train loss: 26971.63671875	(16.3s)
epoch: 4	train loss: 25592.2265625	(16.4s)
epoch: 5	train loss: 24676.234375	(16.3s)
epoch: 6	train loss: 24469.650390625	(16.3s)
epoch: 7	train loss: 23582.90234375	(16.4s)
epoch: 8	train loss: 22471.57421875	(16.4s)
epoch: 9	train loss: 22298.5078125	(16.4s)
epoch: 10	train loss: 21573.767578125	(16.4s)
epoch: 11	train loss: 21230.298828125	(16.3s)
epoch: 12	train loss: 20347.33203125	(16.3s)
epoch: 13	train loss: 20024.740234375	(16.3s)
epoch: 14	train loss: 19633.47265625	(16.3s)
epoch: 15	train loss: 19468.9765625	(16.3s)
epoch: 16	train loss: 19156.8984375	(16.3s)
epoch: 17	train loss: 18873.3671875	(16.3s)
epoch: 18	train loss: 19119.30078125	(16.3s)
epoch: 19	train loss: 18576.076171875	(16.3s)
epoch: 20	train loss: 18263.685546875	(16.4s)
epoch: 21	train loss: 17997.375	(16.3s)
epoch: 22	train loss: 17780.259765625	(16.4s)
epoch: 23	train loss: 17761.484375	(16.3s)
epoch: 24	train loss: 17356.42578125	(16.3s)
epoch: 25	train loss: 17237.548828125	(16.3s)
epoch: 26	train loss: 17159.8828125	(16.3s)
epoch: 27	train loss: 17048.349609375	(16.3s)
epoch: 28	train loss: 16816.87109375	(16.3s)
epoch: 29	train loss: 16576.873046875	(16.3s)
epoch: 30	train loss: 16708.22265625	(16.4s)
epoch: 31	train loss: 16438.498046875	(16.4s)
epoch: 32	train loss: 16289.86328125	(16.3s)
epoch: 33	train loss: 16409.873046875	(16.4s)
epoch: 34	train loss: 16325.943359375	(16.3s)
epoch: 35	train loss: 16167.8857421875	(16.3s)
epoch: 36	train loss: 15961.28515625	(16.3s)
epoch: 37	train loss: 15423.1923828125	(16.3s)
epoch: 38	train loss: 15030.0546875	(16.4s)
epoch: 39	train loss: 15256.208984375	(16.3s)
epoch: 40	train loss: 14613.5546875	(16.3s)
epoch: 41	train loss: 14725.87109375	(16.3s)
epoch: 42	train loss: 14776.2099609375	(16.3s)
epoch: 43	train loss: 14341.5791015625	(16.4s)
epoch: 44	train loss: 14006.8720703125	(16.3s)
epoch: 45	train loss: 14385.9462890625	(16.4s)
epoch: 46	train loss: 14207.6611328125	(16.3s)
epoch: 47	train loss: 14498.98828125	(16.3s)
epoch: 48	train loss: 14554.9375	(16.4s)
epoch: 49	train loss: 14199.2734375	(16.3s)
epoch: 50	train loss: 13981.45703125	(16.3s)
epoch: 51	train loss: 13665.3896484375	(16.3s)
epoch: 52	train loss: 13386.310546875	(16.3s)
epoch: 53	train loss: 13673.8046875	(16.4s)
epoch: 54	train loss: 13330.0615234375	(16.4s)
epoch: 55	train loss: 13144.8251953125	(16.3s)
epoch: 56	train loss: 13344.1181640625	(16.3s)
epoch: 57	train loss: 13026.171875	(16.3s)
epoch: 58	train loss: 13425.3515625	(16.4s)
epoch: 59	train loss: 12825.2802734375	(16.4s)
epoch: 60	train loss: 13156.697265625	(16.3s)
epoch: 61	train loss: 12953.7919921875	(16.4s)
epoch: 62	train loss: 12566.3359375	(16.3s)
epoch: 63	train loss: 12374.8583984375	(16.4s)
epoch: 64	train loss: 12264.27734375	(16.4s)
epoch: 65	train loss: 12247.4873046875	(16.4s)
epoch: 66	train loss: 12475.53125	(16.3s)
epoch: 67	train loss: 12896.388671875	(16.4s)
epoch: 68	train loss: 12525.7705078125	(16.3s)
epoch: 69	train loss: 12148.986328125	(16.4s)
epoch: 70	train loss: 12312.6943359375	(16.3s)
epoch: 71	train loss: 12029.9931640625	(16.4s)
epoch: 72	train loss: 12246.822265625	(16.3s)
epoch: 73	train loss: 12328.298828125	(16.4s)
epoch: 74	train loss: 12877.6318359375	(16.3s)
epoch: 75	train loss: 12605.8759765625	(16.3s)
epoch: 76	train loss: 12707.6630859375	(16.3s)
epoch: 77	train loss: 12894.3466796875	(16.4s)
epoch: 78	train loss: 12419.9775390625	(16.3s)
epoch: 79	train loss: 12240.771484375	(16.4s)
epoch: 80	train loss: 12214.7177734375	(16.3s)
epoch: 81	train loss: 12252.205078125	(16.3s)
epoch: 82	train loss: 11838.1494140625	(16.3s)
epoch: 83	train loss: 12245.0078125	(16.3s)
epoch: 84	train loss: 12203.79296875	(16.3s)
epoch: 85	train loss: 12134.31640625	(16.3s)
epoch: 86	train loss: 12226.6552734375	(16.4s)
epoch: 87	train loss: 11871.0966796875	(16.3s)
epoch: 88	train loss: 11658.255859375	(16.4s)
epoch: 89	train loss: 12118.6748046875	(16.4s)
epoch: 90	train loss: 11395.9267578125	(16.3s)
epoch: 91	train loss: 11153.923828125	(16.4s)
epoch: 92	train loss: 10883.044921875	(16.3s)
epoch: 93	train loss: 11042.0224609375	(16.4s)
epoch: 94	train loss: 10743.841796875	(16.4s)
epoch: 95	train loss: 10803.4462890625	(16.3s)
epoch: 96	train loss: 10731.630859375	(16.3s)
epoch: 97	train loss: 11527.787109375	(16.3s)
epoch: 98	train loss: 10895.541015625	(16.3s)
epoch: 99	train loss: 10548.205078125	(16.3s)
Evaluating model on 200 episodes
Solved 44/200 episodes
Evaluated model in 18.0 seconds
Saved model for run
ca216cf3c8294f9590c820f8f1cf7a44 with name round-3
Round 4
Generated trajectories in 71.6 seconds
epoch: 0	train loss: 38955.08984375	(16.2s)
epoch: 1	train loss: 31767.109375	(16.3s)
epoch: 2	train loss: 28560.02734375	(16.3s)
epoch: 3	train loss: 26337.353515625	(16.3s)
epoch: 4	train loss: 24782.69140625	(16.3s)
epoch: 5	train loss: 23644.484375	(16.3s)
epoch: 6	train loss: 22669.13671875	(16.4s)
epoch: 7	train loss: 21912.15625	(16.3s)
epoch: 8	train loss: 21269.306640625	(16.3s)
epoch: 9	train loss: 20866.56640625	(16.3s)
epoch: 10	train loss: 20685.634765625	(16.3s)
epoch: 11	train loss: 19953.015625	(16.4s)
epoch: 12	train loss: 19539.966796875	(16.3s)
epoch: 13	train loss: 18946.974609375	(16.3s)
epoch: 14	train loss: 18784.236328125	(16.4s)
epoch: 15	train loss: 18106.1171875	(16.4s)
epoch: 16	train loss: 17996.3515625	(16.4s)
epoch: 17	train loss: 17793.720703125	(16.3s)
epoch: 18	train loss: 17276.38671875	(16.3s)
epoch: 19	train loss: 17616.298828125	(16.4s)
epoch: 20	train loss: 17089.67578125	(16.3s)
epoch: 21	train loss: 16760.26171875	(16.3s)
epoch: 22	train loss: 16504.109375	(16.3s)
epoch: 23	train loss: 16842.015625	(16.3s)
epoch: 24	train loss: 16175.1875	(16.4s)
epoch: 25	train loss: 16161.2392578125	(16.4s)
epoch: 26	train loss: 15849.3671875	(16.3s)
epoch: 27	train loss: 15729.181640625	(16.3s)
epoch: 28	train loss: 15618.2470703125	(16.4s)
epoch: 29	train loss: 15672.181640625	(16.4s)
epoch: 30	train loss: 15503.990234375	(16.3s)
epoch: 31	train loss: 15559.3994140625	(16.3s)
epoch: 32	train loss: 15221.0234375	(16.3s)
epoch: 33	train loss: 14961.634765625	(16.3s)
epoch: 34	train loss: 14705.6455078125	(16.3s)
epoch: 35	train loss: 14393.2216796875	(16.4s)
epoch: 36	train loss: 14297.67578125	(16.2s)
epoch: 37	train loss: 14109.1943359375	(16.3s)
epoch: 38	train loss: 13906.828125	(16.2s)
epoch: 39	train loss: 13596.47265625	(16.3s)
epoch: 40	train loss: 13351.3935546875	(16.2s)
epoch: 41	train loss: 13205.2060546875	(16.3s)
epoch: 42	train loss: 13981.9580078125	(16.4s)
epoch: 43	train loss: 13457.2958984375	(16.4s)
epoch: 44	train loss: 13228.4375	(16.4s)
epoch: 45	train loss: 13427.115234375	(16.3s)
epoch: 46	train loss: 12805.0576171875	(16.3s)
epoch: 47	train loss: 13101.1376953125	(16.4s)
epoch: 48	train loss: 13225.3349609375	(16.3s)
epoch: 49	train loss: 12508.537109375	(16.3s)
epoch: 50	train loss: 12600.267578125	(16.3s)
epoch: 51	train loss: 12249.8173828125	(16.3s)
epoch: 52	train loss: 12620.939453125	(16.3s)
epoch: 53	train loss: 12768.9501953125	(16.4s)
epoch: 54	train loss: 13114.6376953125	(16.4s)
epoch: 55	train loss: 12006.794921875	(16.3s)
epoch: 56	train loss: 11906.0712890625	(16.3s)
epoch: 57	train loss: 12732.95703125	(16.3s)
epoch: 58	train loss: 12060.0517578125	(16.4s)
epoch: 59	train loss: 11647.30078125	(16.4s)
epoch: 60	train loss: 11761.5576171875	(16.3s)
epoch: 61	train loss: 12132.951171875	(16.3s)
epoch: 62	train loss: 11745.4130859375	(16.4s)
epoch: 63	train loss: 12811.30859375	(16.4s)
epoch: 64	train loss: 11450.087890625	(16.3s)
epoch: 65	train loss: 11277.7587890625	(16.3s)
epoch: 66	train loss: 11061.294921875	(16.3s)
epoch: 67	train loss: 11055.5517578125	(16.4s)
epoch: 68	train loss: 10897.2197265625	(16.4s)
epoch: 69	train loss: 11318.146484375	(16.4s)
epoch: 70	train loss: 10965.146484375	(16.3s)
epoch: 71	train loss: 10709.8173828125	(16.4s)
epoch: 72	train loss: 11031.3125	(16.4s)
epoch: 73	train loss: 11045.525390625	(16.4s)
epoch: 74	train loss: 11376.111328125	(16.3s)
epoch: 75	train loss: 11561.7763671875	(16.3s)
epoch: 76	train loss: 10512.1328125	(16.4s)
epoch: 77	train loss: 10538.0693359375	(16.3s)
epoch: 78	train loss: 10476.26953125	(16.4s)
epoch: 79	train loss: 11257.859375	(16.3s)
epoch: 80	train loss: 10137.453125	(16.3s)
epoch: 81	train loss: 10411.2099609375	(16.4s)
epoch: 82	train loss: 10279.4169921875	(16.3s)
epoch: 83	train loss: 10195.7861328125	(16.3s)
epoch: 84	train loss: 10470.017578125	(16.3s)
epoch: 85	train loss: 10660.9599609375	(16.4s)
epoch: 86	train loss: 10829.7353515625	(16.3s)
epoch: 87	train loss: 11047.50390625	(16.4s)
epoch: 88	train loss: 10956.8583984375	(16.4s)
epoch: 89	train loss: 11116.841796875	(16.3s)
epoch: 90	train loss: 10994.1328125	(16.4s)
epoch: 91	train loss: 10638.9287109375	(16.4s)
epoch: 92	train loss: 10740.671875	(16.3s)
epoch: 93	train loss: 10463.1669921875	(16.3s)
epoch: 94	train loss: 10495.7548828125	(16.3s)
epoch: 95	train loss: 10649.8994140625	(16.3s)
epoch: 96	train loss: 10206.3427734375	(16.3s)
epoch: 97	train loss: 10234.8466796875	(16.2s)
epoch: 98	train loss: 10113.2578125	(16.1s)
epoch: 99	train loss: 10325.6826171875	(16.1s)
Evaluating model on 200 episodes
Solved 35/200 episodes
Evaluated model in 17.5 seconds
Saved model for run
ca216cf3c8294f9590c820f8f1cf7a44 with name round-4
Round 5
Generated trajectories in 70.4 seconds
epoch: 0	train loss: 37778.48046875	(16.0s)
epoch: 1	train loss: 31041.7578125	(16.1s)
epoch: 2	train loss: 27449.4375	(16.1s)
epoch: 3	train loss: 25479.2890625	(16.1s)
epoch: 4	train loss: 23947.71484375	(16.1s)
epoch: 5	train loss: 22794.173828125	(16.1s)
epoch: 6	train loss: 21793.78515625	(16.1s)
epoch: 7	train loss: 21003.119140625	(16.2s)
epoch: 8	train loss: 20374.69140625	(16.1s)
epoch: 9	train loss: 19779.779296875	(16.1s)
epoch: 10	train loss: 19445.2265625	(16.1s)
epoch: 11	train loss: 18951.482421875	(16.1s)
epoch: 12	train loss: 18384.669921875	(16.2s)
epoch: 13	train loss: 18087.2265625	(16.1s)
epoch: 14	train loss: 17681.125	(16.1s)
epoch: 15	train loss: 17837.263671875	(16.1s)
epoch: 16	train loss: 18034.267578125	(16.1s)
epoch: 17	train loss: 17339.0546875	(16.2s)
epoch: 18	train loss: 17335.60546875	(16.1s)
epoch: 19	train loss: 16854.57421875	(16.1s)
epoch: 20	train loss: 16429.955078125	(16.1s)
epoch: 21	train loss: 16087.994140625	(16.1s)
epoch: 22	train loss: 15768.44921875	(16.1s)
epoch: 23	train loss: 15550.5849609375	(16.1s)
epoch: 24	train loss: 15627.8564453125	(16.1s)
epoch: 25	train loss: 15324.591796875	(16.1s)
epoch: 26	train loss: 15204.3779296875	(16.1s)
epoch: 27	train loss: 14899.8701171875	(16.1s)
epoch: 28	train loss: 14473.5478515625	(16.2s)
epoch: 29	train loss: 14265.271484375	(16.1s)
epoch: 30	train loss: 14062.3203125	(16.1s)
epoch: 31	train loss: 14056.603515625	(16.1s)
epoch: 32	train loss: 13748.638671875	(16.1s)
epoch: 33	train loss: 14070.5400390625	(16.2s)
epoch: 34	train loss: 14190.8349609375	(16.1s)
epoch: 35	train loss: 14060.6884765625	(16.1s)
epoch: 36	train loss: 13549.8544921875	(16.1s)
epoch: 37	train loss: 13306.23828125	(16.1s)
epoch: 38	train loss: 13213.01953125	(16.1s)
epoch: 39	train loss: 13296.5751953125	(16.1s)
epoch: 40	train loss: 13395.01953125	(16.1s)
epoch: 41	train loss: 13212.935546875	(16.1s)
epoch: 42	train loss: 12923.857421875	(16.1s)
epoch: 43	train loss: 13116.3564453125	(16.1s)
epoch: 44	train loss: 12924.6611328125	(16.1s)
epoch: 45	train loss: 12309.0390625	(16.1s)
epoch: 46	train loss: 12456.8701171875	(16.1s)
epoch: 47	train loss: 12469.1787109375	(16.1s)
epoch: 48	train loss: 12286.521484375	(16.1s)
epoch: 49	train loss: 12594.79296875	(16.2s)
epoch: 50	train loss: 12394.1181640625	(16.1s)
epoch: 51	train loss: 12422.7255859375	(16.1s)
epoch: 52	train loss: 12360.4609375	(16.1s)
epoch: 53	train loss: 12618.703125	(16.1s)
epoch: 54	train loss: 12040.56640625	(16.1s)
epoch: 55	train loss: 11804.7275390625	(16.1s)
epoch: 56	train loss: 11476.0380859375	(16.1s)
epoch: 57	train loss: 11445.8603515625	(16.1s)
epoch: 58	train loss: 11396.3232421875	(16.1s)
epoch: 59	train loss: 11425.5087890625	(16.1s)
epoch: 60	train loss: 11381.697265625	(16.1s)
epoch: 61	train loss: 11066.1357421875	(16.1s)
epoch: 62	train loss: 10782.4619140625	(16.1s)
epoch: 63	train loss: 10708.5859375	(16.1s)
epoch: 64	train loss: 11261.0498046875	(16.1s)
epoch: 65	train loss: 11363.9365234375	(16.1s)
epoch: 66	train loss: 10604.91796875	(16.1s)
epoch: 67	train loss: 10684.306640625	(16.1s)
epoch: 68	train loss: 10797.099609375	(16.1s)
epoch: 69	train loss: 10395.9921875	(16.1s)
epoch: 70	train loss: 10189.419921875	(16.1s)
epoch: 71	train loss: 10345.9697265625	(16.1s)
epoch: 72	train loss: 10087.662109375	(16.1s)
epoch: 73	train loss: 10019.9150390625	(16.1s)
epoch: 74	train loss: 9895.60546875	(16.1s)
epoch: 75	train loss: 10225.388671875	(16.1s)
epoch: 76	train loss: 9869.2294921875	(16.1s)
epoch: 77	train loss: 10215.921875	(16.1s)
epoch: 78	train loss: 9961.2509765625	(16.1s)
epoch: 79	train loss: 9727.80859375	(16.1s)
epoch: 80	train loss: 9694.64453125	(16.1s)
epoch: 81	train loss: 9772.259765625	(16.1s)
epoch: 82	train loss: 9867.560546875	(16.1s)
epoch: 83	train loss: 10279.1591796875	(16.1s)
epoch: 84	train loss: 9630.8837890625	(16.1s)
epoch: 85	train loss: 9563.10546875	(16.1s)
epoch: 86	train loss: 9539.9091796875	(16.2s)
epoch: 87	train loss: 9637.98046875	(16.1s)
epoch: 88	train loss: 9529.1806640625	(16.1s)
epoch: 89	train loss: 9864.6435546875	(16.1s)
epoch: 90	train loss: 9725.73828125	(16.1s)
epoch: 91	train loss: 9592.123046875	(16.2s)
epoch: 92	train loss: 9381.455078125	(16.1s)
epoch: 93	train loss: 9611.4921875	(16.1s)
epoch: 94	train loss: 9150.6640625	(16.1s)
epoch: 95	train loss: 8671.0390625	(16.1s)
epoch: 96	train loss: 9079.5263671875	(16.1s)
epoch: 97	train loss: 9065.0986328125	(16.1s)
epoch: 98	train loss: 9308.4365234375	(16.1s)
epoch: 99	train loss: 8956.0771484375	(16.0s)
Evaluating model on 200 episodes
Solved 48/200 episodes
Evaluated model in 20.8 seconds
Saved model for run
ca216cf3c8294f9590c820f8f1cf7a44 with name round-5
Round 6
Generated trajectories in 71.3 seconds
epoch: 0	train loss: 35720.8984375	(16.0s)
epoch: 1	train loss: 29158.072265625	(16.0s)
epoch: 2	train loss: 25786.064453125	(16.2s)
epoch: 3	train loss: 23810.390625	(16.2s)
epoch: 4	train loss: 22308.392578125	(16.2s)
epoch: 5	train loss: 21331.4765625	(16.1s)
epoch: 6	train loss: 20437.17578125	(16.1s)
epoch: 7	train loss: 19855.44921875	(16.2s)
epoch: 8	train loss: 19330.5625	(16.2s)
epoch: 9	train loss: 18961.943359375	(16.3s)
epoch: 10	train loss: 18479.830078125	(16.2s)
epoch: 11	train loss: 18410.671875	(16.2s)
epoch: 12	train loss: 17710.431640625	(16.2s)
epoch: 13	train loss: 17135.6875	(16.2s)
epoch: 14	train loss: 17018.333984375	(16.3s)
epoch: 15	train loss: 16901.46484375	(16.3s)
epoch: 16	train loss: 16484.498046875	(16.2s)
epoch: 17	train loss: 16266.4619140625	(16.1s)
epoch: 18	train loss: 15880.40625	(16.2s)
epoch: 19	train loss: 16062.9765625	(16.3s)
epoch: 20	train loss: 15316.6650390625	(16.3s)
epoch: 21	train loss: 15106.9990234375	(16.2s)
epoch: 22	train loss: 14786.4365234375	(16.2s)
epoch: 23	train loss: 14841.8525390625	(16.2s)
epoch: 24	train loss: 14299.6640625	(16.3s)
epoch: 25	train loss: 14059.8330078125	(16.3s)
epoch: 26	train loss: 13787.6142578125	(16.2s)
epoch: 27	train loss: 13477.5888671875	(16.2s)
epoch: 28	train loss: 13284.2392578125	(16.1s)
epoch: 29	train loss: 13586.0498046875	(16.3s)
epoch: 30	train loss: 13533.7939453125	(16.2s)
epoch: 31	train loss: 13348.064453125	(16.2s)
epoch: 32	train loss: 13419.09375	(16.1s)
epoch: 33	train loss: 13305.1513671875	(16.2s)
epoch: 34	train loss: 13247.1865234375	(16.2s)
epoch: 35	train loss: 12708.9033203125	(16.3s)
epoch: 36	train loss: 12872.63671875	(16.2s)
epoch: 37	train loss: 12827.5341796875	(16.2s)
epoch: 38	train loss: 12493.947265625	(16.2s)
epoch: 39	train loss: 12354.1435546875	(16.2s)
epoch: 40	train loss: 12735.6396484375	(16.2s)
epoch: 41	train loss: 13122.41796875	(16.2s)
epoch: 42	train loss: 12034.7705078125	(16.2s)
epoch: 43	train loss: 12003.2001953125	(16.1s)
epoch: 44	train loss: 11619.087890625	(16.2s)
epoch: 45	train loss: 11904.6220703125	(16.3s)
epoch: 46	train loss: 12152.3662109375	(16.1s)
epoch: 47	train loss: 11860.36328125	(16.1s)
epoch: 48	train loss: 12468.5068359375	(16.2s)
epoch: 49	train loss: 11429.0283203125	(16.2s)
epoch: 50	train loss: 11452.9091796875	(16.2s)
epoch: 51	train loss: 11287.693359375	(16.2s)
epoch: 52	train loss: 11528.1201171875	(16.2s)
epoch: 53	train loss: 11084.1884765625	(16.2s)
epoch: 54	train loss: 11284.0810546875	(16.2s)
epoch: 55	train loss: 11121.787109375	(16.3s)
epoch: 56	train loss: 10764.251953125	(16.2s)
epoch: 57	train loss: 10655.1650390625	(16.1s)
epoch: 58	train loss: 10363.673828125	(16.2s)
epoch: 59	train loss: 10387.3046875	(16.2s)
epoch: 60	train loss: 10499.7705078125	(16.3s)
epoch: 61	train loss: 10589.181640625	(16.3s)
epoch: 62	train loss: 10361.55078125	(16.1s)
epoch: 63	train loss: 10579.5498046875	(16.2s)
epoch: 64	train loss: 10036.6015625	(16.2s)
epoch: 65	train loss: 10034.4736328125	(16.3s)
epoch: 66	train loss: 9929.1591796875	(16.3s)
epoch: 67	train loss: 9746.783203125	(16.3s)
epoch: 68	train loss: 10127.951171875	(16.3s)
epoch: 69	train loss: 9701.4248046875	(16.2s)
epoch: 70	train loss: 9609.935546875	(16.2s)
epoch: 71	train loss: 9873.5244140625	(16.3s)
epoch: 72	train loss: 9622.9560546875	(16.3s)
epoch: 73	train loss: 10169.88671875	(16.1s)
epoch: 74	train loss: 9407.744140625	(16.2s)
epoch: 75	train loss: 9376.65234375	(16.2s)
epoch: 76	train loss: 9058.0078125	(16.2s)
epoch: 77	train loss: 9154.4013671875	(16.3s)
epoch: 78	train loss: 9651.0908203125	(16.2s)
epoch: 79	train loss: 9242.5625	(16.2s)
epoch: 80	train loss: 9530.6123046875	(16.1s)
epoch: 81	train loss: 9196.46484375	(16.3s)
epoch: 82	train loss: 9277.181640625	(16.3s)
epoch: 83	train loss: 9523.5126953125	(16.3s)
epoch: 84	train loss: 9059.5068359375	(16.2s)
epoch: 85	train loss: 8972.1513671875	(16.1s)
epoch: 86	train loss: 8761.1875	(16.2s)
epoch: 87	train loss: 9220.291015625	(16.3s)
epoch: 88	train loss: 8785.890625	(16.2s)
epoch: 89	train loss: 8661.525390625	(16.2s)
epoch: 90	train loss: 9227.5908203125	(16.2s)
epoch: 91	train loss: 8565.2509765625	(16.3s)
epoch: 92	train loss: 8955.71484375	(16.3s)
epoch: 93	train loss: 8790.7060546875	(16.2s)
epoch: 94	train loss: 9039.6376953125	(16.2s)
epoch: 95	train loss: 8757.7587890625	(16.2s)
epoch: 96	train loss: 9008.412109375	(16.2s)
epoch: 97	train loss: 8320.6923828125	(16.2s)
epoch: 98	train loss: 8822.0537109375	(16.2s)
epoch: 99	train loss: 8560.564453125	(16.2s)
Evaluating model on 200 episodes
Solved 66/200 episodes
Evaluated model in 20.2 seconds
Saved model for run
ca216cf3c8294f9590c820f8f1cf7a44 with name round-6
Round 7
Generated trajectories in 71.8 seconds
epoch: 0	train loss: 34917.40625	(16.2s)
epoch: 1	train loss: 28277.076171875	(16.2s)
epoch: 2	train loss: 25464.46484375	(16.2s)
epoch: 3	train loss: 23365.365234375	(16.3s)
epoch: 4	train loss: 22090.755859375	(16.3s)
epoch: 5	train loss: 21022.83203125	(16.3s)
epoch: 6	train loss: 20162.01171875	(16.3s)
epoch: 7	train loss: 19486.66796875	(16.3s)
epoch: 8	train loss: 19021.2578125	(16.3s)
epoch: 9	train loss: 18600.0703125	(16.4s)
epoch: 10	train loss: 17961.05859375	(16.3s)
epoch: 11	train loss: 17630.6953125	(16.3s)
epoch: 12	train loss: 17307.08984375	(16.3s)
epoch: 13	train loss: 16837.865234375	(16.3s)
epoch: 14	train loss: 16688.298828125	(16.4s)
epoch: 15	train loss: 16469.193359375	(16.3s)
epoch: 16	train loss: 16067.4345703125	(16.3s)
epoch: 17	train loss: 15621.46875	(16.3s)
epoch: 18	train loss: 15332.0458984375	(16.3s)
epoch: 19	train loss: 15512.52734375	(16.4s)
epoch: 20	train loss: 14852.15234375	(16.3s)
epoch: 21	train loss: 14865.4091796875	(16.3s)
epoch: 22	train loss: 14245.689453125	(16.3s)
epoch: 23	train loss: 13725.052734375	(16.3s)
epoch: 24	train loss: 13811.3701171875	(16.3s)
epoch: 25	train loss: 13855.9248046875	(16.3s)
epoch: 26	train loss: 13753.2529296875	(16.3s)
epoch: 27	train loss: 13280.4619140625	(16.3s)
epoch: 28	train loss: 13073.486328125	(16.3s)
epoch: 29	train loss: 12874.8291015625	(16.3s)
epoch: 30	train loss: 13087.2998046875	(16.3s)
epoch: 31	train loss: 13050.6591796875	(16.3s)
epoch: 32	train loss: 12580.416015625	(16.3s)
epoch: 33	train loss: 12015.3818359375	(16.3s)
epoch: 34	train loss: 12393.826171875	(16.3s)
epoch: 35	train loss: 12429.8984375	(16.3s)
epoch: 36	train loss: 12177.0556640625	(16.3s)
epoch: 37	train loss: 11715.44140625	(16.3s)
epoch: 38	train loss: 11797.7626953125	(16.3s)
epoch: 39	train loss: 11404.875	(16.3s)
epoch: 40	train loss: 11508.244140625	(16.3s)
epoch: 41	train loss: 11836.4951171875	(16.3s)
epoch: 42	train loss: 11420.4384765625	(16.3s)
epoch: 43	train loss: 11574.3388671875	(16.3s)
epoch: 44	train loss: 11191.6279296875	(16.3s)
epoch: 45	train loss: 11259.6826171875	(16.4s)
epoch: 46	train loss: 10783.4521484375	(16.3s)
epoch: 47	train loss: 10831.5263671875	(16.3s)
epoch: 48	train loss: 11152.4130859375	(16.3s)
epoch: 49	train loss: 10754.4189453125	(16.3s)
epoch: 50	train loss: 10789.6787109375	(16.3s)
epoch: 51	train loss: 10467.982421875	(16.3s)
epoch: 52	train loss: 10436.3837890625	(16.3s)
epoch: 53	train loss: 10480.6201171875	(16.3s)
epoch: 54	train loss: 11608.0009765625	(16.3s)
epoch: 55	train loss: 10476.5390625	(16.3s)
epoch: 56	train loss: 10529.337890625	(16.3s)
epoch: 57	train loss: 10521.97265625	(16.3s)
epoch: 58	train loss: 9796.23828125	(16.3s)
epoch: 59	train loss: 10148.205078125	(16.3s)
epoch: 60	train loss: 10074.158203125	(16.3s)
epoch: 61	train loss: 9659.8115234375	(16.4s)
epoch: 62	train loss: 9463.552734375	(16.3s)
epoch: 63	train loss: 9489.166015625	(16.3s)
epoch: 64	train loss: 9298.296875	(16.3s)
epoch: 65	train loss: 9431.1396484375	(16.3s)
epoch: 66	train loss: 9171.77734375	(16.4s)
epoch: 67	train loss: 9469.853515625	(16.3s)
epoch: 68	train loss: 9008.984375	(16.3s)
epoch: 69	train loss: 9215.2958984375	(16.3s)
epoch: 70	train loss: 8971.1689453125	(16.3s)
epoch: 71	train loss: 9381.9541015625	(16.4s)
epoch: 72	train loss: 9108.341796875	(16.3s)
epoch: 73	train loss: 9065.5517578125	(16.3s)
epoch: 74	train loss: 9227.4560546875	(16.3s)
epoch: 75	train loss: 8801.2724609375	(16.3s)
epoch: 76	train loss: 8532.806640625	(16.4s)
epoch: 77	train loss: 8463.390625	(16.4s)
epoch: 78	train loss: 8522.5546875	(16.3s)
epoch: 79	train loss: 9282.73828125	(16.3s)
epoch: 80	train loss: 8925.5126953125	(16.3s)
epoch: 81	train loss: 8964.568359375	(16.3s)
epoch: 82	train loss: 8600.517578125	(16.4s)
epoch: 83	train loss: 8383.0869140625	(16.3s)
epoch: 84	train loss: 8061.84814453125	(16.3s)
epoch: 85	train loss: 8136.17431640625	(16.3s)
epoch: 86	train loss: 8070.31005859375	(16.3s)
epoch: 87	train loss: 7914.4013671875	(16.4s)
epoch: 88	train loss: 8044.267578125	(16.3s)
epoch: 89	train loss: 8012.40673828125	(16.3s)
epoch: 90	train loss: 7512.5205078125	(16.3s)
epoch: 91	train loss: 7703.59619140625	(16.3s)
epoch: 92	train loss: 7866.5205078125	(16.4s)
epoch: 93	train loss: 7770.025390625	(16.3s)
epoch: 94	train loss: 7949.765625	(16.3s)
epoch: 95	train loss: 8233.724609375	(16.3s)
epoch: 96	train loss: 9410.7763671875	(16.3s)
epoch: 97	train loss: 8226.060546875	(16.3s)
epoch: 98	train loss: 7555.94189453125	(16.3s)
epoch: 99	train loss: 7529.912109375	(16.3s)
Evaluating model on 200 episodes
Solved 55/200 episodes
Evaluated model in 18.5 seconds
Saved model for run
ca216cf3c8294f9590c820f8f1cf7a44 with name round-7
Round 8
Generated trajectories in 71.6 seconds
epoch: 0	train loss: 32450.86328125	(16.4s)
epoch: 1	train loss: 26192.40234375	(16.2s)
epoch: 2	train loss: 23213.015625	(16.3s)
epoch: 3	train loss: 21281.06640625	(16.3s)
epoch: 4	train loss: 20010.60546875	(16.4s)
epoch: 5	train loss: 19125.6953125	(16.4s)
epoch: 6	train loss: 18205.51171875	(16.4s)
epoch: 7	train loss: 17557.51953125	(16.4s)
epoch: 8	train loss: 17340.14453125	(16.4s)
epoch: 9	train loss: 16591.30859375	(16.4s)
epoch: 10	train loss: 16317.4658203125	(16.4s)
epoch: 11	train loss: 15732.5029296875	(16.4s)
epoch: 12	train loss: 15866.5947265625	(16.4s)
epoch: 13	train loss: 15314.4423828125	(16.4s)
epoch: 14	train loss: 14755.294921875	(16.4s)
epoch: 15	train loss: 14392.669921875	(16.4s)
epoch: 16	train loss: 14284.7744140625	(16.4s)
epoch: 17	train loss: 14050.779296875	(16.4s)
epoch: 18	train loss: 13814.349609375	(16.4s)
epoch: 19	train loss: 13573.73828125	(16.4s)
epoch: 20	train loss: 13134.533203125	(16.4s)
epoch: 21	train loss: 13845.076171875	(16.4s)
epoch: 22	train loss: 12943.6748046875	(16.4s)
epoch: 23	train loss: 12539.884765625	(16.4s)
epoch: 24	train loss: 12236.4931640625	(16.4s)
epoch: 25	train loss: 12017.57421875	(16.4s)
epoch: 26	train loss: 11876.849609375	(16.4s)
epoch: 27	train loss: 11536.330078125	(16.4s)
epoch: 28	train loss: 12139.8955078125	(16.4s)
epoch: 29	train loss: 11535.36328125	(16.4s)
epoch: 30	train loss: 11686.2021484375	(16.4s)
epoch: 31	train loss: 11636.0634765625	(16.4s)
epoch: 32	train loss: 11269.34375	(16.4s)
epoch: 33	train loss: 11404.0693359375	(16.4s)
epoch: 34	train loss: 11019.408203125	(16.4s)
epoch: 35	train loss: 11258.2158203125	(16.4s)
epoch: 36	train loss: 10960.6044921875	(16.4s)
epoch: 37	train loss: 10733.283203125	(16.4s)
epoch: 38	train loss: 10416.771484375	(16.4s)
epoch: 39	train loss: 10349.3447265625	(16.4s)
epoch: 40	train loss: 10050.2490234375	(16.4s)
epoch: 41	train loss: 10602.3466796875	(16.4s)
epoch: 42	train loss: 10174.140625	(16.3s)
epoch: 43	train loss: 9827.79296875	(16.4s)
epoch: 44	train loss: 9873.4677734375	(16.4s)
epoch: 45	train loss: 9736.79296875	(16.4s)
epoch: 46	train loss: 9543.30078125	(16.4s)
epoch: 47	train loss: 9896.7412109375	(16.4s)
epoch: 48	train loss: 9275.3984375	(16.4s)
epoch: 49	train loss: 10012.857421875	(16.4s)
epoch: 50	train loss: 9208.4951171875	(16.4s)
epoch: 51	train loss: 9250.384765625	(16.4s)
epoch: 52	train loss: 9311.3525390625	(16.4s)
epoch: 53	train loss: 9772.712890625	(16.4s)
epoch: 54	train loss: 9370.5380859375	(16.4s)
epoch: 55	train loss: 9220.263671875	(16.4s)
epoch: 56	train loss: 9155.875	(16.4s)
epoch: 57	train loss: 9758.3408203125	(16.4s)
epoch: 58	train loss: 8707.958984375	(16.4s)
epoch: 59	train loss: 8560.2607421875	(16.4s)
epoch: 60	train loss: 8717.9990234375	(16.4s)
epoch: 61	train loss: 8890.7548828125	(16.4s)
epoch: 62	train loss: 8548.4384765625	(16.4s)
epoch: 63	train loss: 8926.884765625	(16.4s)
epoch: 64	train loss: 8554.3017578125	(16.4s)
epoch: 65	train loss: 8462.7099609375	(16.4s)
epoch: 66	train loss: 8276.0068359375	(16.4s)
epoch: 67	train loss: 8470.1103515625	(16.4s)
epoch: 68	train loss: 8149.7392578125	(16.4s)
epoch: 69	train loss: 8238.7939453125	(16.4s)
epoch: 70	train loss: 8532.50390625	(16.4s)
epoch: 71	train loss: 8402.421875	(16.4s)
epoch: 72	train loss: 8399.955078125	(16.4s)
epoch: 73	train loss: 8519.0654296875	(16.4s)
epoch: 74	train loss: 8156.6298828125	(16.4s)
epoch: 75	train loss: 8106.4052734375	(16.3s)
epoch: 76	train loss: 7919.978515625	(16.4s)
epoch: 77	train loss: 8093.62548828125	(16.4s)
epoch: 78	train loss: 8275.0625	(16.4s)
epoch: 79	train loss: 7589.58544921875	(16.4s)
epoch: 80	train loss: 7550.13720703125	(16.4s)
epoch: 81	train loss: 7791.97607421875	(16.4s)
epoch: 82	train loss: 7766.609375	(16.4s)
epoch: 83	train loss: 7526.4599609375	(16.4s)
epoch: 84	train loss: 7559.5771484375	(16.4s)
epoch: 85	train loss: 7355.154296875	(16.4s)
epoch: 86	train loss: 7401.8232421875	(16.4s)
epoch: 87	train loss: 7355.41943359375	(16.4s)
epoch: 88	train loss: 7481.6962890625	(16.4s)
epoch: 89	train loss: 7346.72509765625	(16.4s)
epoch: 90	train loss: 7326.990234375	(16.4s)
epoch: 91	train loss: 6839.27392578125	(16.4s)
epoch: 92	train loss: 7089.2646484375	(16.4s)
epoch: 93	train loss: 7541.0654296875	(16.4s)
epoch: 94	train loss: 7159.033203125	(16.4s)
epoch: 95	train loss: 6760.0849609375	(16.4s)
epoch: 96	train loss: 6990.3818359375	(16.3s)
epoch: 97	train loss: 6827.28955078125	(16.3s)
epoch: 98	train loss: 6454.90625	(16.3s)
epoch: 99	train loss: 6990.404296875	(16.3s)
Evaluating model on 200 episodes
Solved 68/200 episodes
Evaluated model in 19.0 seconds
Saved model for run
ca216cf3c8294f9590c820f8f1cf7a44 with name round-8
Round 9
Generated trajectories in 71.7 seconds
epoch: 0	train loss: 30167.923828125	(16.3s)
epoch: 1	train loss: 23488.810546875	(16.2s)
epoch: 2	train loss: 20991.919921875	(16.3s)
epoch: 3	train loss: 18826.12109375	(16.3s)
epoch: 4	train loss: 17647.14453125	(16.4s)
epoch: 5	train loss: 16731.955078125	(16.4s)
epoch: 6	train loss: 15969.90625	(16.4s)
epoch: 7	train loss: 15287.5693359375	(16.4s)
epoch: 8	train loss: 14786.3369140625	(16.4s)
epoch: 9	train loss: 14543.099609375	(16.4s)
epoch: 10	train loss: 14142.9169921875	(16.5s)
epoch: 11	train loss: 13895.71484375	(16.5s)
epoch: 12	train loss: 13751.5244140625	(16.5s)
epoch: 13	train loss: 13099.5361328125	(16.5s)
epoch: 14	train loss: 13165.6845703125	(16.4s)
epoch: 15	train loss: 12470.984375	(16.5s)
epoch: 16	train loss: 12024.0244140625	(16.5s)
epoch: 17	train loss: 11665.361328125	(16.4s)
epoch: 18	train loss: 11808.95703125	(16.4s)
epoch: 19	train loss: 11713.3681640625	(16.4s)
epoch: 20	train loss: 11528.6259765625	(16.5s)
epoch: 21	train loss: 11140.3505859375	(16.5s)
epoch: 22	train loss: 11214.251953125	(16.4s)
epoch: 23	train loss: 11165.2314453125	(16.4s)
epoch: 24	train loss: 10518.30078125	(16.4s)
epoch: 25	train loss: 10343.046875	(16.4s)
epoch: 26	train loss: 10485.4814453125	(16.5s)
epoch: 27	train loss: 10293.861328125	(16.5s)
epoch: 28	train loss: 10213.0380859375	(16.4s)
epoch: 29	train loss: 9895.0107421875	(16.4s)
epoch: 30	train loss: 9942.9375	(16.4s)
epoch: 31	train loss: 9778.318359375	(16.5s)
epoch: 32	train loss: 9641.8935546875	(16.5s)
epoch: 33	train loss: 9336.49609375	(16.5s)
epoch: 34	train loss: 9155.9951171875	(16.4s)
epoch: 35	train loss: 9906.56640625	(16.5s)
epoch: 36	train loss: 9256.533203125	(16.5s)
epoch: 37	train loss: 9072.26171875	(16.5s)
epoch: 38	train loss: 8633.09375	(16.5s)
epoch: 39	train loss: 8758.498046875	(16.4s)
epoch: 40	train loss: 8660.9169921875	(16.5s)
epoch: 41	train loss: 8757.1201171875	(16.5s)
epoch: 42	train loss: 8766.2392578125	(16.5s)
epoch: 43	train loss: 9038.0166015625	(16.5s)
epoch: 44	train loss: 8708.0185546875	(16.4s)
epoch: 45	train loss: 9045.154296875	(16.4s)
epoch: 46	train loss: 8433.708984375	(16.5s)
epoch: 47	train loss: 8249.7216796875	(16.5s)
epoch: 48	train loss: 8066.77392578125	(16.5s)
epoch: 49	train loss: 8294.599609375	(16.4s)
epoch: 50	train loss: 7980.8349609375	(16.4s)
epoch: 51	train loss: 8026.00146484375	(16.5s)
epoch: 52	train loss: 8216.8291015625	(16.5s)
epoch: 53	train loss: 7935.11083984375	(16.5s)
epoch: 54	train loss: 7574.5791015625	(16.4s)
epoch: 55	train loss: 7515.8095703125	(16.4s)
epoch: 56	train loss: 7467.451171875	(16.4s)
epoch: 57	train loss: 7383.3984375	(16.5s)
epoch: 58	train loss: 7051.94970703125	(16.5s)
epoch: 59	train loss: 7438.669921875	(16.5s)
epoch: 60	train loss: 7246.42431640625	(16.4s)
epoch: 61	train loss: 7385.11279296875	(16.5s)
epoch: 62	train loss: 7277.021484375	(16.5s)
epoch: 63	train loss: 6960.40576171875	(16.5s)
epoch: 64	train loss: 7099.62744140625	(16.5s)
epoch: 65	train loss: 6596.72314453125	(16.4s)
epoch: 66	train loss: 7222.67578125	(16.4s)
epoch: 67	train loss: 7420.8095703125	(16.5s)
epoch: 68	train loss: 6800.5517578125	(16.5s)
epoch: 69	train loss: 6903.77490234375	(16.5s)
epoch: 70	train loss: 6446.1376953125	(16.4s)
epoch: 71	train loss: 7205.96142578125	(16.4s)
epoch: 72	train loss: 6757.8818359375	(16.5s)
epoch: 73	train loss: 6604.3193359375	(16.5s)
epoch: 74	train loss: 6450.89697265625	(16.5s)
epoch: 75	train loss: 6554.15478515625	(16.5s)
epoch: 76	train loss: 6779.06640625	(16.4s)
epoch: 77	train loss: 6565.2548828125	(16.5s)
epoch: 78	train loss: 6116.27392578125	(16.5s)
epoch: 79	train loss: 6584.3515625	(16.5s)
epoch: 80	train loss: 5725.8046875	(16.4s)
epoch: 81	train loss: 5633.70458984375	(16.4s)
epoch: 82	train loss: 6157.6259765625	(16.5s)
epoch: 83	train loss: 6386.93994140625	(16.5s)
epoch: 84	train loss: 6026.64990234375	(16.5s)
epoch: 85	train loss: 6305.22509765625	(16.4s)
epoch: 86	train loss: 6396.2216796875	(16.4s)
epoch: 87	train loss: 6083.87060546875	(16.5s)
epoch: 88	train loss: 5742.85205078125	(16.5s)
epoch: 89	train loss: 5893.8525390625	(16.5s)
epoch: 90	train loss: 5907.1767578125	(16.5s)
epoch: 91	train loss: 5697.0009765625	(16.4s)
epoch: 92	train loss: 5775.49951171875	(16.4s)
epoch: 93	train loss: 5238.07080078125	(16.5s)
epoch: 94	train loss: 5591.5966796875	(16.5s)
epoch: 95	train loss: 5544.896484375	(16.4s)
epoch: 96	train loss: 5337.93310546875	(16.4s)
epoch: 97	train loss: 5620.94140625	(16.4s)
epoch: 98	train loss: 6354.75	(16.4s)
epoch: 99	train loss: 5512.7275390625	(16.4s)
Evaluating model on 200 episodes
Solved 93/200 episodes
Evaluated model in 20.5 seconds
Saved model for run
ca216cf3c8294f9590c820f8f1cf7a44 with name round-9
Round 10
Generated trajectories in 71.8 seconds
epoch: 0	train loss: 24896.2421875	(16.2s)
epoch: 1	train loss: 19477.708984375	(16.2s)
epoch: 2	train loss: 17253.283203125	(16.3s)
epoch: 3	train loss: 16187.3759765625	(16.2s)
epoch: 4	train loss: 14891.4052734375	(16.2s)
epoch: 5	train loss: 13943.880859375	(16.2s)
epoch: 6	train loss: 13232.8935546875	(16.3s)
epoch: 7	train loss: 13218.6162109375	(16.4s)
epoch: 8	train loss: 12987.421875	(16.3s)
epoch: 9	train loss: 11638.8193359375	(16.3s)
epoch: 10	train loss: 11639.892578125	(16.3s)
epoch: 11	train loss: 11005.7568359375	(16.4s)
epoch: 12	train loss: 11470.619140625	(16.3s)
epoch: 13	train loss: 10493.3212890625	(16.3s)
epoch: 14	train loss: 10268.796875	(16.3s)
epoch: 15	train loss: 10911.0546875	(16.3s)
epoch: 16	train loss: 10470.4267578125	(16.4s)
epoch: 17	train loss: 9811.9052734375	(16.3s)
epoch: 18	train loss: 10157.84765625	(16.3s)
epoch: 19	train loss: 9171.302734375	(16.3s)
epoch: 20	train loss: 9061.6787109375	(16.2s)
epoch: 21	train loss: 8835.1875	(16.3s)
epoch: 22	train loss: 9339.1982421875	(16.4s)
epoch: 23	train loss: 9629.9052734375	(16.3s)
epoch: 24	train loss: 9181.263671875	(16.3s)
epoch: 25	train loss: 8768.8583984375	(16.3s)
epoch: 26	train loss: 8796.6953125	(16.4s)
epoch: 27	train loss: 8356.0947265625	(16.4s)
epoch: 28	train loss: 8463.43359375	(16.3s)
epoch: 29	train loss: 8049.85595703125	(16.3s)
epoch: 30	train loss: 8019.53759765625	(16.2s)
epoch: 31	train loss: 8745.60546875	(16.4s)
epoch: 32	train loss: 7534.06103515625	(16.4s)
epoch: 33	train loss: 7536.89990234375	(16.3s)
epoch: 34	train loss: 7702.26416015625	(16.2s)
epoch: 35	train loss: 7555.6787109375	(16.2s)
epoch: 36	train loss: 7809.3310546875	(16.3s)
epoch: 37	train loss: 6991.4658203125	(16.4s)
epoch: 38	train loss: 7930.71875	(16.4s)
epoch: 39	train loss: 7799.6171875	(16.2s)
epoch: 40	train loss: 7747.4814453125	(16.3s)
epoch: 41	train loss: 7137.45947265625	(16.2s)
epoch: 42	train loss: 7179.06640625	(16.4s)
epoch: 43	train loss: 6556.29150390625	(16.2s)
epoch: 44	train loss: 6732.65966796875	(16.3s)
epoch: 45	train loss: 6843.73779296875	(16.3s)
epoch: 46	train loss: 7324.11962890625	(16.3s)
epoch: 47	train loss: 6526.939453125	(16.4s)
epoch: 48	train loss: 7006.52197265625	(16.4s)
epoch: 49	train loss: 6402.3603515625	(16.3s)
epoch: 50	train loss: 6844.21044921875	(16.3s)
epoch: 51	train loss: 6885.89697265625	(16.3s)
epoch: 52	train loss: 6986.7890625	(16.4s)
epoch: 53	train loss: 7372.3193359375	(16.3s)
epoch: 54	train loss: 6000.4248046875	(16.3s)
epoch: 55	train loss: 5744.544921875	(16.3s)
epoch: 56	train loss: 6571.67529296875	(16.3s)
epoch: 57	train loss: 5583.205078125	(16.3s)
epoch: 58	train loss: 6138.953125	(16.4s)
epoch: 59	train loss: 6951.67724609375	(16.3s)
epoch: 60	train loss: 5925.75732421875	(16.3s)
epoch: 61	train loss: 5576.78955078125	(16.3s)
epoch: 62	train loss: 6353.80322265625	(16.3s)
epoch: 63	train loss: 5671.1669921875	(16.4s)
epoch: 64	train loss: 5199.57421875	(16.4s)
epoch: 65	train loss: 5344.11767578125	(16.2s)
epoch: 66	train loss: 5512.81640625	(16.3s)
epoch: 67	train loss: 5420.326171875	(16.3s)
epoch: 68	train loss: 5506.4375	(16.4s)
epoch: 69	train loss: 5298.8759765625	(16.4s)
epoch: 70	train loss: 4879.14794921875	(16.3s)
epoch: 71	train loss: 5519.4853515625	(16.3s)
epoch: 72	train loss: 5809.271484375	(16.2s)
epoch: 73	train loss: 5194.01611328125	(16.4s)
epoch: 74	train loss: 4912.9912109375	(16.2s)
epoch: 75	train loss: 5078.984375	(16.3s)
epoch: 76	train loss: 5037.09130859375	(16.3s)
epoch: 77	train loss: 5917.62109375	(16.3s)
epoch: 78	train loss: 5041.3818359375	(16.2s)
epoch: 79	train loss: 5897.49169921875	(16.4s)
epoch: 80	train loss: 5800.3974609375	(16.3s)
epoch: 81	train loss: 4914.375	(16.3s)
epoch: 82	train loss: 4639.92919921875	(16.3s)
epoch: 83	train loss: 4419.38232421875	(16.3s)
epoch: 84	train loss: 4807.076171875	(16.2s)
epoch: 85	train loss: 5234.884765625	(16.3s)
epoch: 86	train loss: 4550.3369140625	(16.3s)
epoch: 87	train loss: 5017.17138671875	(16.3s)
epoch: 88	train loss: 4910.58447265625	(16.3s)
epoch: 89	train loss: 5214.83056640625	(16.4s)
epoch: 90	train loss: 5259.43359375	(16.2s)
epoch: 91	train loss: 6593.595703125	(16.3s)
epoch: 92	train loss: 4389.9375	(16.3s)
epoch: 93	train loss: 4453.81103515625	(16.3s)
epoch: 94	train loss: 4208.232421875	(16.3s)
epoch: 95	train loss: 4379.40869140625	(16.3s)
epoch: 96	train loss: 3972.80712890625	(16.3s)
epoch: 97	train loss: 4088.852294921875	(16.2s)
epoch: 98	train loss: 4331.98974609375	(16.2s)
epoch: 99	train loss: 5900.29052734375	(16.3s)
Evaluating model on 200 episodes
Solved 119/200 episodes
Evaluated model in 22.4 seconds
Saved model for run
ca216cf3c8294f9590c820f8f1cf7a44 with name round-10
Round 11
Generated trajectories in 71.1 seconds
epoch: 0	train loss: 20764.53515625	(16.3s)
epoch: 1	train loss: 15473.451171875	(16.3s)
epoch: 2	train loss: 13619.9609375	(16.2s)
epoch: 3	train loss: 12968.2490234375	(16.2s)
epoch: 4	train loss: 12452.390625	(16.2s)
epoch: 5	train loss: 11112.38671875	(16.2s)
epoch: 6	train loss: 10537.220703125	(16.3s)
epoch: 7	train loss: 10596.296875	(16.2s)
epoch: 8	train loss: 10114.392578125	(16.3s)
epoch: 9	train loss: 9893.8916015625	(16.2s)
epoch: 10	train loss: 9378.1337890625	(16.3s)
epoch: 11	train loss: 9586.6083984375	(16.3s)
epoch: 12	train loss: 8806.5693359375	(16.3s)
epoch: 13	train loss: 9218.6650390625	(16.3s)
epoch: 14	train loss: 8007.47119140625	(16.2s)
epoch: 15	train loss: 7961.91259765625	(16.3s)
epoch: 16	train loss: 7866.5341796875	(16.3s)
epoch: 17	train loss: 7931.02099609375	(16.3s)
epoch: 18	train loss: 7278.50732421875	(16.3s)
epoch: 19	train loss: 7761.671875	(16.3s)
epoch: 20	train loss: 7857.13818359375	(16.3s)
epoch: 21	train loss: 6833.328125	(16.3s)
epoch: 22	train loss: 7796.2275390625	(16.3s)
epoch: 23	train loss: 7766.33837890625	(16.3s)
epoch: 24	train loss: 6761.35888671875	(16.3s)
epoch: 25	train loss: 7475.78955078125	(16.3s)
epoch: 26	train loss: 6817.25439453125	(16.3s)
epoch: 27	train loss: 6412.037109375	(16.3s)
epoch: 28	train loss: 6451.69189453125	(16.3s)
epoch: 29	train loss: 6698.25634765625	(16.3s)
epoch: 30	train loss: 7311.103515625	(16.3s)
epoch: 31	train loss: 7702.876953125	(16.3s)
epoch: 32	train loss: 5966.2890625	(16.3s)
epoch: 33	train loss: 6685.93310546875	(16.3s)
epoch: 34	train loss: 6554.41552734375	(16.3s)
epoch: 35	train loss: 5907.48974609375	(16.3s)
epoch: 36	train loss: 5664.974609375	(16.3s)
epoch: 37	train loss: 6904.6806640625	(16.3s)
epoch: 38	train loss: 6139.01513671875	(16.3s)
epoch: 39	train loss: 5719.07177734375	(16.3s)
epoch: 40	train loss: 5451.21044921875	(16.3s)
epoch: 41	train loss: 6735.12353515625	(16.3s)
epoch: 42	train loss: 5506.544921875	(16.3s)
epoch: 43	train loss: 6027.72314453125	(16.3s)
epoch: 44	train loss: 5261.76416015625	(16.3s)
epoch: 45	train loss: 5995.6689453125	(16.3s)
epoch: 46	train loss: 7192.81884765625	(16.3s)
epoch: 47	train loss: 5253.37939453125	(16.3s)
epoch: 48	train loss: 4435.9287109375	(16.3s)
epoch: 49	train loss: 4590.57666015625	(16.3s)
epoch: 50	train loss: 5887.30859375	(16.3s)
epoch: 51	train loss: 4769.10302734375	(16.3s)
epoch: 52	train loss: 4923.15576171875	(16.3s)
epoch: 53	train loss: 4711.42431640625	(16.3s)
epoch: 54	train loss: 4308.3388671875	(16.3s)
epoch: 55	train loss: 5575.8583984375	(16.3s)
epoch: 56	train loss: 5359.8232421875	(16.3s)
epoch: 57	train loss: 7844.798828125	(16.3s)
epoch: 58	train loss: 5093.7548828125	(16.3s)
epoch: 59	train loss: 4876.81591796875	(16.3s)
epoch: 60	train loss: 3814.814697265625	(16.3s)
epoch: 61	train loss: 4068.150634765625	(16.3s)
epoch: 62	train loss: 5603.685546875	(16.3s)
epoch: 63	train loss: 6035.99462890625	(16.3s)
epoch: 64	train loss: 4341.9580078125	(16.3s)
epoch: 65	train loss: 4925.494140625	(16.3s)
epoch: 66	train loss: 5205.73974609375	(16.3s)
epoch: 67	train loss: 5260.8974609375	(16.3s)
epoch: 68	train loss: 4985.2529296875	(16.3s)
epoch: 69	train loss: 4443.78173828125	(16.3s)
epoch: 70	train loss: 4420.669921875	(16.3s)
epoch: 71	train loss: 4426.60400390625	(16.3s)
epoch: 72	train loss: 3998.874267578125	(16.3s)
epoch: 73	train loss: 4309.87353515625	(16.3s)
epoch: 74	train loss: 4133.86865234375	(16.3s)
epoch: 75	train loss: 4572.67529296875	(16.3s)
epoch: 76	train loss: 4101.53955078125	(16.3s)
epoch: 77	train loss: 6013.9482421875	(16.3s)
epoch: 78	train loss: 3563.732177734375	(16.3s)
epoch: 79	train loss: 3490.592529296875	(16.3s)
epoch: 80	train loss: 4146.04833984375	(16.3s)
epoch: 81	train loss: 4523.31591796875	(16.3s)
epoch: 82	train loss: 3568.022705078125	(16.3s)
epoch: 83	train loss: 5137.3037109375	(16.3s)
epoch: 84	train loss: 4359.330078125	(16.3s)
epoch: 85	train loss: 4540.74462890625	(16.3s)
epoch: 86	train loss: 5145.5126953125	(16.3s)
epoch: 87	train loss: 4230.40966796875	(16.3s)
epoch: 88	train loss: 4245.076171875	(16.3s)
epoch: 89	train loss: 3994.3486328125	(16.3s)
epoch: 90	train loss: 3864.4609375	(16.3s)
epoch: 91	train loss: 4263.83203125	(16.3s)
epoch: 92	train loss: 4046.7421875	(16.3s)
epoch: 93	train loss: 3469.192138671875	(16.3s)
epoch: 94	train loss: 3543.392333984375	(16.3s)
epoch: 95	train loss: 5860.29443359375	(16.2s)
epoch: 96	train loss: 3778.607666015625	(16.2s)
epoch: 97	train loss: 3822.113037109375	(16.2s)
epoch: 98	train loss: 3727.656982421875	(16.3s)
epoch: 99	train loss: 3179.04541015625	(16.3s)
Evaluating model on 200 episodes
Solved 122/200 episodes
Evaluated model in 22.2 seconds
Saved model for run
ca216cf3c8294f9590c820f8f1cf7a44 with name round-11
Round 12
Generated trajectories in 72.3 seconds
epoch: 0	train loss: 15794.87890625	(16.4s)
epoch: 1	train loss: 12421.8505859375	(16.3s)
epoch: 2	train loss: 11436.556640625	(16.4s)
epoch: 3	train loss: 9866.1875	(16.4s)
epoch: 4	train loss: 8969.564453125	(16.4s)
epoch: 5	train loss: 8842.6875	(16.4s)
epoch: 6	train loss: 8363.623046875	(16.4s)
epoch: 7	train loss: 8152.37451171875	(16.4s)
epoch: 8	train loss: 7946.966796875	(16.4s)
epoch: 9	train loss: 7812.5498046875	(16.5s)
epoch: 10	train loss: 7257.125	(16.5s)
epoch: 11	train loss: 6864.35498046875	(16.5s)
epoch: 12	train loss: 7005.81884765625	(16.5s)
epoch: 13	train loss: 13164.6689453125	(16.4s)
epoch: 14	train loss: 6722.1708984375	(16.5s)
epoch: 15	train loss: 7796.31982421875	(16.5s)
epoch: 16	train loss: 6912.56884765625	(16.5s)
epoch: 17	train loss: 7455.83203125	(16.5s)
epoch: 18	train loss: 6263.92724609375	(16.4s)
epoch: 19	train loss: 6206.466796875	(16.5s)
epoch: 20	train loss: 6185.3837890625	(16.5s)
epoch: 21	train loss: 5359.82958984375	(16.5s)
epoch: 22	train loss: 5268.44921875	(16.5s)
epoch: 23	train loss: 5439.7900390625	(16.5s)
epoch: 24	train loss: 6543.7001953125	(16.5s)
epoch: 25	train loss: 6723.841796875	(16.5s)
epoch: 26	train loss: 6512.759765625	(16.5s)
epoch: 27	train loss: 5041.5224609375	(16.5s)
epoch: 28	train loss: 5438.724609375	(16.4s)
epoch: 29	train loss: 4926.17529296875	(16.5s)
epoch: 30	train loss: 7356.44091796875	(16.5s)
epoch: 31	train loss: 4858.31005859375	(16.5s)
epoch: 32	train loss: 5003.046875	(16.5s)
epoch: 33	train loss: 5702.41259765625	(16.5s)
epoch: 34	train loss: 4585.763671875	(16.5s)
epoch: 35	train loss: 5764.677734375	(16.5s)
epoch: 36	train loss: 4636.6259765625	(16.5s)
epoch: 37	train loss: 4922.4091796875	(16.5s)
epoch: 38	train loss: 6656.302734375	(16.5s)
epoch: 39	train loss: 4815.51123046875	(16.5s)
epoch: 40	train loss: 4213.98486328125	(16.5s)
epoch: 41	train loss: 3931.13232421875	(16.5s)
epoch: 42	train loss: 4660.3173828125	(16.5s)
epoch: 43	train loss: 13348.400390625	(16.5s)
epoch: 44	train loss: 5109.0634765625	(16.4s)
epoch: 45	train loss: 4244.7587890625	(16.5s)
epoch: 46	train loss: 4864.234375	(16.5s)
epoch: 47	train loss: 4269.59326171875	(16.5s)
epoch: 48	train loss: 4910.50439453125	(16.4s)
epoch: 49	train loss: 4569.248046875	(16.4s)
epoch: 50	train loss: 4220.33935546875	(16.4s)
epoch: 51	train loss: 3677.8203125	(16.5s)
epoch: 52	train loss: 4874.39794921875	(16.5s)
epoch: 53	train loss: 3986.619384765625	(16.5s)
epoch: 54	train loss: 3706.1787109375	(16.4s)
epoch: 55	train loss: 3602.12646484375	(16.4s)
epoch: 56	train loss: 4771.56689453125	(16.5s)
epoch: 57	train loss: 3889.2265625	(16.5s)
epoch: 58	train loss: 3933.27490234375	(16.4s)
epoch: 59	train loss: 3586.091552734375	(16.4s)
epoch: 60	train loss: 4174.7119140625	(16.4s)
epoch: 61	train loss: 4853.390625	(16.5s)
epoch: 62	train loss: 3541.882080078125	(16.5s)
epoch: 63	train loss: 4623.17138671875	(16.5s)
epoch: 64	train loss: 4483.146484375	(16.4s)
epoch: 65	train loss: 4387.59814453125	(16.5s)
epoch: 66	train loss: 3645.858154296875	(16.5s)
epoch: 67	train loss: 3229.18603515625	(16.5s)
epoch: 68	train loss: 4549.62158203125	(16.5s)
epoch: 69	train loss: 3335.2578125	(16.4s)
epoch: 70	train loss: 6377.12353515625	(16.4s)
epoch: 71	train loss: 3633.880859375	(16.5s)
epoch: 72	train loss: 3923.6103515625	(16.5s)
epoch: 73	train loss: 3055.560546875	(16.5s)
epoch: 74	train loss: 3773.550537109375	(16.4s)
epoch: 75	train loss: 3890.767578125	(16.4s)
epoch: 76	train loss: 3087.431396484375	(16.5s)
epoch: 77	train loss: 3148.25341796875	(16.5s)
epoch: 78	train loss: 3966.729736328125	(16.5s)
epoch: 79	train loss: 3448.196533203125	(16.4s)
epoch: 80	train loss: 3719.2802734375	(16.4s)
epoch: 81	train loss: 4844.1474609375	(16.5s)
epoch: 82	train loss: 3661.235107421875	(16.5s)
epoch: 83	train loss: 2773.661376953125	(16.5s)
epoch: 84	train loss: 3322.515625	(16.4s)
epoch: 85	train loss: 3224.410888671875	(16.4s)
epoch: 86	train loss: 4250.166015625	(16.5s)
epoch: 87	train loss: 3180.47314453125	(16.5s)
epoch: 88	train loss: 3657.933837890625	(16.5s)
epoch: 89	train loss: 2701.472412109375	(16.5s)
epoch: 90	train loss: 3548.52490234375	(16.5s)
epoch: 91	train loss: 2534.618408203125	(16.5s)
epoch: 92	train loss: 4932.79541015625	(16.5s)
epoch: 93	train loss: 3304.253662109375	(16.5s)
epoch: 94	train loss: 3369.588134765625	(16.5s)
epoch: 95	train loss: 3554.4267578125	(16.4s)
epoch: 96	train loss: 5105.86669921875	(16.4s)
epoch: 97	train loss: 3125.8505859375	(16.4s)
epoch: 98	train loss: 4165.359375	(16.4s)
epoch: 99	train loss: 2644.900634765625	(16.4s)
Evaluating model on 200 episodes
Solved 145/200 episodes
Evaluated model in 21.6 seconds
Saved model for run
ca216cf3c8294f9590c820f8f1cf7a44 with name round-12
Round 13
Generated trajectories in 71.9 seconds
epoch: 0	train loss: 12450.9033203125	(16.3s)
epoch: 1	train loss: 9132.2060546875	(16.2s)
epoch: 2	train loss: 8464.775390625	(16.4s)
epoch: 3	train loss: 8243.890625	(16.5s)
epoch: 4	train loss: 7496.60302734375	(16.5s)
epoch: 5	train loss: 7788.556640625	(16.4s)
epoch: 6	train loss: 7841.015625	(16.4s)
epoch: 7	train loss: 6404.3798828125	(16.3s)
epoch: 8	train loss: 6120.25341796875	(16.4s)
epoch: 9	train loss: 6330.056640625	(16.4s)
epoch: 10	train loss: 5405.47802734375	(16.4s)
epoch: 11	train loss: 7378.318359375	(16.4s)
epoch: 12	train loss: 6579.23291015625	(16.4s)
epoch: 13	train loss: 6515.63232421875	(16.5s)
epoch: 14	train loss: 5711.27587890625	(16.5s)
epoch: 15	train loss: 5328.2978515625	(16.4s)
epoch: 16	train loss: 5656.5859375	(16.5s)
epoch: 17	train loss: 5271.68994140625	(16.4s)
epoch: 18	train loss: 5442.1259765625	(16.5s)
epoch: 19	train loss: 5539.25537109375	(16.5s)
epoch: 20	train loss: 5190.93994140625	(16.5s)
epoch: 21	train loss: 4332.9677734375	(16.5s)
epoch: 22	train loss: 5642.76171875	(16.4s)
epoch: 23	train loss: 4923.60546875	(16.4s)
epoch: 24	train loss: 5481.9814453125	(16.5s)
epoch: 25	train loss: 5260.103515625	(16.5s)
epoch: 26	train loss: 4063.996826171875	(16.5s)
epoch: 27	train loss: 4426.7744140625	(16.4s)
epoch: 28	train loss: 5287.60009765625	(16.4s)
epoch: 29	train loss: 4305.47900390625	(16.5s)
epoch: 30	train loss: 4819.95947265625	(16.5s)
epoch: 31	train loss: 5026.205078125	(16.4s)
epoch: 32	train loss: 3713.0458984375	(16.4s)
epoch: 33	train loss: 3880.263671875	(16.4s)
epoch: 34	train loss: 4063.30615234375	(16.5s)
epoch: 35	train loss: 3982.461181640625	(16.5s)
epoch: 36	train loss: 4694.80322265625	(16.4s)
epoch: 37	train loss: 3975.2578125	(16.4s)
epoch: 38	train loss: 3227.1357421875	(16.4s)
epoch: 39	train loss: 4396.01171875	(16.5s)
epoch: 40	train loss: 4348.50146484375	(16.5s)
epoch: 41	train loss: 4909.763671875	(16.5s)
epoch: 42	train loss: 3213.67822265625	(16.4s)
epoch: 43	train loss: 3789.8759765625	(16.4s)
epoch: 44	train loss: 4207.6982421875	(16.5s)
epoch: 45	train loss: 4762.806640625	(16.5s)
epoch: 46	train loss: 4046.31298828125	(16.5s)
epoch: 47	train loss: 3851.296630859375	(16.5s)
epoch: 48	train loss: 3661.472900390625	(16.4s)
epoch: 49	train loss: 3411.498046875	(16.4s)
epoch: 50	train loss: 3897.197021484375	(16.5s)
epoch: 51	train loss: 3084.976318359375	(16.5s)
epoch: 52	train loss: 3380.965087890625	(16.5s)
epoch: 53	train loss: 3304.7431640625	(16.4s)
epoch: 54	train loss: 4504.49755859375	(16.5s)
epoch: 55	train loss: 4093.63134765625	(16.5s)
epoch: 56	train loss: 3894.409423828125	(16.5s)
epoch: 57	train loss: 2908.816162109375	(16.4s)
epoch: 58	train loss: 4223.92529296875	(16.4s)
epoch: 59	train loss: 2847.114501953125	(16.4s)
epoch: 60	train loss: 3101.30029296875	(16.5s)
epoch: 61	train loss: 2698.14208984375	(16.5s)
epoch: 62	train loss: 3470.486083984375	(16.4s)
epoch: 63	train loss: 3300.9326171875	(16.4s)
epoch: 64	train loss: 4029.2216796875	(16.4s)
epoch: 65	train loss: 4136.95947265625	(16.5s)
epoch: 66	train loss: 2947.862060546875	(16.5s)
epoch: 67	train loss: 3872.923583984375	(16.5s)
epoch: 68	train loss: 4404.2568359375	(16.4s)
epoch: 69	train loss: 2816.03564453125	(16.4s)
epoch: 70	train loss: 4799.919921875	(16.5s)
epoch: 71	train loss: 3826.1328125	(16.5s)
epoch: 72	train loss: 3420.42138671875	(16.5s)
epoch: 73	train loss: 2330.830078125	(16.4s)
epoch: 74	train loss: 2707.64599609375	(16.4s)
epoch: 75	train loss: 2191.300537109375	(16.5s)
epoch: 76	train loss: 3101.665771484375	(16.5s)
epoch: 77	train loss: 3096.48828125	(16.5s)
epoch: 78	train loss: 3899.3701171875	(16.5s)
epoch: 79	train loss: 2799.17236328125	(16.4s)
epoch: 80	train loss: 2713.6181640625	(16.4s)
epoch: 81	train loss: 3269.956298828125	(16.5s)
epoch: 82	train loss: 3339.1884765625	(16.5s)
epoch: 83	train loss: 2706.186767578125	(16.5s)
epoch: 84	train loss: 2334.648681640625	(16.4s)
epoch: 85	train loss: 4993.416015625	(16.4s)
epoch: 86	train loss: 2229.779541015625	(16.5s)
epoch: 87	train loss: 3287.886962890625	(16.5s)
epoch: 88	train loss: 2447.168212890625	(16.5s)
epoch: 89	train loss: 2406.71728515625	(16.5s)
epoch: 90	train loss: 3462.65087890625	(16.4s)
epoch: 91	train loss: 4608.10107421875	(16.5s)
epoch: 92	train loss: 3499.28515625	(16.5s)
epoch: 93	train loss: 2941.48291015625	(16.5s)
epoch: 94	train loss: 2600.7509765625	(16.4s)
epoch: 95	train loss: 2934.798095703125	(16.4s)
epoch: 96	train loss: 2770.283447265625	(16.4s)
epoch: 97	train loss: 2377.6787109375	(16.4s)
epoch: 98	train loss: 2078.518798828125	(16.4s)
epoch: 99	train loss: 2357.81103515625	(16.4s)
Evaluating model on 200 episodes
Solved 169/200 episodes
Evaluated model in 22.3 seconds
Saved model for run
ca216cf3c8294f9590c820f8f1cf7a44 with name round-13
Round 14
Generated trajectories in 72.5 seconds
epoch: 0	train loss: 9962.7841796875	(16.4s)
epoch: 1	train loss: 7769.89208984375	(16.3s)
epoch: 2	train loss: 6850.9677734375	(16.5s)
epoch: 3	train loss: 7235.95703125	(16.4s)
epoch: 4	train loss: 6429.28076171875	(16.4s)
epoch: 5	train loss: 5413.5869140625	(16.5s)
epoch: 6	train loss: 6042.7607421875	(16.3s)
epoch: 7	train loss: 5895.12158203125	(16.4s)
epoch: 8	train loss: 4944.2734375	(16.3s)
epoch: 9	train loss: 4606.40478515625	(16.4s)
epoch: 10	train loss: 4495.587890625	(16.4s)
epoch: 11	train loss: 4734.72900390625	(16.5s)
epoch: 12	train loss: 5295.47216796875	(16.5s)
epoch: 13	train loss: 3924.359619140625	(16.4s)
epoch: 14	train loss: 5738.6328125	(16.5s)
epoch: 15	train loss: 5800.27685546875	(16.4s)
epoch: 16	train loss: 4043.668701171875	(16.4s)
epoch: 17	train loss: 3518.836181640625	(16.4s)
epoch: 18	train loss: 3522.635009765625	(16.5s)
epoch: 19	train loss: 4070.8203125	(16.4s)
epoch: 20	train loss: 3675.390625	(16.5s)
epoch: 21	train loss: 12724.486328125	(16.4s)
epoch: 22	train loss: 4756.01806640625	(16.3s)
epoch: 23	train loss: 3667.7998046875	(16.5s)
epoch: 24	train loss: 3382.0595703125	(16.4s)
epoch: 25	train loss: 3417.81884765625	(16.5s)
epoch: 26	train loss: 3246.965576171875	(16.5s)
epoch: 27	train loss: 3424.774169921875	(16.3s)
epoch: 28	train loss: 4727.8212890625	(16.5s)
epoch: 29	train loss: 4807.421875	(16.4s)
epoch: 30	train loss: 5374.94384765625	(16.4s)
epoch: 31	train loss: 4888.5703125	(16.5s)
epoch: 32	train loss: 3870.7216796875	(16.4s)
epoch: 33	train loss: 3328.327392578125	(16.4s)
epoch: 34	train loss: 3093.2890625	(16.5s)
epoch: 35	train loss: 3212.735595703125	(16.4s)
epoch: 36	train loss: 3015.37744140625	(16.4s)
epoch: 37	train loss: 3455.18994140625	(16.3s)
epoch: 38	train loss: 3540.623291015625	(16.5s)
epoch: 39	train loss: 2853.349853515625	(16.5s)
epoch: 40	train loss: 3584.2841796875	(16.4s)
epoch: 41	train loss: 4906.42919921875	(16.5s)
epoch: 42	train loss: 3916.41259765625	(16.5s)
epoch: 43	train loss: 2756.01025390625	(16.5s)
epoch: 44	train loss: 3529.3349609375	(16.4s)
epoch: 45	train loss: 2757.33642578125	(16.5s)
epoch: 46	train loss: 2773.02734375	(16.5s)
epoch: 47	train loss: 2907.753662109375	(16.4s)
epoch: 48	train loss: 3997.26708984375	(16.5s)
epoch: 49	train loss: 2709.065673828125	(16.4s)
epoch: 50	train loss: 3273.963134765625	(16.5s)
epoch: 51	train loss: 2427.92236328125	(16.4s)
epoch: 52	train loss: 4062.928955078125	(16.5s)
epoch: 53	train loss: 3074.796142578125	(16.5s)
epoch: 54	train loss: 4478.61572265625	(16.4s)
epoch: 55	train loss: 3406.143310546875	(16.5s)
epoch: 56	train loss: 2743.0126953125	(16.4s)
epoch: 57	train loss: 2994.774658203125	(16.5s)
epoch: 58	train loss: 2827.88427734375	(16.5s)
epoch: 59	train loss: 3185.78076171875	(16.5s)
epoch: 60	train loss: 2665.412109375	(16.5s)
epoch: 61	train loss: 2932.32666015625	(16.5s)
epoch: 62	train loss: 2532.47900390625	(16.4s)
epoch: 63	train loss: 1981.548583984375	(16.5s)
epoch: 64	train loss: 2336.576416015625	(16.4s)
epoch: 65	train loss: 2133.119384765625	(16.5s)
epoch: 66	train loss: 2926.40234375	(16.4s)
epoch: 67	train loss: 3044.099609375	(16.5s)
epoch: 68	train loss: 3124.61767578125	(16.4s)
epoch: 69	train loss: 3206.97705078125	(16.5s)
epoch: 70	train loss: 3096.141357421875	(16.4s)
epoch: 71	train loss: 2883.739013671875	(16.5s)
epoch: 72	train loss: 2936.988525390625	(16.5s)
epoch: 73	train loss: 2745.081787109375	(16.5s)
epoch: 74	train loss: 2920.99365234375	(16.4s)
epoch: 75	train loss: 3186.29833984375	(16.5s)
epoch: 76	train loss: 3043.7998046875	(16.5s)
epoch: 77	train loss: 2895.955078125	(16.4s)
epoch: 78	train loss: 2653.642333984375	(16.4s)
epoch: 79	train loss: 2079.12939453125	(16.5s)
epoch: 80	train loss: 3473.08349609375	(16.4s)
epoch: 81	train loss: 2608.14697265625	(16.5s)
epoch: 82	train loss: 4541.14404296875	(16.4s)
epoch: 83	train loss: 3173.38232421875	(16.5s)
epoch: 84	train loss: 2652.763427734375	(16.4s)
epoch: 85	train loss: 1977.2877197265625	(16.5s)
epoch: 86	train loss: 1843.2777099609375	(16.5s)
epoch: 87	train loss: 2308.541259765625	(16.4s)
epoch: 88	train loss: 2416.144287109375	(16.4s)
epoch: 89	train loss: 2387.2646484375	(16.5s)
epoch: 90	train loss: 2628.0595703125	(16.6s)
epoch: 91	train loss: 2868.218505859375	(16.5s)
epoch: 92	train loss: 2325.01416015625	(16.4s)
epoch: 93	train loss: 2004.321044921875	(16.5s)
epoch: 94	train loss: 2203.1982421875	(16.5s)
epoch: 95	train loss: 2691.287109375	(16.4s)
epoch: 96	train loss: 3175.785400390625	(16.5s)
epoch: 97	train loss: 1854.431640625	(16.3s)
epoch: 98	train loss: 1500.89111328125	(16.4s)
epoch: 99	train loss: 2684.98876953125	(16.3s)
Evaluating model on 200 episodes
Solved 176/200 episodes
Evaluated model in 24.0 seconds
Saved model for run
ca216cf3c8294f9590c820f8f1cf7a44 with name round-14
Round 15
Generated trajectories in 71.3 seconds
epoch: 0	train loss: 7638.32861328125	(16.2s)
epoch: 1	train loss: 5797.671875	(16.2s)
epoch: 2	train loss: 5206.75244140625	(16.4s)
epoch: 3	train loss: 4917.916015625	(16.3s)
epoch: 4	train loss: 4936.359375	(16.4s)
epoch: 5	train loss: 4000.635009765625	(16.4s)
epoch: 6	train loss: 4612.31640625	(16.4s)
epoch: 7	train loss: 3709.080810546875	(16.2s)
epoch: 8	train loss: 4421.61669921875	(16.3s)
epoch: 9	train loss: 3121.32275390625	(16.3s)
epoch: 10	train loss: 4774.32470703125	(16.3s)
epoch: 11	train loss: 3780.593505859375	(16.3s)
epoch: 12	train loss: 3982.109619140625	(16.4s)
epoch: 13	train loss: 3500.486572265625	(16.4s)
epoch: 14	train loss: 2985.635009765625	(16.2s)
epoch: 15	train loss: 3168.96240234375	(16.4s)
epoch: 16	train loss: 3655.47802734375	(16.4s)
epoch: 17	train loss: 4382.2060546875	(16.4s)
epoch: 18	train loss: 3940.846923828125	(16.2s)
epoch: 19	train loss: 3585.018310546875	(16.4s)
epoch: 20	train loss: 2623.593017578125	(16.4s)
epoch: 21	train loss: 2684.22607421875	(16.4s)
epoch: 22	train loss: 2614.860595703125	(16.4s)
epoch: 23	train loss: 2554.723876953125	(16.3s)
epoch: 24	train loss: 4517.43701171875	(16.4s)
epoch: 25	train loss: 3234.60302734375	(16.3s)
epoch: 26	train loss: 3553.107421875	(16.4s)
epoch: 27	train loss: 3031.796875	(16.3s)
epoch: 28	train loss: 2384.406005859375	(16.4s)
epoch: 29	train loss: 2159.140869140625	(16.4s)
epoch: 30	train loss: 4149.845703125	(16.3s)
epoch: 31	train loss: 5993.17578125	(16.4s)
epoch: 32	train loss: 4273.005859375	(16.4s)
epoch: 33	train loss: 3128.45068359375	(16.4s)
epoch: 34	train loss: 2262.53759765625	(16.4s)
epoch: 35	train loss: 2440.587890625	(16.4s)
epoch: 36	train loss: 2938.927001953125	(16.4s)
epoch: 37	train loss: 2637.044921875	(16.4s)
epoch: 38	train loss: 3734.0576171875	(16.4s)
epoch: 39	train loss: 2065.821533203125	(16.4s)
epoch: 40	train loss: 2199.654296875	(16.4s)
epoch: 41	train loss: 2652.893798828125	(16.4s)
epoch: 42	train loss: 1915.92578125	(16.4s)
epoch: 43	train loss: 3014.71875	(16.4s)
epoch: 44	train loss: 3575.77294921875	(16.4s)
epoch: 45	train loss: 2138.050537109375	(16.4s)
epoch: 46	train loss: 2351.617919921875	(16.4s)
epoch: 47	train loss: 2724.134765625	(16.4s)
epoch: 48	train loss: 3468.640380859375	(16.4s)
epoch: 49	train loss: 2417.25732421875	(16.4s)
epoch: 50	train loss: 3144.437744140625	(16.4s)
epoch: 51	train loss: 3153.672607421875	(16.4s)
epoch: 52	train loss: 3308.38623046875	(16.4s)
epoch: 53	train loss: 2978.105712890625	(16.4s)
epoch: 54	train loss: 2257.779296875	(16.4s)
epoch: 55	train loss: 2468.671630859375	(16.4s)
epoch: 56	train loss: 2360.1533203125	(16.4s)
epoch: 57	train loss: 1763.091064453125	(16.4s)
epoch: 58	train loss: 2975.226318359375	(16.4s)
epoch: 59	train loss: 2996.230712890625	(16.4s)
epoch: 60	train loss: 1678.263916015625	(16.2s)
epoch: 61	train loss: 3146.979736328125	(16.4s)
epoch: 62	train loss: 2295.503662109375	(16.4s)
epoch: 63	train loss: 2530.68505859375	(16.4s)
epoch: 64	train loss: 2370.285888671875	(16.4s)
epoch: 65	train loss: 1955.8802490234375	(16.4s)
epoch: 66	train loss: 2521.9521484375	(16.4s)
epoch: 67	train loss: 2776.140625	(16.4s)
epoch: 68	train loss: 2837.284423828125	(16.4s)
epoch: 69	train loss: 2207.625732421875	(16.4s)
epoch: 70	train loss: 3741.18017578125	(16.4s)
epoch: 71	train loss: 2156.773681640625	(16.2s)
epoch: 72	train loss: 2618.944580078125	(16.4s)
epoch: 73	train loss: 2483.946044921875	(16.4s)
epoch: 74	train loss: 2815.1416015625	(16.4s)
epoch: 75	train loss: 1381.60595703125	(16.4s)
epoch: 76	train loss: 1894.1907958984375	(16.4s)
epoch: 77	train loss: 1725.756591796875	(16.4s)
epoch: 78	train loss: 1986.43017578125	(16.4s)
epoch: 79	train loss: 1993.54833984375	(16.4s)
epoch: 80	train loss: 3412.077392578125	(16.4s)
epoch: 81	train loss: 3486.035400390625	(16.4s)
epoch: 82	train loss: 2357.169677734375	(16.4s)
epoch: 83	train loss: 1934.88037109375	(16.4s)
epoch: 84	train loss: 2166.4970703125	(16.4s)
epoch: 85	train loss: 1617.8228759765625	(16.4s)
epoch: 86	train loss: 1664.92431640625	(16.4s)
epoch: 87	train loss: 2280.115234375	(16.4s)
epoch: 88	train loss: 2027.68603515625	(16.4s)
epoch: 89	train loss: 2238.147216796875	(16.4s)
epoch: 90	train loss: 3025.256591796875	(16.4s)
epoch: 91	train loss: 2800.384521484375	(16.4s)
epoch: 92	train loss: 2310.51025390625	(16.2s)
epoch: 93	train loss: 1624.927001953125	(16.4s)
epoch: 94	train loss: 3255.7529296875	(16.4s)
epoch: 95	train loss: 1801.89306640625	(16.3s)
epoch: 96	train loss: 2772.169677734375	(16.3s)
epoch: 97	train loss: 1519.945068359375	(16.1s)
epoch: 98	train loss: 3884.313720703125	(16.3s)
epoch: 99	train loss: 3588.072509765625	(16.2s)
Evaluating model on 200 episodes
Solved 160/200 episodes
Evaluated model in 23.7 seconds
Saved model for run
ca216cf3c8294f9590c820f8f1cf7a44 with name round-15
Round 16
Generated trajectories in 71.6 seconds
epoch: 0	train loss: 6842.0263671875	(16.3s)
epoch: 1	train loss: 4929.1796875	(16.2s)
epoch: 2	train loss: 4608.89404296875	(16.4s)
epoch: 3	train loss: 3745.494873046875	(16.2s)
epoch: 4	train loss: 4739.1318359375	(16.4s)
epoch: 5	train loss: 4170.3515625	(16.3s)
epoch: 6	train loss: 3347.672607421875	(16.4s)
epoch: 7	train loss: 2912.07666015625	(16.2s)
epoch: 8	train loss: 4044.924560546875	(16.3s)
epoch: 9	train loss: 3677.3037109375	(16.2s)
epoch: 10	train loss: 3176.9521484375	(16.4s)
epoch: 11	train loss: 4216.21337890625	(16.2s)
epoch: 12	train loss: 4491.73583984375	(16.3s)
epoch: 13	train loss: 4672.00537109375	(16.3s)
epoch: 14	train loss: 3083.733154296875	(16.2s)
epoch: 15	train loss: 2755.830078125	(16.4s)
epoch: 16	train loss: 2840.068359375	(16.4s)
epoch: 17	train loss: 2678.556640625	(16.3s)
epoch: 18	train loss: 4614.966796875	(16.4s)
epoch: 19	train loss: 3754.659423828125	(16.4s)
epoch: 20	train loss: 2673.735595703125	(16.3s)
epoch: 21	train loss: 3041.496826171875	(16.4s)
epoch: 22	train loss: 3403.516357421875	(16.3s)
epoch: 23	train loss: 2404.45703125	(16.4s)
epoch: 24	train loss: 2346.81494140625	(16.4s)
epoch: 25	train loss: 2818.86181640625	(16.3s)
epoch: 26	train loss: 2930.644775390625	(16.4s)
epoch: 27	train loss: 3049.937744140625	(16.3s)
epoch: 28	train loss: 3131.63671875	(16.4s)
epoch: 29	train loss: 3371.14306640625	(16.4s)
epoch: 30	train loss: 3658.494140625	(16.4s)
epoch: 31	train loss: 2481.17333984375	(16.5s)
epoch: 32	train loss: 2633.418701171875	(16.5s)
epoch: 33	train loss: 1975.1241455078125	(16.4s)
epoch: 34	train loss: 2675.95263671875	(16.4s)
epoch: 35	train loss: 3043.6845703125	(16.6s)
epoch: 36	train loss: 3534.532958984375	(16.5s)
epoch: 37	train loss: 2411.796875	(16.6s)
epoch: 38	train loss: 3023.920654296875	(16.5s)
epoch: 39	train loss: 2619.1083984375	(16.6s)
epoch: 40	train loss: 2197.482666015625	(16.6s)
epoch: 41	train loss: 2003.21435546875	(16.5s)
epoch: 42	train loss: 2035.69921875	(16.5s)
epoch: 43	train loss: 2440.59130859375	(16.6s)
epoch: 44	train loss: 2016.8326416015625	(16.4s)
epoch: 45	train loss: 6917.349609375	(16.5s)
epoch: 46	train loss: 2955.65673828125	(16.5s)
epoch: 47	train loss: 2194.44384765625	(16.6s)
epoch: 48	train loss: 2425.18212890625	(16.6s)
epoch: 49	train loss: 1741.9356689453125	(16.4s)
epoch: 50	train loss: 1625.260986328125	(16.6s)
epoch: 51	train loss: 1616.4139404296875	(16.5s)
epoch: 52	train loss: 3170.029052734375	(16.6s)
epoch: 53	train loss: 2182.888427734375	(16.6s)
epoch: 54	train loss: 3916.931884765625	(16.4s)
epoch: 55	train loss: 2829.000732421875	(16.4s)
epoch: 56	train loss: 1756.155517578125	(16.6s)
epoch: 57	train loss: 1883.65380859375	(16.6s)
epoch: 58	train loss: 2308.53515625	(16.6s)
epoch: 59	train loss: 2517.65869140625	(16.4s)
epoch: 60	train loss: 2534.671142578125	(16.6s)
epoch: 61	train loss: 3230.792236328125	(16.6s)
epoch: 62	train loss: 3298.673828125	(16.5s)
epoch: 63	train loss: 1713.1884765625	(16.5s)
epoch: 64	train loss: 1858.408935546875	(16.5s)
epoch: 65	train loss: 1679.2559814453125	(16.4s)
epoch: 66	train loss: 1637.0548095703125	(16.6s)
epoch: 67	train loss: 2128.865966796875	(16.6s)
epoch: 68	train loss: 2915.314208984375	(16.5s)
epoch: 69	train loss: 2859.64599609375	(16.6s)
epoch: 70	train loss: 2102.482421875	(16.4s)
epoch: 71	train loss: 2177.776123046875	(16.5s)
epoch: 72	train loss: 2040.694091796875	(16.5s)
epoch: 73	train loss: 1534.8258056640625	(16.5s)
epoch: 74	train loss: 4189.60888671875	(16.5s)
epoch: 75	train loss: 1815.1522216796875	(16.6s)
epoch: 76	train loss: 2441.75146484375	(16.5s)
epoch: 77	train loss: 2158.33154296875	(16.6s)
epoch: 78	train loss: 1898.5140380859375	(16.6s)
epoch: 79	train loss: 1667.6060791015625	(16.5s)
epoch: 80	train loss: 1483.2655029296875	(16.4s)
epoch: 81	train loss: 1870.168212890625	(16.6s)
epoch: 82	train loss: 1878.408935546875	(16.5s)
epoch: 83	train loss: 1398.3546142578125	(16.6s)
epoch: 84	train loss: 2583.818359375	(16.5s)
epoch: 85	train loss: 1762.210693359375	(16.6s)
epoch: 86	train loss: 2482.668212890625	(16.6s)
epoch: 87	train loss: 3319.313232421875	(16.6s)
epoch: 88	train loss: 4273.77392578125	(16.4s)
epoch: 89	train loss: 2039.46337890625	(16.6s)
epoch: 90	train loss: 1928.3704833984375	(16.6s)
epoch: 91	train loss: 3001.315185546875	(16.6s)
epoch: 92	train loss: 2283.770263671875	(16.6s)
epoch: 93	train loss: 1583.8372802734375	(16.5s)
epoch: 94	train loss: 1581.4439697265625	(16.4s)
epoch: 95	train loss: 1598.0338134765625	(16.4s)
epoch: 96	train loss: 1431.544189453125	(16.5s)
epoch: 97	train loss: 3613.244873046875	(16.4s)
epoch: 98	train loss: 1851.0186767578125	(16.4s)
epoch: 99	train loss: 1563.3748779296875	(16.4s)
Evaluating model on 200 episodes
Solved 169/200 episodes
Evaluated model in 24.6 seconds
Saved model for run
ca216cf3c8294f9590c820f8f1cf7a44 with name round-16
Round 17
Generated trajectories in 73.0 seconds
epoch: 0	train loss: 5840.0185546875	(16.6s)
epoch: 1	train loss: 4733.14794921875	(16.5s)
epoch: 2	train loss: 3671.074951171875	(16.6s)
epoch: 3	train loss: 3933.411376953125	(16.8s)
epoch: 4	train loss: 4410.17822265625	(16.6s)
epoch: 5	train loss: 3426.693115234375	(16.7s)
epoch: 6	train loss: 3689.537109375	(16.5s)
epoch: 7	train loss: 3262.3134765625	(16.6s)
epoch: 8	train loss: 3169.97802734375	(16.6s)
epoch: 9	train loss: 2757.183349609375	(16.6s)
epoch: 10	train loss: 2397.274169921875	(16.5s)
epoch: 11	train loss: 4235.646484375	(16.5s)
epoch: 12	train loss: 3339.6904296875	(16.7s)
epoch: 13	train loss: 3084.87548828125	(16.6s)
epoch: 14	train loss: 2769.685791015625	(16.6s)
epoch: 15	train loss: 3651.462158203125	(16.6s)
epoch: 16	train loss: 3609.4130859375	(16.5s)
epoch: 17	train loss: 2805.05322265625	(16.5s)
epoch: 18	train loss: 3268.41845703125	(16.5s)
epoch: 19	train loss: 2302.67822265625	(16.5s)
epoch: 20	train loss: 2106.37353515625	(16.5s)
epoch: 21	train loss: 1941.2552490234375	(16.6s)
epoch: 22	train loss: 2195.92724609375	(16.7s)
epoch: 23	train loss: 2415.928466796875	(16.8s)
epoch: 24	train loss: 2177.28125	(16.7s)
epoch: 25	train loss: 2165.1259765625	(16.6s)
epoch: 26	train loss: 3919.1455078125	(16.7s)
epoch: 27	train loss: 3637.80419921875	(16.6s)
epoch: 28	train loss: 2332.0791015625	(16.6s)
epoch: 29	train loss: 2154.806640625	(16.6s)
epoch: 30	train loss: 2629.6357421875	(16.6s)
epoch: 31	train loss: 3244.966796875	(16.6s)
epoch: 32	train loss: 2373.32373046875	(16.6s)
epoch: 33	train loss: 2651.943115234375	(16.6s)
epoch: 34	train loss: 2717.46142578125	(16.6s)
epoch: 35	train loss: 1879.1368408203125	(16.6s)
epoch: 36	train loss: 1752.10791015625	(16.7s)
epoch: 37	train loss: 1810.245849609375	(16.6s)
epoch: 38	train loss: 2094.759521484375	(16.8s)
epoch: 39	train loss: 2440.2939453125	(16.6s)
epoch: 40	train loss: 1842.603271484375	(16.7s)
epoch: 41	train loss: 1476.112060546875	(16.6s)
epoch: 42	train loss: 1732.592529296875	(16.6s)
epoch: 43	train loss: 2398.721435546875	(16.6s)
epoch: 44	train loss: 4092.1240234375	(16.7s)
epoch: 45	train loss: 6097.06787109375	(16.6s)
epoch: 46	train loss: 2668.802490234375	(16.6s)
epoch: 47	train loss: 3554.6005859375	(16.6s)
epoch: 48	train loss: 3479.0537109375	(16.6s)
epoch: 49	train loss: 2300.5361328125	(16.6s)
epoch: 50	train loss: 2072.3837890625	(16.6s)
epoch: 51	train loss: 1490.708740234375	(16.6s)
epoch: 52	train loss: 1669.79638671875	(16.6s)
epoch: 53	train loss: 1659.7618408203125	(16.6s)
epoch: 54	train loss: 1690.024169921875	(16.6s)
epoch: 55	train loss: 1545.115966796875	(16.7s)
epoch: 56	train loss: 3111.583740234375	(16.6s)
epoch: 57	train loss: 2584.3828125	(16.7s)
epoch: 58	train loss: 1399.491455078125	(16.6s)
epoch: 59	train loss: 1754.2154541015625	(16.6s)
epoch: 60	train loss: 1316.918701171875	(16.6s)
epoch: 61	train loss: 1389.6595458984375	(16.6s)
epoch: 62	train loss: 2206.1416015625	(16.7s)
epoch: 63	train loss: 1754.2994384765625	(16.6s)
epoch: 64	train loss: 1633.646240234375	(16.6s)
epoch: 65	train loss: 3201.844482421875	(16.6s)
epoch: 66	train loss: 2619.643310546875	(16.7s)
epoch: 67	train loss: 1928.5614013671875	(16.7s)
epoch: 68	train loss: 1796.382080078125	(16.6s)
epoch: 69	train loss: 1449.5377197265625	(16.6s)
epoch: 70	train loss: 1766.113037109375	(16.6s)
epoch: 71	train loss: 1883.033447265625	(16.6s)
epoch: 72	train loss: 1427.350341796875	(16.6s)
epoch: 73	train loss: 1340.80517578125	(16.6s)
epoch: 74	train loss: 1708.8016357421875	(16.6s)
epoch: 75	train loss: 2061.414794921875	(16.7s)
epoch: 76	train loss: 3401.07666015625	(16.6s)
epoch: 77	train loss: 2887.186279296875	(16.7s)
epoch: 78	train loss: 1992.0731201171875	(16.6s)
epoch: 79	train loss: 3251.54150390625	(16.8s)
epoch: 80	train loss: 3520.2373046875	(16.6s)
epoch: 81	train loss: 1520.2257080078125	(16.6s)
epoch: 82	train loss: 1300.9072265625	(16.6s)
epoch: 83	train loss: 1201.5421142578125	(16.6s)
epoch: 84	train loss: 1307.6904296875	(16.6s)
epoch: 85	train loss: 1212.87451171875	(16.6s)
epoch: 86	train loss: 1536.0826416015625	(16.6s)
epoch: 87	train loss: 2038.1502685546875	(16.6s)
epoch: 88	train loss: 2730.745361328125	(16.7s)
epoch: 89	train loss: 1350.359619140625	(16.6s)
epoch: 90	train loss: 1823.552490234375	(16.6s)
epoch: 91	train loss: 3346.979736328125	(16.6s)
epoch: 92	train loss: 2379.203369140625	(16.6s)
epoch: 93	train loss: 1393.6636962890625	(16.7s)
epoch: 94	train loss: 1174.144775390625	(16.7s)
epoch: 95	train loss: 1549.4111328125	(16.5s)
epoch: 96	train loss: 1428.8035888671875	(16.5s)
epoch: 97	train loss: 2951.0693359375	(16.5s)
epoch: 98	train loss: 2303.7041015625	(16.6s)
epoch: 99	train loss: 1837.4925537109375	(16.7s)
Evaluating model on 200 episodes
Solved 173/200 episodes
Evaluated model in 24.0 seconds
Saved model for run
ca216cf3c8294f9590c820f8f1cf7a44 with name round-17
Round 18
Generated trajectories in 72.0 seconds
epoch: 0	train loss: 5067.75146484375	(16.5s)
epoch: 1	train loss: 3795.05810546875	(16.4s)
epoch: 2	train loss: 4099.078125	(16.6s)
epoch: 3	train loss: 3125.961669921875	(16.6s)
epoch: 4	train loss: 2759.74560546875	(16.6s)
epoch: 5	train loss: 3795.155029296875	(16.6s)
epoch: 6	train loss: 2792.90087890625	(16.5s)
epoch: 7	train loss: 3392.495361328125	(16.5s)
epoch: 8	train loss: 4243.42236328125	(16.5s)
epoch: 9	train loss: 2313.462890625	(16.5s)
epoch: 10	train loss: 2218.130615234375	(16.6s)
epoch: 11	train loss: 2228.562255859375	(16.6s)
epoch: 12	train loss: 2128.859130859375	(16.5s)
epoch: 13	train loss: 2700.70849609375	(16.5s)
epoch: 14	train loss: 2130.330810546875	(16.5s)
epoch: 15	train loss: 1944.040771484375	(16.6s)
epoch: 16	train loss: 1578.635498046875	(16.6s)
epoch: 17	train loss: 1673.6378173828125	(16.6s)
epoch: 18	train loss: 2095.88671875	(16.6s)
epoch: 19	train loss: 3171.256103515625	(16.6s)
epoch: 20	train loss: 1698.72314453125	(16.6s)
epoch: 21	train loss: 4232.71826171875	(16.6s)
epoch: 22	train loss: 3295.262451171875	(16.6s)
epoch: 23	train loss: 2171.3125	(16.6s)
epoch: 24	train loss: 2244.734130859375	(16.6s)
epoch: 25	train loss: 3242.138916015625	(16.6s)
epoch: 26	train loss: 2209.2509765625	(16.6s)
epoch: 27	train loss: 2409.889892578125	(16.6s)
epoch: 28	train loss: 1929.4049072265625	(16.6s)
epoch: 29	train loss: 1489.589111328125	(16.6s)
epoch: 30	train loss: 1280.55908203125	(16.6s)
epoch: 31	train loss: 1574.155029296875	(16.6s)
epoch: 32	train loss: 1892.8702392578125	(16.6s)
epoch: 33	train loss: 1707.230712890625	(16.6s)
epoch: 34	train loss: 1491.870361328125	(16.6s)
epoch: 35	train loss: 3500.4189453125	(16.6s)
epoch: 36	train loss: 2179.009521484375	(16.6s)
epoch: 37	train loss: 1691.73974609375	(16.6s)
epoch: 38	train loss: 3173.7158203125	(16.6s)
epoch: 39	train loss: 2393.7744140625	(16.6s)
epoch: 40	train loss: 1540.609375	(16.6s)
epoch: 41	train loss: 1505.608642578125	(16.6s)
epoch: 42	train loss: 2177.00830078125	(16.6s)
epoch: 43	train loss: 2515.25146484375	(16.6s)
epoch: 44	train loss: 1476.5462646484375	(16.6s)
epoch: 45	train loss: 1396.9012451171875	(16.6s)
epoch: 46	train loss: 1242.5955810546875	(16.6s)
epoch: 47	train loss: 1696.5020751953125	(16.6s)
epoch: 48	train loss: 3523.93603515625	(16.6s)
epoch: 49	train loss: 2089.873291015625	(16.6s)
epoch: 50	train loss: 1618.837890625	(16.6s)
epoch: 51	train loss: 1812.21142578125	(16.6s)
epoch: 52	train loss: 4092.609619140625	(16.6s)
epoch: 53	train loss: 2332.474365234375	(16.6s)
epoch: 54	train loss: 2306.87255859375	(16.6s)
epoch: 55	train loss: 2048.356201171875	(16.6s)
epoch: 56	train loss: 1685.2432861328125	(16.6s)
epoch: 57	train loss: 1796.428466796875	(16.7s)
epoch: 58	train loss: 1413.497802734375	(16.6s)
epoch: 59	train loss: 2336.10546875	(16.6s)
epoch: 60	train loss: 1757.81982421875	(16.6s)
epoch: 61	train loss: 1256.7994384765625	(16.6s)
epoch: 62	train loss: 1351.266357421875	(16.6s)
epoch: 63	train loss: 1311.927734375	(16.6s)
epoch: 64	train loss: 2335.74609375	(16.6s)
epoch: 65	train loss: 1755.154052734375	(16.6s)
epoch: 66	train loss: 1671.093994140625	(16.6s)
epoch: 67	train loss: 1371.182373046875	(16.6s)
epoch: 68	train loss: 2470.934326171875	(16.6s)
epoch: 69	train loss: 3206.10546875	(16.6s)
epoch: 70	train loss: 2675.497314453125	(16.6s)
epoch: 71	train loss: 1655.71630859375	(16.6s)
epoch: 72	train loss: 1912.009521484375	(16.6s)
epoch: 73	train loss: 1394.5693359375	(16.6s)
epoch: 74	train loss: 1167.2908935546875	(16.6s)
epoch: 75	train loss: 1383.04541015625	(16.6s)
epoch: 76	train loss: 1605.6387939453125	(16.6s)
epoch: 77	train loss: 1583.603515625	(16.6s)
epoch: 78	train loss: 1139.65869140625	(16.6s)
epoch: 79	train loss: 2634.521728515625	(16.6s)
epoch: 80	train loss: 2057.93115234375	(16.6s)
epoch: 81	train loss: 1396.7950439453125	(16.6s)
epoch: 82	train loss: 1259.539794921875	(16.6s)
epoch: 83	train loss: 1273.1966552734375	(16.6s)
epoch: 84	train loss: 1574.1063232421875	(16.6s)
epoch: 85	train loss: 1166.22607421875	(16.6s)
epoch: 86	train loss: 1368.6727294921875	(16.6s)
epoch: 87	train loss: 1259.84033203125	(16.6s)
epoch: 88	train loss: 1184.4832763671875	(16.6s)
epoch: 89	train loss: 1770.8607177734375	(16.6s)
epoch: 90	train loss: 2924.78466796875	(16.6s)
epoch: 91	train loss: 3230.704833984375	(16.6s)
epoch: 92	train loss: 1711.267822265625	(16.6s)
epoch: 93	train loss: 1451.75390625	(16.6s)
epoch: 94	train loss: 1843.7733154296875	(16.6s)
epoch: 95	train loss: 1647.874755859375	(16.5s)
epoch: 96	train loss: 1275.1859130859375	(16.5s)
epoch: 97	train loss: 1252.569580078125	(16.6s)
epoch: 98	train loss: 2024.2523193359375	(16.6s)
epoch: 99	train loss: 2940.16650390625	(16.6s)
Evaluating model on 200 episodes
Solved 174/200 episodes
Evaluated model in 25.7 seconds
Saved model for run
ca216cf3c8294f9590c820f8f1cf7a44 with name round-18
Round 19
Generated trajectories in 72.6 seconds
epoch: 0	train loss: 4730.89990234375	(16.6s)
epoch: 1	train loss: 3256.521484375	(16.6s)
epoch: 2	train loss: 3422.312255859375	(16.7s)
epoch: 3	train loss: 2622.44384765625	(16.7s)
epoch: 4	train loss: 3432.682373046875	(16.8s)
epoch: 5	train loss: 2856.742431640625	(16.8s)
epoch: 6	train loss: 2665.717041015625	(16.7s)
epoch: 7	train loss: 2345.5634765625	(16.7s)
epoch: 8	train loss: 1881.9102783203125	(16.7s)
epoch: 9	train loss: 2459.85595703125	(16.8s)
epoch: 10	train loss: 3377.450927734375	(16.7s)
epoch: 11	train loss: 3429.58935546875	(16.7s)
epoch: 12	train loss: 3104.169189453125	(16.7s)
epoch: 13	train loss: 2171.850341796875	(16.7s)
epoch: 14	train loss: 2620.6884765625	(16.7s)
epoch: 15	train loss: 2425.153564453125	(16.7s)
epoch: 16	train loss: 3220.65478515625	(16.7s)
epoch: 17	train loss: 2126.945556640625	(16.7s)
epoch: 18	train loss: 2035.90771484375	(16.7s)
epoch: 19	train loss: 2131.888427734375	(16.8s)
epoch: 20	train loss: 2589.811767578125	(16.8s)
epoch: 21	train loss: 3706.7578125	(16.7s)
epoch: 22	train loss: 3970.847900390625	(16.7s)
epoch: 23	train loss: 2173.068115234375	(16.7s)
epoch: 24	train loss: 2175.860107421875	(16.8s)
epoch: 25	train loss: 3509.482177734375	(16.8s)
epoch: 26	train loss: 2616.139404296875	(16.7s)
epoch: 27	train loss: 2684.24658203125	(16.7s)
epoch: 28	train loss: 3727.38037109375	(16.7s)
epoch: 29	train loss: 2289.86376953125	(16.8s)
epoch: 30	train loss: 1711.8184814453125	(16.8s)
epoch: 31	train loss: 1412.7154541015625	(16.8s)
epoch: 32	train loss: 2320.026611328125	(16.7s)
epoch: 33	train loss: 1678.5831298828125	(16.7s)
epoch: 34	train loss: 1596.750732421875	(16.8s)
epoch: 35	train loss: 3008.532470703125	(16.8s)
epoch: 36	train loss: 1685.77978515625	(16.7s)
epoch: 37	train loss: 1749.288818359375	(16.7s)
epoch: 38	train loss: 2208.98388671875	(16.7s)
epoch: 39	train loss: 1451.2625732421875	(16.8s)
epoch: 40	train loss: 1706.2076416015625	(16.8s)
epoch: 41	train loss: 2285.57666015625	(16.7s)
epoch: 42	train loss: 1802.6815185546875	(16.7s)
epoch: 43	train loss: 1373.281005859375	(16.7s)
epoch: 44	train loss: 2643.16162109375	(16.8s)
epoch: 45	train loss: 1429.4703369140625	(16.8s)
epoch: 46	train loss: 1530.278564453125	(16.7s)
epoch: 47	train loss: 1923.975830078125	(16.7s)
epoch: 48	train loss: 2316.277587890625	(16.7s)
epoch: 49	train loss: 3039.123046875	(16.8s)
epoch: 50	train loss: 1958.539306640625	(16.8s)
epoch: 51	train loss: 1906.3492431640625	(16.7s)
epoch: 52	train loss: 1810.267578125	(16.7s)
epoch: 53	train loss: 1240.705078125	(16.7s)
epoch: 54	train loss: 1514.4378662109375	(16.8s)
epoch: 55	train loss: 1605.166748046875	(16.8s)
epoch: 56	train loss: 1321.9388427734375	(16.7s)
epoch: 57	train loss: 1233.9283447265625	(16.7s)
epoch: 58	train loss: 2269.885009765625	(16.7s)
epoch: 59	train loss: 2757.588134765625	(16.8s)
epoch: 60	train loss: 2692.385986328125	(16.8s)
epoch: 61	train loss: 1597.2154541015625	(16.8s)
epoch: 62	train loss: 1236.963623046875	(16.7s)
epoch: 63	train loss: 1075.801513671875	(16.7s)
epoch: 64	train loss: 1051.4671630859375	(16.8s)
epoch: 65	train loss: 2830.33349609375	(16.8s)
epoch: 66	train loss: 2054.097900390625	(16.7s)
epoch: 67	train loss: 1529.5396728515625	(16.7s)
epoch: 68	train loss: 1898.6893310546875	(16.7s)
epoch: 69	train loss: 1323.1474609375	(16.8s)
epoch: 70	train loss: 925.8359375	(16.8s)
epoch: 71	train loss: 828.1159057617188	(16.7s)
epoch: 72	train loss: 1245.751953125	(16.7s)
epoch: 73	train loss: 1163.9573974609375	(16.7s)
epoch: 74	train loss: 1823.2891845703125	(16.8s)
epoch: 75	train loss: 1102.2042236328125	(16.8s)
epoch: 76	train loss: 2100.95556640625	(16.7s)
epoch: 77	train loss: 1435.8140869140625	(16.7s)
epoch: 78	train loss: 2593.241455078125	(16.7s)
epoch: 79	train loss: 1913.8001708984375	(16.8s)
epoch: 80	train loss: 2220.875732421875	(16.8s)
epoch: 81	train loss: 2012.9429931640625	(16.7s)
epoch: 82	train loss: 3137.591796875	(16.7s)
epoch: 83	train loss: 2256.5654296875	(16.7s)
epoch: 84	train loss: 1031.082275390625	(16.8s)
epoch: 85	train loss: 1486.8563232421875	(16.8s)
epoch: 86	train loss: 841.0293579101562	(16.8s)
epoch: 87	train loss: 2727.424072265625	(16.7s)
epoch: 88	train loss: 1769.1973876953125	(16.7s)
epoch: 89	train loss: 1293.683837890625	(16.7s)
epoch: 90	train loss: 990.2880859375	(16.7s)
epoch: 91	train loss: 749.6178588867188	(16.7s)
epoch: 92	train loss: 2901.2138671875	(16.7s)
epoch: 93	train loss: 1202.7178955078125	(16.7s)
epoch: 94	train loss: 1331.9967041015625	(16.7s)
epoch: 95	train loss: 1670.1927490234375	(16.6s)
epoch: 96	train loss: 922.795166015625	(16.6s)
epoch: 97	train loss: 1641.3011474609375	(16.6s)
epoch: 98	train loss: 2982.878662109375	(16.6s)
epoch: 99	train loss: 2029.9637451171875	(16.6s)
Evaluating model on 200 episodes
Solved 176/200 episodes
Evaluated model in 25.1 seconds
Saved model for run
ca216cf3c8294f9590c820f8f1cf7a44 with name round-19
Completed training in 35018.1 seconds
