Using torch device NVIDIA GeForce RTX 3090
net: hmm
cc_weight: 1
params: {'epochs': 100, 'lr': 0.0008, 'n': 5000}
Net has 41898 parameters
Round 0
Generated trajectories in 73.4 seconds
epoch: 0	train loss: 110584.3515625	(15.2s)
epoch: 1	train loss: 79703.5859375	(14.7s)
epoch: 2	train loss: 69340.046875	(14.7s)
epoch: 3	train loss: 58772.6015625	(14.8s)
epoch: 4	train loss: 53275.8359375	(14.7s)
epoch: 5	train loss: 49552.296875	(14.8s)
epoch: 6	train loss: 45910.484375	(14.8s)
epoch: 7	train loss: 43467.37109375	(14.7s)
epoch: 8	train loss: 41834.6953125	(14.7s)
epoch: 9	train loss: 41040.703125	(14.7s)
epoch: 10	train loss: 39783.828125	(14.7s)
epoch: 11	train loss: 38856.6796875	(14.7s)
epoch: 12	train loss: 38294.2109375	(14.7s)
epoch: 13	train loss: 37785.23046875	(14.7s)
epoch: 14	train loss: 37312.5625	(14.7s)
epoch: 15	train loss: 36766.38671875	(14.8s)
epoch: 16	train loss: 36397.07421875	(14.7s)
epoch: 17	train loss: 35685.9921875	(14.7s)
epoch: 18	train loss: 35108.45703125	(14.7s)
epoch: 19	train loss: 34637.3359375	(14.8s)
epoch: 20	train loss: 34549.9375	(14.7s)
epoch: 21	train loss: 34022.94921875	(14.7s)
epoch: 22	train loss: 33682.12890625	(14.7s)
epoch: 23	train loss: 33322.421875	(14.7s)
epoch: 24	train loss: 33217.7890625	(14.7s)
epoch: 25	train loss: 32875.62890625	(14.7s)
epoch: 26	train loss: 32715.005859375	(14.7s)
epoch: 27	train loss: 32480.5078125	(14.7s)
epoch: 28	train loss: 32164.58984375	(14.7s)
epoch: 29	train loss: 32232.876953125	(14.8s)
epoch: 30	train loss: 31775.119140625	(14.8s)
epoch: 31	train loss: 31487.6015625	(14.8s)
epoch: 32	train loss: 31493.216796875	(14.8s)
epoch: 33	train loss: 31467.28515625	(14.7s)
epoch: 34	train loss: 31019.26953125	(14.7s)
epoch: 35	train loss: 31107.615234375	(14.7s)
epoch: 36	train loss: 30660.244140625	(14.7s)
epoch: 37	train loss: 30624.3984375	(14.7s)
epoch: 38	train loss: 30415.3671875	(14.7s)
epoch: 39	train loss: 30484.68359375	(14.7s)
epoch: 40	train loss: 30074.205078125	(14.7s)
epoch: 41	train loss: 30344.47265625	(14.8s)
epoch: 42	train loss: 29868.03125	(14.7s)
epoch: 43	train loss: 30086.30859375	(14.7s)
epoch: 44	train loss: 29684.21484375	(14.8s)
epoch: 45	train loss: 29731.9296875	(14.7s)
epoch: 46	train loss: 29280.265625	(14.8s)
epoch: 47	train loss: 29210.6796875	(14.7s)
epoch: 48	train loss: 29717.609375	(14.8s)
epoch: 49	train loss: 28979.296875	(14.8s)
epoch: 50	train loss: 29113.775390625	(14.7s)
epoch: 51	train loss: 28937.693359375	(14.7s)
epoch: 52	train loss: 28551.53515625	(14.8s)
epoch: 53	train loss: 28413.591796875	(14.7s)
epoch: 54	train loss: 28528.931640625	(14.7s)
epoch: 55	train loss: 28245.072265625	(14.7s)
epoch: 56	train loss: 28112.369140625	(14.7s)
epoch: 57	train loss: 28341.251953125	(14.7s)
epoch: 58	train loss: 28135.724609375	(14.7s)
epoch: 59	train loss: 27919.439453125	(14.8s)
epoch: 60	train loss: 27896.3984375	(14.7s)
epoch: 61	train loss: 28107.21875	(14.8s)
epoch: 62	train loss: 27916.7578125	(14.7s)
epoch: 63	train loss: 27772.19921875	(14.7s)
epoch: 64	train loss: 27299.6796875	(14.7s)
epoch: 65	train loss: 27826.935546875	(14.7s)
epoch: 66	train loss: 27141.86328125	(14.7s)
epoch: 67	train loss: 27344.87109375	(14.7s)
epoch: 68	train loss: 27436.46484375	(14.7s)
epoch: 69	train loss: 27247.33203125	(14.8s)
epoch: 70	train loss: 26878.2890625	(14.7s)
epoch: 71	train loss: 26987.732421875	(14.7s)
epoch: 72	train loss: 27088.4453125	(14.7s)
epoch: 73	train loss: 26480.20703125	(14.7s)
epoch: 74	train loss: 26419.33984375	(14.7s)
epoch: 75	train loss: 27020.33203125	(14.8s)
epoch: 76	train loss: 26267.5625	(14.7s)
epoch: 77	train loss: 26364.287109375	(14.7s)
epoch: 78	train loss: 26316.841796875	(14.7s)
epoch: 79	train loss: 26560.7421875	(14.8s)
epoch: 80	train loss: 26200.38671875	(14.7s)
epoch: 81	train loss: 26257.572265625	(14.7s)
epoch: 82	train loss: 26406.142578125	(14.7s)
epoch: 83	train loss: 26106.34765625	(14.8s)
epoch: 84	train loss: 25877.498046875	(14.7s)
epoch: 85	train loss: 25829.123046875	(14.7s)
epoch: 86	train loss: 26058.716796875	(14.8s)
epoch: 87	train loss: 25611.638671875	(14.7s)
epoch: 88	train loss: 26341.609375	(14.7s)
epoch: 89	train loss: 25745.818359375	(14.7s)
epoch: 90	train loss: 25418.3984375	(14.8s)
epoch: 91	train loss: 25603.400390625	(14.7s)
epoch: 92	train loss: 25226.576171875	(14.7s)
epoch: 93	train loss: 25339.607421875	(14.7s)
epoch: 94	train loss: 25155.56640625	(14.7s)
epoch: 95	train loss: 25240.375	(14.7s)
epoch: 96	train loss: 25192.529296875	(14.8s)
epoch: 97	train loss: 25287.505859375	(14.7s)
epoch: 98	train loss: 25023.123046875	(14.7s)
epoch: 99	train loss: 25148.923828125	(14.8s)
Evaluating model on 200 episodes
Solved 34/200 episodes
Evaluated model in 13.3 seconds
Saved model for run
79420608ec694d34b019940becd1d0d2 with name round-0
Round 1
Generated trajectories in 72.9 seconds
epoch: 0	train loss: 28015.01171875	(14.7s)
epoch: 1	train loss: 26960.505859375	(14.7s)
epoch: 2	train loss: 26660.1640625	(14.7s)
epoch: 3	train loss: 26412.87109375	(14.8s)
epoch: 4	train loss: 26336.0390625	(14.7s)
epoch: 5	train loss: 25682.916015625	(14.8s)
epoch: 6	train loss: 25725.736328125	(14.8s)
epoch: 7	train loss: 25383.51953125	(14.7s)
epoch: 8	train loss: 25445.626953125	(14.8s)
epoch: 9	train loss: 24909.244140625	(14.7s)
epoch: 10	train loss: 24948.4296875	(14.9s)
epoch: 11	train loss: 25329.876953125	(14.8s)
epoch: 12	train loss: 24500.83984375	(14.9s)
epoch: 13	train loss: 24625.029296875	(14.8s)
epoch: 14	train loss: 24508.291015625	(14.7s)
epoch: 15	train loss: 24597.80078125	(14.8s)
epoch: 16	train loss: 24714.470703125	(14.8s)
epoch: 17	train loss: 24152.923828125	(14.8s)
epoch: 18	train loss: 24192.591796875	(14.9s)
epoch: 19	train loss: 24031.978515625	(14.7s)
epoch: 20	train loss: 24112.9765625	(14.8s)
epoch: 21	train loss: 24157.28515625	(14.8s)
epoch: 22	train loss: 23617.66015625	(14.8s)
epoch: 23	train loss: 24326.158203125	(14.8s)
epoch: 24	train loss: 23459.0546875	(14.8s)
epoch: 25	train loss: 23586.8125	(14.8s)
epoch: 26	train loss: 23615.30078125	(14.8s)
epoch: 27	train loss: 23345.21484375	(14.8s)
epoch: 28	train loss: 23727.4140625	(14.8s)
epoch: 29	train loss: 23309.099609375	(14.7s)
epoch: 30	train loss: 23379.353515625	(14.9s)
epoch: 31	train loss: 23280.5546875	(14.7s)
epoch: 32	train loss: 23035.564453125	(14.8s)
epoch: 33	train loss: 23559.7421875	(14.8s)
epoch: 34	train loss: 23084.955078125	(14.8s)
epoch: 35	train loss: 22959.373046875	(14.7s)
epoch: 36	train loss: 23405.642578125	(14.8s)
epoch: 37	train loss: 22949.375	(14.8s)
epoch: 38	train loss: 22824.142578125	(14.8s)
epoch: 39	train loss: 23356.978515625	(14.7s)
epoch: 40	train loss: 22970.486328125	(14.9s)
epoch: 41	train loss: 22784.85546875	(14.8s)
epoch: 42	train loss: 22771.021484375	(14.9s)
epoch: 43	train loss: 22730.59765625	(14.8s)
epoch: 44	train loss: 22614.857421875	(14.7s)
epoch: 45	train loss: 23027.34375	(14.9s)
epoch: 46	train loss: 22677.12890625	(14.9s)
epoch: 47	train loss: 22407.57421875	(14.7s)
epoch: 48	train loss: 22807.15625	(14.9s)
epoch: 49	train loss: 22278.255859375	(14.8s)
epoch: 50	train loss: 22243.234375	(14.8s)
epoch: 51	train loss: 22300.91015625	(14.8s)
epoch: 52	train loss: 22198.931640625	(14.8s)
epoch: 53	train loss: 22584.42578125	(14.8s)
epoch: 54	train loss: 21992.4140625	(14.9s)
epoch: 55	train loss: 22151.6640625	(14.8s)
epoch: 56	train loss: 21779.642578125	(14.8s)
epoch: 57	train loss: 22212.001953125	(14.7s)
epoch: 58	train loss: 21911.634765625	(14.8s)
epoch: 59	train loss: 21956.0	(14.8s)
epoch: 60	train loss: 21653.078125	(14.8s)
epoch: 61	train loss: 22530.296875	(14.8s)
epoch: 62	train loss: 21969.642578125	(14.8s)
epoch: 63	train loss: 21787.0390625	(14.8s)
epoch: 64	train loss: 22015.24609375	(14.9s)
epoch: 65	train loss: 22930.29296875	(14.8s)
epoch: 66	train loss: 21484.6796875	(14.8s)
epoch: 67	train loss: 21612.349609375	(14.8s)
epoch: 68	train loss: 21649.740234375	(14.8s)
epoch: 69	train loss: 21708.703125	(14.7s)
epoch: 70	train loss: 21553.900390625	(14.9s)
epoch: 71	train loss: 21517.796875	(14.8s)
epoch: 72	train loss: 21535.224609375	(14.8s)
epoch: 73	train loss: 21243.302734375	(14.7s)
epoch: 74	train loss: 21992.525390625	(14.8s)
epoch: 75	train loss: 21249.078125	(14.8s)
epoch: 76	train loss: 21486.84375	(14.8s)
epoch: 77	train loss: 21443.232421875	(14.8s)
epoch: 78	train loss: 21500.486328125	(14.9s)
epoch: 79	train loss: 21388.908203125	(14.8s)
epoch: 80	train loss: 21265.70703125	(14.8s)
epoch: 81	train loss: 21181.732421875	(14.7s)
epoch: 82	train loss: 20930.998046875	(14.8s)
epoch: 83	train loss: 21291.47265625	(14.7s)
epoch: 84	train loss: 21253.455078125	(14.8s)
epoch: 85	train loss: 21466.654296875	(14.7s)
epoch: 86	train loss: 21165.12109375	(14.8s)
epoch: 87	train loss: 20954.896484375	(14.8s)
epoch: 88	train loss: 20637.517578125	(14.7s)
epoch: 89	train loss: 21216.947265625	(14.8s)
epoch: 90	train loss: 20783.3359375	(14.8s)
epoch: 91	train loss: 20752.1015625	(14.8s)
epoch: 92	train loss: 21348.61328125	(14.8s)
epoch: 93	train loss: 20390.779296875	(14.7s)
epoch: 94	train loss: 21472.404296875	(14.8s)
epoch: 95	train loss: 20583.4375	(14.8s)
epoch: 96	train loss: 20230.1640625	(14.8s)
epoch: 97	train loss: 20822.685546875	(14.8s)
epoch: 98	train loss: 20299.06640625	(14.8s)
epoch: 99	train loss: 20764.734375	(14.8s)
Evaluating model on 200 episodes
Solved 36/200 episodes
Evaluated model in 12.8 seconds
Saved model for run
79420608ec694d34b019940becd1d0d2 with name round-1
Round 2
Generated trajectories in 72.4 seconds
epoch: 0	train loss: 26741.751953125	(14.8s)
epoch: 1	train loss: 25385.89453125	(14.7s)
epoch: 2	train loss: 24980.703125	(14.7s)
epoch: 3	train loss: 24621.490234375	(14.7s)
epoch: 4	train loss: 24104.5625	(14.8s)
epoch: 5	train loss: 24134.19921875	(14.8s)
epoch: 6	train loss: 23574.330078125	(14.8s)
epoch: 7	train loss: 23639.505859375	(14.8s)
epoch: 8	train loss: 23555.638671875	(14.8s)
epoch: 9	train loss: 23048.0078125	(14.8s)
epoch: 10	train loss: 23335.345703125	(14.8s)
epoch: 11	train loss: 22699.576171875	(14.8s)
epoch: 12	train loss: 22657.6640625	(14.8s)
epoch: 13	train loss: 22535.326171875	(14.8s)
epoch: 14	train loss: 22473.177734375	(14.8s)
epoch: 15	train loss: 22665.88671875	(14.8s)
epoch: 16	train loss: 22217.43359375	(14.9s)
epoch: 17	train loss: 22117.873046875	(14.8s)
epoch: 18	train loss: 22063.2265625	(14.8s)
epoch: 19	train loss: 21982.009765625	(14.8s)
epoch: 20	train loss: 22509.029296875	(14.8s)
epoch: 21	train loss: 21868.177734375	(14.8s)
epoch: 22	train loss: 21799.177734375	(14.8s)
epoch: 23	train loss: 21514.94140625	(14.8s)
epoch: 24	train loss: 21775.0546875	(14.8s)
epoch: 25	train loss: 21832.189453125	(14.8s)
epoch: 26	train loss: 21684.5078125	(14.8s)
epoch: 27	train loss: 21586.63671875	(14.8s)
epoch: 28	train loss: 21530.951171875	(14.8s)
epoch: 29	train loss: 21590.111328125	(14.8s)
epoch: 30	train loss: 21730.62890625	(14.8s)
epoch: 31	train loss: 21424.673828125	(14.7s)
epoch: 32	train loss: 21179.994140625	(14.8s)
epoch: 33	train loss: 21431.04296875	(14.8s)
epoch: 34	train loss: 21132.9609375	(14.8s)
epoch: 35	train loss: 21767.93359375	(14.8s)
epoch: 36	train loss: 20901.306640625	(14.8s)
epoch: 37	train loss: 21340.115234375	(14.8s)
epoch: 38	train loss: 21032.64453125	(14.8s)
epoch: 39	train loss: 21443.369140625	(14.8s)
epoch: 40	train loss: 20972.900390625	(14.8s)
epoch: 41	train loss: 20753.2578125	(14.8s)
epoch: 42	train loss: 20553.05078125	(14.8s)
epoch: 43	train loss: 21591.984375	(14.7s)
epoch: 44	train loss: 20884.76953125	(14.8s)
epoch: 45	train loss: 21138.79296875	(14.8s)
epoch: 46	train loss: 20586.732421875	(14.8s)
epoch: 47	train loss: 20936.23046875	(14.8s)
epoch: 48	train loss: 21261.5390625	(14.8s)
epoch: 49	train loss: 20786.84765625	(14.8s)
epoch: 50	train loss: 20445.40625	(14.8s)
epoch: 51	train loss: 20606.98828125	(14.8s)
epoch: 52	train loss: 20930.654296875	(14.8s)
epoch: 53	train loss: 20079.685546875	(14.8s)
epoch: 54	train loss: 20505.1796875	(14.8s)
epoch: 55	train loss: 20425.140625	(14.7s)
epoch: 56	train loss: 20268.904296875	(14.8s)
epoch: 57	train loss: 20606.755859375	(14.8s)
epoch: 58	train loss: 19859.166015625	(14.8s)
epoch: 59	train loss: 20760.595703125	(14.8s)
epoch: 60	train loss: 20783.345703125	(14.8s)
epoch: 61	train loss: 19862.8046875	(14.8s)
epoch: 62	train loss: 19899.57421875	(14.8s)
epoch: 63	train loss: 19794.521484375	(14.8s)
epoch: 64	train loss: 20296.853515625	(14.8s)
epoch: 65	train loss: 19865.474609375	(14.8s)
epoch: 66	train loss: 19946.728515625	(14.8s)
epoch: 67	train loss: 20086.349609375	(14.8s)
epoch: 68	train loss: 19713.91015625	(14.8s)
epoch: 69	train loss: 19858.017578125	(14.8s)
epoch: 70	train loss: 20075.7421875	(14.8s)
epoch: 71	train loss: 20248.224609375	(14.8s)
epoch: 72	train loss: 19366.1875	(14.8s)
epoch: 73	train loss: 19946.3515625	(14.8s)
epoch: 74	train loss: 19402.587890625	(14.8s)
epoch: 75	train loss: 19656.306640625	(14.8s)
epoch: 76	train loss: 19867.923828125	(14.8s)
epoch: 77	train loss: 19547.21484375	(14.8s)
epoch: 78	train loss: 20084.009765625	(14.8s)
epoch: 79	train loss: 19704.763671875	(14.8s)
epoch: 80	train loss: 19578.69140625	(14.8s)
epoch: 81	train loss: 19747.388671875	(14.8s)
epoch: 82	train loss: 19802.2578125	(14.8s)
epoch: 83	train loss: 19126.310546875	(14.8s)
epoch: 84	train loss: 19817.4375	(14.8s)
epoch: 85	train loss: 19113.787109375	(14.8s)
epoch: 86	train loss: 19471.21484375	(14.8s)
epoch: 87	train loss: 19334.552734375	(14.8s)
epoch: 88	train loss: 19285.841796875	(14.8s)
epoch: 89	train loss: 18810.107421875	(14.8s)
epoch: 90	train loss: 18958.1953125	(14.8s)
epoch: 91	train loss: 19131.328125	(14.8s)
epoch: 92	train loss: 19558.27734375	(14.8s)
epoch: 93	train loss: 18786.150390625	(14.8s)
epoch: 94	train loss: 19188.32421875	(14.8s)
epoch: 95	train loss: 18947.654296875	(14.8s)
epoch: 96	train loss: 19783.201171875	(14.7s)
epoch: 97	train loss: 19005.40234375	(14.7s)
epoch: 98	train loss: 19470.453125	(14.8s)
epoch: 99	train loss: 19716.740234375	(14.7s)
Evaluating model on 200 episodes
Solved 40/200 episodes
Evaluated model in 11.3 seconds
Saved model for run
79420608ec694d34b019940becd1d0d2 with name round-2
Round 3
Generated trajectories in 72.8 seconds
epoch: 0	train loss: 26359.234375	(14.9s)
epoch: 1	train loss: 24847.72265625	(14.9s)
epoch: 2	train loss: 24507.1484375	(14.9s)
epoch: 3	train loss: 23912.4140625	(14.9s)
epoch: 4	train loss: 23610.076171875	(14.9s)
epoch: 5	train loss: 23052.083984375	(14.9s)
epoch: 6	train loss: 23034.267578125	(15.0s)
epoch: 7	train loss: 22866.544921875	(15.0s)
epoch: 8	train loss: 22672.59765625	(15.0s)
epoch: 9	train loss: 22830.9609375	(15.0s)
epoch: 10	train loss: 22330.126953125	(15.0s)
epoch: 11	train loss: 21974.927734375	(14.9s)
epoch: 12	train loss: 21676.421875	(15.0s)
epoch: 13	train loss: 21632.59765625	(14.9s)
epoch: 14	train loss: 21564.060546875	(14.9s)
epoch: 15	train loss: 21741.72265625	(15.0s)
epoch: 16	train loss: 21282.224609375	(14.8s)
epoch: 17	train loss: 21564.716796875	(14.9s)
epoch: 18	train loss: 21119.3125	(15.0s)
epoch: 19	train loss: 21289.205078125	(14.9s)
epoch: 20	train loss: 20744.45703125	(14.9s)
epoch: 21	train loss: 20780.037109375	(14.9s)
epoch: 22	train loss: 20809.85546875	(15.0s)
epoch: 23	train loss: 21087.2265625	(14.9s)
epoch: 24	train loss: 20955.404296875	(15.0s)
epoch: 25	train loss: 20404.392578125	(14.9s)
epoch: 26	train loss: 20446.318359375	(15.0s)
epoch: 27	train loss: 20115.18359375	(15.0s)
epoch: 28	train loss: 20400.546875	(15.0s)
epoch: 29	train loss: 20559.513671875	(14.9s)
epoch: 30	train loss: 20772.5	(15.0s)
epoch: 31	train loss: 20075.119140625	(15.0s)
epoch: 32	train loss: 19818.837890625	(14.9s)
epoch: 33	train loss: 20106.62109375	(14.9s)
epoch: 34	train loss: 20149.4609375	(14.9s)
epoch: 35	train loss: 20044.49609375	(14.9s)
epoch: 36	train loss: 20357.359375	(14.9s)
epoch: 37	train loss: 19630.35546875	(15.0s)
epoch: 38	train loss: 19541.03515625	(14.9s)
epoch: 39	train loss: 19453.107421875	(14.9s)
epoch: 40	train loss: 19684.599609375	(15.0s)
epoch: 41	train loss: 20005.46484375	(14.9s)
epoch: 42	train loss: 19167.26171875	(14.9s)
epoch: 43	train loss: 19897.5546875	(14.9s)
epoch: 44	train loss: 19240.001953125	(15.0s)
epoch: 45	train loss: 19381.00390625	(14.9s)
epoch: 46	train loss: 18989.185546875	(14.9s)
epoch: 47	train loss: 19137.46875	(14.9s)
epoch: 48	train loss: 20354.650390625	(14.9s)
epoch: 49	train loss: 18825.421875	(15.0s)
epoch: 50	train loss: 18819.408203125	(14.9s)
epoch: 51	train loss: 19452.2734375	(15.0s)
epoch: 52	train loss: 19639.291015625	(15.0s)
epoch: 53	train loss: 19157.53515625	(15.0s)
epoch: 54	train loss: 19392.568359375	(15.0s)
epoch: 55	train loss: 18416.05078125	(15.0s)
epoch: 56	train loss: 19002.810546875	(14.9s)
epoch: 57	train loss: 18820.779296875	(15.0s)
epoch: 58	train loss: 20836.818359375	(14.9s)
epoch: 59	train loss: 19079.359375	(14.9s)
epoch: 60	train loss: 18798.69921875	(15.0s)
epoch: 61	train loss: 19073.94140625	(14.9s)
epoch: 62	train loss: 18440.458984375	(15.0s)
epoch: 63	train loss: 18662.779296875	(14.9s)
epoch: 64	train loss: 18689.8125	(14.9s)
epoch: 65	train loss: 18449.94140625	(14.9s)
epoch: 66	train loss: 19066.453125	(14.9s)
epoch: 67	train loss: 18235.53125	(14.9s)
epoch: 68	train loss: 19268.43359375	(15.0s)
epoch: 69	train loss: 18815.53515625	(15.0s)
epoch: 70	train loss: 18434.55859375	(14.9s)
epoch: 71	train loss: 17956.806640625	(14.9s)
epoch: 72	train loss: 18826.90234375	(15.0s)
epoch: 73	train loss: 18777.16796875	(15.0s)
epoch: 74	train loss: 18027.9140625	(15.0s)
epoch: 75	train loss: 18258.05078125	(14.9s)
epoch: 76	train loss: 19436.53125	(14.9s)
epoch: 77	train loss: 17868.7109375	(15.0s)
epoch: 78	train loss: 17899.703125	(14.9s)
epoch: 79	train loss: 17930.24609375	(14.9s)
epoch: 80	train loss: 18001.33203125	(14.9s)
epoch: 81	train loss: 18651.552734375	(15.0s)
epoch: 82	train loss: 17746.66015625	(15.0s)
epoch: 83	train loss: 18308.759765625	(14.9s)
epoch: 84	train loss: 18155.61328125	(15.0s)
epoch: 85	train loss: 17851.314453125	(14.9s)
epoch: 86	train loss: 18914.240234375	(15.0s)
epoch: 87	train loss: 17687.771484375	(15.0s)
epoch: 88	train loss: 17813.578125	(14.9s)
epoch: 89	train loss: 18429.833984375	(14.9s)
epoch: 90	train loss: 18228.98046875	(15.0s)
epoch: 91	train loss: 17369.58984375	(14.9s)
epoch: 92	train loss: 17329.78125	(14.9s)
epoch: 93	train loss: 19121.158203125	(15.0s)
epoch: 94	train loss: 18512.0	(15.0s)
epoch: 95	train loss: 17166.90234375	(14.9s)
epoch: 96	train loss: 17181.18359375	(15.0s)
epoch: 97	train loss: 17893.087890625	(14.9s)
epoch: 98	train loss: 17564.052734375	(14.9s)
epoch: 99	train loss: 18141.35546875	(15.0s)
Evaluating model on 200 episodes
Solved 40/200 episodes
Evaluated model in 11.0 seconds
Saved model for run
79420608ec694d34b019940becd1d0d2 with name round-3
Round 4
Generated trajectories in 72.6 seconds
epoch: 0	train loss: 24781.943359375	(14.8s)
epoch: 1	train loss: 23544.62109375	(14.8s)
epoch: 2	train loss: 22705.248046875	(14.9s)
epoch: 3	train loss: 22921.951171875	(14.9s)
epoch: 4	train loss: 22442.3671875	(14.8s)
epoch: 5	train loss: 21648.716796875	(14.8s)
epoch: 6	train loss: 21443.68359375	(14.8s)
epoch: 7	train loss: 21637.611328125	(14.8s)
epoch: 8	train loss: 21625.912109375	(14.8s)
epoch: 9	train loss: 21041.64453125	(14.9s)
epoch: 10	train loss: 20667.525390625	(14.7s)
epoch: 11	train loss: 20520.52734375	(14.7s)
epoch: 12	train loss: 21005.927734375	(14.7s)
epoch: 13	train loss: 20271.451171875	(14.7s)
epoch: 14	train loss: 20385.55078125	(14.7s)
epoch: 15	train loss: 20618.10546875	(14.8s)
epoch: 16	train loss: 20188.037109375	(14.7s)
epoch: 17	train loss: 20070.13671875	(14.7s)
epoch: 18	train loss: 20159.599609375	(14.7s)
epoch: 19	train loss: 20192.33203125	(14.7s)
epoch: 20	train loss: 19854.248046875	(14.7s)
epoch: 21	train loss: 19351.85546875	(14.7s)
epoch: 22	train loss: 20203.05859375	(14.7s)
epoch: 23	train loss: 19653.9921875	(14.7s)
epoch: 24	train loss: 19551.76171875	(14.7s)
epoch: 25	train loss: 19868.90625	(14.7s)
epoch: 26	train loss: 19294.408203125	(14.8s)
epoch: 27	train loss: 19180.6171875	(14.7s)
epoch: 28	train loss: 19672.205078125	(14.7s)
epoch: 29	train loss: 19328.2421875	(14.6s)
epoch: 30	train loss: 19330.578125	(14.4s)
epoch: 31	train loss: 19132.2265625	(14.5s)
epoch: 32	train loss: 19458.826171875	(14.5s)
epoch: 33	train loss: 18843.0234375	(14.5s)
epoch: 34	train loss: 18776.107421875	(14.5s)
epoch: 35	train loss: 18853.54296875	(14.5s)
epoch: 36	train loss: 18992.337890625	(14.4s)
epoch: 37	train loss: 18963.595703125	(14.4s)
epoch: 38	train loss: 18779.447265625	(14.5s)
epoch: 39	train loss: 18409.744140625	(14.5s)
epoch: 40	train loss: 18608.013671875	(14.4s)
epoch: 41	train loss: 18772.234375	(14.5s)
epoch: 42	train loss: 18475.32421875	(14.4s)
epoch: 43	train loss: 18399.521484375	(14.5s)
epoch: 44	train loss: 18625.1640625	(14.5s)
epoch: 45	train loss: 18640.439453125	(14.5s)
epoch: 46	train loss: 18161.2578125	(14.5s)
epoch: 47	train loss: 18390.18359375	(14.5s)
epoch: 48	train loss: 18972.896484375	(14.4s)
epoch: 49	train loss: 18033.357421875	(14.4s)
epoch: 50	train loss: 18368.45703125	(14.5s)
epoch: 51	train loss: 17926.0390625	(14.5s)
epoch: 52	train loss: 18344.39453125	(14.4s)
epoch: 53	train loss: 17676.265625	(14.5s)
epoch: 54	train loss: 17759.404296875	(14.4s)
epoch: 55	train loss: 17900.451171875	(14.4s)
epoch: 56	train loss: 18113.673828125	(14.5s)
epoch: 57	train loss: 18254.71484375	(14.5s)
epoch: 58	train loss: 18197.705078125	(14.5s)
epoch: 59	train loss: 17172.4921875	(14.5s)
epoch: 60	train loss: 17438.154296875	(14.4s)
epoch: 61	train loss: 17606.3828125	(14.4s)
epoch: 62	train loss: 17876.455078125	(14.5s)
epoch: 63	train loss: 17855.552734375	(14.5s)
epoch: 64	train loss: 17389.958984375	(14.5s)
epoch: 65	train loss: 18554.7578125	(14.4s)
epoch: 66	train loss: 17129.666015625	(14.4s)
epoch: 67	train loss: 17023.642578125	(14.4s)
epoch: 68	train loss: 17565.3828125	(14.5s)
epoch: 69	train loss: 17455.890625	(14.5s)
epoch: 70	train loss: 17297.201171875	(14.4s)
epoch: 71	train loss: 17349.90234375	(14.5s)
epoch: 72	train loss: 17216.037109375	(14.4s)
epoch: 73	train loss: 17542.02734375	(14.4s)
epoch: 74	train loss: 18017.263671875	(14.5s)
epoch: 75	train loss: 17696.841796875	(14.5s)
epoch: 76	train loss: 17005.431640625	(14.4s)
epoch: 77	train loss: 17376.16015625	(14.5s)
epoch: 78	train loss: 16739.642578125	(14.4s)
epoch: 79	train loss: 17310.572265625	(14.4s)
epoch: 80	train loss: 17055.498046875	(14.5s)
epoch: 81	train loss: 16850.21875	(14.5s)
epoch: 82	train loss: 16581.859375	(14.5s)
epoch: 83	train loss: 17319.748046875	(14.5s)
epoch: 84	train loss: 17222.0078125	(14.4s)
epoch: 85	train loss: 16984.04296875	(14.4s)
epoch: 86	train loss: 16523.517578125	(14.5s)
epoch: 87	train loss: 18150.400390625	(14.5s)
epoch: 88	train loss: 16405.52734375	(14.5s)
epoch: 89	train loss: 16962.8671875	(14.5s)
epoch: 90	train loss: 17014.365234375	(14.4s)
epoch: 91	train loss: 16512.115234375	(14.4s)
epoch: 92	train loss: 16948.501953125	(14.5s)
epoch: 93	train loss: 16325.1484375	(14.5s)
epoch: 94	train loss: 16766.640625	(14.4s)
epoch: 95	train loss: 16867.53125	(14.5s)
epoch: 96	train loss: 17592.28125	(14.4s)
epoch: 97	train loss: 16707.703125	(14.4s)
epoch: 98	train loss: 16437.791015625	(14.5s)
epoch: 99	train loss: 16433.755859375	(14.5s)
Evaluating model on 200 episodes
Solved 35/200 episodes
Evaluated model in 10.8 seconds
Saved model for run
79420608ec694d34b019940becd1d0d2 with name round-4
Round 5
Generated trajectories in 68.2 seconds
epoch: 0	train loss: 24449.193359375	(14.3s)
epoch: 1	train loss: 22460.9140625	(14.4s)
epoch: 2	train loss: 22087.333984375	(14.3s)
epoch: 3	train loss: 21646.73046875	(14.3s)
epoch: 4	train loss: 21378.31640625	(14.4s)
epoch: 5	train loss: 21367.08203125	(14.3s)
epoch: 6	train loss: 20831.69921875	(14.3s)
epoch: 7	train loss: 20407.865234375	(14.3s)
epoch: 8	train loss: 20484.37890625	(14.3s)
epoch: 9	train loss: 19975.232421875	(14.3s)
epoch: 10	train loss: 19935.78515625	(14.3s)
epoch: 11	train loss: 19950.818359375	(14.4s)
epoch: 12	train loss: 19811.83984375	(14.3s)
epoch: 13	train loss: 19568.978515625	(14.3s)
epoch: 14	train loss: 19366.6484375	(14.4s)
epoch: 15	train loss: 20241.126953125	(14.3s)
epoch: 16	train loss: 19325.203125	(14.4s)
epoch: 17	train loss: 19033.259765625	(14.3s)
epoch: 18	train loss: 19745.12890625	(14.4s)
epoch: 19	train loss: 18845.2109375	(14.4s)
epoch: 20	train loss: 19339.310546875	(14.3s)
epoch: 21	train loss: 19053.248046875	(14.3s)
epoch: 22	train loss: 18894.76171875	(14.3s)
epoch: 23	train loss: 18830.41015625	(14.3s)
epoch: 24	train loss: 19020.912109375	(14.4s)
epoch: 25	train loss: 18797.07421875	(14.4s)
epoch: 26	train loss: 18747.36328125	(14.4s)
epoch: 27	train loss: 18610.52734375	(14.3s)
epoch: 28	train loss: 18499.2421875	(14.3s)
epoch: 29	train loss: 18883.318359375	(14.4s)
epoch: 30	train loss: 18931.90234375	(14.4s)
epoch: 31	train loss: 18112.837890625	(14.3s)
epoch: 32	train loss: 18189.875	(14.4s)
epoch: 33	train loss: 18364.58203125	(14.4s)
epoch: 34	train loss: 18195.10546875	(14.4s)
epoch: 35	train loss: 18852.78515625	(14.3s)
epoch: 36	train loss: 17846.634765625	(14.3s)
epoch: 37	train loss: 18043.869140625	(14.3s)
epoch: 38	train loss: 19034.916015625	(14.3s)
epoch: 39	train loss: 18759.1875	(14.4s)
epoch: 40	train loss: 17921.599609375	(14.3s)
epoch: 41	train loss: 17644.75390625	(14.3s)
epoch: 42	train loss: 17898.181640625	(14.4s)
epoch: 43	train loss: 17778.427734375	(14.4s)
epoch: 44	train loss: 17381.06640625	(14.3s)
epoch: 45	train loss: 17676.619140625	(14.4s)
epoch: 46	train loss: 17615.7734375	(14.3s)
epoch: 47	train loss: 17678.5234375	(14.3s)
epoch: 48	train loss: 18352.51171875	(14.3s)
epoch: 49	train loss: 17552.73828125	(14.3s)
epoch: 50	train loss: 16771.080078125	(14.3s)
epoch: 51	train loss: 17347.87890625	(14.3s)
epoch: 52	train loss: 17237.08984375	(14.3s)
epoch: 53	train loss: 17128.521484375	(14.3s)
epoch: 54	train loss: 17110.0078125	(14.3s)
epoch: 55	train loss: 17315.224609375	(14.3s)
epoch: 56	train loss: 17309.22265625	(14.3s)
epoch: 57	train loss: 17633.72265625	(14.3s)
epoch: 58	train loss: 16923.27734375	(14.3s)
epoch: 59	train loss: 17176.541015625	(14.3s)
epoch: 60	train loss: 17032.43359375	(14.3s)
epoch: 61	train loss: 16817.357421875	(14.3s)
epoch: 62	train loss: 16780.8671875	(14.3s)
epoch: 63	train loss: 16920.0234375	(14.3s)
epoch: 64	train loss: 17310.89453125	(14.3s)
epoch: 65	train loss: 16546.1640625	(14.3s)
epoch: 66	train loss: 16397.4453125	(14.3s)
epoch: 67	train loss: 16849.296875	(14.3s)
epoch: 68	train loss: 17310.853515625	(14.3s)
epoch: 69	train loss: 16545.3203125	(14.3s)
epoch: 70	train loss: 16840.625	(14.3s)
epoch: 71	train loss: 16560.568359375	(14.3s)
epoch: 72	train loss: 17498.05078125	(14.3s)
epoch: 73	train loss: 16172.716796875	(14.3s)
epoch: 74	train loss: 16473.96875	(14.3s)
epoch: 75	train loss: 16343.927734375	(14.3s)
epoch: 76	train loss: 16245.5556640625	(14.3s)
epoch: 77	train loss: 16375.568359375	(14.3s)
epoch: 78	train loss: 16396.60546875	(14.3s)
epoch: 79	train loss: 16012.330078125	(14.3s)
epoch: 80	train loss: 16342.943359375	(14.3s)
epoch: 81	train loss: 16042.2470703125	(14.3s)
epoch: 82	train loss: 16098.5263671875	(14.3s)
epoch: 83	train loss: 16399.583984375	(14.3s)
epoch: 84	train loss: 17231.240234375	(14.3s)
epoch: 85	train loss: 15694.78125	(14.3s)
epoch: 86	train loss: 15944.68359375	(14.3s)
epoch: 87	train loss: 16051.111328125	(14.3s)
epoch: 88	train loss: 15953.927734375	(14.3s)
epoch: 89	train loss: 15947.685546875	(14.3s)
epoch: 90	train loss: 15906.8720703125	(14.3s)
epoch: 91	train loss: 16352.7939453125	(14.3s)
epoch: 92	train loss: 16370.3828125	(14.3s)
epoch: 93	train loss: 15638.34765625	(14.4s)
epoch: 94	train loss: 15684.4638671875	(14.3s)
epoch: 95	train loss: 16034.73046875	(14.3s)
epoch: 96	train loss: 15582.6875	(14.4s)
epoch: 97	train loss: 15630.0615234375	(14.4s)
epoch: 98	train loss: 15748.1103515625	(14.3s)
epoch: 99	train loss: 16182.255859375	(14.4s)
Evaluating model on 200 episodes
Solved 34/200 episodes
Evaluated model in 12.1 seconds
Saved model for run
79420608ec694d34b019940becd1d0d2 with name round-5
Round 6
Generated trajectories in 68.5 seconds
epoch: 0	train loss: 23861.736328125	(14.4s)
epoch: 1	train loss: 22148.86328125	(14.3s)
epoch: 2	train loss: 21184.94921875	(14.3s)
epoch: 3	train loss: 20969.962890625	(14.4s)
epoch: 4	train loss: 20968.82421875	(14.4s)
epoch: 5	train loss: 20149.60546875	(14.4s)
epoch: 6	train loss: 19854.109375	(14.4s)
epoch: 7	train loss: 19760.658203125	(14.4s)
epoch: 8	train loss: 19670.580078125	(14.4s)
epoch: 9	train loss: 19325.26953125	(14.5s)
epoch: 10	train loss: 19858.185546875	(14.4s)
epoch: 11	train loss: 18752.47265625	(14.4s)
epoch: 12	train loss: 18725.4765625	(14.5s)
epoch: 13	train loss: 18722.216796875	(14.4s)
epoch: 14	train loss: 18697.759765625	(14.4s)
epoch: 15	train loss: 18431.46875	(14.4s)
epoch: 16	train loss: 18463.841796875	(14.4s)
epoch: 17	train loss: 18434.34765625	(14.4s)
epoch: 18	train loss: 18299.466796875	(14.4s)
epoch: 19	train loss: 18245.25	(14.4s)
epoch: 20	train loss: 18032.955078125	(14.4s)
epoch: 21	train loss: 17661.537109375	(14.4s)
epoch: 22	train loss: 17890.8359375	(14.4s)
epoch: 23	train loss: 17814.640625	(14.4s)
epoch: 24	train loss: 17892.548828125	(14.4s)
epoch: 25	train loss: 17449.013671875	(14.4s)
epoch: 26	train loss: 17383.052734375	(14.5s)
epoch: 27	train loss: 17750.765625	(14.4s)
epoch: 28	train loss: 17418.146484375	(14.4s)
epoch: 29	train loss: 17447.04296875	(14.4s)
epoch: 30	train loss: 17435.4921875	(14.4s)
epoch: 31	train loss: 16988.59765625	(14.4s)
epoch: 32	train loss: 16859.162109375	(14.4s)
epoch: 33	train loss: 17240.091796875	(14.4s)
epoch: 34	train loss: 17369.357421875	(14.4s)
epoch: 35	train loss: 16683.6328125	(14.4s)
epoch: 36	train loss: 16571.541015625	(14.4s)
epoch: 37	train loss: 17365.236328125	(14.4s)
epoch: 38	train loss: 16503.3515625	(14.4s)
epoch: 39	train loss: 16554.763671875	(14.4s)
epoch: 40	train loss: 17716.49609375	(14.4s)
epoch: 41	train loss: 16527.09765625	(14.4s)
epoch: 42	train loss: 17757.07421875	(14.4s)
epoch: 43	train loss: 16951.720703125	(14.4s)
epoch: 44	train loss: 16077.6337890625	(14.4s)
epoch: 45	train loss: 16137.8681640625	(14.4s)
epoch: 46	train loss: 16621.6328125	(14.4s)
epoch: 47	train loss: 16377.6376953125	(14.4s)
epoch: 48	train loss: 16439.119140625	(14.4s)
epoch: 49	train loss: 16463.12890625	(14.4s)
epoch: 50	train loss: 16520.517578125	(14.4s)
epoch: 51	train loss: 16380.236328125	(14.4s)
epoch: 52	train loss: 15916.5625	(14.4s)
epoch: 53	train loss: 15814.1533203125	(14.4s)
epoch: 54	train loss: 16181.1748046875	(14.4s)
epoch: 55	train loss: 17165.328125	(14.4s)
epoch: 56	train loss: 15698.8515625	(14.4s)
epoch: 57	train loss: 16220.421875	(14.4s)
epoch: 58	train loss: 15428.349609375	(14.4s)
epoch: 59	train loss: 15322.4189453125	(14.4s)
epoch: 60	train loss: 16445.75390625	(14.4s)
epoch: 61	train loss: 16529.05078125	(14.4s)
epoch: 62	train loss: 15539.83984375	(14.4s)
epoch: 63	train loss: 15633.291015625	(14.4s)
epoch: 64	train loss: 15629.1259765625	(14.4s)
epoch: 65	train loss: 15437.7646484375	(14.4s)
epoch: 66	train loss: 15872.12890625	(14.4s)
epoch: 67	train loss: 15031.2861328125	(14.4s)
epoch: 68	train loss: 15826.033203125	(14.5s)
epoch: 69	train loss: 15925.779296875	(14.4s)
epoch: 70	train loss: 15794.8486328125	(14.4s)
epoch: 71	train loss: 15628.1669921875	(14.4s)
epoch: 72	train loss: 15297.1328125	(14.4s)
epoch: 73	train loss: 15166.2978515625	(14.4s)
epoch: 74	train loss: 14951.4169921875	(14.4s)
epoch: 75	train loss: 15352.158203125	(14.4s)
epoch: 76	train loss: 15540.201171875	(14.4s)
epoch: 77	train loss: 15711.5986328125	(14.4s)
epoch: 78	train loss: 15319.2919921875	(14.4s)
epoch: 79	train loss: 15526.3818359375	(14.4s)
epoch: 80	train loss: 14840.767578125	(14.4s)
epoch: 81	train loss: 14809.4296875	(14.4s)
epoch: 82	train loss: 15208.5400390625	(14.4s)
epoch: 83	train loss: 15027.3720703125	(14.5s)
epoch: 84	train loss: 15124.6474609375	(14.4s)
epoch: 85	train loss: 15236.923828125	(14.4s)
epoch: 86	train loss: 15047.673828125	(14.4s)
epoch: 87	train loss: 14598.248046875	(14.4s)
epoch: 88	train loss: 16220.0126953125	(14.4s)
epoch: 89	train loss: 15548.484375	(14.4s)
epoch: 90	train loss: 14417.70703125	(14.4s)
epoch: 91	train loss: 14781.376953125	(14.4s)
epoch: 92	train loss: 14107.4609375	(14.4s)
epoch: 93	train loss: 15602.0107421875	(14.4s)
epoch: 94	train loss: 14459.005859375	(14.5s)
epoch: 95	train loss: 14660.3974609375	(14.4s)
epoch: 96	train loss: 14163.2607421875	(14.4s)
epoch: 97	train loss: 14951.935546875	(14.4s)
epoch: 98	train loss: 15385.6142578125	(14.3s)
epoch: 99	train loss: 14121.6318359375	(14.4s)
Evaluating model on 200 episodes
Solved 35/200 episodes
Evaluated model in 10.5 seconds
Saved model for run
79420608ec694d34b019940becd1d0d2 with name round-6
Round 7
Generated trajectories in 69.5 seconds
epoch: 0	train loss: 23205.708984375	(14.5s)
epoch: 1	train loss: 21418.087890625	(14.5s)
epoch: 2	train loss: 20844.744140625	(14.5s)
epoch: 3	train loss: 20329.486328125	(14.5s)
epoch: 4	train loss: 19886.748046875	(14.5s)
epoch: 5	train loss: 19768.96875	(14.5s)
epoch: 6	train loss: 20052.126953125	(14.6s)
epoch: 7	train loss: 19195.40234375	(14.5s)
epoch: 8	train loss: 19011.16796875	(14.5s)
epoch: 9	train loss: 19616.021484375	(14.5s)
epoch: 10	train loss: 18733.728515625	(14.5s)
epoch: 11	train loss: 19311.9609375	(14.5s)
epoch: 12	train loss: 18495.212890625	(14.6s)
epoch: 13	train loss: 18909.9765625	(14.5s)
epoch: 14	train loss: 18645.884765625	(14.5s)
epoch: 15	train loss: 18551.572265625	(14.5s)
epoch: 16	train loss: 17849.92578125	(14.5s)
epoch: 17	train loss: 18173.408203125	(14.6s)
epoch: 18	train loss: 17620.138671875	(14.6s)
epoch: 19	train loss: 17786.572265625	(14.5s)
epoch: 20	train loss: 18662.47265625	(14.6s)
epoch: 21	train loss: 17718.173828125	(14.5s)
epoch: 22	train loss: 17759.099609375	(14.6s)
epoch: 23	train loss: 18135.724609375	(14.5s)
epoch: 24	train loss: 17664.97265625	(14.5s)
epoch: 25	train loss: 17198.05078125	(14.6s)
epoch: 26	train loss: 18579.3359375	(14.5s)
epoch: 27	train loss: 17352.396484375	(14.5s)
epoch: 28	train loss: 17363.1328125	(14.5s)
epoch: 29	train loss: 17654.689453125	(14.5s)
epoch: 30	train loss: 17214.62109375	(14.5s)
epoch: 31	train loss: 17074.115234375	(14.5s)
epoch: 32	train loss: 17829.826171875	(14.6s)
epoch: 33	train loss: 17029.62890625	(14.5s)
epoch: 34	train loss: 16665.759765625	(14.6s)
epoch: 35	train loss: 16909.103515625	(14.5s)
epoch: 36	train loss: 17116.208984375	(14.5s)
epoch: 37	train loss: 16968.1953125	(14.5s)
epoch: 38	train loss: 16875.490234375	(14.6s)
epoch: 39	train loss: 16612.765625	(14.5s)
epoch: 40	train loss: 17449.232421875	(14.5s)
epoch: 41	train loss: 16771.529296875	(14.5s)
epoch: 42	train loss: 16946.26171875	(14.5s)
epoch: 43	train loss: 16389.359375	(14.5s)
epoch: 44	train loss: 16569.193359375	(14.5s)
epoch: 45	train loss: 17671.8203125	(14.5s)
epoch: 46	train loss: 16125.439453125	(14.5s)
epoch: 47	train loss: 16179.560546875	(14.5s)
epoch: 48	train loss: 16071.173828125	(14.5s)
epoch: 49	train loss: 15990.97265625	(14.5s)
epoch: 50	train loss: 16085.2978515625	(14.5s)
epoch: 51	train loss: 16421.857421875	(14.5s)
epoch: 52	train loss: 16601.78515625	(14.4s)
epoch: 53	train loss: 15965.1669921875	(14.5s)
epoch: 54	train loss: 15901.53125	(14.5s)
epoch: 55	train loss: 15849.1083984375	(14.4s)
epoch: 56	train loss: 15991.77734375	(14.5s)
epoch: 57	train loss: 15734.4521484375	(14.5s)
epoch: 58	train loss: 16443.365234375	(14.4s)
epoch: 59	train loss: 16174.751953125	(14.5s)
epoch: 60	train loss: 15823.669921875	(14.5s)
epoch: 61	train loss: 15575.28125	(14.5s)
epoch: 62	train loss: 15910.498046875	(14.4s)
epoch: 63	train loss: 15425.1142578125	(14.5s)
epoch: 64	train loss: 16979.017578125	(14.4s)
epoch: 65	train loss: 15777.650390625	(14.4s)
epoch: 66	train loss: 15804.25	(14.5s)
epoch: 67	train loss: 16412.861328125	(14.5s)
epoch: 68	train loss: 15453.9990234375	(14.4s)
epoch: 69	train loss: 15204.74609375	(14.5s)
epoch: 70	train loss: 15360.6455078125	(14.5s)
epoch: 71	train loss: 15924.4072265625	(14.4s)
epoch: 72	train loss: 15395.30078125	(14.5s)
epoch: 73	train loss: 14988.4814453125	(14.5s)
epoch: 74	train loss: 15892.62890625	(14.4s)
epoch: 75	train loss: 15773.6923828125	(14.4s)
epoch: 76	train loss: 15367.0478515625	(14.5s)
epoch: 77	train loss: 15097.763671875	(14.4s)
epoch: 78	train loss: 15048.7158203125	(14.5s)
epoch: 79	train loss: 16657.880859375	(14.5s)
epoch: 80	train loss: 15173.044921875	(14.4s)
epoch: 81	train loss: 15228.384765625	(14.5s)
epoch: 82	train loss: 15503.5478515625	(14.5s)
epoch: 83	train loss: 14811.6005859375	(14.4s)
epoch: 84	train loss: 15000.0517578125	(14.4s)
epoch: 85	train loss: 15172.9091796875	(14.5s)
epoch: 86	train loss: 15663.9560546875	(14.4s)
epoch: 87	train loss: 15107.619140625	(14.4s)
epoch: 88	train loss: 15025.9296875	(14.5s)
epoch: 89	train loss: 14423.263671875	(14.5s)
epoch: 90	train loss: 15186.2734375	(14.4s)
epoch: 91	train loss: 16223.62109375	(14.5s)
epoch: 92	train loss: 14464.0146484375	(14.5s)
epoch: 93	train loss: 14363.5166015625	(14.5s)
epoch: 94	train loss: 14904.6884765625	(14.5s)
epoch: 95	train loss: 14627.44140625	(14.5s)
epoch: 96	train loss: 14329.6669921875	(14.5s)
epoch: 97	train loss: 14671.1298828125	(14.5s)
epoch: 98	train loss: 14765.9462890625	(14.5s)
epoch: 99	train loss: 15523.302734375	(14.5s)
Evaluating model on 200 episodes
Solved 42/200 episodes
Evaluated model in 10.8 seconds
Saved model for run
79420608ec694d34b019940becd1d0d2 with name round-7
Round 8
Generated trajectories in 69.0 seconds
epoch: 0	train loss: 22766.201171875	(14.5s)
epoch: 1	train loss: 20755.69921875	(14.5s)
epoch: 2	train loss: 19889.533203125	(14.5s)
epoch: 3	train loss: 19485.12109375	(14.5s)
epoch: 4	train loss: 19419.796875	(14.5s)
epoch: 5	train loss: 19082.5078125	(14.5s)
epoch: 6	train loss: 18770.912109375	(14.5s)
epoch: 7	train loss: 18560.482421875	(14.5s)
epoch: 8	train loss: 18411.50390625	(14.5s)
epoch: 9	train loss: 18169.68359375	(14.5s)
epoch: 10	train loss: 18590.39453125	(14.5s)
epoch: 11	train loss: 17898.556640625	(14.5s)
epoch: 12	train loss: 17766.916015625	(14.5s)
epoch: 13	train loss: 17547.544921875	(14.5s)
epoch: 14	train loss: 17398.966796875	(14.5s)
epoch: 15	train loss: 17667.5859375	(14.5s)
epoch: 16	train loss: 17316.724609375	(14.5s)
epoch: 17	train loss: 17567.302734375	(14.5s)
epoch: 18	train loss: 17348.103515625	(14.5s)
epoch: 19	train loss: 17016.1328125	(14.5s)
epoch: 20	train loss: 16918.7265625	(14.5s)
epoch: 21	train loss: 19322.919921875	(14.5s)
epoch: 22	train loss: 17697.564453125	(14.5s)
epoch: 23	train loss: 16943.296875	(14.5s)
epoch: 24	train loss: 17061.13671875	(14.5s)
epoch: 25	train loss: 17062.02734375	(14.5s)
epoch: 26	train loss: 16884.44921875	(14.5s)
epoch: 27	train loss: 17224.38671875	(14.5s)
epoch: 28	train loss: 16932.560546875	(14.5s)
epoch: 29	train loss: 16065.7470703125	(14.5s)
epoch: 30	train loss: 16252.0068359375	(14.5s)
epoch: 31	train loss: 16314.55859375	(14.5s)
epoch: 32	train loss: 16821.73046875	(14.5s)
epoch: 33	train loss: 16799.3671875	(14.5s)
epoch: 34	train loss: 15880.2158203125	(14.5s)
epoch: 35	train loss: 16225.830078125	(14.5s)
epoch: 36	train loss: 16506.16015625	(14.5s)
epoch: 37	train loss: 15850.86328125	(14.5s)
epoch: 38	train loss: 15547.3857421875	(14.5s)
epoch: 39	train loss: 15635.708984375	(14.5s)
epoch: 40	train loss: 15992.244140625	(14.5s)
epoch: 41	train loss: 15500.24609375	(14.5s)
epoch: 42	train loss: 16676.396484375	(14.5s)
epoch: 43	train loss: 16259.1748046875	(14.5s)
epoch: 44	train loss: 15336.5703125	(14.5s)
epoch: 45	train loss: 16351.1328125	(14.5s)
epoch: 46	train loss: 15246.9814453125	(14.5s)
epoch: 47	train loss: 15129.919921875	(14.5s)
epoch: 48	train loss: 15537.7060546875	(14.5s)
epoch: 49	train loss: 15485.7841796875	(14.5s)
epoch: 50	train loss: 15634.6083984375	(14.5s)
epoch: 51	train loss: 15037.6669921875	(14.5s)
epoch: 52	train loss: 15140.87109375	(14.5s)
epoch: 53	train loss: 16078.1220703125	(14.5s)
epoch: 54	train loss: 14893.642578125	(14.5s)
epoch: 55	train loss: 14937.1044921875	(14.5s)
epoch: 56	train loss: 15041.4208984375	(14.5s)
epoch: 57	train loss: 15138.869140625	(14.5s)
epoch: 58	train loss: 16361.2734375	(14.5s)
epoch: 59	train loss: 14980.8115234375	(14.5s)
epoch: 60	train loss: 14921.357421875	(14.5s)
epoch: 61	train loss: 14618.47265625	(14.5s)
epoch: 62	train loss: 15550.466796875	(14.5s)
epoch: 63	train loss: 14364.3232421875	(14.5s)
epoch: 64	train loss: 15549.783203125	(14.5s)
epoch: 65	train loss: 14951.7451171875	(14.5s)
epoch: 66	train loss: 14851.576171875	(14.5s)
epoch: 67	train loss: 14875.2001953125	(14.5s)
epoch: 68	train loss: 14173.3671875	(14.5s)
epoch: 69	train loss: 16048.677734375	(14.5s)
epoch: 70	train loss: 14391.0185546875	(14.5s)
epoch: 71	train loss: 13979.3759765625	(14.5s)
epoch: 72	train loss: 14707.3916015625	(14.5s)
epoch: 73	train loss: 14663.4228515625	(14.5s)
epoch: 74	train loss: 15178.267578125	(14.5s)
epoch: 75	train loss: 14593.314453125	(14.5s)
epoch: 76	train loss: 14284.68359375	(14.5s)
epoch: 77	train loss: 15316.1142578125	(14.5s)
epoch: 78	train loss: 14034.298828125	(14.5s)
epoch: 79	train loss: 14686.5341796875	(14.5s)
epoch: 80	train loss: 14963.69140625	(14.5s)
epoch: 81	train loss: 13930.1318359375	(14.5s)
epoch: 82	train loss: 14016.740234375	(14.5s)
epoch: 83	train loss: 15211.2265625	(14.5s)
epoch: 84	train loss: 14165.697265625	(14.5s)
epoch: 85	train loss: 13899.6982421875	(14.5s)
epoch: 86	train loss: 14338.634765625	(14.5s)
epoch: 87	train loss: 14422.7783203125	(14.5s)
epoch: 88	train loss: 14150.533203125	(14.5s)
epoch: 89	train loss: 16197.5751953125	(14.5s)
epoch: 90	train loss: 13768.0048828125	(14.5s)
epoch: 91	train loss: 13905.31640625	(14.5s)
epoch: 92	train loss: 13893.3076171875	(14.5s)
epoch: 93	train loss: 14014.154296875	(14.5s)
epoch: 94	train loss: 14481.341796875	(14.5s)
epoch: 95	train loss: 14099.1123046875	(14.5s)
epoch: 96	train loss: 13428.830078125	(14.5s)
epoch: 97	train loss: 13962.390625	(14.5s)
epoch: 98	train loss: 15008.1650390625	(14.5s)
epoch: 99	train loss: 13574.26953125	(14.5s)
Evaluating model on 200 episodes
Solved 39/200 episodes
Evaluated model in 10.8 seconds
Saved model for run
79420608ec694d34b019940becd1d0d2 with name round-8
Round 9
Generated trajectories in 69.5 seconds
epoch: 0	train loss: 21964.71875	(14.5s)
epoch: 1	train loss: 20167.484375	(14.5s)
epoch: 2	train loss: 19524.0703125	(14.5s)
epoch: 3	train loss: 19319.521484375	(14.6s)
epoch: 4	train loss: 18929.4375	(14.5s)
epoch: 5	train loss: 18726.609375	(14.5s)
epoch: 6	train loss: 19205.478515625	(14.5s)
epoch: 7	train loss: 18236.107421875	(14.6s)
epoch: 8	train loss: 18176.109375	(14.5s)
epoch: 9	train loss: 17977.955078125	(14.6s)
epoch: 10	train loss: 18106.064453125	(14.5s)
epoch: 11	train loss: 18859.28125	(14.6s)
epoch: 12	train loss: 17339.4921875	(14.5s)
epoch: 13	train loss: 17115.912109375	(14.6s)
epoch: 14	train loss: 17297.447265625	(14.5s)
epoch: 15	train loss: 17088.07421875	(14.6s)
epoch: 16	train loss: 17368.599609375	(14.5s)
epoch: 17	train loss: 16683.96484375	(14.5s)
epoch: 18	train loss: 16733.505859375	(14.5s)
epoch: 19	train loss: 17015.384765625	(14.5s)
epoch: 20	train loss: 17082.119140625	(14.5s)
epoch: 21	train loss: 16642.33984375	(14.6s)
epoch: 22	train loss: 16362.7998046875	(14.5s)
epoch: 23	train loss: 17258.98046875	(14.6s)
epoch: 24	train loss: 17729.4453125	(14.5s)
epoch: 25	train loss: 16367.2060546875	(14.6s)
epoch: 26	train loss: 15923.7490234375	(14.5s)
epoch: 27	train loss: 16133.5	(14.6s)
epoch: 28	train loss: 16336.158203125	(14.5s)
epoch: 29	train loss: 16870.80859375	(14.5s)
epoch: 30	train loss: 16127.8349609375	(14.5s)
epoch: 31	train loss: 15914.8935546875	(14.5s)
epoch: 32	train loss: 16280.0732421875	(14.6s)
epoch: 33	train loss: 15742.181640625	(14.5s)
epoch: 34	train loss: 16507.03515625	(14.5s)
epoch: 35	train loss: 15604.9130859375	(14.5s)
epoch: 36	train loss: 15955.8232421875	(14.5s)
epoch: 37	train loss: 16731.125	(14.5s)
epoch: 38	train loss: 16093.9326171875	(14.5s)
epoch: 39	train loss: 15638.0009765625	(14.5s)
epoch: 40	train loss: 15177.8544921875	(14.5s)
epoch: 41	train loss: 16070.8515625	(14.5s)
epoch: 42	train loss: 15223.2978515625	(14.5s)
epoch: 43	train loss: 15232.5673828125	(14.5s)
epoch: 44	train loss: 15468.888671875	(14.5s)
epoch: 45	train loss: 15540.8203125	(14.5s)
epoch: 46	train loss: 17852.69140625	(14.5s)
epoch: 47	train loss: 15465.283203125	(14.5s)
epoch: 48	train loss: 15095.5517578125	(14.5s)
epoch: 49	train loss: 15287.8623046875	(14.5s)
epoch: 50	train loss: 15285.8173828125	(14.5s)
epoch: 51	train loss: 15494.1455078125	(14.4s)
epoch: 52	train loss: 15137.6884765625	(14.5s)
epoch: 53	train loss: 15388.796875	(14.5s)
epoch: 54	train loss: 15254.3828125	(14.5s)
epoch: 55	train loss: 15149.4091796875	(14.6s)
epoch: 56	train loss: 15127.103515625	(14.6s)
epoch: 57	train loss: 14572.61328125	(14.4s)
epoch: 58	train loss: 15167.025390625	(14.5s)
epoch: 59	train loss: 15547.763671875	(14.5s)
epoch: 60	train loss: 14726.2802734375	(14.4s)
epoch: 61	train loss: 15555.2763671875	(14.5s)
epoch: 62	train loss: 14419.095703125	(14.5s)
epoch: 63	train loss: 14938.951171875	(14.5s)
epoch: 64	train loss: 14503.6845703125	(14.4s)
epoch: 65	train loss: 15015.5673828125	(14.5s)
epoch: 66	train loss: 14694.0703125	(14.5s)
epoch: 67	train loss: 14501.251953125	(14.5s)
epoch: 68	train loss: 14625.658203125	(14.5s)
epoch: 69	train loss: 14717.89453125	(14.5s)
epoch: 70	train loss: 14431.361328125	(14.5s)
epoch: 71	train loss: 14211.859375	(14.5s)
epoch: 72	train loss: 14746.685546875	(14.5s)
epoch: 73	train loss: 13890.173828125	(14.5s)
epoch: 74	train loss: 14028.75	(14.5s)
epoch: 75	train loss: 16193.1279296875	(14.5s)
epoch: 76	train loss: 14284.46484375	(14.4s)
epoch: 77	train loss: 13924.32421875	(14.5s)
epoch: 78	train loss: 14427.087890625	(14.5s)
epoch: 79	train loss: 14259.00390625	(14.5s)
epoch: 80	train loss: 14293.1787109375	(14.5s)
epoch: 81	train loss: 14128.1943359375	(14.5s)
epoch: 82	train loss: 14367.83203125	(14.4s)
epoch: 83	train loss: 14115.75390625	(14.5s)
epoch: 84	train loss: 14163.12109375	(14.5s)
epoch: 85	train loss: 14307.349609375	(14.5s)
epoch: 86	train loss: 13350.51171875	(14.4s)
epoch: 87	train loss: 14031.791015625	(14.5s)
epoch: 88	train loss: 15227.5166015625	(14.5s)
epoch: 89	train loss: 14708.9091796875	(14.6s)
epoch: 90	train loss: 13635.990234375	(14.5s)
epoch: 91	train loss: 14024.884765625	(14.5s)
epoch: 92	train loss: 14592.6796875	(14.5s)
epoch: 93	train loss: 13690.8203125	(14.5s)
epoch: 94	train loss: 13033.60546875	(14.5s)
epoch: 95	train loss: 13542.0791015625	(14.6s)
epoch: 96	train loss: 13164.06640625	(14.5s)
epoch: 97	train loss: 13840.4951171875	(14.6s)
epoch: 98	train loss: 14990.818359375	(14.5s)
epoch: 99	train loss: 13634.8154296875	(14.5s)
Evaluating model on 200 episodes
Solved 44/200 episodes
Evaluated model in 10.5 seconds
Saved model for run
79420608ec694d34b019940becd1d0d2 with name round-9
Round 10
Generated trajectories in 68.9 seconds
epoch: 0	train loss: 21408.44140625	(14.5s)
epoch: 1	train loss: 19704.59765625	(14.4s)
epoch: 2	train loss: 18966.328125	(14.4s)
epoch: 3	train loss: 18392.8203125	(14.5s)
epoch: 4	train loss: 18273.8046875	(14.5s)
epoch: 5	train loss: 18533.736328125	(14.4s)
epoch: 6	train loss: 17471.240234375	(14.5s)
epoch: 7	train loss: 16903.12109375	(14.4s)
epoch: 8	train loss: 16918.494140625	(14.4s)
epoch: 9	train loss: 17630.818359375	(14.5s)
epoch: 10	train loss: 16481.310546875	(14.5s)
epoch: 11	train loss: 16337.6201171875	(14.4s)
epoch: 12	train loss: 16423.005859375	(14.4s)
epoch: 13	train loss: 17059.17578125	(14.4s)
epoch: 14	train loss: 15572.4501953125	(14.4s)
epoch: 15	train loss: 15658.5078125	(14.4s)
epoch: 16	train loss: 15643.7685546875	(14.4s)
epoch: 17	train loss: 15641.9111328125	(14.4s)
epoch: 18	train loss: 15904.771484375	(14.4s)
epoch: 19	train loss: 15684.109375	(14.5s)
epoch: 20	train loss: 15311.4736328125	(14.4s)
epoch: 21	train loss: 15047.068359375	(14.4s)
epoch: 22	train loss: 14967.08984375	(14.5s)
epoch: 23	train loss: 15014.5205078125	(14.5s)
epoch: 24	train loss: 14881.6845703125	(14.4s)
epoch: 25	train loss: 16474.52734375	(14.5s)
epoch: 26	train loss: 14827.6083984375	(14.4s)
epoch: 27	train loss: 14808.326171875	(14.4s)
epoch: 28	train loss: 14849.7578125	(14.4s)
epoch: 29	train loss: 14754.2333984375	(14.5s)
epoch: 30	train loss: 15947.013671875	(14.4s)
epoch: 31	train loss: 14449.4951171875	(14.4s)
epoch: 32	train loss: 14222.2265625	(14.4s)
epoch: 33	train loss: 14267.4765625	(14.4s)
epoch: 34	train loss: 14803.5546875	(14.4s)
epoch: 35	train loss: 14417.169921875	(14.5s)
epoch: 36	train loss: 14210.75	(14.4s)
epoch: 37	train loss: 14103.90625	(14.4s)
epoch: 38	train loss: 14650.888671875	(14.4s)
epoch: 39	train loss: 13578.939453125	(14.4s)
epoch: 40	train loss: 14122.8486328125	(14.4s)
epoch: 41	train loss: 14188.7470703125	(14.5s)
epoch: 42	train loss: 14694.578125	(14.5s)
epoch: 43	train loss: 13420.0966796875	(14.4s)
epoch: 44	train loss: 13733.48828125	(14.5s)
epoch: 45	train loss: 13676.3193359375	(14.4s)
epoch: 46	train loss: 14235.255859375	(14.4s)
epoch: 47	train loss: 13414.013671875	(14.4s)
epoch: 48	train loss: 13584.83984375	(14.5s)
epoch: 49	train loss: 13458.5771484375	(14.4s)
epoch: 50	train loss: 13610.615234375	(14.5s)
epoch: 51	train loss: 12926.6484375	(14.5s)
epoch: 52	train loss: 13048.4765625	(14.4s)
epoch: 53	train loss: 14812.2353515625	(14.4s)
epoch: 54	train loss: 13668.705078125	(14.5s)
epoch: 55	train loss: 13084.1220703125	(14.4s)
epoch: 56	train loss: 13481.8564453125	(14.4s)
epoch: 57	train loss: 13661.5263671875	(14.4s)
epoch: 58	train loss: 12471.2939453125	(14.4s)
epoch: 59	train loss: 12865.7890625	(14.4s)
epoch: 60	train loss: 12662.52734375	(14.5s)
epoch: 61	train loss: 12870.0908203125	(14.4s)
epoch: 62	train loss: 13084.642578125	(14.4s)
epoch: 63	train loss: 12572.46875	(14.5s)
epoch: 64	train loss: 14055.498046875	(14.4s)
epoch: 65	train loss: 12555.12109375	(14.4s)
epoch: 66	train loss: 12890.2744140625	(14.5s)
epoch: 67	train loss: 12842.08984375	(14.5s)
epoch: 68	train loss: 12318.541015625	(14.4s)
epoch: 69	train loss: 12871.5322265625	(14.4s)
epoch: 70	train loss: 12273.083984375	(14.4s)
epoch: 71	train loss: 12203.9560546875	(14.4s)
epoch: 72	train loss: 12523.7568359375	(14.4s)
epoch: 73	train loss: 12827.1455078125	(14.5s)
epoch: 74	train loss: 12014.8974609375	(14.4s)
epoch: 75	train loss: 13141.9580078125	(14.4s)
epoch: 76	train loss: 12970.390625	(14.4s)
epoch: 77	train loss: 11957.982421875	(14.4s)
epoch: 78	train loss: 11678.4482421875	(14.4s)
epoch: 79	train loss: 12306.8232421875	(14.5s)
epoch: 80	train loss: 12591.841796875	(14.5s)
epoch: 81	train loss: 11784.9052734375	(14.4s)
epoch: 82	train loss: 11910.939453125	(14.5s)
epoch: 83	train loss: 11707.0224609375	(14.4s)
epoch: 84	train loss: 13285.2099609375	(14.4s)
epoch: 85	train loss: 11905.0029296875	(14.5s)
epoch: 86	train loss: 12449.6416015625	(14.5s)
epoch: 87	train loss: 13681.443359375	(14.4s)
epoch: 88	train loss: 11609.029296875	(14.4s)
epoch: 89	train loss: 11300.1630859375	(14.4s)
epoch: 90	train loss: 11841.5205078125	(14.4s)
epoch: 91	train loss: 12500.3525390625	(14.4s)
epoch: 92	train loss: 12906.8759765625	(14.5s)
epoch: 93	train loss: 14238.681640625	(14.4s)
epoch: 94	train loss: 11747.8369140625	(14.4s)
epoch: 95	train loss: 11314.01953125	(14.5s)
epoch: 96	train loss: 11512.3046875	(14.4s)
epoch: 97	train loss: 11411.5361328125	(14.4s)
epoch: 98	train loss: 11199.439453125	(14.5s)
epoch: 99	train loss: 12817.7109375	(14.4s)
Evaluating model on 200 episodes
Solved 60/200 episodes
Evaluated model in 11.0 seconds
Saved model for run
79420608ec694d34b019940becd1d0d2 with name round-10
Round 11
Generated trajectories in 69.1 seconds
epoch: 0	train loss: 19492.13671875	(14.4s)
epoch: 1	train loss: 17634.578125	(14.4s)
epoch: 2	train loss: 17071.81640625	(14.5s)
epoch: 3	train loss: 16568.2890625	(14.4s)
epoch: 4	train loss: 16955.599609375	(14.4s)
epoch: 5	train loss: 15630.1669921875	(14.4s)
epoch: 6	train loss: 17122.646484375	(14.4s)
epoch: 7	train loss: 15337.3203125	(14.4s)
epoch: 8	train loss: 15192.7041015625	(14.4s)
epoch: 9	train loss: 14995.3115234375	(14.4s)
epoch: 10	train loss: 14491.6357421875	(14.4s)
epoch: 11	train loss: 14648.115234375	(14.4s)
epoch: 12	train loss: 14417.423828125	(14.4s)
epoch: 13	train loss: 14981.134765625	(14.4s)
epoch: 14	train loss: 14236.099609375	(14.4s)
epoch: 15	train loss: 13959.2548828125	(14.4s)
epoch: 16	train loss: 13765.4013671875	(14.5s)
epoch: 17	train loss: 14586.9375	(14.4s)
epoch: 18	train loss: 13559.5859375	(14.4s)
epoch: 19	train loss: 13450.8642578125	(14.4s)
epoch: 20	train loss: 13105.8955078125	(14.4s)
epoch: 21	train loss: 13811.9833984375	(14.4s)
epoch: 22	train loss: 13714.28515625	(14.4s)
epoch: 23	train loss: 13283.5224609375	(14.4s)
epoch: 24	train loss: 13898.259765625	(14.4s)
epoch: 25	train loss: 13145.9833984375	(14.5s)
epoch: 26	train loss: 14994.5009765625	(14.4s)
epoch: 27	train loss: 13134.75390625	(14.5s)
epoch: 28	train loss: 12733.025390625	(14.4s)
epoch: 29	train loss: 12444.568359375	(14.5s)
epoch: 30	train loss: 14167.1865234375	(14.4s)
epoch: 31	train loss: 12554.4287109375	(14.5s)
epoch: 32	train loss: 12201.5888671875	(14.4s)
epoch: 33	train loss: 12489.65625	(14.4s)
epoch: 34	train loss: 12317.4501953125	(14.5s)
epoch: 35	train loss: 12487.7626953125	(14.4s)
epoch: 36	train loss: 13555.3134765625	(14.4s)
epoch: 37	train loss: 12821.1865234375	(14.4s)
epoch: 38	train loss: 12068.62109375	(14.4s)
epoch: 39	train loss: 12065.2197265625	(14.4s)
epoch: 40	train loss: 11710.701171875	(14.4s)
epoch: 41	train loss: 11812.8388671875	(14.3s)
epoch: 42	train loss: 11912.5625	(14.4s)
epoch: 43	train loss: 11877.1103515625	(14.4s)
epoch: 44	train loss: 12418.1494140625	(14.4s)
epoch: 45	train loss: 11666.7275390625	(14.4s)
epoch: 46	train loss: 11855.326171875	(14.5s)
epoch: 47	train loss: 12712.6357421875	(14.3s)
epoch: 48	train loss: 11549.978515625	(14.4s)
epoch: 49	train loss: 11749.09375	(14.4s)
epoch: 50	train loss: 11326.9658203125	(14.4s)
epoch: 51	train loss: 12770.0615234375	(14.4s)
epoch: 52	train loss: 10811.34765625	(14.5s)
epoch: 53	train loss: 11093.7060546875	(14.4s)
epoch: 54	train loss: 11145.8837890625	(14.4s)
epoch: 55	train loss: 11839.9638671875	(14.4s)
epoch: 56	train loss: 10829.8359375	(14.4s)
epoch: 57	train loss: 11906.8251953125	(14.3s)
epoch: 58	train loss: 11188.6611328125	(14.4s)
epoch: 59	train loss: 11005.91015625	(14.4s)
epoch: 60	train loss: 10698.2734375	(14.4s)
epoch: 61	train loss: 13374.63671875	(14.4s)
epoch: 62	train loss: 10456.4521484375	(14.4s)
epoch: 63	train loss: 10290.208984375	(14.4s)
epoch: 64	train loss: 10124.740234375	(14.4s)
epoch: 65	train loss: 10276.181640625	(14.4s)
epoch: 66	train loss: 11552.412109375	(14.4s)
epoch: 67	train loss: 10453.6865234375	(14.4s)
epoch: 68	train loss: 10886.94921875	(14.4s)
epoch: 69	train loss: 10633.1806640625	(14.4s)
epoch: 70	train loss: 10616.2177734375	(14.4s)
epoch: 71	train loss: 10817.7060546875	(14.4s)
epoch: 72	train loss: 10139.7734375	(14.4s)
epoch: 73	train loss: 10318.73046875	(14.4s)
epoch: 74	train loss: 13438.4443359375	(14.4s)
epoch: 75	train loss: 10342.712890625	(14.4s)
epoch: 76	train loss: 9877.8544921875	(14.3s)
epoch: 77	train loss: 9981.1435546875	(14.4s)
epoch: 78	train loss: 10424.431640625	(14.4s)
epoch: 79	train loss: 10186.2197265625	(14.4s)
epoch: 80	train loss: 10007.9375	(14.5s)
epoch: 81	train loss: 9813.271484375	(14.4s)
epoch: 82	train loss: 10374.34375	(14.4s)
epoch: 83	train loss: 9878.212890625	(14.4s)
epoch: 84	train loss: 10451.5234375	(14.4s)
epoch: 85	train loss: 9981.986328125	(14.5s)
epoch: 86	train loss: 9245.234375	(14.4s)
epoch: 87	train loss: 9883.1953125	(14.5s)
epoch: 88	train loss: 10102.9296875	(14.4s)
epoch: 89	train loss: 9957.353515625	(14.4s)
epoch: 90	train loss: 9568.5771484375	(14.4s)
epoch: 91	train loss: 10394.857421875	(14.4s)
epoch: 92	train loss: 9799.84765625	(14.4s)
epoch: 93	train loss: 9145.333984375	(14.4s)
epoch: 94	train loss: 10414.12890625	(14.4s)
epoch: 95	train loss: 10125.5615234375	(14.4s)
epoch: 96	train loss: 10450.4697265625	(14.5s)
epoch: 97	train loss: 9340.51171875	(14.4s)
epoch: 98	train loss: 9077.1650390625	(14.5s)
epoch: 99	train loss: 10002.0810546875	(14.5s)
Evaluating model on 200 episodes
Solved 76/200 episodes
Evaluated model in 10.8 seconds
Saved model for run
79420608ec694d34b019940becd1d0d2 with name round-11
Round 12
Generated trajectories in 69.2 seconds
epoch: 0	train loss: 18095.888671875	(14.7s)
epoch: 1	train loss: 15712.2412109375	(14.5s)
epoch: 2	train loss: 15054.55859375	(14.6s)
epoch: 3	train loss: 14530.115234375	(14.6s)
epoch: 4	train loss: 13776.2763671875	(14.6s)
epoch: 5	train loss: 13577.27734375	(14.6s)
epoch: 6	train loss: 13137.2431640625	(14.6s)
epoch: 7	train loss: 13553.9560546875	(14.6s)
epoch: 8	train loss: 12848.8056640625	(14.6s)
epoch: 9	train loss: 12353.345703125	(14.6s)
epoch: 10	train loss: 12622.1162109375	(14.6s)
epoch: 11	train loss: 13103.0361328125	(14.6s)
epoch: 12	train loss: 12172.8427734375	(14.6s)
epoch: 13	train loss: 12253.970703125	(14.6s)
epoch: 14	train loss: 11651.1171875	(14.6s)
epoch: 15	train loss: 11544.2978515625	(14.6s)
epoch: 16	train loss: 12508.6787109375	(14.6s)
epoch: 17	train loss: 12805.7900390625	(14.5s)
epoch: 18	train loss: 11101.80078125	(14.6s)
epoch: 19	train loss: 11619.1474609375	(14.6s)
epoch: 20	train loss: 10557.76171875	(14.6s)
epoch: 21	train loss: 10608.662109375	(14.6s)
epoch: 22	train loss: 10897.462890625	(14.6s)
epoch: 23	train loss: 10278.22265625	(14.6s)
epoch: 24	train loss: 10692.828125	(14.6s)
epoch: 25	train loss: 10783.822265625	(14.6s)
epoch: 26	train loss: 10363.267578125	(14.6s)
epoch: 27	train loss: 11295.1689453125	(14.6s)
epoch: 28	train loss: 10048.9443359375	(14.6s)
epoch: 29	train loss: 10978.46484375	(14.5s)
epoch: 30	train loss: 10050.8603515625	(14.6s)
epoch: 31	train loss: 10086.3095703125	(14.6s)
epoch: 32	train loss: 9784.1796875	(14.6s)
epoch: 33	train loss: 9837.962890625	(14.6s)
epoch: 34	train loss: 9653.4990234375	(14.6s)
epoch: 35	train loss: 9936.3623046875	(14.6s)
epoch: 36	train loss: 9514.1201171875	(14.6s)
epoch: 37	train loss: 9945.0908203125	(14.6s)
epoch: 38	train loss: 9895.60546875	(14.6s)
epoch: 39	train loss: 9469.80078125	(14.6s)
epoch: 40	train loss: 9813.478515625	(14.6s)
epoch: 41	train loss: 8912.6650390625	(14.6s)
epoch: 42	train loss: 8990.2177734375	(14.5s)
epoch: 43	train loss: 9874.5361328125	(14.6s)
epoch: 44	train loss: 10062.7353515625	(14.6s)
epoch: 45	train loss: 8622.36328125	(14.6s)
epoch: 46	train loss: 10618.623046875	(14.6s)
epoch: 47	train loss: 8403.40234375	(14.6s)
epoch: 48	train loss: 8557.736328125	(14.5s)
epoch: 49	train loss: 8680.3447265625	(14.6s)
epoch: 50	train loss: 8843.263671875	(14.6s)
epoch: 51	train loss: 8405.0263671875	(14.5s)
epoch: 52	train loss: 8849.5966796875	(14.6s)
epoch: 53	train loss: 8400.103515625	(14.6s)
epoch: 54	train loss: 8254.0947265625	(14.7s)
epoch: 55	train loss: 8292.0322265625	(14.6s)
epoch: 56	train loss: 8630.9296875	(14.6s)
epoch: 57	train loss: 8235.681640625	(14.6s)
epoch: 58	train loss: 9437.263671875	(14.6s)
epoch: 59	train loss: 8458.041015625	(14.6s)
epoch: 60	train loss: 8400.7421875	(14.6s)
epoch: 61	train loss: 7845.408203125	(14.6s)
epoch: 62	train loss: 7884.71533203125	(14.6s)
epoch: 63	train loss: 7587.4560546875	(14.6s)
epoch: 64	train loss: 7936.21923828125	(14.6s)
epoch: 65	train loss: 8077.12841796875	(14.6s)
epoch: 66	train loss: 8592.5654296875	(14.6s)
epoch: 67	train loss: 8315.376953125	(14.5s)
epoch: 68	train loss: 7673.966796875	(14.6s)
epoch: 69	train loss: 8355.3369140625	(14.6s)
epoch: 70	train loss: 7848.22998046875	(14.6s)
epoch: 71	train loss: 7139.29931640625	(14.6s)
epoch: 72	train loss: 9715.13671875	(14.6s)
epoch: 73	train loss: 7334.15185546875	(14.6s)
epoch: 74	train loss: 6703.19091796875	(14.6s)
epoch: 75	train loss: 7115.3203125	(14.6s)
epoch: 76	train loss: 8166.13427734375	(14.6s)
epoch: 77	train loss: 8638.689453125	(14.6s)
epoch: 78	train loss: 7629.9140625	(14.6s)
epoch: 79	train loss: 6967.830078125	(14.6s)
epoch: 80	train loss: 7444.15380859375	(14.6s)
epoch: 81	train loss: 7410.31640625	(14.6s)
epoch: 82	train loss: 6972.380859375	(14.6s)
epoch: 83	train loss: 6898.32763671875	(14.6s)
epoch: 84	train loss: 7598.0625	(14.6s)
epoch: 85	train loss: 6934.33544921875	(14.6s)
epoch: 86	train loss: 6791.60205078125	(14.5s)
epoch: 87	train loss: 7057.78564453125	(14.6s)
epoch: 88	train loss: 7130.82177734375	(14.6s)
epoch: 89	train loss: 7678.0380859375	(14.6s)
epoch: 90	train loss: 9729.71484375	(14.6s)
epoch: 91	train loss: 6682.1728515625	(14.6s)
epoch: 92	train loss: 6413.13134765625	(14.5s)
epoch: 93	train loss: 6877.88427734375	(14.6s)
epoch: 94	train loss: 6644.4765625	(14.6s)
epoch: 95	train loss: 7034.64892578125	(14.6s)
epoch: 96	train loss: 6480.716796875	(14.6s)
epoch: 97	train loss: 6150.69580078125	(14.6s)
epoch: 98	train loss: 7038.40576171875	(14.5s)
epoch: 99	train loss: 7789.4140625	(14.6s)
Evaluating model on 200 episodes
Solved 88/200 episodes
Evaluated model in 11.2 seconds
Saved model for run
79420608ec694d34b019940becd1d0d2 with name round-12
Round 13
Generated trajectories in 69.1 seconds
epoch: 0	train loss: 13435.583984375	(14.5s)
epoch: 1	train loss: 11632.4296875	(14.5s)
epoch: 2	train loss: 10754.3505859375	(14.4s)
epoch: 3	train loss: 9997.5263671875	(14.5s)
epoch: 4	train loss: 9604.9697265625	(14.4s)
epoch: 5	train loss: 9415.73828125	(14.4s)
epoch: 6	train loss: 8735.1142578125	(14.5s)
epoch: 7	train loss: 8506.0205078125	(14.6s)
epoch: 8	train loss: 9357.251953125	(15.0s)
epoch: 9	train loss: 8166.7216796875	(14.8s)
epoch: 10	train loss: 8048.02734375	(14.8s)
epoch: 11	train loss: 6979.8564453125	(14.8s)
epoch: 12	train loss: 7723.92138671875	(14.9s)
epoch: 13	train loss: 7141.47021484375	(14.8s)
epoch: 14	train loss: 6315.16357421875	(14.7s)
epoch: 15	train loss: 6164.51708984375	(14.8s)
epoch: 16	train loss: 6843.533203125	(14.9s)
epoch: 17	train loss: 6141.82275390625	(14.7s)
epoch: 18	train loss: 5960.19921875	(14.8s)
epoch: 19	train loss: 6062.36083984375	(14.8s)
epoch: 20	train loss: 7228.3828125	(14.7s)
epoch: 21	train loss: 5491.51220703125	(14.8s)
epoch: 22	train loss: 5298.318359375	(14.8s)
epoch: 23	train loss: 5344.6533203125	(14.8s)
epoch: 24	train loss: 5195.54638671875	(14.7s)
epoch: 25	train loss: 4835.6708984375	(14.9s)
epoch: 26	train loss: 5467.85302734375	(14.8s)
epoch: 27	train loss: 4631.1044921875	(14.7s)
epoch: 28	train loss: 5155.408203125	(14.8s)
epoch: 29	train loss: 4826.6279296875	(14.8s)
epoch: 30	train loss: 4393.89111328125	(14.7s)
epoch: 31	train loss: 4848.10595703125	(14.8s)
epoch: 32	train loss: 5295.81884765625	(14.7s)
epoch: 33	train loss: 5124.9140625	(14.7s)
epoch: 34	train loss: 5104.97412109375	(14.8s)
epoch: 35	train loss: 3999.254150390625	(14.7s)
epoch: 36	train loss: 4902.85009765625	(14.7s)
epoch: 37	train loss: 4151.47265625	(14.8s)
epoch: 38	train loss: 6161.63037109375	(14.8s)
epoch: 39	train loss: 4588.83642578125	(14.7s)
epoch: 40	train loss: 4531.1552734375	(14.7s)
epoch: 41	train loss: 3757.13525390625	(14.8s)
epoch: 42	train loss: 3782.400146484375	(14.8s)
epoch: 43	train loss: 4671.38330078125	(14.8s)
epoch: 44	train loss: 4378.31982421875	(14.7s)
epoch: 45	train loss: 4331.01123046875	(14.7s)
epoch: 46	train loss: 4166.55126953125	(14.7s)
epoch: 47	train loss: 3439.7958984375	(14.8s)
epoch: 48	train loss: 4403.06982421875	(14.7s)
epoch: 49	train loss: 3726.185546875	(14.7s)
epoch: 50	train loss: 3617.8369140625	(14.7s)
epoch: 51	train loss: 4592.22509765625	(14.8s)
epoch: 52	train loss: 6012.9521484375	(14.7s)
epoch: 53	train loss: 3358.419921875	(14.8s)
epoch: 54	train loss: 3285.511474609375	(14.7s)
epoch: 55	train loss: 3227.314208984375	(14.7s)
epoch: 56	train loss: 3215.947509765625	(14.7s)
epoch: 57	train loss: 4365.46435546875	(14.7s)
epoch: 58	train loss: 3346.241943359375	(14.7s)
epoch: 59	train loss: 3058.310546875	(14.8s)
epoch: 60	train loss: 6141.51318359375	(14.8s)
epoch: 61	train loss: 2934.370849609375	(14.7s)
epoch: 62	train loss: 3017.00244140625	(14.8s)
epoch: 63	train loss: 4294.72509765625	(14.7s)
epoch: 64	train loss: 3306.4697265625	(14.8s)
epoch: 65	train loss: 3015.1103515625	(14.8s)
epoch: 66	train loss: 3219.135498046875	(14.8s)
epoch: 67	train loss: 4004.96630859375	(14.7s)
epoch: 68	train loss: 3811.134765625	(14.8s)
epoch: 69	train loss: 2697.18310546875	(14.7s)
epoch: 70	train loss: 3167.711181640625	(14.7s)
epoch: 71	train loss: 2479.25927734375	(14.7s)
epoch: 72	train loss: 3758.0224609375	(14.4s)
epoch: 73	train loss: 3622.141845703125	(14.5s)
epoch: 74	train loss: 3245.509765625	(14.5s)
epoch: 75	train loss: 3080.422607421875	(14.4s)
epoch: 76	train loss: 2915.515625	(14.4s)
epoch: 77	train loss: 2889.683349609375	(14.4s)
epoch: 78	train loss: 2937.084228515625	(14.5s)
epoch: 79	train loss: 3306.7373046875	(14.4s)
epoch: 80	train loss: 2864.25146484375	(14.5s)
epoch: 81	train loss: 2410.656005859375	(14.4s)
epoch: 82	train loss: 4260.2451171875	(14.4s)
epoch: 83	train loss: 3809.635009765625	(14.5s)
epoch: 84	train loss: 2381.50732421875	(14.5s)
epoch: 85	train loss: 2418.723876953125	(14.5s)
epoch: 86	train loss: 3729.900390625	(14.4s)
epoch: 87	train loss: 2201.822265625	(14.5s)
epoch: 88	train loss: 2714.417724609375	(14.5s)
epoch: 89	train loss: 2300.5537109375	(14.5s)
epoch: 90	train loss: 3404.78662109375	(14.5s)
epoch: 91	train loss: 2725.623046875	(14.6s)
epoch: 92	train loss: 2788.007568359375	(14.5s)
epoch: 93	train loss: 2073.0966796875	(14.4s)
epoch: 94	train loss: 2968.47509765625	(14.5s)
epoch: 95	train loss: 2947.027587890625	(14.4s)
epoch: 96	train loss: 2293.1396484375	(14.5s)
epoch: 97	train loss: 3586.023681640625	(14.6s)
epoch: 98	train loss: 4003.28662109375	(14.4s)
epoch: 99	train loss: 2022.8638916015625	(14.4s)
Evaluating model on 200 episodes
Solved 153/200 episodes
Evaluated model in 13.3 seconds
Saved model for run
79420608ec694d34b019940becd1d0d2 with name round-13
Round 14
Generated trajectories in 69.6 seconds
epoch: 0	train loss: 5821.01806640625	(14.7s)
epoch: 1	train loss: 4547.40966796875	(14.5s)
epoch: 2	train loss: 4085.97802734375	(14.6s)
epoch: 3	train loss: 4670.88330078125	(14.6s)
epoch: 4	train loss: 3487.310546875	(14.6s)
epoch: 5	train loss: 2846.578369140625	(14.6s)
epoch: 6	train loss: 3851.29931640625	(14.6s)
epoch: 7	train loss: 3263.584228515625	(14.6s)
epoch: 8	train loss: 2659.107421875	(14.6s)
epoch: 9	train loss: 4273.0908203125	(14.6s)
epoch: 10	train loss: 3151.0087890625	(14.6s)
epoch: 11	train loss: 2519.559814453125	(14.6s)
epoch: 12	train loss: 2661.10498046875	(14.6s)
epoch: 13	train loss: 3082.113525390625	(14.6s)
epoch: 14	train loss: 2734.177490234375	(14.6s)
epoch: 15	train loss: 2770.635986328125	(14.6s)
epoch: 16	train loss: 4252.55078125	(14.6s)
epoch: 17	train loss: 2206.23388671875	(14.6s)
epoch: 18	train loss: 2470.63232421875	(14.6s)
epoch: 19	train loss: 2902.710693359375	(14.6s)
epoch: 20	train loss: 2403.33544921875	(14.6s)
epoch: 21	train loss: 2850.495361328125	(14.6s)
epoch: 22	train loss: 2459.12939453125	(14.6s)
epoch: 23	train loss: 2403.688720703125	(14.6s)
epoch: 24	train loss: 2804.738037109375	(14.6s)
epoch: 25	train loss: 2161.72607421875	(14.6s)
epoch: 26	train loss: 2352.681640625	(14.6s)
epoch: 27	train loss: 2481.747314453125	(14.6s)
epoch: 28	train loss: 2065.72802734375	(14.6s)
epoch: 29	train loss: 3900.286865234375	(14.6s)
epoch: 30	train loss: 1681.498291015625	(14.6s)
epoch: 31	train loss: 2329.73388671875	(14.6s)
epoch: 32	train loss: 1759.389892578125	(14.6s)
epoch: 33	train loss: 1982.849853515625	(14.6s)
epoch: 34	train loss: 2125.34814453125	(14.6s)
epoch: 35	train loss: 2921.85205078125	(14.6s)
epoch: 36	train loss: 1735.01513671875	(14.6s)
epoch: 37	train loss: 1818.7169189453125	(14.6s)
epoch: 38	train loss: 2920.212158203125	(14.6s)
epoch: 39	train loss: 2848.962158203125	(14.6s)
epoch: 40	train loss: 1844.9296875	(14.6s)
epoch: 41	train loss: 1944.696533203125	(14.6s)
epoch: 42	train loss: 1890.0491943359375	(14.6s)
epoch: 43	train loss: 2028.63427734375	(14.6s)
epoch: 44	train loss: 3119.249755859375	(14.6s)
epoch: 45	train loss: 1569.5462646484375	(14.6s)
epoch: 46	train loss: 1670.0523681640625	(14.6s)
epoch: 47	train loss: 1864.5716552734375	(14.6s)
epoch: 48	train loss: 1824.7655029296875	(14.6s)
epoch: 49	train loss: 1852.05126953125	(14.6s)
epoch: 50	train loss: 1221.91015625	(14.6s)
epoch: 51	train loss: 3517.524658203125	(14.6s)
epoch: 52	train loss: 1935.0364990234375	(14.6s)
epoch: 53	train loss: 1600.9820556640625	(14.6s)
epoch: 54	train loss: 1617.407470703125	(14.6s)
epoch: 55	train loss: 1794.9268798828125	(14.6s)
epoch: 56	train loss: 1718.7879638671875	(14.6s)
epoch: 57	train loss: 2745.86181640625	(14.6s)
epoch: 58	train loss: 1751.3199462890625	(14.6s)
epoch: 59	train loss: 2318.751220703125	(14.6s)
epoch: 60	train loss: 2255.017333984375	(14.6s)
epoch: 61	train loss: 2418.740234375	(14.6s)
epoch: 62	train loss: 1337.3262939453125	(14.6s)
epoch: 63	train loss: 1580.605712890625	(14.6s)
epoch: 64	train loss: 1793.8138427734375	(14.6s)
epoch: 65	train loss: 1880.77783203125	(14.6s)
epoch: 66	train loss: 1745.880126953125	(14.6s)
epoch: 67	train loss: 1787.38671875	(14.6s)
epoch: 68	train loss: 2648.1044921875	(14.6s)
epoch: 69	train loss: 1323.653076171875	(14.6s)
epoch: 70	train loss: 2396.4375	(14.6s)
epoch: 71	train loss: 1595.608154296875	(14.6s)
epoch: 72	train loss: 1383.6998291015625	(14.6s)
epoch: 73	train loss: 1774.5753173828125	(14.6s)
epoch: 74	train loss: 1799.895263671875	(14.6s)
epoch: 75	train loss: 2019.96337890625	(14.6s)
epoch: 76	train loss: 1351.8857421875	(14.6s)
epoch: 77	train loss: 1576.1436767578125	(14.6s)
epoch: 78	train loss: 1553.495361328125	(14.5s)
epoch: 79	train loss: 1907.6865234375	(14.6s)
epoch: 80	train loss: 1885.820068359375	(14.6s)
epoch: 81	train loss: 2490.47216796875	(14.6s)
epoch: 82	train loss: 1566.6353759765625	(14.6s)
epoch: 83	train loss: 967.7464599609375	(14.6s)
epoch: 84	train loss: 3043.3046875	(14.6s)
epoch: 85	train loss: 1864.4879150390625	(14.6s)
epoch: 86	train loss: 2105.18603515625	(14.6s)
epoch: 87	train loss: 1096.5791015625	(14.6s)
epoch: 88	train loss: 1659.79638671875	(14.6s)
epoch: 89	train loss: 1387.135986328125	(14.6s)
epoch: 90	train loss: 2839.0498046875	(14.9s)
epoch: 91	train loss: 1449.8602294921875	(14.8s)
epoch: 92	train loss: 1325.143310546875	(14.8s)
epoch: 93	train loss: 2688.021484375	(14.8s)
epoch: 94	train loss: 1861.76171875	(14.8s)
epoch: 95	train loss: 1361.3004150390625	(14.9s)
epoch: 96	train loss: 1817.55859375	(14.8s)
epoch: 97	train loss: 1358.07470703125	(14.8s)
epoch: 98	train loss: 1635.644287109375	(14.9s)
epoch: 99	train loss: 6208.4384765625	(14.9s)
Evaluating model on 200 episodes
Solved 170/200 episodes
Evaluated model in 14.7 seconds
Saved model for run
79420608ec694d34b019940becd1d0d2 with name round-14
Round 15
Generated trajectories in 71.1 seconds
epoch: 0	train loss: 4501.78857421875	(14.7s)
epoch: 1	train loss: 3177.26123046875	(14.6s)
epoch: 2	train loss: 2846.506591796875	(14.6s)
epoch: 3	train loss: 3123.68017578125	(14.7s)
epoch: 4	train loss: 2628.622802734375	(14.6s)
epoch: 5	train loss: 2547.65771484375	(14.7s)
epoch: 6	train loss: 2320.74072265625	(15.0s)
epoch: 7	train loss: 2061.994873046875	(15.0s)
epoch: 8	train loss: 2878.93994140625	(14.9s)
epoch: 9	train loss: 1886.3890380859375	(14.9s)
epoch: 10	train loss: 2390.549072265625	(14.8s)
epoch: 11	train loss: 2704.369384765625	(14.8s)
epoch: 12	train loss: 2184.08447265625	(14.9s)
epoch: 13	train loss: 1590.871337890625	(15.0s)
epoch: 14	train loss: 3034.80615234375	(14.8s)
epoch: 15	train loss: 2734.1923828125	(14.8s)
epoch: 16	train loss: 1606.8359375	(14.9s)
epoch: 17	train loss: 1657.04248046875	(14.9s)
epoch: 18	train loss: 1910.38671875	(14.8s)
epoch: 19	train loss: 1770.0679931640625	(14.9s)
epoch: 20	train loss: 3171.816650390625	(14.8s)
epoch: 21	train loss: 2026.579833984375	(14.9s)
epoch: 22	train loss: 1576.7470703125	(14.8s)
epoch: 23	train loss: 1885.1168212890625	(14.8s)
epoch: 24	train loss: 1734.4947509765625	(14.8s)
epoch: 25	train loss: 1439.6776123046875	(14.9s)
epoch: 26	train loss: 1859.95166015625	(14.9s)
epoch: 27	train loss: 2711.280517578125	(14.8s)
epoch: 28	train loss: 1525.766845703125	(14.9s)
epoch: 29	train loss: 1035.423583984375	(14.9s)
epoch: 30	train loss: 1321.4383544921875	(14.8s)
epoch: 31	train loss: 2272.69140625	(14.8s)
epoch: 32	train loss: 1515.7105712890625	(15.0s)
epoch: 33	train loss: 1468.7135009765625	(14.8s)
epoch: 34	train loss: 1729.548583984375	(14.9s)
epoch: 35	train loss: 1327.287841796875	(14.8s)
epoch: 36	train loss: 1725.1717529296875	(14.8s)
epoch: 37	train loss: 2699.385498046875	(14.9s)
epoch: 38	train loss: 1162.5084228515625	(14.9s)
epoch: 39	train loss: 1677.455078125	(14.9s)
epoch: 40	train loss: 1367.6246337890625	(14.8s)
epoch: 41	train loss: 1677.614013671875	(14.8s)
epoch: 42	train loss: 1700.6163330078125	(14.7s)
epoch: 43	train loss: 1494.0333251953125	(14.8s)
epoch: 44	train loss: 1967.4580078125	(14.8s)
epoch: 45	train loss: 1775.7978515625	(14.9s)
epoch: 46	train loss: 1379.6114501953125	(14.8s)
epoch: 47	train loss: 1502.8232421875	(14.8s)
epoch: 48	train loss: 1565.0162353515625	(14.8s)
epoch: 49	train loss: 1940.7642822265625	(14.8s)
epoch: 50	train loss: 1419.41064453125	(14.8s)
epoch: 51	train loss: 1635.1348876953125	(14.8s)
epoch: 52	train loss: 1687.723388671875	(14.8s)
epoch: 53	train loss: 1433.3436279296875	(14.9s)
epoch: 54	train loss: 903.28955078125	(14.8s)
epoch: 55	train loss: 1689.7093505859375	(14.8s)
epoch: 56	train loss: 2017.882568359375	(14.8s)
epoch: 57	train loss: 1238.0467529296875	(14.8s)
epoch: 58	train loss: 835.1405639648438	(14.8s)
epoch: 59	train loss: 1580.83056640625	(14.8s)
epoch: 60	train loss: 1429.9781494140625	(14.8s)
epoch: 61	train loss: 2069.691162109375	(14.8s)
epoch: 62	train loss: 1558.68505859375	(14.8s)
epoch: 63	train loss: 1762.564453125	(14.8s)
epoch: 64	train loss: 1861.834716796875	(14.8s)
epoch: 65	train loss: 1300.7725830078125	(14.8s)
epoch: 66	train loss: 964.5398559570312	(14.8s)
epoch: 67	train loss: 1317.3681640625	(14.8s)
epoch: 68	train loss: 1178.2381591796875	(14.8s)
epoch: 69	train loss: 1750.9290771484375	(14.9s)
epoch: 70	train loss: 2331.2939453125	(14.8s)
epoch: 71	train loss: 2155.08544921875	(14.9s)
epoch: 72	train loss: 1448.378662109375	(14.8s)
epoch: 73	train loss: 2692.16015625	(14.9s)
epoch: 74	train loss: 832.7520751953125	(14.8s)
epoch: 75	train loss: 1046.1539306640625	(14.8s)
epoch: 76	train loss: 808.5139770507812	(14.8s)
epoch: 77	train loss: 1727.50830078125	(14.8s)
epoch: 78	train loss: 1502.7645263671875	(14.8s)
epoch: 79	train loss: 1192.2723388671875	(14.9s)
epoch: 80	train loss: 1570.6798095703125	(14.8s)
epoch: 81	train loss: 1138.8209228515625	(14.9s)
epoch: 82	train loss: 1299.0240478515625	(14.9s)
epoch: 83	train loss: 1148.8485107421875	(14.8s)
epoch: 84	train loss: 1100.16259765625	(14.8s)
epoch: 85	train loss: 1665.4088134765625	(14.8s)
epoch: 86	train loss: 1159.50927734375	(14.8s)
epoch: 87	train loss: 1383.572021484375	(14.8s)
epoch: 88	train loss: 1228.17724609375	(14.9s)
epoch: 89	train loss: 2690.997314453125	(14.8s)
epoch: 90	train loss: 888.267822265625	(14.8s)
epoch: 91	train loss: 2339.056640625	(14.8s)
epoch: 92	train loss: 1217.8607177734375	(14.9s)
epoch: 93	train loss: 1121.978515625	(14.8s)
epoch: 94	train loss: 913.6063232421875	(14.8s)
epoch: 95	train loss: 1133.3480224609375	(14.8s)
epoch: 96	train loss: 1262.0093994140625	(14.8s)
epoch: 97	train loss: 2238.82177734375	(14.9s)
epoch: 98	train loss: 1116.0509033203125	(14.7s)
epoch: 99	train loss: 1503.2965087890625	(14.7s)
Evaluating model on 200 episodes
Solved 183/200 episodes
Evaluated model in 14.4 seconds
Saved model for run
79420608ec694d34b019940becd1d0d2 with name round-15
Round 16
Generated trajectories in 72.2 seconds
epoch: 0	train loss: 3052.043701171875	(14.8s)
epoch: 1	train loss: 2405.27734375	(14.8s)
epoch: 2	train loss: 1839.5084228515625	(14.8s)
epoch: 3	train loss: 1523.153076171875	(14.9s)
epoch: 4	train loss: 2507.32421875	(14.8s)
epoch: 5	train loss: 2990.89306640625	(14.8s)
epoch: 6	train loss: 1504.9580078125	(14.8s)
epoch: 7	train loss: 1130.044677734375	(14.8s)
epoch: 8	train loss: 1588.6632080078125	(14.8s)
epoch: 9	train loss: 2172.469482421875	(14.9s)
epoch: 10	train loss: 1808.3350830078125	(14.8s)
epoch: 11	train loss: 2083.5556640625	(14.8s)
epoch: 12	train loss: 1200.4315185546875	(14.8s)
epoch: 13	train loss: 2159.0400390625	(14.8s)
epoch: 14	train loss: 1226.6563720703125	(14.8s)
epoch: 15	train loss: 1989.054931640625	(14.9s)
epoch: 16	train loss: 1361.5107421875	(14.8s)
epoch: 17	train loss: 1408.8878173828125	(14.8s)
epoch: 18	train loss: 1852.187255859375	(14.8s)
epoch: 19	train loss: 1559.2906494140625	(14.7s)
epoch: 20	train loss: 1506.4990234375	(14.8s)
epoch: 21	train loss: 1274.3475341796875	(14.8s)
epoch: 22	train loss: 1627.4146728515625	(14.8s)
epoch: 23	train loss: 1974.369384765625	(14.8s)
epoch: 24	train loss: 1178.89306640625	(14.8s)
epoch: 25	train loss: 1882.115966796875	(14.8s)
epoch: 26	train loss: 900.8670043945312	(14.8s)
epoch: 27	train loss: 1265.7862548828125	(14.8s)
epoch: 28	train loss: 1336.2908935546875	(14.8s)
epoch: 29	train loss: 1483.6285400390625	(14.8s)
epoch: 30	train loss: 1049.2979736328125	(14.8s)
epoch: 31	train loss: 1353.6583251953125	(14.8s)
epoch: 32	train loss: 1765.8062744140625	(14.9s)
epoch: 33	train loss: 778.025146484375	(14.9s)
epoch: 34	train loss: 1101.5321044921875	(15.0s)
epoch: 35	train loss: 3176.376220703125	(14.9s)
epoch: 36	train loss: 1629.6981201171875	(14.9s)
epoch: 37	train loss: 1047.2435302734375	(15.1s)
epoch: 38	train loss: 1445.1982421875	(15.0s)
epoch: 39	train loss: 1640.0184326171875	(15.0s)
epoch: 40	train loss: 881.5025024414062	(15.1s)
epoch: 41	train loss: 1045.465087890625	(15.1s)
epoch: 42	train loss: 3132.921875	(15.1s)
epoch: 43	train loss: 1703.9873046875	(15.2s)
epoch: 44	train loss: 1005.9869995117188	(15.0s)
epoch: 45	train loss: 580.8344116210938	(15.1s)
epoch: 46	train loss: 2000.6357421875	(15.0s)
epoch: 47	train loss: 1267.7398681640625	(15.2s)
epoch: 48	train loss: 598.7896728515625	(15.2s)
epoch: 49	train loss: 1301.9915771484375	(15.3s)
epoch: 50	train loss: 2270.158203125	(15.1s)
epoch: 51	train loss: 551.919677734375	(15.0s)
epoch: 52	train loss: 1367.3369140625	(15.1s)
epoch: 53	train loss: 1141.7255859375	(15.0s)
epoch: 54	train loss: 1764.1636962890625	(15.0s)
epoch: 55	train loss: 1218.2913818359375	(15.1s)
epoch: 56	train loss: 1150.94287109375	(15.0s)
epoch: 57	train loss: 998.2576904296875	(15.1s)
epoch: 58	train loss: 619.2102661132812	(15.0s)
epoch: 59	train loss: 2415.949462890625	(15.1s)
epoch: 60	train loss: 1325.316162109375	(15.0s)
epoch: 61	train loss: 969.8974609375	(15.0s)
epoch: 62	train loss: 892.3358764648438	(15.0s)
epoch: 63	train loss: 1397.14208984375	(15.0s)
epoch: 64	train loss: 1232.1177978515625	(15.0s)
epoch: 65	train loss: 965.6557006835938	(15.1s)
epoch: 66	train loss: 1331.2037353515625	(15.0s)
epoch: 67	train loss: 1295.3543701171875	(15.0s)
epoch: 68	train loss: 1445.7667236328125	(14.9s)
epoch: 69	train loss: 991.7008056640625	(15.0s)
epoch: 70	train loss: 3152.996826171875	(15.0s)
epoch: 71	train loss: 1167.58447265625	(15.0s)
epoch: 72	train loss: 750.3626098632812	(15.0s)
epoch: 73	train loss: 1531.468505859375	(14.8s)
epoch: 74	train loss: 962.9962158203125	(14.9s)
epoch: 75	train loss: 1133.7110595703125	(14.9s)
epoch: 76	train loss: 833.4774780273438	(15.0s)
epoch: 77	train loss: 357.32708740234375	(15.1s)
epoch: 78	train loss: 2948.0302734375	(15.0s)
epoch: 79	train loss: 1431.0797119140625	(15.1s)
epoch: 80	train loss: 729.742431640625	(14.9s)
epoch: 81	train loss: 1907.6041259765625	(14.9s)
epoch: 82	train loss: 1108.0419921875	(15.1s)
epoch: 83	train loss: 684.1265869140625	(15.0s)
epoch: 84	train loss: 1091.6036376953125	(15.0s)
epoch: 85	train loss: 902.0800170898438	(15.1s)
epoch: 86	train loss: 1529.2391357421875	(15.0s)
epoch: 87	train loss: 2163.867431640625	(15.0s)
epoch: 88	train loss: 1260.086181640625	(15.0s)
epoch: 89	train loss: 1716.0269775390625	(15.0s)
epoch: 90	train loss: 709.5568237304688	(15.0s)
epoch: 91	train loss: 630.669189453125	(15.0s)
epoch: 92	train loss: 825.0441284179688	(15.1s)
epoch: 93	train loss: 2155.551025390625	(14.9s)
epoch: 94	train loss: 917.3621215820312	(15.0s)
epoch: 95	train loss: 1305.57763671875	(15.1s)
epoch: 96	train loss: 1650.752685546875	(15.0s)
epoch: 97	train loss: 1364.2796630859375	(15.0s)
epoch: 98	train loss: 691.9105224609375	(15.0s)
epoch: 99	train loss: 1347.2220458984375	(15.0s)
Evaluating model on 200 episodes
Solved 178/200 episodes
Evaluated model in 15.7 seconds
Saved model for run
79420608ec694d34b019940becd1d0d2 with name round-16
Round 17
Generated trajectories in 73.2 seconds
epoch: 0	train loss: 2589.789794921875	(15.1s)
epoch: 1	train loss: 1654.7421875	(15.0s)
epoch: 2	train loss: 1731.4776611328125	(15.1s)
epoch: 3	train loss: 1858.02392578125	(15.1s)
epoch: 4	train loss: 1129.5552978515625	(15.1s)
epoch: 5	train loss: 1379.0863037109375	(15.0s)
epoch: 6	train loss: 1444.4713134765625	(15.1s)
epoch: 7	train loss: 1322.4593505859375	(15.2s)
epoch: 8	train loss: 1864.0531005859375	(15.0s)
epoch: 9	train loss: 1224.043212890625	(15.2s)
epoch: 10	train loss: 1022.43017578125	(15.1s)
epoch: 11	train loss: 2362.973876953125	(15.1s)
epoch: 12	train loss: 1016.1022338867188	(15.1s)
epoch: 13	train loss: 1641.0511474609375	(15.0s)
epoch: 14	train loss: 1184.812255859375	(15.0s)
epoch: 15	train loss: 798.958740234375	(15.1s)
epoch: 16	train loss: 1084.6387939453125	(15.0s)
epoch: 17	train loss: 1267.8009033203125	(15.1s)
epoch: 18	train loss: 1209.6588134765625	(15.0s)
epoch: 19	train loss: 765.906005859375	(15.2s)
epoch: 20	train loss: 1525.6983642578125	(15.1s)
epoch: 21	train loss: 1619.559326171875	(15.1s)
epoch: 22	train loss: 883.1358642578125	(15.2s)
epoch: 23	train loss: 2197.323974609375	(15.2s)
epoch: 24	train loss: 677.1170043945312	(15.4s)
epoch: 25	train loss: 2275.38037109375	(15.3s)
epoch: 26	train loss: 1170.9534912109375	(15.2s)
epoch: 27	train loss: 1360.51220703125	(15.3s)
epoch: 28	train loss: 455.1534423828125	(15.2s)
epoch: 29	train loss: 510.77423095703125	(15.4s)
epoch: 30	train loss: 1713.2391357421875	(15.2s)
epoch: 31	train loss: 1237.703369140625	(15.2s)
epoch: 32	train loss: 1172.71630859375	(15.2s)
epoch: 33	train loss: 917.6092529296875	(15.3s)
epoch: 34	train loss: 1794.7960205078125	(15.3s)
epoch: 35	train loss: 1594.8060302734375	(15.3s)
epoch: 36	train loss: 1379.7076416015625	(15.3s)
epoch: 37	train loss: 722.0352172851562	(15.3s)
epoch: 38	train loss: 1082.5556640625	(15.3s)
epoch: 39	train loss: 831.2030639648438	(15.2s)
epoch: 40	train loss: 773.5377197265625	(15.4s)
epoch: 41	train loss: 2736.00146484375	(15.3s)
epoch: 42	train loss: 1689.9344482421875	(15.3s)
epoch: 43	train loss: 1841.5599365234375	(15.2s)
epoch: 44	train loss: 1077.6859130859375	(15.3s)
epoch: 45	train loss: 892.2697143554688	(15.3s)
epoch: 46	train loss: 1142.426025390625	(15.2s)
epoch: 47	train loss: 626.1989135742188	(15.3s)
epoch: 48	train loss: 523.0945434570312	(15.3s)
epoch: 49	train loss: 2624.05908203125	(15.3s)
epoch: 50	train loss: 671.0237426757812	(15.3s)
epoch: 51	train loss: 357.3213806152344	(15.3s)
epoch: 52	train loss: 1640.0433349609375	(15.3s)
epoch: 53	train loss: 1502.861328125	(15.2s)
epoch: 54	train loss: 597.7796630859375	(15.4s)
epoch: 55	train loss: 1142.29150390625	(15.4s)
epoch: 56	train loss: 1708.3853759765625	(15.4s)
epoch: 57	train loss: 685.0687255859375	(15.4s)
epoch: 58	train loss: 1165.7371826171875	(15.2s)
epoch: 59	train loss: 1407.138671875	(15.2s)
epoch: 60	train loss: 471.0392150878906	(15.4s)
epoch: 61	train loss: 770.9190673828125	(15.2s)
epoch: 62	train loss: 1521.7828369140625	(15.2s)
epoch: 63	train loss: 1715.519287109375	(15.3s)
epoch: 64	train loss: 544.0151977539062	(15.2s)
epoch: 65	train loss: 871.6265869140625	(15.3s)
epoch: 66	train loss: 797.6581420898438	(15.3s)
epoch: 67	train loss: 1496.94873046875	(15.3s)
epoch: 68	train loss: 662.26904296875	(15.3s)
epoch: 69	train loss: 1010.2968139648438	(15.3s)
epoch: 70	train loss: 724.02294921875	(15.4s)
epoch: 71	train loss: 1137.908203125	(15.2s)
epoch: 72	train loss: 331.4110412597656	(15.3s)
epoch: 73	train loss: 1285.1649169921875	(15.4s)
epoch: 74	train loss: 1778.2904052734375	(15.2s)
epoch: 75	train loss: 607.8372802734375	(15.3s)
epoch: 76	train loss: 916.8912353515625	(15.2s)
epoch: 77	train loss: 1707.4788818359375	(15.5s)
epoch: 78	train loss: 661.8972778320312	(15.3s)
epoch: 79	train loss: 1074.8812255859375	(15.3s)
epoch: 80	train loss: 1027.8094482421875	(15.4s)
epoch: 81	train loss: 491.2109069824219	(15.3s)
epoch: 82	train loss: 819.8579711914062	(15.3s)
epoch: 83	train loss: 499.4979248046875	(15.2s)
epoch: 84	train loss: 1666.2886962890625	(15.3s)
epoch: 85	train loss: 1106.5537109375	(15.3s)
epoch: 86	train loss: 504.1597900390625	(15.2s)
epoch: 87	train loss: 1989.8017578125	(15.3s)
epoch: 88	train loss: 805.7816162109375	(15.3s)
epoch: 89	train loss: 770.3727416992188	(15.2s)
epoch: 90	train loss: 884.1007690429688	(15.3s)
epoch: 91	train loss: 520.1813354492188	(15.3s)
epoch: 92	train loss: 958.0861206054688	(15.3s)
epoch: 93	train loss: 815.7514038085938	(15.3s)
epoch: 94	train loss: 1367.8994140625	(15.4s)
epoch: 95	train loss: 1309.093017578125	(15.3s)
epoch: 96	train loss: 847.0296630859375	(15.3s)
epoch: 97	train loss: 1017.83984375	(15.3s)
epoch: 98	train loss: 380.3853759765625	(15.0s)
epoch: 99	train loss: 754.727783203125	(15.0s)
Evaluating model on 200 episodes
Solved 195/200 episodes
Evaluated model in 15.6 seconds
Saved model for run
79420608ec694d34b019940becd1d0d2 with name round-17
Round 18
Generated trajectories in 73.0 seconds
epoch: 0	train loss: 1898.78369140625	(14.9s)
epoch: 1	train loss: 987.58642578125	(14.9s)
epoch: 2	train loss: 1304.0264892578125	(14.9s)
epoch: 3	train loss: 1364.92529296875	(15.0s)
epoch: 4	train loss: 1614.2298583984375	(14.9s)
epoch: 5	train loss: 859.4568481445312	(15.0s)
epoch: 6	train loss: 929.3042602539062	(14.9s)
epoch: 7	train loss: 816.7379760742188	(14.9s)
epoch: 8	train loss: 1830.6904296875	(15.0s)
epoch: 9	train loss: 569.5661010742188	(14.9s)
epoch: 10	train loss: 549.7177734375	(14.9s)
epoch: 11	train loss: 1362.8404541015625	(15.0s)
epoch: 12	train loss: 1269.8115234375	(14.9s)
epoch: 13	train loss: 676.8353881835938	(14.9s)
epoch: 14	train loss: 1630.960693359375	(14.9s)
epoch: 15	train loss: 712.9965209960938	(14.9s)
epoch: 16	train loss: 1210.4931640625	(14.9s)
epoch: 17	train loss: 718.4066162109375	(14.9s)
epoch: 18	train loss: 664.6097412109375	(14.9s)
epoch: 19	train loss: 763.3477783203125	(14.9s)
epoch: 20	train loss: 532.5406494140625	(14.9s)
epoch: 21	train loss: 686.83447265625	(14.9s)
epoch: 22	train loss: 2217.66015625	(14.9s)
epoch: 23	train loss: 641.9141235351562	(14.9s)
epoch: 24	train loss: 1696.82470703125	(14.9s)
epoch: 25	train loss: 1219.66357421875	(14.9s)
epoch: 26	train loss: 723.932373046875	(14.9s)
epoch: 27	train loss: 505.68994140625	(14.9s)
epoch: 28	train loss: 1842.7626953125	(14.9s)
epoch: 29	train loss: 762.9762573242188	(15.0s)
epoch: 30	train loss: 481.40362548828125	(14.9s)
epoch: 31	train loss: 854.9303588867188	(14.9s)
epoch: 32	train loss: 1886.52001953125	(14.9s)
epoch: 33	train loss: 473.2897644042969	(14.9s)
epoch: 34	train loss: 510.23114013671875	(14.9s)
epoch: 35	train loss: 1506.7113037109375	(14.9s)
epoch: 36	train loss: 1207.5296630859375	(14.9s)
epoch: 37	train loss: 1894.4615478515625	(14.9s)
epoch: 38	train loss: 731.9807739257812	(14.9s)
epoch: 39	train loss: 1164.889892578125	(14.9s)
epoch: 40	train loss: 337.17828369140625	(14.9s)
epoch: 41	train loss: 897.7157592773438	(14.9s)
epoch: 42	train loss: 483.2103576660156	(14.9s)
epoch: 43	train loss: 680.72998046875	(14.9s)
epoch: 44	train loss: 761.7889404296875	(15.0s)
epoch: 45	train loss: 585.3952026367188	(15.0s)
epoch: 46	train loss: 1730.73095703125	(14.9s)
epoch: 47	train loss: 446.3882751464844	(14.9s)
epoch: 48	train loss: 876.3767700195312	(14.9s)
epoch: 49	train loss: 1753.7965087890625	(14.9s)
epoch: 50	train loss: 939.8150634765625	(14.9s)
epoch: 51	train loss: 661.044677734375	(14.9s)
epoch: 52	train loss: 617.2254638671875	(14.8s)
epoch: 53	train loss: 638.5963745117188	(14.8s)
epoch: 54	train loss: 209.98060607910156	(14.9s)
epoch: 55	train loss: 646.3344116210938	(14.8s)
epoch: 56	train loss: 1885.4052734375	(14.8s)
epoch: 57	train loss: 804.867431640625	(14.8s)
epoch: 58	train loss: 736.8157348632812	(14.8s)
epoch: 59	train loss: 955.3946533203125	(14.8s)
epoch: 60	train loss: 432.9657287597656	(14.8s)
epoch: 61	train loss: 405.7849426269531	(14.8s)
epoch: 62	train loss: 2598.985595703125	(14.8s)
epoch: 63	train loss: 867.2654418945312	(14.9s)
epoch: 64	train loss: 431.79656982421875	(15.1s)
epoch: 65	train loss: 569.9469604492188	(14.9s)
epoch: 66	train loss: 380.63421630859375	(14.9s)
epoch: 67	train loss: 953.3382568359375	(14.9s)
epoch: 68	train loss: 557.8649291992188	(14.9s)
epoch: 69	train loss: 323.5354919433594	(15.0s)
epoch: 70	train loss: 1546.368896484375	(15.0s)
epoch: 71	train loss: 1032.853515625	(15.0s)
epoch: 72	train loss: 1935.58740234375	(15.0s)
epoch: 73	train loss: 522.5010375976562	(15.0s)
epoch: 74	train loss: 311.28106689453125	(14.9s)
epoch: 75	train loss: 155.99830627441406	(15.0s)
epoch: 76	train loss: 1011.9365234375	(15.0s)
epoch: 77	train loss: 1772.7823486328125	(14.9s)
epoch: 78	train loss: 1172.37744140625	(15.0s)
epoch: 79	train loss: 513.110107421875	(14.9s)
epoch: 80	train loss: 449.9239196777344	(14.9s)
epoch: 81	train loss: 863.0443725585938	(15.0s)
epoch: 82	train loss: 395.81634521484375	(15.0s)
epoch: 83	train loss: 570.1878051757812	(14.9s)
epoch: 84	train loss: 2517.4970703125	(15.0s)
epoch: 85	train loss: 931.787841796875	(14.9s)
epoch: 86	train loss: 651.7972412109375	(14.9s)
epoch: 87	train loss: 1117.8052978515625	(15.0s)
epoch: 88	train loss: 543.3543701171875	(15.0s)
epoch: 89	train loss: 514.0408935546875	(14.9s)
epoch: 90	train loss: 1419.1539306640625	(15.0s)
epoch: 91	train loss: 743.9893188476562	(14.9s)
epoch: 92	train loss: 579.7096557617188	(14.9s)
epoch: 93	train loss: 1082.3973388671875	(15.0s)
epoch: 94	train loss: 696.1280517578125	(14.9s)
epoch: 95	train loss: 595.9883422851562	(14.9s)
epoch: 96	train loss: 879.6851806640625	(14.9s)
epoch: 97	train loss: 670.7945556640625	(14.9s)
epoch: 98	train loss: 607.612548828125	(14.9s)
epoch: 99	train loss: 548.658447265625	(15.0s)
Evaluating model on 200 episodes
Solved 198/200 episodes
Evaluated model in 15.9 seconds
Saved model for run
79420608ec694d34b019940becd1d0d2 with name round-18
Round 19
Generated trajectories in 73.3 seconds
epoch: 0	train loss: 1417.6339111328125	(15.1s)
epoch: 1	train loss: 787.5950927734375	(15.0s)
epoch: 2	train loss: 1068.381591796875	(15.1s)
epoch: 3	train loss: 1069.2896728515625	(15.1s)
epoch: 4	train loss: 1288.1087646484375	(15.0s)
epoch: 5	train loss: 602.757568359375	(15.2s)
epoch: 6	train loss: 1935.2298583984375	(15.0s)
epoch: 7	train loss: 696.9583740234375	(15.1s)
epoch: 8	train loss: 501.1256408691406	(15.1s)
epoch: 9	train loss: 1020.2470092773438	(15.0s)
epoch: 10	train loss: 498.6059265136719	(15.2s)
epoch: 11	train loss: 891.4462280273438	(15.0s)
epoch: 12	train loss: 1559.0054931640625	(15.1s)
epoch: 13	train loss: 772.9173583984375	(15.0s)
epoch: 14	train loss: 570.4450073242188	(15.2s)
epoch: 15	train loss: 1081.693603515625	(15.0s)
epoch: 16	train loss: 1182.9237060546875	(15.0s)
epoch: 17	train loss: 815.6221313476562	(15.1s)
epoch: 18	train loss: 371.06365966796875	(15.0s)
epoch: 19	train loss: 1101.2578125	(15.0s)
epoch: 20	train loss: 901.1634521484375	(15.2s)
epoch: 21	train loss: 1986.6309814453125	(15.0s)
epoch: 22	train loss: 952.1314697265625	(15.2s)
epoch: 23	train loss: 776.7823486328125	(15.1s)
epoch: 24	train loss: 880.2312622070312	(15.1s)
epoch: 25	train loss: 550.1864013671875	(15.2s)
epoch: 26	train loss: 423.180908203125	(15.1s)
epoch: 27	train loss: 1867.1239013671875	(15.0s)
epoch: 28	train loss: 1648.614501953125	(15.1s)
epoch: 29	train loss: 867.7481689453125	(15.1s)
epoch: 30	train loss: 485.0855407714844	(15.0s)
epoch: 31	train loss: 358.8686828613281	(15.1s)
epoch: 32	train loss: 1379.321533203125	(15.1s)
epoch: 33	train loss: 817.9419555664062	(15.0s)
epoch: 34	train loss: 2971.352783203125	(15.1s)
epoch: 35	train loss: 895.4661254882812	(15.1s)
epoch: 36	train loss: 798.3092651367188	(15.0s)
epoch: 37	train loss: 392.49005126953125	(15.0s)
epoch: 38	train loss: 585.04345703125	(15.1s)
epoch: 39	train loss: 1564.82080078125	(15.2s)
epoch: 40	train loss: 894.7141723632812	(15.0s)
epoch: 41	train loss: 694.0970458984375	(15.1s)
epoch: 42	train loss: 647.7742919921875	(15.2s)
epoch: 43	train loss: 548.6908569335938	(15.1s)
epoch: 44	train loss: 664.7179565429688	(15.1s)
epoch: 45	train loss: 755.5377807617188	(15.2s)
epoch: 46	train loss: 1071.024658203125	(15.1s)
epoch: 47	train loss: 1009.114013671875	(15.1s)
epoch: 48	train loss: 1746.7744140625	(15.2s)
epoch: 49	train loss: 754.5957641601562	(15.0s)
epoch: 50	train loss: 686.3026123046875	(15.2s)
epoch: 51	train loss: 395.6315002441406	(15.1s)
epoch: 52	train loss: 468.60687255859375	(15.0s)
epoch: 53	train loss: 1114.22265625	(15.2s)
epoch: 54	train loss: 977.5855712890625	(15.0s)
epoch: 55	train loss: 1178.9468994140625	(15.0s)
epoch: 56	train loss: 585.1845703125	(15.1s)
epoch: 57	train loss: 646.5559692382812	(15.2s)
epoch: 58	train loss: 798.4888305664062	(15.0s)
epoch: 59	train loss: 1290.763427734375	(15.2s)
epoch: 60	train loss: 1260.68359375	(15.0s)
epoch: 61	train loss: 2210.0771484375	(15.2s)
epoch: 62	train loss: 952.1265258789062	(15.0s)
epoch: 63	train loss: 387.9228210449219	(15.2s)
epoch: 64	train loss: 339.88482666015625	(15.1s)
epoch: 65	train loss: 1031.945068359375	(15.0s)
epoch: 66	train loss: 679.9718627929688	(15.2s)
epoch: 67	train loss: 865.5606689453125	(15.0s)
epoch: 68	train loss: 2156.7216796875	(15.2s)
epoch: 69	train loss: 646.4392700195312	(15.1s)
epoch: 70	train loss: 1071.0673828125	(15.0s)
epoch: 71	train loss: 616.2677612304688	(15.0s)
epoch: 72	train loss: 440.5523681640625	(15.0s)
epoch: 73	train loss: 868.2676391601562	(15.1s)
epoch: 74	train loss: 386.5691833496094	(15.0s)
epoch: 75	train loss: 398.6030578613281	(15.1s)
epoch: 76	train loss: 5884.6455078125	(15.0s)
epoch: 77	train loss: 1055.21923828125	(15.1s)
epoch: 78	train loss: 358.0080261230469	(15.1s)
epoch: 79	train loss: 311.909912109375	(15.0s)
epoch: 80	train loss: 581.2064819335938	(15.0s)
epoch: 81	train loss: 1458.194091796875	(15.2s)
epoch: 82	train loss: 690.5819091796875	(15.0s)
epoch: 83	train loss: 592.695556640625	(15.1s)
epoch: 84	train loss: 651.3616333007812	(15.1s)
epoch: 85	train loss: 441.5722351074219	(15.2s)
epoch: 86	train loss: 1643.0704345703125	(15.0s)
epoch: 87	train loss: 900.264892578125	(15.2s)
epoch: 88	train loss: 1688.6239013671875	(15.0s)
epoch: 89	train loss: 643.347900390625	(15.0s)
epoch: 90	train loss: 693.5638427734375	(15.2s)
epoch: 91	train loss: 1008.8623046875	(15.0s)
epoch: 92	train loss: 1026.4952392578125	(15.0s)
epoch: 93	train loss: 1408.984375	(15.2s)
epoch: 94	train loss: 435.4504699707031	(15.0s)
epoch: 95	train loss: 1371.556396484375	(15.1s)
epoch: 96	train loss: 454.0927734375	(15.1s)
epoch: 97	train loss: 425.3662109375	(15.2s)
epoch: 98	train loss: 846.380615234375	(15.0s)
epoch: 99	train loss: 1514.405517578125	(15.2s)
Evaluating model on 200 episodes
Solved 194/200 episodes
Evaluated model in 16.1 seconds
Saved model for run
79420608ec694d34b019940becd1d0d2 with name round-19
Completed training in 31478.3 seconds
