Using torch device NVIDIA GeForce RTX 3090
hmm?: False
cc_weight: 1.0
abstract_pen: 1.0
params: {'epochs': 5, 'lr': 0.0008, 'n': 5000, 'batch_size': 40}
Net has 207442 parameters
Round 0
Generated trajectories in 0.0 seconds
epoch: 0	train loss: 1927597.25	(806.9s)
epoch: 1	train loss: 1415139.375	(830.4s)
epoch: 2	train loss: 1286033.5	(832.4s)
epoch: 3	train loss: 1182340.625	(830.7s)
epoch: 4	train loss: 1084335.875	(830.3s)
Evaluating model on 200 episodes
cc loss avg = 0.018727037589997053
cc loss avg = 0.017287577036768198
cc loss avg = 0.010504760701830188
cc loss avg = 0.00784033740637824
cc loss avg = 0.01065702992491424
cc loss avg = 0.00821615825407207
cc loss avg = 0.003735056985169649
cc loss avg = 0.007507236131156485
cc loss avg = 0.010805622131253282
cc loss avg = 0.008720303497587642
cc loss avg = 0.061968878284096716
cc loss avg = 0.0054669915698468685
cc loss avg = 0.007390981423668563
cc loss avg = 0.007188501767814159
cc loss avg = 0.010670622024917975
cc loss avg = 0.005747256043832749
cc loss avg = 0.0032290037537071234
cc loss avg = 0.005766296468209475
cc loss avg = 0.039352495048660785
cc loss avg = 0.01337490463629365
cc loss avg = 0.025902578583918513
cc loss avg = 0.008492036140523851
cc loss avg = 0.005953864194452763
Solved 23/200 episodes
0.0015225276479953515
Evaluated model in 32.6 seconds
Saved model for run
X with name round-0 at path models/X-round-0__3.pt
Round 1
Generated trajectories in 0.0 seconds
epoch: 0	train loss: 997489.0	(806.2s)
epoch: 1	train loss: 955479.9375	(833.2s)
epoch: 2	train loss: 945094.375	(831.8s)
epoch: 3	train loss: 877045.1875	(832.8s)
epoch: 4	train loss: 869694.8125	(811.5s)
Evaluating model on 200 episodes
cc loss avg = 0.009044770058244467
cc loss avg = 0.006216739139442022
cc loss avg = 0.005439225729787722
cc loss avg = 0.011437183013185859
cc loss avg = 0.0052524167113006115
cc loss avg = 0.0084646325558424
cc loss avg = 0.0032893894240260124
cc loss avg = 0.03260076715378091
cc loss avg = 0.014818831502149502
cc loss avg = 0.004704411956481636
cc loss avg = 0.004755707806907594
cc loss avg = 0.004104037924359242
cc loss avg = 0.00902293847563366
cc loss avg = 0.006304849482451876
cc loss avg = 0.00856714160181582
cc loss avg = 0.00704533071257174
cc loss avg = 0.008896780572831631
cc loss avg = 0.04239124013110995
cc loss avg = 0.013747321131328741
cc loss avg = 0.008520154922734946
cc loss avg = 0.006816863431595266
cc loss avg = 0.00517114686469237
cc loss avg = 0.004434551655625303
cc loss avg = 0.004583645728416741
cc loss avg = 0.01188001362606883
cc loss avg = 0.01154847270421063
cc loss avg = 0.006134790135547519
cc loss avg = 0.006993832086057712
cc loss avg = 0.004907069655018859
cc loss avg = 0.010923641792032868
cc loss avg = 0.009375984314829111
cc loss avg = 0.007097903755493462
cc loss avg = 0.006672264251392335
cc loss avg = 0.0037356522807385772
cc loss avg = 0.009801227715797722
cc loss avg = 0.007649255450814962
cc loss avg = 0.010851808590814471
cc loss avg = 0.011530935453871885
cc loss avg = 0.010072424571262673
cc loss avg = 0.005734103431071465
cc loss avg = 0.0063059521780814976
cc loss avg = 0.007179946716253956
cc loss avg = 0.007436079380568117
cc loss avg = 0.005035364845146735
cc loss avg = 0.007071760599501431
cc loss avg = 0.005250700594236453
cc loss avg = 0.005849648674484342
cc loss avg = 0.007211286807432771
cc loss avg = 0.0050363368791295215
cc loss avg = 0.007309123214023809
cc loss avg = 0.004956402282308166
Solved 51/200 episodes
0.0021959102983625293
Evaluated model in 30.3 seconds
Saved model for run
X with name round-1 at path models/X-round-1__3.pt
Round 2
Generated trajectories in 0.0 seconds
epoch: 0	train loss: 811239.5	(827.2s)
epoch: 1	train loss: 795744.875	(832.9s)
epoch: 2	train loss: 787799.875	(830.1s)
epoch: 3	train loss: 749207.5	(830.1s)
epoch: 4	train loss: 812067.1875	(787.9s)
Evaluating model on 200 episodes
cc loss avg = 0.0035401536927868924
cc loss avg = 0.008659501870473226
cc loss avg = 0.008291366277262568
cc loss avg = 0.012167905457317829
cc loss avg = 0.007114938615510861
cc loss avg = 0.032263670582324266
cc loss avg = 0.006892331565419833
cc loss avg = 0.003919666865840554
cc loss avg = 0.0067635399755090475
cc loss avg = 0.006911565860112508
cc loss avg = 0.008307519485242665
cc loss avg = 0.006487618510921796
cc loss avg = 0.010956951533444226
cc loss avg = 0.004421806350971262
cc loss avg = 0.0055408558109775186
cc loss avg = 0.004165750617782275
cc loss avg = 0.005727740935981274
cc loss avg = 0.011382110882550478
cc loss avg = 0.008172917490204176
cc loss avg = 0.008116223267279565
cc loss avg = 0.009133649291470647
cc loss avg = 0.005519988480955362
cc loss avg = 0.010243401350453495
cc loss avg = 0.011379597087701162
cc loss avg = 0.009542971616610885
cc loss avg = 0.004294114711228758
cc loss avg = 0.007817351880172888
cc loss avg = 0.005528025329113007
cc loss avg = 0.004592566324087481
cc loss avg = 0.004643732303520665
cc loss avg = 0.006930730538442731
cc loss avg = 0.00657327282242477
cc loss avg = 0.007549197102586429
cc loss avg = 0.008327538380399346
cc loss avg = 0.006402191799134016
cc loss avg = 0.0155290549620986
cc loss avg = 0.01209249533712864
cc loss avg = 0.008475143540029725
cc loss avg = 0.0039269677945412695
cc loss avg = 0.006866288410189251
cc loss avg = 0.009806276764720678
cc loss avg = 0.00866645248606801
cc loss avg = 0.006201392272487283
cc loss avg = 0.008836677996441722
cc loss avg = 0.008829323458485305
cc loss avg = 0.006971447597607039
cc loss avg = 0.004882705339696258
cc loss avg = 0.004654067801311612
cc loss avg = 0.007007217112307747
cc loss avg = 0.0076099682482890785
cc loss avg = 0.010079219471663237
cc loss avg = 0.006500658520963043
cc loss avg = 0.009737321951737007
cc loss avg = 0.010459438664838672
cc loss avg = 0.009506055852398276
cc loss avg = 0.007452161400578916
cc loss avg = 0.007392215542495251
cc loss avg = 0.009372917857641975
cc loss avg = 0.011602343525737524
cc loss avg = 0.014894061489030719
cc loss avg = 0.004969155939761549
cc loss avg = 0.011269948631525039
cc loss avg = 0.016994670778512955
cc loss avg = 0.011132784886285663
cc loss avg = 0.009437712375074625
cc loss avg = 0.00894195462266604
cc loss avg = 0.005809790920466185
Solved 67/200 episodes
0.0028209517810949664
Evaluated model in 22.5 seconds
Saved model for run
X with name round-2 at path models/X-round-2__3.pt
Round 3
Generated trajectories in 0.0 seconds
epoch: 0	train loss: 710246.5	(829.5s)
epoch: 1	train loss: 711496.375	(836.5s)
epoch: 2	train loss: 675873.875	(838.1s)
