Using torch device NVIDIA GeForce RTX 3090
net: hmm
cc_weight: 1.0
abstract_pen: 0.1
params: {'epochs': 100, 'lr': 0.0008, 'n': 5000}
Net has 41898 parameters
Round 0
Generated trajectories in 71.8 seconds
epoch: 0	train loss: 148836.8125	(10.4s)
epoch: 1	train loss: 111506.359375	(8.6s)
epoch: 2	train loss: 100318.0078125	(8.6s)
epoch: 3	train loss: 93817.0078125	(8.6s)
epoch: 4	train loss: 86368.1875	(8.6s)
epoch: 5	train loss: 80531.1953125	(8.7s)
epoch: 6	train loss: 76164.328125	(8.7s)
epoch: 7	train loss: 72659.5859375	(8.7s)
epoch: 8	train loss: 69181.7734375	(8.7s)
epoch: 9	train loss: 65635.71875	(8.7s)
epoch: 10	train loss: 63039.54296875	(8.7s)
epoch: 11	train loss: 60603.33203125	(8.7s)
epoch: 12	train loss: 59028.375	(8.7s)
epoch: 13	train loss: 57725.6015625	(8.7s)
epoch: 14	train loss: 56981.69140625	(8.7s)
epoch: 15	train loss: 55302.30859375	(8.7s)
epoch: 16	train loss: 53786.9296875	(8.7s)
epoch: 17	train loss: 52526.9375	(8.7s)
epoch: 18	train loss: 51500.12890625	(8.7s)
epoch: 19	train loss: 50439.51953125	(8.7s)
epoch: 20	train loss: 49844.84765625	(8.7s)
epoch: 21	train loss: 49228.0078125	(8.7s)
epoch: 22	train loss: 48479.2265625	(8.7s)
epoch: 23	train loss: 47901.3984375	(8.7s)
epoch: 24	train loss: 47284.04296875	(8.7s)
epoch: 25	train loss: 46896.1484375	(8.7s)
epoch: 26	train loss: 46477.9375	(8.7s)
epoch: 27	train loss: 45982.46484375	(8.7s)
epoch: 28	train loss: 45680.5859375	(8.7s)
epoch: 29	train loss: 45468.7734375	(8.7s)
epoch: 30	train loss: 45205.14453125	(8.7s)
epoch: 31	train loss: 44877.01953125	(8.7s)
epoch: 32	train loss: 44389.28515625	(8.7s)
epoch: 33	train loss: 44027.2890625	(8.7s)
epoch: 34	train loss: 43726.16796875	(8.7s)
epoch: 35	train loss: 43421.1015625	(8.7s)
epoch: 36	train loss: 43001.60546875	(8.7s)
epoch: 37	train loss: 42631.0703125	(8.7s)
epoch: 38	train loss: 42157.1640625	(8.7s)
epoch: 39	train loss: 41629.76171875	(8.7s)
epoch: 40	train loss: 41248.76171875	(8.7s)
epoch: 41	train loss: 40864.8359375	(8.7s)
epoch: 42	train loss: 40740.3515625	(8.7s)
epoch: 43	train loss: 40379.66015625	(8.7s)
epoch: 44	train loss: 39879.31640625	(8.7s)
epoch: 45	train loss: 39628.5703125	(8.7s)
epoch: 46	train loss: 39387.37109375	(8.7s)
epoch: 47	train loss: 38946.04296875	(8.7s)
epoch: 48	train loss: 38733.60546875	(8.7s)
epoch: 49	train loss: 38462.625	(8.7s)
epoch: 50	train loss: 38163.98046875	(8.7s)
epoch: 51	train loss: 37963.625	(8.7s)
epoch: 52	train loss: 37648.90625	(8.7s)
epoch: 53	train loss: 37763.84765625	(8.7s)
epoch: 54	train loss: 37379.125	(8.7s)
epoch: 55	train loss: 37436.96484375	(8.7s)
epoch: 56	train loss: 37341.37109375	(8.7s)
epoch: 57	train loss: 37150.39453125	(8.7s)
epoch: 58	train loss: 36769.734375	(8.7s)
epoch: 59	train loss: 36303.15625	(8.7s)
epoch: 60	train loss: 36039.609375	(8.7s)
epoch: 61	train loss: 35801.59375	(8.7s)
epoch: 62	train loss: 35822.4921875	(8.7s)
epoch: 63	train loss: 35602.21484375	(8.7s)
epoch: 64	train loss: 36009.08984375	(8.7s)
epoch: 65	train loss: 35814.953125	(8.7s)
epoch: 66	train loss: 35344.33203125	(8.7s)
epoch: 67	train loss: 35358.72265625	(8.7s)
epoch: 68	train loss: 35448.99609375	(8.7s)
epoch: 69	train loss: 35347.53515625	(8.7s)
epoch: 70	train loss: 35098.27734375	(8.7s)
epoch: 71	train loss: 34374.16796875	(8.7s)
epoch: 72	train loss: 33957.77734375	(8.7s)
epoch: 73	train loss: 33727.09765625	(8.7s)
epoch: 74	train loss: 33489.1171875	(8.7s)
epoch: 75	train loss: 33423.265625	(8.7s)
epoch: 76	train loss: 33048.33984375	(8.7s)
epoch: 77	train loss: 32943.29296875	(8.7s)
epoch: 78	train loss: 32901.79296875	(8.7s)
epoch: 79	train loss: 32592.484375	(8.7s)
epoch: 80	train loss: 32468.3359375	(8.7s)
epoch: 81	train loss: 32291.470703125	(8.7s)
epoch: 82	train loss: 32267.08984375	(8.7s)
epoch: 83	train loss: 32637.76953125	(8.7s)
epoch: 84	train loss: 32391.345703125	(8.7s)
epoch: 85	train loss: 32021.142578125	(8.7s)
epoch: 86	train loss: 31924.94140625	(8.7s)
epoch: 87	train loss: 31934.392578125	(8.7s)
epoch: 88	train loss: 32219.142578125	(8.7s)
epoch: 89	train loss: 32015.595703125	(8.7s)
epoch: 90	train loss: 32049.2890625	(8.7s)
epoch: 91	train loss: 32199.318359375	(8.7s)
epoch: 92	train loss: 32193.212890625	(8.7s)
epoch: 93	train loss: 32523.98828125	(8.7s)
epoch: 94	train loss: 31637.779296875	(8.7s)
epoch: 95	train loss: 31335.322265625	(8.7s)
epoch: 96	train loss: 31501.32421875	(8.7s)
epoch: 97	train loss: 31128.099609375	(8.7s)
epoch: 98	train loss: 30985.673828125	(8.7s)
epoch: 99	train loss: 31208.67578125	(8.7s)
Evaluating model on 200 episodes
Solved 35/200 episodes
0.0
Evaluated model in 11.9 seconds
Saved model for run
f7bf5e75510144459a0914c3f8af824f with name round-0
Round 1
Generated trajectories in 71.6 seconds
epoch: 0	train loss: 32874.9609375	(8.9s)
epoch: 1	train loss: 32101.45703125	(8.6s)
epoch: 2	train loss: 31566.73828125	(8.6s)
epoch: 3	train loss: 31300.39453125	(8.6s)
epoch: 4	train loss: 31223.15625	(8.6s)
epoch: 5	train loss: 31068.4375	(8.6s)
epoch: 6	train loss: 30829.87109375	(8.6s)
epoch: 7	train loss: 30589.958984375	(8.6s)
epoch: 8	train loss: 30685.31640625	(8.6s)
epoch: 9	train loss: 30354.5703125	(8.6s)
epoch: 10	train loss: 30399.85546875	(8.6s)
epoch: 11	train loss: 30307.140625	(8.6s)
epoch: 12	train loss: 30358.630859375	(8.6s)
epoch: 13	train loss: 29901.478515625	(8.6s)
epoch: 14	train loss: 29789.4609375	(8.6s)
epoch: 15	train loss: 29785.388671875	(8.6s)
epoch: 16	train loss: 29597.06640625	(8.6s)
epoch: 17	train loss: 29413.798828125	(8.6s)
epoch: 18	train loss: 29454.802734375	(8.6s)
epoch: 19	train loss: 29452.986328125	(8.6s)
epoch: 20	train loss: 29323.4375	(8.6s)
epoch: 21	train loss: 29244.921875	(8.6s)
epoch: 22	train loss: 29122.234375	(8.6s)
epoch: 23	train loss: 29006.181640625	(8.6s)
epoch: 24	train loss: 29065.09765625	(8.6s)
epoch: 25	train loss: 28575.689453125	(8.6s)
epoch: 26	train loss: 28672.833984375	(8.6s)
epoch: 27	train loss: 28610.287109375	(8.6s)
epoch: 28	train loss: 28870.552734375	(8.6s)
epoch: 29	train loss: 28743.23828125	(8.6s)
epoch: 30	train loss: 28518.509765625	(8.6s)
epoch: 31	train loss: 28581.302734375	(8.6s)
epoch: 32	train loss: 28549.91796875	(8.6s)
epoch: 33	train loss: 28341.193359375	(8.6s)
epoch: 34	train loss: 28125.763671875	(8.6s)
epoch: 35	train loss: 27874.361328125	(8.6s)
epoch: 36	train loss: 27956.712890625	(8.6s)
epoch: 37	train loss: 28024.119140625	(8.6s)
epoch: 38	train loss: 27872.7890625	(8.6s)
epoch: 39	train loss: 28076.30859375	(8.6s)
epoch: 40	train loss: 27976.197265625	(8.6s)
epoch: 41	train loss: 28058.951171875	(8.6s)
epoch: 42	train loss: 27808.81640625	(8.6s)
epoch: 43	train loss: 28226.7265625	(8.6s)
epoch: 44	train loss: 27993.244140625	(8.6s)
epoch: 45	train loss: 28584.35546875	(8.6s)
epoch: 46	train loss: 28153.41796875	(8.6s)
epoch: 47	train loss: 27814.947265625	(8.6s)
epoch: 48	train loss: 27735.666015625	(8.6s)
epoch: 49	train loss: 27757.623046875	(8.6s)
epoch: 50	train loss: 27788.87109375	(8.6s)
epoch: 51	train loss: 28250.078125	(8.6s)
epoch: 52	train loss: 27620.7734375	(8.6s)
epoch: 53	train loss: 27453.728515625	(8.6s)
epoch: 54	train loss: 27396.4609375	(8.6s)
epoch: 55	train loss: 27297.15234375	(8.6s)
epoch: 56	train loss: 27184.013671875	(8.7s)
epoch: 57	train loss: 27288.970703125	(8.6s)
epoch: 58	train loss: 26982.52734375	(8.6s)
epoch: 59	train loss: 26777.408203125	(8.6s)
epoch: 60	train loss: 26672.228515625	(8.6s)
epoch: 61	train loss: 26650.388671875	(8.6s)
epoch: 62	train loss: 26607.970703125	(8.6s)
epoch: 63	train loss: 26567.00390625	(8.6s)
epoch: 64	train loss: 27037.73828125	(8.6s)
epoch: 65	train loss: 26759.13671875	(8.6s)
epoch: 66	train loss: 26675.919921875	(8.6s)
epoch: 67	train loss: 26708.931640625	(8.6s)
epoch: 68	train loss: 26615.08984375	(8.6s)
epoch: 69	train loss: 26583.779296875	(8.6s)
epoch: 70	train loss: 26748.4609375	(8.6s)
epoch: 71	train loss: 26812.03515625	(8.6s)
epoch: 72	train loss: 26440.607421875	(8.6s)
epoch: 73	train loss: 26755.1171875	(8.6s)
epoch: 74	train loss: 26579.4453125	(8.6s)
epoch: 75	train loss: 26212.412109375	(8.6s)
epoch: 76	train loss: 26440.26171875	(8.6s)
epoch: 77	train loss: 26294.564453125	(8.6s)
epoch: 78	train loss: 26626.646484375	(8.6s)
epoch: 79	train loss: 26342.5234375	(8.6s)
epoch: 80	train loss: 26292.853515625	(8.6s)
epoch: 81	train loss: 26783.662109375	(8.6s)
epoch: 82	train loss: 26471.947265625	(8.6s)
epoch: 83	train loss: 26554.861328125	(8.6s)
epoch: 84	train loss: 26300.60546875	(8.6s)
epoch: 85	train loss: 26294.09375	(8.6s)
epoch: 86	train loss: 26049.697265625	(8.6s)
epoch: 87	train loss: 26137.603515625	(8.6s)
epoch: 88	train loss: 26321.03515625	(8.6s)
epoch: 89	train loss: 25842.41796875	(8.6s)
epoch: 90	train loss: 25809.640625	(8.6s)
epoch: 91	train loss: 26611.603515625	(8.6s)
epoch: 92	train loss: 26455.169921875	(8.6s)
epoch: 93	train loss: 25736.783203125	(8.6s)
epoch: 94	train loss: 25756.708984375	(8.6s)
epoch: 95	train loss: 25741.06640625	(8.6s)
epoch: 96	train loss: 25748.58984375	(8.6s)
epoch: 97	train loss: 26214.46875	(8.6s)
epoch: 98	train loss: 26097.98046875	(8.6s)
epoch: 99	train loss: 25839.478515625	(8.6s)
Evaluating model on 200 episodes
Solved 35/200 episodes
0.0
Evaluated model in 10.6 seconds
Saved model for run
f7bf5e75510144459a0914c3f8af824f with name round-1
Round 2
Generated trajectories in 71.1 seconds
epoch: 0	train loss: 30583.974609375	(8.6s)
epoch: 1	train loss: 29279.16796875	(8.6s)
epoch: 2	train loss: 28911.185546875	(8.6s)
epoch: 3	train loss: 28628.19140625	(8.6s)
epoch: 4	train loss: 27966.53515625	(8.6s)
epoch: 5	train loss: 27888.22265625	(8.6s)
epoch: 6	train loss: 27722.759765625	(8.6s)
epoch: 7	train loss: 27629.451171875	(8.6s)
epoch: 8	train loss: 27603.861328125	(8.6s)
epoch: 9	train loss: 27223.423828125	(8.6s)
epoch: 10	train loss: 27271.123046875	(8.6s)
epoch: 11	train loss: 27223.419921875	(8.6s)
epoch: 12	train loss: 27009.451171875	(8.7s)
epoch: 13	train loss: 26886.35546875	(8.6s)
epoch: 14	train loss: 27319.25390625	(8.6s)
epoch: 15	train loss: 26805.576171875	(8.6s)
epoch: 16	train loss: 26642.310546875	(8.6s)
epoch: 17	train loss: 26771.244140625	(8.6s)
epoch: 18	train loss: 26663.705078125	(8.7s)
epoch: 19	train loss: 26646.173828125	(8.7s)
epoch: 20	train loss: 26512.27734375	(8.7s)
epoch: 21	train loss: 26296.65234375	(8.6s)
epoch: 22	train loss: 26583.9140625	(8.6s)
epoch: 23	train loss: 26541.27734375	(8.6s)
epoch: 24	train loss: 26378.552734375	(8.6s)
epoch: 25	train loss: 26792.134765625	(8.6s)
epoch: 26	train loss: 26279.900390625	(8.7s)
epoch: 27	train loss: 26262.876953125	(8.6s)
epoch: 28	train loss: 26361.92578125	(8.6s)
epoch: 29	train loss: 26366.26171875	(8.6s)
epoch: 30	train loss: 26761.62109375	(8.6s)
epoch: 31	train loss: 26371.58984375	(8.6s)
epoch: 32	train loss: 26100.18359375	(8.7s)
epoch: 33	train loss: 26003.310546875	(8.6s)
epoch: 34	train loss: 25954.103515625	(8.6s)
epoch: 35	train loss: 26951.5546875	(8.6s)
epoch: 36	train loss: 26176.798828125	(8.6s)
epoch: 37	train loss: 26834.1796875	(8.6s)
epoch: 38	train loss: 26081.568359375	(8.6s)
epoch: 39	train loss: 25882.583984375	(8.7s)
epoch: 40	train loss: 25661.732421875	(8.6s)
epoch: 41	train loss: 25540.20703125	(8.6s)
epoch: 42	train loss: 26617.705078125	(8.6s)
epoch: 43	train loss: 26029.41015625	(8.6s)
epoch: 44	train loss: 25723.994140625	(8.7s)
epoch: 45	train loss: 25517.86328125	(8.6s)
epoch: 46	train loss: 25334.1328125	(8.7s)
epoch: 47	train loss: 25504.298828125	(8.6s)
epoch: 48	train loss: 25440.7734375	(8.6s)
epoch: 49	train loss: 25060.662109375	(8.6s)
epoch: 50	train loss: 25281.57421875	(8.6s)
epoch: 51	train loss: 25306.6796875	(8.6s)
epoch: 52	train loss: 25310.423828125	(8.7s)
epoch: 53	train loss: 25470.470703125	(8.7s)
epoch: 54	train loss: 25958.07421875	(8.6s)
epoch: 55	train loss: 25209.533203125	(8.6s)
epoch: 56	train loss: 25059.90625	(8.6s)
epoch: 57	train loss: 24887.25390625	(8.6s)
epoch: 58	train loss: 26436.763671875	(8.6s)
epoch: 59	train loss: 25105.82421875	(8.7s)
epoch: 60	train loss: 25672.130859375	(8.6s)
epoch: 61	train loss: 24989.208984375	(8.7s)
epoch: 62	train loss: 24793.71875	(8.6s)
epoch: 63	train loss: 24715.302734375	(8.6s)
epoch: 64	train loss: 24721.708984375	(8.6s)
epoch: 65	train loss: 24721.1796875	(8.6s)
epoch: 66	train loss: 25853.87890625	(8.7s)
epoch: 67	train loss: 25278.47265625	(8.6s)
epoch: 68	train loss: 25077.568359375	(8.7s)
epoch: 69	train loss: 24619.962890625	(8.6s)
epoch: 70	train loss: 24756.443359375	(8.7s)
epoch: 71	train loss: 24843.705078125	(8.6s)
epoch: 72	train loss: 24586.49609375	(8.6s)
epoch: 73	train loss: 24374.9921875	(8.7s)
epoch: 74	train loss: 24644.908203125	(8.7s)
epoch: 75	train loss: 24538.544921875	(8.7s)
epoch: 76	train loss: 24468.779296875	(8.6s)
epoch: 77	train loss: 24955.794921875	(8.6s)
epoch: 78	train loss: 24402.515625	(8.6s)
epoch: 79	train loss: 24111.279296875	(8.6s)
epoch: 80	train loss: 24484.1328125	(8.7s)
epoch: 81	train loss: 24244.515625	(8.7s)
epoch: 82	train loss: 24392.595703125	(8.6s)
epoch: 83	train loss: 24023.03125	(8.6s)
epoch: 84	train loss: 24211.14453125	(8.6s)
epoch: 85	train loss: 23886.16796875	(8.6s)
epoch: 86	train loss: 24419.32421875	(8.6s)
epoch: 87	train loss: 24128.275390625	(8.7s)
epoch: 88	train loss: 24310.271484375	(8.6s)
epoch: 89	train loss: 25136.474609375	(8.6s)
epoch: 90	train loss: 24249.462890625	(8.6s)
epoch: 91	train loss: 24405.017578125	(8.6s)
epoch: 92	train loss: 23955.8515625	(8.6s)
epoch: 93	train loss: 24025.9453125	(8.6s)
epoch: 94	train loss: 24696.013671875	(8.7s)
epoch: 95	train loss: 24659.958984375	(8.7s)
epoch: 96	train loss: 24172.29296875	(8.6s)
epoch: 97	train loss: 24240.443359375	(8.6s)
epoch: 98	train loss: 24418.73046875	(8.6s)
epoch: 99	train loss: 24318.224609375	(8.6s)
Evaluating model on 200 episodes
Solved 31/200 episodes
0.0
Evaluated model in 11.4 seconds
Saved model for run
f7bf5e75510144459a0914c3f8af824f with name round-2
Round 3
Generated trajectories in 71.7 seconds
epoch: 0	train loss: 29272.40625	(8.7s)
epoch: 1	train loss: 28380.822265625	(8.7s)
epoch: 2	train loss: 27598.4765625	(8.7s)
epoch: 3	train loss: 27360.4296875	(8.7s)
epoch: 4	train loss: 26895.427734375	(8.7s)
epoch: 5	train loss: 26759.537109375	(8.7s)
epoch: 6	train loss: 26661.66015625	(8.7s)
epoch: 7	train loss: 26471.171875	(8.7s)
epoch: 8	train loss: 26422.626953125	(8.7s)
epoch: 9	train loss: 26516.578125	(8.7s)
epoch: 10	train loss: 26214.38671875	(8.7s)
epoch: 11	train loss: 26806.984375	(8.7s)
epoch: 12	train loss: 26114.880859375	(8.7s)
epoch: 13	train loss: 26047.38671875	(8.7s)
epoch: 14	train loss: 25893.720703125	(8.7s)
epoch: 15	train loss: 25763.224609375	(8.7s)
epoch: 16	train loss: 25821.525390625	(8.7s)
epoch: 17	train loss: 25446.013671875	(8.7s)
epoch: 18	train loss: 25291.67578125	(8.7s)
epoch: 19	train loss: 25310.03515625	(8.7s)
epoch: 20	train loss: 25285.671875	(8.7s)
epoch: 21	train loss: 25131.9609375	(8.7s)
epoch: 22	train loss: 24987.21875	(8.7s)
epoch: 23	train loss: 25328.255859375	(8.7s)
epoch: 24	train loss: 25210.16796875	(8.7s)
epoch: 25	train loss: 25444.748046875	(8.7s)
epoch: 26	train loss: 25125.677734375	(8.7s)
epoch: 27	train loss: 24921.349609375	(8.7s)
epoch: 28	train loss: 24716.3359375	(8.7s)
epoch: 29	train loss: 24831.1015625	(8.7s)
epoch: 30	train loss: 24651.986328125	(8.7s)
epoch: 31	train loss: 24781.34375	(8.7s)
epoch: 32	train loss: 24767.09765625	(8.7s)
epoch: 33	train loss: 25043.193359375	(8.7s)
epoch: 34	train loss: 24672.78515625	(8.7s)
epoch: 35	train loss: 24441.52734375	(8.7s)
epoch: 36	train loss: 24326.05078125	(8.7s)
epoch: 37	train loss: 24609.751953125	(8.7s)
epoch: 38	train loss: 24512.357421875	(8.7s)
epoch: 39	train loss: 24493.0703125	(8.7s)
epoch: 40	train loss: 24597.087890625	(8.7s)
epoch: 41	train loss: 24395.072265625	(8.7s)
epoch: 42	train loss: 24512.37109375	(8.7s)
epoch: 43	train loss: 24329.0859375	(8.7s)
epoch: 44	train loss: 24258.970703125	(8.7s)
epoch: 45	train loss: 24623.3515625	(8.7s)
epoch: 46	train loss: 24418.20703125	(8.7s)
epoch: 47	train loss: 25035.892578125	(8.7s)
epoch: 48	train loss: 24748.791015625	(8.7s)
epoch: 49	train loss: 24448.83984375	(8.7s)
epoch: 50	train loss: 24655.337890625	(8.7s)
epoch: 51	train loss: 25010.607421875	(8.7s)
epoch: 52	train loss: 24722.345703125	(8.7s)
epoch: 53	train loss: 24376.62109375	(8.7s)
epoch: 54	train loss: 24446.830078125	(8.7s)
epoch: 55	train loss: 25234.232421875	(8.7s)
epoch: 56	train loss: 24243.365234375	(8.7s)
epoch: 57	train loss: 24506.15625	(8.7s)
epoch: 58	train loss: 25066.78125	(8.7s)
epoch: 59	train loss: 24679.611328125	(8.7s)
epoch: 60	train loss: 24487.732421875	(8.7s)
epoch: 61	train loss: 24257.28515625	(8.7s)
epoch: 62	train loss: 24235.017578125	(8.7s)
epoch: 63	train loss: 23963.955078125	(8.7s)
epoch: 64	train loss: 23947.49609375	(8.7s)
epoch: 65	train loss: 24563.392578125	(8.7s)
epoch: 66	train loss: 23842.322265625	(8.7s)
epoch: 67	train loss: 23889.294921875	(8.7s)
epoch: 68	train loss: 24119.095703125	(8.7s)
epoch: 69	train loss: 24105.64453125	(8.7s)
epoch: 70	train loss: 23797.912109375	(8.7s)
epoch: 71	train loss: 24100.390625	(8.7s)
epoch: 72	train loss: 23853.517578125	(8.7s)
epoch: 73	train loss: 23631.6796875	(8.7s)
epoch: 74	train loss: 25628.861328125	(8.7s)
epoch: 75	train loss: 23841.498046875	(8.7s)
epoch: 76	train loss: 23787.6875	(8.7s)
epoch: 77	train loss: 23695.73828125	(8.7s)
epoch: 78	train loss: 23883.751953125	(8.7s)
epoch: 79	train loss: 23662.8828125	(8.7s)
epoch: 80	train loss: 24079.935546875	(8.7s)
epoch: 81	train loss: 23836.060546875	(8.7s)
epoch: 82	train loss: 23447.0703125	(8.7s)
epoch: 83	train loss: 23505.92578125	(8.7s)
epoch: 84	train loss: 24809.802734375	(8.7s)
epoch: 85	train loss: 23865.974609375	(8.7s)
epoch: 86	train loss: 23707.765625	(8.7s)
epoch: 87	train loss: 23823.376953125	(8.7s)
epoch: 88	train loss: 23592.6015625	(8.7s)
epoch: 89	train loss: 24090.24609375	(8.7s)
epoch: 90	train loss: 23929.39453125	(8.7s)
epoch: 91	train loss: 23470.533203125	(8.7s)
epoch: 92	train loss: 23523.05078125	(8.7s)
epoch: 93	train loss: 23516.572265625	(8.7s)
epoch: 94	train loss: 23364.095703125	(8.7s)
epoch: 95	train loss: 23485.150390625	(8.7s)
epoch: 96	train loss: 23345.69921875	(8.7s)
epoch: 97	train loss: 23442.076171875	(8.7s)
epoch: 98	train loss: 23453.83984375	(8.7s)
epoch: 99	train loss: 23319.181640625	(8.7s)
Evaluating model on 200 episodes
Solved 35/200 episodes
0.0
Evaluated model in 11.6 seconds
Saved model for run
f7bf5e75510144459a0914c3f8af824f with name round-3
Round 4
Generated trajectories in 71.5 seconds
epoch: 0	train loss: 28238.134765625	(8.6s)
epoch: 1	train loss: 26933.134765625	(8.6s)
epoch: 2	train loss: 26889.83984375	(8.6s)
epoch: 3	train loss: 26139.326171875	(8.7s)
epoch: 4	train loss: 26322.20703125	(8.6s)
epoch: 5	train loss: 25883.94921875	(8.7s)
epoch: 6	train loss: 26059.873046875	(8.7s)
epoch: 7	train loss: 25329.646484375	(8.7s)
epoch: 8	train loss: 25427.40234375	(8.7s)
epoch: 9	train loss: 25122.55859375	(8.7s)
epoch: 10	train loss: 24952.646484375	(8.7s)
epoch: 11	train loss: 24848.474609375	(8.7s)
epoch: 12	train loss: 25258.65234375	(8.7s)
epoch: 13	train loss: 24461.974609375	(8.7s)
epoch: 14	train loss: 24267.541015625	(8.7s)
epoch: 15	train loss: 24657.818359375	(8.7s)
epoch: 16	train loss: 24096.16015625	(8.7s)
epoch: 17	train loss: 24180.796875	(8.7s)
epoch: 18	train loss: 24123.431640625	(8.7s)
epoch: 19	train loss: 24180.40234375	(8.7s)
epoch: 20	train loss: 24030.23046875	(8.7s)
epoch: 21	train loss: 23909.55078125	(8.7s)
epoch: 22	train loss: 23957.1953125	(8.7s)
epoch: 23	train loss: 23827.03515625	(8.7s)
epoch: 24	train loss: 23964.07421875	(8.7s)
epoch: 25	train loss: 23895.068359375	(8.7s)
epoch: 26	train loss: 23703.23046875	(8.7s)
epoch: 27	train loss: 23379.23046875	(8.7s)
epoch: 28	train loss: 23386.08203125	(8.7s)
epoch: 29	train loss: 23407.3984375	(8.7s)
epoch: 30	train loss: 23455.123046875	(8.7s)
epoch: 31	train loss: 23384.5546875	(8.7s)
epoch: 32	train loss: 23510.693359375	(8.7s)
epoch: 33	train loss: 23643.728515625	(8.7s)
epoch: 34	train loss: 23238.59765625	(8.7s)
epoch: 35	train loss: 23539.09765625	(8.7s)
epoch: 36	train loss: 23179.544921875	(8.7s)
epoch: 37	train loss: 23365.04296875	(8.7s)
epoch: 38	train loss: 23740.56640625	(8.7s)
epoch: 39	train loss: 23575.109375	(8.7s)
epoch: 40	train loss: 23723.1953125	(8.7s)
epoch: 41	train loss: 23658.6171875	(8.7s)
epoch: 42	train loss: 23288.384765625	(8.7s)
epoch: 43	train loss: 23067.0546875	(8.7s)
epoch: 44	train loss: 23029.0078125	(8.7s)
epoch: 45	train loss: 22915.98828125	(8.7s)
epoch: 46	train loss: 23333.408203125	(8.7s)
epoch: 47	train loss: 23465.76953125	(8.7s)
epoch: 48	train loss: 23086.01171875	(8.7s)
epoch: 49	train loss: 22850.80078125	(8.7s)
epoch: 50	train loss: 23278.556640625	(8.7s)
epoch: 51	train loss: 23101.873046875	(8.7s)
epoch: 52	train loss: 22893.525390625	(8.7s)
epoch: 53	train loss: 23612.2109375	(8.7s)
epoch: 54	train loss: 22917.8359375	(8.7s)
epoch: 55	train loss: 22679.8515625	(8.7s)
epoch: 56	train loss: 22771.0390625	(8.7s)
epoch: 57	train loss: 22607.140625	(8.7s)
epoch: 58	train loss: 22677.904296875	(8.7s)
epoch: 59	train loss: 22570.521484375	(8.7s)
epoch: 60	train loss: 24237.14453125	(8.7s)
epoch: 61	train loss: 22707.423828125	(8.7s)
epoch: 62	train loss: 22604.828125	(8.7s)
epoch: 63	train loss: 22878.447265625	(8.7s)
epoch: 64	train loss: 22576.56640625	(8.7s)
epoch: 65	train loss: 23397.744140625	(8.7s)
epoch: 66	train loss: 22622.0078125	(8.7s)
epoch: 67	train loss: 22584.369140625	(8.7s)
epoch: 68	train loss: 22235.09765625	(8.7s)
epoch: 69	train loss: 22051.47265625	(8.7s)
epoch: 70	train loss: 22369.52734375	(8.7s)
epoch: 71	train loss: 22114.203125	(8.7s)
epoch: 72	train loss: 22370.5390625	(8.7s)
epoch: 73	train loss: 22370.060546875	(8.7s)
epoch: 74	train loss: 22476.5703125	(8.7s)
epoch: 75	train loss: 22358.521484375	(8.7s)
epoch: 76	train loss: 22309.201171875	(8.7s)
epoch: 77	train loss: 23736.75390625	(8.7s)
epoch: 78	train loss: 22370.765625	(8.7s)
epoch: 79	train loss: 22205.427734375	(8.7s)
epoch: 80	train loss: 22107.65625	(8.7s)
epoch: 81	train loss: 22429.29296875	(8.7s)
epoch: 82	train loss: 22105.2734375	(8.7s)
epoch: 83	train loss: 22094.455078125	(8.7s)
epoch: 84	train loss: 22583.638671875	(8.7s)
epoch: 85	train loss: 22497.875	(8.7s)
epoch: 86	train loss: 22591.134765625	(8.7s)
epoch: 87	train loss: 22526.224609375	(8.7s)
epoch: 88	train loss: 22124.984375	(8.7s)
epoch: 89	train loss: 22035.931640625	(8.7s)
epoch: 90	train loss: 21925.912109375	(8.7s)
epoch: 91	train loss: 21880.998046875	(8.7s)
epoch: 92	train loss: 21890.814453125	(8.7s)
epoch: 93	train loss: 21936.83984375	(8.7s)
epoch: 94	train loss: 21693.619140625	(8.7s)
epoch: 95	train loss: 22268.564453125	(8.7s)
epoch: 96	train loss: 22158.38671875	(8.7s)
epoch: 97	train loss: 21767.302734375	(8.7s)
epoch: 98	train loss: 21506.134765625	(8.7s)
epoch: 99	train loss: 21290.099609375	(8.7s)
Evaluating model on 200 episodes
Solved 27/200 episodes
0.0
Evaluated model in 12.4 seconds
Saved model for run
f7bf5e75510144459a0914c3f8af824f with name round-4
Round 5
Generated trajectories in 71.2 seconds
epoch: 0	train loss: 27542.708984375	(8.6s)
epoch: 1	train loss: 26323.400390625	(8.6s)
epoch: 2	train loss: 25602.466796875	(8.6s)
epoch: 3	train loss: 25039.935546875	(8.7s)
epoch: 4	train loss: 24860.78125	(8.6s)
epoch: 5	train loss: 24586.62890625	(8.7s)
epoch: 6	train loss: 24387.826171875	(8.7s)
epoch: 7	train loss: 24495.2421875	(8.7s)
epoch: 8	train loss: 24225.3828125	(8.7s)
epoch: 9	train loss: 24019.9296875	(8.7s)
epoch: 10	train loss: 24160.015625	(8.7s)
epoch: 11	train loss: 24072.22265625	(8.7s)
epoch: 12	train loss: 23742.751953125	(8.7s)
epoch: 13	train loss: 23850.65625	(8.7s)
epoch: 14	train loss: 23686.439453125	(8.7s)
epoch: 15	train loss: 24098.544921875	(8.7s)
epoch: 16	train loss: 23362.509765625	(8.7s)
epoch: 17	train loss: 23268.51171875	(8.7s)
epoch: 18	train loss: 23143.439453125	(8.7s)
epoch: 19	train loss: 22847.7265625	(8.7s)
epoch: 20	train loss: 22950.74609375	(8.7s)
epoch: 21	train loss: 22770.2578125	(8.7s)
epoch: 22	train loss: 23005.599609375	(8.7s)
epoch: 23	train loss: 22859.197265625	(8.7s)
epoch: 24	train loss: 23209.216796875	(8.7s)
epoch: 25	train loss: 22948.03515625	(8.7s)
epoch: 26	train loss: 22917.552734375	(8.7s)
epoch: 27	train loss: 22640.24609375	(8.7s)
epoch: 28	train loss: 22596.9765625	(8.7s)
epoch: 29	train loss: 23246.6171875	(8.7s)
epoch: 30	train loss: 23253.47265625	(8.7s)
epoch: 31	train loss: 22676.794921875	(8.7s)
epoch: 32	train loss: 22677.890625	(8.7s)
epoch: 33	train loss: 22391.23046875	(8.7s)
epoch: 34	train loss: 22237.306640625	(8.7s)
epoch: 35	train loss: 22441.7734375	(8.7s)
epoch: 36	train loss: 22417.6953125	(8.7s)
epoch: 37	train loss: 22233.6640625	(8.7s)
epoch: 38	train loss: 22291.2890625	(8.7s)
epoch: 39	train loss: 22239.884765625	(8.7s)
epoch: 40	train loss: 22399.345703125	(8.7s)
epoch: 41	train loss: 22186.501953125	(8.7s)
epoch: 42	train loss: 22240.802734375	(8.7s)
epoch: 43	train loss: 23209.994140625	(8.7s)
epoch: 44	train loss: 22112.927734375	(8.7s)
epoch: 45	train loss: 22103.494140625	(8.7s)
epoch: 46	train loss: 21604.447265625	(8.7s)
epoch: 47	train loss: 21727.654296875	(8.7s)
epoch: 48	train loss: 21827.224609375	(8.7s)
epoch: 49	train loss: 21529.068359375	(8.7s)
epoch: 50	train loss: 21808.755859375	(8.7s)
epoch: 51	train loss: 21845.833984375	(8.7s)
epoch: 52	train loss: 21870.443359375	(8.7s)
epoch: 53	train loss: 21456.98828125	(8.7s)
epoch: 54	train loss: 21748.927734375	(8.7s)
epoch: 55	train loss: 21364.388671875	(8.7s)
epoch: 56	train loss: 22612.86328125	(8.7s)
epoch: 57	train loss: 21603.119140625	(8.7s)
epoch: 58	train loss: 21684.51953125	(8.7s)
epoch: 59	train loss: 21355.83984375	(8.7s)
epoch: 60	train loss: 21554.28515625	(8.7s)
epoch: 61	train loss: 21607.353515625	(8.7s)
epoch: 62	train loss: 21691.16015625	(8.7s)
epoch: 63	train loss: 21360.375	(8.7s)
epoch: 64	train loss: 21451.421875	(8.7s)
epoch: 65	train loss: 21615.494140625	(8.7s)
epoch: 66	train loss: 21461.09375	(8.7s)
epoch: 67	train loss: 21478.501953125	(8.7s)
epoch: 68	train loss: 21430.857421875	(8.7s)
epoch: 69	train loss: 21307.400390625	(8.7s)
epoch: 70	train loss: 21306.833984375	(8.7s)
epoch: 71	train loss: 21243.0234375	(8.7s)
epoch: 72	train loss: 21204.064453125	(8.7s)
epoch: 73	train loss: 22362.166015625	(8.7s)
epoch: 74	train loss: 21669.0625	(8.7s)
epoch: 75	train loss: 21196.25390625	(8.7s)
epoch: 76	train loss: 21229.326171875	(8.7s)
epoch: 77	train loss: 21433.6640625	(8.7s)
epoch: 78	train loss: 21062.142578125	(8.7s)
epoch: 79	train loss: 21178.2265625	(8.7s)
epoch: 80	train loss: 21272.947265625	(8.7s)
epoch: 81	train loss: 20931.466796875	(8.7s)
epoch: 82	train loss: 20940.240234375	(8.7s)
epoch: 83	train loss: 21031.828125	(8.7s)
epoch: 84	train loss: 21277.87890625	(8.7s)
epoch: 85	train loss: 21126.154296875	(8.7s)
epoch: 86	train loss: 21329.26171875	(8.7s)
epoch: 87	train loss: 21537.833984375	(8.7s)
epoch: 88	train loss: 20992.376953125	(8.7s)
epoch: 89	train loss: 21800.248046875	(8.7s)
epoch: 90	train loss: 20959.29296875	(8.7s)
epoch: 91	train loss: 21174.154296875	(8.7s)
epoch: 92	train loss: 20841.9921875	(8.7s)
epoch: 93	train loss: 20776.3125	(8.7s)
epoch: 94	train loss: 20596.310546875	(8.7s)
epoch: 95	train loss: 20626.421875	(8.7s)
epoch: 96	train loss: 20621.849609375	(8.7s)
epoch: 97	train loss: 20601.337890625	(8.7s)
epoch: 98	train loss: 20931.189453125	(8.7s)
epoch: 99	train loss: 20652.865234375	(8.7s)
Evaluating model on 200 episodes
Solved 31/200 episodes
0.0
Evaluated model in 11.2 seconds
Saved model for run
f7bf5e75510144459a0914c3f8af824f with name round-5
Round 6
Generated trajectories in 71.3 seconds
epoch: 0	train loss: 27243.583984375	(8.6s)
epoch: 1	train loss: 25614.482421875	(8.6s)
epoch: 2	train loss: 25094.51171875	(8.6s)
epoch: 3	train loss: 24556.9453125	(8.7s)
epoch: 4	train loss: 24291.697265625	(8.7s)
epoch: 5	train loss: 23974.837890625	(8.7s)
epoch: 6	train loss: 23712.482421875	(8.7s)
epoch: 7	train loss: 24835.08203125	(8.7s)
epoch: 8	train loss: 23437.44921875	(8.7s)
epoch: 9	train loss: 23440.908203125	(8.7s)
epoch: 10	train loss: 23075.845703125	(8.7s)
epoch: 11	train loss: 23023.294921875	(8.7s)
epoch: 12	train loss: 22724.15625	(8.7s)
epoch: 13	train loss: 22635.958984375	(8.7s)
epoch: 14	train loss: 22498.29296875	(8.7s)
epoch: 15	train loss: 23193.65234375	(8.7s)
epoch: 16	train loss: 22780.630859375	(8.7s)
epoch: 17	train loss: 22259.419921875	(8.7s)
epoch: 18	train loss: 22985.3671875	(8.7s)
epoch: 19	train loss: 22173.115234375	(8.7s)
epoch: 20	train loss: 22007.6484375	(8.7s)
epoch: 21	train loss: 22176.57421875	(8.7s)
epoch: 22	train loss: 22163.796875	(8.7s)
epoch: 23	train loss: 21756.5234375	(8.7s)
epoch: 24	train loss: 22033.578125	(8.7s)
epoch: 25	train loss: 22125.97265625	(8.7s)
epoch: 26	train loss: 21911.10546875	(8.7s)
epoch: 27	train loss: 21671.505859375	(8.7s)
epoch: 28	train loss: 21941.52734375	(8.7s)
epoch: 29	train loss: 22595.7734375	(8.7s)
epoch: 30	train loss: 21608.18359375	(8.7s)
epoch: 31	train loss: 21751.3828125	(8.7s)
epoch: 32	train loss: 21349.828125	(8.7s)
epoch: 33	train loss: 21347.5703125	(8.7s)
epoch: 34	train loss: 21912.63671875	(8.7s)
epoch: 35	train loss: 21752.7109375	(8.7s)
epoch: 36	train loss: 22572.4453125	(8.7s)
epoch: 37	train loss: 21384.294921875	(8.7s)
epoch: 38	train loss: 21204.576171875	(8.7s)
epoch: 39	train loss: 21418.888671875	(8.7s)
epoch: 40	train loss: 21281.91015625	(8.7s)
epoch: 41	train loss: 21088.2421875	(8.7s)
epoch: 42	train loss: 21832.107421875	(8.7s)
epoch: 43	train loss: 21846.041015625	(8.7s)
epoch: 44	train loss: 21785.556640625	(8.7s)
epoch: 45	train loss: 21464.634765625	(8.7s)
epoch: 46	train loss: 21095.84765625	(8.7s)
epoch: 47	train loss: 20933.033203125	(8.7s)
epoch: 48	train loss: 21039.755859375	(8.7s)
epoch: 49	train loss: 21277.4453125	(8.7s)
epoch: 50	train loss: 20956.6171875	(8.7s)
epoch: 51	train loss: 20929.990234375	(8.7s)
epoch: 52	train loss: 22146.380859375	(8.7s)
epoch: 53	train loss: 20966.86328125	(8.7s)
epoch: 54	train loss: 20782.19921875	(8.7s)
epoch: 55	train loss: 21354.791015625	(8.7s)
epoch: 56	train loss: 20931.876953125	(8.7s)
epoch: 57	train loss: 20590.994140625	(8.7s)
epoch: 58	train loss: 20822.208984375	(8.7s)
epoch: 59	train loss: 20548.92578125	(8.7s)
epoch: 60	train loss: 20681.994140625	(8.7s)
epoch: 61	train loss: 20589.00390625	(8.7s)
epoch: 62	train loss: 20466.427734375	(8.7s)
epoch: 63	train loss: 20530.828125	(8.7s)
epoch: 64	train loss: 20300.248046875	(8.7s)
epoch: 65	train loss: 20602.833984375	(8.7s)
epoch: 66	train loss: 20245.685546875	(8.7s)
epoch: 67	train loss: 21349.23828125	(8.7s)
epoch: 68	train loss: 20606.46875	(8.7s)
epoch: 69	train loss: 20307.5390625	(8.7s)
epoch: 70	train loss: 20586.8046875	(8.7s)
epoch: 71	train loss: 20957.802734375	(8.7s)
epoch: 72	train loss: 20428.86328125	(8.7s)
epoch: 73	train loss: 20191.443359375	(8.7s)
epoch: 74	train loss: 20112.15234375	(8.7s)
epoch: 75	train loss: 20184.162109375	(8.7s)
epoch: 76	train loss: 20113.62109375	(8.7s)
epoch: 77	train loss: 20557.521484375	(8.7s)
epoch: 78	train loss: 20039.322265625	(8.7s)
epoch: 79	train loss: 19948.173828125	(8.7s)
epoch: 80	train loss: 20276.060546875	(8.7s)
epoch: 81	train loss: 20429.4296875	(8.7s)
epoch: 82	train loss: 20245.966796875	(8.7s)
epoch: 83	train loss: 20378.7734375	(8.7s)
epoch: 84	train loss: 20276.048828125	(8.7s)
epoch: 85	train loss: 20128.59765625	(8.7s)
epoch: 86	train loss: 20206.6953125	(8.7s)
epoch: 87	train loss: 19976.12109375	(8.7s)
epoch: 88	train loss: 20716.7421875	(8.7s)
epoch: 89	train loss: 20326.44140625	(8.7s)
epoch: 90	train loss: 20370.673828125	(8.7s)
epoch: 91	train loss: 20085.5703125	(8.7s)
epoch: 92	train loss: 20301.998046875	(8.7s)
epoch: 93	train loss: 20362.791015625	(8.7s)
epoch: 94	train loss: 19959.23828125	(8.7s)
epoch: 95	train loss: 20500.80859375	(8.7s)
epoch: 96	train loss: 19998.04296875	(8.7s)
epoch: 97	train loss: 20449.1328125	(8.7s)
epoch: 98	train loss: 20119.814453125	(8.7s)
epoch: 99	train loss: 20065.5859375	(8.7s)
Evaluating model on 200 episodes
Solved 40/200 episodes
0.0
Evaluated model in 11.0 seconds
Saved model for run
f7bf5e75510144459a0914c3f8af824f with name round-6
Round 7
Generated trajectories in 72.0 seconds
epoch: 0	train loss: 27943.279296875	(8.7s)
epoch: 1	train loss: 26179.974609375	(8.7s)
epoch: 2	train loss: 25384.15234375	(8.7s)
epoch: 3	train loss: 26296.8828125	(8.8s)
epoch: 4	train loss: 24480.083984375	(8.8s)
epoch: 5	train loss: 24261.451171875	(8.8s)
epoch: 6	train loss: 23972.966796875	(8.8s)
epoch: 7	train loss: 23826.369140625	(8.8s)
epoch: 8	train loss: 23672.931640625	(8.8s)
epoch: 9	train loss: 23488.787109375	(8.8s)
epoch: 10	train loss: 23619.736328125	(8.8s)
epoch: 11	train loss: 23410.92578125	(8.8s)
epoch: 12	train loss: 23474.142578125	(8.8s)
epoch: 13	train loss: 23034.5390625	(8.8s)
epoch: 14	train loss: 23020.67578125	(8.8s)
epoch: 15	train loss: 22740.580078125	(8.8s)
epoch: 16	train loss: 22710.23046875	(8.8s)
epoch: 17	train loss: 22644.26171875	(8.8s)
epoch: 18	train loss: 23806.65625	(8.8s)
epoch: 19	train loss: 22561.0859375	(8.8s)
epoch: 20	train loss: 22144.44140625	(8.8s)
epoch: 21	train loss: 22210.5390625	(8.8s)
epoch: 22	train loss: 22332.8359375	(8.8s)
epoch: 23	train loss: 22033.0	(8.8s)
epoch: 24	train loss: 22063.263671875	(8.8s)
epoch: 25	train loss: 22288.111328125	(8.8s)
epoch: 26	train loss: 22795.76171875	(8.8s)
epoch: 27	train loss: 22111.75	(8.8s)
epoch: 28	train loss: 22144.84375	(8.8s)
epoch: 29	train loss: 22467.484375	(8.8s)
epoch: 30	train loss: 21784.15625	(8.8s)
epoch: 31	train loss: 21649.607421875	(8.8s)
epoch: 32	train loss: 21800.0703125	(8.8s)
epoch: 33	train loss: 21429.771484375	(8.8s)
epoch: 34	train loss: 21398.6484375	(8.8s)
epoch: 35	train loss: 21460.435546875	(8.8s)
epoch: 36	train loss: 21341.484375	(8.8s)
epoch: 37	train loss: 22128.658203125	(8.8s)
epoch: 38	train loss: 21861.171875	(8.8s)
epoch: 39	train loss: 21407.482421875	(8.8s)
epoch: 40	train loss: 21392.146484375	(8.8s)
epoch: 41	train loss: 21400.056640625	(8.8s)
epoch: 42	train loss: 21040.91015625	(8.8s)
epoch: 43	train loss: 21090.025390625	(8.8s)
epoch: 44	train loss: 21305.12109375	(8.8s)
epoch: 45	train loss: 21297.87890625	(8.8s)
epoch: 46	train loss: 21318.083984375	(8.8s)
epoch: 47	train loss: 21349.380859375	(8.8s)
epoch: 48	train loss: 21319.265625	(8.8s)
epoch: 49	train loss: 21058.6875	(8.8s)
epoch: 50	train loss: 20940.212890625	(8.8s)
epoch: 51	train loss: 21745.630859375	(8.8s)
epoch: 52	train loss: 21800.85546875	(8.8s)
epoch: 53	train loss: 21177.958984375	(8.8s)
epoch: 54	train loss: 21396.83203125	(8.8s)
epoch: 55	train loss: 21248.294921875	(8.8s)
epoch: 56	train loss: 22084.138671875	(8.8s)
epoch: 57	train loss: 21111.267578125	(8.8s)
epoch: 58	train loss: 21069.3984375	(8.8s)
epoch: 59	train loss: 21006.205078125	(8.8s)
epoch: 60	train loss: 20960.712890625	(8.8s)
epoch: 61	train loss: 21090.537109375	(8.8s)
epoch: 62	train loss: 21436.451171875	(8.8s)
epoch: 63	train loss: 20976.298828125	(8.8s)
epoch: 64	train loss: 20844.111328125	(8.8s)
epoch: 65	train loss: 20686.23046875	(8.8s)
epoch: 66	train loss: 20630.0859375	(8.8s)
epoch: 67	train loss: 20589.75	(8.8s)
epoch: 68	train loss: 20715.189453125	(8.8s)
epoch: 69	train loss: 20704.591796875	(8.8s)
epoch: 70	train loss: 20478.40234375	(8.8s)
epoch: 71	train loss: 21012.671875	(8.8s)
epoch: 72	train loss: 20891.556640625	(8.8s)
epoch: 73	train loss: 20602.375	(8.8s)
epoch: 74	train loss: 20550.3671875	(8.8s)
epoch: 75	train loss: 20684.310546875	(8.8s)
epoch: 76	train loss: 20250.2109375	(8.8s)
epoch: 77	train loss: 20520.638671875	(8.8s)
epoch: 78	train loss: 20310.484375	(8.8s)
epoch: 79	train loss: 20250.189453125	(8.8s)
epoch: 80	train loss: 20110.01953125	(8.8s)
epoch: 81	train loss: 20968.986328125	(8.8s)
epoch: 82	train loss: 20015.484375	(8.8s)
epoch: 83	train loss: 19942.55078125	(8.8s)
epoch: 84	train loss: 20038.765625	(8.8s)
epoch: 85	train loss: 20000.15625	(8.8s)
epoch: 86	train loss: 19763.623046875	(8.8s)
epoch: 87	train loss: 19712.75	(8.8s)
epoch: 88	train loss: 19981.423828125	(8.8s)
epoch: 89	train loss: 20562.09765625	(8.8s)
epoch: 90	train loss: 20165.103515625	(8.8s)
epoch: 91	train loss: 20298.142578125	(8.8s)
epoch: 92	train loss: 20109.06640625	(8.8s)
epoch: 93	train loss: 20402.255859375	(8.8s)
epoch: 94	train loss: 19956.9453125	(8.8s)
epoch: 95	train loss: 20125.18359375	(8.8s)
epoch: 96	train loss: 21761.93359375	(8.8s)
epoch: 97	train loss: 20129.84765625	(8.8s)
epoch: 98	train loss: 20230.431640625	(8.8s)
epoch: 99	train loss: 20263.544921875	(8.8s)
Evaluating model on 200 episodes
Solved 37/200 episodes
0.0
Evaluated model in 10.2 seconds
Saved model for run
f7bf5e75510144459a0914c3f8af824f with name round-7
Round 8
Generated trajectories in 72.1 seconds
epoch: 0	train loss: 27552.23046875	(8.9s)
epoch: 1	train loss: 25641.3203125	(8.7s)
epoch: 2	train loss: 24844.1796875	(8.7s)
epoch: 3	train loss: 24462.587890625	(8.7s)
epoch: 4	train loss: 24087.607421875	(8.7s)
epoch: 5	train loss: 23941.71875	(8.8s)
epoch: 6	train loss: 23512.525390625	(8.8s)
epoch: 7	train loss: 23352.59765625	(8.8s)
epoch: 8	train loss: 23199.66796875	(8.8s)
epoch: 9	train loss: 22932.9921875	(8.8s)
epoch: 10	train loss: 22831.412109375	(8.8s)
epoch: 11	train loss: 22807.271484375	(8.8s)
epoch: 12	train loss: 22553.83203125	(8.8s)
epoch: 13	train loss: 22863.310546875	(8.8s)
epoch: 14	train loss: 22200.86328125	(8.8s)
epoch: 15	train loss: 22085.974609375	(8.8s)
epoch: 16	train loss: 22094.34375	(8.8s)
epoch: 17	train loss: 21972.8828125	(8.8s)
epoch: 18	train loss: 21802.154296875	(8.8s)
epoch: 19	train loss: 22356.322265625	(8.8s)
epoch: 20	train loss: 21765.11328125	(8.8s)
epoch: 21	train loss: 21776.015625	(8.8s)
epoch: 22	train loss: 21674.01171875	(8.8s)
epoch: 23	train loss: 21531.037109375	(8.8s)
epoch: 24	train loss: 21482.330078125	(8.8s)
epoch: 25	train loss: 22014.5703125	(8.8s)
epoch: 26	train loss: 21586.990234375	(8.8s)
epoch: 27	train loss: 21689.447265625	(8.8s)
epoch: 28	train loss: 21440.857421875	(8.8s)
epoch: 29	train loss: 21562.9296875	(8.8s)
epoch: 30	train loss: 21358.857421875	(8.8s)
epoch: 31	train loss: 23129.27734375	(8.8s)
epoch: 32	train loss: 21666.00390625	(8.8s)
epoch: 33	train loss: 21146.142578125	(8.8s)
epoch: 34	train loss: 20994.076171875	(8.8s)
epoch: 35	train loss: 20897.212890625	(8.8s)
epoch: 36	train loss: 20864.673828125	(8.8s)
epoch: 37	train loss: 21074.197265625	(8.8s)
epoch: 38	train loss: 20925.10546875	(8.8s)
epoch: 39	train loss: 21220.08984375	(8.8s)
epoch: 40	train loss: 20954.00390625	(8.8s)
epoch: 41	train loss: 20951.11328125	(8.8s)
epoch: 42	train loss: 21077.275390625	(8.8s)
epoch: 43	train loss: 21002.58203125	(8.8s)
epoch: 44	train loss: 21524.31640625	(8.8s)
epoch: 45	train loss: 20874.412109375	(8.8s)
epoch: 46	train loss: 20903.615234375	(8.8s)
epoch: 47	train loss: 20761.232421875	(8.8s)
epoch: 48	train loss: 20532.9921875	(8.8s)
epoch: 49	train loss: 20817.775390625	(8.8s)
epoch: 50	train loss: 20619.650390625	(8.8s)
epoch: 51	train loss: 21128.42578125	(8.8s)
epoch: 52	train loss: 20452.671875	(8.8s)
epoch: 53	train loss: 20508.27734375	(8.8s)
epoch: 54	train loss: 20390.39453125	(8.8s)
epoch: 55	train loss: 20372.923828125	(8.8s)
epoch: 56	train loss: 20517.73828125	(8.8s)
epoch: 57	train loss: 20175.96484375	(8.8s)
epoch: 58	train loss: 20371.58984375	(8.8s)
epoch: 59	train loss: 20123.37890625	(8.8s)
epoch: 60	train loss: 20572.923828125	(8.8s)
epoch: 61	train loss: 20509.4453125	(8.8s)
epoch: 62	train loss: 20534.568359375	(8.8s)
epoch: 63	train loss: 20859.259765625	(8.8s)
epoch: 64	train loss: 20278.111328125	(8.8s)
epoch: 65	train loss: 19923.5078125	(8.8s)
epoch: 66	train loss: 20017.126953125	(8.8s)
epoch: 67	train loss: 20449.150390625	(8.8s)
epoch: 68	train loss: 20525.115234375	(8.8s)
epoch: 69	train loss: 20015.5	(8.8s)
epoch: 70	train loss: 20061.259765625	(8.8s)
epoch: 71	train loss: 20413.91015625	(8.8s)
epoch: 72	train loss: 20253.5390625	(8.8s)
epoch: 73	train loss: 20139.572265625	(8.8s)
epoch: 74	train loss: 19986.130859375	(8.8s)
epoch: 75	train loss: 20060.68359375	(8.8s)
epoch: 76	train loss: 20329.03125	(8.8s)
epoch: 77	train loss: 20050.640625	(8.8s)
epoch: 78	train loss: 20179.0	(8.8s)
epoch: 79	train loss: 20212.619140625	(8.8s)
epoch: 80	train loss: 20015.205078125	(8.8s)
epoch: 81	train loss: 19974.779296875	(8.8s)
epoch: 82	train loss: 20115.359375	(8.8s)
epoch: 83	train loss: 20324.3203125	(8.8s)
epoch: 84	train loss: 19642.556640625	(8.8s)
epoch: 85	train loss: 19331.8515625	(8.8s)
epoch: 86	train loss: 19488.15625	(8.8s)
epoch: 87	train loss: 19655.203125	(8.8s)
epoch: 88	train loss: 19565.294921875	(8.8s)
epoch: 89	train loss: 19811.470703125	(8.8s)
epoch: 90	train loss: 19759.55859375	(8.8s)
epoch: 91	train loss: 19711.19140625	(8.8s)
epoch: 92	train loss: 19612.451171875	(8.8s)
epoch: 93	train loss: 19691.8828125	(8.8s)
epoch: 94	train loss: 19653.6328125	(8.8s)
epoch: 95	train loss: 19395.935546875	(8.8s)
epoch: 96	train loss: 19266.912109375	(8.8s)
epoch: 97	train loss: 19284.677734375	(8.8s)
epoch: 98	train loss: 19238.755859375	(8.8s)
epoch: 99	train loss: 19569.515625	(8.8s)
Evaluating model on 200 episodes
Solved 38/200 episodes
0.0
Evaluated model in 10.9 seconds
Saved model for run
f7bf5e75510144459a0914c3f8af824f with name round-8
Round 9
Generated trajectories in 72.2 seconds
epoch: 0	train loss: 27922.587890625	(8.7s)
epoch: 1	train loss: 25561.376953125	(8.7s)
epoch: 2	train loss: 24901.2265625	(8.7s)
epoch: 3	train loss: 24245.1640625	(8.7s)
epoch: 4	train loss: 23972.640625	(8.7s)
epoch: 5	train loss: 23666.17578125	(8.7s)
epoch: 6	train loss: 23373.595703125	(8.7s)
epoch: 7	train loss: 23077.44921875	(8.7s)
epoch: 8	train loss: 22815.310546875	(8.7s)
epoch: 9	train loss: 22849.869140625	(8.7s)
epoch: 10	train loss: 22638.755859375	(8.8s)
epoch: 11	train loss: 22560.994140625	(8.7s)
epoch: 12	train loss: 22568.078125	(8.7s)
epoch: 13	train loss: 22507.0	(8.7s)
epoch: 14	train loss: 22500.095703125	(8.7s)
epoch: 15	train loss: 22088.435546875	(8.7s)
epoch: 16	train loss: 21774.349609375	(8.7s)
epoch: 17	train loss: 22300.59375	(8.7s)
epoch: 18	train loss: 21703.951171875	(8.7s)
epoch: 19	train loss: 21574.9296875	(8.7s)
epoch: 20	train loss: 21776.447265625	(8.7s)
epoch: 21	train loss: 21542.3828125	(8.7s)
epoch: 22	train loss: 21604.5703125	(8.7s)
epoch: 23	train loss: 21341.916015625	(8.8s)
epoch: 24	train loss: 21427.2578125	(8.7s)
epoch: 25	train loss: 21566.21484375	(8.8s)
epoch: 26	train loss: 21520.525390625	(8.7s)
epoch: 27	train loss: 21427.728515625	(8.7s)
epoch: 28	train loss: 21114.4921875	(8.7s)
epoch: 29	train loss: 21181.74609375	(8.7s)
epoch: 30	train loss: 21249.3359375	(8.7s)
epoch: 31	train loss: 21096.935546875	(8.7s)
epoch: 32	train loss: 21449.9921875	(8.7s)
epoch: 33	train loss: 20999.12109375	(8.8s)
epoch: 34	train loss: 21126.451171875	(8.7s)
epoch: 35	train loss: 20861.689453125	(8.7s)
epoch: 36	train loss: 22239.591796875	(8.7s)
epoch: 37	train loss: 20963.474609375	(8.8s)
epoch: 38	train loss: 20843.771484375	(8.7s)
epoch: 39	train loss: 20612.22265625	(8.7s)
epoch: 40	train loss: 20962.041015625	(8.8s)
epoch: 41	train loss: 21705.916015625	(8.7s)
epoch: 42	train loss: 20568.177734375	(8.7s)
epoch: 43	train loss: 20580.150390625	(8.7s)
epoch: 44	train loss: 20383.947265625	(8.7s)
epoch: 45	train loss: 20339.380859375	(8.8s)
epoch: 46	train loss: 20336.46875	(8.7s)
epoch: 47	train loss: 20276.572265625	(8.7s)
epoch: 48	train loss: 20310.95703125	(8.7s)
epoch: 49	train loss: 20030.15625	(8.7s)
epoch: 50	train loss: 20241.9765625	(8.7s)
epoch: 51	train loss: 20104.4375	(8.7s)
epoch: 52	train loss: 20487.80859375	(8.8s)
epoch: 53	train loss: 19981.666015625	(8.7s)
epoch: 54	train loss: 20370.478515625	(8.7s)
epoch: 55	train loss: 20169.578125	(8.7s)
epoch: 56	train loss: 20132.720703125	(8.7s)
epoch: 57	train loss: 20324.96875	(8.7s)
epoch: 58	train loss: 20023.16015625	(8.7s)
epoch: 59	train loss: 20003.41796875	(8.7s)
epoch: 60	train loss: 19655.0546875	(8.8s)
epoch: 61	train loss: 19601.783203125	(8.7s)
epoch: 62	train loss: 20257.109375	(8.7s)
epoch: 63	train loss: 19838.884765625	(8.8s)
epoch: 64	train loss: 19889.12890625	(8.7s)
epoch: 65	train loss: 19727.9453125	(8.7s)
epoch: 66	train loss: 19838.69140625	(8.7s)
epoch: 67	train loss: 19665.271484375	(8.8s)
epoch: 68	train loss: 19468.603515625	(8.7s)
epoch: 69	train loss: 19429.6015625	(8.7s)
epoch: 70	train loss: 19440.681640625	(8.7s)
epoch: 71	train loss: 19898.51171875	(8.8s)
epoch: 72	train loss: 19885.373046875	(8.7s)
epoch: 73	train loss: 20441.2578125	(8.7s)
epoch: 74	train loss: 19561.8515625	(8.8s)
epoch: 75	train loss: 19555.794921875	(8.8s)
epoch: 76	train loss: 19304.353515625	(8.7s)
epoch: 77	train loss: 19138.787109375	(8.7s)
epoch: 78	train loss: 19322.361328125	(8.8s)
epoch: 79	train loss: 19205.552734375	(8.7s)
epoch: 80	train loss: 19071.373046875	(8.7s)
epoch: 81	train loss: 19251.11328125	(8.7s)
epoch: 82	train loss: 18900.154296875	(8.7s)
epoch: 83	train loss: 19008.708984375	(8.8s)
epoch: 84	train loss: 19669.841796875	(8.7s)
epoch: 85	train loss: 19255.974609375	(8.7s)
epoch: 86	train loss: 18960.6484375	(8.7s)
epoch: 87	train loss: 18820.73828125	(8.7s)
epoch: 88	train loss: 19349.185546875	(8.7s)
epoch: 89	train loss: 18740.8828125	(8.7s)
epoch: 90	train loss: 18808.1015625	(8.7s)
epoch: 91	train loss: 18839.8203125	(8.7s)
epoch: 92	train loss: 19031.861328125	(8.7s)
epoch: 93	train loss: 19106.095703125	(8.7s)
epoch: 94	train loss: 18623.353515625	(8.7s)
epoch: 95	train loss: 18580.47265625	(8.7s)
epoch: 96	train loss: 18743.197265625	(8.7s)
epoch: 97	train loss: 18695.744140625	(8.7s)
epoch: 98	train loss: 19497.654296875	(8.8s)
epoch: 99	train loss: 19067.177734375	(8.7s)
Evaluating model on 200 episodes
Solved 33/200 episodes
0.0
Evaluated model in 11.9 seconds
Saved model for run
f7bf5e75510144459a0914c3f8af824f with name round-9
Round 10
Generated trajectories in 72.0 seconds
epoch: 0	train loss: 27601.84765625	(8.7s)
epoch: 1	train loss: 25268.583984375	(8.6s)
epoch: 2	train loss: 24431.916015625	(8.7s)
epoch: 3	train loss: 23918.984375	(8.7s)
epoch: 4	train loss: 23610.6953125	(8.7s)
epoch: 5	train loss: 23621.23828125	(8.7s)
epoch: 6	train loss: 23027.4375	(8.7s)
epoch: 7	train loss: 22838.53515625	(8.7s)
epoch: 8	train loss: 22564.67578125	(8.7s)
epoch: 9	train loss: 22409.388671875	(8.7s)
epoch: 10	train loss: 22187.01171875	(8.7s)
epoch: 11	train loss: 22172.05859375	(8.7s)
epoch: 12	train loss: 21917.66796875	(8.7s)
epoch: 13	train loss: 21874.412109375	(8.7s)
epoch: 14	train loss: 21538.3125	(8.7s)
epoch: 15	train loss: 22136.3203125	(8.7s)
epoch: 16	train loss: 21870.099609375	(8.7s)
epoch: 17	train loss: 21637.5546875	(8.7s)
epoch: 18	train loss: 21561.0703125	(8.7s)
epoch: 19	train loss: 21341.931640625	(8.7s)
epoch: 20	train loss: 20986.49609375	(8.7s)
epoch: 21	train loss: 20956.01953125	(8.7s)
epoch: 22	train loss: 21018.279296875	(8.7s)
epoch: 23	train loss: 20832.421875	(8.7s)
epoch: 24	train loss: 21423.1875	(8.7s)
epoch: 25	train loss: 20598.841796875	(8.7s)
epoch: 26	train loss: 20512.291015625	(8.7s)
epoch: 27	train loss: 20766.1015625	(8.7s)
epoch: 28	train loss: 20619.947265625	(8.7s)
epoch: 29	train loss: 20552.451171875	(8.7s)
epoch: 30	train loss: 20847.77734375	(8.7s)
epoch: 31	train loss: 20311.228515625	(8.7s)
epoch: 32	train loss: 20430.681640625	(8.7s)
epoch: 33	train loss: 19974.50390625	(8.7s)
epoch: 34	train loss: 19793.41015625	(8.7s)
epoch: 35	train loss: 20144.373046875	(8.7s)
epoch: 36	train loss: 19947.46875	(8.7s)
epoch: 37	train loss: 20218.689453125	(8.7s)
epoch: 38	train loss: 20018.328125	(8.7s)
epoch: 39	train loss: 20654.755859375	(8.7s)
epoch: 40	train loss: 19843.9296875	(8.7s)
epoch: 41	train loss: 19618.783203125	(8.7s)
epoch: 42	train loss: 21358.6953125	(8.7s)
epoch: 43	train loss: 20021.8046875	(8.7s)
epoch: 44	train loss: 19681.2421875	(8.7s)
epoch: 45	train loss: 19692.76171875	(8.7s)
epoch: 46	train loss: 19636.8671875	(8.7s)
epoch: 47	train loss: 19796.236328125	(8.7s)
epoch: 48	train loss: 19690.22265625	(8.7s)
epoch: 49	train loss: 20122.91015625	(8.7s)
epoch: 50	train loss: 19578.2109375	(8.7s)
epoch: 51	train loss: 19480.75390625	(8.7s)
epoch: 52	train loss: 19531.01953125	(8.7s)
epoch: 53	train loss: 19319.283203125	(8.7s)
epoch: 54	train loss: 19380.068359375	(8.7s)
epoch: 55	train loss: 19183.375	(8.7s)
epoch: 56	train loss: 19346.076171875	(8.7s)
epoch: 57	train loss: 19235.375	(8.7s)
epoch: 58	train loss: 19194.89453125	(8.7s)
epoch: 59	train loss: 19422.884765625	(8.7s)
epoch: 60	train loss: 19203.287109375	(8.7s)
epoch: 61	train loss: 19383.740234375	(8.7s)
epoch: 62	train loss: 18897.044921875	(8.7s)
epoch: 63	train loss: 18648.380859375	(8.7s)
epoch: 64	train loss: 18882.716796875	(8.7s)
epoch: 65	train loss: 19103.259765625	(8.7s)
epoch: 66	train loss: 18556.982421875	(8.7s)
epoch: 67	train loss: 18710.46875	(8.7s)
epoch: 68	train loss: 18720.017578125	(8.7s)
epoch: 69	train loss: 18494.759765625	(8.7s)
epoch: 70	train loss: 19034.625	(8.7s)
epoch: 71	train loss: 18505.5546875	(8.7s)
epoch: 72	train loss: 18877.0546875	(8.7s)
epoch: 73	train loss: 18572.64453125	(8.7s)
epoch: 74	train loss: 18449.4296875	(8.7s)
epoch: 75	train loss: 18412.072265625	(8.7s)
epoch: 76	train loss: 18906.697265625	(8.7s)
epoch: 77	train loss: 18500.982421875	(8.7s)
epoch: 78	train loss: 18443.392578125	(8.7s)
epoch: 79	train loss: 18282.2109375	(8.7s)
epoch: 80	train loss: 18362.275390625	(8.7s)
epoch: 81	train loss: 18766.39453125	(8.7s)
epoch: 82	train loss: 18238.32421875	(8.7s)
epoch: 83	train loss: 18340.294921875	(8.7s)
epoch: 84	train loss: 18323.193359375	(8.7s)
epoch: 85	train loss: 17973.955078125	(8.7s)
epoch: 86	train loss: 17908.69140625	(8.7s)
epoch: 87	train loss: 18627.3359375	(8.7s)
epoch: 88	train loss: 18428.375	(8.7s)
epoch: 89	train loss: 18416.41796875	(8.7s)
epoch: 90	train loss: 18184.896484375	(8.7s)
epoch: 91	train loss: 18228.912109375	(8.7s)
epoch: 92	train loss: 18295.021484375	(8.7s)
epoch: 93	train loss: 18180.732421875	(8.7s)
epoch: 94	train loss: 18256.28125	(8.7s)
epoch: 95	train loss: 17807.90234375	(8.7s)
epoch: 96	train loss: 19170.47265625	(8.7s)
epoch: 97	train loss: 18182.72265625	(8.7s)
epoch: 98	train loss: 17931.78515625	(8.7s)
epoch: 99	train loss: 17648.0546875	(8.7s)
Evaluating model on 200 episodes
Solved 36/200 episodes
0.0
Evaluated model in 11.7 seconds
Saved model for run
f7bf5e75510144459a0914c3f8af824f with name round-10
Round 11
Generated trajectories in 72.0 seconds
epoch: 0	train loss: 27764.298828125	(8.7s)
epoch: 1	train loss: 24988.240234375	(8.6s)
epoch: 2	train loss: 24166.220703125	(8.7s)
epoch: 3	train loss: 23361.400390625	(8.7s)
epoch: 4	train loss: 23023.236328125	(8.7s)
epoch: 5	train loss: 22546.1484375	(8.7s)
epoch: 6	train loss: 22276.171875	(8.7s)
epoch: 7	train loss: 21991.404296875	(8.7s)
epoch: 8	train loss: 22565.30078125	(8.7s)
epoch: 9	train loss: 21623.873046875	(8.7s)
epoch: 10	train loss: 21491.15234375	(8.7s)
epoch: 11	train loss: 21487.705078125	(8.7s)
epoch: 12	train loss: 21110.8046875	(8.7s)
epoch: 13	train loss: 21583.6171875	(8.7s)
epoch: 14	train loss: 21191.1796875	(8.7s)
epoch: 15	train loss: 20828.119140625	(8.7s)
epoch: 16	train loss: 20657.755859375	(8.7s)
epoch: 17	train loss: 20425.376953125	(8.7s)
epoch: 18	train loss: 21548.46875	(8.7s)
epoch: 19	train loss: 20587.7734375	(8.7s)
epoch: 20	train loss: 20434.10546875	(8.7s)
epoch: 21	train loss: 20257.7578125	(8.7s)
epoch: 22	train loss: 20763.22265625	(8.7s)
epoch: 23	train loss: 20317.75390625	(8.7s)
epoch: 24	train loss: 20632.267578125	(8.7s)
epoch: 25	train loss: 20001.328125	(8.7s)
epoch: 26	train loss: 20442.560546875	(8.7s)
epoch: 27	train loss: 19929.93359375	(8.7s)
epoch: 28	train loss: 19623.15625	(8.7s)
epoch: 29	train loss: 19490.89453125	(8.7s)
epoch: 30	train loss: 19546.470703125	(8.7s)
epoch: 31	train loss: 20552.4609375	(8.7s)
epoch: 32	train loss: 19501.15234375	(8.7s)
epoch: 33	train loss: 19491.466796875	(8.7s)
epoch: 34	train loss: 19486.90625	(8.7s)
epoch: 35	train loss: 19227.416015625	(8.7s)
epoch: 36	train loss: 19271.4921875	(8.7s)
epoch: 37	train loss: 19343.2265625	(8.7s)
epoch: 38	train loss: 19481.689453125	(8.7s)
epoch: 39	train loss: 19668.1328125	(8.7s)
epoch: 40	train loss: 19258.78125	(8.7s)
epoch: 41	train loss: 19542.529296875	(8.7s)
epoch: 42	train loss: 19244.447265625	(8.7s)
epoch: 43	train loss: 18951.80078125	(8.7s)
epoch: 44	train loss: 19118.93359375	(8.7s)
epoch: 45	train loss: 19210.78515625	(8.7s)
epoch: 46	train loss: 19538.787109375	(8.7s)
epoch: 47	train loss: 19153.099609375	(8.7s)
epoch: 48	train loss: 18975.580078125	(8.7s)
epoch: 49	train loss: 18688.7890625	(8.7s)
epoch: 50	train loss: 18516.048828125	(8.7s)
epoch: 51	train loss: 18613.626953125	(8.7s)
epoch: 52	train loss: 18526.1484375	(8.7s)
epoch: 53	train loss: 18490.5078125	(8.7s)
epoch: 54	train loss: 18541.119140625	(8.7s)
epoch: 55	train loss: 18572.400390625	(8.7s)
epoch: 56	train loss: 18571.01953125	(8.7s)
epoch: 57	train loss: 18226.47265625	(8.7s)
epoch: 58	train loss: 18797.955078125	(8.7s)
epoch: 59	train loss: 18726.974609375	(8.7s)
epoch: 60	train loss: 18313.806640625	(8.7s)
epoch: 61	train loss: 18308.158203125	(8.7s)
epoch: 62	train loss: 18619.662109375	(8.7s)
epoch: 63	train loss: 19773.900390625	(8.7s)
epoch: 64	train loss: 18506.212890625	(8.7s)
epoch: 65	train loss: 17882.470703125	(8.7s)
epoch: 66	train loss: 17785.8671875	(8.8s)
epoch: 67	train loss: 17858.05078125	(8.7s)
epoch: 68	train loss: 17951.732421875	(8.7s)
epoch: 69	train loss: 17898.94140625	(8.7s)
epoch: 70	train loss: 18000.341796875	(8.7s)
epoch: 71	train loss: 18309.904296875	(8.7s)
epoch: 72	train loss: 18095.580078125	(8.7s)
epoch: 73	train loss: 17806.5859375	(8.7s)
epoch: 74	train loss: 21557.27734375	(8.7s)
epoch: 75	train loss: 18120.220703125	(8.7s)
epoch: 76	train loss: 17521.94921875	(8.7s)
epoch: 77	train loss: 17648.625	(8.7s)
epoch: 78	train loss: 17531.037109375	(8.7s)
epoch: 79	train loss: 18091.576171875	(8.7s)
epoch: 80	train loss: 17614.32421875	(8.7s)
epoch: 81	train loss: 17551.513671875	(8.7s)
epoch: 82	train loss: 17414.568359375	(8.7s)
epoch: 83	train loss: 17865.86328125	(8.7s)
epoch: 84	train loss: 17304.072265625	(8.7s)
epoch: 85	train loss: 17545.501953125	(8.7s)
epoch: 86	train loss: 18136.958984375	(8.7s)
epoch: 87	train loss: 17779.015625	(8.7s)
epoch: 88	train loss: 17485.90234375	(8.7s)
epoch: 89	train loss: 17398.572265625	(8.7s)
epoch: 90	train loss: 17661.904296875	(8.7s)
epoch: 91	train loss: 17320.232421875	(8.7s)
epoch: 92	train loss: 17107.697265625	(8.7s)
epoch: 93	train loss: 18059.330078125	(8.7s)
epoch: 94	train loss: 17748.4609375	(8.7s)
epoch: 95	train loss: 17429.76953125	(8.7s)
epoch: 96	train loss: 17236.484375	(8.7s)
epoch: 97	train loss: 17298.33984375	(8.7s)
epoch: 98	train loss: 17490.2734375	(8.7s)
epoch: 99	train loss: 17759.2890625	(8.7s)
Evaluating model on 200 episodes
Solved 28/200 episodes
0.0
Evaluated model in 10.8 seconds
Saved model for run
f7bf5e75510144459a0914c3f8af824f with name round-11
Round 12
Generated trajectories in 72.4 seconds
epoch: 0	train loss: 28336.380859375	(8.8s)
epoch: 1	train loss: 25829.935546875	(8.7s)
epoch: 2	train loss: 24727.623046875	(8.7s)
epoch: 3	train loss: 24072.287109375	(8.8s)
epoch: 4	train loss: 23667.712890625	(8.7s)
epoch: 5	train loss: 23047.490234375	(8.8s)
epoch: 6	train loss: 22790.466796875	(8.8s)
epoch: 7	train loss: 22479.626953125	(8.8s)
epoch: 8	train loss: 22660.201171875	(8.8s)
epoch: 9	train loss: 22283.708984375	(8.8s)
epoch: 10	train loss: 22037.125	(8.8s)
epoch: 11	train loss: 21830.685546875	(8.8s)
epoch: 12	train loss: 21790.1875	(8.8s)
epoch: 13	train loss: 21488.794921875	(8.8s)
epoch: 14	train loss: 21873.384765625	(8.8s)
epoch: 15	train loss: 21496.560546875	(8.8s)
epoch: 16	train loss: 21544.501953125	(8.8s)
epoch: 17	train loss: 21004.15234375	(8.8s)
epoch: 18	train loss: 21344.349609375	(8.8s)
epoch: 19	train loss: 21091.365234375	(8.8s)
epoch: 20	train loss: 21695.6015625	(8.8s)
epoch: 21	train loss: 21842.900390625	(8.8s)
epoch: 22	train loss: 20779.947265625	(8.8s)
epoch: 23	train loss: 20380.328125	(8.8s)
epoch: 24	train loss: 20462.580078125	(8.8s)
epoch: 25	train loss: 20441.052734375	(8.8s)
epoch: 26	train loss: 20470.400390625	(8.8s)
epoch: 27	train loss: 20481.1953125	(8.8s)
epoch: 28	train loss: 20296.85546875	(8.8s)
epoch: 29	train loss: 20303.88671875	(8.8s)
epoch: 30	train loss: 20627.552734375	(8.8s)
epoch: 31	train loss: 20336.888671875	(8.8s)
epoch: 32	train loss: 19838.87109375	(8.8s)
epoch: 33	train loss: 20298.6640625	(8.8s)
epoch: 34	train loss: 19742.326171875	(8.8s)
epoch: 35	train loss: 19719.275390625	(8.8s)
epoch: 36	train loss: 19883.017578125	(8.8s)
epoch: 37	train loss: 19698.193359375	(8.8s)
epoch: 38	train loss: 19497.240234375	(8.8s)
epoch: 39	train loss: 19514.919921875	(8.8s)
epoch: 40	train loss: 19656.1171875	(8.8s)
epoch: 41	train loss: 19710.060546875	(8.8s)
epoch: 42	train loss: 19583.466796875	(8.8s)
epoch: 43	train loss: 20248.4140625	(8.8s)
epoch: 44	train loss: 19572.150390625	(8.8s)
epoch: 45	train loss: 19422.361328125	(8.8s)
epoch: 46	train loss: 19258.47265625	(8.8s)
epoch: 47	train loss: 19045.9375	(8.8s)
epoch: 48	train loss: 18883.09765625	(8.8s)
epoch: 49	train loss: 18799.17578125	(8.8s)
epoch: 50	train loss: 19532.646484375	(8.8s)
epoch: 51	train loss: 19030.92578125	(8.8s)
epoch: 52	train loss: 18990.052734375	(8.8s)
epoch: 53	train loss: 18983.275390625	(8.8s)
epoch: 54	train loss: 18847.083984375	(8.8s)
epoch: 55	train loss: 19615.3671875	(8.8s)
epoch: 56	train loss: 18686.705078125	(8.8s)
epoch: 57	train loss: 18332.16015625	(8.8s)
epoch: 58	train loss: 18726.42578125	(8.8s)
epoch: 59	train loss: 19133.390625	(8.8s)
epoch: 60	train loss: 18776.501953125	(8.8s)
epoch: 61	train loss: 18630.248046875	(8.8s)
epoch: 62	train loss: 18999.41015625	(8.8s)
epoch: 63	train loss: 19126.185546875	(8.8s)
epoch: 64	train loss: 18336.08984375	(8.8s)
epoch: 65	train loss: 18420.8515625	(8.8s)
epoch: 66	train loss: 18393.60546875	(8.8s)
epoch: 67	train loss: 18259.4296875	(8.8s)
epoch: 68	train loss: 18328.17578125	(8.8s)
epoch: 69	train loss: 18239.8203125	(8.8s)
epoch: 70	train loss: 18691.61328125	(8.8s)
epoch: 71	train loss: 18432.5	(8.8s)
epoch: 72	train loss: 18354.6796875	(8.8s)
epoch: 73	train loss: 18471.61328125	(8.8s)
epoch: 74	train loss: 18537.712890625	(8.8s)
epoch: 75	train loss: 18719.888671875	(8.8s)
epoch: 76	train loss: 18574.197265625	(8.8s)
epoch: 77	train loss: 18548.4296875	(8.8s)
epoch: 78	train loss: 18042.8984375	(8.8s)
epoch: 79	train loss: 17865.90625	(8.8s)
epoch: 80	train loss: 17788.107421875	(8.8s)
epoch: 81	train loss: 17771.77734375	(8.8s)
epoch: 82	train loss: 17792.404296875	(8.8s)
epoch: 83	train loss: 17678.287109375	(8.8s)
epoch: 84	train loss: 17872.7109375	(8.8s)
epoch: 85	train loss: 18266.607421875	(8.8s)
epoch: 86	train loss: 19007.560546875	(8.8s)
epoch: 87	train loss: 17826.556640625	(8.8s)
epoch: 88	train loss: 17560.474609375	(8.8s)
epoch: 89	train loss: 17611.41015625	(8.8s)
epoch: 90	train loss: 17597.435546875	(8.8s)
epoch: 91	train loss: 17670.974609375	(8.8s)
epoch: 92	train loss: 17368.2890625	(8.8s)
epoch: 93	train loss: 17914.109375	(8.8s)
epoch: 94	train loss: 17595.91015625	(8.8s)
epoch: 95	train loss: 17517.59765625	(8.8s)
epoch: 96	train loss: 18745.5546875	(8.8s)
epoch: 97	train loss: 17999.49609375	(8.8s)
epoch: 98	train loss: 17823.716796875	(8.8s)
epoch: 99	train loss: 17996.7265625	(8.8s)
Evaluating model on 200 episodes
Solved 31/200 episodes
0.0
Evaluated model in 10.3 seconds
Saved model for run
f7bf5e75510144459a0914c3f8af824f with name round-12
Round 13
Generated trajectories in 72.5 seconds
epoch: 0	train loss: 27039.001953125	(8.7s)
epoch: 1	train loss: 24321.029296875	(8.7s)
epoch: 2	train loss: 23559.498046875	(8.7s)
epoch: 3	train loss: 23076.9765625	(8.7s)
epoch: 4	train loss: 22641.16015625	(8.7s)
epoch: 5	train loss: 22210.44921875	(8.7s)
epoch: 6	train loss: 22059.671875	(8.7s)
epoch: 7	train loss: 22120.8828125	(8.7s)
epoch: 8	train loss: 21629.443359375	(8.7s)
epoch: 9	train loss: 21489.107421875	(8.7s)
epoch: 10	train loss: 21316.548828125	(8.7s)
epoch: 11	train loss: 21155.16796875	(8.7s)
epoch: 12	train loss: 21122.921875	(8.7s)
epoch: 13	train loss: 20995.4375	(8.7s)
epoch: 14	train loss: 20712.09375	(8.8s)
epoch: 15	train loss: 21120.005859375	(8.7s)
epoch: 16	train loss: 20538.419921875	(8.7s)
epoch: 17	train loss: 20336.095703125	(8.7s)
epoch: 18	train loss: 20121.828125	(8.7s)
epoch: 19	train loss: 20320.271484375	(8.7s)
epoch: 20	train loss: 20629.23828125	(8.7s)
epoch: 21	train loss: 20210.76171875	(8.7s)
epoch: 22	train loss: 19857.1484375	(8.7s)
epoch: 23	train loss: 20042.546875	(8.7s)
epoch: 24	train loss: 19797.5625	(8.7s)
epoch: 25	train loss: 20106.123046875	(8.7s)
epoch: 26	train loss: 19593.49609375	(8.7s)
epoch: 27	train loss: 19582.1796875	(8.7s)
epoch: 28	train loss: 19939.998046875	(8.7s)
epoch: 29	train loss: 19850.72265625	(8.7s)
epoch: 30	train loss: 19359.875	(8.7s)
epoch: 31	train loss: 19283.51171875	(8.7s)
epoch: 32	train loss: 19131.109375	(8.7s)
epoch: 33	train loss: 19555.083984375	(8.7s)
epoch: 34	train loss: 19208.576171875	(8.7s)
epoch: 35	train loss: 19030.4765625	(8.7s)
epoch: 36	train loss: 20650.951171875	(8.8s)
epoch: 37	train loss: 19043.54296875	(8.8s)
epoch: 38	train loss: 18773.9921875	(8.8s)
epoch: 39	train loss: 18671.951171875	(8.7s)
epoch: 40	train loss: 18468.904296875	(8.8s)
epoch: 41	train loss: 18875.283203125	(8.7s)
epoch: 42	train loss: 19126.236328125	(8.7s)
epoch: 43	train loss: 18991.853515625	(8.7s)
epoch: 44	train loss: 19169.810546875	(8.8s)
epoch: 45	train loss: 18591.48828125	(8.7s)
epoch: 46	train loss: 18525.6015625	(8.7s)
epoch: 47	train loss: 18452.57421875	(8.8s)
epoch: 48	train loss: 18365.20703125	(8.8s)
epoch: 49	train loss: 18145.779296875	(8.7s)
epoch: 50	train loss: 19620.744140625	(8.7s)
epoch: 51	train loss: 18276.2734375	(8.8s)
epoch: 52	train loss: 18212.375	(8.8s)
epoch: 53	train loss: 17942.69140625	(8.7s)
epoch: 54	train loss: 18690.904296875	(8.7s)
epoch: 55	train loss: 18203.380859375	(8.8s)
epoch: 56	train loss: 18000.9140625	(8.8s)
epoch: 57	train loss: 17992.892578125	(8.7s)
epoch: 58	train loss: 17893.1875	(8.7s)
epoch: 59	train loss: 18234.986328125	(8.8s)
epoch: 60	train loss: 17956.0078125	(8.7s)
epoch: 61	train loss: 18083.796875	(8.7s)
epoch: 62	train loss: 18000.083984375	(8.7s)
epoch: 63	train loss: 17778.35546875	(8.8s)
epoch: 64	train loss: 17675.12109375	(8.7s)
epoch: 65	train loss: 18356.5625	(8.7s)
epoch: 66	train loss: 17678.095703125	(8.8s)
epoch: 67	train loss: 17588.673828125	(8.8s)
epoch: 68	train loss: 18419.388671875	(8.7s)
epoch: 69	train loss: 17562.75390625	(8.7s)
epoch: 70	train loss: 17859.478515625	(8.8s)
epoch: 71	train loss: 17649.0859375	(8.8s)
epoch: 72	train loss: 17741.8125	(8.7s)
epoch: 73	train loss: 17839.650390625	(8.7s)
epoch: 74	train loss: 17621.771484375	(8.8s)
epoch: 75	train loss: 17171.583984375	(8.8s)
epoch: 76	train loss: 17741.8046875	(8.8s)
epoch: 77	train loss: 18002.82421875	(8.7s)
epoch: 78	train loss: 17881.40625	(8.8s)
epoch: 79	train loss: 17312.2734375	(8.7s)
epoch: 80	train loss: 17605.142578125	(8.7s)
epoch: 81	train loss: 17536.166015625	(8.7s)
epoch: 82	train loss: 17342.041015625	(8.8s)
epoch: 83	train loss: 17776.498046875	(8.7s)
epoch: 84	train loss: 17159.5859375	(8.7s)
epoch: 85	train loss: 17191.814453125	(8.7s)
epoch: 86	train loss: 17752.216796875	(8.8s)
epoch: 87	train loss: 17042.2890625	(8.7s)
epoch: 88	train loss: 16835.18359375	(8.7s)
epoch: 89	train loss: 17242.388671875	(8.7s)
epoch: 90	train loss: 17602.1484375	(8.8s)
epoch: 91	train loss: 17620.04296875	(8.7s)
epoch: 92	train loss: 16982.40234375	(8.7s)
epoch: 93	train loss: 16908.94921875	(8.8s)
epoch: 94	train loss: 17119.44921875	(8.8s)
epoch: 95	train loss: 17057.12890625	(8.7s)
epoch: 96	train loss: 17535.181640625	(8.7s)
epoch: 97	train loss: 17232.822265625	(8.7s)
epoch: 98	train loss: 17350.48046875	(8.8s)
epoch: 99	train loss: 17534.12890625	(8.7s)
Evaluating model on 200 episodes
Solved 35/200 episodes
0.0
Evaluated model in 10.0 seconds
Saved model for run
f7bf5e75510144459a0914c3f8af824f with name round-13
Round 14
Generated trajectories in 72.9 seconds
epoch: 0	train loss: 27117.455078125	(8.8s)
epoch: 1	train loss: 24852.123046875	(8.7s)
epoch: 2	train loss: 23817.966796875	(8.8s)
epoch: 3	train loss: 23120.462890625	(8.8s)
epoch: 4	train loss: 22648.9921875	(8.8s)
epoch: 5	train loss: 22246.947265625	(8.8s)
epoch: 6	train loss: 22309.791015625	(8.8s)
epoch: 7	train loss: 22272.677734375	(8.8s)
epoch: 8	train loss: 21700.458984375	(8.8s)
epoch: 9	train loss: 21457.443359375	(8.8s)
epoch: 10	train loss: 21213.552734375	(8.8s)
epoch: 11	train loss: 21421.28515625	(8.8s)
epoch: 12	train loss: 21380.080078125	(8.8s)
epoch: 13	train loss: 21065.60546875	(8.8s)
epoch: 14	train loss: 20976.3671875	(8.8s)
epoch: 15	train loss: 20998.2109375	(8.8s)
epoch: 16	train loss: 20439.603515625	(8.8s)
epoch: 17	train loss: 20256.072265625	(8.8s)
epoch: 18	train loss: 20402.326171875	(8.8s)
epoch: 19	train loss: 20460.3125	(8.8s)
epoch: 20	train loss: 21488.275390625	(8.8s)
epoch: 21	train loss: 20451.94921875	(8.7s)
epoch: 22	train loss: 20078.05859375	(8.8s)
epoch: 23	train loss: 20266.251953125	(8.8s)
epoch: 24	train loss: 20009.78125	(8.8s)
epoch: 25	train loss: 19720.10546875	(8.7s)
epoch: 26	train loss: 19878.123046875	(8.8s)
epoch: 27	train loss: 19750.607421875	(8.8s)
epoch: 28	train loss: 19833.765625	(8.8s)
epoch: 29	train loss: 19580.08203125	(8.7s)
epoch: 30	train loss: 19603.970703125	(8.8s)
epoch: 31	train loss: 19574.576171875	(8.8s)
epoch: 32	train loss: 19699.705078125	(8.8s)
epoch: 33	train loss: 20307.177734375	(8.8s)
epoch: 34	train loss: 19564.392578125	(8.8s)
epoch: 35	train loss: 19228.86328125	(8.7s)
epoch: 36	train loss: 19264.322265625	(8.7s)
epoch: 37	train loss: 19023.59765625	(8.8s)
epoch: 38	train loss: 19452.98828125	(8.8s)
epoch: 39	train loss: 18979.525390625	(8.8s)
epoch: 40	train loss: 18973.509765625	(8.7s)
epoch: 41	train loss: 19010.23046875	(8.8s)
epoch: 42	train loss: 19285.982421875	(8.8s)
epoch: 43	train loss: 19308.8359375	(8.7s)
epoch: 44	train loss: 18734.109375	(8.8s)
epoch: 45	train loss: 18774.234375	(8.8s)
epoch: 46	train loss: 18962.373046875	(8.8s)
epoch: 47	train loss: 18889.107421875	(8.7s)
epoch: 48	train loss: 18876.650390625	(8.8s)
epoch: 49	train loss: 18740.955078125	(8.8s)
epoch: 50	train loss: 19153.32421875	(8.7s)
epoch: 51	train loss: 19633.541015625	(8.7s)
epoch: 52	train loss: 18576.431640625	(8.8s)
epoch: 53	train loss: 18371.046875	(8.8s)
epoch: 54	train loss: 18646.8671875	(8.8s)
epoch: 55	train loss: 18258.849609375	(8.8s)
epoch: 56	train loss: 18175.4375	(8.8s)
epoch: 57	train loss: 18212.5703125	(8.8s)
epoch: 58	train loss: 18769.740234375	(8.8s)
epoch: 59	train loss: 18354.51953125	(8.8s)
epoch: 60	train loss: 18957.048828125	(8.8s)
epoch: 61	train loss: 18191.76953125	(8.8s)
epoch: 62	train loss: 18228.125	(8.7s)
epoch: 63	train loss: 18019.015625	(8.8s)
epoch: 64	train loss: 17844.44921875	(8.8s)
epoch: 65	train loss: 18006.615234375	(8.8s)
epoch: 66	train loss: 18353.08984375	(8.8s)
epoch: 67	train loss: 18691.0390625	(8.8s)
epoch: 68	train loss: 17675.986328125	(8.8s)
epoch: 69	train loss: 17699.935546875	(8.8s)
epoch: 70	train loss: 17644.09375	(8.8s)
epoch: 71	train loss: 18748.1953125	(8.8s)
epoch: 72	train loss: 17863.744140625	(8.8s)
epoch: 73	train loss: 17816.3984375	(8.7s)
epoch: 74	train loss: 17765.111328125	(8.8s)
epoch: 75	train loss: 17432.43359375	(8.8s)
epoch: 76	train loss: 17555.3359375	(8.8s)
epoch: 77	train loss: 17648.529296875	(8.8s)
epoch: 78	train loss: 17907.130859375	(8.8s)
epoch: 79	train loss: 17556.736328125	(8.8s)
epoch: 80	train loss: 17439.02734375	(8.7s)
epoch: 81	train loss: 17407.1484375	(8.8s)
epoch: 82	train loss: 17391.78125	(8.8s)
epoch: 83	train loss: 17172.4140625	(8.8s)
epoch: 84	train loss: 17189.333984375	(8.8s)
epoch: 85	train loss: 17147.541015625	(8.8s)
epoch: 86	train loss: 19031.837890625	(8.8s)
epoch: 87	train loss: 17673.32421875	(8.8s)
epoch: 88	train loss: 17040.16015625	(8.8s)
epoch: 89	train loss: 17144.587890625	(8.8s)
epoch: 90	train loss: 18274.51171875	(8.8s)
epoch: 91	train loss: 18230.4609375	(8.8s)
epoch: 92	train loss: 17312.845703125	(8.7s)
epoch: 93	train loss: 17045.958984375	(8.8s)
epoch: 94	train loss: 16868.16015625	(8.8s)
epoch: 95	train loss: 16897.900390625	(8.8s)
epoch: 96	train loss: 16895.017578125	(8.8s)
epoch: 97	train loss: 17886.078125	(8.8s)
epoch: 98	train loss: 17104.87109375	(8.8s)
epoch: 99	train loss: 17217.822265625	(8.8s)
Evaluating model on 200 episodes
Solved 30/200 episodes
0.0
Evaluated model in 10.7 seconds
Saved model for run
f7bf5e75510144459a0914c3f8af824f with name round-14
Round 15
Generated trajectories in 69.5 seconds
epoch: 0	train loss: 26520.283203125	(8.6s)
epoch: 1	train loss: 23921.21484375	(8.6s)
epoch: 2	train loss: 23139.119140625	(8.6s)
epoch: 3	train loss: 22440.1640625	(8.6s)
epoch: 4	train loss: 22071.173828125	(8.6s)
epoch: 5	train loss: 21493.4921875	(8.6s)
epoch: 6	train loss: 21509.80859375	(8.6s)
epoch: 7	train loss: 21662.578125	(8.6s)
epoch: 8	train loss: 21164.5703125	(8.6s)
epoch: 9	train loss: 20859.728515625	(8.6s)
epoch: 10	train loss: 20550.474609375	(8.6s)
epoch: 11	train loss: 20373.73828125	(8.6s)
epoch: 12	train loss: 20478.126953125	(8.6s)
epoch: 13	train loss: 20414.419921875	(8.6s)
epoch: 14	train loss: 20651.208984375	(8.6s)
epoch: 15	train loss: 20040.9921875	(8.6s)
epoch: 16	train loss: 20240.4765625	(8.7s)
epoch: 17	train loss: 19979.240234375	(8.6s)
epoch: 18	train loss: 19737.455078125	(8.6s)
epoch: 19	train loss: 19598.23046875	(8.7s)
epoch: 20	train loss: 20687.73828125	(8.6s)
epoch: 21	train loss: 19606.130859375	(8.6s)
epoch: 22	train loss: 19647.435546875	(8.6s)
epoch: 23	train loss: 19416.990234375	(8.6s)
epoch: 24	train loss: 19156.0625	(8.6s)
epoch: 25	train loss: 18796.4375	(8.6s)
epoch: 26	train loss: 19116.015625	(8.6s)
epoch: 27	train loss: 19931.123046875	(8.7s)
epoch: 28	train loss: 19285.58984375	(8.6s)
epoch: 29	train loss: 18830.83984375	(8.6s)
epoch: 30	train loss: 18858.775390625	(8.6s)
epoch: 31	train loss: 18433.947265625	(8.7s)
epoch: 32	train loss: 18910.689453125	(8.6s)
epoch: 33	train loss: 18922.826171875	(8.6s)
epoch: 34	train loss: 18344.607421875	(8.6s)
epoch: 35	train loss: 18399.423828125	(8.7s)
epoch: 36	train loss: 18409.82421875	(8.6s)
epoch: 37	train loss: 19470.453125	(8.6s)
epoch: 38	train loss: 18686.703125	(8.6s)
epoch: 39	train loss: 18594.2109375	(8.6s)
epoch: 40	train loss: 18504.509765625	(8.6s)
epoch: 41	train loss: 18002.501953125	(8.6s)
epoch: 42	train loss: 17837.1015625	(8.7s)
epoch: 43	train loss: 17950.154296875	(8.6s)
epoch: 44	train loss: 17793.271484375	(8.6s)
epoch: 45	train loss: 17676.64453125	(8.6s)
epoch: 46	train loss: 18103.443359375	(8.6s)
epoch: 47	train loss: 18272.26953125	(8.6s)
epoch: 48	train loss: 17994.5546875	(8.6s)
epoch: 49	train loss: 17572.04296875	(8.6s)
epoch: 50	train loss: 17580.255859375	(8.6s)
epoch: 51	train loss: 17814.970703125	(8.6s)
epoch: 52	train loss: 17577.27734375	(8.6s)
epoch: 53	train loss: 17710.33984375	(8.6s)
epoch: 54	train loss: 17707.015625	(8.6s)
epoch: 55	train loss: 17663.48828125	(8.6s)
epoch: 56	train loss: 17203.93359375	(8.6s)
epoch: 57	train loss: 17616.09765625	(8.6s)
epoch: 58	train loss: 18969.5	(8.6s)
epoch: 59	train loss: 17423.564453125	(8.6s)
epoch: 60	train loss: 16949.25	(8.6s)
epoch: 61	train loss: 16870.388671875	(8.6s)
epoch: 62	train loss: 17004.7890625	(8.6s)
epoch: 63	train loss: 17552.51953125	(8.6s)
epoch: 64	train loss: 16971.029296875	(8.6s)
epoch: 65	train loss: 17214.40625	(8.6s)
epoch: 66	train loss: 17686.90234375	(8.6s)
epoch: 67	train loss: 17466.05859375	(8.6s)
epoch: 68	train loss: 17510.44140625	(8.6s)
epoch: 69	train loss: 17750.466796875	(8.6s)
epoch: 70	train loss: 16807.4609375	(8.6s)
epoch: 71	train loss: 16922.533203125	(8.6s)
epoch: 72	train loss: 16606.8515625	(8.6s)
epoch: 73	train loss: 16643.123046875	(8.6s)
epoch: 74	train loss: 16586.65625	(8.6s)
epoch: 75	train loss: 16719.4453125	(8.6s)
epoch: 76	train loss: 16813.45703125	(8.6s)
epoch: 77	train loss: 17143.9140625	(8.6s)
epoch: 78	train loss: 17094.984375	(8.6s)
epoch: 79	train loss: 17142.369140625	(8.6s)
epoch: 80	train loss: 16972.751953125	(8.6s)
epoch: 81	train loss: 16466.263671875	(8.6s)
epoch: 82	train loss: 17317.939453125	(8.6s)
epoch: 83	train loss: 17777.662109375	(8.6s)
epoch: 84	train loss: 16589.642578125	(8.6s)
epoch: 85	train loss: 16509.24609375	(8.6s)
epoch: 86	train loss: 16477.044921875	(8.6s)
epoch: 87	train loss: 16436.880859375	(8.6s)
epoch: 88	train loss: 16359.2490234375	(8.7s)
epoch: 89	train loss: 17155.560546875	(8.6s)
epoch: 90	train loss: 16409.68359375	(8.6s)
epoch: 91	train loss: 16382.8466796875	(8.6s)
epoch: 92	train loss: 16980.44140625	(8.6s)
epoch: 93	train loss: 16280.8056640625	(8.7s)
epoch: 94	train loss: 18896.294921875	(8.6s)
epoch: 95	train loss: 16603.619140625	(8.6s)
epoch: 96	train loss: 16210.1884765625	(8.6s)
epoch: 97	train loss: 16825.662109375	(8.6s)
epoch: 98	train loss: 16170.0908203125	(8.6s)
epoch: 99	train loss: 15992.931640625	(8.6s)
Evaluating model on 200 episodes
Solved 48/200 episodes
0.0
Evaluated model in 11.1 seconds
Saved model for run
f7bf5e75510144459a0914c3f8af824f with name round-15
Round 16
Generated trajectories in 70.0 seconds
epoch: 0	train loss: 27190.94140625	(8.7s)
epoch: 1	train loss: 24438.14453125	(8.6s)
epoch: 2	train loss: 23630.947265625	(8.6s)
epoch: 3	train loss: 22808.29296875	(8.6s)
epoch: 4	train loss: 22425.345703125	(8.6s)
epoch: 5	train loss: 22161.033203125	(8.6s)
epoch: 6	train loss: 21775.197265625	(8.6s)
epoch: 7	train loss: 21584.51171875	(8.7s)
epoch: 8	train loss: 21182.095703125	(8.7s)
epoch: 9	train loss: 21202.197265625	(8.7s)
epoch: 10	train loss: 21370.4765625	(8.6s)
epoch: 11	train loss: 20902.1640625	(8.7s)
epoch: 12	train loss: 20589.40234375	(8.7s)
epoch: 13	train loss: 20472.244140625	(8.7s)
epoch: 14	train loss: 20809.103515625	(8.6s)
epoch: 15	train loss: 20417.556640625	(8.7s)
epoch: 16	train loss: 20319.744140625	(8.7s)
epoch: 17	train loss: 20095.2109375	(8.6s)
epoch: 18	train loss: 20165.814453125	(8.6s)
epoch: 19	train loss: 20154.892578125	(8.7s)
epoch: 20	train loss: 20591.0390625	(8.6s)
epoch: 21	train loss: 20223.234375	(8.7s)
epoch: 22	train loss: 19898.833984375	(8.7s)
epoch: 23	train loss: 20043.892578125	(8.7s)
epoch: 24	train loss: 20196.98828125	(8.6s)
epoch: 25	train loss: 19653.77734375	(8.7s)
epoch: 26	train loss: 19720.732421875	(8.7s)
epoch: 27	train loss: 19395.103515625	(8.7s)
epoch: 28	train loss: 19413.580078125	(8.7s)
epoch: 29	train loss: 19559.1953125	(8.7s)
epoch: 30	train loss: 20051.5078125	(8.7s)
epoch: 31	train loss: 19378.4296875	(8.7s)
epoch: 32	train loss: 19294.92578125	(8.7s)
epoch: 33	train loss: 18764.7890625	(8.7s)
epoch: 34	train loss: 18698.23046875	(8.7s)
epoch: 35	train loss: 18797.490234375	(8.8s)
epoch: 36	train loss: 18868.470703125	(8.7s)
epoch: 37	train loss: 19089.216796875	(8.7s)
epoch: 38	train loss: 18918.771484375	(8.7s)
epoch: 39	train loss: 18708.681640625	(8.7s)
epoch: 40	train loss: 19249.607421875	(8.7s)
epoch: 41	train loss: 18663.73046875	(8.7s)
epoch: 42	train loss: 18599.251953125	(8.7s)
epoch: 43	train loss: 18846.177734375	(8.7s)
epoch: 44	train loss: 18618.921875	(8.7s)
epoch: 45	train loss: 18677.498046875	(8.7s)
epoch: 46	train loss: 18123.296875	(8.7s)
epoch: 47	train loss: 18007.205078125	(8.7s)
epoch: 48	train loss: 18379.93359375	(8.7s)
epoch: 49	train loss: 18951.390625	(8.7s)
epoch: 50	train loss: 18657.546875	(8.7s)
epoch: 51	train loss: 18108.0859375	(8.7s)
epoch: 52	train loss: 17770.927734375	(8.7s)
epoch: 53	train loss: 17761.044921875	(8.7s)
epoch: 54	train loss: 18217.203125	(8.7s)
epoch: 55	train loss: 17984.55859375	(8.7s)
epoch: 56	train loss: 18202.177734375	(8.7s)
epoch: 57	train loss: 17651.20703125	(8.7s)
epoch: 58	train loss: 17858.8515625	(8.7s)
epoch: 59	train loss: 17639.625	(8.7s)
epoch: 60	train loss: 17578.65234375	(8.7s)
epoch: 61	train loss: 17686.8125	(8.7s)
epoch: 62	train loss: 17597.025390625	(8.7s)
epoch: 63	train loss: 17678.216796875	(8.7s)
epoch: 64	train loss: 17938.01953125	(8.7s)
epoch: 65	train loss: 17689.873046875	(8.7s)
epoch: 66	train loss: 17682.767578125	(8.7s)
epoch: 67	train loss: 17641.015625	(8.7s)
epoch: 68	train loss: 17644.064453125	(8.7s)
epoch: 69	train loss: 17508.26953125	(8.7s)
epoch: 70	train loss: 17322.9453125	(8.7s)
epoch: 71	train loss: 17715.640625	(8.7s)
epoch: 72	train loss: 18546.21484375	(8.7s)
epoch: 73	train loss: 17596.14453125	(8.7s)
epoch: 74	train loss: 17371.08984375	(8.7s)
epoch: 75	train loss: 17860.9453125	(8.7s)
epoch: 76	train loss: 17029.953125	(8.7s)
epoch: 77	train loss: 17250.23828125	(8.7s)
epoch: 78	train loss: 17394.306640625	(8.7s)
epoch: 79	train loss: 17043.158203125	(8.7s)
epoch: 80	train loss: 17691.955078125	(8.7s)
epoch: 81	train loss: 17093.623046875	(8.7s)
epoch: 82	train loss: 17282.91796875	(8.7s)
epoch: 83	train loss: 17182.56640625	(8.7s)
epoch: 84	train loss: 17063.28515625	(8.7s)
epoch: 85	train loss: 17109.87890625	(8.7s)
epoch: 86	train loss: 17053.4453125	(8.7s)
epoch: 87	train loss: 17079.966796875	(8.7s)
epoch: 88	train loss: 17257.12890625	(8.7s)
epoch: 89	train loss: 17850.98046875	(8.7s)
epoch: 90	train loss: 17227.955078125	(8.7s)
epoch: 91	train loss: 17576.16015625	(8.7s)
epoch: 92	train loss: 17232.201171875	(8.7s)
epoch: 93	train loss: 16649.85546875	(8.7s)
epoch: 94	train loss: 16767.095703125	(8.7s)
epoch: 95	train loss: 16926.072265625	(8.7s)
epoch: 96	train loss: 16981.099609375	(8.7s)
epoch: 97	train loss: 17328.33984375	(8.7s)
epoch: 98	train loss: 17411.2265625	(8.7s)
epoch: 99	train loss: 17389.68359375	(8.7s)
Evaluating model on 200 episodes
Solved 31/200 episodes
0.0
Evaluated model in 12.1 seconds
Saved model for run
f7bf5e75510144459a0914c3f8af824f with name round-16
Round 17
Generated trajectories in 72.4 seconds
epoch: 0	train loss: 26517.3671875	(8.8s)
epoch: 1	train loss: 24139.92578125	(8.7s)
epoch: 2	train loss: 23321.25390625	(8.8s)
epoch: 3	train loss: 22849.46484375	(8.8s)
epoch: 4	train loss: 22340.31640625	(8.8s)
epoch: 5	train loss: 21751.525390625	(8.8s)
epoch: 6	train loss: 21644.9921875	(8.8s)
epoch: 7	train loss: 21407.123046875	(8.8s)
epoch: 8	train loss: 21434.4375	(8.8s)
epoch: 9	train loss: 21397.455078125	(8.8s)
epoch: 10	train loss: 21058.7265625	(8.8s)
epoch: 11	train loss: 20825.44921875	(8.8s)
epoch: 12	train loss: 20683.494140625	(8.8s)
epoch: 13	train loss: 25410.3515625	(8.8s)
epoch: 14	train loss: 21256.220703125	(8.8s)
epoch: 15	train loss: 20439.05078125	(8.8s)
epoch: 16	train loss: 20037.2578125	(8.8s)
epoch: 17	train loss: 20036.4296875	(8.8s)
epoch: 18	train loss: 19868.490234375	(8.8s)
epoch: 19	train loss: 19886.5	(8.8s)
epoch: 20	train loss: 19657.060546875	(8.8s)
epoch: 21	train loss: 19610.31640625	(8.8s)
epoch: 22	train loss: 21981.466796875	(8.8s)
epoch: 23	train loss: 20229.130859375	(8.8s)
epoch: 24	train loss: 19586.240234375	(8.8s)
epoch: 25	train loss: 19330.271484375	(8.8s)
epoch: 26	train loss: 19060.69921875	(8.8s)
epoch: 27	train loss: 19844.62109375	(8.8s)
epoch: 28	train loss: 19476.2890625	(8.8s)
epoch: 29	train loss: 19267.005859375	(8.8s)
epoch: 30	train loss: 18875.82421875	(8.8s)
epoch: 31	train loss: 19158.166015625	(8.8s)
epoch: 32	train loss: 19231.421875	(8.8s)
epoch: 33	train loss: 18819.90234375	(8.8s)
epoch: 34	train loss: 18533.91796875	(8.8s)
epoch: 35	train loss: 18348.55078125	(8.8s)
epoch: 36	train loss: 18626.935546875	(8.8s)
epoch: 37	train loss: 18658.767578125	(8.8s)
epoch: 38	train loss: 18698.998046875	(8.8s)
epoch: 39	train loss: 19098.876953125	(8.8s)
epoch: 40	train loss: 18493.0078125	(8.8s)
epoch: 41	train loss: 18043.205078125	(8.8s)
epoch: 42	train loss: 18133.591796875	(8.8s)
epoch: 43	train loss: 18406.193359375	(8.8s)
epoch: 44	train loss: 18223.9765625	(8.8s)
epoch: 45	train loss: 18185.787109375	(8.8s)
epoch: 46	train loss: 18191.78125	(8.8s)
epoch: 47	train loss: 18418.06640625	(8.8s)
epoch: 48	train loss: 18077.341796875	(8.8s)
epoch: 49	train loss: 17689.986328125	(8.8s)
epoch: 50	train loss: 18958.712890625	(8.8s)
epoch: 51	train loss: 18373.384765625	(8.8s)
epoch: 52	train loss: 17641.462890625	(8.8s)
epoch: 53	train loss: 17780.76953125	(8.8s)
epoch: 54	train loss: 17717.826171875	(8.8s)
epoch: 55	train loss: 17500.787109375	(8.8s)
epoch: 56	train loss: 17555.4453125	(8.8s)
epoch: 57	train loss: 17809.58203125	(8.8s)
epoch: 58	train loss: 17390.501953125	(8.8s)
epoch: 59	train loss: 17757.728515625	(8.8s)
epoch: 60	train loss: 17632.884765625	(8.8s)
epoch: 61	train loss: 18062.41796875	(8.8s)
epoch: 62	train loss: 18800.673828125	(8.8s)
epoch: 63	train loss: 17904.0	(8.8s)
epoch: 64	train loss: 17143.029296875	(8.8s)
epoch: 65	train loss: 17160.734375	(8.8s)
epoch: 66	train loss: 17446.8671875	(8.8s)
epoch: 67	train loss: 17280.970703125	(8.8s)
epoch: 68	train loss: 17219.3046875	(8.8s)
epoch: 69	train loss: 17122.931640625	(8.8s)
epoch: 70	train loss: 17107.169921875	(8.8s)
epoch: 71	train loss: 18192.5625	(8.8s)
epoch: 72	train loss: 17485.9609375	(8.8s)
epoch: 73	train loss: 17240.388671875	(8.8s)
epoch: 74	train loss: 16630.595703125	(8.8s)
epoch: 75	train loss: 16608.353515625	(8.8s)
epoch: 76	train loss: 16624.23828125	(8.8s)
epoch: 77	train loss: 16449.982421875	(8.8s)
epoch: 78	train loss: 16613.08984375	(8.8s)
epoch: 79	train loss: 17111.4921875	(8.8s)
epoch: 80	train loss: 17578.23828125	(8.8s)
epoch: 81	train loss: 16916.654296875	(8.8s)
epoch: 82	train loss: 17293.30078125	(8.8s)
epoch: 83	train loss: 16626.2890625	(8.8s)
epoch: 84	train loss: 16583.125	(8.8s)
epoch: 85	train loss: 17083.986328125	(8.8s)
epoch: 86	train loss: 16888.63671875	(8.8s)
epoch: 87	train loss: 16678.923828125	(8.8s)
epoch: 88	train loss: 16431.91796875	(8.8s)
epoch: 89	train loss: 16269.6767578125	(8.8s)
epoch: 90	train loss: 17081.28515625	(8.8s)
epoch: 91	train loss: 16754.931640625	(8.8s)
epoch: 92	train loss: 16611.060546875	(8.8s)
epoch: 93	train loss: 16311.1494140625	(8.8s)
epoch: 94	train loss: 16335.5166015625	(8.8s)
epoch: 95	train loss: 16118.3916015625	(8.8s)
epoch: 96	train loss: 17294.6328125	(8.8s)
epoch: 97	train loss: 16335.6689453125	(8.8s)
epoch: 98	train loss: 16905.3671875	(8.8s)
epoch: 99	train loss: 16896.783203125	(8.8s)
Evaluating model on 200 episodes
Solved 44/200 episodes
0.0
Evaluated model in 10.2 seconds
Saved model for run
f7bf5e75510144459a0914c3f8af824f with name round-17
Round 18
Generated trajectories in 72.0 seconds
epoch: 0	train loss: 26765.708984375	(8.7s)
epoch: 1	train loss: 24037.921875	(8.7s)
epoch: 2	train loss: 23194.8203125	(8.7s)
epoch: 3	train loss: 22495.6640625	(8.7s)
epoch: 4	train loss: 22172.263671875	(8.7s)
epoch: 5	train loss: 21899.017578125	(8.7s)
epoch: 6	train loss: 21511.52734375	(8.8s)
epoch: 7	train loss: 21205.15625	(8.8s)
epoch: 8	train loss: 21136.0625	(8.8s)
epoch: 9	train loss: 21039.72265625	(8.7s)
epoch: 10	train loss: 20829.75390625	(8.8s)
epoch: 11	train loss: 20648.087890625	(8.8s)
epoch: 12	train loss: 20352.9140625	(8.7s)
epoch: 13	train loss: 20467.4296875	(8.8s)
epoch: 14	train loss: 20579.849609375	(8.8s)
epoch: 15	train loss: 20238.197265625	(8.8s)
epoch: 16	train loss: 19934.48828125	(8.8s)
epoch: 17	train loss: 19892.966796875	(8.8s)
epoch: 18	train loss: 19594.080078125	(8.8s)
epoch: 19	train loss: 19659.8046875	(8.7s)
epoch: 20	train loss: 19460.681640625	(8.7s)
epoch: 21	train loss: 19474.947265625	(8.8s)
epoch: 22	train loss: 19736.916015625	(8.8s)
epoch: 23	train loss: 19539.98046875	(8.8s)
epoch: 24	train loss: 19188.599609375	(8.7s)
epoch: 25	train loss: 19257.09765625	(8.8s)
epoch: 26	train loss: 19133.138671875	(8.8s)
epoch: 27	train loss: 18771.923828125	(8.7s)
epoch: 28	train loss: 18844.236328125	(8.7s)
epoch: 29	train loss: 20141.8203125	(8.8s)
epoch: 30	train loss: 18739.458984375	(8.8s)
epoch: 31	train loss: 18792.6640625	(8.8s)
epoch: 32	train loss: 18654.359375	(8.8s)
epoch: 33	train loss: 18214.583984375	(8.8s)
epoch: 34	train loss: 18411.3046875	(8.8s)
epoch: 35	train loss: 18355.228515625	(8.7s)
epoch: 36	train loss: 18247.310546875	(8.8s)
epoch: 37	train loss: 18321.60546875	(8.8s)
epoch: 38	train loss: 18832.55859375	(8.8s)
epoch: 39	train loss: 18409.65234375	(8.8s)
epoch: 40	train loss: 18281.330078125	(8.8s)
epoch: 41	train loss: 18210.646484375	(8.8s)
epoch: 42	train loss: 18290.060546875	(8.7s)
epoch: 43	train loss: 18486.12890625	(8.7s)
epoch: 44	train loss: 17995.1015625	(8.8s)
epoch: 45	train loss: 17821.77734375	(8.8s)
epoch: 46	train loss: 17992.1015625	(8.8s)
epoch: 47	train loss: 18096.642578125	(8.7s)
epoch: 48	train loss: 17988.431640625	(8.8s)
epoch: 49	train loss: 18029.01953125	(8.8s)
epoch: 50	train loss: 17454.595703125	(8.7s)
epoch: 51	train loss: 17305.12890625	(8.8s)
epoch: 52	train loss: 17229.55859375	(8.8s)
epoch: 53	train loss: 17370.294921875	(8.8s)
epoch: 54	train loss: 17500.142578125	(8.8s)
epoch: 55	train loss: 17165.9453125	(8.8s)
epoch: 56	train loss: 17404.744140625	(8.8s)
epoch: 57	train loss: 17147.29296875	(8.7s)
epoch: 58	train loss: 17412.96484375	(8.7s)
epoch: 59	train loss: 17256.826171875	(8.8s)
epoch: 60	train loss: 18302.951171875	(8.8s)
epoch: 61	train loss: 17225.396484375	(8.8s)
epoch: 62	train loss: 17039.189453125	(8.8s)
epoch: 63	train loss: 17150.13671875	(8.8s)
epoch: 64	train loss: 17837.986328125	(8.8s)
epoch: 65	train loss: 17705.625	(8.7s)
epoch: 66	train loss: 17382.05859375	(8.8s)
epoch: 67	train loss: 16789.232421875	(8.8s)
epoch: 68	train loss: 16583.84765625	(8.8s)
epoch: 69	train loss: 16664.626953125	(8.8s)
epoch: 70	train loss: 16844.826171875	(8.8s)
epoch: 71	train loss: 17726.42578125	(8.8s)
epoch: 72	train loss: 17236.74609375	(8.8s)
epoch: 73	train loss: 17331.44140625	(8.7s)
epoch: 74	train loss: 16776.5625	(8.8s)
epoch: 75	train loss: 16414.880859375	(8.8s)
epoch: 76	train loss: 16149.337890625	(8.8s)
epoch: 77	train loss: 16186.62109375	(8.7s)
epoch: 78	train loss: 18900.28515625	(8.8s)
epoch: 79	train loss: 17245.27734375	(8.8s)
epoch: 80	train loss: 16785.572265625	(8.7s)
epoch: 81	train loss: 16588.806640625	(8.8s)
epoch: 82	train loss: 16301.5986328125	(8.8s)
epoch: 83	train loss: 16515.09765625	(8.8s)
epoch: 84	train loss: 16173.005859375	(8.8s)
epoch: 85	train loss: 16176.2763671875	(8.7s)
epoch: 86	train loss: 16316.03125	(8.8s)
epoch: 87	train loss: 15992.9541015625	(8.8s)
epoch: 88	train loss: 16137.845703125	(8.7s)
epoch: 89	train loss: 15788.5390625	(8.8s)
epoch: 90	train loss: 16246.0322265625	(8.8s)
epoch: 91	train loss: 16481.05078125	(8.8s)
epoch: 92	train loss: 16491.14453125	(8.8s)
epoch: 93	train loss: 16299.380859375	(8.8s)
epoch: 94	train loss: 16520.61328125	(8.8s)
epoch: 95	train loss: 18769.341796875	(8.8s)
epoch: 96	train loss: 16397.296875	(8.7s)
epoch: 97	train loss: 17458.37890625	(8.8s)
epoch: 98	train loss: 16485.642578125	(8.8s)
epoch: 99	train loss: 15930.4521484375	(8.8s)
Evaluating model on 200 episodes
Solved 33/200 episodes
0.0
Evaluated model in 9.8 seconds
Saved model for run
f7bf5e75510144459a0914c3f8af824f with name round-18
Round 19
Generated trajectories in 72.0 seconds
epoch: 0	train loss: 26393.05859375	(8.8s)
epoch: 1	train loss: 23793.45703125	(8.7s)
epoch: 2	train loss: 22656.275390625	(8.8s)
epoch: 3	train loss: 21983.86328125	(8.8s)
epoch: 4	train loss: 21557.861328125	(8.8s)
epoch: 5	train loss: 21234.990234375	(8.8s)
epoch: 6	train loss: 21208.345703125	(8.8s)
epoch: 7	train loss: 20800.935546875	(8.8s)
epoch: 8	train loss: 20771.39453125	(8.8s)
epoch: 9	train loss: 20578.544921875	(8.8s)
epoch: 10	train loss: 20381.3984375	(8.8s)
epoch: 11	train loss: 20241.611328125	(8.8s)
epoch: 12	train loss: 21189.859375	(8.8s)
epoch: 13	train loss: 20124.359375	(8.8s)
epoch: 14	train loss: 19851.294921875	(8.8s)
epoch: 15	train loss: 19582.4765625	(8.8s)
epoch: 16	train loss: 19923.375	(8.8s)
epoch: 17	train loss: 19928.333984375	(8.8s)
epoch: 18	train loss: 19632.720703125	(8.8s)
epoch: 19	train loss: 19498.736328125	(8.8s)
epoch: 20	train loss: 18919.69140625	(8.8s)
epoch: 21	train loss: 19120.84375	(8.8s)
epoch: 22	train loss: 19083.751953125	(8.8s)
epoch: 23	train loss: 18955.197265625	(8.8s)
epoch: 24	train loss: 18907.67578125	(8.8s)
epoch: 25	train loss: 18588.85546875	(8.8s)
epoch: 26	train loss: 19108.775390625	(8.8s)
epoch: 27	train loss: 18741.365234375	(8.8s)
epoch: 28	train loss: 18404.638671875	(8.8s)
epoch: 29	train loss: 18311.462890625	(8.8s)
epoch: 30	train loss: 19372.744140625	(8.8s)
epoch: 31	train loss: 18846.94140625	(8.8s)
epoch: 32	train loss: 18187.673828125	(8.8s)
epoch: 33	train loss: 18147.453125	(8.8s)
epoch: 34	train loss: 18054.64453125	(8.8s)
epoch: 35	train loss: 17807.30859375	(8.8s)
epoch: 36	train loss: 18044.716796875	(8.8s)
epoch: 37	train loss: 18035.19921875	(8.8s)
epoch: 38	train loss: 18617.91015625	(8.8s)
epoch: 39	train loss: 21281.04296875	(8.8s)
epoch: 40	train loss: 18357.01953125	(8.8s)
epoch: 41	train loss: 17811.58984375	(8.8s)
epoch: 42	train loss: 17739.974609375	(8.8s)
epoch: 43	train loss: 17473.921875	(8.8s)
epoch: 44	train loss: 17369.2421875	(8.8s)
epoch: 45	train loss: 17658.859375	(8.8s)
epoch: 46	train loss: 17194.642578125	(8.8s)
epoch: 47	train loss: 17630.578125	(8.8s)
epoch: 48	train loss: 17134.263671875	(8.8s)
epoch: 49	train loss: 17326.626953125	(8.8s)
epoch: 50	train loss: 16960.87109375	(8.8s)
epoch: 51	train loss: 17577.923828125	(8.8s)
epoch: 52	train loss: 16999.66015625	(8.8s)
epoch: 53	train loss: 17721.3359375	(8.8s)
epoch: 54	train loss: 17320.58203125	(8.8s)
epoch: 55	train loss: 16867.849609375	(8.8s)
epoch: 56	train loss: 17843.974609375	(8.8s)
epoch: 57	train loss: 16811.9609375	(8.8s)
epoch: 58	train loss: 16832.19921875	(8.8s)
epoch: 59	train loss: 16323.24609375	(8.8s)
epoch: 60	train loss: 16311.63671875	(8.8s)
epoch: 61	train loss: 16453.1484375	(8.8s)
epoch: 62	train loss: 16974.396484375	(8.8s)
epoch: 63	train loss: 16707.958984375	(8.8s)
epoch: 64	train loss: 16694.072265625	(8.8s)
epoch: 65	train loss: 16882.82421875	(8.8s)
epoch: 66	train loss: 16851.75390625	(8.8s)
epoch: 67	train loss: 17540.830078125	(8.8s)
epoch: 68	train loss: 17115.478515625	(8.8s)
epoch: 69	train loss: 16752.04296875	(8.8s)
epoch: 70	train loss: 16904.5859375	(8.8s)
epoch: 71	train loss: 16433.14453125	(8.8s)
epoch: 72	train loss: 17240.35546875	(8.8s)
epoch: 73	train loss: 16798.1171875	(8.8s)
epoch: 74	train loss: 16190.083984375	(8.8s)
epoch: 75	train loss: 15789.884765625	(8.8s)
epoch: 76	train loss: 16293.533203125	(8.8s)
epoch: 77	train loss: 16125.7470703125	(8.8s)
epoch: 78	train loss: 16204.0859375	(8.8s)
epoch: 79	train loss: 16387.462890625	(8.8s)
epoch: 80	train loss: 15846.2265625	(8.8s)
epoch: 81	train loss: 15803.603515625	(8.8s)
epoch: 82	train loss: 17625.20703125	(8.8s)
epoch: 83	train loss: 16354.5859375	(8.8s)
epoch: 84	train loss: 16114.595703125	(8.8s)
epoch: 85	train loss: 16006.0322265625	(8.8s)
epoch: 86	train loss: 16146.283203125	(8.8s)
epoch: 87	train loss: 16889.48828125	(8.8s)
epoch: 88	train loss: 16196.2470703125	(8.8s)
epoch: 89	train loss: 16969.865234375	(8.8s)
epoch: 90	train loss: 16383.0205078125	(8.8s)
epoch: 91	train loss: 16164.072265625	(8.8s)
epoch: 92	train loss: 16620.5625	(8.8s)
epoch: 93	train loss: 16177.65234375	(8.8s)
epoch: 94	train loss: 15774.69921875	(8.8s)
epoch: 95	train loss: 16822.771484375	(8.8s)
epoch: 96	train loss: 16086.88671875	(8.8s)
epoch: 97	train loss: 15710.1875	(8.8s)
epoch: 98	train loss: 15787.4287109375	(8.8s)
epoch: 99	train loss: 16086.10546875	(8.8s)
Evaluating model on 200 episodes
Solved 33/200 episodes
0.0
Evaluated model in 10.3 seconds
Saved model for run
f7bf5e75510144459a0914c3f8af824f with name round-19
Completed training in 19212.4 seconds
Solved 35/200 episodes
Solved 35/200 episodes
Solved 31/200 episodes
Solved 35/200 episodes
Solved 27/200 episodes
Solved 31/200 episodes
Solved 40/200 episodes
Solved 37/200 episodes
Solved 38/200 episodes
Solved 33/200 episodes
Solved 36/200 episodes
Solved 28/200 episodes
Solved 31/200 episodes
Solved 35/200 episodes
Solved 30/200 episodes
Solved 48/200 episodes
Solved 31/200 episodes
Solved 44/200 episodes
Solved 33/200 episodes
Solved 33/200 episodes
