Starting run:
b100257d5a214950a5002b86ed7ae7a2
params: {'n': 20000, 'lr': 0.0008, 'epochs': 200, 'batch_size': 10, 'b': 10, 'cc_weight': 1.0, 'abstract_pen': 0.0, 'hmm': False, 'homo': False, 'sv': True, 'save_every': False, 'test_every': 10, 'num_test': 200, 'no_log': True, 'disk_data': False, 'no_outer': True, 'model_type': 'sv', 'device': 'NVIDIA TITAN Xp', 'id': 'b100257d5a214950a5002b86ed7ae7a2'}
train
Evaluating model on 200 episodes
Solved 43/200 episodes
Epoch 0	 test acc 0.215
Evaluating model on 200 episodes
Solved 40/200 episodes
Epoch 10	 test acc 0.2
Evaluating model on 200 episodes
Solved 51/200 episodes
Epoch 20	 test acc 0.255
Evaluating model on 200 episodes
Solved 55/200 episodes
Epoch 30	 test acc 0.275
Evaluating model on 200 episodes
Solved 37/200 episodes
Epoch 40	 test acc 0.185
Evaluating model on 200 episodes
Solved 31/200 episodes
Epoch 50	 test acc 0.155
Evaluating model on 200 episodes
Solved 58/200 episodes
Epoch 60	 test acc 0.29
Evaluating model on 200 episodes
Solved 86/200 episodes
Epoch 70	 test acc 0.43
Evaluating model on 200 episodes
Solved 144/200 episodes
Epoch 80	 test acc 0.72
Evaluating model on 200 episodes
Solved 185/200 episodes
Epoch 90	 test acc 0.925
Evaluating model on 200 episodes
Solved 193/200 episodes
Epoch 100	 test acc 0.965
Evaluating model on 200 episodes
Solved 190/200 episodes
Epoch 110	 test acc 0.95
Evaluating model on 200 episodes
Solved 190/200 episodes
Epoch 120	 test acc 0.95
Evaluating model on 200 episodes
Solved 192/200 episodes
Epoch 130	 test acc 0.96
Evaluating model on 200 episodes
Solved 195/200 episodes
Epoch 140	 test acc 0.975
Evaluating model on 200 episodes
Solved 194/200 episodes
Epoch 150	 test acc 0.97
Evaluating model on 200 episodes
Solved 192/200 episodes
Epoch 160	 test acc 0.96
Evaluating model on 200 episodes
Solved 193/200 episodes
Epoch 170	 test acc 0.965
Evaluating model on 200 episodes
Solved 193/200 episodes
Epoch 180	 test acc 0.965
Evaluating model on 200 episodes
Solved 197/200 episodes
Epoch 190	 test acc 0.985
Saved model at models/b100257d5a214950a5002b86ed7ae7a2.pt
Completed training in 16973.2 seconds
Traceback (most recent call last):
  File "/home/sca63/abstraction/main.py", line 294, in <module>
    box_world.eval_options_model(net, env, n=50)
  File "/home/sca63/abstraction/main.py", line 278, in boxworld_main
    
  File "/home/sca63/abstraction/main.py", line 77, in train
    run['model'] = path
  File "/home/sca63/.conda/envs/gcsl/lib/python3.9/site-packages/mlflow/tracking/fluent.py", line 526, in log_metrics
    MlflowClient().log_batch(run_id=run_id, metrics=metrics_arr, params=[], tags=[])
  File "/home/sca63/.conda/envs/gcsl/lib/python3.9/site-packages/mlflow/tracking/client.py", line 918, in log_batch
    self._tracking_client.log_batch(run_id, metrics, params, tags)
  File "/home/sca63/.conda/envs/gcsl/lib/python3.9/site-packages/mlflow/tracking/_tracking_service/client.py", line 305, in log_batch
    _validate_metric(metric.key, metric.value, metric.timestamp, metric.step)
  File "/home/sca63/.conda/envs/gcsl/lib/python3.9/site-packages/mlflow/utils/validation.py", line 113, in _validate_metric
    raise MlflowException(
mlflow.exceptions.MlflowException: Got invalid value models/b100257d5a214950a5002b86ed7ae7a2.pt for metric 'final model path' (timestamp=1648109631116). Please specify value as a valid double (64-bit floating point)
