https://app.neptune.ai/simonalford42/abstraction/e/AB-95
Starting run:
e9b62f17e5444e2aa9740ffab5ab9ca7
params: {'n': 10000, 'lr': 0.0008, 'epochs': 200, 'batch_size': 10, 'b': 10, 'cc_weight': 1.0, 'abstract_pen': 0.0, 'hmm': False, 'homo': False, 'sv': True, 'save_every': False, 'test_every': 10, 'num_test': 200, 'no_log': False, 'disk_data': False, 'no_outer': True, 'model_type': 'sv', 'device': 'NVIDIA GeForce RTX 3090', 'id': 'e9b62f17e5444e2aa9740ffab5ab9ca7'}
train
Evaluating model on 200 episodes
Solved 41/200 episodes
Epoch 0	 test acc 0.205
Evaluating model on 200 episodes
Solved 44/200 episodes
Epoch 10	 test acc 0.22
Evaluating model on 200 episodes
Solved 65/200 episodes
Epoch 20	 test acc 0.325
Evaluating model on 200 episodes
Solved 45/200 episodes
Epoch 30	 test acc 0.225
Evaluating model on 200 episodes
Solved 38/200 episodes
Epoch 40	 test acc 0.19
Evaluating model on 200 episodes
Solved 32/200 episodes
Epoch 50	 test acc 0.16
Evaluating model on 200 episodes
Solved 34/200 episodes
Epoch 60	 test acc 0.17
Evaluating model on 200 episodes
Solved 67/200 episodes
Epoch 70	 test acc 0.335
Evaluating model on 200 episodes
Solved 113/200 episodes
Epoch 80	 test acc 0.565
Evaluating model on 200 episodes
Solved 147/200 episodes
Epoch 90	 test acc 0.735
Evaluating model on 200 episodes
Solved 145/200 episodes
Epoch 100	 test acc 0.725
Evaluating model on 200 episodes
Solved 157/200 episodes
Epoch 110	 test acc 0.785
Evaluating model on 200 episodes
Solved 189/200 episodes
Epoch 120	 test acc 0.945
Evaluating model on 200 episodes
Solved 195/200 episodes
Epoch 130	 test acc 0.975
Evaluating model on 200 episodes
Solved 198/200 episodes
Epoch 140	 test acc 0.99
Evaluating model on 200 episodes
Solved 195/200 episodes
Epoch 150	 test acc 0.975
Evaluating model on 200 episodes
Solved 199/200 episodes
Epoch 160	 test acc 0.995
Evaluating model on 200 episodes
Solved 200/200 episodes
Epoch 170	 test acc 1.0
Evaluating model on 200 episodes
Solved 200/200 episodes
Epoch 180	 test acc 1.0
Evaluating model on 200 episodes
Solved 199/200 episodes
Epoch 190	 test acc 0.995
Saved model at models/e9b62f17e5444e2aa9740ffab5ab9ca7.pt
Completed training in 4594.4 seconds
Traceback (most recent call last):
  File "/home/sca63/abstraction/main.py", line 294, in <module>
    boxworld_main()
  File "/home/sca63/abstraction/main.py", line 278, in boxworld_main
    train(run, dataloader, net, params)
  File "/home/sca63/abstraction/main.py", line 77, in train
    mlflow.log_metrics({f'final model path': path})
  File "/home/sca63/.conda/envs/gcsl/lib/python3.9/site-packages/mlflow/tracking/fluent.py", line 526, in log_metrics
    MlflowClient().log_batch(run_id=run_id, metrics=metrics_arr, params=[], tags=[])
  File "/home/sca63/.conda/envs/gcsl/lib/python3.9/site-packages/mlflow/tracking/client.py", line 918, in log_batch
    self._tracking_client.log_batch(run_id, metrics, params, tags)
  File "/home/sca63/.conda/envs/gcsl/lib/python3.9/site-packages/mlflow/tracking/_tracking_service/client.py", line 305, in log_batch
    _validate_metric(metric.key, metric.value, metric.timestamp, metric.step)
  File "/home/sca63/.conda/envs/gcsl/lib/python3.9/site-packages/mlflow/utils/validation.py", line 113, in _validate_metric
    raise MlflowException(
mlflow.exceptions.MlflowException: Got invalid value models/e9b62f17e5444e2aa9740ffab5ab9ca7.pt for metric 'final model path' (timestamp=1648096799535). Please specify value as a valid double (64-bit floating point)
Shutting down background jobs, please wait a moment...
Done!
Waiting for the remaining 600 operations to synchronize with Neptune. Do not kill this process.
All 600 operations synced, thanks for waiting!
