Starting run:
404c4251630c46b798709ce51e5143d0
params: {'n': 10000, 'lr': 0.0008, 'epochs': 800, 'batch_size': 20, 'b': 10, 'cc_weight': 1.0, 'abstract_pen': 0.0, 'hmm': False, 'homo': False, 'sv': True, 'save_every': 100, 'test_every': 20, 'num_test': 200, 'no_log': False, 'disk_data': False, 'outer': False, 'model_type': 'sv', 'device': 'NVIDIA GeForce RTX 2080 Ti', 'id': '404c4251630c46b798709ce51e5143d0'}
train
Net has 37803 parameters
Solved 38/200 episodes
Epoch 0	 test acc 0.19
Saved model at models/404c4251630c46b798709ce51e5143d0-epoch-0.pt
Solved 35/200 episodes
Epoch 20	 test acc 0.175
Solved 54/200 episodes
Epoch 40	 test acc 0.27
Solved 48/200 episodes
Epoch 60	 test acc 0.24
Solved 34/200 episodes
Epoch 80	 test acc 0.17
Solved 35/200 episodes
Epoch 100	 test acc 0.175
Saved model at models/404c4251630c46b798709ce51e5143d0-epoch-100.pt
Solved 48/200 episodes
Epoch 120	 test acc 0.24
Solved 55/200 episodes
Epoch 140	 test acc 0.275
Solved 59/200 episodes
Epoch 160	 test acc 0.295
Solved 65/200 episodes
Epoch 180	 test acc 0.325
Solved 92/200 episodes
Epoch 200	 test acc 0.46
Saved model at models/404c4251630c46b798709ce51e5143d0-epoch-200.pt
Solved 155/200 episodes
Epoch 220	 test acc 0.775
Solved 177/200 episodes
Epoch 240	 test acc 0.885
Solved 190/200 episodes
Epoch 260	 test acc 0.95
Solved 192/200 episodes
Epoch 280	 test acc 0.96
Solved 195/200 episodes
Epoch 300	 test acc 0.975
Saved model at models/404c4251630c46b798709ce51e5143d0-epoch-300.pt
Solved 199/200 episodes
Epoch 320	 test acc 0.995
Solved 199/200 episodes
Epoch 340	 test acc 0.995
Solved 198/200 episodes
Epoch 360	 test acc 0.99
Solved 181/200 episodes
Epoch 380	 test acc 0.905
Solved 200/200 episodes
Epoch 400	 test acc 1.0
Saved model at models/404c4251630c46b798709ce51e5143d0-epoch-400.pt
Solved 197/200 episodes
Epoch 420	 test acc 0.985
Solved 199/200 episodes
Epoch 440	 test acc 0.995
Solved 200/200 episodes
Epoch 460	 test acc 1.0
Solved 198/200 episodes
Epoch 480	 test acc 0.99
Solved 199/200 episodes
Epoch 500	 test acc 0.995
Saved model at models/404c4251630c46b798709ce51e5143d0-epoch-500.pt
Solved 200/200 episodes
Epoch 520	 test acc 1.0
Solved 192/200 episodes
Epoch 540	 test acc 0.96
Solved 200/200 episodes
Epoch 560	 test acc 1.0
Solved 200/200 episodes
Epoch 580	 test acc 1.0
Solved 200/200 episodes
Epoch 600	 test acc 1.0
Saved model at models/404c4251630c46b798709ce51e5143d0-epoch-600.pt
Solved 200/200 episodes
Epoch 620	 test acc 1.0
Solved 199/200 episodes
Epoch 640	 test acc 0.995
Solved 198/200 episodes
Epoch 660	 test acc 0.99
Solved 200/200 episodes
Epoch 680	 test acc 1.0
Solved 200/200 episodes
Epoch 700	 test acc 1.0
Saved model at models/404c4251630c46b798709ce51e5143d0-epoch-700.pt
Solved 200/200 episodes
Epoch 720	 test acc 1.0
Solved 199/200 episodes
Epoch 740	 test acc 0.995
Solved 197/200 episodes
Epoch 760	 test acc 0.985
Solved 200/200 episodes
Epoch 780	 test acc 1.0
Saved model at models/404c4251630c46b798709ce51e5143d0.pt
Completed training in 22150.0 seconds
