Starting run:
30025e8fdfa64768b7dcb86b194d60a1
params: {'n': 10000, 'lr': 0.0003, 'epochs': 4000, 'batch_size': 10, 'b': 10, 'cc_weight': 1.0, 'abstract_pen': 0.0, 'hmm': True, 'homo': False, 'sv': False, 'save_every': 400, 'test_every': 40, 'num_test': 200, 'no_log': False, 'disk_data': False, 'outer': False, 'model_type': 'hmm', 'device': 'NVIDIA GeForce GTX 1080 Ti', 'id': '30025e8fdfa64768b7dcb86b194d60a1'}
train
Net has 205330 parameters
Epoch 0	 test acc 0.03
Saved model at models/30025e8fdfa64768b7dcb86b194d60a1-epoch-0.pt
Epoch 40	 test acc 0.21
Epoch 80	 test acc 0.555
Epoch 120	 test acc 0.625
Epoch 160	 test acc 0.62
Epoch 200	 test acc 0.61
Epoch 240	 test acc 0.675
Epoch 280	 test acc 0.7
Epoch 320	 test acc 0.695
Epoch 360	 test acc 0.71
Epoch 400	 test acc 0.815
Saved model at models/30025e8fdfa64768b7dcb86b194d60a1-epoch-400.pt
Epoch 440	 test acc 0.82
Epoch 480	 test acc 0.83
Epoch 520	 test acc 0.91
Epoch 560	 test acc 0.88
Epoch 600	 test acc 0.8
Epoch 640	 test acc 0.905
Epoch 680	 test acc 0.89
Epoch 720	 test acc 0.95
Epoch 760	 test acc 0.91
Epoch 800	 test acc 0.9
Saved model at models/30025e8fdfa64768b7dcb86b194d60a1-epoch-800.pt
Epoch 840	 test acc 0.935
Epoch 880	 test acc 0.94
Epoch 920	 test acc 0.915
Epoch 960	 test acc 0.92
Epoch 1000	 test acc 0.92
Epoch 1040	 test acc 0.975
Epoch 1080	 test acc 0.965
Epoch 1120	 test acc 0.975
Epoch 1160	 test acc 0.95
Epoch 1200	 test acc 0.945
Saved model at models/30025e8fdfa64768b7dcb86b194d60a1-epoch-1200.pt
Epoch 1240	 test acc 0.93
Epoch 1280	 test acc 0.955
Epoch 1320	 test acc 0.98
Epoch 1360	 test acc 0.97
Epoch 1400	 test acc 0.97
Epoch 1440	 test acc 0.98
Epoch 1480	 test acc 0.98
Epoch 1520	 test acc 0.985
Epoch 1560	 test acc 0.995
Epoch 1600	 test acc 0.99
Saved model at models/30025e8fdfa64768b7dcb86b194d60a1-epoch-1600.pt
Epoch 1640	 test acc 0.975
Epoch 1680	 test acc 0.99
Epoch 1720	 test acc 0.985
Epoch 1760	 test acc 0.97
Epoch 1800	 test acc 0.955
Epoch 1840	 test acc 0.975
Epoch 1880	 test acc 0.985
Epoch 1920	 test acc 0.99
Epoch 1960	 test acc 0.985
Epoch 2000	 test acc 0.85
Saved model at models/30025e8fdfa64768b7dcb86b194d60a1-epoch-2000.pt
Epoch 2040	 test acc 0.79
slurmstepd: error: *** JOB 458327 ON tripods-compute-01 CANCELLED AT 2022-03-26T16:10:36 DUE TO TIME LIMIT ***
