Training on NVIDIA GeForce RTX 3090
Net has 36600 parameters
Round 1
generating trajectories
trajectories generated
Generated trajectories in 125.7 seconds
187399 examples
/home/sca63/.conda/envs/gcsl/lib/python3.9/site-packages/torch/nn/modules/conv.py:443: UserWarning: Using padding='same' with even kernel lengths and odd dilation may require a zero-padded copy of the input be created (Triggered internally at  ../aten/src/ATen/native/Convolution.cpp:680.)
  return F.conv2d(input, weight, bias, self.stride,
epoch: 0	train loss: 1.1844857931137085	acc: 0.303	(8.1s)
epoch: 1	train loss: 0.9730726480484009	acc: 0.396	(7.6s)
epoch: 2	train loss: 1.2022333145141602	acc: 0.418	(7.6s)
epoch: 3	train loss: 1.1155136823654175	acc: 0.436	(7.6s)
epoch: 4	train loss: 0.7434273958206177	acc: 0.453	(7.6s)
epoch: 5	train loss: 0.7777858376502991	acc: 0.467	(7.6s)
epoch: 6	train loss: 1.2675113677978516	acc: 0.483	(7.6s)
epoch: 7	train loss: 1.624626874923706	acc: 0.494	(7.6s)
epoch: 8	train loss: 0.8305126428604126	acc: 0.503	(7.7s)
epoch: 9	train loss: 0.8778203129768372	acc: 0.509	(7.7s)
epoch: 10	train loss: 1.190130591392517	acc: 0.516	(7.6s)
epoch: 11	train loss: 0.9801318049430847	acc: 0.523	(7.7s)
epoch: 12	train loss: 1.0967127084732056	acc: 0.528	(7.6s)
epoch: 13	train loss: 0.7707851529121399	acc: 0.534	(7.7s)
epoch: 14	train loss: 0.7640666365623474	acc: 0.540	(7.7s)
epoch: 15	train loss: 0.9813815951347351	acc: 0.545	(7.7s)
epoch: 16	train loss: 0.5798963904380798	acc: 0.549	(7.7s)
epoch: 17	train loss: 1.0425080060958862	acc: 0.554	(7.8s)
epoch: 18	train loss: 0.6677680611610413	acc: 0.562	(7.7s)
epoch: 19	train loss: 0.9426239728927612	acc: 0.566	(7.6s)
epoch: 20	train loss: 1.312511682510376	acc: 0.572	(7.7s)
epoch: 21	train loss: 1.1072276830673218	acc: 0.575	(7.7s)
epoch: 22	train loss: 1.15106201171875	acc: 0.577	(7.7s)
epoch: 23	train loss: 1.571382761001587	acc: 0.584	(7.7s)
epoch: 24	train loss: 1.3048120737075806	acc: 0.587	(7.7s)
epoch: 25	train loss: 1.0006893873214722	acc: 0.589	(7.7s)
epoch: 26	train loss: 0.7228248715400696	acc: 0.594	(7.7s)
epoch: 27	train loss: 0.6485548615455627	acc: 0.595	(7.7s)
epoch: 28	train loss: 0.5795882940292358	acc: 0.599	(7.7s)
epoch: 29	train loss: 0.8996933698654175	acc: 0.602	(7.7s)
epoch: 30	train loss: 1.1418317556381226	acc: 0.604	(7.7s)
epoch: 31	train loss: 1.0151787996292114	acc: 0.606	(7.7s)
epoch: 32	train loss: 1.0877208709716797	acc: 0.609	(7.7s)
epoch: 33	train loss: 0.6399966478347778	acc: 0.608	(7.7s)
epoch: 34	train loss: 1.0684336423873901	acc: 0.611	(7.8s)
epoch: 35	train loss: 0.493983656167984	acc: 0.614	(7.7s)
epoch: 36	train loss: 0.4887388050556183	acc: 0.615	(7.7s)
epoch: 37	train loss: 0.5062729120254517	acc: 0.618	(7.7s)
epoch: 38	train loss: 0.702046275138855	acc: 0.619	(7.7s)
epoch: 39	train loss: 0.9911063313484192	acc: 0.621	(7.7s)
epoch: 40	train loss: 0.7167008519172668	acc: 0.622	(7.7s)
epoch: 41	train loss: 0.4940861165523529	acc: 0.625	(7.7s)
epoch: 42	train loss: 0.7204051613807678	acc: 0.626	(7.8s)
epoch: 43	train loss: 0.5037088990211487	acc: 0.627	(7.7s)
epoch: 44	train loss: 0.41777119040489197	acc: 0.629	(7.7s)
epoch: 45	train loss: 0.7974967956542969	acc: 0.630	(7.7s)
epoch: 46	train loss: 0.423966646194458	acc: 0.632	(7.7s)
epoch: 47	train loss: 0.9265448451042175	acc: 0.635	(7.7s)
epoch: 48	train loss: 0.9606679081916809	acc: 0.635	(7.7s)
epoch: 49	train loss: 0.5683993101119995	acc: 0.638	(7.7s)
epoch: 50	train loss: 0.7137718200683594	acc: 0.639	(7.7s)
epoch: 51	train loss: 0.6047319769859314	acc: 0.641	(7.7s)
epoch: 52	train loss: 0.6868500113487244	acc: 0.644	(7.7s)
epoch: 53	train loss: 0.9420076608657837	acc: 0.645	(7.7s)
epoch: 54	train loss: 0.777188241481781	acc: 0.645	(7.7s)
epoch: 55	train loss: 0.7070155739784241	acc: 0.648	(7.7s)
epoch: 56	train loss: 0.4866349995136261	acc: 0.648	(7.7s)
epoch: 57	train loss: 0.9997343420982361	acc: 0.650	(7.7s)
epoch: 58	train loss: 0.7075806856155396	acc: 0.650	(7.7s)
epoch: 59	train loss: 1.7319471836090088	acc: 0.653	(7.7s)
epoch: 60	train loss: 1.0237367153167725	acc: 0.652	(7.7s)
epoch: 61	train loss: 0.9332317113876343	acc: 0.655	(7.7s)
epoch: 62	train loss: 0.5450218319892883	acc: 0.655	(7.7s)
epoch: 63	train loss: 0.5269160270690918	acc: 0.658	(7.7s)
epoch: 64	train loss: 0.6471787691116333	acc: 0.658	(7.7s)
epoch: 65	train loss: 0.38731351494789124	acc: 0.659	(7.7s)
epoch: 66	train loss: 0.8227412104606628	acc: 0.660	(7.7s)
epoch: 67	train loss: 0.5750045776367188	acc: 0.661	(7.8s)
epoch: 68	train loss: 0.8921847939491272	acc: 0.663	(7.7s)
epoch: 69	train loss: 0.9195004105567932	acc: 0.664	(7.7s)
epoch: 70	train loss: 0.6839448809623718	acc: 0.664	(7.7s)
epoch: 71	train loss: 1.086942434310913	acc: 0.665	(7.7s)
epoch: 72	train loss: 1.2829349040985107	acc: 0.666	(7.7s)
epoch: 73	train loss: 0.5499324202537537	acc: 0.667	(7.7s)
epoch: 74	train loss: 0.4897020161151886	acc: 0.668	(7.7s)
epoch: 75	train loss: 0.6657333374023438	acc: 0.669	(7.7s)
epoch: 76	train loss: 0.7596206665039062	acc: 0.670	(7.7s)
epoch: 77	train loss: 0.6139501333236694	acc: 0.671	(7.7s)
epoch: 78	train loss: 1.043108582496643	acc: 0.674	(7.7s)
epoch: 79	train loss: 0.9422332644462585	acc: 0.673	(7.7s)
epoch: 80	train loss: 0.4725360870361328	acc: 0.673	(7.7s)
epoch: 81	train loss: 0.6280612945556641	acc: 0.678	(7.7s)
epoch: 82	train loss: 0.5819708704948425	acc: 0.680	(7.7s)
epoch: 83	train loss: 0.7634292244911194	acc: 0.681	(7.7s)
epoch: 84	train loss: 0.3399293124675751	acc: 0.683	(7.8s)
epoch: 85	train loss: 0.6439267992973328	acc: 0.686	(7.7s)
epoch: 86	train loss: 0.288726806640625	acc: 0.688	(7.7s)
epoch: 87	train loss: 0.46629199385643005	acc: 0.691	(7.7s)
epoch: 88	train loss: 0.5210157036781311	acc: 0.693	(7.7s)
epoch: 89	train loss: 0.7710631489753723	acc: 0.694	(7.7s)
epoch: 90	train loss: 1.076162338256836	acc: 0.696	(7.7s)
epoch: 91	train loss: 0.43446603417396545	acc: 0.699	(7.7s)
epoch: 92	train loss: 0.6866440773010254	acc: 0.701	(7.8s)
epoch: 93	train loss: 0.46351128816604614	acc: 0.703	(7.7s)
epoch: 94	train loss: 0.5554127097129822	acc: 0.704	(7.7s)
epoch: 95	train loss: 0.4519497752189636	acc: 0.706	(7.7s)
epoch: 96	train loss: 0.5723061561584473	acc: 0.706	(7.7s)
epoch: 97	train loss: 0.5074482560157776	acc: 0.707	(7.7s)
epoch: 98	train loss: 0.8454408645629883	acc: 0.709	(7.7s)
epoch: 99	train loss: 0.4375768005847931	acc: 0.710	(7.7s)
epoch: 100	train loss: 0.7711763381958008	acc: 0.713	(7.7s)
epoch: 101	train loss: 0.3295982778072357	acc: 0.713	(7.7s)
epoch: 102	train loss: 1.0978224277496338	acc: 0.715	(7.7s)
epoch: 103	train loss: 0.35620975494384766	acc: 0.713	(7.7s)
epoch: 104	train loss: 0.5444652438163757	acc: 0.716	(7.7s)
epoch: 105	train loss: 0.5805299878120422	acc: 0.717	(7.7s)
epoch: 106	train loss: 0.4416058361530304	acc: 0.717	(7.7s)
epoch: 107	train loss: 0.7092735171318054	acc: 0.720	(7.7s)
epoch: 108	train loss: 0.8987662196159363	acc: 0.720	(7.7s)
epoch: 109	train loss: 0.5260969400405884	acc: 0.722	(7.8s)
epoch: 110	train loss: 0.4569145739078522	acc: 0.723	(7.7s)
epoch: 111	train loss: 1.3822910785675049	acc: 0.723	(7.7s)
epoch: 112	train loss: 0.8714455366134644	acc: 0.723	(7.7s)
epoch: 113	train loss: 1.1357353925704956	acc: 0.725	(7.7s)
epoch: 114	train loss: 1.1790035963058472	acc: 0.728	(7.7s)
epoch: 115	train loss: 0.8062955737113953	acc: 0.728	(7.7s)
epoch: 116	train loss: 0.6571244597434998	acc: 0.729	(7.7s)
epoch: 117	train loss: 0.4144769608974457	acc: 0.732	(7.8s)
epoch: 118	train loss: 0.625572144985199	acc: 0.734	(7.8s)
epoch: 119	train loss: 0.27952444553375244	acc: 0.736	(7.7s)
epoch: 120	train loss: 0.2251342535018921	acc: 0.738	(7.7s)
epoch: 121	train loss: 0.895378053188324	acc: 0.740	(7.7s)
epoch: 122	train loss: 0.37839275598526	acc: 0.742	(7.7s)
epoch: 123	train loss: 0.30825355648994446	acc: 0.744	(7.7s)
epoch: 124	train loss: 0.6480473875999451	acc: 0.746	(7.7s)
epoch: 125	train loss: 0.6153935790061951	acc: 0.749	(7.7s)
epoch: 126	train loss: 0.23101690411567688	acc: 0.749	(7.8s)
epoch: 127	train loss: 0.4545908570289612	acc: 0.752	(7.7s)
epoch: 128	train loss: 0.6994695663452148	acc: 0.754	(7.7s)
epoch: 129	train loss: 0.10209564119577408	acc: 0.755	(7.7s)
epoch: 130	train loss: 0.560628354549408	acc: 0.758	(7.7s)
epoch: 131	train loss: 0.8451954126358032	acc: 0.760	(7.7s)
epoch: 132	train loss: 0.6063019037246704	acc: 0.763	(7.7s)
epoch: 133	train loss: 1.2455755472183228	acc: 0.763	(7.7s)
epoch: 134	train loss: 0.38441532850265503	acc: 0.765	(7.8s)
epoch: 135	train loss: 0.6149097084999084	acc: 0.766	(7.7s)
epoch: 136	train loss: 0.725005030632019	acc: 0.766	(7.7s)
epoch: 137	train loss: 0.9932443499565125	acc: 0.770	(7.7s)
epoch: 138	train loss: 0.5554202795028687	acc: 0.771	(7.7s)
epoch: 139	train loss: 0.6394106149673462	acc: 0.772	(7.7s)
epoch: 140	train loss: 0.2552712857723236	acc: 0.773	(7.7s)
epoch: 141	train loss: 0.3937792181968689	acc: 0.772	(7.7s)
epoch: 142	train loss: 0.5937248468399048	acc: 0.775	(7.7s)
epoch: 143	train loss: 0.4600197374820709	acc: 0.776	(7.8s)
epoch: 144	train loss: 0.5738934278488159	acc: 0.777	(7.7s)
epoch: 145	train loss: 1.6058733463287354	acc: 0.777	(7.7s)
epoch: 146	train loss: 1.1318233013153076	acc: 0.776	(7.7s)
epoch: 147	train loss: 0.5228131413459778	acc: 0.780	(7.7s)
epoch: 148	train loss: 0.40907928347587585	acc: 0.781	(7.7s)
epoch: 149	train loss: 0.5692309737205505	acc: 0.781	(7.7s)
epoch: 150	train loss: 0.8289276957511902	acc: 0.783	(7.7s)
epoch: 151	train loss: 0.33469992876052856	acc: 0.781	(7.8s)
epoch: 152	train loss: 0.36195096373558044	acc: 0.784	(7.7s)
epoch: 153	train loss: 0.5386711359024048	acc: 0.785	(7.7s)
epoch: 154	train loss: 0.8091970086097717	acc: 0.785	(7.7s)
epoch: 155	train loss: 0.40645116567611694	acc: 0.786	(7.7s)
epoch: 156	train loss: 0.6020289659500122	acc: 0.786	(7.7s)
epoch: 157	train loss: 0.15326914191246033	acc: 0.786	(7.7s)
epoch: 158	train loss: 0.2247312068939209	acc: 0.787	(7.7s)
epoch: 159	train loss: 0.46406105160713196	acc: 0.789	(7.8s)
epoch: 160	train loss: 0.47003379464149475	acc: 0.790	(7.7s)
epoch: 161	train loss: 0.719098687171936	acc: 0.789	(7.7s)
epoch: 162	train loss: 0.39554551243782043	acc: 0.790	(7.7s)
epoch: 163	train loss: 0.3607652187347412	acc: 0.792	(7.7s)
epoch: 164	train loss: 0.3694388270378113	acc: 0.792	(7.7s)
epoch: 165	train loss: 0.3817634880542755	acc: 0.793	(7.7s)
epoch: 166	train loss: 0.09555021673440933	acc: 0.794	(7.7s)
epoch: 167	train loss: 0.5438713431358337	acc: 0.795	(7.8s)
epoch: 168	train loss: 0.5274708271026611	acc: 0.796	(7.8s)
epoch: 169	train loss: 0.5309479832649231	acc: 0.795	(7.7s)
epoch: 170	train loss: 0.21447201073169708	acc: 0.796	(7.7s)
epoch: 171	train loss: 0.3952237665653229	acc: 0.797	(7.7s)
epoch: 172	train loss: 0.8540917038917542	acc: 0.798	(7.7s)
epoch: 173	train loss: 0.3606641888618469	acc: 0.798	(7.7s)
epoch: 174	train loss: 0.3934660255908966	acc: 0.798	(7.7s)
epoch: 175	train loss: 0.33621570467948914	acc: 0.800	(7.7s)
epoch: 176	train loss: 0.20953775942325592	acc: 0.800	(7.8s)
epoch: 177	train loss: 0.4973427951335907	acc: 0.800	(7.7s)
epoch: 178	train loss: 0.32458046078681946	acc: 0.801	(7.7s)
epoch: 179	train loss: 0.5717026591300964	acc: 0.802	(7.7s)
epoch: 180	train loss: 0.3011142611503601	acc: 0.801	(7.7s)
epoch: 181	train loss: 0.23490573465824127	acc: 0.802	(7.7s)
epoch: 182	train loss: 0.1607980728149414	acc: 0.804	(7.7s)
epoch: 183	train loss: 0.336376816034317	acc: 0.803	(7.7s)
epoch: 184	train loss: 0.2869929373264313	acc: 0.804	(7.7s)
epoch: 185	train loss: 0.6703222990036011	acc: 0.805	(7.8s)
epoch: 186	train loss: 0.2329760640859604	acc: 0.806	(7.7s)
epoch: 187	train loss: 0.4021177589893341	acc: 0.806	(7.7s)
epoch: 188	train loss: 0.21964505314826965	acc: 0.805	(7.7s)
epoch: 189	train loss: 0.573270320892334	acc: 0.807	(7.7s)
epoch: 190	train loss: 0.17833800613880157	acc: 0.806	(7.7s)
epoch: 191	train loss: 0.3148650527000427	acc: 0.808	(7.7s)
epoch: 192	train loss: 0.07974980771541595	acc: 0.808	(7.7s)
epoch: 193	train loss: 0.2576189637184143	acc: 0.810	(7.8s)
epoch: 194	train loss: 0.19120259582996368	acc: 0.809	(7.7s)
epoch: 195	train loss: 0.2960393726825714	acc: 0.809	(7.7s)
epoch: 196	train loss: 0.3693709373474121	acc: 0.809	(7.7s)
epoch: 197	train loss: 1.311204195022583	acc: 0.810	(7.7s)
epoch: 198	train loss: 0.08325744420289993	acc: 0.811	(7.7s)
epoch: 199	train loss: 0.23381492495536804	acc: 0.812	(7.7s)
epoch: 200	train loss: 0.25706619024276733	acc: 0.813	(7.7s)
epoch: 201	train loss: 1.1119225025177002	acc: 0.812	(7.8s)
epoch: 202	train loss: 0.6038979291915894	acc: 0.800	(7.7s)
epoch: 203	train loss: 0.3100428581237793	acc: 0.810	(7.7s)
epoch: 204	train loss: 0.35621121525764465	acc: 0.811	(7.7s)
epoch: 205	train loss: 0.4792530834674835	acc: 0.811	(7.7s)
epoch: 206	train loss: 0.9408273696899414	acc: 0.812	(7.7s)
epoch: 207	train loss: 0.31721892952919006	acc: 0.813	(7.7s)
epoch: 208	train loss: 0.5201361775398254	acc: 0.814	(7.7s)
epoch: 209	train loss: 0.42509087920188904	acc: 0.813	(7.7s)
epoch: 210	train loss: 0.33729487657546997	acc: 0.815	(7.7s)
epoch: 211	train loss: 0.7944914698600769	acc: 0.814	(7.7s)
epoch: 212	train loss: 0.48947829008102417	acc: 0.815	(7.7s)
epoch: 213	train loss: 0.21164634823799133	acc: 0.816	(7.7s)
epoch: 214	train loss: 0.1703106313943863	acc: 0.817	(7.7s)
epoch: 215	train loss: 0.1383098065853119	acc: 0.816	(7.7s)
epoch: 216	train loss: 0.3979480564594269	acc: 0.817	(7.7s)
epoch: 217	train loss: 0.3681962788105011	acc: 0.818	(7.7s)
epoch: 218	train loss: 0.16579051315784454	acc: 0.818	(7.8s)
epoch: 219	train loss: 0.3560049533843994	acc: 0.818	(7.7s)
epoch: 220	train loss: 0.2550700604915619	acc: 0.818	(7.7s)
epoch: 221	train loss: 0.38238096237182617	acc: 0.820	(7.7s)
epoch: 222	train loss: 0.4136340618133545	acc: 0.819	(7.7s)
epoch: 223	train loss: 0.659355640411377	acc: 0.821	(7.7s)
epoch: 224	train loss: 0.21219584345817566	acc: 0.820	(7.7s)
epoch: 225	train loss: 0.907325267791748	acc: 0.820	(7.7s)
epoch: 226	train loss: 0.5690259337425232	acc: 0.822	(7.8s)
epoch: 227	train loss: 0.6265986561775208	acc: 0.821	(7.7s)
epoch: 228	train loss: 0.2225586622953415	acc: 0.821	(7.7s)
epoch: 229	train loss: 0.9660947918891907	acc: 0.824	(7.7s)
epoch: 230	train loss: 0.18716265261173248	acc: 0.821	(7.7s)
epoch: 231	train loss: 0.2592451274394989	acc: 0.823	(7.7s)
epoch: 232	train loss: 0.23514823615550995	acc: 0.824	(7.7s)
epoch: 233	train loss: 0.9978078007698059	acc: 0.823	(7.7s)
epoch: 234	train loss: 0.27027204632759094	acc: 0.823	(7.8s)
epoch: 235	train loss: 0.3118593692779541	acc: 0.825	(7.7s)
epoch: 236	train loss: 0.44528928399086	acc: 0.825	(7.7s)
epoch: 237	train loss: 0.33866915106773376	acc: 0.826	(7.7s)
epoch: 238	train loss: 0.23356564342975616	acc: 0.826	(7.7s)
epoch: 239	train loss: 0.13588084280490875	acc: 0.826	(7.7s)
epoch: 240	train loss: 0.3338956832885742	acc: 0.826	(7.7s)
epoch: 241	train loss: 0.5236402153968811	acc: 0.826	(7.7s)
epoch: 242	train loss: 0.13297872245311737	acc: 0.828	(7.8s)
epoch: 243	train loss: 0.4306681454181671	acc: 0.827	(7.8s)
epoch: 244	train loss: 0.4401072859764099	acc: 0.828	(7.7s)
epoch: 245	train loss: 1.0214208364486694	acc: 0.827	(7.7s)
epoch: 246	train loss: 0.6361931562423706	acc: 0.824	(7.7s)
epoch: 247	train loss: 0.6923879384994507	acc: 0.828	(7.7s)
epoch: 248	train loss: 0.818222165107727	acc: 0.829	(7.7s)
epoch: 249	train loss: 0.22049807012081146	acc: 0.828	(7.7s)
epoch: 250	train loss: 0.1098170205950737	acc: 0.830	(7.7s)
epoch: 251	train loss: 0.4514826238155365	acc: 0.832	(7.8s)
epoch: 252	train loss: 0.3547418713569641	acc: 0.830	(7.7s)
epoch: 253	train loss: 0.2271929532289505	acc: 0.830	(7.7s)
epoch: 254	train loss: 0.2081223428249359	acc: 0.830	(7.7s)
epoch: 255	train loss: 0.2229921519756317	acc: 0.830	(7.7s)
epoch: 256	train loss: 0.3492076098918915	acc: 0.832	(7.7s)
epoch: 257	train loss: 0.47653597593307495	acc: 0.831	(7.7s)
epoch: 258	train loss: 0.09480703622102737	acc: 0.831	(7.7s)
epoch: 259	train loss: 0.27713853120803833	acc: 0.831	(7.8s)
epoch: 260	train loss: 0.2472442388534546	acc: 0.832	(7.7s)
epoch: 261	train loss: 0.2537206709384918	acc: 0.831	(7.7s)
epoch: 262	train loss: 0.2798309028148651	acc: 0.833	(7.7s)
epoch: 263	train loss: 0.39260539412498474	acc: 0.833	(7.7s)
epoch: 264	train loss: 0.4928181767463684	acc: 0.832	(7.7s)
epoch: 265	train loss: 0.1810227930545807	acc: 0.834	(7.7s)
epoch: 266	train loss: 0.2194294035434723	acc: 0.833	(7.7s)
epoch: 267	train loss: 0.12155704200267792	acc: 0.834	(7.7s)
epoch: 268	train loss: 0.2734811007976532	acc: 0.835	(7.8s)
epoch: 269	train loss: 0.4720911681652069	acc: 0.835	(7.7s)
epoch: 270	train loss: 0.2709764540195465	acc: 0.834	(7.7s)
epoch: 271	train loss: 0.11723781377077103	acc: 0.835	(7.7s)
epoch: 272	train loss: 0.43657296895980835	acc: 0.835	(7.7s)
epoch: 273	train loss: 0.2816281318664551	acc: 0.836	(7.7s)
epoch: 274	train loss: 0.15966622531414032	acc: 0.835	(7.7s)
epoch: 275	train loss: 0.37343892455101013	acc: 0.836	(7.7s)
epoch: 276	train loss: 0.5088704824447632	acc: 0.835	(7.8s)
epoch: 277	train loss: 0.43697214126586914	acc: 0.835	(7.7s)
epoch: 278	train loss: 0.502463698387146	acc: 0.838	(7.7s)
epoch: 279	train loss: 0.41758251190185547	acc: 0.836	(7.7s)
epoch: 280	train loss: 0.19939930737018585	acc: 0.836	(7.7s)
epoch: 281	train loss: 0.34474092721939087	acc: 0.838	(7.7s)
epoch: 282	train loss: 0.49232959747314453	acc: 0.838	(7.7s)
epoch: 283	train loss: 0.5628587603569031	acc: 0.838	(7.7s)
epoch: 284	train loss: 0.5673025250434875	acc: 0.839	(7.7s)
epoch: 285	train loss: 0.34207963943481445	acc: 0.838	(7.8s)
epoch: 286	train loss: 0.671143651008606	acc: 0.838	(7.7s)
epoch: 287	train loss: 0.09613346308469772	acc: 0.838	(7.7s)
epoch: 288	train loss: 0.14858563244342804	acc: 0.839	(7.7s)
epoch: 289	train loss: 0.1643354743719101	acc: 0.840	(7.7s)
epoch: 290	train loss: 0.3408854603767395	acc: 0.839	(7.7s)
epoch: 291	train loss: 0.11894609779119492	acc: 0.839	(7.7s)
epoch: 292	train loss: 0.2866049110889435	acc: 0.840	(7.7s)
epoch: 293	train loss: 0.6227258443832397	acc: 0.840	(7.7s)
epoch: 294	train loss: 0.5450761318206787	acc: 0.839	(7.7s)
epoch: 295	train loss: 0.26780322194099426	acc: 0.840	(7.7s)
epoch: 296	train loss: 0.33151671290397644	acc: 0.841	(7.7s)
epoch: 297	train loss: 0.3738986551761627	acc: 0.841	(7.7s)
epoch: 298	train loss: 0.55515056848526	acc: 0.842	(7.7s)
epoch: 299	train loss: 0.5955411791801453	acc: 0.841	(7.7s)
epoch: 300	train loss: 0.4394834637641907	acc: 0.841	(7.7s)
epoch: 301	train loss: 0.1337493658065796	acc: 0.843	(7.8s)
epoch: 302	train loss: 0.1123158261179924	acc: 0.843	(7.7s)
epoch: 303	train loss: 0.3936097025871277	acc: 0.843	(7.7s)
epoch: 304	train loss: 0.5391675233840942	acc: 0.843	(7.7s)
epoch: 305	train loss: 0.7565703392028809	acc: 0.842	(7.7s)
epoch: 306	train loss: 0.40047433972358704	acc: 0.841	(7.7s)
epoch: 307	train loss: 0.6442357301712036	acc: 0.844	(7.7s)
epoch: 308	train loss: 0.10147488117218018	acc: 0.844	(7.7s)
epoch: 309	train loss: 0.42332538962364197	acc: 0.844	(7.7s)
epoch: 310	train loss: 0.2697567343711853	acc: 0.843	(7.8s)
epoch: 311	train loss: 0.29296860098838806	acc: 0.844	(7.7s)
epoch: 312	train loss: 0.3693406581878662	acc: 0.845	(7.7s)
epoch: 313	train loss: 0.2686958312988281	acc: 0.845	(7.7s)
epoch: 314	train loss: 0.1416293829679489	acc: 0.844	(7.7s)
epoch: 315	train loss: 0.2371899038553238	acc: 0.845	(7.7s)
epoch: 316	train loss: 0.38164395093917847	acc: 0.845	(7.7s)
epoch: 317	train loss: 0.04332646355032921	acc: 0.846	(7.7s)
epoch: 318	train loss: 0.11494089663028717	acc: 0.845	(7.8s)
epoch: 319	train loss: 0.24838772416114807	acc: 0.846	(7.7s)
epoch: 320	train loss: 0.6647893190383911	acc: 0.846	(7.7s)
epoch: 321	train loss: 0.1543215811252594	acc: 0.846	(7.7s)
epoch: 322	train loss: 0.7938585877418518	acc: 0.847	(7.7s)
epoch: 323	train loss: 0.11434312164783478	acc: 0.847	(7.7s)
epoch: 324	train loss: 0.08182070404291153	acc: 0.847	(7.7s)
epoch: 325	train loss: 0.41643252968788147	acc: 0.848	(7.7s)
epoch: 326	train loss: 0.06014532968401909	acc: 0.846	(7.7s)
epoch: 327	train loss: 0.7128831148147583	acc: 0.848	(7.7s)
epoch: 328	train loss: 0.1973692625761032	acc: 0.847	(7.7s)
epoch: 329	train loss: 0.39919978380203247	acc: 0.849	(7.7s)
epoch: 330	train loss: 0.19872739911079407	acc: 0.848	(7.7s)
epoch: 331	train loss: 0.13247190415859222	acc: 0.849	(7.7s)
epoch: 332	train loss: 0.8286852240562439	acc: 0.850	(7.7s)
epoch: 333	train loss: 0.26673397421836853	acc: 0.849	(7.7s)
epoch: 334	train loss: 0.32920947670936584	acc: 0.850	(7.8s)
epoch: 335	train loss: 0.3641453683376312	acc: 0.849	(7.8s)
epoch: 336	train loss: 0.6597493886947632	acc: 0.850	(7.7s)
epoch: 337	train loss: 0.992451012134552	acc: 0.848	(7.7s)
epoch: 338	train loss: 0.5990893244743347	acc: 0.850	(7.7s)
epoch: 339	train loss: 0.4299735128879547	acc: 0.850	(7.7s)
epoch: 340	train loss: 0.04616773501038551	acc: 0.850	(7.7s)
epoch: 341	train loss: 0.19712935388088226	acc: 0.850	(7.7s)
epoch: 342	train loss: 0.5191694498062134	acc: 0.851	(7.7s)
epoch: 343	train loss: 0.3360145390033722	acc: 0.851	(7.8s)
epoch: 344	train loss: 0.1676662415266037	acc: 0.851	(7.7s)
epoch: 345	train loss: 0.43151721358299255	acc: 0.851	(7.7s)
epoch: 346	train loss: 0.3511071801185608	acc: 0.851	(7.7s)
epoch: 347	train loss: 0.2715691030025482	acc: 0.851	(7.7s)
epoch: 348	train loss: 0.3783242702484131	acc: 0.852	(7.7s)
epoch: 349	train loss: 0.7650894522666931	acc: 0.853	(7.7s)
epoch: 350	train loss: 0.19027972221374512	acc: 0.852	(7.7s)
epoch: 351	train loss: 0.21177388727664948	acc: 0.852	(7.7s)
epoch: 352	train loss: 0.7450316548347473	acc: 0.853	(7.8s)
epoch: 353	train loss: 0.19553175568580627	acc: 0.852	(7.7s)
epoch: 354	train loss: 1.4760271310806274	acc: 0.854	(7.7s)
epoch: 355	train loss: 0.1533873826265335	acc: 0.852	(7.7s)
epoch: 356	train loss: 0.1503501832485199	acc: 0.853	(7.7s)
epoch: 357	train loss: 0.2745476961135864	acc: 0.854	(7.7s)
epoch: 358	train loss: 0.2686867415904999	acc: 0.854	(7.8s)
epoch: 359	train loss: 1.032307744026184	acc: 0.854	(7.7s)
epoch: 360	train loss: 0.14769092202186584	acc: 0.855	(7.7s)
epoch: 361	train loss: 0.13403935730457306	acc: 0.856	(7.8s)
epoch: 362	train loss: 0.14842519164085388	acc: 0.855	(7.7s)
epoch: 363	train loss: 0.08104941993951797	acc: 0.854	(7.7s)
epoch: 364	train loss: 0.7160024046897888	acc: 0.855	(7.7s)
epoch: 365	train loss: 0.21340513229370117	acc: 0.855	(7.7s)
epoch: 366	train loss: 0.5037835240364075	acc: 0.855	(7.7s)
epoch: 367	train loss: 0.02747829258441925	acc: 0.856	(7.7s)
epoch: 368	train loss: 0.3251175284385681	acc: 0.856	(7.7s)
epoch: 369	train loss: 0.08130169659852982	acc: 0.857	(7.8s)
epoch: 370	train loss: 0.6139324307441711	acc: 0.857	(7.8s)
epoch: 371	train loss: 0.24043460190296173	acc: 0.857	(7.7s)
epoch: 372	train loss: 0.20366911590099335	acc: 0.857	(7.7s)
epoch: 373	train loss: 0.10879748314619064	acc: 0.856	(7.7s)
epoch: 374	train loss: 0.250113308429718	acc: 0.858	(7.7s)
epoch: 375	train loss: 0.4217469096183777	acc: 0.857	(7.7s)
epoch: 376	train loss: 0.5695501565933228	acc: 0.857	(7.7s)
epoch: 377	train loss: 0.47262197732925415	acc: 0.858	(7.7s)
epoch: 378	train loss: 0.27026602625846863	acc: 0.858	(7.7s)
epoch: 379	train loss: 0.17993302643299103	acc: 0.857	(7.7s)
epoch: 380	train loss: 0.39421790838241577	acc: 0.859	(7.7s)
epoch: 381	train loss: 0.5809048414230347	acc: 0.858	(7.7s)
epoch: 382	train loss: 0.25417205691337585	acc: 0.858	(7.7s)
epoch: 383	train loss: 0.5028658509254456	acc: 0.859	(7.7s)
epoch: 384	train loss: 0.26030322909355164	acc: 0.858	(7.7s)
epoch: 385	train loss: 0.29280826449394226	acc: 0.859	(7.7s)
epoch: 386	train loss: 0.44182711839675903	acc: 0.859	(7.7s)
epoch: 387	train loss: 0.3108704686164856	acc: 0.859	(7.8s)
epoch: 388	train loss: 0.5488930344581604	acc: 0.860	(7.7s)
epoch: 389	train loss: 0.7308744192123413	acc: 0.860	(7.7s)
epoch: 390	train loss: 0.29850322008132935	acc: 0.860	(7.7s)
epoch: 391	train loss: 0.8156734704971313	acc: 0.861	(7.7s)
epoch: 392	train loss: 0.04548235610127449	acc: 0.860	(7.7s)
epoch: 393	train loss: 0.20495416224002838	acc: 0.861	(7.7s)
epoch: 394	train loss: 0.37290069460868835	acc: 0.861	(7.7s)
epoch: 395	train loss: 0.24739444255828857	acc: 0.861	(7.7s)
epoch: 396	train loss: 0.16885332763195038	acc: 0.862	(7.8s)
epoch: 397	train loss: 0.29688355326652527	acc: 0.862	(7.7s)
epoch: 398	train loss: 0.15467552840709686	acc: 0.861	(7.7s)
epoch: 399	train loss: 0.12457484006881714	acc: 0.862	(7.7s)
epoch: 400	train loss: 0.035847775638103485	acc: 0.862	(7.7s)
epoch: 401	train loss: 0.05275070667266846	acc: 0.862	(7.7s)
epoch: 402	train loss: 0.12100322544574738	acc: 0.861	(7.7s)
epoch: 403	train loss: 0.33995750546455383	acc: 0.862	(7.7s)
epoch: 404	train loss: 0.45024389028549194	acc: 0.863	(7.8s)
epoch: 405	train loss: 0.1340145617723465	acc: 0.862	(7.8s)
epoch: 406	train loss: 0.6886057257652283	acc: 0.862	(7.7s)
epoch: 407	train loss: 0.4305119216442108	acc: 0.862	(7.7s)
epoch: 408	train loss: 0.3014925420284271	acc: 0.863	(7.7s)
epoch: 409	train loss: 0.45086532831192017	acc: 0.863	(7.7s)
epoch: 410	train loss: 0.5748057961463928	acc: 0.864	(7.7s)
epoch: 411	train loss: 0.4298728108406067	acc: 0.862	(7.7s)
epoch: 412	train loss: 0.19989146292209625	acc: 0.863	(7.7s)
epoch: 413	train loss: 0.06806346029043198	acc: 0.864	(7.8s)
epoch: 414	train loss: 0.2663285434246063	acc: 0.865	(7.8s)
epoch: 415	train loss: 0.615287721157074	acc: 0.864	(7.7s)
epoch: 416	train loss: 0.13982000946998596	acc: 0.865	(7.7s)
epoch: 417	train loss: 0.29774436354637146	acc: 0.864	(7.7s)
epoch: 418	train loss: 0.1483709067106247	acc: 0.865	(7.7s)
epoch: 419	train loss: 0.16690610349178314	acc: 0.865	(7.7s)
epoch: 420	train loss: 0.18612132966518402	acc: 0.865	(7.7s)
epoch: 421	train loss: 0.17506703734397888	acc: 0.865	(7.7s)
epoch: 422	train loss: 0.2121874988079071	acc: 0.865	(7.8s)
epoch: 423	train loss: 0.34017324447631836	acc: 0.865	(7.7s)
epoch: 424	train loss: 0.1235193982720375	acc: 0.866	(7.7s)
epoch: 425	train loss: 0.1681334227323532	acc: 0.866	(7.7s)
epoch: 426	train loss: 0.4066344201564789	acc: 0.867	(7.7s)
epoch: 427	train loss: 0.1344459354877472	acc: 0.865	(7.7s)
epoch: 428	train loss: 0.1044664978981018	acc: 0.867	(7.7s)
epoch: 429	train loss: 0.3488025665283203	acc: 0.867	(7.7s)
epoch: 430	train loss: 0.20155790448188782	acc: 0.866	(7.7s)
epoch: 431	train loss: 0.32264184951782227	acc: 0.867	(7.8s)
epoch: 432	train loss: 0.5150888562202454	acc: 0.867	(7.8s)
epoch: 433	train loss: 0.15187649428844452	acc: 0.866	(7.7s)
epoch: 434	train loss: 0.1119140014052391	acc: 0.867	(7.7s)
epoch: 435	train loss: 0.26350894570350647	acc: 0.867	(7.7s)
epoch: 436	train loss: 0.28133389353752136	acc: 0.868	(7.7s)
epoch: 437	train loss: 0.45898181200027466	acc: 0.868	(7.7s)
epoch: 438	train loss: 0.19227661192417145	acc: 0.868	(7.7s)
epoch: 439	train loss: 0.3223877251148224	acc: 0.869	(7.7s)
epoch: 440	train loss: 0.2267218679189682	acc: 0.869	(7.8s)
epoch: 441	train loss: 0.0163216944783926	acc: 0.869	(7.7s)
epoch: 442	train loss: 0.6533159613609314	acc: 0.870	(7.7s)
epoch: 443	train loss: 0.6519392132759094	acc: 0.868	(7.7s)
epoch: 444	train loss: 0.5069483518600464	acc: 0.869	(7.7s)
epoch: 445	train loss: 0.2524383068084717	acc: 0.868	(7.7s)
epoch: 446	train loss: 0.14866425096988678	acc: 0.870	(7.7s)
epoch: 447	train loss: 0.215938538312912	acc: 0.869	(7.7s)
epoch: 448	train loss: 0.19524052739143372	acc: 0.869	(7.8s)
epoch: 449	train loss: 0.41280826926231384	acc: 0.871	(7.8s)
epoch: 450	train loss: 0.39708003401756287	acc: 0.870	(7.7s)
epoch: 451	train loss: 0.3269956707954407	acc: 0.870	(7.7s)
epoch: 452	train loss: 0.7904813885688782	acc: 0.869	(7.7s)
epoch: 453	train loss: 0.46229520440101624	acc: 0.870	(7.7s)
epoch: 454	train loss: 0.14540205895900726	acc: 0.871	(7.7s)
epoch: 455	train loss: 0.5971209406852722	acc: 0.871	(7.7s)
epoch: 456	train loss: 0.34854570031166077	acc: 0.871	(7.7s)
epoch: 457	train loss: 0.2336297482252121	acc: 0.872	(7.7s)
epoch: 458	train loss: 0.4140412509441376	acc: 0.871	(7.8s)
epoch: 459	train loss: 0.3444425165653229	acc: 0.871	(7.7s)
epoch: 460	train loss: 1.15229070186615	acc: 0.871	(7.7s)
epoch: 461	train loss: 1.0118434429168701	acc: 0.870	(7.7s)
epoch: 462	train loss: 0.21153555810451508	acc: 0.872	(7.7s)
epoch: 463	train loss: 0.09285843372344971	acc: 0.873	(7.7s)
epoch: 464	train loss: 0.2992126941680908	acc: 0.873	(7.7s)
epoch: 465	train loss: 0.47194066643714905	acc: 0.872	(7.7s)
epoch: 466	train loss: 0.21497081220149994	acc: 0.872	(7.8s)
epoch: 467	train loss: 0.12026941031217575	acc: 0.872	(7.7s)
epoch: 468	train loss: 0.21414576470851898	acc: 0.873	(7.7s)
epoch: 469	train loss: 0.08140800148248672	acc: 0.873	(7.7s)
epoch: 470	train loss: 0.07366073131561279	acc: 0.874	(7.7s)
epoch: 471	train loss: 0.093734011054039	acc: 0.873	(7.7s)
epoch: 472	train loss: 0.14515641331672668	acc: 0.875	(7.7s)
epoch: 473	train loss: 0.3545585572719574	acc: 0.874	(7.7s)
epoch: 474	train loss: 0.37824058532714844	acc: 0.873	(7.7s)
epoch: 475	train loss: 0.9965066909790039	acc: 0.874	(7.8s)
epoch: 476	train loss: 0.44542792439460754	acc: 0.873	(7.8s)
epoch: 477	train loss: 0.324768602848053	acc: 0.874	(7.7s)
epoch: 478	train loss: 0.6895413994789124	acc: 0.875	(7.7s)
epoch: 479	train loss: 0.24583594501018524	acc: 0.875	(7.7s)
epoch: 480	train loss: 0.34140250086784363	acc: 0.875	(7.7s)
epoch: 481	train loss: 0.19744591414928436	acc: 0.876	(7.7s)
epoch: 482	train loss: 0.10602529346942902	acc: 0.875	(7.7s)
epoch: 483	train loss: 0.08875523507595062	acc: 0.875	(7.8s)
epoch: 484	train loss: 0.4115472137928009	acc: 0.876	(7.8s)
epoch: 485	train loss: 0.10339909046888351	acc: 0.876	(7.7s)
epoch: 486	train loss: 0.10560449212789536	acc: 0.877	(7.7s)
epoch: 487	train loss: 0.07732889801263809	acc: 0.877	(7.7s)
epoch: 488	train loss: 0.3197380602359772	acc: 0.876	(7.7s)
epoch: 489	train loss: 0.5827773213386536	acc: 0.878	(7.7s)
epoch: 490	train loss: 0.2913638651371002	acc: 0.877	(7.7s)
epoch: 491	train loss: 0.4299277663230896	acc: 0.877	(7.7s)
epoch: 492	train loss: 0.2620184123516083	acc: 0.876	(7.8s)
epoch: 493	train loss: 0.36902159452438354	acc: 0.877	(7.8s)
epoch: 494	train loss: 0.12098615616559982	acc: 0.878	(7.7s)
epoch: 495	train loss: 0.15257945656776428	acc: 0.878	(7.7s)
epoch: 496	train loss: 0.12493091076612473	acc: 0.878	(7.7s)
epoch: 497	train loss: 0.3016315996646881	acc: 0.878	(7.7s)
epoch: 498	train loss: 0.46671590209007263	acc: 0.879	(7.7s)
epoch: 499	train loss: 0.19125093519687653	acc: 0.879	(7.7s)
Evaluating model on 100 episodes
Solved 74/100 episodes; Counter({4: 75, 1: 11, 0: 6, 3: 4, 2: 4}) are path dists
Evaluating model on 100 episodes
Solved 41/100 episodes; Counter({4: 44, 0: 30, 1: 13, 2: 8, 3: 5}) are path dists
Evaluated model in 27.5 seconds
Round 2
generating trajectories
trajectories generated
Generated trajectories in 127.4 seconds
/var/spool/slurmd/job359977/slurm_script: line 20: 3474075 Killed                  python -u abstract.py
slurmstepd: error: Detected 1 oom-kill event(s) in StepId=359977.batch cgroup. Some of your processes may have been killed by the cgroup out-of-memory handler.
