Training on NVIDIA TITAN Xp
Net has 36600 parameters
Round 1
generating trajectories
trajectories generated
Generated trajectories in 185.2 seconds
187339 examples
/home/sca63/.conda/envs/gcsl/lib/python3.9/site-packages/torch/nn/modules/conv.py:443: UserWarning: Using padding='same' with even kernel lengths and odd dilation may require a zero-padded copy of the input be created (Triggered internally at  ../aten/src/ATen/native/Convolution.cpp:680.)
  return F.conv2d(input, weight, bias, self.stride,
epoch: 0	train loss: 1.3098022937774658	acc: 0.301	(17.4s)
epoch: 1	train loss: 1.1913930177688599	acc: 0.396	(16.8s)
epoch: 2	train loss: 1.202707052230835	acc: 0.432	(16.8s)
epoch: 3	train loss: 1.1825233697891235	acc: 0.453	(17.1s)
epoch: 4	train loss: 1.223268985748291	acc: 0.468	(17.0s)
epoch: 5	train loss: 1.1735142469406128	acc: 0.479	(17.0s)
epoch: 6	train loss: 1.1129190921783447	acc: 0.487	(17.2s)
epoch: 7	train loss: 1.1049654483795166	acc: 0.498	(17.2s)
epoch: 8	train loss: 1.0934271812438965	acc: 0.506	(17.2s)
epoch: 9	train loss: 1.1180763244628906	acc: 0.516	(17.4s)
epoch: 10	train loss: 1.104651689529419	acc: 0.525	(17.3s)
epoch: 11	train loss: 1.1073157787322998	acc: 0.533	(17.3s)
epoch: 12	train loss: 1.0448739528656006	acc: 0.541	(17.4s)
epoch: 13	train loss: 1.0333671569824219	acc: 0.545	(17.3s)
epoch: 14	train loss: 0.9893268942832947	acc: 0.552	(17.4s)
epoch: 15	train loss: 1.0079470872879028	acc: 0.556	(17.5s)
epoch: 16	train loss: 1.0105236768722534	acc: 0.560	(17.4s)
epoch: 17	train loss: 1.0141441822052002	acc: 0.566	(17.4s)
epoch: 18	train loss: 1.0096200704574585	acc: 0.571	(17.5s)
epoch: 19	train loss: 0.8953022956848145	acc: 0.576	(17.4s)
epoch: 20	train loss: 0.9491060972213745	acc: 0.579	(17.5s)
epoch: 21	train loss: 0.9507004022598267	acc: 0.583	(17.5s)
epoch: 22	train loss: 0.9478266835212708	acc: 0.587	(17.4s)
epoch: 23	train loss: 0.9518299102783203	acc: 0.590	(17.5s)
epoch: 24	train loss: 0.8493608236312866	acc: 0.594	(17.4s)
epoch: 25	train loss: 0.9256779551506042	acc: 0.596	(17.4s)
epoch: 26	train loss: 0.9118388295173645	acc: 0.599	(17.6s)
epoch: 27	train loss: 0.8120965957641602	acc: 0.602	(17.4s)
epoch: 28	train loss: 0.9159598350524902	acc: 0.605	(17.4s)
epoch: 29	train loss: 0.8751540184020996	acc: 0.610	(17.5s)
epoch: 30	train loss: 0.8659805059432983	acc: 0.613	(17.4s)
epoch: 31	train loss: 0.8315478563308716	acc: 0.615	(17.4s)
epoch: 32	train loss: 0.8812737464904785	acc: 0.618	(17.6s)
epoch: 33	train loss: 0.9421930313110352	acc: 0.620	(17.4s)
epoch: 34	train loss: 0.8564165234565735	acc: 0.626	(17.4s)
epoch: 35	train loss: 0.8546995520591736	acc: 0.627	(17.6s)
epoch: 36	train loss: 0.8071990609169006	acc: 0.631	(17.4s)
epoch: 37	train loss: 0.8203884959220886	acc: 0.634	(17.5s)
epoch: 38	train loss: 0.7758412957191467	acc: 0.636	(17.5s)
epoch: 39	train loss: 0.8311932682991028	acc: 0.639	(17.4s)
epoch: 40	train loss: 0.7492820620536804	acc: 0.641	(17.5s)
epoch: 41	train loss: 0.8174142837524414	acc: 0.646	(17.5s)
epoch: 42	train loss: 0.8222339153289795	acc: 0.649	(17.4s)
epoch: 43	train loss: 0.7538366913795471	acc: 0.652	(17.5s)
epoch: 44	train loss: 0.8287810683250427	acc: 0.654	(17.5s)
epoch: 45	train loss: 0.7843775749206543	acc: 0.655	(17.5s)
epoch: 46	train loss: 0.7139924168586731	acc: 0.659	(17.5s)
epoch: 47	train loss: 0.8242346048355103	acc: 0.664	(17.4s)
epoch: 48	train loss: 0.7246369123458862	acc: 0.668	(17.4s)
epoch: 49	train loss: 0.8397964239120483	acc: 0.670	(17.5s)
epoch: 50	train loss: 0.6906487941741943	acc: 0.671	(17.4s)
epoch: 51	train loss: 0.7036485075950623	acc: 0.674	(17.4s)
epoch: 52	train loss: 0.6773001551628113	acc: 0.675	(17.5s)
epoch: 53	train loss: 0.7691189646720886	acc: 0.677	(17.4s)
epoch: 54	train loss: 0.6044120788574219	acc: 0.679	(17.4s)
epoch: 55	train loss: 0.6903378963470459	acc: 0.682	(17.5s)
epoch: 56	train loss: 0.7763429284095764	acc: 0.683	(17.4s)
epoch: 57	train loss: 0.756234884262085	acc: 0.685	(17.4s)
epoch: 58	train loss: 0.7219061851501465	acc: 0.687	(17.5s)
epoch: 59	train loss: 0.6323342323303223	acc: 0.688	(17.4s)
epoch: 60	train loss: 0.6492739319801331	acc: 0.689	(17.5s)
epoch: 61	train loss: 0.6800959706306458	acc: 0.691	(17.5s)
epoch: 62	train loss: 0.6865425109863281	acc: 0.694	(17.4s)
epoch: 63	train loss: 0.7393110990524292	acc: 0.695	(17.5s)
epoch: 64	train loss: 0.7748879194259644	acc: 0.699	(17.4s)
epoch: 65	train loss: 0.7432855367660522	acc: 0.700	(17.4s)
epoch: 66	train loss: 0.6973879933357239	acc: 0.700	(17.5s)
epoch: 67	train loss: 0.59245765209198	acc: 0.703	(17.4s)
epoch: 68	train loss: 0.7064111232757568	acc: 0.704	(17.4s)
epoch: 69	train loss: 0.674506425857544	acc: 0.706	(17.5s)
epoch: 70	train loss: 0.6223938465118408	acc: 0.707	(17.4s)
epoch: 71	train loss: 0.6153688430786133	acc: 0.709	(17.4s)
epoch: 72	train loss: 0.73946213722229	acc: 0.711	(17.5s)
epoch: 73	train loss: 0.6912142634391785	acc: 0.713	(17.4s)
epoch: 74	train loss: 0.605613112449646	acc: 0.714	(17.4s)
epoch: 75	train loss: 0.6854965686798096	acc: 0.716	(17.5s)
epoch: 76	train loss: 0.6442347168922424	acc: 0.718	(17.4s)
epoch: 77	train loss: 0.6438383460044861	acc: 0.720	(17.4s)
epoch: 78	train loss: 0.5854936838150024	acc: 0.721	(17.5s)
epoch: 79	train loss: 0.6061842441558838	acc: 0.723	(17.4s)
epoch: 80	train loss: 0.6322071552276611	acc: 0.725	(17.5s)
epoch: 81	train loss: 0.715203583240509	acc: 0.726	(17.5s)
epoch: 82	train loss: 0.6463865637779236	acc: 0.728	(17.4s)
epoch: 83	train loss: 0.5230279564857483	acc: 0.731	(17.5s)
epoch: 84	train loss: 0.550147533416748	acc: 0.731	(17.4s)
epoch: 85	train loss: 0.6109290719032288	acc: 0.731	(17.4s)
epoch: 86	train loss: 0.6107770204544067	acc: 0.733	(17.5s)
epoch: 87	train loss: 0.6075156927108765	acc: 0.735	(17.4s)
epoch: 88	train loss: 0.6065055131912231	acc: 0.738	(17.4s)
epoch: 89	train loss: 0.6193052530288696	acc: 0.738	(17.5s)
epoch: 90	train loss: 0.6810095310211182	acc: 0.739	(17.4s)
epoch: 91	train loss: 0.5563129186630249	acc: 0.740	(17.4s)
epoch: 92	train loss: 0.5549150109291077	acc: 0.742	(17.5s)
epoch: 93	train loss: 0.555095374584198	acc: 0.742	(17.4s)
epoch: 94	train loss: 0.5691480040550232	acc: 0.742	(17.5s)
epoch: 95	train loss: 0.6164429783821106	acc: 0.745	(17.5s)
epoch: 96	train loss: 0.5523513555526733	acc: 0.746	(17.4s)
epoch: 97	train loss: 0.5154126286506653	acc: 0.747	(17.5s)
epoch: 98	train loss: 0.5829101800918579	acc: 0.748	(17.5s)
epoch: 99	train loss: 0.5331839323043823	acc: 0.748	(17.4s)
epoch: 100	train loss: 0.6027409434318542	acc: 0.748	(17.4s)
epoch: 101	train loss: 0.5920616388320923	acc: 0.751	(17.5s)
epoch: 102	train loss: 0.5645171999931335	acc: 0.752	(17.4s)
epoch: 103	train loss: 0.5115559101104736	acc: 0.753	(17.4s)
epoch: 104	train loss: 0.46052315831184387	acc: 0.753	(17.5s)
epoch: 105	train loss: 0.5585252642631531	acc: 0.755	(17.4s)
epoch: 106	train loss: 0.5140014886856079	acc: 0.756	(17.5s)
epoch: 107	train loss: 0.6043733358383179	acc: 0.757	(17.4s)
epoch: 108	train loss: 0.5404394268989563	acc: 0.758	(17.4s)
epoch: 109	train loss: 0.5338438153266907	acc: 0.760	(17.5s)
epoch: 110	train loss: 0.5511977076530457	acc: 0.761	(17.4s)
epoch: 111	train loss: 0.5836728811264038	acc: 0.763	(17.4s)
epoch: 112	train loss: 0.46730396151542664	acc: 0.763	(17.5s)
epoch: 113	train loss: 0.58890700340271	acc: 0.765	(17.4s)
epoch: 114	train loss: 0.4554763436317444	acc: 0.766	(17.4s)
epoch: 115	train loss: 0.5282823443412781	acc: 0.768	(17.5s)
epoch: 116	train loss: 0.6054416298866272	acc: 0.769	(17.4s)
epoch: 117	train loss: 0.4955454170703888	acc: 0.770	(17.4s)
epoch: 118	train loss: 0.5003658533096313	acc: 0.771	(17.5s)
epoch: 119	train loss: 0.5681633353233337	acc: 0.773	(17.4s)
epoch: 120	train loss: 0.5533580780029297	acc: 0.774	(17.5s)
epoch: 121	train loss: 0.45923033356666565	acc: 0.775	(17.5s)
epoch: 122	train loss: 0.5573554635047913	acc: 0.776	(17.4s)
epoch: 123	train loss: 0.48225080966949463	acc: 0.776	(17.5s)
epoch: 124	train loss: 0.5357475280761719	acc: 0.778	(17.5s)
epoch: 125	train loss: 0.4978087842464447	acc: 0.780	(17.4s)
epoch: 126	train loss: 0.46245357394218445	acc: 0.781	(17.5s)
epoch: 127	train loss: 0.5345097184181213	acc: 0.781	(17.4s)
epoch: 128	train loss: 0.5004130601882935	acc: 0.783	(17.4s)
epoch: 129	train loss: 0.4692782759666443	acc: 0.783	(17.5s)
epoch: 130	train loss: 0.4063969552516937	acc: 0.783	(17.4s)
epoch: 131	train loss: 0.4666334390640259	acc: 0.784	(17.4s)
epoch: 132	train loss: 0.463297039270401	acc: 0.785	(17.5s)
epoch: 133	train loss: 0.43162769079208374	acc: 0.786	(17.4s)
epoch: 134	train loss: 0.4949047565460205	acc: 0.787	(17.4s)
epoch: 135	train loss: 0.5029561519622803	acc: 0.788	(17.5s)
epoch: 136	train loss: 0.4259399175643921	acc: 0.788	(17.4s)
epoch: 137	train loss: 0.4878331422805786	acc: 0.789	(17.5s)
epoch: 138	train loss: 0.3843197822570801	acc: 0.790	(17.4s)
epoch: 139	train loss: 0.5626431107521057	acc: 0.791	(17.5s)
epoch: 140	train loss: 0.51372230052948	acc: 0.791	(17.5s)
epoch: 141	train loss: 0.4692513942718506	acc: 0.791	(17.4s)
epoch: 142	train loss: 0.5118139982223511	acc: 0.792	(17.4s)
epoch: 143	train loss: 0.5446013808250427	acc: 0.794	(17.5s)
epoch: 144	train loss: 0.4889397919178009	acc: 0.793	(17.4s)
epoch: 145	train loss: 0.4865097999572754	acc: 0.795	(17.4s)
epoch: 146	train loss: 0.5132442116737366	acc: 0.794	(17.5s)
epoch: 147	train loss: 0.4566291868686676	acc: 0.795	(17.4s)
epoch: 148	train loss: 0.5018408894538879	acc: 0.795	(17.5s)
epoch: 149	train loss: 0.5708040595054626	acc: 0.796	(17.4s)
epoch: 150	train loss: 0.47615960240364075	acc: 0.797	(17.4s)
epoch: 151	train loss: 0.44012153148651123	acc: 0.797	(17.6s)
epoch: 152	train loss: 0.42521050572395325	acc: 0.798	(17.4s)
epoch: 153	train loss: 0.4877356290817261	acc: 0.799	(17.4s)
epoch: 154	train loss: 0.5133246183395386	acc: 0.798	(17.5s)
epoch: 155	train loss: 0.40600430965423584	acc: 0.800	(17.4s)
epoch: 156	train loss: 0.4277365803718567	acc: 0.800	(17.5s)
epoch: 157	train loss: 0.4590233862400055	acc: 0.801	(17.5s)
epoch: 158	train loss: 0.4434991478919983	acc: 0.801	(17.4s)
epoch: 159	train loss: 0.4160008132457733	acc: 0.801	(17.5s)
epoch: 160	train loss: 0.48040255904197693	acc: 0.802	(17.4s)
epoch: 161	train loss: 0.43772345781326294	acc: 0.802	(17.4s)
epoch: 162	train loss: 0.4386853873729706	acc: 0.803	(17.5s)
epoch: 163	train loss: 0.5441688299179077	acc: 0.803	(17.4s)
epoch: 164	train loss: 0.409237265586853	acc: 0.803	(17.5s)
epoch: 165	train loss: 0.3647104501724243	acc: 0.804	(17.5s)
epoch: 166	train loss: 0.38131168484687805	acc: 0.804	(17.4s)
epoch: 167	train loss: 0.4856826066970825	acc: 0.805	(17.5s)
epoch: 168	train loss: 0.4454796016216278	acc: 0.806	(17.5s)
epoch: 169	train loss: 0.5004265904426575	acc: 0.805	(17.4s)
epoch: 170	train loss: 0.4190172553062439	acc: 0.807	(17.6s)
epoch: 171	train loss: 0.42710188031196594	acc: 0.807	(17.4s)
epoch: 172	train loss: 0.4154417812824249	acc: 0.806	(17.4s)
epoch: 173	train loss: 0.5627544522285461	acc: 0.809	(17.6s)
epoch: 174	train loss: 0.5319588780403137	acc: 0.808	(17.4s)
epoch: 175	train loss: 0.32800763845443726	acc: 0.809	(17.5s)
epoch: 176	train loss: 0.48424673080444336	acc: 0.808	(17.5s)
epoch: 177	train loss: 0.43832364678382874	acc: 0.811	(17.4s)
epoch: 178	train loss: 0.4881635308265686	acc: 0.810	(17.5s)
epoch: 179	train loss: 0.4629225730895996	acc: 0.811	(17.5s)
epoch: 180	train loss: 0.4719151556491852	acc: 0.812	(17.4s)
epoch: 181	train loss: 0.4664396345615387	acc: 0.812	(17.6s)
epoch: 182	train loss: 0.42720159888267517	acc: 0.811	(17.4s)
epoch: 183	train loss: 0.42305269837379456	acc: 0.812	(17.4s)
epoch: 184	train loss: 0.5070831179618835	acc: 0.813	(17.5s)
epoch: 185	train loss: 0.3819967806339264	acc: 0.814	(17.4s)
epoch: 186	train loss: 0.3870601952075958	acc: 0.814	(17.5s)
epoch: 187	train loss: 0.40778499841690063	acc: 0.814	(17.4s)
epoch: 188	train loss: 0.3692258894443512	acc: 0.815	(17.4s)
epoch: 189	train loss: 0.38807737827301025	acc: 0.814	(17.6s)
epoch: 190	train loss: 0.36821305751800537	acc: 0.816	(17.4s)
epoch: 191	train loss: 0.40575939416885376	acc: 0.816	(17.4s)
epoch: 192	train loss: 0.39957788586616516	acc: 0.817	(17.5s)
epoch: 193	train loss: 0.3830437958240509	acc: 0.817	(17.4s)
epoch: 194	train loss: 0.4101574420928955	acc: 0.817	(17.5s)
epoch: 195	train loss: 0.33063071966171265	acc: 0.818	(17.5s)
epoch: 196	train loss: 0.397381454706192	acc: 0.819	(17.5s)
epoch: 197	train loss: 0.4912910759449005	acc: 0.818	(17.5s)
epoch: 198	train loss: 0.3642663061618805	acc: 0.818	(17.4s)
epoch: 199	train loss: 0.3807745575904846	acc: 0.819	(17.4s)
epoch: 200	train loss: 0.34841859340667725	acc: 0.822	(17.5s)
epoch: 201	train loss: 0.37203019857406616	acc: 0.820	(17.4s)
epoch: 202	train loss: 0.5434880256652832	acc: 0.820	(17.4s)
epoch: 203	train loss: 0.4558081328868866	acc: 0.822	(17.5s)
epoch: 204	train loss: 0.4111045002937317	acc: 0.822	(17.4s)
epoch: 205	train loss: 0.44476553797721863	acc: 0.821	(17.5s)
epoch: 206	train loss: 0.33258694410324097	acc: 0.822	(17.5s)
epoch: 207	train loss: 0.4075469672679901	acc: 0.821	(17.4s)
epoch: 208	train loss: 0.4104726016521454	acc: 0.822	(17.5s)
epoch: 209	train loss: 0.35216963291168213	acc: 0.823	(17.4s)
epoch: 210	train loss: 0.39920949935913086	acc: 0.824	(17.4s)
epoch: 211	train loss: 0.4263417720794678	acc: 0.823	(17.6s)
epoch: 212	train loss: 0.3752584159374237	acc: 0.825	(17.4s)
epoch: 213	train loss: 0.39753401279449463	acc: 0.824	(17.5s)
epoch: 214	train loss: 0.4216723144054413	acc: 0.825	(17.5s)
epoch: 215	train loss: 0.4131043255329132	acc: 0.824	(17.4s)
epoch: 216	train loss: 0.4008326828479767	acc: 0.825	(17.5s)
epoch: 217	train loss: 0.3519226610660553	acc: 0.825	(17.5s)
epoch: 218	train loss: 0.4050126075744629	acc: 0.826	(17.4s)
epoch: 219	train loss: 0.3631279170513153	acc: 0.826	(17.6s)
epoch: 220	train loss: 0.47734153270721436	acc: 0.826	(17.5s)
epoch: 221	train loss: 0.3160107731819153	acc: 0.827	(17.4s)
epoch: 222	train loss: 0.31808891892433167	acc: 0.828	(17.5s)
epoch: 223	train loss: 0.4101933538913727	acc: 0.827	(17.4s)
epoch: 224	train loss: 0.46186593174934387	acc: 0.828	(17.4s)
epoch: 225	train loss: 0.3157167136669159	acc: 0.828	(17.5s)
epoch: 226	train loss: 0.4127448797225952	acc: 0.828	(17.4s)
epoch: 227	train loss: 0.34046974778175354	acc: 0.829	(17.4s)
epoch: 228	train loss: 0.41630813479423523	acc: 0.830	(17.5s)
epoch: 229	train loss: 0.42951861023902893	acc: 0.829	(17.4s)
epoch: 230	train loss: 0.40671369433403015	acc: 0.830	(17.4s)
epoch: 231	train loss: 0.3794712722301483	acc: 0.830	(17.4s)
epoch: 232	train loss: 0.3479241132736206	acc: 0.831	(17.3s)
epoch: 233	train loss: 0.37156376242637634	acc: 0.830	(17.5s)
epoch: 234	train loss: 0.3967686593532562	acc: 0.831	(17.4s)
epoch: 235	train loss: 0.4402906596660614	acc: 0.831	(17.3s)
epoch: 236	train loss: 0.3935089111328125	acc: 0.832	(17.4s)
epoch: 237	train loss: 0.3494667708873749	acc: 0.831	(17.4s)
epoch: 238	train loss: 0.35947009921073914	acc: 0.832	(17.4s)
epoch: 239	train loss: 0.2684980034828186	acc: 0.833	(17.5s)
epoch: 240	train loss: 0.31933555006980896	acc: 0.833	(17.4s)
epoch: 241	train loss: 0.3453032374382019	acc: 0.834	(17.3s)
epoch: 242	train loss: 0.3403397798538208	acc: 0.834	(17.5s)
epoch: 243	train loss: 0.37313586473464966	acc: 0.833	(17.4s)
epoch: 244	train loss: 0.34919273853302	acc: 0.835	(17.4s)
epoch: 245	train loss: 0.37403634190559387	acc: 0.834	(17.4s)
epoch: 246	train loss: 0.4678853750228882	acc: 0.834	(17.4s)
epoch: 247	train loss: 0.3831579387187958	acc: 0.835	(17.4s)
epoch: 248	train loss: 0.45522063970565796	acc: 0.835	(17.5s)
epoch: 249	train loss: 0.4807402193546295	acc: 0.835	(17.3s)
epoch: 250	train loss: 0.3744600713253021	acc: 0.836	(17.4s)
epoch: 251	train loss: 0.365352600812912	acc: 0.836	(17.5s)
epoch: 252	train loss: 0.41103461384773254	acc: 0.836	(17.3s)
epoch: 253	train loss: 0.44472217559814453	acc: 0.837	(17.4s)
epoch: 254	train loss: 0.5392091274261475	acc: 0.838	(17.5s)
epoch: 255	train loss: 0.34269630908966064	acc: 0.838	(17.4s)
epoch: 256	train loss: 0.38691452145576477	acc: 0.837	(17.4s)
epoch: 257	train loss: 0.38075098395347595	acc: 0.838	(17.5s)
epoch: 258	train loss: 0.372273713350296	acc: 0.837	(17.4s)
epoch: 259	train loss: 0.3606928884983063	acc: 0.838	(17.4s)
epoch: 260	train loss: 0.37919819355010986	acc: 0.839	(17.4s)
epoch: 261	train loss: 0.4361526370048523	acc: 0.839	(17.4s)
epoch: 262	train loss: 0.36113378405570984	acc: 0.839	(17.4s)
epoch: 263	train loss: 0.4259507358074188	acc: 0.839	(17.4s)
epoch: 264	train loss: 0.3507693111896515	acc: 0.840	(17.3s)
epoch: 265	train loss: 0.43550723791122437	acc: 0.840	(17.5s)
epoch: 266	train loss: 0.33734503388404846	acc: 0.840	(17.4s)
epoch: 267	train loss: 0.35113242268562317	acc: 0.840	(17.4s)
epoch: 268	train loss: 0.38620713353157043	acc: 0.842	(17.4s)
epoch: 269	train loss: 0.38713309168815613	acc: 0.841	(17.4s)
epoch: 270	train loss: 0.3302484452724457	acc: 0.842	(17.4s)
epoch: 271	train loss: 0.3630124032497406	acc: 0.842	(17.5s)
epoch: 272	train loss: 0.33721014857292175	acc: 0.843	(17.4s)
epoch: 273	train loss: 0.44076162576675415	acc: 0.842	(17.4s)
epoch: 274	train loss: 0.396080881357193	acc: 0.843	(17.5s)
epoch: 275	train loss: 0.3654792308807373	acc: 0.842	(17.4s)
epoch: 276	train loss: 0.40725982189178467	acc: 0.843	(17.3s)
epoch: 277	train loss: 0.33956900238990784	acc: 0.843	(17.5s)
epoch: 278	train loss: 0.3687155544757843	acc: 0.843	(17.3s)
epoch: 279	train loss: 0.3853330910205841	acc: 0.844	(17.4s)
epoch: 280	train loss: 0.34348738193511963	acc: 0.843	(17.5s)
epoch: 281	train loss: 0.29483553767204285	acc: 0.845	(17.4s)
epoch: 282	train loss: 0.3519938886165619	acc: 0.844	(17.3s)
epoch: 283	train loss: 0.38808929920196533	acc: 0.845	(17.5s)
epoch: 284	train loss: 0.4223605692386627	acc: 0.845	(17.4s)
epoch: 285	train loss: 0.2547084093093872	acc: 0.846	(17.4s)
epoch: 286	train loss: 0.30700066685676575	acc: 0.845	(17.4s)
epoch: 287	train loss: 0.35137537121772766	acc: 0.847	(17.3s)
epoch: 288	train loss: 0.36666139960289	acc: 0.846	(17.4s)
epoch: 289	train loss: 0.3361087143421173	acc: 0.846	(17.5s)
epoch: 290	train loss: 0.4398893117904663	acc: 0.846	(17.3s)
epoch: 291	train loss: 0.3586483895778656	acc: 0.847	(17.4s)
epoch: 292	train loss: 0.4048269987106323	acc: 0.847	(17.4s)
epoch: 293	train loss: 0.33692073822021484	acc: 0.847	(17.4s)
epoch: 294	train loss: 0.33064699172973633	acc: 0.848	(17.4s)
epoch: 295	train loss: 0.2864798605442047	acc: 0.848	(17.5s)
epoch: 296	train loss: 0.3445517122745514	acc: 0.846	(17.3s)
epoch: 297	train loss: 0.3314969539642334	acc: 0.847	(17.4s)
epoch: 298	train loss: 0.39609062671661377	acc: 0.849	(17.5s)
epoch: 299	train loss: 0.42497482895851135	acc: 0.848	(17.4s)
epoch: 300	train loss: 0.33931559324264526	acc: 0.849	(17.5s)
epoch: 301	train loss: 0.38385480642318726	acc: 0.849	(17.4s)
epoch: 302	train loss: 0.3225856125354767	acc: 0.849	(17.4s)
epoch: 303	train loss: 0.40074729919433594	acc: 0.849	(17.5s)
epoch: 304	train loss: 0.36644572019577026	acc: 0.849	(17.4s)
epoch: 305	train loss: 0.4239051640033722	acc: 0.849	(17.4s)
epoch: 306	train loss: 0.40350598096847534	acc: 0.849	(17.5s)
epoch: 307	train loss: 0.360429584980011	acc: 0.849	(17.4s)
epoch: 308	train loss: 0.31058692932128906	acc: 0.850	(17.3s)
epoch: 309	train loss: 0.29572466015815735	acc: 0.850	(17.5s)
epoch: 310	train loss: 0.3132617771625519	acc: 0.850	(17.4s)
epoch: 311	train loss: 0.3421112895011902	acc: 0.851	(17.4s)
epoch: 312	train loss: 0.31109818816185	acc: 0.851	(17.4s)
epoch: 313	train loss: 0.38879698514938354	acc: 0.850	(17.4s)
epoch: 314	train loss: 0.3381142020225525	acc: 0.851	(17.4s)
epoch: 315	train loss: 0.3532896637916565	acc: 0.851	(17.5s)
epoch: 316	train loss: 0.3127272427082062	acc: 0.851	(17.4s)
epoch: 317	train loss: 0.2867524325847626	acc: 0.851	(17.4s)
epoch: 318	train loss: 0.3364550471305847	acc: 0.851	(17.5s)
epoch: 319	train loss: 0.33463647961616516	acc: 0.852	(17.3s)
epoch: 320	train loss: 0.3901088237762451	acc: 0.852	(17.4s)
epoch: 321	train loss: 0.39028388261795044	acc: 0.853	(17.5s)
epoch: 322	train loss: 0.36986035108566284	acc: 0.853	(17.4s)
epoch: 323	train loss: 0.30408668518066406	acc: 0.853	(17.4s)
epoch: 324	train loss: 0.37955039739608765	acc: 0.854	(17.5s)
epoch: 325	train loss: 0.405148446559906	acc: 0.853	(17.3s)
epoch: 326	train loss: 0.29141196608543396	acc: 0.853	(17.4s)
epoch: 327	train loss: 0.30947285890579224	acc: 0.853	(17.5s)
epoch: 328	train loss: 0.3552292287349701	acc: 0.854	(17.4s)
epoch: 329	train loss: 0.277616411447525	acc: 0.854	(17.4s)
epoch: 330	train loss: 0.3701774477958679	acc: 0.854	(17.5s)
epoch: 331	train loss: 0.3318009376525879	acc: 0.853	(17.4s)
epoch: 332	train loss: 0.3202015459537506	acc: 0.854	(17.4s)
epoch: 333	train loss: 0.3671155273914337	acc: 0.855	(17.4s)
epoch: 334	train loss: 0.2792457342147827	acc: 0.855	(17.3s)
epoch: 335	train loss: 0.3820880353450775	acc: 0.856	(17.4s)
epoch: 336	train loss: 0.3274603486061096	acc: 0.854	(17.4s)
epoch: 337	train loss: 0.34103119373321533	acc: 0.855	(17.3s)
epoch: 338	train loss: 0.4060926139354706	acc: 0.856	(17.5s)
epoch: 339	train loss: 0.3316461741924286	acc: 0.856	(17.4s)
epoch: 340	train loss: 0.35366782546043396	acc: 0.855	(17.4s)
epoch: 341	train loss: 0.29648277163505554	acc: 0.856	(17.5s)
epoch: 342	train loss: 0.3491986393928528	acc: 0.856	(17.4s)
epoch: 343	train loss: 0.3149747848510742	acc: 0.857	(17.3s)
epoch: 344	train loss: 0.2986907958984375	acc: 0.857	(17.5s)
epoch: 345	train loss: 0.3665371239185333	acc: 0.857	(17.4s)
epoch: 346	train loss: 0.3287389874458313	acc: 0.857	(17.4s)
epoch: 347	train loss: 0.3658984303474426	acc: 0.857	(17.5s)
epoch: 348	train loss: 0.27481088042259216	acc: 0.858	(17.4s)
epoch: 349	train loss: 0.35976579785346985	acc: 0.857	(17.4s)
epoch: 350	train loss: 0.34696903824806213	acc: 0.858	(17.5s)
epoch: 351	train loss: 0.386920303106308	acc: 0.858	(17.4s)
epoch: 352	train loss: 0.2969498336315155	acc: 0.858	(17.4s)
epoch: 353	train loss: 0.32836654782295227	acc: 0.859	(17.5s)
epoch: 354	train loss: 0.32954201102256775	acc: 0.859	(17.4s)
epoch: 355	train loss: 0.4104222357273102	acc: 0.859	(17.4s)
epoch: 356	train loss: 0.27893131971359253	acc: 0.858	(17.5s)
epoch: 357	train loss: 0.33502182364463806	acc: 0.859	(17.4s)
epoch: 358	train loss: 0.31485044956207275	acc: 0.860	(17.4s)
epoch: 359	train loss: 0.31692975759506226	acc: 0.860	(17.5s)
epoch: 360	train loss: 0.2713625729084015	acc: 0.859	(17.3s)
epoch: 361	train loss: 0.36133575439453125	acc: 0.860	(17.4s)
epoch: 362	train loss: 0.28450995683670044	acc: 0.861	(17.5s)
epoch: 363	train loss: 0.33731168508529663	acc: 0.861	(17.4s)
epoch: 364	train loss: 0.2994774281978607	acc: 0.861	(17.4s)
epoch: 365	train loss: 0.3717445433139801	acc: 0.862	(17.5s)
epoch: 366	train loss: 0.34314700961112976	acc: 0.860	(17.4s)
epoch: 367	train loss: 0.30249133706092834	acc: 0.862	(17.5s)
epoch: 368	train loss: 0.3255288600921631	acc: 0.861	(17.4s)
epoch: 369	train loss: 0.3076680600643158	acc: 0.862	(17.4s)
epoch: 370	train loss: 0.3353404104709625	acc: 0.861	(17.4s)
epoch: 371	train loss: 0.24723024666309357	acc: 0.861	(17.4s)
slurmstepd: error: *** JOB 360518 ON sablab-gpu-04 CANCELLED AT 2022-01-06T16:34:00 DUE TO PREEMPTION ***
